

Starting Toontown Online...
Current time: Tue Mar  3 00:31:13 2020 Eastern Standard Time
sys.path =  ['', 'C:\\Panda3D-1.11.0-x64\\python\\python27.zip', 'C:\\Panda3D-1.11.0-x64', 'C:\\Panda3D-1.11.0-x64\\python\\DLLs', 'C:\\Panda3D-1.11.0-x64\\python\\lib', 'C:\\Panda3D-1.11.0-x64\\python\\lib\\plat-win', 'C:\\Panda3D-1.11.0-x64\\python\\lib\\lib-tk', 'C:\\Panda3D-1.11.0-x64\\python', 'C:\\Panda3D-1.11.0-x64\\bin', 'C:\\Panda3D-1.11.0-x64\\python\\lib\\site-packages']
sys.argv =  ['D:\\hollybae\\Aly\\Toontown-School-House\\toontown\\launcher\\TTOffQuickStartLauncher.py']
generating standard configrc
os.environ =  {'TMP': 'C:\\Users\\holla\\AppData\\Local\\Temp', 'COMPUTERNAME': 'HOLLYBAES-PC', 'USERDOMAIN': 'HOLLYBAES-PC', 'INTEL_DEV_REDIST': 'C:\\Program Files (x86)\\Common Files\\Intel\\Shared Libraries\\', 'PSMODULEPATH': 'C:\\Program Files\\WindowsPowerShell\\Modules;C:\\WINDOWS\\system32\\WindowsPowerShell\\v1.0\\Modules', 'COMMONPROGRAMFILES': 'C:\\Program Files\\Common Files', 'PROCESSOR_IDENTIFIER': 'Intel64 Family 6 Model 158 Stepping 10, GenuineIntel', 'VBOX_MSI_INSTALL_PATH': 'C:\\Program Files\\Oracle\\VirtualBox\\', 'PROGRAMFILES': 'C:\\Program Files', 'PROCESSOR_REVISION': '9e0a', 'PATH': 'C:\\Panda3D-1.11.0-x64\\panda3d\\..\\bin;C:\\Program Files (x86)\\Razer\\ChromaBroadcast\\bin;C:\\Program Files\\Razer\\ChromaBroadcast\\bin;C:\\Program Files (x86)\\Common Files\\Intel\\Shared Libraries\\redist\\intel64_win\\compiler;C:\\Program Files (x86)\\Common Files\\Oracle\\Java\\javapath;C:\\Program Files (x86)\\Common Files\\Intel\\Shared Libraries\\redist\\intel64\\compiler;C:\\WINDOWS\\system32;C:\\WINDOWS;C:\\WINDOWS\\System32\\Wbem;C:\\WINDOWS\\System32\\WindowsPowerShell\\v1.0\\;C:\\WINDOWS\\System32\\OpenSSH\\;C:\\Program Files\\NVIDIA Corporation\\NVIDIA NGX;C:\\Program Files (x86)\\NVIDIA Corporation\\PhysX\\Common;C:\\Program Files\\NVIDIA Corporation\\NVIDIA NvDLISR;C:\\WINDOWS\\system32;C:\\WINDOWS;C:\\WINDOWS\\System32\\Wbem;C:\\WINDOWS\\System32\\WindowsPowerShell\\v1.0\\;C:\\WINDOWS\\System32\\OpenSSH\\;D:\\hollybae\\ffmpeg-4.1.3-win64-static\\ffmpeg-4.1.3-win64-static\\bin;C:\\Program Files\\dotnet\\;C:\\WINDOWS\\system32\\config\\systemprofile\\AppData\\Local\\Microsoft\\WindowsApps;C:\\Program Files (x86)\\QuickTime\\QTSystem\\;C:\\Users\\holla\\AppData\\Local\\Microsoft\\WindowsApps;C:\\Panda3D-1.10.4.1-x64\\python;C:\\Panda3D-1.10.4.1-x64\\python\\Scripts;C:\\Panda3D-1.10.4.1-x64\\bin;C:\\Panda3D-1.11.0-x64\\python;C:\\Panda3D-1.11.0-x64\\python\\Scripts;C:\\Panda3D-1.11.0-x64\\bin', 'SYSTEMROOT': 'C:\\WINDOWS', 'MIC_LD_LIBRARY_PATH': 'C:\\Program Files (x86)\\Common Files\\Intel\\Shared Libraries\\compiler\\lib\\intel64_win_mic', 'COMSPEC': 'C:\\WINDOWS\\system32\\cmd.exe', 'DRIVERDATA': 'C:\\Windows\\System32\\Drivers\\DriverData', 'PPYTHON_PATH': '"C:\\Panda3D-1.11.0-x64\\python\\ppython.exe"', 'TEMP': 'C:\\Users\\holla\\AppData\\Local\\Temp', 'COMMONPROGRAMFILES(X86)': 'C:\\Program Files (x86)\\Common Files', 'PROCESSOR_ARCHITECTURE': 'AMD64', 'PROGRAMFILES(X86)': 'C:\\Program Files (x86)', 'ALLUSERSPROFILE': 'C:\\ProgramData', 'LOCALAPPDATA': 'C:\\Users\\holla\\AppData\\Local', 'FPS_BROWSER_USER_PROFILE_STRING': 'Default', 'HOMEPATH': '\\Users\\holla', 'USERDOMAIN_ROAMINGPROFILE': 'HOLLYBAES-PC', 'PROGRAMW6432': 'C:\\Program Files', 'USERNAME': 'holla', 'LOGONSERVER': '\\\\HOLLYBAES-PC', 'PROMPT': '$P$G', 'SESSIONNAME': 'Console', 'PROGRAMDATA': 'C:\\ProgramData', 'ONEDRIVE': 'C:\\Users\\holla\\OneDrive - University of Guelph', 'FPS_BROWSER_APP_PROFILE_STRING': 'Internet Explorer', 'PATHEXT': '.COM;.EXE;.BAT;.CMD;.VBS;.VBE;.JS;.JSE;.WSF;.WSH;.MSC', 'TTOFF_LOGIN_TOKEN': 'dev', 'ONEDRIVECOMMERCIAL': 'C:\\Users\\holla\\OneDrive - University of Guelph', 'WINDIR': 'C:\\WINDOWS', 'APPDATA': 'C:\\Users\\holla\\AppData\\Roaming', 'HOMEDRIVE': 'C:', 'SYSTEMDRIVE': 'C:', 'NUMBER_OF_PROCESSORS': '12', 'PROCESSOR_LEVEL': '6', 'RG_GPU_FRAMEWORK_ENGINE_RESOURCEDIR': 'C:\\Program Files\\Red Giant\\RGFX', 'COMMONPROGRAMW6432': 'C:\\Program Files\\Common Files', 'OS': 'Windows_NT', 'PUBLIC': 'C:\\Users\\Public', 'USERPROFILE': 'C:\\Users\\holla'}
:03-03-2020 00:31:13 TTOffLauncher: isTestServer: 0
:03-03-2020 00:31:13 TTOffLauncher: Game Server 127.0.0.1
:03-03-2020 00:31:13 TTOffLauncher: Starting Toontown Online... 
:03-03-2020 00:31:13 TTOffLauncher: foreground: Launcher now operating in foreground
useTTOffSpecificLogin=True
:03-03-2020 00:31:13 TTOffLauncher: maybeStartGame: starting game
:03-03-2020 00:31:13 TTOffLauncher: Starting Toontown Online...
:03-03-2020 00:31:13 TTOffLauncher: background: Launcher now operating in background
ToontownStart: Polling for game2 to finish...
ToontownStart: Game2 is finished.
ToontownStart: Starting the game.
ToontownStart: setting default font
:03-03-2020 00:31:13 TTOffLauncher: setting panda error code to 7
Known pipe types:
  wglGraphicsPipe
(all display modules loaded.)
:03-03-2020 00:31:13 ToonBase: Default graphics pipe is wglGraphicsPipe (OpenGL).
:03-03-2020 00:31:14 ToonBase: Successfully opened window of type wglGraphicsWindow (OpenGL)
:03-03-2020 00:31:14 ShowBase: __dev__ == False
:03-03-2020 00:31:14 TTOffLauncher: setting panda error code to 11
:03-03-2020 00:31:14 TTOffLauncher: setting panda error code to 0
ToontownStart: Loading default gui sounds
ToontownStart: serverVersion:  tto-dev
:03-03-2020 00:31:14 Loader: starting bulk load of block 'init'
:03-03-2020 00:31:22 :nativenet(error): Buffered_DatagramConnection Constructor rbufsize = 4096000 wbufsize = 4096000 write_flush_point = 1400
:03-03-2020 00:31:22 OTPClientRepository: Using connect method 'http'
:03-03-2020 00:31:28 TTOffLauncher: getRegistry ('DEPLOYMENT', None)
:03-03-2020 00:31:28 TTOffLauncher: checking env
:03-03-2020 00:31:28 TTOffLauncher: getRegistry ('GAME_DEPLOYMENT', None)
:03-03-2020 00:31:28 TTOffLauncher: checking env
:03-03-2020 00:31:28 OTPClientRepository: reg_deployment=
:03-03-2020 00:31:28 OTPClientRepository: required-login auto.
:03-03-2020 00:31:28 OTPClientRepository: loginInterface: LoginTTOffAccount
:03-03-2020 00:31:28 TTOffLauncher: getNeedPwForSecretKey using ttoff-specific-login
:03-03-2020 00:31:28 Loader: At end of block 'init', expected 138, loaded 12, duration=13.476842
:03-03-2020 00:31:28 OTPClientRepository: Connecting to gameserver directly (no proxy).
:03-03-2020 00:31:28 OTPClientRepository: Connecting to //127.0.0.1:7198 via HTTP interface.
:03-03-2020 00:31:28 TTOffLauncher: Stopping mini task manager.
:03-03-2020 00:31:28 OTPClientRepository: Successfully connected to //127.0.0.1:7198.
:03-03-2020 00:31:28 TTOffLauncher: Setting Disconnect Details normal
{401000001: <toontown.distributed.ToontownDistrict.ToontownDistrict instance at 0x000000001D5F67C8>}
:03-03-2020 00:31:29 StateData: AvatarChooser.enter
:03-03-2020 00:31:29 DisplayOptions: settingsFullScreen = False, embedded = False width=800 height=600
:03-03-2020 00:31:29 StateData: calling self.displayOptions.restrictToEmbedded(False)
:03-03-2020 00:31:58 OTPClientRepository: ================
:03-03-2020 00:31:58 OTPClientRepository: Chose avatar id: 100000014
:03-03-2020 00:31:58 OTPClientRepository: Chose avatar name: Hollybae
:03-03-2020 00:31:58 OTPClientRepository: Chose avatar dna: ('css', 'ms', 'm', 'm', 16, 0, 16, 16, 113, 27, 18, 27, 7, 21)
:03-03-2020 00:31:58 OTPClientRepository: Chose avatar position: 5
:03-03-2020 00:31:58 OTPClientRepository: isPaid: 1
:03-03-2020 00:31:58 OTPClientRepository: freeTimeLeft: 0
:03-03-2020 00:31:58 OTPClientRepository: allowSecretChat: True
:03-03-2020 00:31:58 OTPClientRepository: ================
:03-03-2020 00:31:58 Loader: starting bulk load of block 'localAvatarPlayGame'
:03-03-2020 00:31:59 ToontownTimeManager(warning): error parsing date string=
local
:03-03-2020 00:32:00 NewsPageButtonManager(warning): Should not get here. NewsPageButtonManager.exitOff
:03-03-2020 00:32:00 :pnmimage:png(warning): iCCP: known incorrect sRGB profile
:03-03-2020 00:32:02 OTPClientRepository: Entering shard 401000001
:03-03-2020 00:32:02 StreetSign: Street sign url is https://ttoffline.com/images/
:03-03-2020 00:32:03 StreetSign: Street Sign is up to date
:03-03-2020 00:32:03 TimeManager: Clock sync: TimeManager.announceGenerate
:03-03-2020 00:32:03 NewsManager: setHolidayId: Starting Holiday 14
:03-03-2020 00:32:03 InGameNewsMgr: latestIssue=2013-08-22 16:49:46.000003-07:00
cpu info: GenuineIntel|Intel(R) Core(TM) i7-8700K CPU @ 3.70GHz|591594|0|3.701,3.701|6,12 cpus
:03-03-2020 00:32:06 OTPClientRepository: No sync from TimeManager.
:03-03-2020 00:32:06 OTPClientRepository: gotTimeSync
:03-03-2020 00:32:06 Loader: At end of block 'localAvatarPlayGame', expected 400, loaded 19, duration=7.3487678
:03-03-2020 00:32:06 TimeManager: Clock sync roundtrip took 2162.482 ms
:03-03-2020 00:32:06 TimeManager: AI time delta is -0:03 from server delta
:03-03-2020 00:32:06 TimeManager: Local clock uncertainty +/- 1.082 s
:03-03-2020 00:32:06 TimeManager: Uncertainty is too high, trying again.
:03-03-2020 00:32:06 PlayGame: QA-REGRESSION: NEIGHBORHOODS: Visit Lawbot HQ
:03-03-2020 00:32:06 Loader: starting bulk load of block 'hood'
:03-03-2020 00:32:07 LawbotCogHQLoader: loadPlaceGeom: 13000
:03-03-2020 00:32:08 OTPClientRepository: Sending heartbeat mid-frame.
:03-03-2020 00:32:08 TimeManager: Clock sync roundtrip took 2361.120 ms
:03-03-2020 00:32:08 TimeManager: AI time delta is -0:02 from server delta
:03-03-2020 00:32:08 ClockDelta: previous delta at 0.688 s, +/- 1.082 s.
:03-03-2020 00:32:08 ClockDelta: new delta at 0.732 s, +/- 1.181 s.
:03-03-2020 00:32:08 ClockDelta: intersection at 0.688 s, +/- 1.082 s.
:03-03-2020 00:32:08 TimeManager: Local clock uncertainty +/- 1.083 s
:03-03-2020 00:32:08 TimeManager: Uncertainty is too high, trying again.
:03-03-2020 00:32:08 DistributedObject: DistributedSuitPlanner 401002972: generating
:03-03-2020 00:32:08 DistributedToon: calling LocalAvatar.startchat
:03-03-2020 00:32:08 :loader(error): Couldn't load file phase_4/models/questmap/cog_hq_lawbot_maps.bam: not found on model path (currently: "/;/d/hollybae/Aly/Toontown-School-House/toontown/launcher;/c/Panda3D-1.11.0-x64/etc/..;/c/Panda3D-1.11.0-x64/etc/../models")
:03-03-2020 00:32:08 Loader: At end of block 'hood', expected 2, loaded 12, duration=2.5772268
:03-03-2020 00:32:08 TimeManager: Clock sync roundtrip took 215.033 ms
:03-03-2020 00:32:08 TimeManager: AI time delta is -0:00 from server delta
:03-03-2020 00:32:08 ClockDelta: previous delta at 0.688 s, +/- 1.083 s.
:03-03-2020 00:32:08 ClockDelta: new delta at -0.288 s, +/- 0.108 s.
:03-03-2020 00:32:08 ClockDelta: intersection at -0.287 s, +/- 0.107 s.
:03-03-2020 00:32:08 TimeManager: Local clock uncertainty +/- 0.107 s
:03-03-2020 00:32:10 Teleport(debug): teleportInDone: walk
:03-03-2020 00:32:10 :loader(error): Couldn't load file phase_4/models/questmap/cog_hq_lawbot_maps.bam: not found on model path (currently: "/;/d/hollybae/Aly/Toontown-School-House/toontown/launcher;/c/Panda3D-1.11.0-x64/etc/..;/c/Panda3D-1.11.0-x64/etc/../models")
:03-03-2020 00:32:11 TTOffMagicWordManager: Run mode has been toggled.
:03-03-2020 00:32:15 LawbotCogHQLoader: loadPlaceGeom: 13100
:03-03-2020 00:32:15 LawbotCogHQLoader: QA-REGRESSION: COGHQ: Visit LawbotLobby
:03-03-2020 00:32:16 LawbotHQExterior: Unloading Place (13000). Fsm in final
local
:03-03-2020 00:32:16 DistributedObject: DistributedSuitPlanner 401002972: disabling
:03-03-2020 00:32:16 DistributedToon: calling LocalAvatar.startchat
:03-03-2020 00:32:16 :loader(error): Couldn't load file phase_4/models/questmap/cog_hq_lawbot_maps.bam: not found on model path (currently: "/;/d/hollybae/Aly/Toontown-School-House/toontown/launcher;/c/Panda3D-1.11.0-x64/etc/..;/c/Panda3D-1.11.0-x64/etc/../models")
:03-03-2020 00:32:17 :loader(error): Couldn't load file phase_4/models/questmap/cog_hq_lawbot_maps.bam: not found on model path (currently: "/;/d/hollybae/Aly/Toontown-School-House/toontown/launcher;/c/Panda3D-1.11.0-x64/etc/..;/c/Panda3D-1.11.0-x64/etc/../models")
:03-03-2020 00:32:26 TTOffMagicWordManager: Run mode has been toggled.
:03-03-2020 00:32:27 TTOffMagicWordManager: Presto!
:03-03-2020 00:32:29 TTOffMagicWordManager: You can only specify between 0 and 99 pies.
:03-03-2020 00:32:30 LawbotCogHQLoader: loadPlaceGeom: 61000
:03-03-2020 00:32:30 LawbotCogHQLoader(warning): loadPlaceGeom: unclassified zone 61000
:03-03-2020 00:32:30 CogHQLobby: Unloading Place (13100). Fsm in final
:03-03-2020 00:32:30 DistributedLawbotBoss(warning): Not a collision node: LawbotCourtroom3.egg/-PandaNode/CR3/interior/CR3_Floor
:03-03-2020 00:32:30 DistributedToon: calling LocalAvatar.startchat
:03-03-2020 00:32:30 LawbotHQBossBattle(warning): fsm.request('movie') returned 0 (zone id 61000, avatar pos LPoint3f(-0.363562, -126.204, 0.193903)).
:03-03-2020 00:32:32 TTOffMagicWordManager: Gave Hollybae an infinite amount of pies
:03-03-2020 00:32:34 TTOffMagicWordManager: Restarting Scale Round
:03-03-2020 00:32:38 LawbotHQBossBattle(warning): fsm.request('finalBattle') returned 0 (zone id 61000, avatar pos LPoint3f(-46.1296, 15.8323, 0)).
:03-03-2020 00:32:38 TTOffMagicWordManager: Restarting Scale Round
adding timeout task
adding timeout task
:03-03-2020 00:36:15 GarbageCollect(warning): garbage found, reverting gc threshold
frame rate: 224.7 fps|0.001d|13 avs||348|349||0x0000|0x0000|1073.1MB|1244.5MB|16235.6MB|557|nt.2.6.2|3.701,3.701|6,12 cpus|OpenGL
frame rate: 226.0 fps|0.001d|13 avs||648|649||0x0000|0x0000|1264.6MB|1441.8MB|16235.6MB|607|nt.2.6.2|3.701,3.701|6,12 cpus|OpenGL
frame rate: 250.4 fps|0.000d|13 avs||948|949||0x0000|0x0000|1532.3MB|1710.0MB|16235.6MB|700|nt.2.6.2|3.701,3.701|6,12 cpus|OpenGL
adding timeout task
adding timeout task
frame rate: 257.6 fps|0.001d|13 avs||1248|1249||0x0000|0x0000|1790.1MB|1968.6MB|16235.6MB|793|nt.2.6.2|3.701,3.701|6,12 cpus|OpenGL
frame rate: 293.4 fps|0.000d|13 avs||1548|1549||0x0000|0x0000|2030.8MB|2209.8MB|16235.6MB|880|nt.2.6.2|3.701,3.701|6,12 cpus|OpenGL
handling timeout
:03-03-2020 01:00:17 DistributedToon: closing shard...
:03-03-2020 01:00:17 LawbotHQBossBattle: Unloading Place (61000). Fsm in final
:03-03-2020 01:00:17 OTPClientRepository: Exiting shard
ignoring InputState-forward
:03-03-2020 01:00:18 OTPClientRepository: sending clientLogout
:03-03-2020 01:00:18 LocalAvatar(warning): redundant call to stopUpdateSmartCamera
:03-03-2020 01:00:18 OTPClientRepository(warning): Disable failed. DistObj 100000014 is not in dictionary, ownerView=True
:03-03-2020 01:00:28 StateData: AvatarChooser.enter
:03-03-2020 01:00:28 DisplayOptions: settingsFullScreen = False, embedded = False width=800 height=600
:03-03-2020 01:00:28 StateData: calling self.displayOptions.restrictToEmbedded(False)
:03-03-2020 01:00:36 ToonBase: User closed main window.
:03-03-2020 01:00:36 OTPClientRepository: Sent disconnect message to server
:03-03-2020 01:00:36 OTPClientRepository: Closing connection to server.
:03-03-2020 01:00:36 OTPClientRepository: Exiting cleanly
:03-03-2020 01:00:36 ToonBase: Exiting Toontown: errorCode = None
:03-03-2020 01:00:36 TTOffLauncher: setting panda error code to 0
:03-03-2020 01:00:36 TTOffLauncher: Normal exit.
