

Starting Toontown Online...
Current time: Mon Dec 16 05:38:27 2019 Eastern Standard Time
sys.path =  ['', 'C:\\Panda3D-1.11.0-x64\\python\\python27.zip', 'C:\\Panda3D-1.11.0-x64', 'C:\\Panda3D-1.11.0-x64\\python\\DLLs', 'C:\\Panda3D-1.11.0-x64\\python\\lib', 'C:\\Panda3D-1.11.0-x64\\python\\lib\\plat-win', 'C:\\Panda3D-1.11.0-x64\\python\\lib\\lib-tk', 'C:\\Panda3D-1.11.0-x64\\python', 'C:\\Panda3D-1.11.0-x64\\bin', 'C:\\Panda3D-1.11.0-x64\\python\\lib\\site-packages']
sys.argv =  ['D:\\hollybae\\Aly\\Toontown-School-House\\toontown\\launcher\\TTOffQuickStartLauncher.py']
generating standard configrc
os.environ =  {'TMP': 'C:\\Users\\holla\\AppData\\Local\\Temp', 'COMPUTERNAME': 'HOLLYBAES-PC', 'USERDOMAIN': 'HOLLYBAES-PC', 'INTEL_DEV_REDIST': 'C:\\Program Files (x86)\\Common Files\\Intel\\Shared Libraries\\', 'PSMODULEPATH': 'C:\\Program Files\\WindowsPowerShell\\Modules;C:\\WINDOWS\\system32\\WindowsPowerShell\\v1.0\\Modules', 'COMMONPROGRAMFILES': 'C:\\Program Files\\Common Files', 'PROCESSOR_IDENTIFIER': 'Intel64 Family 6 Model 158 Stepping 10, GenuineIntel', 'VBOX_MSI_INSTALL_PATH': 'C:\\Program Files\\Oracle\\VirtualBox\\', 'PROGRAMFILES': 'C:\\Program Files', 'PROCESSOR_REVISION': '9e0a', 'PATH': 'C:\\Panda3D-1.11.0-x64\\panda3d\\..\\bin;C:\\Program Files (x86)\\Razer\\ChromaBroadcast\\bin;C:\\Program Files\\Razer\\ChromaBroadcast\\bin;C:\\Program Files (x86)\\Common Files\\Intel\\Shared Libraries\\redist\\intel64_win\\compiler;C:\\Program Files (x86)\\Common Files\\Oracle\\Java\\javapath;C:\\Program Files (x86)\\Common Files\\Intel\\Shared Libraries\\redist\\intel64\\compiler;C:\\WINDOWS\\system32;C:\\WINDOWS;C:\\WINDOWS\\System32\\Wbem;C:\\WINDOWS\\System32\\WindowsPowerShell\\v1.0\\;C:\\WINDOWS\\System32\\OpenSSH\\;C:\\Program Files\\NVIDIA Corporation\\NVIDIA NGX;C:\\Program Files (x86)\\NVIDIA Corporation\\PhysX\\Common;C:\\Program Files\\NVIDIA Corporation\\NVIDIA NvDLISR;C:\\WINDOWS\\system32;C:\\WINDOWS;C:\\WINDOWS\\System32\\Wbem;C:\\WINDOWS\\System32\\WindowsPowerShell\\v1.0\\;C:\\WINDOWS\\System32\\OpenSSH\\;D:\\hollybae\\ffmpeg-4.1.3-win64-static\\ffmpeg-4.1.3-win64-static\\bin;C:\\Program Files\\dotnet\\;C:\\WINDOWS\\system32\\config\\systemprofile\\AppData\\Local\\Microsoft\\WindowsApps;C:\\Program Files (x86)\\QuickTime\\QTSystem\\;C:\\Users\\holla\\AppData\\Local\\Microsoft\\WindowsApps;C:\\Panda3D-1.10.4.1-x64\\python;C:\\Panda3D-1.10.4.1-x64\\python\\Scripts;C:\\Panda3D-1.10.4.1-x64\\bin;C:\\Panda3D-1.11.0-x64\\python;C:\\Panda3D-1.11.0-x64\\python\\Scripts;C:\\Panda3D-1.11.0-x64\\bin', 'SYSTEMROOT': 'C:\\WINDOWS', 'MIC_LD_LIBRARY_PATH': 'C:\\Program Files (x86)\\Common Files\\Intel\\Shared Libraries\\compiler\\lib\\intel64_win_mic', 'COMSPEC': 'C:\\WINDOWS\\system32\\cmd.exe', 'DRIVERDATA': 'C:\\Windows\\System32\\Drivers\\DriverData', 'PPYTHON_PATH': '"C:\\Panda3D-1.11.0-x64\\python\\ppython.exe"', 'TEMP': 'C:\\Users\\holla\\AppData\\Local\\Temp', 'COMMONPROGRAMFILES(X86)': 'C:\\Program Files (x86)\\Common Files', 'PROCESSOR_ARCHITECTURE': 'AMD64', 'PROGRAMFILES(X86)': 'C:\\Program Files (x86)', 'ALLUSERSPROFILE': 'C:\\ProgramData', 'LOCALAPPDATA': 'C:\\Users\\holla\\AppData\\Local', 'FPS_BROWSER_USER_PROFILE_STRING': 'Default', 'HOMEPATH': '\\Users\\holla', 'USERDOMAIN_ROAMINGPROFILE': 'HOLLYBAES-PC', 'PROGRAMW6432': 'C:\\Program Files', 'USERNAME': 'holla', 'LOGONSERVER': '\\\\HOLLYBAES-PC', 'PROMPT': '$P$G', 'SESSIONNAME': 'Console', 'PROGRAMDATA': 'C:\\ProgramData', 'ONEDRIVE': 'C:\\Users\\holla\\OneDrive', 'FPS_BROWSER_APP_PROFILE_STRING': 'Internet Explorer', 'PATHEXT': '.COM;.EXE;.BAT;.CMD;.VBS;.VBE;.JS;.JSE;.WSF;.WSH;.MSC', 'TTOFF_LOGIN_TOKEN': 'dev', 'WINDIR': 'C:\\WINDOWS', 'APPDATA': 'C:\\Users\\holla\\AppData\\Roaming', 'HOMEDRIVE': 'C:', 'SYSTEMDRIVE': 'C:', 'NUMBER_OF_PROCESSORS': '12', 'PROCESSOR_LEVEL': '6', 'COMMONPROGRAMW6432': 'C:\\Program Files\\Common Files', 'OS': 'Windows_NT', 'PUBLIC': 'C:\\Users\\Public', 'USERPROFILE': 'C:\\Users\\holla'}
:12-16-2019 05:38:27 TTOffLauncher: isTestServer: 0
:12-16-2019 05:38:27 TTOffLauncher: Game Server 127.0.0.1
:12-16-2019 05:38:27 TTOffLauncher: Starting Toontown Online... 
:12-16-2019 05:38:27 TTOffLauncher: foreground: Launcher now operating in foreground
useTTOffSpecificLogin=True
:12-16-2019 05:38:27 TTOffLauncher: maybeStartGame: starting game
:12-16-2019 05:38:27 TTOffLauncher: Starting Toontown Online...
:12-16-2019 05:38:27 TTOffLauncher: background: Launcher now operating in background
ToontownStart: Polling for game2 to finish...
ToontownStart: Game2 is finished.
ToontownStart: Starting the game.
ToontownStart: setting default font
:12-16-2019 05:38:28 TTOffLauncher: setting panda error code to 7
Known pipe types:
  wglGraphicsPipe
(all display modules loaded.)
:12-16-2019 05:38:28 ToonBase: Default graphics pipe is wglGraphicsPipe (OpenGL).
:12-16-2019 05:38:29 ToonBase: Successfully opened window of type wglGraphicsWindow (OpenGL)
:12-16-2019 05:38:29 ShowBase: __dev__ == False
:12-16-2019 05:38:29 TTOffLauncher: setting panda error code to 11
:12-16-2019 05:38:29 TTOffLauncher: setting panda error code to 0
ToontownStart: Loading default gui sounds
ToontownStart: serverVersion:  tto-dev
:12-16-2019 05:38:29 Loader: starting bulk load of block 'init'
:12-16-2019 05:38:38 :nativenet(error): Buffered_DatagramConnection Constructor rbufsize = 4096000 wbufsize = 4096000 write_flush_point = 1400
:12-16-2019 05:38:38 OTPClientRepository: Using connect method 'http'
:12-16-2019 05:38:42 TTOffLauncher: getRegistry ('DEPLOYMENT', None)
:12-16-2019 05:38:42 TTOffLauncher: checking env
:12-16-2019 05:38:42 TTOffLauncher: getRegistry ('GAME_DEPLOYMENT', None)
:12-16-2019 05:38:42 TTOffLauncher: checking env
:12-16-2019 05:38:42 OTPClientRepository: reg_deployment=
:12-16-2019 05:38:42 OTPClientRepository: required-login auto.
:12-16-2019 05:38:42 OTPClientRepository: loginInterface: LoginTTOffAccount
:12-16-2019 05:38:42 TTOffLauncher: getNeedPwForSecretKey using ttoff-specific-login
:12-16-2019 05:38:43 Loader: At end of block 'init', expected 138, loaded 13, duration=13.1809954
:12-16-2019 05:38:43 OTPClientRepository: Connecting to gameserver directly (no proxy).
:12-16-2019 05:38:43 OTPClientRepository: Connecting to //127.0.0.1:7198 via HTTP interface.
:12-16-2019 05:38:43 TTOffLauncher: Stopping mini task manager.
:12-16-2019 05:38:43 OTPClientRepository: Successfully connected to //127.0.0.1:7198.
:12-16-2019 05:38:43 TTOffLauncher: Setting Disconnect Details normal
{401000001: <toontown.distributed.ToontownDistrict.ToontownDistrict instance at 0x0000000020295788>}
:12-16-2019 05:38:44 StateData: AvatarChooser.enter
:12-16-2019 05:38:44 DisplayOptions: settingsFullScreen = False, embedded = False width=800 height=600
:12-16-2019 05:38:44 StateData: calling self.displayOptions.restrictToEmbedded(False)
:12-16-2019 05:38:55 OTPClientRepository: ================
:12-16-2019 05:38:55 OTPClientRepository: Chose avatar id: 100000014
:12-16-2019 05:38:55 OTPClientRepository: Chose avatar name: Hollybae
:12-16-2019 05:38:55 OTPClientRepository: Chose avatar dna: ('css', 'ms', 'm', 'm', 16, 0, 16, 16, 113, 27, 18, 27, 7, 21)
:12-16-2019 05:38:55 OTPClientRepository: Chose avatar position: 5
:12-16-2019 05:38:55 OTPClientRepository: isPaid: 1
:12-16-2019 05:38:55 OTPClientRepository: freeTimeLeft: 0
:12-16-2019 05:38:55 OTPClientRepository: allowSecretChat: True
:12-16-2019 05:38:55 OTPClientRepository: ================
:12-16-2019 05:38:55 Loader: starting bulk load of block 'localAvatarPlayGame'
:12-16-2019 05:38:56 ToontownTimeManager(warning): error parsing date string=
local
:12-16-2019 05:38:57 NewsPageButtonManager(warning): Should not get here. NewsPageButtonManager.exitOff
:12-16-2019 05:38:57 :pnmimage:png(warning): iCCP: known incorrect sRGB profile
:12-16-2019 05:38:59 OTPClientRepository: Entering shard 401000001
:12-16-2019 05:38:59 StreetSign: Street sign url is https://ttoffline.com/images/
:12-16-2019 05:39:01 StreetSign: Street Sign is up to date
:12-16-2019 05:39:01 TimeManager: Clock sync: TimeManager.announceGenerate
:12-16-2019 05:39:01 NewsManager: setHolidayId: Starting Holiday 14
:12-16-2019 05:39:01 InGameNewsMgr: latestIssue=2013-08-22 16:49:46.000003-07:00
cpu info: GenuineIntel|Intel(R) Core(TM) i7-8700K CPU @ 3.70GHz|591594|0|3.701,3.701|6,12 cpus
:12-16-2019 05:39:03 OTPClientRepository: No sync from TimeManager.
:12-16-2019 05:39:03 OTPClientRepository: gotTimeSync
:12-16-2019 05:39:03 Loader: At end of block 'localAvatarPlayGame', expected 400, loaded 22, duration=8.0543949
:12-16-2019 05:39:03 OTPClientRepository: Sending heartbeat mid-frame.
:12-16-2019 05:39:03 TimeManager: Clock sync roundtrip took 1892.800 ms
:12-16-2019 05:39:03 TimeManager: AI time delta is -0:02 from server delta
:12-16-2019 05:39:03 TimeManager: Local clock uncertainty +/- 0.947 s
:12-16-2019 05:39:03 PlayGame: QA-REGRESSION: NEIGHBORHOODS: Visit Lawbot HQ
:12-16-2019 05:39:03 Loader: starting bulk load of block 'hood'
:12-16-2019 05:39:05 LawbotCogHQLoader: loadPlaceGeom: 13000
:12-16-2019 05:39:05 DistributedObject: DistributedSuitPlanner 401002972: generating
:12-16-2019 05:39:06 DistributedToon: calling LocalAvatar.startchat
:12-16-2019 05:39:06 :loader(error): Couldn't load file phase_4/models/questmap/cog_hq_lawbot_maps.bam: not found on model path (currently: "/;/d/hollybae/Aly/Toontown-School-House/toontown/launcher;/c/Panda3D-1.11.0-x64/etc/..;/c/Panda3D-1.11.0-x64/etc/../models")
:12-16-2019 05:39:06 Loader: At end of block 'hood', expected 2, loaded 12, duration=2.6337282
:12-16-2019 05:39:07 Teleport(debug): teleportInDone: walk
:12-16-2019 05:39:07 :loader(error): Couldn't load file phase_4/models/questmap/cog_hq_lawbot_maps.bam: not found on model path (currently: "/;/d/hollybae/Aly/Toontown-School-House/toontown/launcher;/c/Panda3D-1.11.0-x64/etc/..;/c/Panda3D-1.11.0-x64/etc/../models")
:12-16-2019 05:39:09 TTOffMagicWordManager: Run mode has been toggled.
:12-16-2019 05:39:15 LawbotCogHQLoader: loadPlaceGeom: 13100
:12-16-2019 05:39:15 LawbotCogHQLoader: QA-REGRESSION: COGHQ: Visit LawbotLobby
:12-16-2019 05:39:15 LawbotHQExterior: Unloading Place (13000). Fsm in final
:12-16-2019 05:39:15 DistributedObject: DistributedSuitPlanner 401002972: disabling
:12-16-2019 05:39:15 DistributedToon: calling LocalAvatar.startchat
:12-16-2019 05:39:15 :loader(error): Couldn't load file phase_4/models/questmap/cog_hq_lawbot_maps.bam: not found on model path (currently: "/;/d/hollybae/Aly/Toontown-School-House/toontown/launcher;/c/Panda3D-1.11.0-x64/etc/..;/c/Panda3D-1.11.0-x64/etc/../models")
:12-16-2019 05:39:16 :loader(error): Couldn't load file phase_4/models/questmap/cog_hq_lawbot_maps.bam: not found on model path (currently: "/;/d/hollybae/Aly/Toontown-School-House/toontown/launcher;/c/Panda3D-1.11.0-x64/etc/..;/c/Panda3D-1.11.0-x64/etc/../models")
:12-16-2019 05:39:23 TTOffMagicWordManager: Gave Hollybae an infinite amount of pies
:12-16-2019 05:39:25 TTOffMagicWordManager: Presto!
:12-16-2019 05:39:26 TTOffMagicWordManager: Run mode has been toggled.
:12-16-2019 05:39:29 LawbotCogHQLoader: loadPlaceGeom: 61000
:12-16-2019 05:39:29 LawbotCogHQLoader(warning): loadPlaceGeom: unclassified zone 61000
:12-16-2019 05:39:29 CogHQLobby: Unloading Place (13100). Fsm in final
:12-16-2019 05:39:30 DistributedLawbotBoss(warning): Not a collision node: LawbotCourtroom3.egg/-PandaNode/CR3/interior/CR3_Floor
:12-16-2019 05:39:30 DistributedToon: calling LocalAvatar.startchat
:12-16-2019 05:39:30 LawbotHQBossBattle(warning): fsm.request('movie') returned 0 (zone id 61000, avatar pos LPoint3f(-0.363562, -126.204, 0.193903)).
:12-16-2019 05:39:38 TTOffMagicWordManager: Restarting Scale Round
:12-16-2019 05:39:46 LawbotHQBossBattle(warning): fsm.request('finalBattle') returned 0 (zone id 61000, avatar pos LPoint3f(-54.8737, 43.2365, 0)).
:12-16-2019 05:39:46 TTOffMagicWordManager: Restarting Scale Round
:12-16-2019 05:40:03 TTOffMagicWordManager: Abracadabra!
:12-16-2019 05:40:17 TTOffMagicWordManager: Alakazam!
:12-16-2019 05:40:29 TTOffMagicWordManager: Abracadabra!
:12-16-2019 05:40:39 TTOffMagicWordManager: Alakazam!
:12-16-2019 05:40:53 TTOffMagicWordManager: Ta-da!
:12-16-2019 05:41:07 TTOffMagicWordManager: Abracadabra!
:12-16-2019 05:41:23 :linmath(warning): Tried to invert singular LMatrix3.
:12-16-2019 05:41:26 TTOffMagicWordManager: Ta-da!
:12-16-2019 05:41:35 TTOffMagicWordManager: Voila!
:12-16-2019 05:41:45 TTOffMagicWordManager: Ta-da!
:12-16-2019 05:42:07 TTOffMagicWordManager: Ta-da!
:12-16-2019 05:43:18 TTOffMagicWordManager: Abracadabra!
:12-16-2019 05:43:29 TTOffMagicWordManager: Alakazam!
:12-16-2019 05:43:31 GarbageCollect(warning): garbage found, reverting gc threshold
:12-16-2019 05:43:38 TTOffMagicWordManager: Presto!
:12-16-2019 05:43:53 TTOffMagicWordManager: Alakazam!
frame rate: 209.0 fps|0.001d|13 avs||330|332||0x0000|0x0000|1036.2MB|1208.8MB|16235.6MB|612|nt.2.6.2|3.701,3.701|6,12 cpus|OpenGL
:12-16-2019 05:44:03 TTOffMagicWordManager: Presto!
:12-16-2019 05:44:29 TTOffMagicWordManager: Voila!
:12-16-2019 05:45:23 TTOffMagicWordManager: Ta-da!
:12-16-2019 05:45:33 TTOffMagicWordManager: Presto!
:12-16-2019 05:45:51 TTOffMagicWordManager: Voila!
:12-16-2019 05:46:01 TTOffMagicWordManager: Ta-da!
:12-16-2019 05:47:05 TTOffMagicWordManager: Alakazam!
:12-16-2019 05:47:16 TTOffMagicWordManager: Ta-da!
:12-16-2019 05:47:32 TTOffMagicWordManager: Presto!
:12-16-2019 05:47:44 TTOffMagicWordManager: Ta-da!
:12-16-2019 05:47:55 TTOffMagicWordManager: Alakazam!
:12-16-2019 05:48:09 TTOffMagicWordManager: Presto!
:12-16-2019 05:48:21 TTOffMagicWordManager: Voila!
:12-16-2019 05:48:33 TTOffMagicWordManager: Abracadabra!
:12-16-2019 05:48:51 TTOffMagicWordManager: Voila!
frame rate: 213.1 fps|0.001d|13 avs||630|632||0x0000|0x0000|1368.1MB|1564.9MB|16235.6MB|891|nt.2.6.2|3.701,3.701|6,12 cpus|OpenGL
:12-16-2019 05:49:15 TTOffMagicWordManager: Voila!
:12-16-2019 05:49:26 TTOffMagicWordManager: Ta-da!
:12-16-2019 05:49:47 TTOffMagicWordManager: Alakazam!
:12-16-2019 05:50:15 TTOffMagicWordManager: Alakazam!
:12-16-2019 05:50:27 TTOffMagicWordManager: Ta-da!
:12-16-2019 05:50:44 TTOffMagicWordManager: Ta-da!
:12-16-2019 05:50:58 TTOffMagicWordManager: Voila!
:12-16-2019 05:51:07 TTOffMagicWordManager: Presto!
:12-16-2019 05:51:21 TTOffMagicWordManager: Alakazam!
:12-16-2019 05:51:35 TTOffMagicWordManager: Voila!
adding timeout task
adding timeout task
frame rate: 290.4 fps|0.000d|13 avs||930|932||0x0000|0x0000|1719.2MB|1916.5MB|16235.6MB|1006|nt.2.6.2|3.701,3.701|6,12 cpus|OpenGL
frame rate: 278.9 fps|0.001d|13 avs||1230|1232||0x0000|0x0000|2038.4MB|2236.3MB|16235.6MB|1139|nt.2.6.2|3.701,3.701|6,12 cpus|OpenGL
:12-16-2019 06:01:57 TTOffMagicWordManager: Abracadabra!
:12-16-2019 06:02:14 TTOffMagicWordManager: These arguments are of the wrong type!
:12-16-2019 06:02:16 TTOffMagicWordManager: Alakazam!
:12-16-2019 06:02:26 TTOffMagicWordManager: Voila!
:12-16-2019 06:02:37 TTOffMagicWordManager: Voila!
:12-16-2019 06:02:57 TTOffMagicWordManager: Ta-da!
frame rate: 271.6 fps|0.001d|13 avs||1530|1532||0x0000|0x0000|2369.5MB|2568.2MB|16235.6MB|1250|nt.2.6.2|3.701,3.701|6,12 cpus|OpenGL
adding timeout task
adding timeout task
:12-16-2019 06:07:42 TTOffMagicWordManager: Alakazam!
:12-16-2019 06:07:54 TTOffMagicWordManager: Voila!
:12-16-2019 06:08:06 TTOffMagicWordManager: Abracadabra!
:12-16-2019 06:08:18 TTOffMagicWordManager: Presto!
:12-16-2019 06:08:27 TTOffMagicWordManager: Ta-da!
:12-16-2019 06:08:40 TTOffMagicWordManager: Alakazam!
:12-16-2019 06:09:00 TimeManager: Clock sync: timer
frame rate: 210.3 fps|0.001d|13 avs||1830|1832||0x0000|0x0000|2697.0MB|2896.2MB|16235.6MB|1361|nt.2.6.2|3.701,3.701|6,12 cpus|OpenGL
:12-16-2019 06:09:00 TimeManager: Clock sync roundtrip took 19.742 ms
:12-16-2019 06:09:00 TimeManager: AI time delta is -0:00 from server delta
:12-16-2019 06:09:00 ClockDelta: previous delta at 0.254 s, +/- 1.446 s.
:12-16-2019 06:09:00 ClockDelta: new delta at -0.672 s, +/- 0.010 s.
:12-16-2019 06:09:00 ClockDelta: intersection at -0.672 s, +/- 0.010 s.
:12-16-2019 06:09:00 TimeManager: Local clock uncertainty +/- 0.010 s
:12-16-2019 06:09:00 TTOffMagicWordManager: Alakazam!
:12-16-2019 06:09:10 TTOffMagicWordManager: Alakazam!
:12-16-2019 06:09:19 TTOffMagicWordManager: Presto!
:12-16-2019 06:09:30 TTOffMagicWordManager: Abracadabra!
:12-16-2019 06:09:46 TTOffMagicWordManager: Alakazam!
:12-16-2019 06:09:57 TTOffMagicWordManager: Alakazam!
:12-16-2019 06:10:07 TTOffMagicWordManager: Presto!
:12-16-2019 06:10:33 TTOffMagicWordManager: Presto!
:12-16-2019 06:10:54 TTOffMagicWordManager: Presto!
:12-16-2019 06:11:06 TTOffMagicWordManager: Voila!
:12-16-2019 06:11:15 TTOffMagicWordManager: Ta-da!
:12-16-2019 06:11:25 TTOffMagicWordManager: Presto!
:12-16-2019 06:11:46 TTOffMagicWordManager: Presto!
:12-16-2019 06:12:10 TTOffMagicWordManager: Alakazam!
:12-16-2019 06:12:24 TTOffMagicWordManager: Voila!
:12-16-2019 06:12:38 TTOffMagicWordManager: Abracadabra!
:12-16-2019 06:12:51 TTOffMagicWordManager: Abracadabra!
:12-16-2019 06:13:05 TTOffMagicWordManager: Voila!
:12-16-2019 06:13:19 TTOffMagicWordManager: Abracadabra!
:12-16-2019 06:13:31 TTOffMagicWordManager: Abracadabra!
:12-16-2019 06:13:40 TTOffMagicWordManager: Alakazam!
:12-16-2019 06:13:54 TTOffMagicWordManager: Voila!
frame rate: 212.4 fps|0.001d|13 avs||2130|2132||0x0000|0x0000|2889.9MB|3265.8MB|16235.6MB|1487|nt.2.6.2|3.701,3.701|6,12 cpus|OpenGL
:12-16-2019 06:14:05 TTOffMagicWordManager: Ta-da!
:12-16-2019 06:14:14 TTOffMagicWordManager: Voila!
:12-16-2019 06:14:25 TTOffMagicWordManager: Abracadabra!
:12-16-2019 06:14:42 TTOffMagicWordManager: Abracadabra!
:12-16-2019 06:14:55 TTOffMagicWordManager: Ta-da!
:12-16-2019 06:15:06 TTOffMagicWordManager: Ta-da!
:12-16-2019 06:16:02 TTOffMagicWordManager: Ta-da!
:12-16-2019 06:16:15 TTOffMagicWordManager: Ta-da!
:12-16-2019 06:16:26 TTOffMagicWordManager: Ta-da!
:12-16-2019 06:16:41 TTOffMagicWordManager: Alakazam!
:12-16-2019 06:16:54 TTOffMagicWordManager: Voila!
:12-16-2019 06:17:25 TTOffMagicWordManager: Presto!
:12-16-2019 06:17:39 TTOffMagicWordManager: Ta-da!
:12-16-2019 06:17:51 TTOffMagicWordManager: Alakazam!
:12-16-2019 06:18:01 TTOffMagicWordManager: Ta-da!
:12-16-2019 06:18:13 TTOffMagicWordManager: Presto!
:12-16-2019 06:18:26 TTOffMagicWordManager: Ta-da!
:12-16-2019 06:18:35 TTOffMagicWordManager: Voila!
frame rate: 212.5 fps|0.001d|13 avs||2430|2432||0x0000|0x0000|3212.6MB|3644.7MB|16235.6MB|1609|nt.2.6.2|3.701,3.701|6,12 cpus|OpenGL
:12-16-2019 06:19:00 TTOffMagicWordManager: Alakazam!
:12-16-2019 06:19:09 TTOffMagicWordManager: Alakazam!
:12-16-2019 06:19:19 TTOffMagicWordManager: Abracadabra!
:12-16-2019 06:19:30 TTOffMagicWordManager: Voila!
:12-16-2019 06:19:44 ToonBase: User closed main window.
:12-16-2019 06:19:44 TimeManager: Client disconnect reason 2.
:12-16-2019 06:19:44 LawbotHQBossBattle: Unloading Place (61000). Fsm in final
:12-16-2019 06:19:44 OTPClientRepository(warning): unclean exit, abandoning shard
ignoring InputState-forward
:12-16-2019 06:19:44 OTPClientRepository: sending clientLogout
:12-16-2019 06:19:44 LocalAvatar(warning): redundant call to stopUpdateSmartCamera
:12-16-2019 06:19:44 OTPClientRepository: Sent disconnect message to server
:12-16-2019 06:19:44 OTPClientRepository: Closing connection to server.
:12-16-2019 06:19:44 OTPClientRepository: Exiting cleanly
:12-16-2019 06:19:44 ToonBase: Exiting Toontown: errorCode = None
:12-16-2019 06:19:44 TTOffLauncher: setting panda error code to 0
:12-16-2019 06:19:44 TTOffLauncher: Normal exit.
