

Starting Toontown Online...
Current time: Sat Oct  3 16:46:26 2020 Eastern Standard Time
sys.path =  ['', 'C:\\Panda3D-1.11.0-x64\\python\\python27.zip', 'C:\\Panda3D-1.11.0-x64', 'C:\\Panda3D-1.11.0-x64\\python\\DLLs', 'C:\\Panda3D-1.11.0-x64\\python\\lib', 'C:\\Panda3D-1.11.0-x64\\python\\lib\\plat-win', 'C:\\Panda3D-1.11.0-x64\\python\\lib\\lib-tk', 'C:\\Panda3D-1.11.0-x64\\python', 'C:\\Panda3D-1.11.0-x64\\bin', 'C:\\Panda3D-1.11.0-x64\\python\\lib\\site-packages']
sys.argv =  ['D:\\hollybae\\Aly\\Toontown-School-House\\toontown\\launcher\\TTOffQuickStartLauncher.py']
generating standard configrc
os.environ =  {'TMP': 'C:\\Users\\holla\\AppData\\Local\\Temp', 'ONEDRIVECONSUMER': 'C:\\Users\\holla\\OneDrive', 'COMPUTERNAME': 'HOLLYBAES-PC', 'USERDOMAIN': 'HOLLYBAES-PC', 'INTEL_DEV_REDIST': 'C:\\Program Files (x86)\\Common Files\\Intel\\Shared Libraries\\', 'PSMODULEPATH': 'C:\\Program Files\\WindowsPowerShell\\Modules;C:\\WINDOWS\\system32\\WindowsPowerShell\\v1.0\\Modules', 'COMMONPROGRAMFILES': 'C:\\Program Files\\Common Files', 'PROCESSOR_IDENTIFIER': 'Intel64 Family 6 Model 158 Stepping 10, GenuineIntel', 'PROGRAMFILES': 'C:\\Program Files', 'PROCESSOR_REVISION': '9e0a', 'PATH': 'C:\\Panda3D-1.11.0-x64\\panda3d\\..\\bin;C:\\Program Files (x86)\\Razer\\ChromaBroadcast\\bin;C:\\Program Files\\Razer\\ChromaBroadcast\\bin;C:\\Program Files (x86)\\Common Files\\Intel\\Shared Libraries\\redist\\intel64\\compiler;C:\\Program Files (x86)\\Common Files\\Oracle\\Java\\javapath;C:\\WINDOWS\\system32;C:\\WINDOWS;C:\\WINDOWS\\System32\\Wbem;C:\\WINDOWS\\System32\\WindowsPowerShell\\v1.0\\;C:\\WINDOWS\\System32\\OpenSSH\\;C:\\Program Files (x86)\\NVIDIA Corporation\\PhysX\\Common;C:\\Program Files\\NVIDIA Corporation\\NVIDIA NvDLISR;C:\\WINDOWS\\system32\\config\\systemprofile\\AppData\\Local\\Microsoft\\WindowsApps;C:\\Users\\holla\\AppData\\Local\\Microsoft\\WindowsApps;C:\\Panda3D-1.11.0-x64\\python;C:\\Panda3D-1.11.0-x64\\python\\Scripts;C:\\Panda3D-1.11.0-x64\\bin', 'SYSTEMROOT': 'C:\\WINDOWS', 'MIC_LD_LIBRARY_PATH': 'C:\\Program Files (x86)\\Common Files\\Intel\\Shared Libraries\\compiler\\lib\\mic', 'COMSPEC': 'C:\\WINDOWS\\system32\\cmd.exe', 'DRIVERDATA': 'C:\\Windows\\System32\\Drivers\\DriverData', 'PPYTHON_PATH': '"C:\\Panda3D-1.11.0-x64\\python\\ppython.exe"', 'TEMP': 'C:\\Users\\holla\\AppData\\Local\\Temp', 'COMMONPROGRAMFILES(X86)': 'C:\\Program Files (x86)\\Common Files', 'PROCESSOR_ARCHITECTURE': 'AMD64', 'PROGRAMFILES(X86)': 'C:\\Program Files (x86)', 'ALLUSERSPROFILE': 'C:\\ProgramData', 'LOCALAPPDATA': 'C:\\Users\\holla\\AppData\\Local', 'FPS_BROWSER_USER_PROFILE_STRING': 'Default', 'HOMEPATH': '\\Users\\holla', 'USERDOMAIN_ROAMINGPROFILE': 'HOLLYBAES-PC', 'PROGRAMW6432': 'C:\\Program Files', 'USERNAME': 'holla', 'LOGONSERVER': '\\\\HOLLYBAES-PC', 'PROMPT': '$P$G', 'SESSIONNAME': 'Console', 'PROGRAMDATA': 'C:\\ProgramData', 'ONEDRIVE': 'C:\\Users\\holla\\OneDrive', 'FPS_BROWSER_APP_PROFILE_STRING': 'Internet Explorer', 'PATHEXT': '.COM;.EXE;.BAT;.CMD;.VBS;.VBE;.JS;.JSE;.WSF;.WSH;.MSC', 'TTOFF_LOGIN_TOKEN': 'dev', 'WINDIR': 'C:\\WINDOWS', 'APPDATA': 'C:\\Users\\holla\\AppData\\Roaming', 'HOMEDRIVE': 'C:', 'SYSTEMDRIVE': 'C:', 'NUMBER_OF_PROCESSORS': '12', 'PROCESSOR_LEVEL': '6', 'COMMONPROGRAMW6432': 'C:\\Program Files\\Common Files', 'OS': 'Windows_NT', 'PUBLIC': 'C:\\Users\\Public', 'USERPROFILE': 'C:\\Users\\holla'}
:10-03-2020 16:46:26 TTOffLauncher: isTestServer: 0
:10-03-2020 16:46:26 TTOffLauncher: Game Server 127.0.0.1
:10-03-2020 16:46:26 TTOffLauncher: Starting Toontown Online... 
:10-03-2020 16:46:26 TTOffLauncher: foreground: Launcher now operating in foreground
useTTOffSpecificLogin=True
:10-03-2020 16:46:26 TTOffLauncher: maybeStartGame: starting game
:10-03-2020 16:46:26 TTOffLauncher: Starting Toontown Online...
:10-03-2020 16:46:26 TTOffLauncher: background: Launcher now operating in background
ToontownStart: Polling for game2 to finish...
ToontownStart: Game2 is finished.
ToontownStart: Starting the game.
ToontownStart: setting default font
:10-03-2020 16:46:26 TTOffLauncher: setting panda error code to 7
Known pipe types:
  wglGraphicsPipe
(all display modules loaded.)
:10-03-2020 16:46:27 ToonBase: Default graphics pipe is wglGraphicsPipe (OpenGL).
:10-03-2020 16:46:28 ToonBase: Successfully opened window of type wglGraphicsWindow (OpenGL)
:10-03-2020 16:46:28 ShowBase: __dev__ == False
:10-03-2020 16:46:28 TTOffLauncher: setting panda error code to 11
:10-03-2020 16:46:28 TTOffLauncher: setting panda error code to 0
ToontownStart: Loading default gui sounds
ToontownStart: serverVersion:  tto-dev
:10-03-2020 16:46:28 Loader: starting bulk load of block 'init'
:10-03-2020 16:46:37 :nativenet(error): Buffered_DatagramConnection Constructor rbufsize = 4096000 wbufsize = 4096000 write_flush_point = 1400
:10-03-2020 16:46:37 OTPClientRepository: Using connect method 'http'
:10-03-2020 16:46:43 TTOffLauncher: getRegistry ('DEPLOYMENT', None)
:10-03-2020 16:46:43 TTOffLauncher: checking env
:10-03-2020 16:46:43 TTOffLauncher: getRegistry ('GAME_DEPLOYMENT', None)
:10-03-2020 16:46:43 TTOffLauncher: checking env
:10-03-2020 16:46:43 OTPClientRepository: reg_deployment=
:10-03-2020 16:46:43 OTPClientRepository: required-login auto.
:10-03-2020 16:46:43 OTPClientRepository: loginInterface: LoginTTOffAccount
:10-03-2020 16:46:43 TTOffLauncher: getNeedPwForSecretKey using ttoff-specific-login
:10-03-2020 16:46:43 Loader: At end of block 'init', expected 138, loaded 14, duration=14.9075069
:10-03-2020 16:46:43 OTPClientRepository: Connecting to gameserver directly (no proxy).
:10-03-2020 16:46:43 OTPClientRepository: Connecting to //127.0.0.1:7198 via HTTP interface.
:10-03-2020 16:46:43 TTOffLauncher: Stopping mini task manager.
:10-03-2020 16:46:43 OTPClientRepository: Successfully connected to //127.0.0.1:7198.
:10-03-2020 16:46:43 TTOffLauncher: Setting Disconnect Details normal
{401000001: <toontown.distributed.ToontownDistrict.ToontownDistrict instance at 0x000000001C872788>}
:10-03-2020 16:46:45 StateData: AvatarChooser.enter
:10-03-2020 16:46:45 DisplayOptions: settingsFullScreen = False, embedded = False width=800 height=600
:10-03-2020 16:46:45 StateData: calling self.displayOptions.restrictToEmbedded(False)
:10-03-2020 16:46:47 OTPClientRepository: ================
:10-03-2020 16:46:47 OTPClientRepository: Chose avatar id: 100000014
:10-03-2020 16:46:47 OTPClientRepository: Chose avatar name: Holland
:10-03-2020 16:46:47 OTPClientRepository: Chose avatar dna: ('css', 'ms', 'm', 'm', 16, 0, 16, 16, 113, 27, 99, 27, 7, 21)
:10-03-2020 16:46:47 OTPClientRepository: Chose avatar position: 5
:10-03-2020 16:46:47 OTPClientRepository: isPaid: 1
:10-03-2020 16:46:47 OTPClientRepository: freeTimeLeft: 0
:10-03-2020 16:46:47 OTPClientRepository: allowSecretChat: True
:10-03-2020 16:46:47 OTPClientRepository: ================
:10-03-2020 16:46:47 Loader: starting bulk load of block 'localAvatarPlayGame'
:10-03-2020 16:46:48 ToontownTimeManager(warning): error parsing date string=
local
:10-03-2020 16:46:49 NewsPageButtonManager(warning): Should not get here. NewsPageButtonManager.exitOff
:10-03-2020 16:46:49 :pnmimage:png(warning): iCCP: known incorrect sRGB profile
:10-03-2020 16:46:53 OTPClientRepository: Entering shard 401000001
:10-03-2020 16:46:53 StreetSign: Street sign url is https://ttoffline.com/images/
:10-03-2020 16:46:54 StreetSign: Street Sign is up to date
:10-03-2020 16:46:54 OTPClientRepository: Sending heartbeat mid-frame.
:10-03-2020 16:46:54 TimeManager: Clock sync: TimeManager.announceGenerate
:10-03-2020 16:46:54 NewsManager: setHolidayId: Starting Holiday 19
:10-03-2020 16:46:54 InGameNewsMgr: latestIssue=2013-08-22 16:49:46.000003-07:00
cpu info: GenuineIntel|Intel(R) Core(TM) i7-8700K CPU @ 3.70GHz|591594|0|3.696,3.696|6,12 cpus
:10-03-2020 16:46:56 OTPClientRepository: No sync from TimeManager.
:10-03-2020 16:46:56 OTPClientRepository: gotTimeSync
:10-03-2020 16:46:56 Loader: At end of block 'localAvatarPlayGame', expected 400, loaded 27, duration=8.9567068
:10-03-2020 16:46:56 TimeManager: Clock sync roundtrip took 2184.711 ms
:10-03-2020 16:46:56 TimeManager: AI time delta is -0:02 from server delta
:10-03-2020 16:46:56 TimeManager: Local clock uncertainty +/- 1.093 s
:10-03-2020 16:46:56 TimeManager: Uncertainty is too high, trying again.
:10-03-2020 16:46:56 PlayGame: QA-REGRESSION: NEIGHBORHOODS: Visit Lawbot HQ
:10-03-2020 16:46:56 Loader: starting bulk load of block 'hood'
:10-03-2020 16:46:59 LawbotCogHQLoader: loadPlaceGeom: 13000
:10-03-2020 16:47:00 TimeManager: Clock sync roundtrip took 3801.887 ms
:10-03-2020 16:47:00 TimeManager: AI time delta is -0:04 from server delta
:10-03-2020 16:47:00 ClockDelta: previous delta at 0.663 s, +/- 1.094 s.
:10-03-2020 16:47:00 ClockDelta: new delta at 1.448 s, +/- 1.901 s.
:10-03-2020 16:47:00 ClockDelta: intersection at 0.663 s, +/- 1.094 s.
:10-03-2020 16:47:00 TimeManager: Local clock uncertainty +/- 1.094 s
:10-03-2020 16:47:00 TimeManager: Uncertainty is too high, trying again.
:10-03-2020 16:47:00 DistributedObject: DistributedSuitPlanner 401002972: generating
:10-03-2020 16:47:00 DistributedToon: calling LocalAvatar.startchat
:10-03-2020 16:47:00 :loader(error): Couldn't load file phase_4/models/questmap/cog_hq_lawbot_maps.bam: not found on model path (currently: "/;/d/hollybae/Aly/Toontown-School-House/toontown/launcher;/c/Panda3D-1.11.0-x64/etc/..;/c/Panda3D-1.11.0-x64/etc/../models")
:10-03-2020 16:47:00 Loader: At end of block 'hood', expected 2, loaded 20, duration=4.1150616
:10-03-2020 16:47:00 TimeManager: Clock sync roundtrip took 310.848 ms
:10-03-2020 16:47:00 TimeManager: AI time delta is -0:00 from server delta
:10-03-2020 16:47:00 ClockDelta: previous delta at 0.663 s, +/- 1.094 s.
:10-03-2020 16:47:00 ClockDelta: new delta at -0.292 s, +/- 0.155 s.
:10-03-2020 16:47:00 ClockDelta: intersection at -0.284 s, +/- 0.147 s.
:10-03-2020 16:47:00 TimeManager: Local clock uncertainty +/- 0.147 s
:10-03-2020 16:47:02 Teleport(debug): teleportInDone: walk
:10-03-2020 16:47:02 :loader(error): Couldn't load file phase_4/models/questmap/cog_hq_lawbot_maps.bam: not found on model path (currently: "/;/d/hollybae/Aly/Toontown-School-House/toontown/launcher;/c/Panda3D-1.11.0-x64/etc/..;/c/Panda3D-1.11.0-x64/etc/../models")
:10-03-2020 16:47:03 TTOffMagicWordManager: God mode enabled for Holland!
:10-03-2020 16:47:10 LawbotCogHQLoader: loadPlaceGeom: 13100
:10-03-2020 16:47:10 LawbotCogHQLoader: QA-REGRESSION: COGHQ: Visit LawbotLobby
:10-03-2020 16:47:10 LawbotHQExterior: Unloading Place (13000). Fsm in final
:10-03-2020 16:47:10 DistributedObject: DistributedSuitPlanner 401002972: disabling
:10-03-2020 16:47:10 DistributedToon: calling LocalAvatar.startchat
:10-03-2020 16:47:10 :loader(error): Couldn't load file phase_4/models/questmap/cog_hq_lawbot_maps.bam: not found on model path (currently: "/;/d/hollybae/Aly/Toontown-School-House/toontown/launcher;/c/Panda3D-1.11.0-x64/etc/..;/c/Panda3D-1.11.0-x64/etc/../models")
:10-03-2020 16:47:12 :loader(error): Couldn't load file phase_4/models/questmap/cog_hq_lawbot_maps.bam: not found on model path (currently: "/;/d/hollybae/Aly/Toontown-School-House/toontown/launcher;/c/Panda3D-1.11.0-x64/etc/..;/c/Panda3D-1.11.0-x64/etc/../models")
:10-03-2020 16:47:26 LawbotCogHQLoader: loadPlaceGeom: 61000
:10-03-2020 16:47:26 LawbotCogHQLoader(warning): loadPlaceGeom: unclassified zone 61000
:10-03-2020 16:47:26 CogHQLobby: Unloading Place (13100). Fsm in final
:10-03-2020 16:47:27 DistributedLawbotBoss(warning): Not a collision node: LawbotCourtroom3.egg/-PandaNode/CR3/interior/CR3_Floor
:10-03-2020 16:47:27 DistributedToon: calling LocalAvatar.startchat
:10-03-2020 16:47:27 LawbotHQBossBattle(warning): fsm.request('movie') returned 0 (zone id 61000, avatar pos LPoint3f(-0.363562, -126.204, 0.193903)).
:10-03-2020 16:47:34 TTOffMagicWordManager: Run mode has been toggled.
:10-03-2020 16:47:37 TTOffMagicWordManager: Gave Holland an infinite amount of pies
:10-03-2020 16:47:41 TTOffMagicWordManager: Abracadabra!
:10-03-2020 16:47:42 LawbotHQBossBattle(warning): fsm.request('movie') returned 0 (zone id 61000, avatar pos LPoint3f(-0.363562, -126.204, 0.193903)).
:10-03-2020 16:47:42 TTOffMagicWordManager: Presto!
Battle Event localtoon-battle-event-3
:10-03-2020 16:48:23 TTOffMagicWordManager: Skipping current round...
:10-03-2020 16:48:28 TTOffMagicWordManager: Holland's max laff has been set to 15.
:10-03-2020 16:48:53 OTPClientRepository: Sending heartbeat mid-frame.
:10-03-2020 16:48:53 Actor(warning): called actor.removeNode() on actor without calling cleanup()
:10-03-2020 16:48:53 Actor(warning): called actor.removeNode() on actor without calling cleanup()
:10-03-2020 16:48:53 Actor(warning): called actor.removeNode() on actor without calling cleanup()
:10-03-2020 16:48:53 Actor(warning): called actor.removeNode() on actor without calling cleanup()
:10-03-2020 16:48:53 Actor(warning): called actor.removeNode() on actor without calling cleanup()
:10-03-2020 16:48:53 Actor(warning): called actor.removeNode() on actor without calling cleanup()
:10-03-2020 16:48:53 Actor(warning): called actor.removeNode() on actor without calling cleanup()
:10-03-2020 16:48:53 Actor(warning): called actor.removeNode() on actor without calling cleanup()
:10-03-2020 16:48:53 Actor(warning): called actor.removeNode() on actor without calling cleanup()
:10-03-2020 16:48:53 Actor(warning): called actor.removeNode() on actor without calling cleanup()
:10-03-2020 16:48:53 Actor(warning): called actor.removeNode() on actor without calling cleanup()
:10-03-2020 16:48:53 Actor(warning): called actor.removeNode() on actor without calling cleanup()
:10-03-2020 16:48:53 TTOffMagicWordManager: Restarting Scale Round
:10-03-2020 16:48:57 TTOffMagicWordManager: Uh-oh! This Magic Word doesn't exist!
:10-03-2020 16:49:10 LawbotCogHQLoader: loadPlaceGeom: 13000
:10-03-2020 16:49:10 LawbotHQBossBattle: Unloading Place (61000). Fsm in final
:10-03-2020 16:49:10 DistributedObject: DistributedSuitPlanner 401002972: generating
:10-03-2020 16:49:10 DistributedToon: calling LocalAvatar.startchat
:10-03-2020 16:49:10 :loader(error): Couldn't load file phase_4/models/questmap/cog_hq_lawbot_maps.bam: not found on model path (currently: "/;/d/hollybae/Aly/Toontown-School-House/toontown/launcher;/c/Panda3D-1.11.0-x64/etc/..;/c/Panda3D-1.11.0-x64/etc/../models")
:10-03-2020 16:49:11 Teleport(debug): Hooked TeleportInDone
:10-03-2020 16:49:11 Teleport(debug): teleportInDone: walk
:10-03-2020 16:49:11 :loader(error): Couldn't load file phase_4/models/questmap/cog_hq_lawbot_maps.bam: not found on model path (currently: "/;/d/hollybae/Aly/Toontown-School-House/toontown/launcher;/c/Panda3D-1.11.0-x64/etc/..;/c/Panda3D-1.11.0-x64/etc/../models")
:10-03-2020 16:49:11 TTOffMagicWordManager: Run mode has been toggled.
:10-03-2020 16:49:18 LawbotCogHQLoader: loadPlaceGeom: 13100
:10-03-2020 16:49:18 LawbotCogHQLoader: QA-REGRESSION: COGHQ: Visit LawbotLobby
:10-03-2020 16:49:18 LawbotHQExterior: Unloading Place (13000). Fsm in final
:10-03-2020 16:49:18 DistributedObject: DistributedSuitPlanner 401002972: disabling
:10-03-2020 16:49:18 DistributedToon: calling LocalAvatar.startchat
:10-03-2020 16:49:18 :loader(error): Couldn't load file phase_4/models/questmap/cog_hq_lawbot_maps.bam: not found on model path (currently: "/;/d/hollybae/Aly/Toontown-School-House/toontown/launcher;/c/Panda3D-1.11.0-x64/etc/..;/c/Panda3D-1.11.0-x64/etc/../models")
:10-03-2020 16:49:19 :loader(error): Couldn't load file phase_4/models/questmap/cog_hq_lawbot_maps.bam: not found on model path (currently: "/;/d/hollybae/Aly/Toontown-School-House/toontown/launcher;/c/Panda3D-1.11.0-x64/etc/..;/c/Panda3D-1.11.0-x64/etc/../models")
:10-03-2020 16:49:24 TTOffMagicWordManager: Run mode has been toggled.
:10-03-2020 16:49:32 LawbotCogHQLoader: loadPlaceGeom: 61001
:10-03-2020 16:49:32 LawbotCogHQLoader(warning): loadPlaceGeom: unclassified zone 61000
:10-03-2020 16:49:32 CogHQLobby: Unloading Place (13100). Fsm in final
:10-03-2020 16:49:32 DistributedLawbotBoss(warning): Not a collision node: LawbotCourtroom3.egg/-PandaNode/CR3/interior/CR3_Floor
:10-03-2020 16:49:32 DistributedToon: calling LocalAvatar.startchat
:10-03-2020 16:49:32 LawbotHQBossBattle(warning): fsm.request('movie') returned 0 (zone id 61001, avatar pos LPoint3f(-0.363562, -126.204, 0.193903)).
:10-03-2020 16:49:46 LawbotHQBossBattle(warning): fsm.request('movie') returned 0 (zone id 61001, avatar pos LPoint3f(-0.363562, -126.204, 0.193903)).
Battle Event localtoon-battle-event-10
:10-03-2020 16:50:14 TTOffMagicWordManager: Skipping current round...
:10-03-2020 16:50:20 TTOffMagicWordManager: Uh-oh! This Magic Word doesn't exist!
:10-03-2020 16:50:22 TTOffMagicWordManager: Your speed has been set to 10.0.
:10-03-2020 16:50:25 TTOffMagicWordManager: Uh-oh! This Magic Word doesn't exist!
:10-03-2020 16:50:37 TTOffMagicWordManager: Voila!
:10-03-2020 16:50:38 TTOffMagicWordManager: Alakazam!
:10-03-2020 16:50:44 ToonBase: User closed main window.
:10-03-2020 16:50:44 TimeManager: Client disconnect reason 2.
:10-03-2020 16:50:44 Actor(warning): called actor.removeNode() on actor without calling cleanup()
:10-03-2020 16:50:44 Actor(warning): called actor.removeNode() on actor without calling cleanup()
:10-03-2020 16:50:44 Actor(warning): called actor.removeNode() on actor without calling cleanup()
:10-03-2020 16:50:44 Actor(warning): called actor.removeNode() on actor without calling cleanup()
:10-03-2020 16:50:44 Actor(warning): called actor.removeNode() on actor without calling cleanup()
:10-03-2020 16:50:44 Actor(warning): called actor.removeNode() on actor without calling cleanup()
:10-03-2020 16:50:44 Actor(warning): called actor.removeNode() on actor without calling cleanup()
:10-03-2020 16:50:44 Actor(warning): called actor.removeNode() on actor without calling cleanup()
:10-03-2020 16:50:44 Actor(warning): called actor.removeNode() on actor without calling cleanup()
:10-03-2020 16:50:44 Actor(warning): called actor.removeNode() on actor without calling cleanup()
:10-03-2020 16:50:44 Actor(warning): called actor.removeNode() on actor without calling cleanup()
:10-03-2020 16:50:44 Actor(warning): called actor.removeNode() on actor without calling cleanup()
:10-03-2020 16:50:44 LawbotHQBossBattle: Unloading Place (61001). Fsm in final
:10-03-2020 16:50:44 OTPClientRepository(warning): unclean exit, abandoning shard
ignoring InputState-forward
:10-03-2020 16:50:44 OTPClientRepository: sending clientLogout
:10-03-2020 16:50:44 LocalAvatar(warning): redundant call to stopUpdateSmartCamera
:10-03-2020 16:50:44 OTPClientRepository: Sent disconnect message to server
:10-03-2020 16:50:44 OTPClientRepository: Closing connection to server.
:10-03-2020 16:50:44 OTPClientRepository: Exiting cleanly
:10-03-2020 16:50:44 ToonBase: Exiting Toontown: errorCode = None
:10-03-2020 16:50:44 TTOffLauncher: setting panda error code to 0
:10-03-2020 16:50:44 TTOffLauncher: Normal exit.
