

Starting Toontown Online...
Current time: Sat Jun 20 15:38:54 2020 Eastern Standard Time
sys.path =  ['', 'C:\\Panda3D-1.11.0-x64\\python\\python27.zip', 'C:\\Panda3D-1.11.0-x64', 'C:\\Panda3D-1.11.0-x64\\python\\DLLs', 'C:\\Panda3D-1.11.0-x64\\python\\lib', 'C:\\Panda3D-1.11.0-x64\\python\\lib\\plat-win', 'C:\\Panda3D-1.11.0-x64\\python\\lib\\lib-tk', 'C:\\Panda3D-1.11.0-x64\\python', 'C:\\Panda3D-1.11.0-x64\\bin', 'C:\\Panda3D-1.11.0-x64\\python\\lib\\site-packages']
sys.argv =  ['D:\\hollybae\\Aly\\Toontown-School-House\\toontown\\launcher\\TTOffQuickStartLauncher.py']
generating standard configrc
os.environ =  {'TMP': 'C:\\Users\\holla\\AppData\\Local\\Temp', 'COMPUTERNAME': 'HOLLYBAES-PC', 'USERDOMAIN': 'HOLLYBAES-PC', 'INTEL_DEV_REDIST': 'C:\\Program Files (x86)\\Common Files\\Intel\\Shared Libraries\\', 'PSMODULEPATH': 'C:\\Program Files\\WindowsPowerShell\\Modules;C:\\WINDOWS\\system32\\WindowsPowerShell\\v1.0\\Modules', 'COMMONPROGRAMFILES': 'C:\\Program Files\\Common Files', 'PROCESSOR_IDENTIFIER': 'Intel64 Family 6 Model 158 Stepping 10, GenuineIntel', 'VBOX_MSI_INSTALL_PATH': 'C:\\Program Files\\Oracle\\VirtualBox\\', 'PROGRAMFILES': 'C:\\Program Files', 'PROCESSOR_REVISION': '9e0a', 'PATH': 'C:\\Panda3D-1.11.0-x64\\panda3d\\..\\bin;C:\\Program Files (x86)\\Razer Chroma SDK\\bin;C:\\Program Files\\Razer Chroma SDK\\bin;C:\\Program Files (x86)\\Razer\\ChromaBroadcast\\bin;C:\\Program Files\\Razer\\ChromaBroadcast\\bin;C:\\Program Files (x86)\\Common Files\\Intel\\Shared Libraries\\redist\\intel64_win\\compiler;C:\\Program Files (x86)\\Common Files\\Oracle\\Java\\javapath;C:\\Program Files (x86)\\Common Files\\Intel\\Shared Libraries\\redist\\intel64\\compiler;C:\\WINDOWS\\system32;C:\\WINDOWS;C:\\WINDOWS\\System32\\Wbem;C:\\WINDOWS\\System32\\WindowsPowerShell\\v1.0\\;C:\\WINDOWS\\System32\\OpenSSH\\;C:\\Program Files (x86)\\NVIDIA Corporation\\PhysX\\Common;C:\\Program Files\\NVIDIA Corporation\\NVIDIA NvDLISR;C:\\WINDOWS\\system32;C:\\WINDOWS;C:\\WINDOWS\\System32\\Wbem;C:\\WINDOWS\\System32\\WindowsPowerShell\\v1.0\\;C:\\WINDOWS\\System32\\OpenSSH\\;D:\\hollybae\\ffmpeg-4.1.3-win64-static\\ffmpeg-4.1.3-win64-static\\bin;C:\\Program Files\\dotnet\\;C:\\WINDOWS\\system32\\config\\systemprofile\\AppData\\Local\\Microsoft\\WindowsApps;C:\\Users\\holla\\AppData\\Local\\Microsoft\\WindowsApps;C:\\Panda3D-1.10.4.1-x64\\python;C:\\Panda3D-1.10.4.1-x64\\python\\Scripts;C:\\Panda3D-1.10.4.1-x64\\bin;C:\\Panda3D-1.11.0-x64\\python;C:\\Panda3D-1.11.0-x64\\python\\Scripts;C:\\Panda3D-1.11.0-x64\\bin', 'SYSTEMROOT': 'C:\\WINDOWS', 'MIC_LD_LIBRARY_PATH': 'C:\\Program Files (x86)\\Common Files\\Intel\\Shared Libraries\\compiler\\lib\\intel64_win_mic', 'COMSPEC': 'C:\\WINDOWS\\system32\\cmd.exe', 'DRIVERDATA': 'C:\\Windows\\System32\\Drivers\\DriverData', 'PPYTHON_PATH': '"C:\\Panda3D-1.11.0-x64\\python\\ppython.exe"', 'TEMP': 'C:\\Users\\holla\\AppData\\Local\\Temp', 'COMMONPROGRAMFILES(X86)': 'C:\\Program Files (x86)\\Common Files', 'PROCESSOR_ARCHITECTURE': 'AMD64', 'PROGRAMFILES(X86)': 'C:\\Program Files (x86)', 'ALLUSERSPROFILE': 'C:\\ProgramData', 'LOCALAPPDATA': 'C:\\Users\\holla\\AppData\\Local', 'FPS_BROWSER_USER_PROFILE_STRING': 'Default', 'HOMEPATH': '\\Users\\holla', 'USERDOMAIN_ROAMINGPROFILE': 'HOLLYBAES-PC', 'PROGRAMW6432': 'C:\\Program Files', 'USERNAME': 'holla', 'LOGONSERVER': '\\\\HOLLYBAES-PC', 'PROMPT': '$P$G', 'SESSIONNAME': 'Console', 'PROGRAMDATA': 'C:\\ProgramData', 'ONEDRIVE': 'C:\\Users\\holla\\OneDrive - University of Guelph', 'FPS_BROWSER_APP_PROFILE_STRING': 'Internet Explorer', 'PATHEXT': '.COM;.EXE;.BAT;.CMD;.VBS;.VBE;.JS;.JSE;.WSF;.WSH;.MSC', 'TTOFF_LOGIN_TOKEN': 'dev', 'ONEDRIVECOMMERCIAL': 'C:\\Users\\holla\\OneDrive - University of Guelph', 'WINDIR': 'C:\\WINDOWS', 'APPDATA': 'C:\\Users\\holla\\AppData\\Roaming', 'HOMEDRIVE': 'C:', 'SYSTEMDRIVE': 'C:', 'NUMBER_OF_PROCESSORS': '12', 'PROCESSOR_LEVEL': '6', 'RG_GPU_FRAMEWORK_ENGINE_RESOURCEDIR': 'C:\\Program Files\\Red Giant\\RGFX', 'COMMONPROGRAMW6432': 'C:\\Program Files\\Common Files', 'OS': 'Windows_NT', 'PUBLIC': 'C:\\Users\\Public', 'USERPROFILE': 'C:\\Users\\holla'}
:06-20-2020 15:38:54 TTOffLauncher: isTestServer: 0
:06-20-2020 15:38:54 TTOffLauncher: Game Server 127.0.0.1
:06-20-2020 15:38:54 TTOffLauncher: Starting Toontown Online... 
:06-20-2020 15:38:54 TTOffLauncher: foreground: Launcher now operating in foreground
useTTOffSpecificLogin=True
:06-20-2020 15:38:54 TTOffLauncher: maybeStartGame: starting game
:06-20-2020 15:38:54 TTOffLauncher: Starting Toontown Online...
:06-20-2020 15:38:54 TTOffLauncher: background: Launcher now operating in background
ToontownStart: Polling for game2 to finish...
ToontownStart: Game2 is finished.
ToontownStart: Starting the game.
ToontownStart: setting default font
:06-20-2020 15:38:54 TTOffLauncher: setting panda error code to 7
Known pipe types:
  wglGraphicsPipe
(all display modules loaded.)
:06-20-2020 15:38:54 ToonBase: Default graphics pipe is wglGraphicsPipe (OpenGL).
:06-20-2020 15:38:55 ToonBase: Successfully opened window of type wglGraphicsWindow (OpenGL)
:06-20-2020 15:38:55 ShowBase: __dev__ == False
:06-20-2020 15:38:55 TTOffLauncher: setting panda error code to 11
:06-20-2020 15:38:55 TTOffLauncher: setting panda error code to 0
ToontownStart: Loading default gui sounds
ToontownStart: serverVersion:  tto-dev
:06-20-2020 15:38:55 Loader: starting bulk load of block 'init'
:06-20-2020 15:39:02 :nativenet(error): Buffered_DatagramConnection Constructor rbufsize = 4096000 wbufsize = 4096000 write_flush_point = 1400
:06-20-2020 15:39:02 OTPClientRepository: Using connect method 'http'
:06-20-2020 15:39:08 TTOffLauncher: getRegistry ('DEPLOYMENT', None)
:06-20-2020 15:39:08 TTOffLauncher: checking env
:06-20-2020 15:39:08 TTOffLauncher: getRegistry ('GAME_DEPLOYMENT', None)
:06-20-2020 15:39:08 TTOffLauncher: checking env
:06-20-2020 15:39:08 OTPClientRepository: reg_deployment=
:06-20-2020 15:39:08 OTPClientRepository: required-login auto.
:06-20-2020 15:39:08 OTPClientRepository: loginInterface: LoginTTOffAccount
:06-20-2020 15:39:08 TTOffLauncher: getNeedPwForSecretKey using ttoff-specific-login
:06-20-2020 15:39:08 Loader: At end of block 'init', expected 138, loaded 13, duration=13.1097805
:06-20-2020 15:39:08 OTPClientRepository: Connecting to gameserver directly (no proxy).
:06-20-2020 15:39:08 OTPClientRepository: Connecting to //127.0.0.1:7198 via HTTP interface.
:06-20-2020 15:39:08 TTOffLauncher: Stopping mini task manager.
:06-20-2020 15:39:08 OTPClientRepository: Successfully connected to //127.0.0.1:7198.
:06-20-2020 15:39:08 TTOffLauncher: Setting Disconnect Details normal
{401000001: <toontown.distributed.ToontownDistrict.ToontownDistrict instance at 0x000000001CF0D748>}
:06-20-2020 15:39:10 StateData: AvatarChooser.enter
:06-20-2020 15:39:10 DisplayOptions: settingsFullScreen = False, embedded = False width=800 height=600
:06-20-2020 15:39:10 StateData: calling self.displayOptions.restrictToEmbedded(False)
:06-20-2020 15:40:41 OTPClientRepository: ================
:06-20-2020 15:40:41 OTPClientRepository: Chose avatar id: 100000014
:06-20-2020 15:40:41 OTPClientRepository: Chose avatar name: Holland
:06-20-2020 15:40:41 OTPClientRepository: Chose avatar dna: ('css', 'ms', 'm', 'm', 16, 0, 16, 16, 113, 27, 99, 27, 7, 21)
:06-20-2020 15:40:41 OTPClientRepository: Chose avatar position: 5
:06-20-2020 15:40:41 OTPClientRepository: isPaid: 1
:06-20-2020 15:40:41 OTPClientRepository: freeTimeLeft: 0
:06-20-2020 15:40:41 OTPClientRepository: allowSecretChat: True
:06-20-2020 15:40:41 OTPClientRepository: ================
:06-20-2020 15:40:41 Loader: starting bulk load of block 'localAvatarPlayGame'
:06-20-2020 15:40:42 ToontownTimeManager(warning): error parsing date string=
local
:06-20-2020 15:40:43 NewsPageButtonManager(warning): Should not get here. NewsPageButtonManager.exitOff
:06-20-2020 15:40:43 :pnmimage:png(warning): iCCP: known incorrect sRGB profile
:06-20-2020 15:40:46 OTPClientRepository: Entering shard 401000001
:06-20-2020 15:40:46 StreetSign: Street sign url is https://ttoffline.com/images/
:06-20-2020 15:40:47 StreetSign: Street Sign is up to date
:06-20-2020 15:40:47 TimeManager: Clock sync: TimeManager.announceGenerate
:06-20-2020 15:40:47 NewsManager: setHolidayId: Starting Holiday 19
:06-20-2020 15:40:47 InGameNewsMgr: latestIssue=2013-08-22 16:49:46.000003-07:00
cpu info: GenuineIntel|Intel(R) Core(TM) i7-8700K CPU @ 3.70GHz|591594|0|3.701,3.701|6,12 cpus
:06-20-2020 15:40:48 OTPClientRepository: No sync from TimeManager.
:06-20-2020 15:40:48 OTPClientRepository: gotTimeSync
:06-20-2020 15:40:48 Loader: At end of block 'localAvatarPlayGame', expected 400, loaded 23, duration=7.0963445
:06-20-2020 15:40:48 TimeManager: Clock sync roundtrip took 1102.142 ms
:06-20-2020 15:40:48 TimeManager: AI time delta is -0:01 from server delta
:06-20-2020 15:40:48 TimeManager: Local clock uncertainty +/- 0.551 s
:06-20-2020 15:40:48 PlayGame: QA-REGRESSION: NEIGHBORHOODS: Visit Lawbot HQ
:06-20-2020 15:40:48 Loader: starting bulk load of block 'hood'
:06-20-2020 15:40:49 OTPClientRepository: Sending heartbeat mid-frame.
:06-20-2020 15:40:50 LawbotCogHQLoader: loadPlaceGeom: 13000
:06-20-2020 15:40:51 DistributedObject: DistributedSuitPlanner 401002972: generating
:06-20-2020 15:40:51 DistributedToon: calling LocalAvatar.startchat
:06-20-2020 15:40:51 :loader(error): Couldn't load file phase_4/models/questmap/cog_hq_lawbot_maps.bam: not found on model path (currently: "/;/d/hollybae/Aly/Toontown-School-House/toontown/launcher;/c/Panda3D-1.11.0-x64/etc/..;/c/Panda3D-1.11.0-x64/etc/../models")
:06-20-2020 15:40:51 Loader: At end of block 'hood', expected 2, loaded 14, duration=2.8430978
:06-20-2020 15:40:53 Teleport(debug): teleportInDone: walk
:06-20-2020 15:40:53 :loader(error): Couldn't load file phase_4/models/questmap/cog_hq_lawbot_maps.bam: not found on model path (currently: "/;/d/hollybae/Aly/Toontown-School-House/toontown/launcher;/c/Panda3D-1.11.0-x64/etc/..;/c/Panda3D-1.11.0-x64/etc/../models")
local
:06-20-2020 15:40:59 TTOffMagicWordManager: Run mode has been toggled.
:06-20-2020 15:41:03 LawbotCogHQLoader: loadPlaceGeom: 13100
:06-20-2020 15:41:03 LawbotCogHQLoader: QA-REGRESSION: COGHQ: Visit LawbotLobby
:06-20-2020 15:41:04 LawbotHQExterior: Unloading Place (13000). Fsm in final
:06-20-2020 15:41:04 DistributedObject: DistributedSuitPlanner 401002972: disabling
:06-20-2020 15:41:04 DistributedToon: calling LocalAvatar.startchat
:06-20-2020 15:41:04 :loader(error): Couldn't load file phase_4/models/questmap/cog_hq_lawbot_maps.bam: not found on model path (currently: "/;/d/hollybae/Aly/Toontown-School-House/toontown/launcher;/c/Panda3D-1.11.0-x64/etc/..;/c/Panda3D-1.11.0-x64/etc/../models")
:06-20-2020 15:41:05 :loader(error): Couldn't load file phase_4/models/questmap/cog_hq_lawbot_maps.bam: not found on model path (currently: "/;/d/hollybae/Aly/Toontown-School-House/toontown/launcher;/c/Panda3D-1.11.0-x64/etc/..;/c/Panda3D-1.11.0-x64/etc/../models")
:06-20-2020 15:41:11 TTOffMagicWordManager: Run mode has been toggled.
:06-20-2020 15:41:13 TTOffMagicWordManager: Gave Holland an infinite amount of pies
:06-20-2020 15:41:17 LawbotCogHQLoader: loadPlaceGeom: 61000
:06-20-2020 15:41:17 LawbotCogHQLoader(warning): loadPlaceGeom: unclassified zone 61000
:06-20-2020 15:41:17 CogHQLobby: Unloading Place (13100). Fsm in final
:06-20-2020 15:41:18 DistributedLawbotBoss(warning): Not a collision node: LawbotCourtroom3.egg/-PandaNode/CR3/interior/CR3_Floor
:06-20-2020 15:41:18 DistributedToon: calling LocalAvatar.startchat
:06-20-2020 15:41:18 LawbotHQBossBattle(warning): fsm.request('movie') returned 0 (zone id 61000, avatar pos LPoint3f(-0.363562, -126.204, 0.193903)).
:06-20-2020 15:41:20 TTOffMagicWordManager: Voila!
:06-20-2020 15:41:32 TTOffMagicWordManager: Maxed out Holland's stats.
:06-20-2020 15:41:33 LawbotHQBossBattle(warning): fsm.request('movie') returned 0 (zone id 61000, avatar pos LPoint3f(-0.363562, -126.204, 0.193903)).
:06-20-2020 15:41:42 TTOffMagicWordManager: Presto!
:06-20-2020 15:41:45 TTOffMagicWordManager: This Magic Word doesn't exist! Did you mean skipmovie?
Battle Event localtoon-battle-event-3
:06-20-2020 15:42:03 TTOffMagicWordManager: Skipping current round...
:06-20-2020 15:42:37 Actor(warning): called actor.removeNode() on actor without calling cleanup()
:06-20-2020 15:42:37 Actor(warning): called actor.removeNode() on actor without calling cleanup()
:06-20-2020 15:42:37 Actor(warning): called actor.removeNode() on actor without calling cleanup()
:06-20-2020 15:42:37 Actor(warning): called actor.removeNode() on actor without calling cleanup()
:06-20-2020 15:42:37 Actor(warning): called actor.removeNode() on actor without calling cleanup()
:06-20-2020 15:42:37 Actor(warning): called actor.removeNode() on actor without calling cleanup()
:06-20-2020 15:42:37 Actor(warning): called actor.removeNode() on actor without calling cleanup()
:06-20-2020 15:42:37 Actor(warning): called actor.removeNode() on actor without calling cleanup()
:06-20-2020 15:42:37 Actor(warning): called actor.removeNode() on actor without calling cleanup()
:06-20-2020 15:42:37 Actor(warning): called actor.removeNode() on actor without calling cleanup()
:06-20-2020 15:42:37 Actor(warning): called actor.removeNode() on actor without calling cleanup()
:06-20-2020 15:42:37 Actor(warning): called actor.removeNode() on actor without calling cleanup()
:06-20-2020 15:42:37 LawbotHQBossBattle(warning): fsm.request('finalBattle') returned 0 (zone id 61000, avatar pos LPoint3f(-72, 9.6, 0)).
:06-20-2020 15:42:37 TTOffMagicWordManager: Restarting Scale Round
:06-20-2020 15:42:41 :linmath(warning): Tried to invert singular LMatrix3.
:06-20-2020 15:43:56 GarbageCollect(warning): garbage found, reverting gc threshold
:06-20-2020 15:45:00 TTOffMagicWordManager: Holland's max laff has been set to 15.
:06-20-2020 15:45:03 TTOffMagicWordManager: Holland's laff has been set to 5.
frame rate: 202.9 fps|0.001d|12 avs||411|411||0x0000|0x0000|935.8MB|1103.8MB|16235.6MB|571|nt.2.6.2|3.701,3.701|6,12 cpus|OpenGL
:06-20-2020 15:46:27 LawbotHQBossBattle(warning): fsm.request('finalBattle') returned 0 (zone id 61000, avatar pos LPoint3f(-23.5306, 19.922, -0.000319993)).
:06-20-2020 15:46:27 TTOffMagicWordManager: Restarting Scale Round
:06-20-2020 15:46:45 TTOffMagicWordManager: Alakazam!
:06-20-2020 15:47:05 TTOffMagicWordManager: Voila!
:06-20-2020 15:47:19 TTOffMagicWordManager: Ta-da!
:06-20-2020 15:47:34 TTOffMagicWordManager: Voila!
:06-20-2020 15:47:50 TTOffMagicWordManager: Abracadabra!
:06-20-2020 15:47:59 TTOffMagicWordManager: Alakazam!
:06-20-2020 15:48:12 TTOffMagicWordManager: Voila!
:06-20-2020 15:48:29 TTOffMagicWordManager: Abracadabra!
:06-20-2020 15:49:18 TTOffMagicWordManager: Holland's laff has been set to 5.
:06-20-2020 15:49:19 TTOffMagicWordManager: Ta-da!
:06-20-2020 15:49:30 TTOffMagicWordManager: Voila!
:06-20-2020 15:49:39 TTOffMagicWordManager: Voila!
:06-20-2020 15:49:53 TTOffMagicWordManager: Voila!
:06-20-2020 15:50:11 TTOffMagicWordManager: Ta-da!
:06-20-2020 15:50:25 TTOffMagicWordManager: Alakazam!
:06-20-2020 15:50:36 TTOffMagicWordManager: Ta-da!
frame rate: 154.4 fps|0.001d|12 avs||711|711||0x0000|0x0000|1224.6MB|1399.2MB|16235.6MB|668|nt.2.6.2|3.701,3.701|6,12 cpus|OpenGL
:06-20-2020 15:50:46 TTOffMagicWordManager: Presto!
:06-20-2020 15:50:59 TTOffMagicWordManager: Alakazam!
:06-20-2020 15:51:05 TTOffMagicWordManager: Presto!
:06-20-2020 15:51:20 TTOffMagicWordManager: Abracadabra!
:06-20-2020 15:51:33 TTOffMagicWordManager: Presto!
:06-20-2020 15:51:44 TTOffMagicWordManager: Alakazam!
:06-20-2020 15:51:46 TTOffMagicWordManager: Uh-oh! This Magic Word doesn't exist!
:06-20-2020 15:51:50 TTOffMagicWordManager: Ta-da!
:06-20-2020 15:52:08 TTOffMagicWordManager: Voila!
:06-20-2020 15:52:16 TTOffMagicWordManager: Presto!
:06-20-2020 15:52:43 TTOffMagicWordManager: Alakazam!
:06-20-2020 15:53:03 TTOffMagicWordManager: Presto!
:06-20-2020 15:53:25 TTOffMagicWordManager: Alakazam!
:06-20-2020 15:53:39 TTOffMagicWordManager: Voila!
:06-20-2020 15:53:57 TTOffMagicWordManager: Voila!
:06-20-2020 15:54:07 TTOffMagicWordManager: Abracadabra!
:06-20-2020 15:54:21 TTOffMagicWordManager: Ta-da!
:06-20-2020 15:54:31 TTOffMagicWordManager: Voila!
:06-20-2020 15:54:58 TTOffMagicWordManager: Presto!
:06-20-2020 15:55:10 TTOffMagicWordManager: Abracadabra!
:06-20-2020 15:55:20 TTOffMagicWordManager: Presto!
frame rate: 188.8 fps|0.001d|12 avs||1011|1011||0x0000|0x0000|1533.1MB|1708.0MB|16235.6MB|767|nt.2.6.2|3.701,3.701|6,12 cpus|OpenGL
:06-20-2020 15:55:48 TTOffMagicWordManager: Presto!
:06-20-2020 15:56:04 TTOffMagicWordManager: Presto!
:06-20-2020 15:56:23 TTOffMagicWordManager: Abracadabra!
:06-20-2020 15:56:32 TTOffMagicWordManager: Ta-da!
:06-20-2020 15:56:53 TTOffMagicWordManager: Voila!
:06-20-2020 15:57:08 TTOffMagicWordManager: Alakazam!
:06-20-2020 15:57:19 TTOffMagicWordManager: Abracadabra!
adding timeout task
adding timeout task
frame rate: 143.2 fps|0.001d|12 avs||1311|1311||0x0000|0x0000|1784.4MB|1959.9MB|16235.6MB|850|nt.2.6.2|3.701,3.701|6,12 cpus|OpenGL
:06-20-2020 16:01:42 TTOffMagicWordManager: Abracadabra!
:06-20-2020 16:01:52 TTOffMagicWordManager: Alakazam!
:06-20-2020 16:02:02 TTOffMagicWordManager: Presto!
:06-20-2020 16:02:04 TTOffMagicWordManager: Presto!
:06-20-2020 16:02:14 TTOffMagicWordManager: Voila!
:06-20-2020 16:02:36 TTOffMagicWordManager: Presto!
:06-20-2020 16:02:46 TTOffMagicWordManager: Alakazam!
:06-20-2020 16:02:54 TTOffMagicWordManager: Voila!
:06-20-2020 16:03:09 TTOffMagicWordManager: Ta-da!
:06-20-2020 16:03:19 TTOffMagicWordManager: Abracadabra!
:06-20-2020 16:03:34 TTOffMagicWordManager: Abracadabra!
:06-20-2020 16:03:53 TTOffMagicWordManager: Alakazam!
:06-20-2020 16:04:03 TTOffMagicWordManager: Ta-da!
:06-20-2020 16:04:14 TTOffMagicWordManager: Ta-da!
:06-20-2020 16:04:25 TTOffMagicWordManager: Voila!
:06-20-2020 16:04:34 TTOffMagicWordManager: Ta-da!
:06-20-2020 16:04:52 TTOffMagicWordManager: Alakazam!
:06-20-2020 16:05:00 TTOffMagicWordManager: Presto!
:06-20-2020 16:05:07 TTOffMagicWordManager: Voila!
:06-20-2020 16:05:14 TTOffMagicWordManager: Presto!
:06-20-2020 16:05:30 TTOffMagicWordManager: Presto!
:06-20-2020 16:05:42 TTOffMagicWordManager: Alakazam!
frame rate: 143.2 fps|0.001d|12 avs||1611|1611||0x0000|0x0000|2089.4MB|2265.5MB|16235.6MB|948|nt.2.6.2|3.701,3.701|6,12 cpus|OpenGL
:06-20-2020 16:05:52 TTOffMagicWordManager: Ta-da!
:06-20-2020 16:06:01 TTOffMagicWordManager: Abracadabra!
:06-20-2020 16:06:13 TTOffMagicWordManager: Abracadabra!
:06-20-2020 16:06:23 TTOffMagicWordManager: Voila!
:06-20-2020 16:06:32 TTOffMagicWordManager: Abracadabra!
:06-20-2020 16:06:45 TTOffMagicWordManager: Voila!
:06-20-2020 16:07:00 TTOffMagicWordManager: Voila!
:06-20-2020 16:07:12 TTOffMagicWordManager: Ta-da!
:06-20-2020 16:07:29 TTOffMagicWordManager: Abracadabra!
:06-20-2020 16:07:59 TTOffMagicWordManager: Ta-da!
:06-20-2020 16:08:24 TTOffMagicWordManager: Ta-da!
:06-20-2020 16:08:28 TTOffMagicWordManager: Alakazam!
:06-20-2020 16:08:47 TTOffMagicWordManager: Voila!
:06-20-2020 16:08:58 TTOffMagicWordManager: Alakazam!
:06-20-2020 16:09:32 TTOffMagicWordManager: Ta-da!
:06-20-2020 16:09:43 TTOffMagicWordManager: Ta-da!
:06-20-2020 16:09:58 TTOffMagicWordManager: Ta-da!
:06-20-2020 16:10:16 TTOffMagicWordManager: Alakazam!
:06-20-2020 16:10:26 TTOffMagicWordManager: Presto!
:06-20-2020 16:10:46 TimeManager: Clock sync: timer
frame rate: 143.1 fps|0.001d|12 avs||1911|1911||0x0000|0x0000|2399.3MB|2576.3MB|16235.6MB|1047|nt.2.6.2|3.701,3.701|6,12 cpus|OpenGL
:06-20-2020 16:10:46 TimeManager: Clock sync roundtrip took 56.140 ms
:06-20-2020 16:10:46 TimeManager: AI time delta is -0:00 from server delta
:06-20-2020 16:10:46 ClockDelta: previous delta at -0.979 s, +/- 1.051 s.
:06-20-2020 16:10:46 ClockDelta: new delta at -1.494 s, +/- 0.028 s.
:06-20-2020 16:10:46 ClockDelta: intersection at -1.494 s, +/- 0.028 s.
:06-20-2020 16:10:46 TimeManager: Local clock uncertainty +/- 0.028 s
:06-20-2020 16:10:56 TTOffMagicWordManager: Ta-da!
:06-20-2020 16:11:14 TTOffMagicWordManager: Presto!
:06-20-2020 16:11:36 TTOffMagicWordManager: Alakazam!
:06-20-2020 16:12:02 TTOffMagicWordManager: Presto!
:06-20-2020 16:12:16 TTOffMagicWordManager: Voila!
:06-20-2020 16:12:35 TTOffMagicWordManager: Ta-da!
:06-20-2020 16:14:40 TTOffMagicWordManager: Presto!
:06-20-2020 16:14:54 TTOffMagicWordManager: Presto!
:06-20-2020 16:15:15 TTOffMagicWordManager: Presto!
:06-20-2020 16:15:27 TTOffMagicWordManager: Ta-da!
:06-20-2020 16:15:44 TTOffMagicWordManager: Ta-da!
frame rate: 143.1 fps|0.001d|12 avs||2211|2211||0x0000|0x0000|2609.0MB|2875.0MB|16235.6MB|1143|nt.2.6.2|3.701,3.701|6,12 cpus|OpenGL
:06-20-2020 16:17:01 ToonBase: User closed main window.
:06-20-2020 16:17:01 TimeManager: Client disconnect reason 2.
:06-20-2020 16:17:01 LawbotHQBossBattle: Unloading Place (61000). Fsm in final
:06-20-2020 16:17:02 OTPClientRepository(warning): unclean exit, abandoning shard
ignoring InputState-forward
:06-20-2020 16:17:02 OTPClientRepository: sending clientLogout
:06-20-2020 16:17:02 LocalAvatar(warning): redundant call to stopUpdateSmartCamera
:06-20-2020 16:17:02 OTPClientRepository: Sent disconnect message to server
:06-20-2020 16:17:02 OTPClientRepository: Closing connection to server.
:06-20-2020 16:17:02 OTPClientRepository: Exiting cleanly
:06-20-2020 16:17:02 ToonBase: Exiting Toontown: errorCode = None
:06-20-2020 16:17:02 TTOffLauncher: setting panda error code to 0
:06-20-2020 16:17:02 TTOffLauncher: Normal exit.
