

Starting Toontown Online...
Current time: Mon Apr 20 22:36:30 2020 Eastern Standard Time
sys.path =  ['', 'C:\\Panda3D-1.11.0-x64\\python\\python27.zip', 'C:\\Panda3D-1.11.0-x64', 'C:\\Panda3D-1.11.0-x64\\python\\DLLs', 'C:\\Panda3D-1.11.0-x64\\python\\lib', 'C:\\Panda3D-1.11.0-x64\\python\\lib\\plat-win', 'C:\\Panda3D-1.11.0-x64\\python\\lib\\lib-tk', 'C:\\Panda3D-1.11.0-x64\\python', 'C:\\Panda3D-1.11.0-x64\\bin', 'C:\\Panda3D-1.11.0-x64\\python\\lib\\site-packages']
sys.argv =  ['D:\\hollybae\\Aly\\Toontown-School-House\\toontown\\launcher\\TTOffQuickStartLauncher.py']
generating standard configrc
os.environ =  {'TMP': 'C:\\Users\\holla\\AppData\\Local\\Temp', 'COMPUTERNAME': 'HOLLYBAES-PC', 'USERDOMAIN': 'HOLLYBAES-PC', 'INTEL_DEV_REDIST': 'C:\\Program Files (x86)\\Common Files\\Intel\\Shared Libraries\\', 'PSMODULEPATH': 'C:\\Program Files\\WindowsPowerShell\\Modules;C:\\WINDOWS\\system32\\WindowsPowerShell\\v1.0\\Modules', 'COMMONPROGRAMFILES': 'C:\\Program Files\\Common Files', 'PROCESSOR_IDENTIFIER': 'Intel64 Family 6 Model 158 Stepping 10, GenuineIntel', 'VBOX_MSI_INSTALL_PATH': 'C:\\Program Files\\Oracle\\VirtualBox\\', 'PROGRAMFILES': 'C:\\Program Files', 'PROCESSOR_REVISION': '9e0a', 'PATH': 'C:\\Panda3D-1.11.0-x64\\panda3d\\..\\bin;C:\\Program Files (x86)\\Razer Chroma SDK\\bin;C:\\Program Files\\Razer Chroma SDK\\bin;C:\\Program Files (x86)\\Razer\\ChromaBroadcast\\bin;C:\\Program Files\\Razer\\ChromaBroadcast\\bin;C:\\Program Files (x86)\\Common Files\\Intel\\Shared Libraries\\redist\\intel64_win\\compiler;C:\\Program Files (x86)\\Common Files\\Oracle\\Java\\javapath;C:\\Program Files (x86)\\Common Files\\Intel\\Shared Libraries\\redist\\intel64\\compiler;C:\\WINDOWS\\system32;C:\\WINDOWS;C:\\WINDOWS\\System32\\Wbem;C:\\WINDOWS\\System32\\WindowsPowerShell\\v1.0\\;C:\\WINDOWS\\System32\\OpenSSH\\;C:\\Program Files (x86)\\NVIDIA Corporation\\PhysX\\Common;C:\\Program Files\\NVIDIA Corporation\\NVIDIA NvDLISR;C:\\WINDOWS\\system32;C:\\WINDOWS;C:\\WINDOWS\\System32\\Wbem;C:\\WINDOWS\\System32\\WindowsPowerShell\\v1.0\\;C:\\WINDOWS\\System32\\OpenSSH\\;D:\\hollybae\\ffmpeg-4.1.3-win64-static\\ffmpeg-4.1.3-win64-static\\bin;C:\\Program Files\\dotnet\\;C:\\WINDOWS\\system32\\config\\systemprofile\\AppData\\Local\\Microsoft\\WindowsApps;C:\\Program Files (x86)\\QuickTime\\QTSystem\\;C:\\Users\\holla\\AppData\\Local\\Microsoft\\WindowsApps;C:\\Panda3D-1.10.4.1-x64\\python;C:\\Panda3D-1.10.4.1-x64\\python\\Scripts;C:\\Panda3D-1.10.4.1-x64\\bin;C:\\Panda3D-1.11.0-x64\\python;C:\\Panda3D-1.11.0-x64\\python\\Scripts;C:\\Panda3D-1.11.0-x64\\bin', 'SYSTEMROOT': 'C:\\WINDOWS', 'MIC_LD_LIBRARY_PATH': 'C:\\Program Files (x86)\\Common Files\\Intel\\Shared Libraries\\compiler\\lib\\intel64_win_mic', 'COMSPEC': 'C:\\WINDOWS\\system32\\cmd.exe', 'DRIVERDATA': 'C:\\Windows\\System32\\Drivers\\DriverData', 'PPYTHON_PATH': '"C:\\Panda3D-1.11.0-x64\\python\\ppython.exe"', 'TEMP': 'C:\\Users\\holla\\AppData\\Local\\Temp', 'COMMONPROGRAMFILES(X86)': 'C:\\Program Files (x86)\\Common Files', 'PROCESSOR_ARCHITECTURE': 'AMD64', 'PROGRAMFILES(X86)': 'C:\\Program Files (x86)', 'ALLUSERSPROFILE': 'C:\\ProgramData', 'LOCALAPPDATA': 'C:\\Users\\holla\\AppData\\Local', 'FPS_BROWSER_USER_PROFILE_STRING': 'Default', 'HOMEPATH': '\\Users\\holla', 'USERDOMAIN_ROAMINGPROFILE': 'HOLLYBAES-PC', 'PROGRAMW6432': 'C:\\Program Files', 'USERNAME': 'holla', 'LOGONSERVER': '\\\\HOLLYBAES-PC', 'PROMPT': '$P$G', 'SESSIONNAME': 'Console', 'PROGRAMDATA': 'C:\\ProgramData', 'ONEDRIVE': 'C:\\Users\\holla\\OneDrive - University of Guelph', 'FPS_BROWSER_APP_PROFILE_STRING': 'Internet Explorer', 'PATHEXT': '.COM;.EXE;.BAT;.CMD;.VBS;.VBE;.JS;.JSE;.WSF;.WSH;.MSC', 'TTOFF_LOGIN_TOKEN': 'dev', 'ONEDRIVECOMMERCIAL': 'C:\\Users\\holla\\OneDrive - University of Guelph', 'WINDIR': 'C:\\WINDOWS', 'APPDATA': 'C:\\Users\\holla\\AppData\\Roaming', 'HOMEDRIVE': 'C:', 'SYSTEMDRIVE': 'C:', 'NUMBER_OF_PROCESSORS': '12', 'PROCESSOR_LEVEL': '6', 'RG_GPU_FRAMEWORK_ENGINE_RESOURCEDIR': 'C:\\Program Files\\Red Giant\\RGFX', 'COMMONPROGRAMW6432': 'C:\\Program Files\\Common Files', 'OS': 'Windows_NT', 'PUBLIC': 'C:\\Users\\Public', 'USERPROFILE': 'C:\\Users\\holla'}
:04-20-2020 22:36:30 TTOffLauncher: isTestServer: 0
:04-20-2020 22:36:30 TTOffLauncher: Game Server 127.0.0.1
:04-20-2020 22:36:30 TTOffLauncher: Starting Toontown Online... 
:04-20-2020 22:36:30 TTOffLauncher: foreground: Launcher now operating in foreground
useTTOffSpecificLogin=True
:04-20-2020 22:36:30 TTOffLauncher: maybeStartGame: starting game
:04-20-2020 22:36:30 TTOffLauncher: Starting Toontown Online...
:04-20-2020 22:36:30 TTOffLauncher: background: Launcher now operating in background
ToontownStart: Polling for game2 to finish...
ToontownStart: Game2 is finished.
ToontownStart: Starting the game.
ToontownStart: setting default font
:04-20-2020 22:36:30 TTOffLauncher: setting panda error code to 7
Known pipe types:
  wglGraphicsPipe
(all display modules loaded.)
:04-20-2020 22:36:30 ToonBase: Default graphics pipe is wglGraphicsPipe (OpenGL).
:04-20-2020 22:36:30 ToonBase: Successfully opened window of type wglGraphicsWindow (OpenGL)
:04-20-2020 22:36:30 ShowBase: __dev__ == False
:04-20-2020 22:36:30 TTOffLauncher: setting panda error code to 11
:04-20-2020 22:36:30 TTOffLauncher: setting panda error code to 0
ToontownStart: Loading default gui sounds
ToontownStart: serverVersion:  tto-dev
:04-20-2020 22:36:30 Loader: starting bulk load of block 'init'
:04-20-2020 22:36:31 :nativenet(error): Buffered_DatagramConnection Constructor rbufsize = 4096000 wbufsize = 4096000 write_flush_point = 1400
:04-20-2020 22:36:31 OTPClientRepository: Using connect method 'http'
:04-20-2020 22:36:31 TTOffLauncher: getRegistry ('DEPLOYMENT', None)
:04-20-2020 22:36:31 TTOffLauncher: checking env
:04-20-2020 22:36:31 TTOffLauncher: getRegistry ('GAME_DEPLOYMENT', None)
:04-20-2020 22:36:31 TTOffLauncher: checking env
:04-20-2020 22:36:31 OTPClientRepository: reg_deployment=
:04-20-2020 22:36:31 OTPClientRepository: required-login auto.
:04-20-2020 22:36:31 OTPClientRepository: loginInterface: LoginTTOffAccount
:04-20-2020 22:36:31 TTOffLauncher: getNeedPwForSecretKey using ttoff-specific-login
:04-20-2020 22:36:31 Loader: At end of block 'init', expected 138, loaded 4, duration=0.9791005
:04-20-2020 22:36:31 OTPClientRepository: Connecting to gameserver directly (no proxy).
:04-20-2020 22:36:31 OTPClientRepository: Connecting to //127.0.0.1:7198 via HTTP interface.
:04-20-2020 22:36:31 TTOffLauncher: Stopping mini task manager.
:04-20-2020 22:36:31 OTPClientRepository: Successfully connected to //127.0.0.1:7198.
:04-20-2020 22:36:31 TTOffLauncher: Setting Disconnect Details normal
{401000001: <toontown.distributed.ToontownDistrict.ToontownDistrict instance at 0x000000001CD51788>}
:04-20-2020 22:36:32 StateData: AvatarChooser.enter
:04-20-2020 22:36:32 DisplayOptions: settingsFullScreen = False, embedded = False width=800 height=600
:04-20-2020 22:36:32 StateData: calling self.displayOptions.restrictToEmbedded(False)
:04-20-2020 22:36:52 OTPClientRepository: ================
:04-20-2020 22:36:52 OTPClientRepository: Chose avatar id: 100000014
:04-20-2020 22:36:52 OTPClientRepository: Chose avatar name: Hollybae
:04-20-2020 22:36:52 OTPClientRepository: Chose avatar dna: ('css', 'ms', 'm', 'm', 16, 0, 16, 16, 113, 27, 99, 27, 7, 21)
:04-20-2020 22:36:52 OTPClientRepository: Chose avatar position: 5
:04-20-2020 22:36:52 OTPClientRepository: isPaid: 1
:04-20-2020 22:36:52 OTPClientRepository: freeTimeLeft: 0
:04-20-2020 22:36:52 OTPClientRepository: allowSecretChat: True
:04-20-2020 22:36:52 OTPClientRepository: ================
:04-20-2020 22:36:52 Loader: starting bulk load of block 'localAvatarPlayGame'
:04-20-2020 22:36:53 ToontownTimeManager(warning): error parsing date string=
local
:04-20-2020 22:36:53 NewsPageButtonManager(warning): Should not get here. NewsPageButtonManager.exitOff
:04-20-2020 22:36:53 :pnmimage:png(warning): iCCP: known incorrect sRGB profile
:04-20-2020 22:36:54 OTPClientRepository: Entering shard 401000001
:04-20-2020 22:36:54 StreetSign: Street sign url is https://ttoffline.com/images/
:04-20-2020 22:36:55 StreetSign: Street Sign is up to date
:04-20-2020 22:36:55 TimeManager: Clock sync: TimeManager.announceGenerate
:04-20-2020 22:36:55 NewsManager: setHolidayId: Starting Holiday 14
:04-20-2020 22:36:55 InGameNewsMgr: latestIssue=2013-08-22 16:49:46.000003-07:00
cpu info: GenuineIntel|Intel(R) Core(TM) i7-8700K CPU @ 3.70GHz|591594|0|3.701,3.701|6,12 cpus
:04-20-2020 22:36:56 OTPClientRepository: No sync from TimeManager.
:04-20-2020 22:36:56 OTPClientRepository: gotTimeSync
:04-20-2020 22:36:56 Loader: At end of block 'localAvatarPlayGame', expected 400, loaded 8, duration=4.118822
:04-20-2020 22:36:56 TimeManager: Clock sync roundtrip took 1087.488 ms
:04-20-2020 22:36:56 TimeManager: AI time delta is -0:01 from server delta
:04-20-2020 22:36:56 TimeManager: Local clock uncertainty +/- 0.544 s
:04-20-2020 22:36:56 PlayGame: QA-REGRESSION: NEIGHBORHOODS: Visit Lawbot HQ
:04-20-2020 22:36:56 Loader: starting bulk load of block 'hood'
:04-20-2020 22:36:57 LawbotCogHQLoader: loadPlaceGeom: 13000
:04-20-2020 22:36:57 DistributedObject: DistributedSuitPlanner 401002972: generating
:04-20-2020 22:36:57 DistributedToon: calling LocalAvatar.startchat
:04-20-2020 22:36:57 :loader(error): Couldn't load file phase_4/models/questmap/cog_hq_lawbot_maps.bam: not found on model path (currently: "/;/d/hollybae/Aly/Toontown-School-House/toontown/launcher;/c/Panda3D-1.11.0-x64/etc/..;/c/Panda3D-1.11.0-x64/etc/../models")
:04-20-2020 22:36:57 Loader: At end of block 'hood', expected 2, loaded 3, duration=0.7771027
:04-20-2020 22:36:59 Teleport(debug): teleportInDone: walk
:04-20-2020 22:36:59 :loader(error): Couldn't load file phase_4/models/questmap/cog_hq_lawbot_maps.bam: not found on model path (currently: "/;/d/hollybae/Aly/Toontown-School-House/toontown/launcher;/c/Panda3D-1.11.0-x64/etc/..;/c/Panda3D-1.11.0-x64/etc/../models")
:04-20-2020 22:37:17 TTOffMagicWordManager: Run mode has been toggled.
:04-20-2020 22:37:22 TTOffMagicWordManager: Gave Hollybae an infinite amount of pies
:04-20-2020 22:37:22 LawbotCogHQLoader: loadPlaceGeom: 13100
:04-20-2020 22:37:22 LawbotCogHQLoader: QA-REGRESSION: COGHQ: Visit LawbotLobby
:04-20-2020 22:37:22 LawbotHQExterior: Unloading Place (13000). Fsm in final
:04-20-2020 22:37:22 DistributedObject: DistributedSuitPlanner 401002972: disabling
:04-20-2020 22:37:22 DistributedToon: calling LocalAvatar.startchat
:04-20-2020 22:37:22 :loader(error): Couldn't load file phase_4/models/questmap/cog_hq_lawbot_maps.bam: not found on model path (currently: "/;/d/hollybae/Aly/Toontown-School-House/toontown/launcher;/c/Panda3D-1.11.0-x64/etc/..;/c/Panda3D-1.11.0-x64/etc/../models")
:04-20-2020 22:37:23 :loader(error): Couldn't load file phase_4/models/questmap/cog_hq_lawbot_maps.bam: not found on model path (currently: "/;/d/hollybae/Aly/Toontown-School-House/toontown/launcher;/c/Panda3D-1.11.0-x64/etc/..;/c/Panda3D-1.11.0-x64/etc/../models")
:04-20-2020 22:37:29 TTOffMagicWordManager: Ta-da!
:04-20-2020 22:37:30 TTOffMagicWordManager: Run mode has been toggled.
:04-20-2020 22:37:36 LawbotCogHQLoader: loadPlaceGeom: 61000
:04-20-2020 22:37:36 LawbotCogHQLoader(warning): loadPlaceGeom: unclassified zone 61000
:04-20-2020 22:37:36 CogHQLobby: Unloading Place (13100). Fsm in final
:04-20-2020 22:37:36 DistributedLawbotBoss(warning): Not a collision node: LawbotCourtroom3.egg/-PandaNode/CR3/interior/CR3_Floor
:04-20-2020 22:37:36 DistributedToon: calling LocalAvatar.startchat
:04-20-2020 22:37:36 LawbotHQBossBattle(warning): fsm.request('movie') returned 0 (zone id 61000, avatar pos LPoint3f(-0.363562, -126.204, 0.193903)).
:04-20-2020 22:37:38 TTOffMagicWordManager: Restarting Scale Round
:04-20-2020 22:37:39 :linmath(warning): Tried to invert singular LMatrix3.
:04-20-2020 22:41:30 GarbageCollect(warning): garbage found, reverting gc threshold
frame rate: 238.4 fps|0.001d|12 avs||323|324||0x0000|0x0000|1158.2MB|1265.8MB|16235.6MB|625|nt.2.6.2|3.701,3.701|6,12 cpus|OpenGL
frame rate: 255.3 fps|0.001d|12 avs||623|624||0x0000|0x0000|1485.9MB|1594.1MB|16235.6MB|729|nt.2.6.2|3.701,3.701|6,12 cpus|OpenGL
frame rate: 262.4 fps|0.000d|12 avs||923|924||0x0000|0x0000|1791.8MB|1900.9MB|16235.6MB|827|nt.2.6.2|3.701,3.701|6,12 cpus|OpenGL
adding timeout task
adding timeout task
frame rate: 280.2 fps|0.001d|12 avs||1223|1224||0x0000|0x0000|2083.5MB|2193.2MB|16235.6MB|927|nt.2.6.2|3.701,3.701|6,12 cpus|OpenGL
