

Starting Toontown Online...
Current time: Fri May  1 03:11:44 2020 Eastern Standard Time
sys.path =  ['', 'C:\\Panda3D-1.11.0-x64\\python\\python27.zip', 'C:\\Panda3D-1.11.0-x64', 'C:\\Panda3D-1.11.0-x64\\python\\DLLs', 'C:\\Panda3D-1.11.0-x64\\python\\lib', 'C:\\Panda3D-1.11.0-x64\\python\\lib\\plat-win', 'C:\\Panda3D-1.11.0-x64\\python\\lib\\lib-tk', 'C:\\Panda3D-1.11.0-x64\\python', 'C:\\Panda3D-1.11.0-x64\\bin', 'C:\\Panda3D-1.11.0-x64\\python\\lib\\site-packages']
sys.argv =  ['D:\\hollybae\\Aly\\Toontown-School-House\\toontown\\launcher\\TTOffQuickStartLauncher.py']
generating standard configrc
os.environ =  {'TMP': 'C:\\Users\\holla\\AppData\\Local\\Temp', 'COMPUTERNAME': 'HOLLYBAES-PC', 'USERDOMAIN': 'HOLLYBAES-PC', 'INTEL_DEV_REDIST': 'C:\\Program Files (x86)\\Common Files\\Intel\\Shared Libraries\\', 'PSMODULEPATH': 'C:\\Program Files\\WindowsPowerShell\\Modules;C:\\WINDOWS\\system32\\WindowsPowerShell\\v1.0\\Modules', 'COMMONPROGRAMFILES': 'C:\\Program Files\\Common Files', 'PROCESSOR_IDENTIFIER': 'Intel64 Family 6 Model 158 Stepping 10, GenuineIntel', 'VBOX_MSI_INSTALL_PATH': 'C:\\Program Files\\Oracle\\VirtualBox\\', 'PROGRAMFILES': 'C:\\Program Files', 'PROCESSOR_REVISION': '9e0a', 'PATH': 'C:\\Panda3D-1.11.0-x64\\panda3d\\..\\bin;C:\\Program Files (x86)\\Razer Chroma SDK\\bin;C:\\Program Files\\Razer Chroma SDK\\bin;C:\\Program Files (x86)\\Razer\\ChromaBroadcast\\bin;C:\\Program Files\\Razer\\ChromaBroadcast\\bin;C:\\Program Files (x86)\\Common Files\\Intel\\Shared Libraries\\redist\\intel64_win\\compiler;C:\\Program Files (x86)\\Common Files\\Oracle\\Java\\javapath;C:\\Program Files (x86)\\Common Files\\Intel\\Shared Libraries\\redist\\intel64\\compiler;C:\\WINDOWS\\system32;C:\\WINDOWS;C:\\WINDOWS\\System32\\Wbem;C:\\WINDOWS\\System32\\WindowsPowerShell\\v1.0\\;C:\\WINDOWS\\System32\\OpenSSH\\;C:\\Program Files (x86)\\NVIDIA Corporation\\PhysX\\Common;C:\\Program Files\\NVIDIA Corporation\\NVIDIA NvDLISR;C:\\WINDOWS\\system32;C:\\WINDOWS;C:\\WINDOWS\\System32\\Wbem;C:\\WINDOWS\\System32\\WindowsPowerShell\\v1.0\\;C:\\WINDOWS\\System32\\OpenSSH\\;D:\\hollybae\\ffmpeg-4.1.3-win64-static\\ffmpeg-4.1.3-win64-static\\bin;C:\\Program Files\\dotnet\\;C:\\WINDOWS\\system32\\config\\systemprofile\\AppData\\Local\\Microsoft\\WindowsApps;C:\\Program Files (x86)\\QuickTime\\QTSystem\\;C:\\Users\\holla\\AppData\\Local\\Microsoft\\WindowsApps;C:\\Panda3D-1.10.4.1-x64\\python;C:\\Panda3D-1.10.4.1-x64\\python\\Scripts;C:\\Panda3D-1.10.4.1-x64\\bin;C:\\Panda3D-1.11.0-x64\\python;C:\\Panda3D-1.11.0-x64\\python\\Scripts;C:\\Panda3D-1.11.0-x64\\bin', 'SYSTEMROOT': 'C:\\WINDOWS', 'MIC_LD_LIBRARY_PATH': 'C:\\Program Files (x86)\\Common Files\\Intel\\Shared Libraries\\compiler\\lib\\intel64_win_mic', 'COMSPEC': 'C:\\WINDOWS\\system32\\cmd.exe', 'DRIVERDATA': 'C:\\Windows\\System32\\Drivers\\DriverData', 'PPYTHON_PATH': '"C:\\Panda3D-1.11.0-x64\\python\\ppython.exe"', 'TEMP': 'C:\\Users\\holla\\AppData\\Local\\Temp', 'COMMONPROGRAMFILES(X86)': 'C:\\Program Files (x86)\\Common Files', 'PROCESSOR_ARCHITECTURE': 'AMD64', 'PROGRAMFILES(X86)': 'C:\\Program Files (x86)', 'ALLUSERSPROFILE': 'C:\\ProgramData', 'LOCALAPPDATA': 'C:\\Users\\holla\\AppData\\Local', 'FPS_BROWSER_USER_PROFILE_STRING': 'Default', 'HOMEPATH': '\\Users\\holla', 'USERDOMAIN_ROAMINGPROFILE': 'HOLLYBAES-PC', 'PROGRAMW6432': 'C:\\Program Files', 'USERNAME': 'holla', 'LOGONSERVER': '\\\\HOLLYBAES-PC', 'PROMPT': '$P$G', 'SESSIONNAME': 'Console', 'PROGRAMDATA': 'C:\\ProgramData', 'ONEDRIVE': 'C:\\Users\\holla\\OneDrive - University of Guelph', 'FPS_BROWSER_APP_PROFILE_STRING': 'Internet Explorer', 'PATHEXT': '.COM;.EXE;.BAT;.CMD;.VBS;.VBE;.JS;.JSE;.WSF;.WSH;.MSC', 'TTOFF_LOGIN_TOKEN': 'dev', 'ONEDRIVECOMMERCIAL': 'C:\\Users\\holla\\OneDrive - University of Guelph', 'WINDIR': 'C:\\WINDOWS', 'APPDATA': 'C:\\Users\\holla\\AppData\\Roaming', 'HOMEDRIVE': 'C:', 'SYSTEMDRIVE': 'C:', 'NUMBER_OF_PROCESSORS': '12', 'PROCESSOR_LEVEL': '6', 'RG_GPU_FRAMEWORK_ENGINE_RESOURCEDIR': 'C:\\Program Files\\Red Giant\\RGFX', 'COMMONPROGRAMW6432': 'C:\\Program Files\\Common Files', 'OS': 'Windows_NT', 'PUBLIC': 'C:\\Users\\Public', 'USERPROFILE': 'C:\\Users\\holla'}
:05-01-2020 03:11:44 TTOffLauncher: isTestServer: 0
:05-01-2020 03:11:44 TTOffLauncher: Game Server 127.0.0.1
:05-01-2020 03:11:44 TTOffLauncher: Starting Toontown Online... 
:05-01-2020 03:11:44 TTOffLauncher: foreground: Launcher now operating in foreground
useTTOffSpecificLogin=True
:05-01-2020 03:11:44 TTOffLauncher: maybeStartGame: starting game
:05-01-2020 03:11:44 TTOffLauncher: Starting Toontown Online...
:05-01-2020 03:11:44 TTOffLauncher: background: Launcher now operating in background
ToontownStart: Polling for game2 to finish...
ToontownStart: Game2 is finished.
ToontownStart: Starting the game.
ToontownStart: setting default font
:05-01-2020 03:11:44 TTOffLauncher: setting panda error code to 7
Known pipe types:
  wglGraphicsPipe
(all display modules loaded.)
:05-01-2020 03:11:44 ToonBase: Default graphics pipe is wglGraphicsPipe (OpenGL).
:05-01-2020 03:11:44 ToonBase: Successfully opened window of type wglGraphicsWindow (OpenGL)
:05-01-2020 03:11:44 ShowBase: __dev__ == False
:05-01-2020 03:11:45 TTOffLauncher: setting panda error code to 11
:05-01-2020 03:11:45 TTOffLauncher: setting panda error code to 0
ToontownStart: Loading default gui sounds
ToontownStart: serverVersion:  tto-dev
:05-01-2020 03:11:45 Loader: starting bulk load of block 'init'
:05-01-2020 03:11:49 :nativenet(error): Buffered_DatagramConnection Constructor rbufsize = 4096000 wbufsize = 4096000 write_flush_point = 1400
:05-01-2020 03:11:49 OTPClientRepository: Using connect method 'http'
:05-01-2020 03:11:53 TTOffLauncher: getRegistry ('DEPLOYMENT', None)
:05-01-2020 03:11:53 TTOffLauncher: checking env
:05-01-2020 03:11:53 TTOffLauncher: getRegistry ('GAME_DEPLOYMENT', None)
:05-01-2020 03:11:53 TTOffLauncher: checking env
:05-01-2020 03:11:53 OTPClientRepository: reg_deployment=
:05-01-2020 03:11:53 OTPClientRepository: required-login auto.
:05-01-2020 03:11:53 OTPClientRepository: loginInterface: LoginTTOffAccount
:05-01-2020 03:11:53 TTOffLauncher: getNeedPwForSecretKey using ttoff-specific-login
:05-01-2020 03:11:53 Loader: At end of block 'init', expected 138, loaded 11, duration=7.8591605
:05-01-2020 03:11:53 OTPClientRepository: Connecting to gameserver directly (no proxy).
:05-01-2020 03:11:53 OTPClientRepository: Connecting to //127.0.0.1:7198 via HTTP interface.
:05-01-2020 03:11:53 TTOffLauncher: Stopping mini task manager.
:05-01-2020 03:11:53 OTPClientRepository: Successfully connected to //127.0.0.1:7198.
:05-01-2020 03:11:53 TTOffLauncher: Setting Disconnect Details normal
{401000001: <toontown.distributed.ToontownDistrict.ToontownDistrict instance at 0x000000001D882788>}
:05-01-2020 03:11:54 StateData: AvatarChooser.enter
:05-01-2020 03:11:54 DisplayOptions: settingsFullScreen = False, embedded = False width=800 height=600
:05-01-2020 03:11:54 StateData: calling self.displayOptions.restrictToEmbedded(False)
:05-01-2020 03:12:24 OTPClientRepository: ================
:05-01-2020 03:12:24 OTPClientRepository: Chose avatar id: 100000014
:05-01-2020 03:12:24 OTPClientRepository: Chose avatar name: Hollybae
:05-01-2020 03:12:24 OTPClientRepository: Chose avatar dna: ('css', 'ms', 'm', 'm', 16, 0, 16, 16, 113, 27, 99, 27, 7, 21)
:05-01-2020 03:12:24 OTPClientRepository: Chose avatar position: 5
:05-01-2020 03:12:24 OTPClientRepository: isPaid: 1
:05-01-2020 03:12:24 OTPClientRepository: freeTimeLeft: 0
:05-01-2020 03:12:24 OTPClientRepository: allowSecretChat: True
:05-01-2020 03:12:24 OTPClientRepository: ================
:05-01-2020 03:12:24 Loader: starting bulk load of block 'localAvatarPlayGame'
:05-01-2020 03:12:25 ToontownTimeManager(warning): error parsing date string=
local
:05-01-2020 03:12:25 NewsPageButtonManager(warning): Should not get here. NewsPageButtonManager.exitOff
:05-01-2020 03:12:25 :pnmimage:png(warning): iCCP: known incorrect sRGB profile
:05-01-2020 03:12:28 OTPClientRepository: Entering shard 401000001
:05-01-2020 03:12:28 StreetSign: Street sign url is https://ttoffline.com/images/
:05-01-2020 03:12:29 StreetSign: Street Sign is up to date
:05-01-2020 03:12:29 TimeManager: Clock sync: TimeManager.announceGenerate
:05-01-2020 03:12:29 InGameNewsMgr: latestIssue=2013-08-22 16:49:46.000003-07:00
cpu info: GenuineIntel|Intel(R) Core(TM) i7-8700K CPU @ 3.70GHz|591594|0|3.701,3.701|6,12 cpus
:05-01-2020 03:12:31 OTPClientRepository: No sync from TimeManager.
:05-01-2020 03:12:31 OTPClientRepository: gotTimeSync
:05-01-2020 03:12:31 Loader: At end of block 'localAvatarPlayGame', expected 400, loaded 17, duration=6.9614723
:05-01-2020 03:12:31 TimeManager: Clock sync roundtrip took 2178.782 ms
:05-01-2020 03:12:31 TimeManager: AI time delta is -0:02 from server delta
:05-01-2020 03:12:31 TimeManager: Local clock uncertainty +/- 1.090 s
:05-01-2020 03:12:31 TimeManager: Uncertainty is too high, trying again.
:05-01-2020 03:12:31 PlayGame: QA-REGRESSION: NEIGHBORHOODS: Visit Lawbot HQ
:05-01-2020 03:12:31 Loader: starting bulk load of block 'hood'
:05-01-2020 03:12:33 LawbotCogHQLoader: loadPlaceGeom: 13000
:05-01-2020 03:12:33 OTPClientRepository: Sending heartbeat mid-frame.
:05-01-2020 03:12:33 TimeManager: Clock sync roundtrip took 2051.218 ms
:05-01-2020 03:12:33 TimeManager: AI time delta is -0:02 from server delta
:05-01-2020 03:12:33 ClockDelta: previous delta at 0.022 s, +/- 1.090 s.
:05-01-2020 03:12:33 ClockDelta: new delta at -0.072 s, +/- 1.026 s.
:05-01-2020 03:12:33 ClockDelta: intersection at -0.057 s, +/- 1.011 s.
:05-01-2020 03:12:33 TimeManager: Local clock uncertainty +/- 1.011 s
:05-01-2020 03:12:33 TimeManager: Uncertainty is too high, trying again.
:05-01-2020 03:12:33 DistributedObject: DistributedSuitPlanner 401002972: generating
:05-01-2020 03:12:33 DistributedToon: calling LocalAvatar.startchat
:05-01-2020 03:12:33 :loader(error): Couldn't load file phase_4/models/questmap/cog_hq_lawbot_maps.bam: not found on model path (currently: "/;/d/hollybae/Aly/Toontown-School-House/toontown/launcher;/c/Panda3D-1.11.0-x64/etc/..;/c/Panda3D-1.11.0-x64/etc/../models")
:05-01-2020 03:12:33 Loader: At end of block 'hood', expected 2, loaded 10, duration=2.1892879
:05-01-2020 03:12:33 TimeManager: Clock sync roundtrip took 137.047 ms
:05-01-2020 03:12:33 TimeManager: AI time delta is -0:00 from server delta
:05-01-2020 03:12:33 ClockDelta: previous delta at -0.057 s, +/- 1.011 s.
:05-01-2020 03:12:33 ClockDelta: new delta at -1.016 s, +/- 0.069 s.
:05-01-2020 03:12:33 ClockDelta: intersection at -1.008 s, +/- 0.061 s.
:05-01-2020 03:12:33 TimeManager: Local clock uncertainty +/- 0.061 s
:05-01-2020 03:12:35 Teleport(debug): teleportInDone: walk
:05-01-2020 03:12:35 :loader(error): Couldn't load file phase_4/models/questmap/cog_hq_lawbot_maps.bam: not found on model path (currently: "/;/d/hollybae/Aly/Toontown-School-House/toontown/launcher;/c/Panda3D-1.11.0-x64/etc/..;/c/Panda3D-1.11.0-x64/etc/../models")
:05-01-2020 03:12:38 TTOffMagicWordManager: Run mode has been toggled.
:05-01-2020 03:12:44 LawbotCogHQLoader: loadPlaceGeom: 13100
:05-01-2020 03:12:44 LawbotCogHQLoader: QA-REGRESSION: COGHQ: Visit LawbotLobby
:05-01-2020 03:12:44 LawbotHQExterior: Unloading Place (13000). Fsm in final
:05-01-2020 03:12:44 DistributedObject: DistributedSuitPlanner 401002972: disabling
:05-01-2020 03:12:44 DistributedToon: calling LocalAvatar.startchat
:05-01-2020 03:12:44 :loader(error): Couldn't load file phase_4/models/questmap/cog_hq_lawbot_maps.bam: not found on model path (currently: "/;/d/hollybae/Aly/Toontown-School-House/toontown/launcher;/c/Panda3D-1.11.0-x64/etc/..;/c/Panda3D-1.11.0-x64/etc/../models")
:05-01-2020 03:12:46 :loader(error): Couldn't load file phase_4/models/questmap/cog_hq_lawbot_maps.bam: not found on model path (currently: "/;/d/hollybae/Aly/Toontown-School-House/toontown/launcher;/c/Panda3D-1.11.0-x64/etc/..;/c/Panda3D-1.11.0-x64/etc/../models")
:05-01-2020 03:12:51 TTOffMagicWordManager: Run mode has been toggled.
:05-01-2020 03:12:58 LawbotCogHQLoader: loadPlaceGeom: 61000
:05-01-2020 03:12:58 LawbotCogHQLoader(warning): loadPlaceGeom: unclassified zone 61000
:05-01-2020 03:12:58 CogHQLobby: Unloading Place (13100). Fsm in final
:05-01-2020 03:12:59 DistributedLawbotBoss(warning): Not a collision node: LawbotCourtroom3.egg/-PandaNode/CR3/interior/CR3_Floor
:05-01-2020 03:12:59 DistributedToon: calling LocalAvatar.startchat
:05-01-2020 03:12:59 LawbotHQBossBattle(warning): fsm.request('movie') returned 0 (zone id 61000, avatar pos LPoint3f(-0.363562, -126.204, 0.193903)).
:05-01-2020 03:13:01 TTOffMagicWordManager: Restarting Scale Round
:05-01-2020 03:13:04 :linmath(warning): Tried to invert singular LMatrix3.
:05-01-2020 03:14:42 TTOffMagicWordManager: Gave Hollybae an infinite amount of pies
:05-01-2020 03:14:48 TTOffMagicWordManager: Gave Hollybae an infinite amount of pies
:05-01-2020 03:15:25 TTOffMagicWordManager: Abracadabra!
:05-01-2020 03:16:46 GarbageCollect(warning): garbage found, reverting gc threshold
frame rate: 173.0 fps|0.002d|12 avs||342|344||0x0000|0x0000|863.9MB|974.2MB|16235.6MB|511|nt.2.6.2|3.701,3.701|6,12 cpus|OpenGL
:05-01-2020 03:17:47 TTOffMagicWordManager: Gave Hollybae an infinite amount of pies
frame rate: 215.9 fps|0.002d|12 avs||642|644||0x0000|0x0000|1094.2MB|1205.1MB|16235.6MB|588|nt.2.6.2|3.701,3.701|6,12 cpus|OpenGL
frame rate: 157.4 fps|0.001d|12 avs||943|944||0x0000|0x0000|1341.8MB|1453.1MB|16235.6MB|675|nt.2.6.2|3.701,3.701|6,12 cpus|OpenGL
frame rate: 143.1 fps|0.001d|12 avs||1243|1244||0x0000|0x0000|1584.1MB|1696.0MB|16235.6MB|761|nt.2.6.2|3.701,3.701|6,12 cpus|OpenGL
:05-01-2020 03:36:08 TTOffMagicWordManager: Voila!
:05-01-2020 03:36:17 TTOffMagicWordManager: Ta-da!
:05-01-2020 03:36:21 TTOffMagicWordManager: Hollybae's laff has been set to 14.
:05-01-2020 03:36:34 TTOffMagicWordManager: Abracadabra!
:05-01-2020 03:36:44 TTOffMagicWordManager: Presto!
:05-01-2020 03:36:56 TTOffMagicWordManager: Presto!
:05-01-2020 03:36:58 TTOffMagicWordManager: Alakazam!
frame rate: 187.5 fps|0.002d|12 avs||1543|1544||0x0000|0x0000|1820.5MB|1932.9MB|16235.6MB|846|nt.2.6.2|3.701,3.701|6,12 cpus|OpenGL
:05-01-2020 03:38:57 TTOffMagicWordManager: Presto!
:05-01-2020 03:39:21 TTOffMagicWordManager: Abracadabra!
:05-01-2020 03:39:33 TTOffMagicWordManager: Alakazam!
:05-01-2020 03:39:41 TTOffMagicWordManager: Presto!
:05-01-2020 03:40:10 TTOffMagicWordManager: Ta-da!
:05-01-2020 03:40:16 TTOffMagicWordManager: Abracadabra!
:05-01-2020 03:40:33 TTOffMagicWordManager: Abracadabra!
:05-01-2020 03:40:48 TTOffMagicWordManager: Voila!
:05-01-2020 03:41:00 TTOffMagicWordManager: Abracadabra!
:05-01-2020 03:41:32 TTOffMagicWordManager: Voila!
:05-01-2020 03:41:46 TTOffMagicWordManager: Ta-da!
:05-01-2020 03:41:56 TTOffMagicWordManager: Voila!
:05-01-2020 03:42:06 TTOffMagicWordManager: Voila!
:05-01-2020 03:42:15 TTOffMagicWordManager: Abracadabra!
:05-01-2020 03:42:28 TimeManager: Clock sync: timer
frame rate: 143.1 fps|0.001d|12 avs||1843|1844||0x0000|0x0000|2058.4MB|2171.3MB|16235.6MB|932|nt.2.6.2|3.701,3.701|6,12 cpus|OpenGL
:05-01-2020 03:42:28 TimeManager: Clock sync roundtrip took 14.118 ms
:05-01-2020 03:42:28 TimeManager: AI time delta is -0:00 from server delta
:05-01-2020 03:42:28 ClockDelta: previous delta at -1.008 s, +/- 0.559 s.
:05-01-2020 03:42:28 ClockDelta: new delta at -1.055 s, +/- 0.007 s.
:05-01-2020 03:42:28 ClockDelta: intersection at -1.055 s, +/- 0.007 s.
:05-01-2020 03:42:28 TimeManager: Local clock uncertainty +/- 0.007 s
:05-01-2020 03:42:31 TTOffMagicWordManager: Ta-da!
:05-01-2020 03:42:46 TTOffMagicWordManager: Voila!
:05-01-2020 03:42:56 TTOffMagicWordManager: Ta-da!
:05-01-2020 03:43:09 TTOffMagicWordManager: Voila!
:05-01-2020 03:43:18 TTOffMagicWordManager: Ta-da!
:05-01-2020 03:43:19 TTOffMagicWordManager: Alakazam!
:05-01-2020 03:43:33 TTOffMagicWordManager: Alakazam!
:05-01-2020 03:43:46 TTOffMagicWordManager: Abracadabra!
:05-01-2020 03:44:02 TTOffMagicWordManager: Alakazam!
:05-01-2020 03:44:16 TTOffMagicWordManager: Alakazam!
:05-01-2020 03:44:29 TTOffMagicWordManager: Alakazam!
:05-01-2020 03:44:43 TTOffMagicWordManager: Presto!
:05-01-2020 03:45:29 TTOffMagicWordManager: Alakazam!
:05-01-2020 03:45:38 TTOffMagicWordManager: Abracadabra!
:05-01-2020 03:45:55 TTOffMagicWordManager: Presto!
:05-01-2020 03:46:07 TTOffMagicWordManager: Voila!
:05-01-2020 03:46:21 TTOffMagicWordManager: Ta-da!
:05-01-2020 03:46:35 TTOffMagicWordManager: Ta-da!
:05-01-2020 03:46:59 TTOffMagicWordManager: Abracadabra!
:05-01-2020 03:47:20 TTOffMagicWordManager: Ta-da!
frame rate: 143.1 fps|0.001d|12 avs||2143|2144||0x0000|0x0000|1827.6MB|2407.3MB|16235.6MB|1018|nt.2.6.2|3.701,3.701|6,12 cpus|OpenGL
:05-01-2020 03:47:30 TTOffMagicWordManager: Voila!
:05-01-2020 03:47:49 TTOffMagicWordManager: Presto!
:05-01-2020 03:48:15 TTOffMagicWordManager: Ta-da!
:05-01-2020 03:48:28 TTOffMagicWordManager: Ta-da!
:05-01-2020 03:48:48 TTOffMagicWordManager: Alakazam!
:05-01-2020 03:48:59 TTOffMagicWordManager: Abracadabra!
:05-01-2020 03:49:14 TTOffMagicWordManager: Ta-da!
:05-01-2020 03:49:22 TTOffMagicWordManager: Presto!
:05-01-2020 03:49:36 TTOffMagicWordManager: Ta-da!
:05-01-2020 03:49:49 TTOffMagicWordManager: Ta-da!
:05-01-2020 03:49:58 TTOffMagicWordManager: Presto!
:05-01-2020 03:50:13 TTOffMagicWordManager: Voila!
:05-01-2020 03:50:22 TTOffMagicWordManager: Voila!
:05-01-2020 03:50:41 TTOffMagicWordManager: Alakazam!
:05-01-2020 03:51:09 TTOffMagicWordManager: Abracadabra!
:05-01-2020 03:51:21 TTOffMagicWordManager: Ta-da!
:05-01-2020 03:51:36 TTOffMagicWordManager: Alakazam!
:05-01-2020 03:51:56 TTOffMagicWordManager: Presto!
:05-01-2020 03:51:58 TTOffMagicWordManager: Alakazam!
:05-01-2020 03:52:16 TTOffMagicWordManager: Alakazam!
frame rate: 174.2 fps|0.002d|12 avs||2443|2444||0x0000|0x0000|1830.7MB|2641.9MB|16235.6MB|1496|nt.2.6.2|3.701,3.701|6,12 cpus|OpenGL
:05-01-2020 03:52:38 TTOffMagicWordManager: Ta-da!
:05-01-2020 03:52:55 TTOffMagicWordManager: Abracadabra!
:05-01-2020 03:53:05 TTOffMagicWordManager: Ta-da!
:05-01-2020 03:53:45 TTOffMagicWordManager: Presto!
:05-01-2020 03:54:07 TTOffMagicWordManager: Abracadabra!
:05-01-2020 03:54:19 TTOffMagicWordManager: Alakazam!
:05-01-2020 03:54:29 TTOffMagicWordManager: Ta-da!
:05-01-2020 03:56:28 TTOffMagicWordManager: Abracadabra!
:05-01-2020 03:56:39 TTOffMagicWordManager: Abracadabra!
:05-01-2020 03:57:06 TTOffMagicWordManager: Ta-da!
:05-01-2020 03:57:17 TTOffMagicWordManager: Voila!
frame rate: 143.1 fps|0.001d|12 avs||2743|2744||0x0000|0x0000|2063.2MB|2873.5MB|16235.6MB|1582|nt.2.6.2|3.701,3.701|6,12 cpus|OpenGL
:05-01-2020 03:57:28 TTOffMagicWordManager: Voila!
:05-01-2020 03:57:36 OTPClientRepository: Sending heartbeat mid-frame.
:05-01-2020 03:57:53 TTOffMagicWordManager: Voila!
:05-01-2020 03:58:03 TTOffMagicWordManager: Alakazam!
:05-01-2020 03:59:13 TTOffMagicWordManager: Presto!
:05-01-2020 03:59:27 TTOffMagicWordManager: Ta-da!
:05-01-2020 03:59:38 TTOffMagicWordManager: Voila!
:05-01-2020 03:59:52 TTOffMagicWordManager: Ta-da!
:05-01-2020 04:00:09 TTOffMagicWordManager: Alakazam!
:05-01-2020 04:00:22 TTOffMagicWordManager: Presto!
:05-01-2020 04:00:47 TTOffMagicWordManager: Ta-da!
:05-01-2020 04:01:01 TTOffMagicWordManager: Ta-da!
:05-01-2020 04:01:14 TTOffMagicWordManager: Ta-da!
:05-01-2020 04:01:25 TTOffMagicWordManager: Presto!
frame rate: 271.3 fps|0.001d|12 avs||3043|3044||0x0000|0x0000|2295.8MB|3110.1MB|16235.6MB|1690|nt.2.6.2|3.701,3.701|6,12 cpus|OpenGL
:05-01-2020 04:03:04 TTOffMagicWordManager: Alakazam!
:05-01-2020 04:03:14 TTOffMagicWordManager: Alakazam!
:05-01-2020 04:03:26 TTOffMagicWordManager: Abracadabra!
:05-01-2020 04:03:44 TTOffMagicWordManager: Presto!
:05-01-2020 04:03:57 TTOffMagicWordManager: Abracadabra!
:05-01-2020 04:04:10 TTOffMagicWordManager: Voila!
:05-01-2020 04:04:21 TTOffMagicWordManager: Abracadabra!
:05-01-2020 04:04:31 TTOffMagicWordManager: Abracadabra!
:05-01-2020 04:04:54 TTOffMagicWordManager: Presto!
:05-01-2020 04:05:26 TTOffMagicWordManager: Alakazam!
:05-01-2020 04:05:39 TTOffMagicWordManager: Presto!
:05-01-2020 04:05:51 TTOffMagicWordManager: Ta-da!
:05-01-2020 04:06:20 TTOffMagicWordManager: Voila!
:05-01-2020 04:06:54 TTOffMagicWordManager: Presto!
:05-01-2020 04:07:06 TTOffMagicWordManager: Abracadabra!
:05-01-2020 04:07:18 TTOffMagicWordManager: Presto!
frame rate: 142.8 fps|0.001d|12 avs||3343|3344||0x0000|0x0000|2516.6MB|3333.7MB|16235.6MB|1787|nt.2.6.2|3.701,3.701|6,12 cpus|OpenGL
:05-01-2020 04:07:31 TTOffMagicWordManager: Alakazam!
:05-01-2020 04:07:42 TTOffMagicWordManager: Voila!
:05-01-2020 04:07:53 TTOffMagicWordManager: Presto!
adding timeout task
adding timeout task
