

Starting Toontown Online...
Current time: Tue Mar  3 10:38:51 2020 Eastern Standard Time
sys.path =  ['', 'C:\\Panda3D-1.11.0-x64\\python\\python27.zip', 'C:\\Panda3D-1.11.0-x64', 'C:\\Panda3D-1.11.0-x64\\python\\DLLs', 'C:\\Panda3D-1.11.0-x64\\python\\lib', 'C:\\Panda3D-1.11.0-x64\\python\\lib\\plat-win', 'C:\\Panda3D-1.11.0-x64\\python\\lib\\lib-tk', 'C:\\Panda3D-1.11.0-x64\\python', 'C:\\Panda3D-1.11.0-x64\\bin', 'C:\\Panda3D-1.11.0-x64\\python\\lib\\site-packages']
sys.argv =  ['D:\\hollybae\\Aly\\Toontown-School-House\\toontown\\launcher\\TTOffQuickStartLauncher.py']
generating standard configrc
os.environ =  {'TMP': 'C:\\Users\\holla\\AppData\\Local\\Temp', 'COMPUTERNAME': 'HOLLYBAES-PC', 'USERDOMAIN': 'HOLLYBAES-PC', 'INTEL_DEV_REDIST': 'C:\\Program Files (x86)\\Common Files\\Intel\\Shared Libraries\\', 'PSMODULEPATH': 'C:\\Program Files\\WindowsPowerShell\\Modules;C:\\WINDOWS\\system32\\WindowsPowerShell\\v1.0\\Modules', 'COMMONPROGRAMFILES': 'C:\\Program Files\\Common Files', 'PROCESSOR_IDENTIFIER': 'Intel64 Family 6 Model 158 Stepping 10, GenuineIntel', 'VBOX_MSI_INSTALL_PATH': 'C:\\Program Files\\Oracle\\VirtualBox\\', 'PROGRAMFILES': 'C:\\Program Files', 'PROCESSOR_REVISION': '9e0a', 'PATH': 'C:\\Panda3D-1.11.0-x64\\panda3d\\..\\bin;C:\\Program Files (x86)\\Razer\\ChromaBroadcast\\bin;C:\\Program Files\\Razer\\ChromaBroadcast\\bin;C:\\Program Files (x86)\\Common Files\\Intel\\Shared Libraries\\redist\\intel64_win\\compiler;C:\\Program Files (x86)\\Common Files\\Oracle\\Java\\javapath;C:\\Program Files (x86)\\Common Files\\Intel\\Shared Libraries\\redist\\intel64\\compiler;C:\\WINDOWS\\system32;C:\\WINDOWS;C:\\WINDOWS\\System32\\Wbem;C:\\WINDOWS\\System32\\WindowsPowerShell\\v1.0\\;C:\\WINDOWS\\System32\\OpenSSH\\;C:\\Program Files\\NVIDIA Corporation\\NVIDIA NGX;C:\\Program Files (x86)\\NVIDIA Corporation\\PhysX\\Common;C:\\Program Files\\NVIDIA Corporation\\NVIDIA NvDLISR;C:\\WINDOWS\\system32;C:\\WINDOWS;C:\\WINDOWS\\System32\\Wbem;C:\\WINDOWS\\System32\\WindowsPowerShell\\v1.0\\;C:\\WINDOWS\\System32\\OpenSSH\\;D:\\hollybae\\ffmpeg-4.1.3-win64-static\\ffmpeg-4.1.3-win64-static\\bin;C:\\Program Files\\dotnet\\;C:\\WINDOWS\\system32\\config\\systemprofile\\AppData\\Local\\Microsoft\\WindowsApps;C:\\Program Files (x86)\\QuickTime\\QTSystem\\;C:\\Users\\holla\\AppData\\Local\\Microsoft\\WindowsApps;C:\\Panda3D-1.10.4.1-x64\\python;C:\\Panda3D-1.10.4.1-x64\\python\\Scripts;C:\\Panda3D-1.10.4.1-x64\\bin;C:\\Panda3D-1.11.0-x64\\python;C:\\Panda3D-1.11.0-x64\\python\\Scripts;C:\\Panda3D-1.11.0-x64\\bin', 'SYSTEMROOT': 'C:\\WINDOWS', 'MIC_LD_LIBRARY_PATH': 'C:\\Program Files (x86)\\Common Files\\Intel\\Shared Libraries\\compiler\\lib\\intel64_win_mic', 'COMSPEC': 'C:\\WINDOWS\\system32\\cmd.exe', 'DRIVERDATA': 'C:\\Windows\\System32\\Drivers\\DriverData', 'PPYTHON_PATH': '"C:\\Panda3D-1.11.0-x64\\python\\ppython.exe"', 'TEMP': 'C:\\Users\\holla\\AppData\\Local\\Temp', 'COMMONPROGRAMFILES(X86)': 'C:\\Program Files (x86)\\Common Files', 'PROCESSOR_ARCHITECTURE': 'AMD64', 'PROGRAMFILES(X86)': 'C:\\Program Files (x86)', 'ALLUSERSPROFILE': 'C:\\ProgramData', 'LOCALAPPDATA': 'C:\\Users\\holla\\AppData\\Local', 'FPS_BROWSER_USER_PROFILE_STRING': 'Default', 'HOMEPATH': '\\Users\\holla', 'USERDOMAIN_ROAMINGPROFILE': 'HOLLYBAES-PC', 'PROGRAMW6432': 'C:\\Program Files', 'USERNAME': 'holla', 'LOGONSERVER': '\\\\HOLLYBAES-PC', 'PROMPT': '$P$G', 'SESSIONNAME': 'Console', 'PROGRAMDATA': 'C:\\ProgramData', 'ONEDRIVE': 'C:\\Users\\holla\\OneDrive - University of Guelph', 'FPS_BROWSER_APP_PROFILE_STRING': 'Internet Explorer', 'PATHEXT': '.COM;.EXE;.BAT;.CMD;.VBS;.VBE;.JS;.JSE;.WSF;.WSH;.MSC', 'TTOFF_LOGIN_TOKEN': 'dev', 'ONEDRIVECOMMERCIAL': 'C:\\Users\\holla\\OneDrive - University of Guelph', 'WINDIR': 'C:\\WINDOWS', 'APPDATA': 'C:\\Users\\holla\\AppData\\Roaming', 'HOMEDRIVE': 'C:', 'SYSTEMDRIVE': 'C:', 'NUMBER_OF_PROCESSORS': '12', 'PROCESSOR_LEVEL': '6', 'RG_GPU_FRAMEWORK_ENGINE_RESOURCEDIR': 'C:\\Program Files\\Red Giant\\RGFX', 'COMMONPROGRAMW6432': 'C:\\Program Files\\Common Files', 'OS': 'Windows_NT', 'PUBLIC': 'C:\\Users\\Public', 'USERPROFILE': 'C:\\Users\\holla'}
:03-03-2020 10:38:51 TTOffLauncher: isTestServer: 0
:03-03-2020 10:38:51 TTOffLauncher: Game Server 127.0.0.1
:03-03-2020 10:38:51 TTOffLauncher: Starting Toontown Online... 
:03-03-2020 10:38:51 TTOffLauncher: foreground: Launcher now operating in foreground
useTTOffSpecificLogin=True
:03-03-2020 10:38:51 TTOffLauncher: maybeStartGame: starting game
:03-03-2020 10:38:51 TTOffLauncher: Starting Toontown Online...
:03-03-2020 10:38:51 TTOffLauncher: background: Launcher now operating in background
ToontownStart: Polling for game2 to finish...
ToontownStart: Game2 is finished.
ToontownStart: Starting the game.
ToontownStart: setting default font
:03-03-2020 10:38:51 TTOffLauncher: setting panda error code to 7
Known pipe types:
  wglGraphicsPipe
(all display modules loaded.)
:03-03-2020 10:38:51 ToonBase: Default graphics pipe is wglGraphicsPipe (OpenGL).
:03-03-2020 10:38:51 ToonBase: Successfully opened window of type wglGraphicsWindow (OpenGL)
:03-03-2020 10:38:51 ShowBase: __dev__ == False
:03-03-2020 10:38:51 TTOffLauncher: setting panda error code to 11
:03-03-2020 10:38:51 TTOffLauncher: setting panda error code to 0
ToontownStart: Loading default gui sounds
ToontownStart: serverVersion:  tto-dev
:03-03-2020 10:38:51 Loader: starting bulk load of block 'init'
:03-03-2020 10:38:56 :nativenet(error): Buffered_DatagramConnection Constructor rbufsize = 4096000 wbufsize = 4096000 write_flush_point = 1400
:03-03-2020 10:38:56 OTPClientRepository: Using connect method 'http'
:03-03-2020 10:39:00 TTOffLauncher: getRegistry ('DEPLOYMENT', None)
:03-03-2020 10:39:00 TTOffLauncher: checking env
:03-03-2020 10:39:00 TTOffLauncher: getRegistry ('GAME_DEPLOYMENT', None)
:03-03-2020 10:39:00 TTOffLauncher: checking env
:03-03-2020 10:39:00 OTPClientRepository: reg_deployment=
:03-03-2020 10:39:00 OTPClientRepository: required-login auto.
:03-03-2020 10:39:00 OTPClientRepository: loginInterface: LoginTTOffAccount
:03-03-2020 10:39:00 TTOffLauncher: getNeedPwForSecretKey using ttoff-specific-login
:03-03-2020 10:39:00 Loader: At end of block 'init', expected 138, loaded 8, duration=9.2823719
:03-03-2020 10:39:00 OTPClientRepository: Connecting to gameserver directly (no proxy).
:03-03-2020 10:39:00 OTPClientRepository: Connecting to //127.0.0.1:7198 via HTTP interface.
:03-03-2020 10:39:00 TTOffLauncher: Stopping mini task manager.
:03-03-2020 10:39:00 OTPClientRepository: Successfully connected to //127.0.0.1:7198.
:03-03-2020 10:39:00 TTOffLauncher: Setting Disconnect Details normal
{401000001: <toontown.distributed.ToontownDistrict.ToontownDistrict instance at 0x000000001D5F67C8>}
:03-03-2020 10:39:01 StateData: AvatarChooser.enter
:03-03-2020 10:39:01 DisplayOptions: settingsFullScreen = False, embedded = False width=800 height=600
:03-03-2020 10:39:01 StateData: calling self.displayOptions.restrictToEmbedded(False)
:03-03-2020 10:39:04 OTPClientRepository: ================
:03-03-2020 10:39:04 OTPClientRepository: Chose avatar id: 100000014
:03-03-2020 10:39:04 OTPClientRepository: Chose avatar name: Hollybae
:03-03-2020 10:39:04 OTPClientRepository: Chose avatar dna: ('css', 'ms', 'm', 'm', 16, 0, 16, 16, 113, 27, 18, 27, 7, 21)
:03-03-2020 10:39:04 OTPClientRepository: Chose avatar position: 5
:03-03-2020 10:39:04 OTPClientRepository: isPaid: 1
:03-03-2020 10:39:04 OTPClientRepository: freeTimeLeft: 0
:03-03-2020 10:39:04 OTPClientRepository: allowSecretChat: True
:03-03-2020 10:39:04 OTPClientRepository: ================
:03-03-2020 10:39:04 Loader: starting bulk load of block 'localAvatarPlayGame'
:03-03-2020 10:39:05 ToontownTimeManager(warning): error parsing date string=
local
:03-03-2020 10:39:06 NewsPageButtonManager(warning): Should not get here. NewsPageButtonManager.exitOff
:03-03-2020 10:39:06 :pnmimage:png(warning): iCCP: known incorrect sRGB profile
:03-03-2020 10:39:08 OTPClientRepository: Entering shard 401000001
:03-03-2020 10:39:08 StreetSign: Street sign url is https://ttoffline.com/images/
:03-03-2020 10:39:09 StreetSign: Street Sign is up to date
:03-03-2020 10:39:09 TimeManager: Clock sync: TimeManager.announceGenerate
:03-03-2020 10:39:09 InGameNewsMgr: latestIssue=2013-08-22 16:49:46.000003-07:00
cpu info: GenuineIntel|Intel(R) Core(TM) i7-8700K CPU @ 3.70GHz|591594|0|3.701,3.701|6,12 cpus
:03-03-2020 10:39:11 OTPClientRepository: No sync from TimeManager.
:03-03-2020 10:39:11 OTPClientRepository: gotTimeSync
:03-03-2020 10:39:11 Loader: At end of block 'localAvatarPlayGame', expected 400, loaded 17, duration=6.9331837
:03-03-2020 10:39:11 OTPClientRepository: Sending heartbeat mid-frame.
:03-03-2020 10:39:11 TimeManager: Clock sync roundtrip took 1846.082 ms
:03-03-2020 10:39:11 TimeManager: AI time delta is -0:02 from server delta
:03-03-2020 10:39:11 TimeManager: Local clock uncertainty +/- 0.923 s
:03-03-2020 10:39:11 PlayGame: QA-REGRESSION: NEIGHBORHOODS: Visit Lawbot HQ
:03-03-2020 10:39:11 Loader: starting bulk load of block 'hood'
:03-03-2020 10:39:13 LawbotCogHQLoader: loadPlaceGeom: 13000
:03-03-2020 10:39:15 DistributedObject: DistributedSuitPlanner 401002972: generating
:03-03-2020 10:39:15 DistributedToon: calling LocalAvatar.startchat
:03-03-2020 10:39:15 :loader(error): Couldn't load file phase_4/models/questmap/cog_hq_lawbot_maps.bam: not found on model path (currently: "/;/d/hollybae/Aly/Toontown-School-House/toontown/launcher;/c/Panda3D-1.11.0-x64/etc/..;/c/Panda3D-1.11.0-x64/etc/../models")
:03-03-2020 10:39:15 Loader: At end of block 'hood', expected 2, loaded 18, duration=3.8430123
:03-03-2020 10:39:17 Teleport(debug): teleportInDone: walk
:03-03-2020 10:39:17 :loader(error): Couldn't load file phase_4/models/questmap/cog_hq_lawbot_maps.bam: not found on model path (currently: "/;/d/hollybae/Aly/Toontown-School-House/toontown/launcher;/c/Panda3D-1.11.0-x64/etc/..;/c/Panda3D-1.11.0-x64/etc/../models")
:03-03-2020 10:39:59 TTOffMagicWordManager: Run mode has been toggled.
:03-03-2020 10:40:06 LawbotCogHQLoader: loadPlaceGeom: 13100
:03-03-2020 10:40:06 LawbotCogHQLoader: QA-REGRESSION: COGHQ: Visit LawbotLobby
:03-03-2020 10:40:06 LawbotHQExterior: Unloading Place (13000). Fsm in final
:03-03-2020 10:40:06 DistributedObject: DistributedSuitPlanner 401002972: disabling
:03-03-2020 10:40:07 DistributedToon: calling LocalAvatar.startchat
:03-03-2020 10:40:07 :loader(error): Couldn't load file phase_4/models/questmap/cog_hq_lawbot_maps.bam: not found on model path (currently: "/;/d/hollybae/Aly/Toontown-School-House/toontown/launcher;/c/Panda3D-1.11.0-x64/etc/..;/c/Panda3D-1.11.0-x64/etc/../models")
:03-03-2020 10:40:08 :loader(error): Couldn't load file phase_4/models/questmap/cog_hq_lawbot_maps.bam: not found on model path (currently: "/;/d/hollybae/Aly/Toontown-School-House/toontown/launcher;/c/Panda3D-1.11.0-x64/etc/..;/c/Panda3D-1.11.0-x64/etc/../models")
:03-03-2020 10:40:21 LawbotCogHQLoader: loadPlaceGeom: 61000
:03-03-2020 10:40:21 LawbotCogHQLoader(warning): loadPlaceGeom: unclassified zone 61000
:03-03-2020 10:40:21 CogHQLobby: Unloading Place (13100). Fsm in final
:03-03-2020 10:40:22 DistributedLawbotBoss(warning): Not a collision node: LawbotCourtroom3.egg/-PandaNode/CR3/interior/CR3_Floor
:03-03-2020 10:40:23 DistributedToon: calling LocalAvatar.startchat
:03-03-2020 10:40:23 OTPClientRepository: Sending heartbeat mid-frame.
:03-03-2020 10:40:23 LawbotHQBossBattle(warning): fsm.request('movie') returned 0 (zone id 61000, avatar pos LPoint3f(-0.363562, -126.204, 0.193903)).
:03-03-2020 10:40:37 LawbotHQBossBattle(warning): fsm.request('movie') returned 0 (zone id 61000, avatar pos LPoint3f(-0.363562, -126.204, 0.193903)).
:03-03-2020 10:40:38 TTOffMagicWordManager: Alakazam!
:03-03-2020 10:40:39 TTOffMagicWordManager: Run mode has been toggled.
:03-03-2020 10:40:41 TTOffMagicWordManager: Gave Hollybae an infinite amount of pies
:03-03-2020 10:40:42 Actor(warning): called actor.removeNode() on actor without calling cleanup()
:03-03-2020 10:40:42 Actor(warning): called actor.removeNode() on actor without calling cleanup()
:03-03-2020 10:40:42 Actor(warning): called actor.removeNode() on actor without calling cleanup()
:03-03-2020 10:40:42 Actor(warning): called actor.removeNode() on actor without calling cleanup()
:03-03-2020 10:40:42 Actor(warning): called actor.removeNode() on actor without calling cleanup()
:03-03-2020 10:40:42 Actor(warning): called actor.removeNode() on actor without calling cleanup()
:03-03-2020 10:40:42 Actor(warning): called actor.removeNode() on actor without calling cleanup()
:03-03-2020 10:40:42 Actor(warning): called actor.removeNode() on actor without calling cleanup()
:03-03-2020 10:40:42 Actor(warning): called actor.removeNode() on actor without calling cleanup()
:03-03-2020 10:40:42 Actor(warning): called actor.removeNode() on actor without calling cleanup()
:03-03-2020 10:40:42 Actor(warning): called actor.removeNode() on actor without calling cleanup()
:03-03-2020 10:40:42 Actor(warning): called actor.removeNode() on actor without calling cleanup()
:03-03-2020 10:40:43 TTOffMagicWordManager: Restarting Scale Round
:03-03-2020 10:40:50 LawbotHQBossBattle(warning): fsm.request('finalBattle') returned 0 (zone id 61000, avatar pos LPoint3f(-53.1002, 14.041, 0)).
:03-03-2020 10:40:50 TTOffMagicWordManager: Restarting Scale Round
:03-03-2020 10:40:56 LawbotHQBossBattle(warning): fsm.request('finalBattle') returned 0 (zone id 61000, avatar pos LPoint3f(-53.6813, 20.3149, 0)).
:03-03-2020 10:40:56 TTOffMagicWordManager: Restarting Scale Round
:03-03-2020 10:43:51 GarbageCollect(warning): garbage found, reverting gc threshold
:03-03-2020 10:44:08 :linmath(warning): Tried to invert singular LMatrix3.
frame rate: 229.6 fps|0.001d|13 avs||316|317||0x0000|0x0000|995.7MB|1165.0MB|16235.6MB|575|nt.2.6.2|3.701,3.701|6,12 cpus|OpenGL
frame rate: 225.5 fps|0.001d|13 avs||616|617||0x0000|0x0000|1306.2MB|1478.0MB|16235.6MB|678|nt.2.6.2|3.701,3.701|6,12 cpus|OpenGL
