

Starting Toontown Online...
Current time: Tue Mar 31 06:42:37 2020 Eastern Standard Time
sys.path =  ['', 'C:\\Panda3D-1.11.0-x64\\python\\python27.zip', 'C:\\Panda3D-1.11.0-x64', 'C:\\Panda3D-1.11.0-x64\\python\\DLLs', 'C:\\Panda3D-1.11.0-x64\\python\\lib', 'C:\\Panda3D-1.11.0-x64\\python\\lib\\plat-win', 'C:\\Panda3D-1.11.0-x64\\python\\lib\\lib-tk', 'C:\\Panda3D-1.11.0-x64\\python', 'C:\\Panda3D-1.11.0-x64\\bin', 'C:\\Panda3D-1.11.0-x64\\python\\lib\\site-packages']
sys.argv =  ['D:\\hollybae\\Aly\\Toontown-School-House\\toontown\\launcher\\TTOffQuickStartLauncher.py']
generating standard configrc
os.environ =  {'TMP': 'C:\\Users\\holla\\AppData\\Local\\Temp', 'COMPUTERNAME': 'HOLLYBAES-PC', 'USERDOMAIN': 'HOLLYBAES-PC', 'INTEL_DEV_REDIST': 'C:\\Program Files (x86)\\Common Files\\Intel\\Shared Libraries\\', 'PSMODULEPATH': 'C:\\Program Files\\WindowsPowerShell\\Modules;C:\\WINDOWS\\system32\\WindowsPowerShell\\v1.0\\Modules', 'COMMONPROGRAMFILES': 'C:\\Program Files\\Common Files', 'PROCESSOR_IDENTIFIER': 'Intel64 Family 6 Model 158 Stepping 10, GenuineIntel', 'VBOX_MSI_INSTALL_PATH': 'C:\\Program Files\\Oracle\\VirtualBox\\', 'PROGRAMFILES': 'C:\\Program Files', 'PROCESSOR_REVISION': '9e0a', 'PATH': 'C:\\Panda3D-1.11.0-x64\\panda3d\\..\\bin;C:\\Program Files (x86)\\Razer\\ChromaBroadcast\\bin;C:\\Program Files\\Razer\\ChromaBroadcast\\bin;C:\\Program Files (x86)\\Common Files\\Intel\\Shared Libraries\\redist\\intel64_win\\compiler;C:\\Program Files (x86)\\Common Files\\Oracle\\Java\\javapath;C:\\Program Files (x86)\\Common Files\\Intel\\Shared Libraries\\redist\\intel64\\compiler;C:\\WINDOWS\\system32;C:\\WINDOWS;C:\\WINDOWS\\System32\\Wbem;C:\\WINDOWS\\System32\\WindowsPowerShell\\v1.0\\;C:\\WINDOWS\\System32\\OpenSSH\\;C:\\Program Files\\NVIDIA Corporation\\NVIDIA NGX;C:\\Program Files (x86)\\NVIDIA Corporation\\PhysX\\Common;C:\\Program Files\\NVIDIA Corporation\\NVIDIA NvDLISR;C:\\WINDOWS\\system32;C:\\WINDOWS;C:\\WINDOWS\\System32\\Wbem;C:\\WINDOWS\\System32\\WindowsPowerShell\\v1.0\\;C:\\WINDOWS\\System32\\OpenSSH\\;D:\\hollybae\\ffmpeg-4.1.3-win64-static\\ffmpeg-4.1.3-win64-static\\bin;C:\\Program Files\\dotnet\\;C:\\WINDOWS\\system32\\config\\systemprofile\\AppData\\Local\\Microsoft\\WindowsApps;C:\\Program Files (x86)\\QuickTime\\QTSystem\\;C:\\Users\\holla\\AppData\\Local\\Microsoft\\WindowsApps;C:\\Panda3D-1.10.4.1-x64\\python;C:\\Panda3D-1.10.4.1-x64\\python\\Scripts;C:\\Panda3D-1.10.4.1-x64\\bin;C:\\Panda3D-1.11.0-x64\\python;C:\\Panda3D-1.11.0-x64\\python\\Scripts;C:\\Panda3D-1.11.0-x64\\bin', 'SYSTEMROOT': 'C:\\WINDOWS', 'MIC_LD_LIBRARY_PATH': 'C:\\Program Files (x86)\\Common Files\\Intel\\Shared Libraries\\compiler\\lib\\intel64_win_mic', 'COMSPEC': 'C:\\WINDOWS\\system32\\cmd.exe', 'DRIVERDATA': 'C:\\Windows\\System32\\Drivers\\DriverData', 'PPYTHON_PATH': '"C:\\Panda3D-1.11.0-x64\\python\\ppython.exe"', 'TEMP': 'C:\\Users\\holla\\AppData\\Local\\Temp', 'COMMONPROGRAMFILES(X86)': 'C:\\Program Files (x86)\\Common Files', 'PROCESSOR_ARCHITECTURE': 'AMD64', 'PROGRAMFILES(X86)': 'C:\\Program Files (x86)', 'ALLUSERSPROFILE': 'C:\\ProgramData', 'LOCALAPPDATA': 'C:\\Users\\holla\\AppData\\Local', 'FPS_BROWSER_USER_PROFILE_STRING': 'Default', 'HOMEPATH': '\\Users\\holla', 'USERDOMAIN_ROAMINGPROFILE': 'HOLLYBAES-PC', 'PROGRAMW6432': 'C:\\Program Files', 'USERNAME': 'holla', 'LOGONSERVER': '\\\\HOLLYBAES-PC', 'PROMPT': '$P$G', 'SESSIONNAME': 'Console', 'PROGRAMDATA': 'C:\\ProgramData', 'ONEDRIVE': 'C:\\Users\\holla\\OneDrive - University of Guelph', 'FPS_BROWSER_APP_PROFILE_STRING': 'Internet Explorer', 'PATHEXT': '.COM;.EXE;.BAT;.CMD;.VBS;.VBE;.JS;.JSE;.WSF;.WSH;.MSC', 'TTOFF_LOGIN_TOKEN': 'dev', 'ONEDRIVECOMMERCIAL': 'C:\\Users\\holla\\OneDrive - University of Guelph', 'WINDIR': 'C:\\WINDOWS', 'APPDATA': 'C:\\Users\\holla\\AppData\\Roaming', 'HOMEDRIVE': 'C:', 'SYSTEMDRIVE': 'C:', 'NUMBER_OF_PROCESSORS': '12', 'PROCESSOR_LEVEL': '6', 'RG_GPU_FRAMEWORK_ENGINE_RESOURCEDIR': 'C:\\Program Files\\Red Giant\\RGFX', 'COMMONPROGRAMW6432': 'C:\\Program Files\\Common Files', 'OS': 'Windows_NT', 'PUBLIC': 'C:\\Users\\Public', 'USERPROFILE': 'C:\\Users\\holla'}
:03-31-2020 06:42:37 TTOffLauncher: isTestServer: 0
:03-31-2020 06:42:37 TTOffLauncher: Game Server 127.0.0.1
:03-31-2020 06:42:37 TTOffLauncher: Starting Toontown Online... 
:03-31-2020 06:42:37 TTOffLauncher: foreground: Launcher now operating in foreground
useTTOffSpecificLogin=True
:03-31-2020 06:42:37 TTOffLauncher: maybeStartGame: starting game
:03-31-2020 06:42:37 TTOffLauncher: Starting Toontown Online...
:03-31-2020 06:42:37 TTOffLauncher: background: Launcher now operating in background
ToontownStart: Polling for game2 to finish...
ToontownStart: Game2 is finished.
ToontownStart: Starting the game.
ToontownStart: setting default font
:03-31-2020 06:42:38 TTOffLauncher: setting panda error code to 7
Known pipe types:
  wglGraphicsPipe
(all display modules loaded.)
:03-31-2020 06:42:38 ToonBase: Default graphics pipe is wglGraphicsPipe (OpenGL).
:03-31-2020 06:42:39 ToonBase: Successfully opened window of type wglGraphicsWindow (OpenGL)
:03-31-2020 06:42:39 ShowBase: __dev__ == False
:03-31-2020 06:42:39 TTOffLauncher: setting panda error code to 11
:03-31-2020 06:42:39 TTOffLauncher: setting panda error code to 0
ToontownStart: Loading default gui sounds
ToontownStart: serverVersion:  tto-dev
:03-31-2020 06:42:39 Loader: starting bulk load of block 'init'
:03-31-2020 06:42:46 :nativenet(error): Buffered_DatagramConnection Constructor rbufsize = 4096000 wbufsize = 4096000 write_flush_point = 1400
:03-31-2020 06:42:46 OTPClientRepository: Using connect method 'http'
:03-31-2020 06:42:50 TTOffLauncher: getRegistry ('DEPLOYMENT', None)
:03-31-2020 06:42:50 TTOffLauncher: checking env
:03-31-2020 06:42:50 TTOffLauncher: getRegistry ('GAME_DEPLOYMENT', None)
:03-31-2020 06:42:50 TTOffLauncher: checking env
:03-31-2020 06:42:50 OTPClientRepository: reg_deployment=
:03-31-2020 06:42:50 OTPClientRepository: required-login auto.
:03-31-2020 06:42:50 OTPClientRepository: loginInterface: LoginTTOffAccount
:03-31-2020 06:42:50 TTOffLauncher: getNeedPwForSecretKey using ttoff-specific-login
:03-31-2020 06:42:50 Loader: At end of block 'init', expected 138, loaded 13, duration=10.9012808
:03-31-2020 06:42:50 OTPClientRepository: Connecting to gameserver directly (no proxy).
:03-31-2020 06:42:50 OTPClientRepository: Connecting to //127.0.0.1:7198 via HTTP interface.
:03-31-2020 06:42:50 TTOffLauncher: Stopping mini task manager.
:03-31-2020 06:42:50 OTPClientRepository: Successfully connected to //127.0.0.1:7198.
:03-31-2020 06:42:50 TTOffLauncher: Setting Disconnect Details normal
{401000001: <toontown.distributed.ToontownDistrict.ToontownDistrict instance at 0x000000001D53A748>}
:03-31-2020 06:42:51 StateData: AvatarChooser.enter
:03-31-2020 06:42:51 DisplayOptions: settingsFullScreen = False, embedded = False width=800 height=600
:03-31-2020 06:42:51 StateData: calling self.displayOptions.restrictToEmbedded(False)
:03-31-2020 06:43:20 OTPClientRepository: ================
:03-31-2020 06:43:20 OTPClientRepository: Chose avatar id: 100000014
:03-31-2020 06:43:20 OTPClientRepository: Chose avatar name: Holly
:03-31-2020 06:43:20 OTPClientRepository: Chose avatar dna: ('css', 'ms', 'm', 'm', 16, 0, 16, 16, 113, 27, 99, 27, 7, 21)
:03-31-2020 06:43:20 OTPClientRepository: Chose avatar position: 5
:03-31-2020 06:43:20 OTPClientRepository: isPaid: 1
:03-31-2020 06:43:20 OTPClientRepository: freeTimeLeft: 0
:03-31-2020 06:43:20 OTPClientRepository: allowSecretChat: True
:03-31-2020 06:43:20 OTPClientRepository: ================
:03-31-2020 06:43:20 Loader: starting bulk load of block 'localAvatarPlayGame'
:03-31-2020 06:43:20 OTPClientRepository: Sending heartbeat mid-frame.
:03-31-2020 06:43:21 ToontownTimeManager(warning): error parsing date string=
local
:03-31-2020 06:43:21 NewsPageButtonManager(warning): Should not get here. NewsPageButtonManager.exitOff
:03-31-2020 06:43:22 :pnmimage:png(warning): iCCP: known incorrect sRGB profile
:03-31-2020 06:43:24 OTPClientRepository: Entering shard 401000001
:03-31-2020 06:43:24 StreetSign: Street sign url is https://ttoffline.com/images/
:03-31-2020 06:43:26 StreetSign: Street Sign is up to date
:03-31-2020 06:43:26 TimeManager: Clock sync: TimeManager.announceGenerate
:03-31-2020 06:43:26 InGameNewsMgr: latestIssue=2013-08-22 16:49:46.000003-07:00
cpu info: GenuineIntel|Intel(R) Core(TM) i7-8700K CPU @ 3.70GHz|591594|0|3.701,3.701|6,12 cpus
:03-31-2020 06:43:27 OTPClientRepository: No sync from TimeManager.
:03-31-2020 06:43:27 OTPClientRepository: gotTimeSync
:03-31-2020 06:43:27 Loader: At end of block 'localAvatarPlayGame', expected 400, loaded 22, duration=7.4502884
:03-31-2020 06:43:27 TimeManager: Clock sync roundtrip took 1749.875 ms
:03-31-2020 06:43:27 TimeManager: AI time delta is -0:01 from server delta
:03-31-2020 06:43:27 TimeManager: Local clock uncertainty +/- 0.875 s
:03-31-2020 06:43:27 PlayGame: QA-REGRESSION: NEIGHBORHOODS: Visit Lawbot HQ
:03-31-2020 06:43:27 Loader: starting bulk load of block 'hood'
:03-31-2020 06:43:30 LawbotCogHQLoader: loadPlaceGeom: 13000
:03-31-2020 06:43:30 DistributedObject: DistributedSuitPlanner 401002972: generating
:03-31-2020 06:43:30 DistributedToon: calling LocalAvatar.startchat
:03-31-2020 06:43:30 :loader(error): Couldn't load file phase_4/models/questmap/cog_hq_lawbot_maps.bam: not found on model path (currently: "/;/d/hollybae/Aly/Toontown-School-House/toontown/launcher;/c/Panda3D-1.11.0-x64/etc/..;/c/Panda3D-1.11.0-x64/etc/../models")
:03-31-2020 06:43:30 Loader: At end of block 'hood', expected 2, loaded 14, duration=2.8808237
:03-31-2020 06:43:30 OTPClientRepository: Sending heartbeat mid-frame.
:03-31-2020 06:43:32 Teleport(debug): teleportInDone: walk
:03-31-2020 06:43:32 :loader(error): Couldn't load file phase_4/models/questmap/cog_hq_lawbot_maps.bam: not found on model path (currently: "/;/d/hollybae/Aly/Toontown-School-House/toontown/launcher;/c/Panda3D-1.11.0-x64/etc/..;/c/Panda3D-1.11.0-x64/etc/../models")
:03-31-2020 06:43:35 TTOffMagicWordManager: Run mode has been toggled.
:03-31-2020 06:43:39 TTOffMagicWordManager: Run mode has been toggled.
:03-31-2020 06:45:36 ShtikerBook: QA-REGRESSION: SHTICKERBOOK: Open
OnscreenText.configure: mayChange == 0
OnscreenText.configure: mayChange == 0
OnscreenText.configure: mayChange == 0
OnscreenText.configure: mayChange == 0
:03-31-2020 06:45:38 ShtikerBook: QA-REGRESSION: SHTICKERBOOK: Browse tabs Spellbook
:03-31-2020 06:45:40 OTPClientRepository: Sending heartbeat mid-frame.
:03-31-2020 06:45:58 ShtikerBook: QA-REGRESSION: SHTICKERBOOK: Close
:03-31-2020 06:46:00 :loader(error): Couldn't load file phase_4/models/questmap/cog_hq_lawbot_maps.bam: not found on model path (currently: "/;/d/hollybae/Aly/Toontown-School-House/toontown/launcher;/c/Panda3D-1.11.0-x64/etc/..;/c/Panda3D-1.11.0-x64/etc/../models")
:03-31-2020 06:46:02 TTOffMagicWordManager: Voila!
:03-31-2020 06:46:06 TTOffMagicWordManager: Ta-da!
:03-31-2020 06:46:08 TTOffMagicWordManager: Voila!
:03-31-2020 06:46:12 TTOffMagicWordManager: Voila!
:03-31-2020 06:46:36 DistributedToon: Suggesting resync for 100000038, with discrepency 0.2098215; local time is 239.5106017 and server time is 238.66300405.
:03-31-2020 06:46:36 ClockDelta: Got sync +/- 0.630 s, elapsed 0.160 s, from 100000038.
:03-31-2020 06:46:36 ClockDelta: previous delta at 0.848 s, +/- 0.928 s.
:03-31-2020 06:46:36 ClockDelta: new delta at 0.424 s, +/- 0.710 s.
:03-31-2020 06:46:36 ClockDelta: intersection at 0.527 s, +/- 0.607 s.
:03-31-2020 06:46:51 LawbotCogHQLoader: loadPlaceGeom: 13100
:03-31-2020 06:46:51 LawbotCogHQLoader: QA-REGRESSION: COGHQ: Visit LawbotLobby
:03-31-2020 06:46:51 LawbotHQExterior: Unloading Place (13000). Fsm in final
:03-31-2020 06:46:51 DistributedObject: DistributedSuitPlanner 401002972: disabling
:03-31-2020 06:46:51 DistributedToon: calling LocalAvatar.startchat
:03-31-2020 06:46:51 :loader(error): Couldn't load file phase_4/models/questmap/cog_hq_lawbot_maps.bam: not found on model path (currently: "/;/d/hollybae/Aly/Toontown-School-House/toontown/launcher;/c/Panda3D-1.11.0-x64/etc/..;/c/Panda3D-1.11.0-x64/etc/../models")
:03-31-2020 06:46:53 :loader(error): Couldn't load file phase_4/models/questmap/cog_hq_lawbot_maps.bam: not found on model path (currently: "/;/d/hollybae/Aly/Toontown-School-House/toontown/launcher;/c/Panda3D-1.11.0-x64/etc/..;/c/Panda3D-1.11.0-x64/etc/../models")
:03-31-2020 06:47:08 LawbotCogHQLoader: loadPlaceGeom: 61000
:03-31-2020 06:47:08 LawbotCogHQLoader(warning): loadPlaceGeom: unclassified zone 61000
:03-31-2020 06:47:08 CogHQLobby: Unloading Place (13100). Fsm in final
:03-31-2020 06:47:09 DistributedLawbotBoss(warning): Not a collision node: LawbotCourtroom3.egg/-PandaNode/CR3/interior/CR3_Floor
:03-31-2020 06:47:10 DistributedToon: calling LocalAvatar.startchat
:03-31-2020 06:47:10 LawbotHQBossBattle(warning): fsm.request('movie') returned 0 (zone id 61000, avatar pos LPoint3f(-5.36356, -126.204, 0.193903)).
:03-31-2020 06:47:12 TTOffMagicWordManager: Restarting Scale Round
:03-31-2020 06:47:17 TTOffMagicWordManager: Gave Holly an infinite amount of pies
:03-31-2020 06:47:19 TTOffMagicWordManager: Alakazam!
:03-31-2020 06:47:40 GarbageCollect(warning): garbage found, reverting gc threshold
frame rate: 228.6 fps|0.001d|13 avs||345|347||0x0000|0x0000|1365.3MB|1468.5MB|16235.6MB|628|nt.2.6.2|3.701,3.701|6,12 cpus|OpenGL
frame rate: 203.9 fps|0.001d|13 avs||645|647||0x0000|0x0000|1714.3MB|1824.1MB|16235.6MB|773|nt.2.6.2|3.701,3.701|6,12 cpus|OpenGL
adding timeout task
adding timeout task
frame rate: 200.5 fps|0.001d|13 avs||945|947||0x0000|0x0000|2055.2MB|2167.6MB|16235.6MB|861|nt.2.6.2|3.701,3.701|6,12 cpus|OpenGL
:03-31-2020 06:59:01 OTPClientRepository: Sending heartbeat mid-frame.
frame rate: 178.4 fps|0.001d|13 avs||1245|1247||0x0000|0x0000|2361.0MB|2473.8MB|16235.6MB|939|nt.2.6.2|3.701,3.701|6,12 cpus|OpenGL
:03-31-2020 07:06:01 OTPClientRepository: Sending heartbeat mid-frame.
:03-31-2020 07:07:22 TTOffMagicWordManager: Uh-oh! This Magic Word doesn't exist!
:03-31-2020 07:07:23 TTOffMagicWordManager: Oobe mode has been toggled.
frame rate: 190.5 fps|0.001d|13 avs||1545|1547||0x0000|0x0000|2703.9MB|2817.9MB|16235.6MB|1028|nt.2.6.2|3.701,3.701|6,12 cpus|OpenGL
adding timeout task
adding timeout task
adding timeout task
adding timeout task
:03-31-2020 07:13:24 TimeManager: Clock sync: timer
frame rate: 186.2 fps|0.001d|13 avs||1845|1847||0x0000|0x0000|3026.3MB|3141.0MB|16235.6MB|1136|nt.2.6.2|3.701,3.701|6,12 cpus|OpenGL
:03-31-2020 07:13:24 TimeManager: Clock sync roundtrip took 27.071 ms
:03-31-2020 07:13:24 TimeManager: AI time delta is -0:00 from server delta
:03-31-2020 07:13:24 ClockDelta: previous delta at 0.527 s, +/- 1.054 s.
:03-31-2020 07:13:24 ClockDelta: new delta at -0.018 s, +/- 0.014 s.
:03-31-2020 07:13:24 ClockDelta: intersection at -0.018 s, +/- 0.014 s.
:03-31-2020 07:13:24 TimeManager: Local clock uncertainty +/- 0.014 s
:03-31-2020 07:14:42 ClockDelta: Got sync +/- 1.100 s, elapsed 0.130 s, from 100000038.
:03-31-2020 07:14:42 ClockDelta: previous delta at -0.018 s, +/- 0.035 s.
:03-31-2020 07:14:42 ClockDelta: new delta at 0.518 s, +/- 1.165 s.
:03-31-2020 07:14:42 ClockDelta: intersection at -0.018 s, +/- 0.035 s.
:03-31-2020 07:14:42 DistributedToon: Returning resync for 100000014; local time is 1925.759543 and server time is 1925.77789805.
adding timeout task
adding timeout task
frame rate: 190.2 fps|0.001d|13 avs||2145|2147||0x0000|0x0000|2666.1MB|3452.1MB|16235.6MB|1268|nt.2.6.2|3.701,3.701|6,12 cpus|OpenGL
adding timeout task
adding timeout task
:03-31-2020 07:22:21 BulletinBoard(warning): changing oobeEnabled from True to False
:03-31-2020 07:22:21 BulletinBoard: update: posting oobeEnabled
:03-31-2020 07:22:21 TTOffMagicWordManager: Oobe mode has been toggled.
:03-31-2020 07:22:34 LawbotHQBossBattle(warning): fsm.request('finalBattle') returned 0 (zone id 61000, avatar pos LPoint3f(-12.2353, 16.3182, -0.000554868)).
:03-31-2020 07:22:34 TTOffMagicWordManager: Restarting Scale Round
:03-31-2020 07:22:40 LawbotHQBossBattle(warning): fsm.request('finalBattle') returned 0 (zone id 61000, avatar pos LPoint3f(-57.0429, 18.27, 0)).
:03-31-2020 07:22:40 TTOffMagicWordManager: Restarting Scale Round
frame rate: 162.2 fps|0.001d|13 avs||2445|2447||0x0000|0x0000|2697.1MB|3770.1MB|16235.6MB|1377|nt.2.6.2|3.701,3.701|6,12 cpus|OpenGL
adding timeout task
adding timeout task
adding timeout task
adding timeout task
frame rate: 171.8 fps|0.001d|13 avs||2745|2747||0x0000|0x0000|2309.0MB|4068.9MB|16235.6MB|1480|nt.2.6.2|3.701,3.701|6,12 cpus|OpenGL
adding timeout task
adding timeout task
adding timeout task
adding timeout task
frame rate: 177.0 fps|0.001d|13 avs||3045|3047||0x0000|0x0000|2213.5MB|4365.3MB|16235.6MB|2067|nt.2.6.2|3.701,3.701|6,12 cpus|OpenGL
:03-31-2020 07:35:03 OTPClientRepository: Sending heartbeat mid-frame.
