

Starting Toontown Online...
Current time: Tue Mar 17 20:00:51 2020 Eastern Standard Time
sys.path =  ['', 'C:\\Panda3D-1.11.0-x64\\python\\python27.zip', 'C:\\Panda3D-1.11.0-x64', 'C:\\Panda3D-1.11.0-x64\\python\\DLLs', 'C:\\Panda3D-1.11.0-x64\\python\\lib', 'C:\\Panda3D-1.11.0-x64\\python\\lib\\plat-win', 'C:\\Panda3D-1.11.0-x64\\python\\lib\\lib-tk', 'C:\\Panda3D-1.11.0-x64\\python', 'C:\\Panda3D-1.11.0-x64\\bin', 'C:\\Panda3D-1.11.0-x64\\python\\lib\\site-packages']
sys.argv =  ['D:\\hollybae\\Aly\\Toontown-School-House\\toontown\\launcher\\TTOffQuickStartLauncher.py']
generating standard configrc
os.environ =  {'TMP': 'C:\\Users\\holla\\AppData\\Local\\Temp', 'COMPUTERNAME': 'HOLLYBAES-PC', 'USERDOMAIN': 'HOLLYBAES-PC', 'INTEL_DEV_REDIST': 'C:\\Program Files (x86)\\Common Files\\Intel\\Shared Libraries\\', 'PSMODULEPATH': 'C:\\Program Files\\WindowsPowerShell\\Modules;C:\\WINDOWS\\system32\\WindowsPowerShell\\v1.0\\Modules', 'COMMONPROGRAMFILES': 'C:\\Program Files\\Common Files', 'PROCESSOR_IDENTIFIER': 'Intel64 Family 6 Model 158 Stepping 10, GenuineIntel', 'VBOX_MSI_INSTALL_PATH': 'C:\\Program Files\\Oracle\\VirtualBox\\', 'PROGRAMFILES': 'C:\\Program Files', 'PROCESSOR_REVISION': '9e0a', 'PATH': 'C:\\Panda3D-1.11.0-x64\\panda3d\\..\\bin;C:\\Program Files (x86)\\Razer\\ChromaBroadcast\\bin;C:\\Program Files\\Razer\\ChromaBroadcast\\bin;C:\\Program Files (x86)\\Common Files\\Intel\\Shared Libraries\\redist\\intel64_win\\compiler;C:\\Program Files (x86)\\Common Files\\Oracle\\Java\\javapath;C:\\Program Files (x86)\\Common Files\\Intel\\Shared Libraries\\redist\\intel64\\compiler;C:\\WINDOWS\\system32;C:\\WINDOWS;C:\\WINDOWS\\System32\\Wbem;C:\\WINDOWS\\System32\\WindowsPowerShell\\v1.0\\;C:\\WINDOWS\\System32\\OpenSSH\\;C:\\Program Files\\NVIDIA Corporation\\NVIDIA NGX;C:\\Program Files (x86)\\NVIDIA Corporation\\PhysX\\Common;C:\\Program Files\\NVIDIA Corporation\\NVIDIA NvDLISR;C:\\WINDOWS\\system32;C:\\WINDOWS;C:\\WINDOWS\\System32\\Wbem;C:\\WINDOWS\\System32\\WindowsPowerShell\\v1.0\\;C:\\WINDOWS\\System32\\OpenSSH\\;D:\\hollybae\\ffmpeg-4.1.3-win64-static\\ffmpeg-4.1.3-win64-static\\bin;C:\\Program Files\\dotnet\\;C:\\WINDOWS\\system32\\config\\systemprofile\\AppData\\Local\\Microsoft\\WindowsApps;C:\\Program Files (x86)\\QuickTime\\QTSystem\\;C:\\Users\\holla\\AppData\\Local\\Microsoft\\WindowsApps;C:\\Panda3D-1.10.4.1-x64\\python;C:\\Panda3D-1.10.4.1-x64\\python\\Scripts;C:\\Panda3D-1.10.4.1-x64\\bin;C:\\Panda3D-1.11.0-x64\\python;C:\\Panda3D-1.11.0-x64\\python\\Scripts;C:\\Panda3D-1.11.0-x64\\bin', 'SYSTEMROOT': 'C:\\WINDOWS', 'MIC_LD_LIBRARY_PATH': 'C:\\Program Files (x86)\\Common Files\\Intel\\Shared Libraries\\compiler\\lib\\intel64_win_mic', 'COMSPEC': 'C:\\WINDOWS\\system32\\cmd.exe', 'DRIVERDATA': 'C:\\Windows\\System32\\Drivers\\DriverData', 'PPYTHON_PATH': '"C:\\Panda3D-1.11.0-x64\\python\\ppython.exe"', 'TEMP': 'C:\\Users\\holla\\AppData\\Local\\Temp', 'COMMONPROGRAMFILES(X86)': 'C:\\Program Files (x86)\\Common Files', 'PROCESSOR_ARCHITECTURE': 'AMD64', 'PROGRAMFILES(X86)': 'C:\\Program Files (x86)', 'ALLUSERSPROFILE': 'C:\\ProgramData', 'LOCALAPPDATA': 'C:\\Users\\holla\\AppData\\Local', 'FPS_BROWSER_USER_PROFILE_STRING': 'Default', 'HOMEPATH': '\\Users\\holla', 'USERDOMAIN_ROAMINGPROFILE': 'HOLLYBAES-PC', 'PROGRAMW6432': 'C:\\Program Files', 'USERNAME': 'holla', 'LOGONSERVER': '\\\\HOLLYBAES-PC', 'PROMPT': '$P$G', 'SESSIONNAME': 'Console', 'PROGRAMDATA': 'C:\\ProgramData', 'ONEDRIVE': 'C:\\Users\\holla\\OneDrive - University of Guelph', 'FPS_BROWSER_APP_PROFILE_STRING': 'Internet Explorer', 'PATHEXT': '.COM;.EXE;.BAT;.CMD;.VBS;.VBE;.JS;.JSE;.WSF;.WSH;.MSC', 'TTOFF_LOGIN_TOKEN': 'dev', 'ONEDRIVECOMMERCIAL': 'C:\\Users\\holla\\OneDrive - University of Guelph', 'WINDIR': 'C:\\WINDOWS', 'APPDATA': 'C:\\Users\\holla\\AppData\\Roaming', 'HOMEDRIVE': 'C:', 'SYSTEMDRIVE': 'C:', 'NUMBER_OF_PROCESSORS': '12', 'PROCESSOR_LEVEL': '6', 'RG_GPU_FRAMEWORK_ENGINE_RESOURCEDIR': 'C:\\Program Files\\Red Giant\\RGFX', 'COMMONPROGRAMW6432': 'C:\\Program Files\\Common Files', 'OS': 'Windows_NT', 'PUBLIC': 'C:\\Users\\Public', 'USERPROFILE': 'C:\\Users\\holla'}
:03-17-2020 20:00:51 TTOffLauncher: isTestServer: 0
:03-17-2020 20:00:51 TTOffLauncher: Game Server 127.0.0.1
:03-17-2020 20:00:51 TTOffLauncher: Starting Toontown Online... 
:03-17-2020 20:00:51 TTOffLauncher: foreground: Launcher now operating in foreground
useTTOffSpecificLogin=True
:03-17-2020 20:00:51 TTOffLauncher: maybeStartGame: starting game
:03-17-2020 20:00:51 TTOffLauncher: Starting Toontown Online...
:03-17-2020 20:00:51 TTOffLauncher: background: Launcher now operating in background
ToontownStart: Polling for game2 to finish...
ToontownStart: Game2 is finished.
ToontownStart: Starting the game.
ToontownStart: setting default font
:03-17-2020 20:00:52 TTOffLauncher: setting panda error code to 7
Known pipe types:
  wglGraphicsPipe
(all display modules loaded.)
:03-17-2020 20:00:52 ToonBase: Default graphics pipe is wglGraphicsPipe (OpenGL).
:03-17-2020 20:00:52 ToonBase: Successfully opened window of type wglGraphicsWindow (OpenGL)
:03-17-2020 20:00:52 ShowBase: __dev__ == False
:03-17-2020 20:00:52 TTOffLauncher: setting panda error code to 11
:03-17-2020 20:00:53 TTOffLauncher: setting panda error code to 0
ToontownStart: Loading default gui sounds
ToontownStart: serverVersion:  tto-dev
:03-17-2020 20:00:53 Loader: starting bulk load of block 'init'
:03-17-2020 20:01:00 :nativenet(error): Buffered_DatagramConnection Constructor rbufsize = 4096000 wbufsize = 4096000 write_flush_point = 1400
:03-17-2020 20:01:00 OTPClientRepository: Using connect method 'http'
:03-17-2020 20:01:04 TTOffLauncher: getRegistry ('DEPLOYMENT', None)
:03-17-2020 20:01:04 TTOffLauncher: checking env
:03-17-2020 20:01:04 TTOffLauncher: getRegistry ('GAME_DEPLOYMENT', None)
:03-17-2020 20:01:04 TTOffLauncher: checking env
:03-17-2020 20:01:04 OTPClientRepository: reg_deployment=
:03-17-2020 20:01:04 OTPClientRepository: required-login auto.
:03-17-2020 20:01:04 OTPClientRepository: loginInterface: LoginTTOffAccount
:03-17-2020 20:01:04 TTOffLauncher: getNeedPwForSecretKey using ttoff-specific-login
:03-17-2020 20:01:05 Loader: At end of block 'init', expected 138, loaded 12, duration=11.61316
:03-17-2020 20:01:05 OTPClientRepository: Connecting to gameserver directly (no proxy).
:03-17-2020 20:01:05 OTPClientRepository: Connecting to //127.0.0.1:7198 via HTTP interface.
:03-17-2020 20:01:05 TTOffLauncher: Stopping mini task manager.
:03-17-2020 20:01:05 OTPClientRepository: Successfully connected to //127.0.0.1:7198.
:03-17-2020 20:01:05 TTOffLauncher: Setting Disconnect Details normal
{401000001: <toontown.distributed.ToontownDistrict.ToontownDistrict instance at 0x000000001D66A788>}
:03-17-2020 20:01:06 StateData: AvatarChooser.enter
:03-17-2020 20:01:06 DisplayOptions: settingsFullScreen = False, embedded = False width=800 height=600
:03-17-2020 20:01:06 StateData: calling self.displayOptions.restrictToEmbedded(False)
:03-17-2020 20:01:11 MakeAToon: QA-REGRESSION: MAKEATOON: Starting Make A Toon
:03-17-2020 20:01:13 StateData: AvatarChooser.enter
:03-17-2020 20:01:13 DisplayOptions: settingsFullScreen = False, embedded = False width=800 height=600
:03-17-2020 20:01:13 StateData: calling self.displayOptions.restrictToEmbedded(False)
:03-17-2020 20:01:14 OTPClientRepository: ================
:03-17-2020 20:01:14 OTPClientRepository: Chose avatar id: 100000005
:03-17-2020 20:01:14 OTPClientRepository: Chose avatar name: Aeterna
:03-17-2020 20:01:14 OTPClientRepository: Chose avatar dna: ('css', 'md', 'm', 'f', 0, 0, 0, 0, 3, 27, 3, 27, 63, 27)
:03-17-2020 20:01:14 OTPClientRepository: Chose avatar position: 1
:03-17-2020 20:01:14 OTPClientRepository: isPaid: 1
:03-17-2020 20:01:14 OTPClientRepository: freeTimeLeft: 0
:03-17-2020 20:01:14 OTPClientRepository: allowSecretChat: True
:03-17-2020 20:01:14 OTPClientRepository: ================
:03-17-2020 20:01:14 Loader: starting bulk load of block 'localAvatarPlayGame'
:03-17-2020 20:01:15 OTPClientRepository: Sending heartbeat mid-frame.
:03-17-2020 20:01:15 ToontownTimeManager(warning): error parsing date string=
local
:03-17-2020 20:01:15 NewsPageButtonManager(warning): Should not get here. NewsPageButtonManager.exitOff
:03-17-2020 20:01:16 :pnmimage:png(warning): iCCP: known incorrect sRGB profile
:03-17-2020 20:01:18 OTPClientRepository: Entering shard 401000001
:03-17-2020 20:01:18 StreetSign: Street sign url is https://ttoffline.com/images/
:03-17-2020 20:01:20 StreetSign: Street Sign is up to date
:03-17-2020 20:01:20 TimeManager: Clock sync: TimeManager.announceGenerate
:03-17-2020 20:01:20 InGameNewsMgr: latestIssue=2013-08-22 16:49:46.000003-07:00
cpu info: GenuineIntel|Intel(R) Core(TM) i7-8700K CPU @ 3.70GHz|591594|0|3.701,3.701|6,12 cpus
:03-17-2020 20:01:22 OTPClientRepository: No sync from TimeManager.
:03-17-2020 20:01:22 OTPClientRepository: gotTimeSync
:03-17-2020 20:01:22 Loader: At end of block 'localAvatarPlayGame', expected 400, loaded 22, duration=8.0791782
:03-17-2020 20:01:22 TimeManager: Clock sync roundtrip took 2132.954 ms
:03-17-2020 20:01:22 TimeManager: AI time delta is -0:02 from server delta
:03-17-2020 20:01:22 TimeManager: Local clock uncertainty +/- 1.067 s
:03-17-2020 20:01:22 TimeManager: Uncertainty is too high, trying again.
:03-17-2020 20:01:22 PlayGame: QA-REGRESSION: NEIGHBORHOODS: Visit Lawbot HQ
:03-17-2020 20:01:22 Loader: starting bulk load of block 'hood'
:03-17-2020 20:01:25 LawbotCogHQLoader: loadPlaceGeom: 13000
:03-17-2020 20:01:25 OTPClientRepository: Sending heartbeat mid-frame.
:03-17-2020 20:01:25 TimeManager: Clock sync roundtrip took 3268.877 ms
:03-17-2020 20:01:25 TimeManager: AI time delta is -0:03 from server delta
:03-17-2020 20:01:25 ClockDelta: previous delta at 0.082 s, +/- 1.068 s.
:03-17-2020 20:01:25 ClockDelta: new delta at 0.654 s, +/- 1.634 s.
:03-17-2020 20:01:25 ClockDelta: intersection at 0.085 s, +/- 1.065 s.
:03-17-2020 20:01:25 TimeManager: Local clock uncertainty +/- 1.065 s
:03-17-2020 20:01:25 TimeManager: Uncertainty is too high, trying again.
:03-17-2020 20:01:25 DistributedObject: DistributedSuitPlanner 401002972: generating
:03-17-2020 20:01:26 DistributedToon: calling LocalAvatar.startchat
:03-17-2020 20:01:26 :loader(error): Couldn't load file phase_4/models/questmap/cog_hq_lawbot_maps.bam: not found on model path (currently: "/;/d/hollybae/Aly/Toontown-School-House/toontown/launcher;/c/Panda3D-1.11.0-x64/etc/..;/c/Panda3D-1.11.0-x64/etc/../models")
:03-17-2020 20:01:26 Loader: At end of block 'hood', expected 2, loaded 17, duration=3.6681437
:03-17-2020 20:01:26 TimeManager: Clock sync roundtrip took 398.265 ms
:03-17-2020 20:01:26 TimeManager: AI time delta is -0:01 from server delta
:03-17-2020 20:01:26 ClockDelta: previous delta at 0.085 s, +/- 1.066 s.
:03-17-2020 20:01:26 ClockDelta: new delta at -0.800 s, +/- 0.199 s.
:03-17-2020 20:01:26 ClockDelta: intersection at -0.791 s, +/- 0.190 s.
:03-17-2020 20:01:26 TimeManager: Local clock uncertainty +/- 0.190 s
:03-17-2020 20:01:27 Teleport(debug): teleportInDone: walk
:03-17-2020 20:01:28 :loader(error): Couldn't load file phase_4/models/questmap/cog_hq_lawbot_maps.bam: not found on model path (currently: "/;/d/hollybae/Aly/Toontown-School-House/toontown/launcher;/c/Panda3D-1.11.0-x64/etc/..;/c/Panda3D-1.11.0-x64/etc/../models")
:03-17-2020 20:01:47 TTOffMagicWordManager: You can only specify between 0 and 99 pies.
:03-17-2020 20:01:49 TTOffMagicWordManager: Uh-oh! This Magic Word doesn't exist!
:03-17-2020 20:01:55 TTOffMagicWordManager: Gave Aeterna an infinite amount of pies
:03-17-2020 20:03:32 LawbotCogHQLoader: loadPlaceGeom: 13100
:03-17-2020 20:03:32 LawbotCogHQLoader: QA-REGRESSION: COGHQ: Visit LawbotLobby
:03-17-2020 20:03:33 LawbotHQExterior: Unloading Place (13000). Fsm in final
:03-17-2020 20:03:33 DistributedObject: DistributedSuitPlanner 401002972: disabling
:03-17-2020 20:03:33 DistributedToon: calling LocalAvatar.startchat
:03-17-2020 20:03:33 :loader(error): Couldn't load file phase_4/models/questmap/cog_hq_lawbot_maps.bam: not found on model path (currently: "/;/d/hollybae/Aly/Toontown-School-House/toontown/launcher;/c/Panda3D-1.11.0-x64/etc/..;/c/Panda3D-1.11.0-x64/etc/../models")
:03-17-2020 20:03:34 TTOffMagicWordManager: Run mode has been toggled.
:03-17-2020 20:03:34 :loader(error): Couldn't load file phase_4/models/questmap/cog_hq_lawbot_maps.bam: not found on model path (currently: "/;/d/hollybae/Aly/Toontown-School-House/toontown/launcher;/c/Panda3D-1.11.0-x64/etc/..;/c/Panda3D-1.11.0-x64/etc/../models")
:03-17-2020 20:03:48 LawbotCogHQLoader: loadPlaceGeom: 61000
:03-17-2020 20:03:48 LawbotCogHQLoader(warning): loadPlaceGeom: unclassified zone 61000
:03-17-2020 20:03:48 CogHQLobby: Unloading Place (13100). Fsm in final
:03-17-2020 20:03:49 DistributedLawbotBoss(warning): Not a collision node: LawbotCourtroom3.egg/-PandaNode/CR3/interior/CR3_Floor
:03-17-2020 20:03:49 DistributedToon: calling LocalAvatar.startchat
:03-17-2020 20:03:49 LawbotHQBossBattle(warning): fsm.request('movie') returned 0 (zone id 61000, avatar pos LPoint3f(-0.363562, -126.204, 0.193903)).
:03-17-2020 20:03:51 TTOffMagicWordManager: Restarting Scale Round
:03-17-2020 20:03:59 TTOffMagicWordManager: Uh-oh! This Magic Word doesn't exist!
:03-17-2020 20:04:00 TTOffMagicWordManager: Run mode has been toggled.
:03-17-2020 20:05:42 ToonBase: User closed main window.
:03-17-2020 20:05:42 TimeManager: Client disconnect reason 2.
:03-17-2020 20:05:42 LawbotHQBossBattle: Unloading Place (61000). Fsm in final
:03-17-2020 20:05:42 OTPClientRepository(warning): unclean exit, abandoning shard
ignoring InputState-forward
:03-17-2020 20:05:42 OTPClientRepository: sending clientLogout
:03-17-2020 20:05:42 LocalAvatar(warning): redundant call to stopUpdateSmartCamera
:03-17-2020 20:05:42 OTPClientRepository: Sent disconnect message to server
:03-17-2020 20:05:42 OTPClientRepository: Closing connection to server.
:03-17-2020 20:05:42 OTPClientRepository: Exiting cleanly
:03-17-2020 20:05:42 ToonBase: Exiting Toontown: errorCode = None
:03-17-2020 20:05:42 TTOffLauncher: setting panda error code to 0
:03-17-2020 20:05:42 TTOffLauncher: Normal exit.
