

Starting Toontown Online...
Current time: Fri Nov 22 16:53:43 2019 Arabian Standard Time
sys.path =  ['', 'C:\\Panda3D-1.11.0-x64\\python\\python27.zip', 'C:\\Panda3D-1.11.0-x64', 'C:\\Panda3D-1.11.0-x64\\python\\DLLs', 'C:\\Panda3D-1.11.0-x64\\python\\lib', 'C:\\Panda3D-1.11.0-x64\\python\\lib\\plat-win', 'C:\\Panda3D-1.11.0-x64\\python\\lib\\lib-tk', 'C:\\Panda3D-1.11.0-x64\\python', 'C:\\Panda3D-1.11.0-x64\\bin', 'C:\\Panda3D-1.11.0-x64\\python\\lib\\site-packages']
sys.argv =  ['C:\\Users\\alyaz\\Documents\\GitHub\\Toontown-School-House\\toontown\\launcher\\TTOffQuickStartLauncher.py']
generating standard configrc
os.environ =  {'TMP': 'C:\\Users\\alyaz\\AppData\\Local\\Temp', 'COMPUTERNAME': 'DESKTOP-5K6UCTT', 'USERDOMAIN': 'DESKTOP-5K6UCTT', 'INTEL_DEV_REDIST': 'C:\\Program Files (x86)\\Common Files\\Intel\\Shared Libraries\\', 'PSMODULEPATH': 'C:\\Program Files\\WindowsPowerShell\\Modules;C:\\WINDOWS\\system32\\WindowsPowerShell\\v1.0\\Modules', 'COMMONPROGRAMFILES': 'C:\\Program Files\\Common Files', 'PROCESSOR_IDENTIFIER': 'Intel64 Family 6 Model 94 Stepping 3, GenuineIntel', 'LOGONSERVER': '\\\\DESKTOP-5K6UCTT', 'VBOX_MSI_INSTALL_PATH': 'C:\\Program Files\\Oracle\\VirtualBox\\', 'PROGRAMFILES': 'C:\\Program Files', 'PROCESSOR_REVISION': '5e03', 'PATH': 'C:\\Panda3D-1.11.0-x64\\panda3d\\..\\bin;C:\\Program Files (x86)\\Common Files\\Intel\\Shared Libraries\\redist\\intel64\\compiler;C:\\Program Files (x86)\\Razer Chroma SDK\\bin;C:\\Program Files\\Razer Chroma SDK\\bin;C:\\ProgramData\\Oracle\\Java\\javapath;C:\\Program Files (x86)\\Intel\\iCLS Client\\;C:\\Program Files\\Intel\\iCLS Client\\;C:\\Windows\\system32;C:\\Windows;C:\\Windows\\System32\\Wbem;C:\\Windows\\System32\\WindowsPowerShell\\v1.0\\;C:\\Program Files (x86)\\Intel\\Intel(R) Management Engine Components\\DAL;C:\\Program Files\\Intel\\Intel(R) Management Engine Components\\DAL;C:\\Program Files (x86)\\Intel\\Intel(R) Management Engine Components\\IPT;C:\\Program Files\\Intel\\Intel(R) Management Engine Components\\IPT;C:\\Program Files (x86)\\NVIDIA Corporation\\PhysX\\Common;C:\\WINDOWS\\system32;C:\\WINDOWS;C:\\WINDOWS\\System32\\Wbem;C:\\WINDOWS\\System32\\WindowsPowerShell\\v1.0\\;C:\\Program Files (x86)\\Windows Live\\Shared;C:\\Program Files\\Intel\\WiFi\\bin\\;C:\\Program Files\\Common Files\\Intel\\WirelessCommon\\;C:\\Program Files (x86)\\Gpg4win\\..\\GnuPG\\bin;C:\\WINDOWS\\system32\\config\\systemprofile\\AppData\\Local\\Microsoft\\WindowsApps;C:\\WINDOWS\\system32;C:\\WINDOWS;C:\\WINDOWS\\System32\\Wbem;C:\\WINDOWS\\System32\\WindowsPowerShell\\v1.0\\;C:\\WINDOWS\\System32\\OpenSSH\\;C:\\Program Files\\NVIDIA Corporation\\NVIDIA NvDLISR;C:\\Program Files\\Git\\cmd;C:\\Program Files\\PuTTY\\;C:\\Program Files (x86)\\QuickTime\\QTSystem\\;C:\\Panda3D-1.11.0-x64\\bin;C:\\Users\\alyaz\\AppData\\Local\\Programs\\Python\\Python37-32\\Scripts;C:\\Users\\alyaz\\AppData\\Local\\Programs\\Python\\Python37-32;C:\\Users\\alyaz\\AppData\\Local\\Microsoft\\WindowsApps;C:\\Users\\NSI\\AppData\\Local\\GitHubDesktop\\bin;C:\\Users\\alyaz\\AppData\\Local\\Programs\\Microsoft VS Code\\bin;C:\\Users\\alyaz\\AppData\\Local\\atom\\bin;C:\\Panda3D-1.11.0\\python;C:\\Panda3D-1.11.0\\python\\Scripts;C:\\Panda3D-1.11.0\\bin;C:\\Panda3D-1.11.0-x64\\python;C:\\Panda3D-1.11.0-x64\\python\\Scripts;C:\\Panda3D-1.11.0-x64\\bin;F:\\Python3\\TTSH\\TTSH-py3\\Panda3D-1.11.0-x64\\python;F:\\Python3\\TTSH\\TTSH-py3\\Panda3D-1.11.0-x64\\python\\Scripts;F:\\Python3\\TTSH\\TTSH-py3\\Panda3D-1.11.0-x64\\bin;F:\\Panda3D-1.10.4.1-x64\\python;F:\\Panda3D-1.10.4.1-x64\\python\\Scripts;F:\\Panda3D-1.10.4.1-x64\\bin;C:\\Panda3D-1.10.4.1-x64\\python;C:\\Panda3D-1.10.4.1-x64\\python\\Scripts;C:\\Panda3D-1.10.4.1-x64\\bin;C:\\Panda3D-1.10.0-x64\\python;C:\\Panda3D-1.10.0-x64\\python\\Scripts;C:\\Panda3D-1.10.0-x64\\bin;F:\\PYTHON-3\\TOONTOWN-SOURCES\\CorporateClash-python3\\Panda3D-1.10.0-x64\\python;F:\\PYTHON-3', 'SYSTEMROOT': 'C:\\WINDOWS', 'MIC_LD_LIBRARY_PATH': 'C:\\Program Files (x86)\\Common Files\\Intel\\Shared Libraries\\compiler\\lib\\mic', 'COMSPEC': 'C:\\WINDOWS\\system32\\cmd.exe', 'DRIVERDATA': 'C:\\Windows\\System32\\Drivers\\DriverData', 'PPYTHON_PATH': '"C:\\Panda3D-1.11.0-x64\\python\\ppython.exe"', 'TEMP': 'C:\\Users\\alyaz\\AppData\\Local\\Temp', 'COMMONPROGRAMFILES(X86)': 'C:\\Program Files (x86)\\Common Files', 'PROCESSOR_ARCHITECTURE': 'AMD64', 'PROGRAMFILES(X86)': 'C:\\Program Files (x86)', 'ALLUSERSPROFILE': 'C:\\ProgramData', 'LOCALAPPDATA': 'C:\\Users\\alyaz\\AppData\\Local', 'FPS_BROWSER_USER_PROFILE_STRING': 'Default', 'HOMEPATH': '\\Users\\alyaz', 'USERDOMAIN_ROAMINGPROFILE': 'DESKTOP-5K6UCTT', 'PROGRAMW6432': 'C:\\Program Files', 'USERNAME': 'alyaz', 'TOONIVERSAL_P3D': 'C:\\Users\\alyaz\\Desktop\\Panda3D-1.11.0\\python\\ppython', 'PROMPT': '$P$G', 'SESSIONNAME': 'Console', 'PROGRAMDATA': 'C:\\ProgramData', 'ONEDRIVE': 'C:\\Users\\alyaz\\OneDrive', 'FPS_BROWSER_APP_PROFILE_STRING': 'Internet Explorer', 'PATHEXT': '.COM;.EXE;.BAT;.CMD;.VBS;.VBE;.JS;.JSE;.WSF;.WSH;.MSC', 'TTOFF_LOGIN_TOKEN': 'dev', 'ASL.LOG': 'Destination=file', 'WINDIR': 'C:\\WINDOWS', 'APPDATA': 'C:\\Users\\alyaz\\AppData\\Roaming', 'HOMEDRIVE': 'C:', 'SYSTEMDRIVE': 'C:', 'NUMBER_OF_PROCESSORS': '8', 'PROCESSOR_LEVEL': '6', 'COMMONPROGRAMW6432': 'C:\\Program Files\\Common Files', 'OS': 'Windows_NT', 'PUBLIC': 'C:\\Users\\Public', 'USERPROFILE': 'C:\\Users\\alyaz'}
:11-22-2019 16:53:43 TTOffLauncher: isTestServer: 0
:11-22-2019 16:53:43 TTOffLauncher: Game Server 127.0.0.1
:11-22-2019 16:53:43 TTOffLauncher: Starting Toontown Online... 
:11-22-2019 16:53:43 TTOffLauncher: foreground: Launcher now operating in foreground
useTTOffSpecificLogin=True
:11-22-2019 16:53:43 TTOffLauncher: maybeStartGame: starting game
:11-22-2019 16:53:43 TTOffLauncher: Starting Toontown Online...
:11-22-2019 16:53:43 TTOffLauncher: background: Launcher now operating in background
ToontownStart: Polling for game2 to finish...
ToontownStart: Game2 is finished.
ToontownStart: Starting the game.
ToontownStart: setting default font
:11-22-2019 16:53:43 TTOffLauncher: setting panda error code to 7
Known pipe types:
  wglGraphicsPipe
(all display modules loaded.)
:11-22-2019 16:53:44 ToonBase: Default graphics pipe is wglGraphicsPipe (OpenGL).
:11-22-2019 16:53:44 ToonBase: Successfully opened window of type wglGraphicsWindow (OpenGL)
:11-22-2019 16:53:44 ShowBase: __dev__ == False
:11-22-2019 16:53:44 TTOffLauncher: setting panda error code to 11
:11-22-2019 16:53:44 TTOffLauncher: setting panda error code to 0
ToontownStart: Loading default gui sounds
ToontownStart: serverVersion:  tto-dev
:11-22-2019 16:53:44 Loader: starting bulk load of block 'init'
:11-22-2019 16:53:45 :nativenet(error): Buffered_DatagramConnection Constructor rbufsize = 4096000 wbufsize = 4096000 write_flush_point = 1400
:11-22-2019 16:53:45 OTPClientRepository: Using connect method 'http'
:11-22-2019 16:53:46 TTOffLauncher: getRegistry ('DEPLOYMENT', None)
:11-22-2019 16:53:46 TTOffLauncher: checking env
:11-22-2019 16:53:46 TTOffLauncher: getRegistry ('GAME_DEPLOYMENT', None)
:11-22-2019 16:53:46 TTOffLauncher: checking env
:11-22-2019 16:53:46 OTPClientRepository: reg_deployment=
:11-22-2019 16:53:46 OTPClientRepository: required-login auto.
:11-22-2019 16:53:46 OTPClientRepository: loginInterface: LoginTTOffAccount
:11-22-2019 16:53:46 TTOffLauncher: getNeedPwForSecretKey using ttoff-specific-login
:11-22-2019 16:53:46 Loader: At end of block 'init', expected 138, loaded 7, duration=1.55367831074
:11-22-2019 16:53:46 OTPClientRepository: Connecting to gameserver directly (no proxy).
:11-22-2019 16:53:46 OTPClientRepository: Connecting to //127.0.0.1:7198 via HTTP interface.
:11-22-2019 16:53:46 TTOffLauncher: Stopping mini task manager.
:11-22-2019 16:53:46 OTPClientRepository: Successfully connected to //127.0.0.1:7198.
:11-22-2019 16:53:46 TTOffLauncher: Setting Disconnect Details normal
{401000001: <toontown.distributed.ToontownDistrict.ToontownDistrict instance at 0x000000001D5F4548>}
:11-22-2019 16:53:47 StateData: AvatarChooser.enter
:11-22-2019 16:53:47 DisplayOptions: settingsFullScreen = False, embedded = False width=800 height=600
:11-22-2019 16:53:47 StateData: calling self.displayOptions.restrictToEmbedded(False)
:11-22-2019 16:53:48 OTPClientRepository: ================
:11-22-2019 16:53:48 OTPClientRepository: Chose avatar id: 100000001
:11-22-2019 16:53:48 OTPClientRepository: Chose avatar name: Aeterna
:11-22-2019 16:53:48 OTPClientRepository: Chose avatar dna: ('css', 'ms', 'm', 'f', 26, 0, 21, 26, 3, 11, 3, 11, 8, 12)
:11-22-2019 16:53:48 OTPClientRepository: Chose avatar position: 1
:11-22-2019 16:53:48 OTPClientRepository: isPaid: 1
:11-22-2019 16:53:48 OTPClientRepository: freeTimeLeft: 0
:11-22-2019 16:53:48 OTPClientRepository: allowSecretChat: True
:11-22-2019 16:53:48 OTPClientRepository: ================
:11-22-2019 16:53:48 Loader: starting bulk load of block 'localAvatarPlayGame'
:11-22-2019 16:53:49 ToontownTimeManager(warning): error parsing date string=
local
:11-22-2019 16:53:49 NewsPageButtonManager(warning): Should not get here. NewsPageButtonManager.exitOff
:11-22-2019 16:53:49 :pnmimage:png(warning): iCCP: known incorrect sRGB profile
:11-22-2019 16:53:51 OTPClientRepository: Entering shard 401000001
:11-22-2019 16:53:51 StreetSign: Street sign url is https://ttoffline.com/images/
:11-22-2019 16:53:53 StreetSign: Street Sign is up to date
:11-22-2019 16:53:53 TimeManager: Clock sync: TimeManager.announceGenerate
:11-22-2019 16:53:53 InGameNewsMgr: latestIssue=2013-08-22 16:49:46.000003-07:00
cpu info: GenuineIntel|Intel(R) Core(TM) i7-6820HK CPU @ 2.70GHz|329443|0|2.701,2.701|4,8 cpus
:11-22-2019 16:53:54 OTPClientRepository: No sync from TimeManager.
:11-22-2019 16:53:54 OTPClientRepository: gotTimeSync
:11-22-2019 16:53:54 Loader: At end of block 'localAvatarPlayGame', expected 400, loaded 14, duration=5.69831984365
:11-22-2019 16:53:54 TimeManager: Clock sync roundtrip took 1095.432 ms
:11-22-2019 16:53:54 TimeManager: AI time delta is -0:01 from server delta
:11-22-2019 16:53:54 TimeManager: Local clock uncertainty +/- 0.548 s
:11-22-2019 16:53:54 PlayGame: QA-REGRESSION: NEIGHBORHOODS: Visit Lawbot HQ
:11-22-2019 16:53:54 Loader: starting bulk load of block 'hood'
:11-22-2019 16:53:55 LawbotCogHQLoader: loadPlaceGeom: 13000
:11-22-2019 16:53:55 DistributedObject: DistributedSuitPlanner 401002975: generating
:11-22-2019 16:53:55 DistributedToon: calling LocalAvatar.startchat
:11-22-2019 16:53:55 :loader(error): Couldn't load file phase_4/models/questmap/cog_hq_lawbot_maps.bam: not found on model path (currently: "/;/c/Users/alyaz/Documents/GitHub/Toontown-School-House/toontown/launcher;/c/Panda3D-1.11.0-x64/etc/..;/c/Panda3D-1.11.0-x64/etc/../models")
:11-22-2019 16:53:55 Loader: At end of block 'hood', expected 2, loaded 4, duration=0.893017182919
:11-22-2019 16:53:56 Teleport(debug): teleportInDone: walk
:11-22-2019 16:53:56 :loader(error): Couldn't load file phase_4/models/questmap/cog_hq_lawbot_maps.bam: not found on model path (currently: "/;/c/Users/alyaz/Documents/GitHub/Toontown-School-House/toontown/launcher;/c/Panda3D-1.11.0-x64/etc/..;/c/Panda3D-1.11.0-x64/etc/../models")
render/Aeterna-100000001/camera
:11-22-2019 16:53:59 TTOffMagicWordManager: Ta-da!
:11-22-2019 16:54:20 TTOffMagicWordManager: 0 0 0 180 0 0 is set as the starting point!
:11-22-2019 16:54:35 TTOffMagicWordManager: Voila!
:11-22-2019 16:54:41 TTOffMagicWordManager: Voila!
:11-22-2019 16:54:48 TTOffMagicWordManager: Abracadabra!
:11-22-2019 16:56:14 TTOffMagicWordManager: Voila!
:11-22-2019 16:56:26 TTOffMagicWordManager: Ta-da!
:11-22-2019 16:56:39 TTOffMagicWordManager: Ta-da!
:11-22-2019 16:57:26 TTOffMagicWordManager: 75 -50 0 180 0 0 is set as the starting point!
:11-22-2019 16:57:32 TTOffMagicWordManager: Point 90 -250 80 0 0 0 with a duration of 5 was added!
render/Aeterna-100000001/camera
:11-22-2019 16:57:33 TTOffMagicWordManager: Presto!
:11-22-2019 16:57:47 TTOffMagicWordManager: This Magic Word doesn't exist! Did you mean clearaccessories?
:11-22-2019 16:57:51 TTOffMagicWordManager: Successfully cleared all camera points!
:11-22-2019 16:58:02 TTOffMagicWordManager: Point 90 -250 80 180 0 0 with a duration of 5 was added!
render/Aeterna-100000001/camera
:11-22-2019 16:58:05 TTOffMagicWordManager: Presto!
render/Aeterna-100000001/camera
:11-22-2019 16:58:14 TTOffMagicWordManager: Alakazam!
render/Aeterna-100000001/camera
:11-22-2019 16:58:21 TTOffMagicWordManager: Voila!
:11-22-2019 16:58:32 ShtikerBook: QA-REGRESSION: SHTICKERBOOK: Open
:11-22-2019 16:58:32 ShtikerBook: QA-REGRESSION: SHTICKERBOOK: Close
:11-22-2019 16:58:33 :loader(error): Couldn't load file phase_4/models/questmap/cog_hq_lawbot_maps.bam: not found on model path (currently: "/;/c/Users/alyaz/Documents/GitHub/Toontown-School-House/toontown/launcher;/c/Panda3D-1.11.0-x64/etc/..;/c/Panda3D-1.11.0-x64/etc/../models")
render/Aeterna-100000001/camera
:11-22-2019 16:58:34 TTOffMagicWordManager: Alakazam!
:11-22-2019 16:58:44 GarbageCollect(warning): garbage found, reverting gc threshold
render/Aeterna-100000001/camera
:11-22-2019 16:58:46 TTOffMagicWordManager: Presto!
:11-22-2019 16:58:47 ShtikerBook: QA-REGRESSION: SHTICKERBOOK: Open
:11-22-2019 16:58:47 ShtikerBook: QA-REGRESSION: SHTICKERBOOK: Close
:11-22-2019 16:58:49 :loader(error): Couldn't load file phase_4/models/questmap/cog_hq_lawbot_maps.bam: not found on model path (currently: "/;/c/Users/alyaz/Documents/GitHub/Toontown-School-House/toontown/launcher;/c/Panda3D-1.11.0-x64/etc/..;/c/Panda3D-1.11.0-x64/etc/../models")
frame rate: 123.9 fps|0.003d|13 avs||307|307||0x0000|0x0000|636.1MB|721.3MB|32703.7MB|390|nt.2.6.2|2.701,2.701|4,8 cpus|OpenGL
render/Aeterna-100000001/camera
:11-22-2019 16:58:55 TTOffMagicWordManager: Abracadabra!
:11-22-2019 16:58:56 ShtikerBook: QA-REGRESSION: SHTICKERBOOK: Open
:11-22-2019 16:58:57 ShtikerBook: QA-REGRESSION: SHTICKERBOOK: Close
:11-22-2019 16:58:58 :loader(error): Couldn't load file phase_4/models/questmap/cog_hq_lawbot_maps.bam: not found on model path (currently: "/;/c/Users/alyaz/Documents/GitHub/Toontown-School-House/toontown/launcher;/c/Panda3D-1.11.0-x64/etc/..;/c/Panda3D-1.11.0-x64/etc/../models")
:11-22-2019 16:59:00 ShtikerBook: QA-REGRESSION: SHTICKERBOOK: Open
:11-22-2019 16:59:00 ShtikerBook: QA-REGRESSION: SHTICKERBOOK: Close
:11-22-2019 16:59:02 :loader(error): Couldn't load file phase_4/models/questmap/cog_hq_lawbot_maps.bam: not found on model path (currently: "/;/c/Users/alyaz/Documents/GitHub/Toontown-School-House/toontown/launcher;/c/Panda3D-1.11.0-x64/etc/..;/c/Panda3D-1.11.0-x64/etc/../models")
adding timeout task
adding timeout task
render/Aeterna-100000001/camera
:11-22-2019 17:01:14 TTOffMagicWordManager: Alakazam!
:11-22-2019 17:01:18 LawbotHQExterior: QA-REGRESSION: COGBATTLE: Enter Battle
Battle Event localtoon-battle-event-3
render/distributed-battle-1/camera
:11-22-2019 17:01:22 TTOffMagicWordManager: Ta-da!
render/Aeterna-100000001/camera
:11-22-2019 17:01:33 TTOffMagicWordManager: Voila!
render/Aeterna-100000001/camera
:11-22-2019 17:01:40 TTOffMagicWordManager: Ta-da!
render/Aeterna-100000001/camera
:11-22-2019 17:01:51 TTOffMagicWordManager: Abracadabra!
:11-22-2019 17:02:02 :loader(error): Couldn't load file phase_4/models/questmap/cog_hq_lawbot_maps.bam: not found on model path (currently: "/;/c/Users/alyaz/Documents/GitHub/Toontown-School-House/toontown/launcher;/c/Panda3D-1.11.0-x64/etc/..;/c/Panda3D-1.11.0-x64/etc/../models")
:11-22-2019 17:02:35 ShtikerBook: QA-REGRESSION: SHTICKERBOOK: Open
render/Aeterna-100000001/camera
:11-22-2019 17:02:39 TTOffMagicWordManager: Presto!
:11-22-2019 17:02:40 ShtikerBook: QA-REGRESSION: SHTICKERBOOK: Close
:11-22-2019 17:02:41 :loader(error): Couldn't load file phase_4/models/questmap/cog_hq_lawbot_maps.bam: not found on model path (currently: "/;/c/Users/alyaz/Documents/GitHub/Toontown-School-House/toontown/launcher;/c/Panda3D-1.11.0-x64/etc/..;/c/Panda3D-1.11.0-x64/etc/../models")
:11-22-2019 17:02:43 ShtikerBook: QA-REGRESSION: SHTICKERBOOK: Open
:11-22-2019 17:02:43 ShtikerBook: QA-REGRESSION: SHTICKERBOOK: Close
:11-22-2019 17:02:45 :loader(error): Couldn't load file phase_4/models/questmap/cog_hq_lawbot_maps.bam: not found on model path (currently: "/;/c/Users/alyaz/Documents/GitHub/Toontown-School-House/toontown/launcher;/c/Panda3D-1.11.0-x64/etc/..;/c/Panda3D-1.11.0-x64/etc/../models")
:11-22-2019 17:02:48 ShtikerBook: QA-REGRESSION: SHTICKERBOOK: Open
:11-22-2019 17:02:48 ShtikerBook: QA-REGRESSION: SHTICKERBOOK: Close
:11-22-2019 17:02:49 :loader(error): Couldn't load file phase_4/models/questmap/cog_hq_lawbot_maps.bam: not found on model path (currently: "/;/c/Users/alyaz/Documents/GitHub/Toontown-School-House/toontown/launcher;/c/Panda3D-1.11.0-x64/etc/..;/c/Panda3D-1.11.0-x64/etc/../models")
:11-22-2019 17:03:03 ShtikerBook: QA-REGRESSION: SHTICKERBOOK: Open
:11-22-2019 17:03:03 ShtikerBook: QA-REGRESSION: SHTICKERBOOK: Close
:11-22-2019 17:03:04 :loader(error): Couldn't load file phase_4/models/questmap/cog_hq_lawbot_maps.bam: not found on model path (currently: "/;/c/Users/alyaz/Documents/GitHub/Toontown-School-House/toontown/launcher;/c/Panda3D-1.11.0-x64/etc/..;/c/Panda3D-1.11.0-x64/etc/../models")
:11-22-2019 17:03:05 ShtikerBook: QA-REGRESSION: SHTICKERBOOK: Open
:11-22-2019 17:03:06 ShtikerBook: QA-REGRESSION: SHTICKERBOOK: Close
:11-22-2019 17:03:07 :loader(error): Couldn't load file phase_4/models/questmap/cog_hq_lawbot_maps.bam: not found on model path (currently: "/;/c/Users/alyaz/Documents/GitHub/Toontown-School-House/toontown/launcher;/c/Panda3D-1.11.0-x64/etc/..;/c/Panda3D-1.11.0-x64/etc/../models")
:11-22-2019 17:03:10 DistributedToon: QA-REGRESSION: VISITESTATE: Visit estate
:11-22-2019 17:03:14 LawbotHQExterior: Unloading Place (13004). Fsm in final
:11-22-2019 17:03:14 DistributedObject: DistributedSuitPlanner 401002975: disabling
:11-22-2019 17:03:14 PlayGame: QA-REGRESSION: NEIGHBORHOODS: Visit your house
:11-22-2019 17:03:14 Loader: starting bulk load of block 'hood'
:11-22-2019 17:03:15 DistributedToon: calling LocalAvatar.startchat
:11-22-2019 17:03:15 Estate: remove estate-check-toon-underwater to TaskMgr in enterTeleportIn()
:11-22-2019 17:03:15 Loader: At end of block 'hood', expected 10, loaded 3, duration=0.843053128554
:11-22-2019 17:03:17 Estate: add estate-check-toon-underwater to TaskMgr in teleportInDone()
:11-22-2019 17:03:17 Teleport(debug): teleportInDone: walk
:11-22-2019 17:03:18 DistributedToon: QA-REGRESSION: VISITESTATE: Visit estate
render/Aeterna-100000001/camera
:11-22-2019 17:03:20 TTOffMagicWordManager: Ta-da!
:11-22-2019 17:03:22 Estate: remove estate-check-toon-underwater to TaskMgr in unload()
:11-22-2019 17:03:22 Estate: Unloading Place (61000). Fsm in final
:11-22-2019 17:03:22 DistributedToon: calling LocalAvatar.startchat
:11-22-2019 17:03:22 Estate: remove estate-check-toon-underwater to TaskMgr in enterTeleportIn()
:11-22-2019 17:03:23 Estate: add estate-check-toon-underwater to TaskMgr in teleportInDone()
:11-22-2019 17:03:23 Teleport(debug): teleportInDone: walk
frame rate: 272.3 fps|0.001d|0 avs||607|607||0x0000|0x0000|705.6MB|773.7MB|32703.7MB|411|nt.2.6.2|2.701,2.701|4,8 cpus|OpenGL
adding timeout task
adding timeout task
frame rate: 203.6 fps|0.001d|0 avs||907|907||0x0000|0x0000|720.4MB|788.5MB|32703.7MB|415|nt.2.6.2|2.701,2.701|4,8 cpus|OpenGL
adding timeout task
adding timeout task
