

Starting Toontown Online...
Current time: Wed May  6 22:13:46 2020 Eastern Standard Time
sys.path =  ['', 'C:\\Panda3D-1.11.0-x64\\python\\python27.zip', 'C:\\Panda3D-1.11.0-x64', 'C:\\Panda3D-1.11.0-x64\\python\\DLLs', 'C:\\Panda3D-1.11.0-x64\\python\\lib', 'C:\\Panda3D-1.11.0-x64\\python\\lib\\plat-win', 'C:\\Panda3D-1.11.0-x64\\python\\lib\\lib-tk', 'C:\\Panda3D-1.11.0-x64\\python', 'C:\\Panda3D-1.11.0-x64\\bin', 'C:\\Panda3D-1.11.0-x64\\python\\lib\\site-packages']
sys.argv =  ['D:\\hollybae\\Aly\\Toontown-School-House\\toontown\\launcher\\TTOffQuickStartLauncher.py']
generating standard configrc
os.environ =  {'TMP': 'C:\\Users\\holla\\AppData\\Local\\Temp', 'COMPUTERNAME': 'HOLLYBAES-PC', 'USERDOMAIN': 'HOLLYBAES-PC', 'INTEL_DEV_REDIST': 'C:\\Program Files (x86)\\Common Files\\Intel\\Shared Libraries\\', 'PSMODULEPATH': 'C:\\Program Files\\WindowsPowerShell\\Modules;C:\\WINDOWS\\system32\\WindowsPowerShell\\v1.0\\Modules', 'COMMONPROGRAMFILES': 'C:\\Program Files\\Common Files', 'PROCESSOR_IDENTIFIER': 'Intel64 Family 6 Model 158 Stepping 10, GenuineIntel', 'VBOX_MSI_INSTALL_PATH': 'C:\\Program Files\\Oracle\\VirtualBox\\', 'PROGRAMFILES': 'C:\\Program Files', 'PROCESSOR_REVISION': '9e0a', 'PATH': 'C:\\Panda3D-1.11.0-x64\\panda3d\\..\\bin;C:\\Program Files (x86)\\Razer Chroma SDK\\bin;C:\\Program Files\\Razer Chroma SDK\\bin;C:\\Program Files (x86)\\Razer\\ChromaBroadcast\\bin;C:\\Program Files\\Razer\\ChromaBroadcast\\bin;C:\\Program Files (x86)\\Common Files\\Intel\\Shared Libraries\\redist\\intel64_win\\compiler;C:\\Program Files (x86)\\Common Files\\Oracle\\Java\\javapath;C:\\Program Files (x86)\\Common Files\\Intel\\Shared Libraries\\redist\\intel64\\compiler;C:\\WINDOWS\\system32;C:\\WINDOWS;C:\\WINDOWS\\System32\\Wbem;C:\\WINDOWS\\System32\\WindowsPowerShell\\v1.0\\;C:\\WINDOWS\\System32\\OpenSSH\\;C:\\Program Files (x86)\\NVIDIA Corporation\\PhysX\\Common;C:\\Program Files\\NVIDIA Corporation\\NVIDIA NvDLISR;C:\\WINDOWS\\system32;C:\\WINDOWS;C:\\WINDOWS\\System32\\Wbem;C:\\WINDOWS\\System32\\WindowsPowerShell\\v1.0\\;C:\\WINDOWS\\System32\\OpenSSH\\;D:\\hollybae\\ffmpeg-4.1.3-win64-static\\ffmpeg-4.1.3-win64-static\\bin;C:\\Program Files\\dotnet\\;C:\\WINDOWS\\system32\\config\\systemprofile\\AppData\\Local\\Microsoft\\WindowsApps;C:\\Program Files (x86)\\QuickTime\\QTSystem\\;C:\\Users\\holla\\AppData\\Local\\Microsoft\\WindowsApps;C:\\Panda3D-1.10.4.1-x64\\python;C:\\Panda3D-1.10.4.1-x64\\python\\Scripts;C:\\Panda3D-1.10.4.1-x64\\bin;C:\\Panda3D-1.11.0-x64\\python;C:\\Panda3D-1.11.0-x64\\python\\Scripts;C:\\Panda3D-1.11.0-x64\\bin', 'SYSTEMROOT': 'C:\\WINDOWS', 'MIC_LD_LIBRARY_PATH': 'C:\\Program Files (x86)\\Common Files\\Intel\\Shared Libraries\\compiler\\lib\\intel64_win_mic', 'COMSPEC': 'C:\\WINDOWS\\system32\\cmd.exe', 'DRIVERDATA': 'C:\\Windows\\System32\\Drivers\\DriverData', 'PPYTHON_PATH': '"C:\\Panda3D-1.11.0-x64\\python\\ppython.exe"', 'TEMP': 'C:\\Users\\holla\\AppData\\Local\\Temp', 'COMMONPROGRAMFILES(X86)': 'C:\\Program Files (x86)\\Common Files', 'PROCESSOR_ARCHITECTURE': 'AMD64', 'PROGRAMFILES(X86)': 'C:\\Program Files (x86)', 'ALLUSERSPROFILE': 'C:\\ProgramData', 'LOCALAPPDATA': 'C:\\Users\\holla\\AppData\\Local', 'FPS_BROWSER_USER_PROFILE_STRING': 'Default', 'HOMEPATH': '\\Users\\holla', 'USERDOMAIN_ROAMINGPROFILE': 'HOLLYBAES-PC', 'PROGRAMW6432': 'C:\\Program Files', 'USERNAME': 'holla', 'LOGONSERVER': '\\\\HOLLYBAES-PC', 'PROMPT': '$P$G', 'SESSIONNAME': 'Console', 'PROGRAMDATA': 'C:\\ProgramData', 'ONEDRIVE': 'C:\\Users\\holla\\OneDrive - University of Guelph', 'FPS_BROWSER_APP_PROFILE_STRING': 'Internet Explorer', 'PATHEXT': '.COM;.EXE;.BAT;.CMD;.VBS;.VBE;.JS;.JSE;.WSF;.WSH;.MSC', 'TTOFF_LOGIN_TOKEN': 'dev', 'ONEDRIVECOMMERCIAL': 'C:\\Users\\holla\\OneDrive - University of Guelph', 'WINDIR': 'C:\\WINDOWS', 'APPDATA': 'C:\\Users\\holla\\AppData\\Roaming', 'HOMEDRIVE': 'C:', 'SYSTEMDRIVE': 'C:', 'NUMBER_OF_PROCESSORS': '12', 'PROCESSOR_LEVEL': '6', 'RG_GPU_FRAMEWORK_ENGINE_RESOURCEDIR': 'C:\\Program Files\\Red Giant\\RGFX', 'COMMONPROGRAMW6432': 'C:\\Program Files\\Common Files', 'OS': 'Windows_NT', 'PUBLIC': 'C:\\Users\\Public', 'USERPROFILE': 'C:\\Users\\holla'}
:05-06-2020 22:13:46 TTOffLauncher: isTestServer: 0
:05-06-2020 22:13:46 TTOffLauncher: Game Server 127.0.0.1
:05-06-2020 22:13:46 TTOffLauncher: Starting Toontown Online... 
:05-06-2020 22:13:46 TTOffLauncher: foreground: Launcher now operating in foreground
useTTOffSpecificLogin=True
:05-06-2020 22:13:46 TTOffLauncher: maybeStartGame: starting game
:05-06-2020 22:13:46 TTOffLauncher: Starting Toontown Online...
:05-06-2020 22:13:46 TTOffLauncher: background: Launcher now operating in background
ToontownStart: Polling for game2 to finish...
ToontownStart: Game2 is finished.
ToontownStart: Starting the game.
ToontownStart: setting default font
:05-06-2020 22:13:46 TTOffLauncher: setting panda error code to 7
Known pipe types:
  wglGraphicsPipe
(all display modules loaded.)
:05-06-2020 22:13:47 ToonBase: Default graphics pipe is wglGraphicsPipe (OpenGL).
:05-06-2020 22:13:47 ToonBase: Successfully opened window of type wglGraphicsWindow (OpenGL)
:05-06-2020 22:13:47 ShowBase: __dev__ == False
:05-06-2020 22:13:47 TTOffLauncher: setting panda error code to 11
:05-06-2020 22:13:47 TTOffLauncher: setting panda error code to 0
ToontownStart: Loading default gui sounds
ToontownStart: serverVersion:  tto-dev
:05-06-2020 22:13:47 Loader: starting bulk load of block 'init'
:05-06-2020 22:13:49 :nativenet(error): Buffered_DatagramConnection Constructor rbufsize = 4096000 wbufsize = 4096000 write_flush_point = 1400
:05-06-2020 22:13:49 OTPClientRepository: Using connect method 'http'
:05-06-2020 22:13:53 TTOffLauncher: getRegistry ('DEPLOYMENT', None)
:05-06-2020 22:13:53 TTOffLauncher: checking env
:05-06-2020 22:13:53 TTOffLauncher: getRegistry ('GAME_DEPLOYMENT', None)
:05-06-2020 22:13:53 TTOffLauncher: checking env
:05-06-2020 22:13:53 OTPClientRepository: reg_deployment=
:05-06-2020 22:13:53 OTPClientRepository: required-login auto.
:05-06-2020 22:13:53 OTPClientRepository: loginInterface: LoginTTOffAccount
:05-06-2020 22:13:53 TTOffLauncher: getNeedPwForSecretKey using ttoff-specific-login
:05-06-2020 22:13:53 Loader: At end of block 'init', expected 138, loaded 8, duration=6.5144655
:05-06-2020 22:13:53 OTPClientRepository: Connecting to gameserver directly (no proxy).
:05-06-2020 22:13:53 OTPClientRepository: Connecting to //127.0.0.1:7198 via HTTP interface.
:05-06-2020 22:13:53 TTOffLauncher: Stopping mini task manager.
:05-06-2020 22:13:53 OTPClientRepository: Successfully connected to //127.0.0.1:7198.
:05-06-2020 22:13:53 TTOffLauncher: Setting Disconnect Details normal
{401000001: <toontown.distributed.ToontownDistrict.ToontownDistrict instance at 0x000000001CB0F748>}
:05-06-2020 22:13:55 StateData: AvatarChooser.enter
:05-06-2020 22:13:55 DisplayOptions: settingsFullScreen = False, embedded = False width=800 height=600
:05-06-2020 22:13:55 StateData: calling self.displayOptions.restrictToEmbedded(False)
:05-06-2020 22:14:41 OTPClientRepository: ================
:05-06-2020 22:14:41 OTPClientRepository: Chose avatar id: 100000014
:05-06-2020 22:14:41 OTPClientRepository: Chose avatar name: Hollybae
:05-06-2020 22:14:41 OTPClientRepository: Chose avatar dna: ('css', 'ms', 'm', 'm', 16, 0, 16, 16, 113, 27, 99, 27, 7, 21)
:05-06-2020 22:14:41 OTPClientRepository: Chose avatar position: 5
:05-06-2020 22:14:41 OTPClientRepository: isPaid: 1
:05-06-2020 22:14:41 OTPClientRepository: freeTimeLeft: 0
:05-06-2020 22:14:41 OTPClientRepository: allowSecretChat: True
:05-06-2020 22:14:41 OTPClientRepository: ================
:05-06-2020 22:14:41 Loader: starting bulk load of block 'localAvatarPlayGame'
:05-06-2020 22:14:42 ToontownTimeManager(warning): error parsing date string=
local
:05-06-2020 22:14:43 NewsPageButtonManager(warning): Should not get here. NewsPageButtonManager.exitOff
:05-06-2020 22:14:43 :pnmimage:png(warning): iCCP: known incorrect sRGB profile
:05-06-2020 22:14:44 OTPClientRepository: Sending heartbeat mid-frame.
:05-06-2020 22:14:46 OTPClientRepository: Entering shard 401000001
:05-06-2020 22:14:46 StreetSign: Street sign url is https://ttoffline.com/images/
:05-06-2020 22:14:47 StreetSign: Street Sign is up to date
:05-06-2020 22:14:47 TimeManager: Clock sync: TimeManager.announceGenerate
:05-06-2020 22:14:47 NewsManager: setHolidayId: Starting Holiday 7
:05-06-2020 22:14:47 InGameNewsMgr: latestIssue=2013-08-22 16:49:46.000003-07:00
cpu info: GenuineIntel|Intel(R) Core(TM) i7-8700K CPU @ 3.70GHz|591594|0|3.701,3.701|6,12 cpus
:05-06-2020 22:14:49 OTPClientRepository: No sync from TimeManager.
:05-06-2020 22:14:49 OTPClientRepository: gotTimeSync
:05-06-2020 22:14:49 Loader: At end of block 'localAvatarPlayGame', expected 400, loaded 22, duration=7.5863163
:05-06-2020 22:14:49 TimeManager: Clock sync roundtrip took 1793.586 ms
:05-06-2020 22:14:49 TimeManager: AI time delta is -0:02 from server delta
:05-06-2020 22:14:49 TimeManager: Local clock uncertainty +/- 0.897 s
:05-06-2020 22:14:49 PlayGame: QA-REGRESSION: NEIGHBORHOODS: Visit Lawbot HQ
:05-06-2020 22:14:49 Loader: starting bulk load of block 'hood'
:05-06-2020 22:14:51 LawbotCogHQLoader: loadPlaceGeom: 13000
:05-06-2020 22:14:51 DistributedObject: DistributedSuitPlanner 401002972: generating
:05-06-2020 22:14:52 DistributedToon: calling LocalAvatar.startchat
:05-06-2020 22:14:52 :loader(error): Couldn't load file phase_4/models/questmap/cog_hq_lawbot_maps.bam: not found on model path (currently: "/;/d/hollybae/Aly/Toontown-School-House/toontown/launcher;/c/Panda3D-1.11.0-x64/etc/..;/c/Panda3D-1.11.0-x64/etc/../models")
:05-06-2020 22:14:52 Loader: At end of block 'hood', expected 2, loaded 13, duration=2.7167719
:05-06-2020 22:14:53 Teleport(debug): teleportInDone: walk
:05-06-2020 22:14:53 :loader(error): Couldn't load file phase_4/models/questmap/cog_hq_lawbot_maps.bam: not found on model path (currently: "/;/d/hollybae/Aly/Toontown-School-House/toontown/launcher;/c/Panda3D-1.11.0-x64/etc/..;/c/Panda3D-1.11.0-x64/etc/../models")
:05-06-2020 22:14:55 TTOffMagicWordManager: Run mode has been toggled.
:05-06-2020 22:15:00 LawbotCogHQLoader: loadPlaceGeom: 13100
:05-06-2020 22:15:00 LawbotCogHQLoader: QA-REGRESSION: COGHQ: Visit LawbotLobby
:05-06-2020 22:15:01 LawbotHQExterior: Unloading Place (13000). Fsm in final
:05-06-2020 22:15:01 DistributedObject: DistributedSuitPlanner 401002972: disabling
:05-06-2020 22:15:01 DistributedToon: calling LocalAvatar.startchat
:05-06-2020 22:15:01 :loader(error): Couldn't load file phase_4/models/questmap/cog_hq_lawbot_maps.bam: not found on model path (currently: "/;/d/hollybae/Aly/Toontown-School-House/toontown/launcher;/c/Panda3D-1.11.0-x64/etc/..;/c/Panda3D-1.11.0-x64/etc/../models")
:05-06-2020 22:15:02 :loader(error): Couldn't load file phase_4/models/questmap/cog_hq_lawbot_maps.bam: not found on model path (currently: "/;/d/hollybae/Aly/Toontown-School-House/toontown/launcher;/c/Panda3D-1.11.0-x64/etc/..;/c/Panda3D-1.11.0-x64/etc/../models")
:05-06-2020 22:15:10 TTOffMagicWordManager: Run mode has been toggled.
:05-06-2020 22:15:14 TTOffMagicWordManager: Gave Hollybae an infinite amount of pies
:05-06-2020 22:15:14 LawbotCogHQLoader: loadPlaceGeom: 61000
:05-06-2020 22:15:14 LawbotCogHQLoader(warning): loadPlaceGeom: unclassified zone 61000
:05-06-2020 22:15:14 CogHQLobby: Unloading Place (13100). Fsm in final
:05-06-2020 22:15:15 DistributedLawbotBoss(warning): Not a collision node: LawbotCourtroom3.egg/-PandaNode/CR3/interior/CR3_Floor
:05-06-2020 22:15:15 DistributedToon: calling LocalAvatar.startchat
:05-06-2020 22:15:15 LawbotHQBossBattle(warning): fsm.request('movie') returned 0 (zone id 61000, avatar pos LPoint3f(-0.363562, -126.204, 0.193903)).
:05-06-2020 22:15:17 TTOffMagicWordManager: Restarting Scale Round
:05-06-2020 22:15:25 :linmath(warning): Tried to invert singular LMatrix3.
:05-06-2020 22:15:27 LawbotHQBossBattle(warning): fsm.request('finalBattle') returned 0 (zone id 61000, avatar pos LPoint3f(-65.9447, 46.5461, 0)).
:05-06-2020 22:15:27 TTOffMagicWordManager: Restarting Scale Round
:05-06-2020 22:15:48 TTOffMagicWordManager: Abracadabra!
:05-06-2020 22:15:59 TTOffMagicWordManager: Presto!
:05-06-2020 22:16:08 TTOffMagicWordManager: Voila!
:05-06-2020 22:16:19 TTOffMagicWordManager: Alakazam!
:05-06-2020 22:16:23 TTOffMagicWordManager: Voila!
:05-06-2020 22:16:34 TTOffMagicWordManager: Abracadabra!
:05-06-2020 22:16:43 TTOffMagicWordManager: Alakazam!
:05-06-2020 22:17:45 TTOffMagicWordManager: Ta-da!
:05-06-2020 22:18:02 TTOffMagicWordManager: Abracadabra!
:05-06-2020 22:18:16 TTOffMagicWordManager: Voila!
:05-06-2020 22:18:26 TTOffMagicWordManager: Ta-da!
:05-06-2020 22:18:46 TTOffMagicWordManager: Ta-da!
:05-06-2020 22:18:47 GarbageCollect(warning): garbage found, reverting gc threshold
:05-06-2020 22:18:56 TTOffMagicWordManager: Abracadabra!
:05-06-2020 22:19:26 TTOffMagicWordManager: Voila!
:05-06-2020 22:19:39 TTOffMagicWordManager: Ta-da!
frame rate: 251.7 fps|0.001d|12 avs||358|359||0x0000|0x0000|1336.7MB|1532.6MB|16235.6MB|800|nt.2.6.2|3.701,3.701|6,12 cpus|OpenGL
:05-06-2020 22:19:52 TTOffMagicWordManager: Ta-da!
:05-06-2020 22:20:04 TTOffMagicWordManager: Abracadabra!
:05-06-2020 22:20:16 TTOffMagicWordManager: Alakazam!
:05-06-2020 22:20:17 TTOffMagicWordManager: Presto!
:05-06-2020 22:20:48 TTOffMagicWordManager: Abracadabra!
:05-06-2020 22:21:00 TTOffMagicWordManager: Ta-da!
:05-06-2020 22:21:13 TTOffMagicWordManager: Alakazam!
:05-06-2020 22:21:23 TTOffMagicWordManager: Ta-da!
:05-06-2020 22:21:32 TTOffMagicWordManager: Alakazam!
:05-06-2020 22:21:48 TTOffMagicWordManager: Abracadabra!
:05-06-2020 22:21:58 TTOffMagicWordManager: Ta-da!
:05-06-2020 22:22:08 TTOffMagicWordManager: Abracadabra!
:05-06-2020 22:22:19 TTOffMagicWordManager: Ta-da!
:05-06-2020 22:22:29 TTOffMagicWordManager: Presto!
:05-06-2020 22:22:40 TTOffMagicWordManager: Abracadabra!
:05-06-2020 22:22:50 TTOffMagicWordManager: Alakazam!
:05-06-2020 22:23:06 TTOffMagicWordManager: Alakazam!
:05-06-2020 22:23:20 TTOffMagicWordManager: Alakazam!
:05-06-2020 22:23:31 TTOffMagicWordManager: Ta-da!
:05-06-2020 22:24:00 TTOffMagicWordManager: Voila!
:05-06-2020 22:24:12 TTOffMagicWordManager: Alakazam!
:05-06-2020 22:24:25 TTOffMagicWordManager: Alakazam!
:05-06-2020 22:24:45 TTOffMagicWordManager: Ta-da!
frame rate: 240.4 fps|0.001d|12 avs||658|659||0x0000|0x0000|1678.9MB|1879.7MB|16235.6MB|908|nt.2.6.2|3.701,3.701|6,12 cpus|OpenGL
:05-06-2020 22:24:55 TTOffMagicWordManager: Alakazam!
:05-06-2020 22:25:11 TTOffMagicWordManager: Abracadabra!
:05-06-2020 22:25:23 TTOffMagicWordManager: Abracadabra!
:05-06-2020 22:25:34 TTOffMagicWordManager: Voila!
:05-06-2020 22:25:52 TTOffMagicWordManager: Ta-da!
:05-06-2020 22:26:05 TTOffMagicWordManager: Alakazam!
:05-06-2020 22:26:19 TTOffMagicWordManager: Abracadabra!
:05-06-2020 22:26:33 TTOffMagicWordManager: Ta-da!
:05-06-2020 22:26:52 TTOffMagicWordManager: Presto!
:05-06-2020 22:27:09 TTOffMagicWordManager: Presto!
:05-06-2020 22:28:47 TTOffMagicWordManager: Hollybae's laff has been set to 6.
:05-06-2020 22:28:50 TTOffMagicWordManager: Hollybae's laff has been set to 5.
:05-06-2020 22:28:50 TTOffMagicWordManager: Ta-da!
:05-06-2020 22:28:53 TTOffMagicWordManager: Voila!
:05-06-2020 22:29:03 TTOffMagicWordManager: Presto!
:05-06-2020 22:29:14 TTOffMagicWordManager: Abracadabra!
:05-06-2020 22:29:25 TTOffMagicWordManager: Presto!
:05-06-2020 22:29:34 TTOffMagicWordManager: Ta-da!
frame rate: 229.4 fps|0.001d|12 avs||958|959||0x0000|0x0000|2024.3MB|2225.6MB|16235.6MB|1037|nt.2.6.2|3.701,3.701|6,12 cpus|OpenGL
:05-06-2020 22:29:50 TTOffMagicWordManager: Ta-da!
:05-06-2020 22:30:03 TTOffMagicWordManager: Voila!
:05-06-2020 22:30:14 TTOffMagicWordManager: Abracadabra!
:05-06-2020 22:30:29 TTOffMagicWordManager: Presto!
:05-06-2020 22:30:41 TTOffMagicWordManager: Alakazam!
:05-06-2020 22:30:53 TTOffMagicWordManager: Alakazam!
:05-06-2020 22:32:54 TTOffMagicWordManager: Presto!
:05-06-2020 22:33:07 TTOffMagicWordManager: Voila!
:05-06-2020 22:33:17 TTOffMagicWordManager: Alakazam!
:05-06-2020 22:33:32 TTOffMagicWordManager: Ta-da!
:05-06-2020 22:33:38 TTOffMagicWordManager: Ta-da!
:05-06-2020 22:33:57 TTOffMagicWordManager: Presto!
:05-06-2020 22:34:04 TTOffMagicWordManager: Alakazam!
:05-06-2020 22:34:11 TTOffMagicWordManager: Voila!
frame rate: 253.3 fps|0.001d|12 avs||1258|1259||0x0000|0x0000|2365.6MB|2567.6MB|16235.6MB|1145|nt.2.6.2|3.701,3.701|6,12 cpus|OpenGL
adding timeout task
adding timeout task
frame rate: 287.1 fps|0.001d|12 avs||1558|1559||0x0000|0x0000|1988.3MB|2817.1MB|16235.6MB|1209|nt.2.6.2|3.701,3.701|6,12 cpus|OpenGL
:05-06-2020 22:44:46 TimeManager: Clock sync: timer
frame rate: 287.8 fps|0.001d|12 avs||1858|1859||0x0000|0x0000|1788.1MB|3077.7MB|16235.6MB|1301|nt.2.6.2|3.701,3.701|6,12 cpus|OpenGL
:05-06-2020 22:44:46 TimeManager: Clock sync roundtrip took 32.521 ms
:05-06-2020 22:44:46 TimeManager: AI time delta is -0:00 from server delta
:05-06-2020 22:44:46 ClockDelta: previous delta at -0.606 s, +/- 1.396 s.
:05-06-2020 22:44:46 ClockDelta: new delta at -1.512 s, +/- 0.016 s.
:05-06-2020 22:44:46 ClockDelta: intersection at -1.512 s, +/- 0.016 s.
:05-06-2020 22:44:46 TimeManager: Local clock uncertainty +/- 0.016 s
handling timeout
:05-06-2020 22:46:45 DistributedToon: closing shard...
:05-06-2020 22:46:45 LawbotHQBossBattle: Unloading Place (61000). Fsm in final
:05-06-2020 22:46:46 OTPClientRepository: Exiting shard
:05-06-2020 22:46:46 OTPClientRepository: Sending heartbeat mid-frame.
ignoring InputState-forward
:05-06-2020 22:46:47 OTPClientRepository: sending clientLogout
:05-06-2020 22:46:48 LocalAvatar(warning): redundant call to stopUpdateSmartCamera
