

Starting Toontown Online...
Current time: Wed Nov 13 10:23:22 2019 Arabian Standard Time
sys.path =  ['', 'C:\\Panda3D-1.11.0-x64\\python\\python27.zip', 'C:\\Panda3D-1.11.0-x64\\python\\DLLs', 'C:\\Panda3D-1.11.0-x64\\python\\lib', 'C:\\Panda3D-1.11.0-x64\\python\\lib\\plat-win', 'C:\\Panda3D-1.11.0-x64\\python\\lib\\lib-tk', 'C:\\Panda3D-1.11.0-x64\\python', 'C:\\Panda3D-1.11.0-x64', 'C:\\Panda3D-1.11.0-x64\\bin', 'C:\\Panda3D-1.11.0-x64\\python\\lib\\site-packages']
sys.argv =  ['C:\\Users\\alyaz\\Documents\\GitHub\\Toontown-School-House\\toontown\\launcher\\TTOffQuickStartLauncher.py']
generating standard configrc
os.environ =  {'TMP': 'C:\\Users\\NSI\\AppData\\Local\\Temp', 'COMPUTERNAME': 'DESKTOP-5K6UCTT', 'USERDOMAIN': 'DESKTOP-5K6UCTT', 'INTEL_DEV_REDIST': 'C:\\Program Files (x86)\\Common Files\\Intel\\Shared Libraries\\', 'PSMODULEPATH': 'C:\\Program Files\\WindowsPowerShell\\Modules;C:\\WINDOWS\\system32\\WindowsPowerShell\\v1.0\\Modules', 'COMMONPROGRAMFILES': 'C:\\Program Files\\Common Files', 'PROCESSOR_IDENTIFIER': 'Intel64 Family 6 Model 94 Stepping 3, GenuineIntel', 'VBOX_MSI_INSTALL_PATH': 'C:\\Program Files\\Oracle\\VirtualBox\\', 'PROGRAMFILES': 'C:\\Program Files', 'PROCESSOR_REVISION': '5e03', 'PATH': 'C:\\Panda3D-1.11.0-x64\\panda3d\\..\\bin;C:\\Program Files (x86)\\Common Files\\Intel\\Shared Libraries\\redist\\intel64\\compiler;C:\\Program Files (x86)\\Razer Chroma SDK\\bin;C:\\Program Files\\Razer Chroma SDK\\bin;C:\\ProgramData\\Oracle\\Java\\javapath;C:\\Program Files (x86)\\Intel\\iCLS Client\\;C:\\Program Files\\Intel\\iCLS Client\\;C:\\Windows\\system32;C:\\Windows;C:\\Windows\\System32\\Wbem;C:\\Windows\\System32\\WindowsPowerShell\\v1.0\\;C:\\Program Files (x86)\\Intel\\Intel(R) Management Engine Components\\DAL;C:\\Program Files\\Intel\\Intel(R) Management Engine Components\\DAL;C:\\Program Files (x86)\\Intel\\Intel(R) Management Engine Components\\IPT;C:\\Program Files\\Intel\\Intel(R) Management Engine Components\\IPT;C:\\Program Files (x86)\\NVIDIA Corporation\\PhysX\\Common;C:\\WINDOWS\\system32;C:\\WINDOWS;C:\\WINDOWS\\System32\\Wbem;C:\\WINDOWS\\System32\\WindowsPowerShell\\v1.0\\;C:\\Program Files (x86)\\Windows Live\\Shared;C:\\Program Files\\Intel\\WiFi\\bin\\;C:\\Program Files\\Common Files\\Intel\\WirelessCommon\\;C:\\Program Files (x86)\\Gpg4win\\..\\GnuPG\\bin;C:\\WINDOWS\\system32\\config\\systemprofile\\AppData\\Local\\Microsoft\\WindowsApps;C:\\WINDOWS\\system32;C:\\WINDOWS;C:\\WINDOWS\\System32\\Wbem;C:\\WINDOWS\\System32\\WindowsPowerShell\\v1.0\\;C:\\WINDOWS\\System32\\OpenSSH\\;C:\\Program Files\\NVIDIA Corporation\\NVIDIA NvDLISR;C:\\Program Files\\Git\\cmd;C:\\Program Files\\PuTTY\\;C:\\Program Files (x86)\\QuickTime\\QTSystem\\;C:\\Panda3D-1.11.0-x64\\bin;C:\\Users\\NSI\\AppData\\Local\\Microsoft\\WindowsApps;C:\\Users\\NSI\\Desktop\\Panda3D-1.9.4-x64\\python;C:\\Users\\NSI\\Desktop\\Panda3D-1.9.4-x64\\python\\Scripts;C:\\Users\\NSI\\Desktop\\Panda3D-1.9.4-x64\\bin;C:\\Users\\NSI\\AppData\\Local\\GitHubDesktop\\bin;C:\\Users\\NSI\\AppData\\Local\\Microsoft\\WindowsApps;C:\\Panda3D-1.10.0-x64\\python;C:\\Panda3D-1.10.0-x64\\python\\Scripts;C:\\Panda3D-1.10.0-x64\\bin;C:\\Panda3D-1.11.0-x64\\python;C:\\Panda3D-1.11.0-x64\\python\\Scripts;C:\\Panda3D-1.11.0-x64\\bin;', 'SYSTEMROOT': 'C:\\WINDOWS', 'MIC_LD_LIBRARY_PATH': 'C:\\Program Files (x86)\\Common Files\\Intel\\Shared Libraries\\compiler\\lib\\mic', 'COMSPEC': 'C:\\WINDOWS\\system32\\cmd.exe', 'DRIVERDATA': 'C:\\Windows\\System32\\Drivers\\DriverData', 'PPYTHON_PATH': '"C:\\Panda3D-1.11.0-x64\\python\\ppython.exe"', 'TEMP': 'C:\\Users\\NSI\\AppData\\Local\\Temp', 'COMMONPROGRAMFILES(X86)': 'C:\\Program Files (x86)\\Common Files', 'PROCESSOR_ARCHITECTURE': 'AMD64', 'PROGRAMFILES(X86)': 'C:\\Program Files (x86)', 'ALLUSERSPROFILE': 'C:\\ProgramData', 'LOCALAPPDATA': 'C:\\Users\\NSI\\AppData\\Local', 'FPS_BROWSER_USER_PROFILE_STRING': 'Default', 'HOMEPATH': '\\Users\\NSI', 'USERDOMAIN_ROAMINGPROFILE': 'DESKTOP-5K6UCTT', 'PROGRAMW6432': 'C:\\Program Files', 'USERNAME': 'NSI', 'LOGONSERVER': '\\\\DESKTOP-5K6UCTT', 'PROMPT': '$P$G', 'SESSIONNAME': 'Console', 'PROGRAMDATA': 'C:\\ProgramData', 'ONEDRIVE': 'C:\\Users\\NSI\\OneDrive', 'FPS_BROWSER_APP_PROFILE_STRING': 'Internet Explorer', 'PATHEXT': '.COM;.EXE;.BAT;.CMD;.VBS;.VBE;.JS;.JSE;.WSF;.WSH;.MSC', 'TTOFF_LOGIN_TOKEN': 'dev', 'ASL.LOG': 'Destination=file', 'WINDIR': 'C:\\WINDOWS', 'APPDATA': 'C:\\Users\\NSI\\AppData\\Roaming', 'HOMEDRIVE': 'C:', 'SYSTEMDRIVE': 'C:', 'NUMBER_OF_PROCESSORS': '8', 'PROCESSOR_LEVEL': '6', 'COMMONPROGRAMW6432': 'C:\\Program Files\\Common Files', 'OS': 'Windows_NT', 'PUBLIC': 'C:\\Users\\Public', 'USERPROFILE': 'C:\\Users\\NSI'}
:11-13-2019 10:23:22 TTOffLauncher: isTestServer: 0
:11-13-2019 10:23:22 TTOffLauncher: Game Server 127.0.0.1
:11-13-2019 10:23:22 TTOffLauncher: Starting Toontown Online... 
:11-13-2019 10:23:22 TTOffLauncher: foreground: Launcher now operating in foreground
useTTOffSpecificLogin=True
:11-13-2019 10:23:22 TTOffLauncher: maybeStartGame: starting game
:11-13-2019 10:23:22 TTOffLauncher: Starting Toontown Online...
:11-13-2019 10:23:22 TTOffLauncher: background: Launcher now operating in background
ToontownStart: Polling for game2 to finish...
ToontownStart: Game2 is finished.
ToontownStart: Starting the game.
ToontownStart: setting default font
:11-13-2019 10:23:23 TTOffLauncher: setting panda error code to 7
Known pipe types:
  wglGraphicsPipe
(all display modules loaded.)
:11-13-2019 10:23:23 ToonBase: Default graphics pipe is wglGraphicsPipe (OpenGL).
:11-13-2019 10:23:23 ToonBase: Successfully opened window of type wglGraphicsWindow (OpenGL)
:11-13-2019 10:23:23 ShowBase: __dev__ == False
:11-13-2019 10:23:23 TTOffLauncher: setting panda error code to 11
:11-13-2019 10:23:23 TTOffLauncher: setting panda error code to 0
ToontownStart: Loading default gui sounds
ToontownStart: serverVersion:  tto-dev
:11-13-2019 10:23:23 Loader: starting bulk load of block 'init'
:11-13-2019 10:23:24 :nativenet(error): Buffered_DatagramConnection Constructor rbufsize = 4096000 wbufsize = 4096000 write_flush_point = 1400
:11-13-2019 10:23:24 OTPClientRepository: Using connect method 'http'
:11-13-2019 10:23:25 TTOffLauncher: getRegistry ('DEPLOYMENT', None)
:11-13-2019 10:23:25 TTOffLauncher: checking env
:11-13-2019 10:23:25 TTOffLauncher: getRegistry ('GAME_DEPLOYMENT', None)
:11-13-2019 10:23:25 TTOffLauncher: checking env
:11-13-2019 10:23:25 OTPClientRepository: reg_deployment=
:11-13-2019 10:23:25 OTPClientRepository: required-login auto.
:11-13-2019 10:23:25 OTPClientRepository: loginInterface: LoginTTOffAccount
:11-13-2019 10:23:25 TTOffLauncher: getNeedPwForSecretKey using ttoff-specific-login
:11-13-2019 10:23:25 Loader: At end of block 'init', expected 138, loaded 7, duration=1.44630608683
:11-13-2019 10:23:25 OTPClientRepository: Connecting to gameserver directly (no proxy).
:11-13-2019 10:23:25 OTPClientRepository: Connecting to //127.0.0.1:7198 via HTTP interface.
:11-13-2019 10:23:25 TTOffLauncher: Stopping mini task manager.
:11-13-2019 10:23:25 OTPClientRepository: Successfully connected to //127.0.0.1:7198.
:11-13-2019 10:23:25 TTOffLauncher: Setting Disconnect Details normal
{401000001: <toontown.distributed.ToontownDistrict.ToontownDistrict instance at 0x000000001D5850C8>}
:11-13-2019 10:23:26 StateData: AvatarChooser.enter
:11-13-2019 10:23:26 DisplayOptions: settingsFullScreen = False, embedded = False width=800 height=600
:11-13-2019 10:23:26 StateData: calling self.displayOptions.restrictToEmbedded(False)
:11-13-2019 10:23:28 OTPClientRepository: ================
:11-13-2019 10:23:28 OTPClientRepository: Chose avatar id: 100000001
:11-13-2019 10:23:28 OTPClientRepository: Chose avatar name: Aeterna
:11-13-2019 10:23:28 OTPClientRepository: Chose avatar dna: ('css', 'ms', 'm', 'f', 20, 0, 21, 20, 3, 11, 3, 11, 8, 27)
:11-13-2019 10:23:28 OTPClientRepository: Chose avatar position: 1
:11-13-2019 10:23:28 OTPClientRepository: isPaid: 1
:11-13-2019 10:23:28 OTPClientRepository: freeTimeLeft: 0
:11-13-2019 10:23:28 OTPClientRepository: allowSecretChat: True
:11-13-2019 10:23:28 OTPClientRepository: ================
:11-13-2019 10:23:28 Loader: starting bulk load of block 'localAvatarPlayGame'
:11-13-2019 10:23:29 ToontownTimeManager(warning): error parsing date string=
local
:11-13-2019 10:23:30 NewsPageButtonManager(warning): Should not get here. NewsPageButtonManager.exitOff
:11-13-2019 10:23:30 :pnmimage:png(warning): iCCP: known incorrect sRGB profile
:11-13-2019 10:23:35 OTPClientRepository: Entering shard 401000001
:11-13-2019 10:23:35 StreetSign: Street sign url is https://ttoffline.com/images/
:11-13-2019 10:23:36 StreetSign: Street Sign is up to date
:11-13-2019 10:23:36 OTPClientRepository: Sending heartbeat mid-frame.
:11-13-2019 10:23:36 TimeManager: Clock sync: TimeManager.announceGenerate
:11-13-2019 10:23:36 InGameNewsMgr: latestIssue=2013-08-22 16:49:46.000003-07:00
cpu info: GenuineIntel|Intel(R) Core(TM) i7-6820HK CPU @ 2.70GHz|329443|0|2.701,2.701|4,8 cpus
:11-13-2019 10:23:37 OTPClientRepository: No sync from TimeManager.
:11-13-2019 10:23:37 OTPClientRepository: gotTimeSync
:11-13-2019 10:23:37 Loader: At end of block 'localAvatarPlayGame', expected 400, loaded 31, duration=9.21795450752
:11-13-2019 10:23:37 TimeManager: Clock sync roundtrip took 1140.151 ms
:11-13-2019 10:23:37 TimeManager: AI time delta is -0:01 from server delta
:11-13-2019 10:23:37 TimeManager: Local clock uncertainty +/- 0.570 s
:11-13-2019 10:23:37 PlayGame: QA-REGRESSION: NEIGHBORHOODS: Visit Lawbot HQ
:11-13-2019 10:23:37 Loader: starting bulk load of block 'hood'
:11-13-2019 10:23:39 LawbotCogHQLoader: loadPlaceGeom: 13000
:11-13-2019 10:23:39 DistributedObject: DistributedSuitPlanner 401002969: generating
:11-13-2019 10:23:39 DistributedToon: calling LocalAvatar.startchat
:11-13-2019 10:23:39 :loader(error): Couldn't load file phase_4/models/questmap/cog_hq_lawbot_maps.bam: not found on model path (currently: "/;/c/Users/alyaz/Documents/GitHub/Toontown-School-House/toontown/launcher;/c/Panda3D-1.11.0-x64/etc/..;/c/Panda3D-1.11.0-x64/etc/../models")
:11-13-2019 10:23:39 Loader: At end of block 'hood', expected 2, loaded 6, duration=1.25295022953
:11-13-2019 10:23:40 Teleport(debug): teleportInDone: walk
:11-13-2019 10:23:40 :loader(error): Couldn't load file phase_4/models/questmap/cog_hq_lawbot_maps.bam: not found on model path (currently: "/;/c/Users/alyaz/Documents/GitHub/Toontown-School-House/toontown/launcher;/c/Panda3D-1.11.0-x64/etc/..;/c/Panda3D-1.11.0-x64/etc/../models")
:11-13-2019 10:23:57 TTOffMagicWordManager: Abracadabra!
:11-13-2019 10:23:59 TTOffMagicWordManager: Run mode has been toggled.
:11-13-2019 10:24:04 LawbotCogHQLoader: loadPlaceGeom: 13100
:11-13-2019 10:24:04 LawbotCogHQLoader: QA-REGRESSION: COGHQ: Visit LawbotLobby
:11-13-2019 10:24:04 LawbotHQExterior: Unloading Place (13000). Fsm in final
:11-13-2019 10:24:04 DistributedObject: DistributedSuitPlanner 401002969: disabling
:11-13-2019 10:24:04 DistributedToon: calling LocalAvatar.startchat
:11-13-2019 10:24:04 :loader(error): Couldn't load file phase_4/models/questmap/cog_hq_lawbot_maps.bam: not found on model path (currently: "/;/c/Users/alyaz/Documents/GitHub/Toontown-School-House/toontown/launcher;/c/Panda3D-1.11.0-x64/etc/..;/c/Panda3D-1.11.0-x64/etc/../models")
:11-13-2019 10:24:06 :loader(error): Couldn't load file phase_4/models/questmap/cog_hq_lawbot_maps.bam: not found on model path (currently: "/;/c/Users/alyaz/Documents/GitHub/Toontown-School-House/toontown/launcher;/c/Panda3D-1.11.0-x64/etc/..;/c/Panda3D-1.11.0-x64/etc/../models")
:11-13-2019 10:24:17 LawbotCogHQLoader: loadPlaceGeom: 61000
:11-13-2019 10:24:17 LawbotCogHQLoader(warning): loadPlaceGeom: unclassified zone 61000
:11-13-2019 10:24:17 CogHQLobby: Unloading Place (13100). Fsm in final
:11-13-2019 10:24:18 DistributedLawbotBoss(warning): Not a collision node: LawbotCourtroom3.egg/-PandaNode/CR3/interior/CR3_Floor
:11-13-2019 10:24:18 DistributedToon: calling LocalAvatar.startchat
:11-13-2019 10:24:18 LawbotHQBossBattle(warning): fsm.request('movie') returned 0 (zone id 61000, avatar pos LPoint3f(-0.363562, -126.204, 0.193903)).
:11-13-2019 10:24:32 LawbotHQBossBattle(warning): fsm.request('movie') returned 0 (zone id 61000, avatar pos LPoint3f(-0.363562, -126.204, 0.193903)).
Battle Event localtoon-battle-event-3
:11-13-2019 10:25:02 TTOffMagicWordManager: Skipping current round...
:11-13-2019 10:25:53 TTOffMagicWordManager: Run mode has been toggled.
:11-13-2019 10:26:17 Actor(warning): no part named head-front*!
:11-13-2019 10:26:23 LawbotHQBossBattle(warning): fsm.request('crane') returned 0 (zone id 61000, avatar pos LPoint3f(-80.0733, 6.60089, 0)).
:11-13-2019 10:26:23 Actor(warning): no part named head-front*!
:11-13-2019 10:26:29 Actor(warning): no part named head-front*!
:11-13-2019 10:26:30 LawbotHQBossBattle(warning): fsm.request('crane') returned 0 (zone id 61000, avatar pos LPoint3f(-80.0628, 6.60066, 0)).
:11-13-2019 10:26:30 Actor(warning): no part named head-front*!
:11-13-2019 10:26:33 Actor(warning): no part named head-front*!
:11-13-2019 10:26:34 LawbotHQBossBattle(warning): fsm.request('crane') returned 0 (zone id 61000, avatar pos LPoint3f(-80.3188, 6.61699, 0)).
:11-13-2019 10:26:34 Actor(warning): no part named head-front*!
:11-13-2019 10:26:37 Actor(warning): no part named head-front*!
:11-13-2019 10:26:38 LawbotHQBossBattle(warning): fsm.request('crane') returned 0 (zone id 61000, avatar pos LPoint3f(-80.6032, 6.66127, 0)).
:11-13-2019 10:26:38 Actor(warning): no part named head-front*!
:11-13-2019 10:26:40 Actor(warning): no part named head-front*!
:11-13-2019 10:26:41 LawbotHQBossBattle(warning): fsm.request('crane') returned 0 (zone id 61000, avatar pos LPoint3f(-80.6032, 6.66127, 0)).
:11-13-2019 10:26:41 Actor(warning): no part named head-front*!
:11-13-2019 10:26:45 LawbotHQBossBattle(warning): fsm.request('crane') returned 0 (zone id 61000, avatar pos LPoint3f(-80.3708, 6.62301, 0)).
:11-13-2019 10:26:45 Actor(warning): no part named head-front*!
:11-13-2019 10:26:47 Actor(warning): no part named head-front*!
:11-13-2019 10:26:48 LawbotHQBossBattle(warning): fsm.request('crane') returned 0 (zone id 61000, avatar pos LPoint3f(-80.3708, 6.62301, 0)).
:11-13-2019 10:26:48 Actor(warning): no part named head-front*!
:11-13-2019 10:26:50 Actor(warning): no part named head-front*!
:11-13-2019 10:26:51 LawbotHQBossBattle(warning): fsm.request('crane') returned 0 (zone id 61000, avatar pos LPoint3f(-80.0524, 6.60045, 0)).
:11-13-2019 10:26:51 Actor(warning): no part named head-front*!
:11-13-2019 10:26:53 Actor(warning): no part named head-front*!
:11-13-2019 10:26:54 LawbotHQBossBattle(warning): fsm.request('crane') returned 0 (zone id 61000, avatar pos LPoint3f(-79.7438, 6.61096, 0)).
:11-13-2019 10:26:54 Actor(warning): no part named head-front*!
:11-13-2019 10:26:57 Actor(warning): no part named head-front*!
:11-13-2019 10:26:58 LawbotHQBossBattle(warning): fsm.request('finalBattle') returned 0 (zone id 61000, avatar pos LPoint3f(2.95071, 0.54155, 0)).
:11-13-2019 10:27:21 TTOffMagicWordManager: Gave Aeterna an infinite amount of pies
:11-13-2019 10:27:26 ClassicFSM(warning): [DistributedLawbotBossSuit]: no transition exists from PostThrowWalk to PreThrowAttack
:11-13-2019 10:27:26 ClassicFSM(warning): [DistributedLawbotBossSuit]: no transition exists from PostThrowWalk to PreThrowAttack
:11-13-2019 10:27:26 ClassicFSM(warning): [DistributedLawbotBossSuit]: no transition exists from PostThrowWalk to PreThrowProsecute
:11-13-2019 10:27:26 ClassicFSM(warning): [DistributedLawbotBossSuit]: no transition exists from PostThrowWalk to PreThrowProsecute
:11-13-2019 10:27:26 ClassicFSM(warning): [DistributedLawbotBossSuit]: no transition exists from PostThrowWalk to PreThrowProsecute
:11-13-2019 10:27:26 ClassicFSM(warning): [DistributedLawbotBossSuit]: no transition exists from PostThrowWalk to PreThrowAttack
:11-13-2019 10:27:26 ClassicFSM(warning): [DistributedLawbotBossSuit]: no transition exists from PostThrowWalk to PreThrowAttack
:11-13-2019 10:27:26 ClassicFSM(warning): [DistributedLawbotBossSuit]: no transition exists from PostThrowWalk to PreThrowProsecute
:11-13-2019 10:27:26 ClassicFSM(warning): [DistributedLawbotBossSuit]: no transition exists from PostThrowWalk to PreThrowAttack
:11-13-2019 10:27:26 ClassicFSM(warning): [DistributedLawbotBossSuit]: no transition exists from PostThrowWalk to PreThrowAttack
:11-13-2019 10:27:27 TTOffMagicWordManager: Aeterna's laff has been set to 137.
:11-13-2019 10:27:38 ClassicFSM(warning): [DistributedLawbotBossSuit]: no transition exists from PostThrowWalk to PreThrowAttack
:11-13-2019 10:27:38 ClassicFSM(warning): [DistributedLawbotBossSuit]: no transition exists from PostThrowWalk to PreThrowAttack
:11-13-2019 10:27:38 ClassicFSM(warning): [DistributedLawbotBossSuit]: no transition exists from PostThrowWalk to PreThrowProsecute
:11-13-2019 10:27:38 ClassicFSM(warning): [DistributedLawbotBossSuit]: no transition exists from PostThrowWalk to PreThrowProsecute
:11-13-2019 10:27:38 ClassicFSM(warning): [DistributedLawbotBossSuit]: no transition exists from PostThrowWalk to PreThrowProsecute
:11-13-2019 10:27:38 ClassicFSM(warning): [DistributedLawbotBossSuit]: no transition exists from PostThrowWalk to PreThrowAttack
:11-13-2019 10:27:38 ClassicFSM(warning): [DistributedLawbotBossSuit]: no transition exists from PostThrowWalk to PreThrowAttack
:11-13-2019 10:27:38 ClassicFSM(warning): [DistributedLawbotBossSuit]: no transition exists from PostThrowWalk to PreThrowAttack
:11-13-2019 10:27:38 ClassicFSM(warning): [DistributedLawbotBossSuit]: no transition exists from PostThrowWalk to PreThrowProsecute
:11-13-2019 10:27:38 ClassicFSM(warning): [DistributedLawbotBossSuit]: no transition exists from PostThrowWalk to PreThrowAttack
:11-13-2019 10:27:51 ClassicFSM(warning): [DistributedLawbotBossSuit]: no transition exists from PostThrowWalk to PreThrowProsecute
:11-13-2019 10:27:51 ClassicFSM(warning): [DistributedLawbotBossSuit]: no transition exists from PostThrowWalk to PreThrowAttack
:11-13-2019 10:27:51 ClassicFSM(warning): [DistributedLawbotBossSuit]: no transition exists from PostThrowWalk to PreThrowProsecute
:11-13-2019 10:27:51 ClassicFSM(warning): [DistributedLawbotBossSuit]: no transition exists from PostThrowWalk to PreThrowAttack
:11-13-2019 10:27:51 ClassicFSM(warning): [DistributedLawbotBossSuit]: no transition exists from PostThrowWalk to PreThrowProsecute
:11-13-2019 10:27:51 ClassicFSM(warning): [DistributedLawbotBossSuit]: no transition exists from PostThrowWalk to PreThrowProsecute
:11-13-2019 10:27:51 ClassicFSM(warning): [DistributedLawbotBossSuit]: no transition exists from PostThrowWalk to PreThrowAttack
:11-13-2019 10:27:51 ClassicFSM(warning): [DistributedLawbotBossSuit]: no transition exists from PostThrowWalk to PreThrowProsecute
:11-13-2019 10:27:51 ClassicFSM(warning): [DistributedLawbotBossSuit]: no transition exists from PostThrowWalk to PreThrowProsecute
:11-13-2019 10:27:51 ClassicFSM(warning): [DistributedLawbotBossSuit]: no transition exists from PostThrowWalk to PreThrowAttack
:11-13-2019 10:28:03 ClassicFSM(warning): [DistributedLawbotBossSuit]: no transition exists from PostThrowWalk to PreThrowAttack
:11-13-2019 10:28:03 ClassicFSM(warning): [DistributedLawbotBossSuit]: no transition exists from PostThrowWalk to PreThrowProsecute
:11-13-2019 10:28:03 ClassicFSM(warning): [DistributedLawbotBossSuit]: no transition exists from PostThrowWalk to PreThrowAttack
:11-13-2019 10:28:03 ClassicFSM(warning): [DistributedLawbotBossSuit]: no transition exists from PostThrowWalk to PreThrowProsecute
:11-13-2019 10:28:03 ClassicFSM(warning): [DistributedLawbotBossSuit]: no transition exists from PostThrowWalk to PreThrowProsecute
:11-13-2019 10:28:03 ClassicFSM(warning): [DistributedLawbotBossSuit]: no transition exists from PostThrowWalk to PreThrowAttack
:11-13-2019 10:28:03 ClassicFSM(warning): [DistributedLawbotBossSuit]: no transition exists from PostThrowWalk to PreThrowAttack
:11-13-2019 10:28:03 ClassicFSM(warning): [DistributedLawbotBossSuit]: no transition exists from PostThrowWalk to PreThrowAttack
:11-13-2019 10:28:03 ClassicFSM(warning): [DistributedLawbotBossSuit]: no transition exists from PostThrowWalk to PreThrowProsecute
:11-13-2019 10:28:03 ClassicFSM(warning): [DistributedLawbotBossSuit]: no transition exists from PostThrowWalk to PreThrowProsecute
:11-13-2019 10:28:13 ClassicFSM(warning): [DistributedLawbotBossSuit]: no transition exists from PostThrowAttack to PreThrowProsecute
:11-13-2019 10:28:13 ClassicFSM(warning): [DistributedLawbotBossSuit]: no transition exists from PostThrowAttack to PreThrowAttack
:11-13-2019 10:28:13 ClassicFSM(warning): [DistributedLawbotBossSuit]: no transition exists from PostThrowAttack to PreThrowProsecute
:11-13-2019 10:28:13 ClassicFSM(warning): [DistributedLawbotBossSuit]: no transition exists from PostThrowProsecute to PreThrowProsecute
:11-13-2019 10:28:13 ClassicFSM(warning): [DistributedLawbotBossSuit]: no transition exists from PostThrowAttack to PreThrowAttack
:11-13-2019 10:28:13 ClassicFSM(warning): [DistributedLawbotBossSuit]: no transition exists from PostThrowProsecute to PreThrowProsecute
:11-13-2019 10:28:13 ClassicFSM(warning): [DistributedLawbotBossSuit]: no transition exists from PostThrowProsecute to PreThrowProsecute
:11-13-2019 10:28:23 GarbageCollect(warning): garbage found, reverting gc threshold
:11-13-2019 10:28:25 ClassicFSM(warning): [DistributedLawbotBossSuit]: no transition exists from PostThrowWalk to PreThrowAttack
:11-13-2019 10:28:25 ClassicFSM(warning): [DistributedLawbotBossSuit]: no transition exists from PostThrowWalk to PreThrowProsecute
:11-13-2019 10:28:25 ClassicFSM(warning): [DistributedLawbotBossSuit]: no transition exists from PostThrowWalk to PreThrowAttack
:11-13-2019 10:28:25 ClassicFSM(warning): [DistributedLawbotBossSuit]: no transition exists from PostThrowWalk to PreThrowProsecute
:11-13-2019 10:28:25 ClassicFSM(warning): [DistributedLawbotBossSuit]: no transition exists from PostThrowWalk to PreThrowAttack
:11-13-2019 10:28:25 ClassicFSM(warning): [DistributedLawbotBossSuit]: no transition exists from PostThrowWalk to PreThrowAttack
:11-13-2019 10:28:25 ClassicFSM(warning): [DistributedLawbotBossSuit]: no transition exists from PostThrowWalk to PreThrowProsecute
:11-13-2019 10:28:25 ClassicFSM(warning): [DistributedLawbotBossSuit]: no transition exists from PostThrowWalk to PreThrowAttack
:11-13-2019 10:28:25 ClassicFSM(warning): [DistributedLawbotBossSuit]: no transition exists from PostThrowWalk to PreThrowProsecute
:11-13-2019 10:28:25 ClassicFSM(warning): [DistributedLawbotBossSuit]: no transition exists from PostThrowWalk to PreThrowProsecute
frame rate: 75.5 fps|0.004d|12 avs||311|312||0x0000|0x0000|946.9MB|1029.0MB|32703.7MB|473|nt.2.6.2|2.701,2.701|4,8 cpus|OpenGL
:11-13-2019 10:28:37 ClassicFSM(warning): [DistributedLawbotBossSuit]: no transition exists from PostThrowWalk to PreThrowProsecute
:11-13-2019 10:28:37 ClassicFSM(warning): [DistributedLawbotBossSuit]: no transition exists from PostThrowWalk to PreThrowProsecute
:11-13-2019 10:28:37 ClassicFSM(warning): [DistributedLawbotBossSuit]: no transition exists from PostThrowWalk to PreThrowAttack
:11-13-2019 10:28:37 ClassicFSM(warning): [DistributedLawbotBossSuit]: no transition exists from PostThrowWalk to PreThrowAttack
:11-13-2019 10:28:37 ClassicFSM(warning): [DistributedLawbotBossSuit]: no transition exists from PostThrowWalk to PreThrowProsecute
:11-13-2019 10:28:37 ClassicFSM(warning): [DistributedLawbotBossSuit]: no transition exists from PostThrowWalk to PreThrowAttack
:11-13-2019 10:28:43 ClassicFSM(warning): [DistributedLawbotBossSuit]: no transition exists from PostThrowWalk to PreThrowProsecute
:11-13-2019 10:28:43 ClassicFSM(warning): [DistributedLawbotBossSuit]: no transition exists from PostThrowWalk to PreThrowAttack
:11-13-2019 10:28:49 ClassicFSM(warning): [DistributedLawbotBossSuit]: no transition exists from PostThrowWalk to PreThrowProsecute
:11-13-2019 10:28:49 ClassicFSM(warning): [DistributedLawbotBossSuit]: no transition exists from PostThrowWalk to PreThrowAttack
:11-13-2019 10:28:59 ClassicFSM(warning): [DistributedLawbotBossSuit]: no transition exists from PostThrowWalk to PreThrowProsecute
:11-13-2019 10:28:59 ClassicFSM(warning): [DistributedLawbotBossSuit]: no transition exists from PostThrowWalk to PreThrowAttack
:11-13-2019 10:28:59 ClassicFSM(warning): [DistributedLawbotBossSuit]: no transition exists from PostThrowWalk to PreThrowAttack
:11-13-2019 10:28:59 ClassicFSM(warning): [DistributedLawbotBossSuit]: no transition exists from PostThrowWalk to PreThrowProsecute
:11-13-2019 10:28:59 ClassicFSM(warning): [DistributedLawbotBossSuit]: no transition exists from PostThrowWalk to PreThrowAttack
:11-13-2019 10:29:05 ClassicFSM(warning): [DistributedLawbotBossSuit]: no transition exists from PostThrowWalk to PreThrowProsecute
:11-13-2019 10:29:05 ClassicFSM(warning): [DistributedLawbotBossSuit]: no transition exists from PostThrowWalk to PreThrowProsecute
:11-13-2019 10:29:05 ClassicFSM(warning): [DistributedLawbotBossSuit]: no transition exists from PostThrowWalk to PreThrowProsecute
:11-13-2019 10:29:05 ClassicFSM(warning): [DistributedLawbotBossSuit]: no transition exists from PostThrowWalk to PreThrowAttack
:11-13-2019 10:29:11 ClassicFSM(warning): [DistributedLawbotBossSuit]: no transition exists from PostThrowWalk to PreThrowAttack
:11-13-2019 10:29:11 ClassicFSM(warning): [DistributedLawbotBossSuit]: no transition exists from PostThrowWalk to PreThrowProsecute
:11-13-2019 10:29:11 ClassicFSM(warning): [DistributedLawbotBossSuit]: no transition exists from PostThrowWalk to PreThrowProsecute
:11-13-2019 10:29:11 ClassicFSM(warning): [DistributedLawbotBossSuit]: no transition exists from PostThrowWalk to PreThrowAttack
:11-13-2019 10:29:11 ClassicFSM(warning): [DistributedLawbotBossSuit]: no transition exists from PostThrowWalk to PreThrowProsecute
:11-13-2019 10:29:17 ClassicFSM(warning): [DistributedLawbotBossSuit]: no transition exists from PostThrowWalk to PreThrowAttack
:11-13-2019 10:29:17 ClassicFSM(warning): [DistributedLawbotBossSuit]: no transition exists from PostThrowWalk to PreThrowProsecute
:11-13-2019 10:29:17 ClassicFSM(warning): [DistributedLawbotBossSuit]: no transition exists from PostThrowWalk to PreThrowAttack
:11-13-2019 10:29:17 ClassicFSM(warning): [DistributedLawbotBossSuit]: no transition exists from PostThrowWalk to PreThrowAttack
:11-13-2019 10:29:17 ClassicFSM(warning): [DistributedLawbotBossSuit]: no transition exists from PostThrowWalk to PreThrowProsecute
:11-13-2019 10:29:23 ClassicFSM(warning): [DistributedLawbotBossSuit]: no transition exists from PostThrowWalk to PreThrowAttack
:11-13-2019 10:29:23 ClassicFSM(warning): [DistributedLawbotBossSuit]: no transition exists from PostThrowWalk to PreThrowProsecute
:11-13-2019 10:29:23 ClassicFSM(warning): [DistributedLawbotBossSuit]: no transition exists from PostThrowWalk to PreThrowAttack
:11-13-2019 10:29:23 ClassicFSM(warning): [DistributedLawbotBossSuit]: no transition exists from PostThrowWalk to PreThrowAttack
:11-13-2019 10:29:23 ClassicFSM(warning): [DistributedLawbotBossSuit]: no transition exists from PostThrowWalk to PreThrowAttack
:11-13-2019 10:29:27 ClassicFSM(warning): [DistributedLawbotBossSuit]: no transition exists from PostThrowProsecute to PreThrowProsecute
:11-13-2019 10:29:27 ClassicFSM(warning): [DistributedLawbotBossSuit]: no transition exists from PostThrowProsecute to PreThrowAttack
:11-13-2019 10:29:27 ClassicFSM(warning): [DistributedLawbotBossSuit]: no transition exists from PostThrowProsecute to PreThrowProsecute
:11-13-2019 10:29:27 ClassicFSM(warning): [DistributedLawbotBossSuit]: no transition exists from PostThrowProsecute to PreThrowProsecute
:11-13-2019 10:29:33 ClassicFSM(warning): [DistributedLawbotBossSuit]: no transition exists from PostThrowWalk to PreThrowProsecute
:11-13-2019 10:29:33 ClassicFSM(warning): [DistributedLawbotBossSuit]: no transition exists from PostThrowWalk to PreThrowAttack
:11-13-2019 10:29:33 ClassicFSM(warning): [DistributedLawbotBossSuit]: no transition exists from PostThrowWalk to PreThrowProsecute
:11-13-2019 10:29:33 ClassicFSM(warning): [DistributedLawbotBossSuit]: no transition exists from PostThrowWalk to PreThrowProsecute
:11-13-2019 10:29:33 ClassicFSM(warning): [DistributedLawbotBossSuit]: no transition exists from PostThrowWalk to PreThrowProsecute
:11-13-2019 10:29:39 ClassicFSM(warning): [DistributedLawbotBossSuit]: no transition exists from PostThrowWalk to PreThrowProsecute
:11-13-2019 10:29:39 ClassicFSM(warning): [DistributedLawbotBossSuit]: no transition exists from PostThrowWalk to PreThrowAttack
:11-13-2019 10:29:39 ClassicFSM(warning): [DistributedLawbotBossSuit]: no transition exists from PostThrowWalk to PreThrowAttack
:11-13-2019 10:29:46 ClassicFSM(warning): [DistributedLawbotBossSuit]: no transition exists from PostThrowWalk to PreThrowProsecute
:11-13-2019 10:29:46 ClassicFSM(warning): [DistributedLawbotBossSuit]: no transition exists from PostThrowWalk to PreThrowAttack
:11-13-2019 10:29:46 ClassicFSM(warning): [DistributedLawbotBossSuit]: no transition exists from PostThrowWalk to PreThrowProsecute
:11-13-2019 10:29:46 ClassicFSM(warning): [DistributedLawbotBossSuit]: no transition exists from PostThrowWalk to PreThrowAttack
:11-13-2019 10:29:46 ClassicFSM(warning): [DistributedLawbotBossSuit]: no transition exists from PostThrowWalk to PreThrowProsecute
:11-13-2019 10:29:46 ClassicFSM(warning): [DistributedLawbotBossSuit]: no transition exists from PostThrowWalk to PreThrowProsecute
:11-13-2019 10:29:46 ClassicFSM(warning): [DistributedLawbotBossSuit]: no transition exists from PostThrowWalk to PreThrowProsecute
:11-13-2019 10:29:52 ClassicFSM(warning): [DistributedLawbotBossSuit]: no transition exists from PostThrowWalk to PreThrowAttack
:11-13-2019 10:29:56 ClassicFSM(warning): [DistributedLawbotBossSuit]: no transition exists from PostThrowProsecute to PreThrowAttack
:11-13-2019 10:29:56 ClassicFSM(warning): [DistributedLawbotBossSuit]: no transition exists from PostThrowProsecute to PreThrowAttack
:11-13-2019 10:30:02 ClassicFSM(warning): [DistributedLawbotBossSuit]: no transition exists from PostThrowWalk to PreThrowAttack
:11-13-2019 10:30:02 ClassicFSM(warning): [DistributedLawbotBossSuit]: no transition exists from PostThrowWalk to PreThrowProsecute
:11-13-2019 10:30:08 ClassicFSM(warning): [DistributedLawbotBossSuit]: no transition exists from PostThrowWalk to PreThrowProsecute
:11-13-2019 10:30:08 ClassicFSM(warning): [DistributedLawbotBossSuit]: no transition exists from PostThrowWalk to PreThrowAttack
:11-13-2019 10:30:08 ClassicFSM(warning): [DistributedLawbotBossSuit]: no transition exists from PostThrowWalk to PreThrowAttack
:11-13-2019 10:30:08 ClassicFSM(warning): [DistributedLawbotBossSuit]: no transition exists from PostThrowWalk to PreThrowAttack
:11-13-2019 10:30:08 ClassicFSM(warning): [DistributedLawbotBossSuit]: no transition exists from PostThrowWalk to PreThrowAttack
:11-13-2019 10:30:08 ClassicFSM(warning): [DistributedLawbotBossSuit]: no transition exists from PostThrowWalk to PreThrowAttack
:11-13-2019 10:30:12 ClassicFSM(warning): [DistributedLawbotBossSuit]: no transition exists from PostThrowAttack to PreThrowAttack
:11-13-2019 10:30:12 ClassicFSM(warning): [DistributedLawbotBossSuit]: no transition exists from PostThrowProsecute to PreThrowAttack
:11-13-2019 10:30:12 ClassicFSM(warning): [DistributedLawbotBossSuit]: no transition exists from PostThrowAttack to PreThrowAttack
:11-13-2019 10:30:12 ClassicFSM(warning): [DistributedLawbotBossSuit]: no transition exists from PostThrowProsecute to PreThrowProsecute
:11-13-2019 10:30:18 ClassicFSM(warning): [DistributedLawbotBossSuit]: no transition exists from PostThrowWalk to PreThrowAttack
:11-13-2019 10:30:18 ClassicFSM(warning): [DistributedLawbotBossSuit]: no transition exists from PostThrowWalk to PreThrowProsecute
:11-13-2019 10:30:18 ClassicFSM(warning): [DistributedLawbotBossSuit]: no transition exists from PostThrowWalk to PreThrowProsecute
:11-13-2019 10:30:18 ClassicFSM(warning): [DistributedLawbotBossSuit]: no transition exists from PostThrowWalk to PreThrowAttack
:11-13-2019 10:30:18 ClassicFSM(warning): [DistributedLawbotBossSuit]: no transition exists from PostThrowWalk to PreThrowAttack
:11-13-2019 10:30:18 ClassicFSM(warning): [DistributedLawbotBossSuit]: no transition exists from PostThrowWalk to PreThrowAttack
:11-13-2019 10:30:24 ClassicFSM(warning): [DistributedLawbotBossSuit]: no transition exists from PostThrowWalk to PreThrowAttack
:11-13-2019 10:30:24 ClassicFSM(warning): [DistributedLawbotBossSuit]: no transition exists from PostThrowWalk to PreThrowProsecute
:11-13-2019 10:30:24 ClassicFSM(warning): [DistributedLawbotBossSuit]: no transition exists from PostThrowWalk to PreThrowAttack
:11-13-2019 10:30:24 ClassicFSM(warning): [DistributedLawbotBossSuit]: no transition exists from PostThrowWalk to PreThrowAttack
:11-13-2019 10:30:30 ClassicFSM(warning): [DistributedLawbotBossSuit]: no transition exists from PostThrowWalk to PreThrowAttack
:11-13-2019 10:30:30 ClassicFSM(warning): [DistributedLawbotBossSuit]: no transition exists from PostThrowWalk to PreThrowAttack
:11-13-2019 10:30:30 ClassicFSM(warning): [DistributedLawbotBossSuit]: no transition exists from PostThrowWalk to PreThrowProsecute
:11-13-2019 10:30:30 ClassicFSM(warning): [DistributedLawbotBossSuit]: no transition exists from PostThrowWalk to PreThrowProsecute
:11-13-2019 10:30:30 ClassicFSM(warning): [DistributedLawbotBossSuit]: no transition exists from PostThrowWalk to PreThrowProsecute
:11-13-2019 10:30:30 ClassicFSM(warning): [DistributedLawbotBossSuit]: no transition exists from PostThrowWalk to PreThrowProsecute
:11-13-2019 10:30:36 ClassicFSM(warning): [DistributedLawbotBossSuit]: no transition exists from PostThrowWalk to PreThrowAttack
:11-13-2019 10:30:36 ClassicFSM(warning): [DistributedLawbotBossSuit]: no transition exists from PostThrowWalk to PreThrowProsecute
:11-13-2019 10:30:36 ClassicFSM(warning): [DistributedLawbotBossSuit]: no transition exists from PostThrowWalk to PreThrowAttack
:11-13-2019 10:30:36 ClassicFSM(warning): [DistributedLawbotBossSuit]: no transition exists from PostThrowWalk to PreThrowAttack
:11-13-2019 10:30:42 ClassicFSM(warning): [DistributedLawbotBossSuit]: no transition exists from PostThrowWalk to PreThrowAttack
:11-13-2019 10:30:42 ClassicFSM(warning): [DistributedLawbotBossSuit]: no transition exists from PostThrowWalk to PreThrowProsecute
:11-13-2019 10:30:42 ClassicFSM(warning): [DistributedLawbotBossSuit]: no transition exists from PostThrowWalk to PreThrowAttack
:11-13-2019 10:30:42 ClassicFSM(warning): [DistributedLawbotBossSuit]: no transition exists from PostThrowWalk to PreThrowProsecute
:11-13-2019 10:30:42 ClassicFSM(warning): [DistributedLawbotBossSuit]: no transition exists from PostThrowWalk to PreThrowProsecute
:11-13-2019 10:30:42 ClassicFSM(warning): [DistributedLawbotBossSuit]: no transition exists from PostThrowWalk to PreThrowAttack
:11-13-2019 10:30:48 ClassicFSM(warning): [DistributedLawbotBossSuit]: no transition exists from PostThrowWalk to PreThrowProsecute
:11-13-2019 10:30:48 ClassicFSM(warning): [DistributedLawbotBossSuit]: no transition exists from PostThrowWalk to PreThrowAttack
:11-13-2019 10:30:48 ClassicFSM(warning): [DistributedLawbotBossSuit]: no transition exists from PostThrowWalk to PreThrowAttack
:11-13-2019 10:30:48 ClassicFSM(warning): [DistributedLawbotBossSuit]: no transition exists from PostThrowWalk to PreThrowAttack
:11-13-2019 10:30:54 ClassicFSM(warning): [DistributedLawbotBossSuit]: no transition exists from PostThrowWalk to PreThrowProsecute
:11-13-2019 10:30:54 ClassicFSM(warning): [DistributedLawbotBossSuit]: no transition exists from PostThrowWalk to PreThrowProsecute
:11-13-2019 10:30:54 ClassicFSM(warning): [DistributedLawbotBossSuit]: no transition exists from PostThrowWalk to PreThrowProsecute
:11-13-2019 10:30:54 ClassicFSM(warning): [DistributedLawbotBossSuit]: no transition exists from PostThrowWalk to PreThrowProsecute
:11-13-2019 10:30:54 ClassicFSM(warning): [DistributedLawbotBossSuit]: no transition exists from PostThrowWalk to PreThrowAttack
:11-13-2019 10:30:54 ClassicFSM(warning): [DistributedLawbotBossSuit]: no transition exists from PostThrowWalk to PreThrowProsecute
:11-13-2019 10:31:00 ClassicFSM(warning): [DistributedLawbotBossSuit]: no transition exists from PostThrowWalk to PreThrowProsecute
:11-13-2019 10:31:00 ClassicFSM(warning): [DistributedLawbotBossSuit]: no transition exists from PostThrowWalk to PreThrowProsecute
:11-13-2019 10:31:00 ClassicFSM(warning): [DistributedLawbotBossSuit]: no transition exists from PostThrowWalk to PreThrowAttack
:11-13-2019 10:31:00 ClassicFSM(warning): [DistributedLawbotBossSuit]: no transition exists from PostThrowWalk to PreThrowAttack
:11-13-2019 10:31:06 ClassicFSM(warning): [DistributedLawbotBossSuit]: no transition exists from PostThrowWalk to PreThrowProsecute
:11-13-2019 10:31:06 ClassicFSM(warning): [DistributedLawbotBossSuit]: no transition exists from PostThrowWalk to PreThrowProsecute
:11-13-2019 10:31:06 ClassicFSM(warning): [DistributedLawbotBossSuit]: no transition exists from PostThrowWalk to PreThrowProsecute
:11-13-2019 10:31:06 ClassicFSM(warning): [DistributedLawbotBossSuit]: no transition exists from PostThrowWalk to PreThrowAttack
:11-13-2019 10:31:06 ClassicFSM(warning): [DistributedLawbotBossSuit]: no transition exists from PostThrowWalk to PreThrowAttack
:11-13-2019 10:31:06 ClassicFSM(warning): [DistributedLawbotBossSuit]: no transition exists from PostThrowWalk to PreThrowAttack
:11-13-2019 10:31:10 ClassicFSM(warning): [DistributedLawbotBossSuit]: no transition exists from PostThrowAttack to PreThrowProsecute
:11-13-2019 10:31:10 ClassicFSM(warning): [DistributedLawbotBossSuit]: no transition exists from PostThrowProsecute to PreThrowProsecute
:11-13-2019 10:31:10 ClassicFSM(warning): [DistributedLawbotBossSuit]: no transition exists from PostThrowProsecute to PreThrowAttack
:11-13-2019 10:31:10 ClassicFSM(warning): [DistributedLawbotBossSuit]: no transition exists from PostThrowProsecute to PreThrowAttack
:11-13-2019 10:31:16 ClassicFSM(warning): [DistributedLawbotBossSuit]: no transition exists from PostThrowWalk to PreThrowProsecute
:11-13-2019 10:31:16 ClassicFSM(warning): [DistributedLawbotBossSuit]: no transition exists from PostThrowWalk to PreThrowAttack
:11-13-2019 10:31:16 ClassicFSM(warning): [DistributedLawbotBossSuit]: no transition exists from PostThrowWalk to PreThrowAttack
:11-13-2019 10:31:16 ClassicFSM(warning): [DistributedLawbotBossSuit]: no transition exists from PostThrowWalk to PreThrowAttack
:11-13-2019 10:31:16 ClassicFSM(warning): [DistributedLawbotBossSuit]: no transition exists from PostThrowWalk to PreThrowProsecute
:11-13-2019 10:31:16 ClassicFSM(warning): [DistributedLawbotBossSuit]: no transition exists from PostThrowWalk to PreThrowAttack
:11-13-2019 10:31:22 ClassicFSM(warning): [DistributedLawbotBossSuit]: no transition exists from PostThrowWalk to PreThrowProsecute
:11-13-2019 10:31:22 ClassicFSM(warning): [DistributedLawbotBossSuit]: no transition exists from PostThrowWalk to PreThrowAttack
:11-13-2019 10:31:22 ClassicFSM(warning): [DistributedLawbotBossSuit]: no transition exists from PostThrowWalk to PreThrowProsecute
:11-13-2019 10:31:22 ClassicFSM(warning): [DistributedLawbotBossSuit]: no transition exists from PostThrowWalk to PreThrowAttack
:11-13-2019 10:31:28 ClassicFSM(warning): [DistributedLawbotBossSuit]: no transition exists from PostThrowWalk to PreThrowProsecute
:11-13-2019 10:31:28 ClassicFSM(warning): [DistributedLawbotBossSuit]: no transition exists from PostThrowWalk to PreThrowProsecute
:11-13-2019 10:31:28 ClassicFSM(warning): [DistributedLawbotBossSuit]: no transition exists from PostThrowWalk to PreThrowProsecute
:11-13-2019 10:31:28 ClassicFSM(warning): [DistributedLawbotBossSuit]: no transition exists from PostThrowWalk to PreThrowAttack
:11-13-2019 10:31:28 ClassicFSM(warning): [DistributedLawbotBossSuit]: no transition exists from PostThrowWalk to PreThrowAttack
:11-13-2019 10:31:28 ClassicFSM(warning): [DistributedLawbotBossSuit]: no transition exists from PostThrowWalk to PreThrowProsecute
:11-13-2019 10:31:34 ClassicFSM(warning): [DistributedLawbotBossSuit]: no transition exists from PostThrowWalk to PreThrowProsecute
:11-13-2019 10:31:34 ClassicFSM(warning): [DistributedLawbotBossSuit]: no transition exists from PostThrowWalk to PreThrowAttack
:11-13-2019 10:31:34 ClassicFSM(warning): [DistributedLawbotBossSuit]: no transition exists from PostThrowWalk to PreThrowProsecute
:11-13-2019 10:31:34 ClassicFSM(warning): [DistributedLawbotBossSuit]: no transition exists from PostThrowWalk to PreThrowProsecute
:11-13-2019 10:31:40 ClassicFSM(warning): [DistributedLawbotBossSuit]: no transition exists from PostThrowWalk to PreThrowProsecute
:11-13-2019 10:31:40 ClassicFSM(warning): [DistributedLawbotBossSuit]: no transition exists from PostThrowWalk to PreThrowAttack
:11-13-2019 10:31:40 ClassicFSM(warning): [DistributedLawbotBossSuit]: no transition exists from PostThrowWalk to PreThrowProsecute
:11-13-2019 10:31:40 ClassicFSM(warning): [DistributedLawbotBossSuit]: no transition exists from PostThrowWalk to PreThrowProsecute
:11-13-2019 10:31:40 ClassicFSM(warning): [DistributedLawbotBossSuit]: no transition exists from PostThrowWalk to PreThrowProsecute
:11-13-2019 10:31:46 ClassicFSM(warning): [DistributedLawbotBossSuit]: no transition exists from PostThrowWalk to PreThrowProsecute
:11-13-2019 10:31:46 ClassicFSM(warning): [DistributedLawbotBossSuit]: no transition exists from PostThrowWalk to PreThrowProsecute
:11-13-2019 10:31:47 ClassicFSM(warning): [DistributedLawbotBossSuit]: no transition exists from PostThrowWalk to PreThrowProsecute
:11-13-2019 10:31:47 ClassicFSM(warning): [DistributedLawbotBossSuit]: no transition exists from PostThrowWalk to PreThrowAttack
:11-13-2019 10:31:52 ClassicFSM(warning): [DistributedLawbotBossSuit]: no transition exists from PostThrowWalk to PreThrowAttack
:11-13-2019 10:31:52 ClassicFSM(warning): [DistributedLawbotBossSuit]: no transition exists from PostThrowWalk to PreThrowAttack
:11-13-2019 10:31:52 ClassicFSM(warning): [DistributedLawbotBossSuit]: no transition exists from PostThrowWalk to PreThrowProsecute
:11-13-2019 10:31:52 ClassicFSM(warning): [DistributedLawbotBossSuit]: no transition exists from PostThrowWalk to PreThrowProsecute
:11-13-2019 10:31:52 ClassicFSM(warning): [DistributedLawbotBossSuit]: no transition exists from PostThrowWalk to PreThrowProsecute
:11-13-2019 10:31:59 ClassicFSM(warning): [DistributedLawbotBossSuit]: no transition exists from PostThrowWalk to PreThrowAttack
:11-13-2019 10:31:59 ClassicFSM(warning): [DistributedLawbotBossSuit]: no transition exists from PostThrowWalk to PreThrowAttack
:11-13-2019 10:31:59 ClassicFSM(warning): [DistributedLawbotBossSuit]: no transition exists from PostThrowWalk to PreThrowAttack
:11-13-2019 10:31:59 ClassicFSM(warning): [DistributedLawbotBossSuit]: no transition exists from PostThrowWalk to PreThrowProsecute
:11-13-2019 10:31:59 ClassicFSM(warning): [DistributedLawbotBossSuit]: no transition exists from PostThrowWalk to PreThrowProsecute
:11-13-2019 10:32:05 ClassicFSM(warning): [DistributedLawbotBossSuit]: no transition exists from PostThrowWalk to PreThrowProsecute
:11-13-2019 10:32:05 ClassicFSM(warning): [DistributedLawbotBossSuit]: no transition exists from PostThrowWalk to PreThrowAttack
:11-13-2019 10:32:05 ClassicFSM(warning): [DistributedLawbotBossSuit]: no transition exists from PostThrowWalk to PreThrowAttack
:11-13-2019 10:32:05 ClassicFSM(warning): [DistributedLawbotBossSuit]: no transition exists from PostThrowWalk to PreThrowAttack
:11-13-2019 10:32:11 ClassicFSM(warning): [DistributedLawbotBossSuit]: no transition exists from PostThrowWalk to PreThrowAttack
:11-13-2019 10:32:11 ClassicFSM(warning): [DistributedLawbotBossSuit]: no transition exists from PostThrowWalk to PreThrowAttack
:11-13-2019 10:32:11 ClassicFSM(warning): [DistributedLawbotBossSuit]: no transition exists from PostThrowWalk to PreThrowProsecute
:11-13-2019 10:32:11 ClassicFSM(warning): [DistributedLawbotBossSuit]: no transition exists from PostThrowWalk to PreThrowAttack
:11-13-2019 10:32:17 ClassicFSM(warning): [DistributedLawbotBossSuit]: no transition exists from PostThrowWalk to PreThrowAttack
:11-13-2019 10:32:17 ClassicFSM(warning): [DistributedLawbotBossSuit]: no transition exists from PostThrowWalk to PreThrowAttack
:11-13-2019 10:32:23 ClassicFSM(warning): [DistributedLawbotBossSuit]: no transition exists from PostThrowWalk to PreThrowAttack
:11-13-2019 10:32:23 ClassicFSM(warning): [DistributedLawbotBossSuit]: no transition exists from PostThrowWalk to PreThrowAttack
:11-13-2019 10:32:23 ClassicFSM(warning): [DistributedLawbotBossSuit]: no transition exists from PostThrowWalk to PreThrowAttack
:11-13-2019 10:32:29 ClassicFSM(warning): [DistributedLawbotBossSuit]: no transition exists from PostThrowWalk to PreThrowAttack
:11-13-2019 10:32:29 ClassicFSM(warning): [DistributedLawbotBossSuit]: no transition exists from PostThrowWalk to PreThrowAttack
:11-13-2019 10:32:29 ClassicFSM(warning): [DistributedLawbotBossSuit]: no transition exists from PostThrowWalk to PreThrowAttack
:11-13-2019 10:32:35 ClassicFSM(warning): [DistributedLawbotBossSuit]: no transition exists from PostThrowWalk to PreThrowProsecute
:11-13-2019 10:32:35 ClassicFSM(warning): [DistributedLawbotBossSuit]: no transition exists from PostThrowWalk to PreThrowProsecute
:11-13-2019 10:32:35 ClassicFSM(warning): [DistributedLawbotBossSuit]: no transition exists from PostThrowWalk to PreThrowAttack
:11-13-2019 10:32:41 ClassicFSM(warning): [DistributedLawbotBossSuit]: no transition exists from PostThrowWalk to PreThrowProsecute
:11-13-2019 10:32:41 ClassicFSM(warning): [DistributedLawbotBossSuit]: no transition exists from PostThrowWalk to PreThrowAttack
:11-13-2019 10:32:45 ClassicFSM(warning): [DistributedLawbotBossSuit]: no transition exists from PostThrowAttack to PreThrowProsecute
:11-13-2019 10:32:45 ClassicFSM(warning): [DistributedLawbotBossSuit]: no transition exists from PostThrowProsecute to PreThrowProsecute
:11-13-2019 10:32:45 ClassicFSM(warning): [DistributedLawbotBossSuit]: no transition exists from PostThrowAttack to PreThrowAttack
:11-13-2019 10:32:45 ClassicFSM(warning): [DistributedLawbotBossSuit]: no transition exists from PostThrowAttack to PreThrowProsecute
:11-13-2019 10:32:51 ClassicFSM(warning): [DistributedLawbotBossSuit]: no transition exists from PostThrowWalk to PreThrowAttack
:11-13-2019 10:32:51 ClassicFSM(warning): [DistributedLawbotBossSuit]: no transition exists from PostThrowWalk to PreThrowAttack
:11-13-2019 10:32:51 ClassicFSM(warning): [DistributedLawbotBossSuit]: no transition exists from PostThrowWalk to PreThrowProsecute
:11-13-2019 10:32:51 ClassicFSM(warning): [DistributedLawbotBossSuit]: no transition exists from PostThrowWalk to PreThrowProsecute
:11-13-2019 10:32:51 ClassicFSM(warning): [DistributedLawbotBossSuit]: no transition exists from PostThrowWalk to PreThrowAttack
:11-13-2019 10:32:57 ClassicFSM(warning): [DistributedLawbotBossSuit]: no transition exists from PostThrowWalk to PreThrowAttack
:11-13-2019 10:32:57 ClassicFSM(warning): [DistributedLawbotBossSuit]: no transition exists from PostThrowWalk to PreThrowAttack
:11-13-2019 10:32:57 ClassicFSM(warning): [DistributedLawbotBossSuit]: no transition exists from PostThrowWalk to PreThrowAttack
:11-13-2019 10:32:57 ClassicFSM(warning): [DistributedLawbotBossSuit]: no transition exists from PostThrowWalk to PreThrowProsecute
:11-13-2019 10:32:57 ClassicFSM(warning): [DistributedLawbotBossSuit]: no transition exists from PostThrowWalk to PreThrowProsecute
:11-13-2019 10:33:03 ClassicFSM(warning): [DistributedLawbotBossSuit]: no transition exists from PostThrowWalk to PreThrowProsecute
:11-13-2019 10:33:03 ClassicFSM(warning): [DistributedLawbotBossSuit]: no transition exists from PostThrowWalk to PreThrowProsecute
:11-13-2019 10:33:09 ClassicFSM(warning): [DistributedLawbotBossSuit]: no transition exists from PostThrowWalk to PreThrowAttack
:11-13-2019 10:33:09 ClassicFSM(warning): [DistributedLawbotBossSuit]: no transition exists from PostThrowWalk to PreThrowAttack
:11-13-2019 10:33:09 ClassicFSM(warning): [DistributedLawbotBossSuit]: no transition exists from PostThrowWalk to PreThrowAttack
:11-13-2019 10:33:09 ClassicFSM(warning): [DistributedLawbotBossSuit]: no transition exists from PostThrowWalk to PreThrowAttack
:11-13-2019 10:33:15 ClassicFSM(warning): [DistributedLawbotBossSuit]: no transition exists from PostThrowWalk to PreThrowProsecute
:11-13-2019 10:33:15 ClassicFSM(warning): [DistributedLawbotBossSuit]: no transition exists from PostThrowWalk to PreThrowProsecute
:11-13-2019 10:33:15 ClassicFSM(warning): [DistributedLawbotBossSuit]: no transition exists from PostThrowWalk to PreThrowAttack
:11-13-2019 10:33:21 ClassicFSM(warning): [DistributedLawbotBossSuit]: no transition exists from PostThrowWalk to PreThrowAttack
:11-13-2019 10:33:21 ClassicFSM(warning): [DistributedLawbotBossSuit]: no transition exists from PostThrowWalk to PreThrowProsecute
:11-13-2019 10:33:21 ClassicFSM(warning): [DistributedLawbotBossSuit]: no transition exists from PostThrowWalk to PreThrowProsecute
:11-13-2019 10:33:27 ClassicFSM(warning): [DistributedLawbotBossSuit]: no transition exists from PostThrowWalk to PreThrowAttack
:11-13-2019 10:33:27 ClassicFSM(warning): [DistributedLawbotBossSuit]: no transition exists from PostThrowWalk to PreThrowProsecute
:11-13-2019 10:33:27 ClassicFSM(warning): [DistributedLawbotBossSuit]: no transition exists from PostThrowWalk to PreThrowProsecute
:11-13-2019 10:33:27 ClassicFSM(warning): [DistributedLawbotBossSuit]: no transition exists from PostThrowWalk to PreThrowAttack
:11-13-2019 10:33:27 ClassicFSM(warning): [DistributedLawbotBossSuit]: no transition exists from PostThrowWalk to PreThrowProsecute
:11-13-2019 10:33:27 ClassicFSM(warning): [DistributedLawbotBossSuit]: no transition exists from PostThrowWalk to PreThrowProsecute
:11-13-2019 10:33:31 ClassicFSM(warning): [DistributedLawbotBossSuit]: no transition exists from PostThrowProsecute to PreThrowAttack
:11-13-2019 10:33:31 ClassicFSM(warning): [DistributedLawbotBossSuit]: no transition exists from PostThrowProsecute to PreThrowProsecute
:11-13-2019 10:33:31 ClassicFSM(warning): [DistributedLawbotBossSuit]: no transition exists from PostThrowProsecute to PreThrowProsecute
frame rate: 82.1 fps|0.002d|12 avs||611|612||0x0000|0x0000|1159.2MB|1241.9MB|32703.7MB|529|nt.2.6.2|2.701,2.701|4,8 cpus|OpenGL
:11-13-2019 10:33:37 ClassicFSM(warning): [DistributedLawbotBossSuit]: no transition exists from PostThrowWalk to PreThrowProsecute
:11-13-2019 10:33:37 ClassicFSM(warning): [DistributedLawbotBossSuit]: no transition exists from PostThrowWalk to PreThrowAttack
:11-13-2019 10:33:37 ClassicFSM(warning): [DistributedLawbotBossSuit]: no transition exists from PostThrowWalk to PreThrowAttack
:11-13-2019 10:33:37 ClassicFSM(warning): [DistributedLawbotBossSuit]: no transition exists from PostThrowWalk to PreThrowAttack
:11-13-2019 10:33:43 ClassicFSM(warning): [DistributedLawbotBossSuit]: no transition exists from PostThrowWalk to PreThrowProsecute
:11-13-2019 10:33:43 ClassicFSM(warning): [DistributedLawbotBossSuit]: no transition exists from PostThrowWalk to PreThrowProsecute
:11-13-2019 10:33:43 ClassicFSM(warning): [DistributedLawbotBossSuit]: no transition exists from PostThrowWalk to PreThrowAttack
:11-13-2019 10:33:49 ClassicFSM(warning): [DistributedLawbotBossSuit]: no transition exists from PostThrowWalk to PreThrowProsecute
:11-13-2019 10:33:49 ClassicFSM(warning): [DistributedLawbotBossSuit]: no transition exists from PostThrowWalk to PreThrowAttack
:11-13-2019 10:33:49 ClassicFSM(warning): [DistributedLawbotBossSuit]: no transition exists from PostThrowWalk to PreThrowAttack
:11-13-2019 10:33:49 ClassicFSM(warning): [DistributedLawbotBossSuit]: no transition exists from PostThrowWalk to PreThrowProsecute
:11-13-2019 10:33:49 ClassicFSM(warning): [DistributedLawbotBossSuit]: no transition exists from PostThrowWalk to PreThrowProsecute
:11-13-2019 10:33:49 ClassicFSM(warning): [DistributedLawbotBossSuit]: no transition exists from PostThrowWalk to PreThrowAttack
:11-13-2019 10:33:49 ClassicFSM(warning): [DistributedLawbotBossSuit]: no transition exists from PostThrowWalk to PreThrowProsecute
:11-13-2019 10:33:55 ClassicFSM(warning): [DistributedLawbotBossSuit]: no transition exists from PostThrowWalk to PreThrowAttack
:11-13-2019 10:33:55 ClassicFSM(warning): [DistributedLawbotBossSuit]: no transition exists from PostThrowWalk to PreThrowProsecute
:11-13-2019 10:33:55 ClassicFSM(warning): [DistributedLawbotBossSuit]: no transition exists from PostThrowWalk to PreThrowProsecute
:11-13-2019 10:34:01 ClassicFSM(warning): [DistributedLawbotBossSuit]: no transition exists from PostThrowWalk to PreThrowAttack
:11-13-2019 10:34:01 ClassicFSM(warning): [DistributedLawbotBossSuit]: no transition exists from PostThrowWalk to PreThrowAttack
:11-13-2019 10:34:01 ClassicFSM(warning): [DistributedLawbotBossSuit]: no transition exists from PostThrowWalk to PreThrowProsecute
:11-13-2019 10:34:13 ClassicFSM(warning): [DistributedLawbotBossSuit]: no transition exists from PostThrowWalk to PreThrowAttack
:11-13-2019 10:34:13 ClassicFSM(warning): [DistributedLawbotBossSuit]: no transition exists from PostThrowWalk to PreThrowAttack
:11-13-2019 10:34:13 ClassicFSM(warning): [DistributedLawbotBossSuit]: no transition exists from PostThrowWalk to PreThrowAttack
:11-13-2019 10:34:13 ClassicFSM(warning): [DistributedLawbotBossSuit]: no transition exists from PostThrowWalk to PreThrowAttack
:11-13-2019 10:34:13 ClassicFSM(warning): [DistributedLawbotBossSuit]: no transition exists from PostThrowWalk to PreThrowAttack
:11-13-2019 10:34:13 ClassicFSM(warning): [DistributedLawbotBossSuit]: no transition exists from PostThrowWalk to PreThrowAttack
:11-13-2019 10:34:19 ClassicFSM(warning): [DistributedLawbotBossSuit]: no transition exists from PostThrowWalk to PreThrowProsecute
:11-13-2019 10:34:19 ClassicFSM(warning): [DistributedLawbotBossSuit]: no transition exists from PostThrowWalk to PreThrowAttack
:11-13-2019 10:34:26 OTPClientRepository: Sending heartbeat mid-frame.
:11-13-2019 10:34:26 ClassicFSM(warning): [DistributedLawbotBossSuit]: no transition exists from PostThrowWalk to PreThrowProsecute
:11-13-2019 10:34:26 ClassicFSM(warning): [DistributedLawbotBossSuit]: no transition exists from PostThrowWalk to PreThrowAttack
:11-13-2019 10:34:26 ClassicFSM(warning): [DistributedLawbotBossSuit]: no transition exists from PostThrowWalk to PreThrowAttack
:11-13-2019 10:34:30 ClassicFSM(warning): [DistributedLawbotBossSuit]: no transition exists from PostThrowAttack to PreThrowAttack
:11-13-2019 10:34:30 ClassicFSM(warning): [DistributedLawbotBossSuit]: no transition exists from PostThrowAttack to PreThrowProsecute
:11-13-2019 10:34:30 ClassicFSM(warning): [DistributedLawbotBossSuit]: no transition exists from PostThrowProsecute to PreThrowProsecute
:11-13-2019 10:34:36 ClassicFSM(warning): [DistributedLawbotBossSuit]: no transition exists from PostThrowWalk to PreThrowAttack
:11-13-2019 10:34:36 ClassicFSM(warning): [DistributedLawbotBossSuit]: no transition exists from PostThrowWalk to PreThrowProsecute
:11-13-2019 10:34:36 ClassicFSM(warning): [DistributedLawbotBossSuit]: no transition exists from PostThrowWalk to PreThrowAttack
:11-13-2019 10:34:36 ClassicFSM(warning): [DistributedLawbotBossSuit]: no transition exists from PostThrowWalk to PreThrowAttack
:11-13-2019 10:34:36 ClassicFSM(warning): [DistributedLawbotBossSuit]: no transition exists from PostThrowWalk to PreThrowProsecute
:11-13-2019 10:34:42 ClassicFSM(warning): [DistributedLawbotBossSuit]: no transition exists from PostThrowWalk to PreThrowProsecute
:11-13-2019 10:34:48 ClassicFSM(warning): [DistributedLawbotBossSuit]: no transition exists from PostThrowWalk to PreThrowProsecute
:11-13-2019 10:34:48 ClassicFSM(warning): [DistributedLawbotBossSuit]: no transition exists from PostThrowWalk to PreThrowAttack
:11-13-2019 10:34:48 ClassicFSM(warning): [DistributedLawbotBossSuit]: no transition exists from PostThrowWalk to PreThrowAttack
:11-13-2019 10:34:50 TTOffMagicWordManager: Uh-oh! This Magic Word doesn't exist!
:11-13-2019 10:34:52 ClassicFSM(warning): [DistributedLawbotBossSuit]: no transition exists from PostThrowAttack to PreThrowAttack
:11-13-2019 10:34:52 ClassicFSM(warning): [DistributedLawbotBossSuit]: no transition exists from PostThrowAttack to PreThrowAttack
:11-13-2019 10:34:52 ClassicFSM(warning): [DistributedLawbotBossSuit]: no transition exists from PostThrowAttack to PreThrowProsecute
:11-13-2019 10:34:52 ClassicFSM(warning): [DistributedLawbotBossSuit]: no transition exists from PostThrowAttack to PreThrowAttack
:11-13-2019 10:34:52 ClassicFSM(warning): [DistributedLawbotBossSuit]: no transition exists from PostThrowProsecute to PreThrowAttack
:11-13-2019 10:34:52 ClassicFSM(warning): [DistributedLawbotBossSuit]: no transition exists from PostThrowAttack to PreThrowProsecute
:11-13-2019 10:34:52 ClassicFSM(warning): [DistributedLawbotBossSuit]: no transition exists from PostThrowAttack to PreThrowProsecute
:11-13-2019 10:34:58 ClassicFSM(warning): [DistributedLawbotBossSuit]: no transition exists from PostThrowWalk to PreThrowProsecute
:11-13-2019 10:34:58 ClassicFSM(warning): [DistributedLawbotBossSuit]: no transition exists from PostThrowWalk to PreThrowAttack
:11-13-2019 10:34:58 ClassicFSM(warning): [DistributedLawbotBossSuit]: no transition exists from PostThrowWalk to PreThrowProsecute
:11-13-2019 10:35:04 ClassicFSM(warning): [DistributedLawbotBossSuit]: no transition exists from PostThrowWalk to PreThrowAttack
:11-13-2019 10:35:04 ClassicFSM(warning): [DistributedLawbotBossSuit]: no transition exists from PostThrowWalk to PreThrowAttack
:11-13-2019 10:35:04 ClassicFSM(warning): [DistributedLawbotBossSuit]: no transition exists from PostThrowWalk to PreThrowProsecute
:11-13-2019 10:35:04 ClassicFSM(warning): [DistributedLawbotBossSuit]: no transition exists from PostThrowWalk to PreThrowProsecute
:11-13-2019 10:35:04 ClassicFSM(warning): [DistributedLawbotBossSuit]: no transition exists from PostThrowWalk to PreThrowAttack
:11-13-2019 10:35:04 ClassicFSM(warning): [DistributedLawbotBossSuit]: no transition exists from PostThrowWalk to PreThrowAttack
:11-13-2019 10:35:04 ClassicFSM(warning): [DistributedLawbotBossSuit]: no transition exists from PostThrowWalk to PreThrowProsecute
:11-13-2019 10:35:10 ClassicFSM(warning): [DistributedLawbotBossSuit]: no transition exists from PostThrowWalk to PreThrowAttack
:11-13-2019 10:35:10 ClassicFSM(warning): [DistributedLawbotBossSuit]: no transition exists from PostThrowWalk to PreThrowAttack
:11-13-2019 10:35:10 ClassicFSM(warning): [DistributedLawbotBossSuit]: no transition exists from PostThrowWalk to PreThrowProsecute
