

Starting Toontown Online...
Current time: Thu Oct  1 23:40:41 2020 Eastern Standard Time
sys.path =  ['', 'C:\\Panda3D-1.11.0-x64\\python\\python27.zip', 'C:\\Panda3D-1.11.0-x64', 'C:\\Panda3D-1.11.0-x64\\python\\DLLs', 'C:\\Panda3D-1.11.0-x64\\python\\lib', 'C:\\Panda3D-1.11.0-x64\\python\\lib\\plat-win', 'C:\\Panda3D-1.11.0-x64\\python\\lib\\lib-tk', 'C:\\Panda3D-1.11.0-x64\\python', 'C:\\Panda3D-1.11.0-x64\\bin', 'C:\\Panda3D-1.11.0-x64\\python\\lib\\site-packages']
sys.argv =  ['D:\\hollybae\\Aly\\Toontown-School-House\\toontown\\launcher\\TTOffQuickStartLauncher.py']
generating standard configrc
os.environ =  {'TMP': 'C:\\Users\\holla\\AppData\\Local\\Temp', 'ONEDRIVECONSUMER': 'C:\\Users\\holla\\OneDrive', 'COMPUTERNAME': 'HOLLYBAES-PC', 'USERDOMAIN': 'HOLLYBAES-PC', 'INTEL_DEV_REDIST': 'C:\\Program Files (x86)\\Common Files\\Intel\\Shared Libraries\\', 'PSMODULEPATH': 'C:\\Program Files\\WindowsPowerShell\\Modules;C:\\WINDOWS\\system32\\WindowsPowerShell\\v1.0\\Modules', 'COMMONPROGRAMFILES': 'C:\\Program Files\\Common Files', 'PROCESSOR_IDENTIFIER': 'Intel64 Family 6 Model 158 Stepping 10, GenuineIntel', 'PROGRAMFILES': 'C:\\Program Files', 'PROCESSOR_REVISION': '9e0a', 'PATH': 'C:\\Panda3D-1.11.0-x64\\panda3d\\..\\bin;C:\\Program Files (x86)\\Razer\\ChromaBroadcast\\bin;C:\\Program Files\\Razer\\ChromaBroadcast\\bin;C:\\Program Files (x86)\\Common Files\\Intel\\Shared Libraries\\redist\\intel64\\compiler;C:\\Program Files (x86)\\Common Files\\Oracle\\Java\\javapath;C:\\WINDOWS\\system32;C:\\WINDOWS;C:\\WINDOWS\\System32\\Wbem;C:\\WINDOWS\\System32\\WindowsPowerShell\\v1.0\\;C:\\WINDOWS\\System32\\OpenSSH\\;C:\\Program Files (x86)\\NVIDIA Corporation\\PhysX\\Common;C:\\Program Files\\NVIDIA Corporation\\NVIDIA NvDLISR;C:\\WINDOWS\\system32\\config\\systemprofile\\AppData\\Local\\Microsoft\\WindowsApps;C:\\Users\\holla\\AppData\\Local\\Microsoft\\WindowsApps;C:\\Panda3D-1.11.0-x64\\python;C:\\Panda3D-1.11.0-x64\\python\\Scripts;C:\\Panda3D-1.11.0-x64\\bin', 'SYSTEMROOT': 'C:\\WINDOWS', 'MIC_LD_LIBRARY_PATH': 'C:\\Program Files (x86)\\Common Files\\Intel\\Shared Libraries\\compiler\\lib\\mic', 'COMSPEC': 'C:\\WINDOWS\\system32\\cmd.exe', 'DRIVERDATA': 'C:\\Windows\\System32\\Drivers\\DriverData', 'PPYTHON_PATH': '"C:\\Panda3D-1.11.0-x64\\python\\ppython.exe"', 'TEMP': 'C:\\Users\\holla\\AppData\\Local\\Temp', 'COMMONPROGRAMFILES(X86)': 'C:\\Program Files (x86)\\Common Files', 'PROCESSOR_ARCHITECTURE': 'AMD64', 'PROGRAMFILES(X86)': 'C:\\Program Files (x86)', 'ALLUSERSPROFILE': 'C:\\ProgramData', 'LOCALAPPDATA': 'C:\\Users\\holla\\AppData\\Local', 'FPS_BROWSER_USER_PROFILE_STRING': 'Default', 'HOMEPATH': '\\Users\\holla', 'USERDOMAIN_ROAMINGPROFILE': 'HOLLYBAES-PC', 'PROGRAMW6432': 'C:\\Program Files', 'USERNAME': 'holla', 'LOGONSERVER': '\\\\HOLLYBAES-PC', 'PROMPT': '$P$G', 'SESSIONNAME': 'Console', 'PROGRAMDATA': 'C:\\ProgramData', 'ONEDRIVE': 'C:\\Users\\holla\\OneDrive', 'FPS_BROWSER_APP_PROFILE_STRING': 'Internet Explorer', 'PATHEXT': '.COM;.EXE;.BAT;.CMD;.VBS;.VBE;.JS;.JSE;.WSF;.WSH;.MSC', 'TTOFF_LOGIN_TOKEN': 'dev', 'WINDIR': 'C:\\WINDOWS', 'APPDATA': 'C:\\Users\\holla\\AppData\\Roaming', 'HOMEDRIVE': 'C:', 'SYSTEMDRIVE': 'C:', 'NUMBER_OF_PROCESSORS': '12', 'PROCESSOR_LEVEL': '6', 'COMMONPROGRAMW6432': 'C:\\Program Files\\Common Files', 'OS': 'Windows_NT', 'PUBLIC': 'C:\\Users\\Public', 'USERPROFILE': 'C:\\Users\\holla'}
:10-01-2020 23:40:41 TTOffLauncher: isTestServer: 0
:10-01-2020 23:40:41 TTOffLauncher: Game Server 127.0.0.1
:10-01-2020 23:40:41 TTOffLauncher: Starting Toontown Online... 
:10-01-2020 23:40:41 TTOffLauncher: foreground: Launcher now operating in foreground
useTTOffSpecificLogin=True
:10-01-2020 23:40:41 TTOffLauncher: maybeStartGame: starting game
:10-01-2020 23:40:41 TTOffLauncher: Starting Toontown Online...
:10-01-2020 23:40:41 TTOffLauncher: background: Launcher now operating in background
ToontownStart: Polling for game2 to finish...
ToontownStart: Game2 is finished.
ToontownStart: Starting the game.
ToontownStart: setting default font
:10-01-2020 23:40:41 TTOffLauncher: setting panda error code to 7
Known pipe types:
  wglGraphicsPipe
(all display modules loaded.)
:10-01-2020 23:40:41 ToonBase: Default graphics pipe is wglGraphicsPipe (OpenGL).
:10-01-2020 23:40:42 ToonBase: Successfully opened window of type wglGraphicsWindow (OpenGL)
:10-01-2020 23:40:42 ShowBase: __dev__ == False
:10-01-2020 23:40:42 TTOffLauncher: setting panda error code to 11
:10-01-2020 23:40:42 TTOffLauncher: setting panda error code to 0
ToontownStart: Loading default gui sounds
ToontownStart: serverVersion:  tto-dev
:10-01-2020 23:40:42 Loader: starting bulk load of block 'init'
:10-01-2020 23:40:42 :nativenet(error): Buffered_DatagramConnection Constructor rbufsize = 4096000 wbufsize = 4096000 write_flush_point = 1400
:10-01-2020 23:40:42 OTPClientRepository: Using connect method 'http'
:10-01-2020 23:40:43 TTOffLauncher: getRegistry ('DEPLOYMENT', None)
:10-01-2020 23:40:43 TTOffLauncher: checking env
:10-01-2020 23:40:43 TTOffLauncher: getRegistry ('GAME_DEPLOYMENT', None)
:10-01-2020 23:40:43 TTOffLauncher: checking env
:10-01-2020 23:40:43 OTPClientRepository: reg_deployment=
:10-01-2020 23:40:43 OTPClientRepository: required-login auto.
:10-01-2020 23:40:43 OTPClientRepository: loginInterface: LoginTTOffAccount
:10-01-2020 23:40:43 TTOffLauncher: getNeedPwForSecretKey using ttoff-specific-login
:10-01-2020 23:40:43 Loader: At end of block 'init', expected 138, loaded 6, duration=1.2904264
:10-01-2020 23:40:43 OTPClientRepository: Connecting to gameserver directly (no proxy).
:10-01-2020 23:40:43 OTPClientRepository: Connecting to //127.0.0.1:7198 via HTTP interface.
:10-01-2020 23:40:43 TTOffLauncher: Stopping mini task manager.
:10-01-2020 23:40:43 OTPClientRepository: Successfully connected to //127.0.0.1:7198.
:10-01-2020 23:40:43 TTOffLauncher: Setting Disconnect Details normal
{401000001: <toontown.distributed.ToontownDistrict.ToontownDistrict instance at 0x000000001A7A2748>}
:10-01-2020 23:40:44 StateData: AvatarChooser.enter
:10-01-2020 23:40:44 DisplayOptions: settingsFullScreen = False, embedded = False width=800 height=600
:10-01-2020 23:40:44 StateData: calling self.displayOptions.restrictToEmbedded(False)
:10-01-2020 23:40:53 OTPClientRepository: ================
:10-01-2020 23:40:53 OTPClientRepository: Chose avatar id: 100000014
:10-01-2020 23:40:53 OTPClientRepository: Chose avatar name: Holland
:10-01-2020 23:40:53 OTPClientRepository: Chose avatar dna: ('css', 'ms', 'm', 'm', 16, 0, 16, 16, 113, 27, 99, 27, 7, 21)
:10-01-2020 23:40:53 OTPClientRepository: Chose avatar position: 5
:10-01-2020 23:40:53 OTPClientRepository: isPaid: 1
:10-01-2020 23:40:53 OTPClientRepository: freeTimeLeft: 0
:10-01-2020 23:40:53 OTPClientRepository: allowSecretChat: True
:10-01-2020 23:40:53 OTPClientRepository: ================
:10-01-2020 23:40:53 Loader: starting bulk load of block 'localAvatarPlayGame'
:10-01-2020 23:40:54 ToontownTimeManager(warning): error parsing date string=
local
:10-01-2020 23:40:55 NewsPageButtonManager(warning): Should not get here. NewsPageButtonManager.exitOff
:10-01-2020 23:40:55 :pnmimage:png(warning): iCCP: known incorrect sRGB profile
:10-01-2020 23:40:58 OTPClientRepository: Entering shard 401000001
:10-01-2020 23:40:58 StreetSign: Street sign url is https://ttoffline.com/images/
:10-01-2020 23:41:00 StreetSign: Street Sign is up to date
:10-01-2020 23:41:00 TimeManager: Clock sync: TimeManager.announceGenerate
:10-01-2020 23:41:00 InGameNewsMgr: latestIssue=2013-08-22 16:49:46.000003-07:00
cpu info: GenuineIntel|Intel(R) Core(TM) i7-8700K CPU @ 3.70GHz|591594|0|3.696,3.696|6,12 cpus
:10-01-2020 23:41:02 OTPClientRepository: No sync from TimeManager.
:10-01-2020 23:41:02 OTPClientRepository: gotTimeSync
:10-01-2020 23:41:02 Loader: At end of block 'localAvatarPlayGame', expected 400, loaded 25, duration=8.6536177
:10-01-2020 23:41:02 TimeManager: Clock sync roundtrip took 2026.168 ms
:10-01-2020 23:41:02 TimeManager: AI time delta is -0:02 from server delta
:10-01-2020 23:41:02 TimeManager: Local clock uncertainty +/- 1.013 s
:10-01-2020 23:41:02 TimeManager: Uncertainty is too high, trying again.
:10-01-2020 23:41:02 PlayGame: QA-REGRESSION: NEIGHBORHOODS: Visit Lawbot HQ
:10-01-2020 23:41:02 Loader: starting bulk load of block 'hood'
:10-01-2020 23:41:04 OTPClientRepository: Sending heartbeat mid-frame.
:10-01-2020 23:41:04 LawbotCogHQLoader: loadPlaceGeom: 13000
:10-01-2020 23:41:05 TimeManager: Clock sync roundtrip took 3182.037 ms
:10-01-2020 23:41:05 TimeManager: AI time delta is -0:03 from server delta
:10-01-2020 23:41:05 ClockDelta: previous delta at -0.497 s, +/- 1.014 s.
:10-01-2020 23:41:05 ClockDelta: new delta at 0.088 s, +/- 1.591 s.
:10-01-2020 23:41:05 ClockDelta: intersection at -0.493 s, +/- 1.010 s.
:10-01-2020 23:41:05 TimeManager: Local clock uncertainty +/- 1.010 s
:10-01-2020 23:41:05 TimeManager: Uncertainty is too high, trying again.
:10-01-2020 23:41:05 DistributedObject: DistributedSuitPlanner 401002972: generating
:10-01-2020 23:41:05 DistributedToon: calling LocalAvatar.startchat
:10-01-2020 23:41:05 :loader(error): Couldn't load file phase_4/models/questmap/cog_hq_lawbot_maps.bam: not found on model path (currently: "/;/d/hollybae/Aly/Toontown-School-House/toontown/launcher;/c/Panda3D-1.11.0-x64/etc/..;/c/Panda3D-1.11.0-x64/etc/../models")
:10-01-2020 23:41:05 Loader: At end of block 'hood', expected 2, loaded 16, duration=3.4033388
:10-01-2020 23:41:05 TimeManager: Clock sync roundtrip took 218.830 ms
:10-01-2020 23:41:05 TimeManager: AI time delta is -0:00 from server delta
:10-01-2020 23:41:05 ClockDelta: previous delta at -0.493 s, +/- 1.010 s.
:10-01-2020 23:41:05 ClockDelta: new delta at -1.408 s, +/- 0.109 s.
:10-01-2020 23:41:05 ClockDelta: intersection at -1.401 s, +/- 0.103 s.
:10-01-2020 23:41:05 TimeManager: Local clock uncertainty +/- 0.103 s
:10-01-2020 23:41:07 Teleport(debug): teleportInDone: walk
:10-01-2020 23:41:07 :loader(error): Couldn't load file phase_4/models/questmap/cog_hq_lawbot_maps.bam: not found on model path (currently: "/;/d/hollybae/Aly/Toontown-School-House/toontown/launcher;/c/Panda3D-1.11.0-x64/etc/..;/c/Panda3D-1.11.0-x64/etc/../models")
:10-01-2020 23:41:09 TTOffMagicWordManager: God mode enabled for Holland!
:10-01-2020 23:41:14 LawbotCogHQLoader: loadPlaceGeom: 13100
:10-01-2020 23:41:14 LawbotCogHQLoader: QA-REGRESSION: COGHQ: Visit LawbotLobby
:10-01-2020 23:41:15 LawbotHQExterior: Unloading Place (13000). Fsm in final
:10-01-2020 23:41:15 DistributedObject: DistributedSuitPlanner 401002972: disabling
:10-01-2020 23:41:15 DistributedToon: calling LocalAvatar.startchat
:10-01-2020 23:41:15 :loader(error): Couldn't load file phase_4/models/questmap/cog_hq_lawbot_maps.bam: not found on model path (currently: "/;/d/hollybae/Aly/Toontown-School-House/toontown/launcher;/c/Panda3D-1.11.0-x64/etc/..;/c/Panda3D-1.11.0-x64/etc/../models")
:10-01-2020 23:41:16 :loader(error): Couldn't load file phase_4/models/questmap/cog_hq_lawbot_maps.bam: not found on model path (currently: "/;/d/hollybae/Aly/Toontown-School-House/toontown/launcher;/c/Panda3D-1.11.0-x64/etc/..;/c/Panda3D-1.11.0-x64/etc/../models")
:10-01-2020 23:41:47 LawbotCogHQLoader: loadPlaceGeom: 61000
:10-01-2020 23:41:47 LawbotCogHQLoader(warning): loadPlaceGeom: unclassified zone 61000
:10-01-2020 23:41:47 CogHQLobby: Unloading Place (13100). Fsm in final
:10-01-2020 23:41:47 DistributedLawbotBoss(warning): Not a collision node: LawbotCourtroom3.egg/-PandaNode/CR3/interior/CR3_Floor
:10-01-2020 23:41:48 DistributedToon: calling LocalAvatar.startchat
:10-01-2020 23:41:48 LawbotHQBossBattle(warning): fsm.request('movie') returned 0 (zone id 61000, avatar pos LPoint3f(-0.363562, -126.204, 0.193903)).
:10-01-2020 23:41:51 TTOffMagicWordManager: Gave Holland an infinite amount of pies
:10-01-2020 23:41:54 TTOffMagicWordManager: Run mode has been toggled.
:10-01-2020 23:42:02 LawbotHQBossBattle(warning): fsm.request('movie') returned 0 (zone id 61000, avatar pos LPoint3f(-0.363562, -126.204, 0.193903)).
Battle Event localtoon-battle-event-3
:10-01-2020 23:42:31 TTOffMagicWordManager: Skipping current round...
:10-01-2020 23:43:01 Actor(warning): called actor.removeNode() on actor without calling cleanup()
:10-01-2020 23:43:01 Actor(warning): called actor.removeNode() on actor without calling cleanup()
:10-01-2020 23:43:01 Actor(warning): called actor.removeNode() on actor without calling cleanup()
:10-01-2020 23:43:01 Actor(warning): called actor.removeNode() on actor without calling cleanup()
:10-01-2020 23:43:01 Actor(warning): called actor.removeNode() on actor without calling cleanup()
:10-01-2020 23:43:01 Actor(warning): called actor.removeNode() on actor without calling cleanup()
:10-01-2020 23:43:01 Actor(warning): called actor.removeNode() on actor without calling cleanup()
:10-01-2020 23:43:01 Actor(warning): called actor.removeNode() on actor without calling cleanup()
:10-01-2020 23:43:01 Actor(warning): called actor.removeNode() on actor without calling cleanup()
:10-01-2020 23:43:01 Actor(warning): called actor.removeNode() on actor without calling cleanup()
:10-01-2020 23:43:01 Actor(warning): called actor.removeNode() on actor without calling cleanup()
:10-01-2020 23:43:01 Actor(warning): called actor.removeNode() on actor without calling cleanup()
:10-01-2020 23:43:01 TTOffMagicWordManager: Restarting Scale Round
:10-01-2020 23:43:14 LawbotHQBossBattle(warning): fsm.request('finalBattle') returned 0 (zone id 61000, avatar pos LPoint3f(-20.1568, 5.14135, -3.13986e-05)).
:10-01-2020 23:43:14 TTOffMagicWordManager: Restarting Scale Round
:10-01-2020 23:43:21 TTOffMagicWordManager: Voila!
:10-01-2020 23:43:51 TTOffMagicWordManager: Presto!
:10-01-2020 23:44:13 TTOffMagicWordManager: Presto!
:10-01-2020 23:44:30 TTOffMagicWordManager: Alakazam!
:10-01-2020 23:44:51 TTOffMagicWordManager: Abracadabra!
:10-01-2020 23:45:09 TTOffMagicWordManager: Alakazam!
:10-01-2020 23:45:22 TTOffMagicWordManager: Ta-da!
:10-01-2020 23:45:29 TTOffMagicWordManager: Voila!
:10-01-2020 23:45:42 GarbageCollect(warning): garbage found, reverting gc threshold
:10-01-2020 23:45:55 TTOffMagicWordManager: Presto!
frame rate: 167.0 fps|0.002d|14 avs||316|317||0x0000|0x0000|711.7MB|841.5MB|32619.6MB|498|nt.2.6.2|3.696,3.696|6,12 cpus|OpenGL
:10-01-2020 23:45:59 TTOffMagicWordManager: Gave Holland an infinite amount of pies
:10-01-2020 23:46:10 TTOffMagicWordManager: Voila!
:10-01-2020 23:46:20 TTOffMagicWordManager: Ta-da!
:10-01-2020 23:46:36 TTOffMagicWordManager: Alakazam!
:10-01-2020 23:47:15 TTOffMagicWordManager: Abracadabra!
:10-01-2020 23:47:35 TTOffMagicWordManager: Ta-da!
:10-01-2020 23:47:50 :linmath(warning): Tried to invert singular LMatrix3.
:10-01-2020 23:47:54 TTOffMagicWordManager: Voila!
:10-01-2020 23:48:03 TTOffMagicWordManager: Voila!
:10-01-2020 23:48:22 TTOffMagicWordManager: Voila!
:10-01-2020 23:49:03 TTOffMagicWordManager: Abracadabra!
:10-01-2020 23:49:23 TTOffMagicWordManager: Presto!
:10-01-2020 23:49:36 TTOffMagicWordManager: Ta-da!
:10-01-2020 23:49:52 TTOffMagicWordManager: Ta-da!
:10-01-2020 23:49:57 :linmath(warning): Tried to invert singular LMatrix3.
:10-01-2020 23:50:03 TTOffMagicWordManager: Voila!
:10-01-2020 23:50:20 TTOffMagicWordManager: Alakazam!
:10-01-2020 23:50:34 TTOffMagicWordManager: Presto!
:10-01-2020 23:50:58 TTOffMagicWordManager: Presto!
frame rate: 163.9 fps|0.001d|14 avs||616|617||0x0000|0x0000|744.9MB|874.5MB|32619.6MB|541|nt.2.6.2|3.696,3.696|6,12 cpus|OpenGL
:10-01-2020 23:51:14 TTOffMagicWordManager: Ta-da!
:10-01-2020 23:51:33 TTOffMagicWordManager: Voila!
:10-01-2020 23:51:43 TTOffMagicWordManager: Presto!
:10-01-2020 23:51:52 TTOffMagicWordManager: Voila!
:10-01-2020 23:52:11 TTOffMagicWordManager: Alakazam!
:10-01-2020 23:52:35 TTOffMagicWordManager: Abracadabra!
:10-01-2020 23:52:48 TTOffMagicWordManager: Presto!
:10-01-2020 23:52:58 TTOffMagicWordManager: Ta-da!
:10-01-2020 23:53:16 TTOffMagicWordManager: Voila!
:10-01-2020 23:53:27 TTOffMagicWordManager: Ta-da!
:10-01-2020 23:54:22 TTOffMagicWordManager: Ta-da!
:10-01-2020 23:54:31 TTOffMagicWordManager: Abracadabra!
:10-01-2020 23:54:40 TTOffMagicWordManager: Voila!
:10-01-2020 23:54:59 TTOffMagicWordManager: Ta-da!
:10-01-2020 23:55:14 TTOffMagicWordManager: Abracadabra!
frame rate: 156.9 fps|0.002d|14 avs||916|917||0x0000|0x0000|773.4MB|903.4MB|32619.6MB|573|nt.2.6.2|3.696,3.696|6,12 cpus|OpenGL
:10-01-2020 23:56:00 TTOffMagicWordManager: Presto!
:10-01-2020 23:56:06 TTOffMagicWordManager: Voila!
:10-01-2020 23:56:12 TTOffMagicWordManager: Ta-da!
:10-01-2020 23:56:21 TTOffMagicWordManager: Presto!
adding timeout task
adding timeout task
:10-01-2020 23:58:54 TTOffMagicWordManager: Ta-da!
:10-01-2020 23:59:06 TTOffMagicWordManager: Voila!
:10-02-2020 00:00:03 TTOffMagicWordManager: Presto!
:10-02-2020 00:00:30 TTOffMagicWordManager: Abracadabra!
:10-02-2020 00:00:55 TTOffMagicWordManager: Alakazam!
frame rate: 155.1 fps|0.001d|14 avs||1216|1217||0x0000|0x0000|794.1MB|923.9MB|32619.6MB|594|nt.2.6.2|3.696,3.696|6,12 cpus|OpenGL
:10-02-2020 00:01:06 TTOffMagicWordManager: Presto!
:10-02-2020 00:01:27 TTOffMagicWordManager: Abracadabra!
:10-02-2020 00:01:43 TTOffMagicWordManager: Alakazam!
:10-02-2020 00:02:07 TTOffMagicWordManager: Ta-da!
:10-02-2020 00:02:19 TTOffMagicWordManager: Alakazam!
:10-02-2020 00:03:06 TTOffMagicWordManager: Voila!
:10-02-2020 00:03:16 TTOffMagicWordManager: Presto!
:10-02-2020 00:03:35 TTOffMagicWordManager: Alakazam!
:10-02-2020 00:04:19 TTOffMagicWordManager: Ta-da!
:10-02-2020 00:05:07 TTOffMagicWordManager: Presto!
:10-02-2020 00:05:31 TTOffMagicWordManager: Alakazam!
frame rate: 168.5 fps|0.001d|14 avs||1516|1517||0x0000|0x0000|822.0MB|952.1MB|32619.6MB|617|nt.2.6.2|3.696,3.696|6,12 cpus|OpenGL
adding timeout task
adding timeout task
:10-02-2020 00:10:58 TimeManager: Clock sync: timer
frame rate: 171.2 fps|0.002d|14 avs||1816|1817||0x0000|0x0000|834.0MB|964.1MB|32619.6MB|641|nt.2.6.2|3.696,3.696|6,12 cpus|OpenGL
:10-02-2020 00:10:58 TimeManager: Clock sync roundtrip took 44.261 ms
:10-02-2020 00:10:58 TimeManager: AI time delta is -0:00 from server delta
:10-02-2020 00:10:58 ClockDelta: previous delta at -1.401 s, +/- 0.601 s.
:10-02-2020 00:10:58 ClockDelta: new delta at -1.492 s, +/- 0.022 s.
:10-02-2020 00:10:58 ClockDelta: intersection at -1.492 s, +/- 0.022 s.
:10-02-2020 00:10:58 TimeManager: Local clock uncertainty +/- 0.022 s
frame rate: 192.5 fps|0.001d|14 avs||2116|2117||0x0000|0x0000|588.5MB|975.0MB|32619.6MB|644|nt.2.6.2|3.696,3.696|6,12 cpus|OpenGL
handling timeout
:10-02-2020 00:17:53 DistributedToon: closing shard...
:10-02-2020 00:17:53 LawbotHQBossBattle: Unloading Place (61000). Fsm in final
:10-02-2020 00:17:53 OTPClientRepository: Exiting shard
ignoring InputState-forward
:10-02-2020 00:17:53 OTPClientRepository: sending clientLogout
:10-02-2020 00:17:53 LocalAvatar(warning): redundant call to stopUpdateSmartCamera
:10-02-2020 00:17:53 OTPClientRepository(warning): Disable failed. DistObj 100000014 is not in dictionary, ownerView=True
