

Starting Toontown Online...
Current time: Tue Oct 13 07:43:42 2020 Eastern Standard Time
sys.path =  ['', 'C:\\Panda3D-1.11.0-x64\\python\\python27.zip', 'C:\\Panda3D-1.11.0-x64', 'C:\\Panda3D-1.11.0-x64\\python\\DLLs', 'C:\\Panda3D-1.11.0-x64\\python\\lib', 'C:\\Panda3D-1.11.0-x64\\python\\lib\\plat-win', 'C:\\Panda3D-1.11.0-x64\\python\\lib\\lib-tk', 'C:\\Panda3D-1.11.0-x64\\python', 'C:\\Panda3D-1.11.0-x64\\bin', 'C:\\Panda3D-1.11.0-x64\\python\\lib\\site-packages']
sys.argv =  ['D:\\hollybae\\Aly\\Toontown-School-House\\toontown\\launcher\\TTOffQuickStartLauncher.py']
generating standard configrc
os.environ =  {'TMP': 'C:\\Users\\holla\\AppData\\Local\\Temp', 'ONEDRIVECONSUMER': 'C:\\Users\\holla\\OneDrive', 'COMPUTERNAME': 'HOLLYBAES-PC', 'USERDOMAIN': 'HOLLYBAES-PC', 'INTEL_DEV_REDIST': 'C:\\Program Files (x86)\\Common Files\\Intel\\Shared Libraries\\', 'PSMODULEPATH': 'C:\\Program Files\\WindowsPowerShell\\Modules;C:\\WINDOWS\\system32\\WindowsPowerShell\\v1.0\\Modules', 'COMMONPROGRAMFILES': 'C:\\Program Files\\Common Files', 'PROCESSOR_IDENTIFIER': 'Intel64 Family 6 Model 158 Stepping 10, GenuineIntel', 'PROGRAMFILES': 'C:\\Program Files', 'PROCESSOR_REVISION': '9e0a', 'SYSTEMROOT': 'C:\\WINDOWS', 'PATH': 'C:\\Panda3D-1.11.0-x64\\panda3d\\..\\bin;C:\\Program Files (x86)\\Razer\\ChromaBroadcast\\bin;C:\\Program Files\\Razer\\ChromaBroadcast\\bin;C:\\Program Files (x86)\\Common Files\\Intel\\Shared Libraries\\redist\\intel64\\compiler;C:\\Program Files (x86)\\Common Files\\Oracle\\Java\\javapath;C:\\WINDOWS\\system32;C:\\WINDOWS;C:\\WINDOWS\\System32\\Wbem;C:\\WINDOWS\\System32\\WindowsPowerShell\\v1.0\\;C:\\WINDOWS\\System32\\OpenSSH\\;C:\\Program Files (x86)\\NVIDIA Corporation\\PhysX\\Common;C:\\Program Files\\NVIDIA Corporation\\NVIDIA NvDLISR;C:\\WINDOWS\\system32\\config\\systemprofile\\AppData\\Local\\Microsoft\\WindowsApps;C:\\Users\\holla\\AppData\\Local\\Microsoft\\WindowsApps;C:\\Panda3D-1.11.0-x64\\python;C:\\Panda3D-1.11.0-x64\\python\\Scripts;C:\\Panda3D-1.11.0-x64\\bin', 'MIC_LD_LIBRARY_PATH': 'C:\\Program Files (x86)\\Common Files\\Intel\\Shared Libraries\\compiler\\lib\\mic', 'COMSPEC': 'C:\\WINDOWS\\system32\\cmd.exe', 'DRIVERDATA': 'C:\\Windows\\System32\\Drivers\\DriverData', 'PPYTHON_PATH': '"C:\\Panda3D-1.11.0-x64\\python\\ppython.exe"', 'TEMP': 'C:\\Users\\holla\\AppData\\Local\\Temp', 'COMMONPROGRAMFILES(X86)': 'C:\\Program Files (x86)\\Common Files', 'PROCESSOR_ARCHITECTURE': 'AMD64', 'PROGRAMFILES(X86)': 'C:\\Program Files (x86)', 'ALLUSERSPROFILE': 'C:\\ProgramData', 'LOCALAPPDATA': 'C:\\Users\\holla\\AppData\\Local', 'HOMEPATH': '\\Users\\holla', 'USERDOMAIN_ROAMINGPROFILE': 'HOLLYBAES-PC', 'PROGRAMW6432': 'C:\\Program Files', 'USERNAME': 'holla', 'LOGONSERVER': '\\\\HOLLYBAES-PC', 'PROMPT': '$P$G', 'SESSIONNAME': 'Console', 'PROGRAMDATA': 'C:\\ProgramData', 'ONEDRIVE': 'C:\\Users\\holla\\OneDrive', 'PATHEXT': '.COM;.EXE;.BAT;.CMD;.VBS;.VBE;.JS;.JSE;.WSF;.WSH;.MSC', 'TTOFF_LOGIN_TOKEN': 'dev', 'WINDIR': 'C:\\WINDOWS', 'APPDATA': 'C:\\Users\\holla\\AppData\\Roaming', 'HOMEDRIVE': 'C:', 'SYSTEMDRIVE': 'C:', 'NUMBER_OF_PROCESSORS': '12', 'PROCESSOR_LEVEL': '6', 'RG_GPU_FRAMEWORK_ENGINE_RESOURCEDIR': 'C:\\Program Files\\Red Giant\\RGFX', 'COMMONPROGRAMW6432': 'C:\\Program Files\\Common Files', 'OS': 'Windows_NT', 'PUBLIC': 'C:\\Users\\Public', 'USERPROFILE': 'C:\\Users\\holla'}
:10-13-2020 07:43:42 TTOffLauncher: isTestServer: 0
:10-13-2020 07:43:42 TTOffLauncher: Game Server 127.0.0.1
:10-13-2020 07:43:42 TTOffLauncher: Starting Toontown Online... 
:10-13-2020 07:43:42 TTOffLauncher: foreground: Launcher now operating in foreground
useTTOffSpecificLogin=True
:10-13-2020 07:43:42 TTOffLauncher: maybeStartGame: starting game
:10-13-2020 07:43:42 TTOffLauncher: Starting Toontown Online...
:10-13-2020 07:43:42 TTOffLauncher: background: Launcher now operating in background
ToontownStart: Polling for game2 to finish...
ToontownStart: Game2 is finished.
ToontownStart: Starting the game.
ToontownStart: setting default font
:10-13-2020 07:43:42 TTOffLauncher: setting panda error code to 7
Known pipe types:
  wglGraphicsPipe
(all display modules loaded.)
:10-13-2020 07:43:43 ToonBase: Default graphics pipe is wglGraphicsPipe (OpenGL).
:10-13-2020 07:43:43 ToonBase: Successfully opened window of type wglGraphicsWindow (OpenGL)
:10-13-2020 07:43:43 ShowBase: __dev__ == False
:10-13-2020 07:43:43 TTOffLauncher: setting panda error code to 11
:10-13-2020 07:43:43 TTOffLauncher: setting panda error code to 0
ToontownStart: Loading default gui sounds
ToontownStart: serverVersion:  tto-dev
:10-13-2020 07:43:44 Loader: starting bulk load of block 'init'
:10-13-2020 07:43:47 :nativenet(error): Buffered_DatagramConnection Constructor rbufsize = 4096000 wbufsize = 4096000 write_flush_point = 1400
:10-13-2020 07:43:47 OTPClientRepository: Using connect method 'http'
:10-13-2020 07:43:48 TTOffLauncher: getRegistry ('DEPLOYMENT', None)
:10-13-2020 07:43:48 TTOffLauncher: checking env
:10-13-2020 07:43:48 TTOffLauncher: getRegistry ('GAME_DEPLOYMENT', None)
:10-13-2020 07:43:48 TTOffLauncher: checking env
:10-13-2020 07:43:48 OTPClientRepository: reg_deployment=
:10-13-2020 07:43:48 OTPClientRepository: required-login auto.
:10-13-2020 07:43:48 OTPClientRepository: loginInterface: LoginTTOffAccount
:10-13-2020 07:43:48 TTOffLauncher: getNeedPwForSecretKey using ttoff-specific-login
:10-13-2020 07:43:48 Loader: At end of block 'init', expected 138, loaded 12, duration=4.5934964
:10-13-2020 07:43:48 OTPClientRepository: Connecting to gameserver directly (no proxy).
:10-13-2020 07:43:48 OTPClientRepository: Connecting to //127.0.0.1:7198 via HTTP interface.
:10-13-2020 07:43:48 TTOffLauncher: Stopping mini task manager.
:10-13-2020 07:43:48 OTPClientRepository: Successfully connected to //127.0.0.1:7198.
:10-13-2020 07:43:48 TTOffLauncher: Setting Disconnect Details normal
{401000001: <toontown.distributed.ToontownDistrict.ToontownDistrict instance at 0x0000000019BFC6C8>}
:10-13-2020 07:43:50 StateData: AvatarChooser.enter
:10-13-2020 07:43:50 DisplayOptions: settingsFullScreen = False, embedded = False width=800 height=600
:10-13-2020 07:43:50 StateData: calling self.displayOptions.restrictToEmbedded(False)
:10-13-2020 07:43:51 OTPClientRepository: ================
:10-13-2020 07:43:51 OTPClientRepository: Chose avatar id: 100000014
:10-13-2020 07:43:51 OTPClientRepository: Chose avatar name: Holland
:10-13-2020 07:43:51 OTPClientRepository: Chose avatar dna: ('css', 'ms', 'm', 'm', 16, 0, 16, 16, 113, 27, 99, 27, 7, 21)
:10-13-2020 07:43:51 OTPClientRepository: Chose avatar position: 5
:10-13-2020 07:43:51 OTPClientRepository: isPaid: 1
:10-13-2020 07:43:51 OTPClientRepository: freeTimeLeft: 0
:10-13-2020 07:43:51 OTPClientRepository: allowSecretChat: True
:10-13-2020 07:43:51 OTPClientRepository: ================
:10-13-2020 07:43:51 Loader: starting bulk load of block 'localAvatarPlayGame'
:10-13-2020 07:43:52 ToontownTimeManager(warning): error parsing date string=
local
:10-13-2020 07:43:53 NewsPageButtonManager(warning): Should not get here. NewsPageButtonManager.exitOff
:10-13-2020 07:43:53 :pnmimage:png(warning): iCCP: known incorrect sRGB profile
:10-13-2020 07:43:55 OTPClientRepository: Entering shard 401000001
:10-13-2020 07:43:55 StreetSign: Street sign url is https://ttoffline.com/images/
:10-13-2020 07:43:57 StreetSign: Street Sign is up to date
:10-13-2020 07:43:57 TimeManager: Clock sync: TimeManager.announceGenerate
:10-13-2020 07:43:57 InGameNewsMgr: latestIssue=2013-08-22 16:49:46.000003-07:00
cpu info: GenuineIntel|Intel(R) Core(TM) i7-8700K CPU @ 3.70GHz|591594|0|3.696,3.696|6,12 cpus
:10-13-2020 07:43:58 OTPClientRepository: No sync from TimeManager.
:10-13-2020 07:43:58 OTPClientRepository: gotTimeSync
:10-13-2020 07:43:58 Loader: At end of block 'localAvatarPlayGame', expected 400, loaded 21, duration=6.6497178
:10-13-2020 07:43:58 TimeManager: Clock sync roundtrip took 1206.088 ms
:10-13-2020 07:43:58 TimeManager: AI time delta is -0:01 from server delta
:10-13-2020 07:43:58 TimeManager: Local clock uncertainty +/- 0.603 s
:10-13-2020 07:43:58 PlayGame: QA-REGRESSION: NEIGHBORHOODS: Visit The Brrrgh
:10-13-2020 07:43:58 Loader: starting bulk load of block 'hood'
:10-13-2020 07:43:59 OTPClientRepository: Sending heartbeat mid-frame.
:10-13-2020 07:44:01 DistributedObject(warning): no loader.getInteractiveProp self.interactiveProp is None
:10-13-2020 07:44:01 DistributedToon: calling LocalAvatar.startchat
:10-13-2020 07:44:01 Loader: At end of block 'hood', expected 10, loaded 16, duration=3.3119655
:10-13-2020 07:44:03 Teleport(debug): teleportInDone: walk
:10-13-2020 07:44:12 ToonBase: User closed main window.
:10-13-2020 07:44:12 TimeManager: Client disconnect reason 2.
:10-13-2020 07:44:12 Playground: Unloading Place (3000). Fsm in final
:10-13-2020 07:44:12 OTPClientRepository(warning): unclean exit, abandoning shard
ignoring InputState-forward
:10-13-2020 07:44:12 OTPClientRepository: sending clientLogout
:10-13-2020 07:44:12 LocalAvatar(warning): redundant call to stopUpdateSmartCamera
:10-13-2020 07:44:12 OTPClientRepository: Sent disconnect message to server
:10-13-2020 07:44:12 OTPClientRepository: Closing connection to server.
:10-13-2020 07:44:12 OTPClientRepository: Exiting cleanly
:10-13-2020 07:44:12 ToonBase: Exiting Toontown: errorCode = None
:10-13-2020 07:44:12 TTOffLauncher: setting panda error code to 0
:10-13-2020 07:44:12 TTOffLauncher: Normal exit.
