

Starting Toontown Online...
Current time: Tue Feb 25 14:44:35 2020 Eastern Standard Time
sys.path =  ['', 'C:\\Panda3D-1.11.0-x64\\python\\python27.zip', 'C:\\Panda3D-1.11.0-x64', 'C:\\Panda3D-1.11.0-x64\\python\\DLLs', 'C:\\Panda3D-1.11.0-x64\\python\\lib', 'C:\\Panda3D-1.11.0-x64\\python\\lib\\plat-win', 'C:\\Panda3D-1.11.0-x64\\python\\lib\\lib-tk', 'C:\\Panda3D-1.11.0-x64\\python', 'C:\\Panda3D-1.11.0-x64\\bin', 'C:\\Panda3D-1.11.0-x64\\python\\lib\\site-packages']
sys.argv =  ['D:\\hollybae\\Aly\\Toontown-School-House\\toontown\\launcher\\TTOffQuickStartLauncher.py']
generating standard configrc
os.environ =  {'TMP': 'C:\\Users\\holla\\AppData\\Local\\Temp', 'COMPUTERNAME': 'HOLLYBAES-PC', 'USERDOMAIN': 'HOLLYBAES-PC', 'INTEL_DEV_REDIST': 'C:\\Program Files (x86)\\Common Files\\Intel\\Shared Libraries\\', 'PSMODULEPATH': 'C:\\Program Files\\WindowsPowerShell\\Modules;C:\\WINDOWS\\system32\\WindowsPowerShell\\v1.0\\Modules', 'COMMONPROGRAMFILES': 'C:\\Program Files\\Common Files', 'PROCESSOR_IDENTIFIER': 'Intel64 Family 6 Model 158 Stepping 10, GenuineIntel', 'VBOX_MSI_INSTALL_PATH': 'C:\\Program Files\\Oracle\\VirtualBox\\', 'PROGRAMFILES': 'C:\\Program Files', 'PROCESSOR_REVISION': '9e0a', 'PATH': 'C:\\Panda3D-1.11.0-x64\\panda3d\\..\\bin;C:\\Program Files (x86)\\Razer\\ChromaBroadcast\\bin;C:\\Program Files\\Razer\\ChromaBroadcast\\bin;C:\\Program Files (x86)\\Common Files\\Intel\\Shared Libraries\\redist\\intel64_win\\compiler;C:\\Program Files (x86)\\Common Files\\Oracle\\Java\\javapath;C:\\Program Files (x86)\\Common Files\\Intel\\Shared Libraries\\redist\\intel64\\compiler;C:\\WINDOWS\\system32;C:\\WINDOWS;C:\\WINDOWS\\System32\\Wbem;C:\\WINDOWS\\System32\\WindowsPowerShell\\v1.0\\;C:\\WINDOWS\\System32\\OpenSSH\\;C:\\Program Files\\NVIDIA Corporation\\NVIDIA NGX;C:\\Program Files (x86)\\NVIDIA Corporation\\PhysX\\Common;C:\\Program Files\\NVIDIA Corporation\\NVIDIA NvDLISR;C:\\WINDOWS\\system32;C:\\WINDOWS;C:\\WINDOWS\\System32\\Wbem;C:\\WINDOWS\\System32\\WindowsPowerShell\\v1.0\\;C:\\WINDOWS\\System32\\OpenSSH\\;D:\\hollybae\\ffmpeg-4.1.3-win64-static\\ffmpeg-4.1.3-win64-static\\bin;C:\\Program Files\\dotnet\\;C:\\WINDOWS\\system32\\config\\systemprofile\\AppData\\Local\\Microsoft\\WindowsApps;C:\\Program Files (x86)\\QuickTime\\QTSystem\\;C:\\Users\\holla\\AppData\\Local\\Microsoft\\WindowsApps;C:\\Panda3D-1.10.4.1-x64\\python;C:\\Panda3D-1.10.4.1-x64\\python\\Scripts;C:\\Panda3D-1.10.4.1-x64\\bin;C:\\Panda3D-1.11.0-x64\\python;C:\\Panda3D-1.11.0-x64\\python\\Scripts;C:\\Panda3D-1.11.0-x64\\bin', 'SYSTEMROOT': 'C:\\WINDOWS', 'MIC_LD_LIBRARY_PATH': 'C:\\Program Files (x86)\\Common Files\\Intel\\Shared Libraries\\compiler\\lib\\intel64_win_mic', 'COMSPEC': 'C:\\WINDOWS\\system32\\cmd.exe', 'DRIVERDATA': 'C:\\Windows\\System32\\Drivers\\DriverData', 'PPYTHON_PATH': '"C:\\Panda3D-1.11.0-x64\\python\\ppython.exe"', 'TEMP': 'C:\\Users\\holla\\AppData\\Local\\Temp', 'COMMONPROGRAMFILES(X86)': 'C:\\Program Files (x86)\\Common Files', 'PROCESSOR_ARCHITECTURE': 'AMD64', 'PROGRAMFILES(X86)': 'C:\\Program Files (x86)', 'ALLUSERSPROFILE': 'C:\\ProgramData', 'LOCALAPPDATA': 'C:\\Users\\holla\\AppData\\Local', 'FPS_BROWSER_USER_PROFILE_STRING': 'Default', 'HOMEPATH': '\\Users\\holla', 'USERDOMAIN_ROAMINGPROFILE': 'HOLLYBAES-PC', 'PROGRAMW6432': 'C:\\Program Files', 'USERNAME': 'holla', 'LOGONSERVER': '\\\\HOLLYBAES-PC', 'PROMPT': '$P$G', 'SESSIONNAME': 'Console', 'PROGRAMDATA': 'C:\\ProgramData', 'ONEDRIVE': 'C:\\Users\\holla\\OneDrive - University of Guelph', 'FPS_BROWSER_APP_PROFILE_STRING': 'Internet Explorer', 'PATHEXT': '.COM;.EXE;.BAT;.CMD;.VBS;.VBE;.JS;.JSE;.WSF;.WSH;.MSC', 'TTOFF_LOGIN_TOKEN': 'dev', 'ONEDRIVECOMMERCIAL': 'C:\\Users\\holla\\OneDrive - University of Guelph', 'WINDIR': 'C:\\WINDOWS', 'APPDATA': 'C:\\Users\\holla\\AppData\\Roaming', 'HOMEDRIVE': 'C:', 'SYSTEMDRIVE': 'C:', 'NUMBER_OF_PROCESSORS': '12', 'PROCESSOR_LEVEL': '6', 'RG_GPU_FRAMEWORK_ENGINE_RESOURCEDIR': 'C:\\Program Files\\Red Giant\\RGFX', 'COMMONPROGRAMW6432': 'C:\\Program Files\\Common Files', 'OS': 'Windows_NT', 'PUBLIC': 'C:\\Users\\Public', 'USERPROFILE': 'C:\\Users\\holla'}
:02-25-2020 14:44:35 TTOffLauncher: isTestServer: 0
:02-25-2020 14:44:35 TTOffLauncher: Game Server 127.0.0.1
:02-25-2020 14:44:35 TTOffLauncher: Starting Toontown Online... 
:02-25-2020 14:44:35 TTOffLauncher: foreground: Launcher now operating in foreground
useTTOffSpecificLogin=True
:02-25-2020 14:44:35 TTOffLauncher: maybeStartGame: starting game
:02-25-2020 14:44:35 TTOffLauncher: Starting Toontown Online...
:02-25-2020 14:44:35 TTOffLauncher: background: Launcher now operating in background
ToontownStart: Polling for game2 to finish...
ToontownStart: Game2 is finished.
ToontownStart: Starting the game.
ToontownStart: setting default font
:02-25-2020 14:44:35 TTOffLauncher: setting panda error code to 7
Known pipe types:
  wglGraphicsPipe
(all display modules loaded.)
:02-25-2020 14:44:36 ToonBase: Default graphics pipe is wglGraphicsPipe (OpenGL).
:02-25-2020 14:44:36 ToonBase: Successfully opened window of type wglGraphicsWindow (OpenGL)
:02-25-2020 14:44:36 ShowBase: __dev__ == False
:02-25-2020 14:44:36 TTOffLauncher: setting panda error code to 11
:02-25-2020 14:44:36 TTOffLauncher: setting panda error code to 0
ToontownStart: Loading default gui sounds
ToontownStart: serverVersion:  tto-dev
:02-25-2020 14:44:36 Loader: starting bulk load of block 'init'
:02-25-2020 14:44:36 :nativenet(error): Buffered_DatagramConnection Constructor rbufsize = 4096000 wbufsize = 4096000 write_flush_point = 1400
:02-25-2020 14:44:36 OTPClientRepository: Using connect method 'http'
:02-25-2020 14:44:37 TTOffLauncher: getRegistry ('DEPLOYMENT', None)
:02-25-2020 14:44:37 TTOffLauncher: checking env
:02-25-2020 14:44:37 TTOffLauncher: getRegistry ('GAME_DEPLOYMENT', None)
:02-25-2020 14:44:37 TTOffLauncher: checking env
:02-25-2020 14:44:37 OTPClientRepository: reg_deployment=
:02-25-2020 14:44:37 OTPClientRepository: required-login auto.
:02-25-2020 14:44:37 OTPClientRepository: loginInterface: LoginTTOffAccount
:02-25-2020 14:44:37 TTOffLauncher: getNeedPwForSecretKey using ttoff-specific-login
:02-25-2020 14:44:37 Loader: At end of block 'init', expected 138, loaded 4, duration=0.9890924
:02-25-2020 14:44:37 OTPClientRepository: Connecting to gameserver directly (no proxy).
:02-25-2020 14:44:37 OTPClientRepository: Connecting to //127.0.0.1:7198 via HTTP interface.
:02-25-2020 14:44:37 TTOffLauncher: Stopping mini task manager.
:02-25-2020 14:44:37 OTPClientRepository: Successfully connected to //127.0.0.1:7198.
:02-25-2020 14:44:37 TTOffLauncher: Setting Disconnect Details normal
{401000001: <toontown.distributed.ToontownDistrict.ToontownDistrict instance at 0x000000001CC22788>}
:02-25-2020 14:44:38 StateData: AvatarChooser.enter
:02-25-2020 14:44:38 DisplayOptions: settingsFullScreen = False, embedded = False width=800 height=600
:02-25-2020 14:44:38 StateData: calling self.displayOptions.restrictToEmbedded(False)
:02-25-2020 14:44:39 OTPClientRepository: ================
:02-25-2020 14:44:39 OTPClientRepository: Chose avatar id: 100000014
:02-25-2020 14:44:39 OTPClientRepository: Chose avatar name: Hollybae
:02-25-2020 14:44:39 OTPClientRepository: Chose avatar dna: ('css', 'ms', 'm', 'm', 16, 0, 16, 16, 113, 27, 18, 27, 7, 21)
:02-25-2020 14:44:39 OTPClientRepository: Chose avatar position: 5
:02-25-2020 14:44:39 OTPClientRepository: isPaid: 1
:02-25-2020 14:44:39 OTPClientRepository: freeTimeLeft: 0
:02-25-2020 14:44:39 OTPClientRepository: allowSecretChat: True
:02-25-2020 14:44:39 OTPClientRepository: ================
:02-25-2020 14:44:39 Loader: starting bulk load of block 'localAvatarPlayGame'
:02-25-2020 14:44:40 ToontownTimeManager(warning): error parsing date string=
local
:02-25-2020 14:44:40 NewsPageButtonManager(warning): Should not get here. NewsPageButtonManager.exitOff
:02-25-2020 14:44:40 :pnmimage:png(warning): iCCP: known incorrect sRGB profile
:02-25-2020 14:44:41 OTPClientRepository: Entering shard 401000001
:02-25-2020 14:44:41 StreetSign: Street sign url is https://ttoffline.com/images/
:02-25-2020 14:44:42 StreetSign: Street Sign is up to date
:02-25-2020 14:44:42 TimeManager: Clock sync: TimeManager.announceGenerate
:02-25-2020 14:44:42 InGameNewsMgr: latestIssue=2013-08-22 16:49:46.000003-07:00
cpu info: GenuineIntel|Intel(R) Core(TM) i7-8700K CPU @ 3.70GHz|591594|0|3.701,3.701|6,12 cpus
:02-25-2020 14:44:43 OTPClientRepository: No sync from TimeManager.
:02-25-2020 14:44:43 OTPClientRepository: gotTimeSync
:02-25-2020 14:44:43 Loader: At end of block 'localAvatarPlayGame', expected 400, loaded 8, duration=4.0989527
:02-25-2020 14:44:43 TimeManager: Clock sync roundtrip took 1091.726 ms
:02-25-2020 14:44:43 TimeManager: AI time delta is -0:01 from server delta
:02-25-2020 14:44:43 TimeManager: Local clock uncertainty +/- 0.546 s
:02-25-2020 14:44:43 PlayGame: QA-REGRESSION: NEIGHBORHOODS: Visit Lawbot HQ
:02-25-2020 14:44:43 Loader: starting bulk load of block 'hood'
:02-25-2020 14:44:44 LawbotCogHQLoader: loadPlaceGeom: 13000
:02-25-2020 14:44:44 DistributedObject: DistributedSuitPlanner 401002972: generating
:02-25-2020 14:44:44 DistributedToon: calling LocalAvatar.startchat
:02-25-2020 14:44:44 :loader(error): Couldn't load file phase_4/models/questmap/cog_hq_lawbot_maps.bam: not found on model path (currently: "/;/d/hollybae/Aly/Toontown-School-House/toontown/launcher;/c/Panda3D-1.11.0-x64/etc/..;/c/Panda3D-1.11.0-x64/etc/../models")
:02-25-2020 14:44:44 Loader: At end of block 'hood', expected 2, loaded 3, duration=0.7805924
:02-25-2020 14:44:46 Teleport(debug): teleportInDone: walk
:02-25-2020 14:44:46 :loader(error): Couldn't load file phase_4/models/questmap/cog_hq_lawbot_maps.bam: not found on model path (currently: "/;/d/hollybae/Aly/Toontown-School-House/toontown/launcher;/c/Panda3D-1.11.0-x64/etc/..;/c/Panda3D-1.11.0-x64/etc/../models")
:02-25-2020 14:45:05 TTOffMagicWordManager: Run mode has been toggled.
:02-25-2020 14:45:11 LawbotCogHQLoader: loadPlaceGeom: 13100
:02-25-2020 14:45:11 LawbotCogHQLoader: QA-REGRESSION: COGHQ: Visit LawbotLobby
:02-25-2020 14:45:11 LawbotHQExterior: Unloading Place (13000). Fsm in final
:02-25-2020 14:45:11 DistributedObject: DistributedSuitPlanner 401002972: disabling
:02-25-2020 14:45:11 DistributedToon: calling LocalAvatar.startchat
:02-25-2020 14:45:11 :loader(error): Couldn't load file phase_4/models/questmap/cog_hq_lawbot_maps.bam: not found on model path (currently: "/;/d/hollybae/Aly/Toontown-School-House/toontown/launcher;/c/Panda3D-1.11.0-x64/etc/..;/c/Panda3D-1.11.0-x64/etc/../models")
:02-25-2020 14:45:13 :loader(error): Couldn't load file phase_4/models/questmap/cog_hq_lawbot_maps.bam: not found on model path (currently: "/;/d/hollybae/Aly/Toontown-School-House/toontown/launcher;/c/Panda3D-1.11.0-x64/etc/..;/c/Panda3D-1.11.0-x64/etc/../models")
:02-25-2020 14:45:24 TTOffMagicWordManager: Run mode has been toggled.
:02-25-2020 14:45:25 TTOffMagicWordManager: Ta-da!
:02-25-2020 14:45:25 LawbotCogHQLoader: loadPlaceGeom: 61000
:02-25-2020 14:45:25 LawbotCogHQLoader(warning): loadPlaceGeom: unclassified zone 61000
:02-25-2020 14:45:25 CogHQLobby: Unloading Place (13100). Fsm in final
:02-25-2020 14:45:25 DistributedLawbotBoss(warning): Not a collision node: LawbotCourtroom3.egg/-PandaNode/CR3/interior/CR3_Floor
:02-25-2020 14:45:25 DistributedToon: calling LocalAvatar.startchat
:02-25-2020 14:45:25 LawbotHQBossBattle(warning): fsm.request('movie') returned 0 (zone id 61000, avatar pos LPoint3f(-0.363562, -126.204, 0.193903)).
:02-25-2020 14:45:28 TTOffMagicWordManager: Gave Hollybae an infinite amount of pies
:02-25-2020 14:45:29 TTOffMagicWordManager: Restarting Scale Round
:02-25-2020 14:46:17 LawbotHQBossBattle(warning): fsm.request('finalBattle') returned 0 (zone id 61000, avatar pos LPoint3f(-67.4703, 1.4886, -0.000310851)).
:02-25-2020 14:46:17 TTOffMagicWordManager: Restarting Scale Round
:02-25-2020 14:46:25 LawbotHQBossBattle(warning): fsm.request('finalBattle') returned 0 (zone id 61000, avatar pos LPoint3f(-48.5647, 11.0965, 0)).
:02-25-2020 14:46:25 TTOffMagicWordManager: Restarting Scale Round
:02-25-2020 14:46:42 :linmath(warning): Tried to invert singular LMatrix3.
:02-25-2020 14:47:05 TTOffMagicWordManager: LPoint3f(-60.3034, 22.788, -0.000304535)
:02-25-2020 14:47:25 TTOffMagicWordManager: Presto!
:02-25-2020 14:48:24 TTOffMagicWordManager: Alakazam!
:02-25-2020 14:48:36 TTOffMagicWordManager: Abracadabra!
:02-25-2020 14:48:42 TTOffMagicWordManager: Hollybae's laff has been set to 127.
:02-25-2020 14:48:53 TTOffMagicWordManager: Presto!
:02-25-2020 14:49:17 TTOffMagicWordManager: Alakazam!
:02-25-2020 14:49:28 TTOffMagicWordManager: Abracadabra!
:02-25-2020 14:49:36 GarbageCollect(warning): garbage found, reverting gc threshold
frame rate: 224.0 fps|0.001d|13 avs||305|305||0x0000|0x0000|986.2MB|1159.7MB|16235.6MB|546|nt.2.6.2|3.701,3.701|6,12 cpus|OpenGL
:02-25-2020 14:49:55 TTOffMagicWordManager: Voila!
:02-25-2020 14:50:18 TTOffMagicWordManager: Abracadabra!
:02-25-2020 14:50:58 TTOffMagicWordManager: Alakazam!
:02-25-2020 14:51:14 TTOffMagicWordManager: Voila!
:02-25-2020 14:51:23 TTOffMagicWordManager: Ta-da!
:02-25-2020 14:51:56 TTOffMagicWordManager: Voila!
:02-25-2020 14:52:15 TTOffMagicWordManager: Voila!
:02-25-2020 14:52:44 TTOffMagicWordManager: Presto!
:02-25-2020 14:52:58 TTOffMagicWordManager: Presto!
:02-25-2020 14:53:10 TTOffMagicWordManager: Ta-da!
:02-25-2020 14:53:42 TTOffMagicWordManager: Abracadabra!
:02-25-2020 14:53:58 TTOffMagicWordManager: Alakazam!
:02-25-2020 14:54:19 TTOffMagicWordManager: Ta-da!
:02-25-2020 14:54:32 TTOffMagicWordManager: Alakazam!
frame rate: 225.8 fps|0.001d|13 avs||605|605||0x0000|0x0000|1316.8MB|1491.0MB|16235.6MB|631|nt.2.6.2|3.701,3.701|6,12 cpus|OpenGL
:02-25-2020 14:55:11 TTOffMagicWordManager: Alakazam!
:02-25-2020 14:55:21 TTOffMagicWordManager: Voila!
:02-25-2020 14:55:41 TTOffMagicWordManager: Voila!
:02-25-2020 14:55:49 TTOffMagicWordManager: Abracadabra!
:02-25-2020 14:56:09 TTOffMagicWordManager: Alakazam!
:02-25-2020 14:56:20 TTOffMagicWordManager: Ta-da!
:02-25-2020 14:56:38 TTOffMagicWordManager: Alakazam!
:02-25-2020 14:56:52 TTOffMagicWordManager: Ta-da!
:02-25-2020 14:57:18 TTOffMagicWordManager: Alakazam!
:02-25-2020 14:57:38 TTOffMagicWordManager: Voila!
:02-25-2020 14:59:37 TTOffMagicWordManager: Voila!
frame rate: 231.4 fps|0.001d|13 avs||905|905||0x0000|0x0000|1631.8MB|1806.6MB|16235.6MB|730|nt.2.6.2|3.701,3.701|6,12 cpus|OpenGL
:02-25-2020 15:00:01 TTOffMagicWordManager: Presto!
:02-25-2020 15:00:21 TTOffMagicWordManager: Ta-da!
:02-25-2020 15:00:32 TTOffMagicWordManager: Alakazam!
:02-25-2020 15:00:48 TTOffMagicWordManager: Ta-da!
:02-25-2020 15:01:22 TTOffMagicWordManager: Alakazam!
:02-25-2020 15:01:40 TTOffMagicWordManager: Voila!
:02-25-2020 15:01:59 TTOffMagicWordManager: Presto!
:02-25-2020 15:02:19 TTOffMagicWordManager: Abracadabra!
:02-25-2020 15:02:22 TTOffMagicWordManager: Abracadabra!
:02-25-2020 15:02:58 TTOffMagicWordManager: Presto!
:02-25-2020 15:03:09 TTOffMagicWordManager: Alakazam!
:02-25-2020 15:03:30 TTOffMagicWordManager: Ta-da!
:02-25-2020 15:03:50 TTOffMagicWordManager: Ta-da!
frame rate: 256.5 fps|0.001d|13 avs||1205|1205||0x0000|0x0000|1956.7MB|2132.4MB|16235.6MB|832|nt.2.6.2|3.701,3.701|6,12 cpus|OpenGL
adding timeout task
adding timeout task
frame rate: 244.3 fps|0.001d|13 avs||1505|1505||0x0000|0x0000|2263.0MB|2439.6MB|16235.6MB|931|nt.2.6.2|3.701,3.701|6,12 cpus|OpenGL
:02-25-2020 15:14:41 TimeManager: Clock sync: timer
frame rate: 236.5 fps|0.000d|13 avs||1805|1805||0x0000|0x0000|1168.7MB|2720.7MB|16235.6MB|1027|nt.2.6.2|3.701,3.701|6,12 cpus|OpenGL
:02-25-2020 15:14:41 TimeManager: Clock sync roundtrip took 15.261 ms
:02-25-2020 15:14:41 TimeManager: AI time delta is -0:00 from server delta
:02-25-2020 15:14:41 ClockDelta: previous delta at -0.932 s, +/- 1.045 s.
:02-25-2020 15:14:41 ClockDelta: new delta at -1.485 s, +/- 0.008 s.
:02-25-2020 15:14:41 ClockDelta: intersection at -1.485 s, +/- 0.008 s.
:02-25-2020 15:14:41 TimeManager: Local clock uncertainty +/- 0.008 s
handling timeout
:02-25-2020 15:18:09 DistributedToon: closing shard...
:02-25-2020 15:18:09 LawbotHQBossBattle: Unloading Place (61000). Fsm in final
:02-25-2020 15:18:09 OTPClientRepository: Exiting shard
ignoring InputState-forward
:02-25-2020 15:18:09 OTPClientRepository: sending clientLogout
:02-25-2020 15:18:10 LocalAvatar(warning): redundant call to stopUpdateSmartCamera
:02-25-2020 15:18:10 OTPClientRepository(warning): Disable failed. DistObj 100000014 is not in dictionary, ownerView=True
:02-25-2020 15:18:11 StateData: AvatarChooser.enter
:02-25-2020 15:18:11 DisplayOptions: settingsFullScreen = False, embedded = False width=800 height=600
:02-25-2020 15:18:11 StateData: calling self.displayOptions.restrictToEmbedded(False)
:02-25-2020 15:18:13 ToonBase: User closed main window.
:02-25-2020 15:18:13 OTPClientRepository: Sent disconnect message to server
:02-25-2020 15:18:13 OTPClientRepository: Closing connection to server.
:02-25-2020 15:18:13 OTPClientRepository: Exiting cleanly
:02-25-2020 15:18:13 ToonBase: Exiting Toontown: errorCode = None
:02-25-2020 15:18:13 TTOffLauncher: setting panda error code to 0
:02-25-2020 15:18:13 TTOffLauncher: Normal exit.
