

Starting Toontown Online...
Current time: Sat Mar  7 15:42:57 2020 Eastern Standard Time
sys.path =  ['', 'C:\\Panda3D-1.11.0-x64\\python\\python27.zip', 'C:\\Panda3D-1.11.0-x64', 'C:\\Panda3D-1.11.0-x64\\python\\DLLs', 'C:\\Panda3D-1.11.0-x64\\python\\lib', 'C:\\Panda3D-1.11.0-x64\\python\\lib\\plat-win', 'C:\\Panda3D-1.11.0-x64\\python\\lib\\lib-tk', 'C:\\Panda3D-1.11.0-x64\\python', 'C:\\Panda3D-1.11.0-x64\\bin', 'C:\\Panda3D-1.11.0-x64\\python\\lib\\site-packages']
sys.argv =  ['D:\\hollybae\\Aly\\Toontown-School-House\\toontown\\launcher\\TTOffQuickStartLauncher.py']
generating standard configrc
os.environ =  {'TMP': 'C:\\Users\\holla\\AppData\\Local\\Temp', 'COMPUTERNAME': 'HOLLYBAES-PC', 'USERDOMAIN': 'HOLLYBAES-PC', 'INTEL_DEV_REDIST': 'C:\\Program Files (x86)\\Common Files\\Intel\\Shared Libraries\\', 'PSMODULEPATH': 'C:\\Program Files\\WindowsPowerShell\\Modules;C:\\WINDOWS\\system32\\WindowsPowerShell\\v1.0\\Modules', 'COMMONPROGRAMFILES': 'C:\\Program Files\\Common Files', 'PROCESSOR_IDENTIFIER': 'Intel64 Family 6 Model 158 Stepping 10, GenuineIntel', 'VBOX_MSI_INSTALL_PATH': 'C:\\Program Files\\Oracle\\VirtualBox\\', 'PROGRAMFILES': 'C:\\Program Files', 'PROCESSOR_REVISION': '9e0a', 'PATH': 'C:\\Panda3D-1.11.0-x64\\panda3d\\..\\bin;C:\\Program Files (x86)\\Razer\\ChromaBroadcast\\bin;C:\\Program Files\\Razer\\ChromaBroadcast\\bin;C:\\Program Files (x86)\\Common Files\\Intel\\Shared Libraries\\redist\\intel64_win\\compiler;C:\\Program Files (x86)\\Common Files\\Oracle\\Java\\javapath;C:\\Program Files (x86)\\Common Files\\Intel\\Shared Libraries\\redist\\intel64\\compiler;C:\\WINDOWS\\system32;C:\\WINDOWS;C:\\WINDOWS\\System32\\Wbem;C:\\WINDOWS\\System32\\WindowsPowerShell\\v1.0\\;C:\\WINDOWS\\System32\\OpenSSH\\;C:\\Program Files\\NVIDIA Corporation\\NVIDIA NGX;C:\\Program Files (x86)\\NVIDIA Corporation\\PhysX\\Common;C:\\Program Files\\NVIDIA Corporation\\NVIDIA NvDLISR;C:\\WINDOWS\\system32;C:\\WINDOWS;C:\\WINDOWS\\System32\\Wbem;C:\\WINDOWS\\System32\\WindowsPowerShell\\v1.0\\;C:\\WINDOWS\\System32\\OpenSSH\\;D:\\hollybae\\ffmpeg-4.1.3-win64-static\\ffmpeg-4.1.3-win64-static\\bin;C:\\Program Files\\dotnet\\;C:\\WINDOWS\\system32\\config\\systemprofile\\AppData\\Local\\Microsoft\\WindowsApps;C:\\Program Files (x86)\\QuickTime\\QTSystem\\;C:\\Users\\holla\\AppData\\Local\\Microsoft\\WindowsApps;C:\\Panda3D-1.10.4.1-x64\\python;C:\\Panda3D-1.10.4.1-x64\\python\\Scripts;C:\\Panda3D-1.10.4.1-x64\\bin;C:\\Panda3D-1.11.0-x64\\python;C:\\Panda3D-1.11.0-x64\\python\\Scripts;C:\\Panda3D-1.11.0-x64\\bin', 'SYSTEMROOT': 'C:\\WINDOWS', 'MIC_LD_LIBRARY_PATH': 'C:\\Program Files (x86)\\Common Files\\Intel\\Shared Libraries\\compiler\\lib\\intel64_win_mic', 'COMSPEC': 'C:\\WINDOWS\\system32\\cmd.exe', 'DRIVERDATA': 'C:\\Windows\\System32\\Drivers\\DriverData', 'PPYTHON_PATH': '"C:\\Panda3D-1.11.0-x64\\python\\ppython.exe"', 'TEMP': 'C:\\Users\\holla\\AppData\\Local\\Temp', 'COMMONPROGRAMFILES(X86)': 'C:\\Program Files (x86)\\Common Files', 'PROCESSOR_ARCHITECTURE': 'AMD64', 'PROGRAMFILES(X86)': 'C:\\Program Files (x86)', 'ALLUSERSPROFILE': 'C:\\ProgramData', 'LOCALAPPDATA': 'C:\\Users\\holla\\AppData\\Local', 'FPS_BROWSER_USER_PROFILE_STRING': 'Default', 'HOMEPATH': '\\Users\\holla', 'USERDOMAIN_ROAMINGPROFILE': 'HOLLYBAES-PC', 'PROGRAMW6432': 'C:\\Program Files', 'USERNAME': 'holla', 'LOGONSERVER': '\\\\HOLLYBAES-PC', 'PROMPT': '$P$G', 'SESSIONNAME': 'Console', 'PROGRAMDATA': 'C:\\ProgramData', 'ONEDRIVE': 'C:\\Users\\holla\\OneDrive - University of Guelph', 'FPS_BROWSER_APP_PROFILE_STRING': 'Internet Explorer', 'PATHEXT': '.COM;.EXE;.BAT;.CMD;.VBS;.VBE;.JS;.JSE;.WSF;.WSH;.MSC', 'TTOFF_LOGIN_TOKEN': 'dev', 'ONEDRIVECOMMERCIAL': 'C:\\Users\\holla\\OneDrive - University of Guelph', 'WINDIR': 'C:\\WINDOWS', 'APPDATA': 'C:\\Users\\holla\\AppData\\Roaming', 'HOMEDRIVE': 'C:', 'SYSTEMDRIVE': 'C:', 'NUMBER_OF_PROCESSORS': '12', 'PROCESSOR_LEVEL': '6', 'RG_GPU_FRAMEWORK_ENGINE_RESOURCEDIR': 'C:\\Program Files\\Red Giant\\RGFX', 'COMMONPROGRAMW6432': 'C:\\Program Files\\Common Files', 'OS': 'Windows_NT', 'PUBLIC': 'C:\\Users\\Public', 'USERPROFILE': 'C:\\Users\\holla'}
:03-07-2020 15:42:57 TTOffLauncher: isTestServer: 0
:03-07-2020 15:42:57 TTOffLauncher: Game Server 127.0.0.1
:03-07-2020 15:42:57 TTOffLauncher: Starting Toontown Online... 
:03-07-2020 15:42:57 TTOffLauncher: foreground: Launcher now operating in foreground
useTTOffSpecificLogin=True
:03-07-2020 15:42:57 TTOffLauncher: maybeStartGame: starting game
:03-07-2020 15:42:57 TTOffLauncher: Starting Toontown Online...
:03-07-2020 15:42:57 TTOffLauncher: background: Launcher now operating in background
ToontownStart: Polling for game2 to finish...
ToontownStart: Game2 is finished.
ToontownStart: Starting the game.
ToontownStart: setting default font
:03-07-2020 15:42:57 TTOffLauncher: setting panda error code to 7
Known pipe types:
  wglGraphicsPipe
(all display modules loaded.)
:03-07-2020 15:42:57 ToonBase: Default graphics pipe is wglGraphicsPipe (OpenGL).
:03-07-2020 15:42:58 ToonBase: Successfully opened window of type wglGraphicsWindow (OpenGL)
:03-07-2020 15:42:58 ShowBase: __dev__ == False
:03-07-2020 15:42:58 TTOffLauncher: setting panda error code to 11
:03-07-2020 15:42:58 TTOffLauncher: setting panda error code to 0
ToontownStart: Loading default gui sounds
ToontownStart: serverVersion:  tto-dev
:03-07-2020 15:42:58 Loader: starting bulk load of block 'init'
:03-07-2020 15:43:06 :nativenet(error): Buffered_DatagramConnection Constructor rbufsize = 4096000 wbufsize = 4096000 write_flush_point = 1400
:03-07-2020 15:43:06 OTPClientRepository: Using connect method 'http'
:03-07-2020 15:43:11 TTOffLauncher: getRegistry ('DEPLOYMENT', None)
:03-07-2020 15:43:11 TTOffLauncher: checking env
:03-07-2020 15:43:11 TTOffLauncher: getRegistry ('GAME_DEPLOYMENT', None)
:03-07-2020 15:43:11 TTOffLauncher: checking env
:03-07-2020 15:43:11 OTPClientRepository: reg_deployment=
:03-07-2020 15:43:11 OTPClientRepository: required-login auto.
:03-07-2020 15:43:11 OTPClientRepository: loginInterface: LoginTTOffAccount
:03-07-2020 15:43:11 TTOffLauncher: getNeedPwForSecretKey using ttoff-specific-login
:03-07-2020 15:43:11 Loader: At end of block 'init', expected 138, loaded 14, duration=13.1607692
:03-07-2020 15:43:11 OTPClientRepository: Connecting to gameserver directly (no proxy).
:03-07-2020 15:43:11 OTPClientRepository: Connecting to //127.0.0.1:7198 via HTTP interface.
:03-07-2020 15:43:11 TTOffLauncher: Stopping mini task manager.
:03-07-2020 15:43:11 OTPClientRepository: Successfully connected to //127.0.0.1:7198.
:03-07-2020 15:43:11 TTOffLauncher: Setting Disconnect Details normal
{401000001: <toontown.distributed.ToontownDistrict.ToontownDistrict instance at 0x000000001CD3E788>}
:03-07-2020 15:43:13 StateData: AvatarChooser.enter
:03-07-2020 15:43:13 DisplayOptions: settingsFullScreen = False, embedded = False width=800 height=600
:03-07-2020 15:43:13 StateData: calling self.displayOptions.restrictToEmbedded(False)
:03-07-2020 15:43:15 OTPClientRepository: ================
:03-07-2020 15:43:15 OTPClientRepository: Chose avatar id: 100000014
:03-07-2020 15:43:15 OTPClientRepository: Chose avatar name: Hollybae
:03-07-2020 15:43:15 OTPClientRepository: Chose avatar dna: ('css', 'ms', 'm', 'm', 16, 0, 16, 16, 113, 27, 18, 27, 7, 21)
:03-07-2020 15:43:15 OTPClientRepository: Chose avatar position: 5
:03-07-2020 15:43:15 OTPClientRepository: isPaid: 1
:03-07-2020 15:43:15 OTPClientRepository: freeTimeLeft: 0
:03-07-2020 15:43:15 OTPClientRepository: allowSecretChat: True
:03-07-2020 15:43:15 OTPClientRepository: ================
:03-07-2020 15:43:15 Loader: starting bulk load of block 'localAvatarPlayGame'
:03-07-2020 15:43:16 ToontownTimeManager(warning): error parsing date string=
local
:03-07-2020 15:43:17 NewsPageButtonManager(warning): Should not get here. NewsPageButtonManager.exitOff
:03-07-2020 15:43:17 :pnmimage:png(warning): iCCP: known incorrect sRGB profile
:03-07-2020 15:43:20 OTPClientRepository: Entering shard 401000001
:03-07-2020 15:43:20 StreetSign: Street sign url is https://ttoffline.com/images/
:03-07-2020 15:43:22 StreetSign: Street Sign is up to date
:03-07-2020 15:43:22 OTPClientRepository: Sending heartbeat mid-frame.
:03-07-2020 15:43:22 TimeManager: Clock sync: TimeManager.announceGenerate
:03-07-2020 15:43:22 NewsManager: setHolidayId: Starting Holiday 19
:03-07-2020 15:43:22 InGameNewsMgr: latestIssue=2013-08-22 16:49:46.000003-07:00
cpu info: GenuineIntel|Intel(R) Core(TM) i7-8700K CPU @ 3.70GHz|591594|0|3.701,3.701|6,12 cpus
:03-07-2020 15:43:24 OTPClientRepository: No sync from TimeManager.
:03-07-2020 15:43:24 OTPClientRepository: gotTimeSync
:03-07-2020 15:43:24 Loader: At end of block 'localAvatarPlayGame', expected 400, loaded 24, duration=8.3839697
:03-07-2020 15:43:24 TimeManager: Clock sync roundtrip took 2199.823 ms
:03-07-2020 15:43:24 TimeManager: AI time delta is -0:02 from server delta
:03-07-2020 15:43:24 TimeManager: Local clock uncertainty +/- 1.100 s
:03-07-2020 15:43:24 TimeManager: Uncertainty is too high, trying again.
:03-07-2020 15:43:24 PlayGame: QA-REGRESSION: NEIGHBORHOODS: Visit Lawbot HQ
:03-07-2020 15:43:24 Loader: starting bulk load of block 'hood'
:03-07-2020 15:43:26 LawbotCogHQLoader: loadPlaceGeom: 13000
:03-07-2020 15:43:27 TimeManager: Clock sync roundtrip took 3330.612 ms
:03-07-2020 15:43:27 TimeManager: AI time delta is -0:03 from server delta
:03-07-2020 15:43:27 ClockDelta: previous delta at 0.646 s, +/- 1.101 s.
:03-07-2020 15:43:27 ClockDelta: new delta at 1.164 s, +/- 1.665 s.
:03-07-2020 15:43:27 ClockDelta: intersection at 0.646 s, +/- 1.101 s.
:03-07-2020 15:43:27 TimeManager: Local clock uncertainty +/- 1.102 s
:03-07-2020 15:43:27 TimeManager: Uncertainty is too high, trying again.
:03-07-2020 15:43:27 DistributedObject: DistributedSuitPlanner 401002972: generating
:03-07-2020 15:43:27 DistributedToon: calling LocalAvatar.startchat
:03-07-2020 15:43:27 :loader(error): Couldn't load file phase_4/models/questmap/cog_hq_lawbot_maps.bam: not found on model path (currently: "/;/d/hollybae/Aly/Toontown-School-House/toontown/launcher;/c/Panda3D-1.11.0-x64/etc/..;/c/Panda3D-1.11.0-x64/etc/../models")
:03-07-2020 15:43:27 Loader: At end of block 'hood', expected 2, loaded 17, duration=3.5378415
:03-07-2020 15:43:27 TimeManager: Clock sync roundtrip took 206.042 ms
:03-07-2020 15:43:27 TimeManager: AI time delta is -0:00 from server delta
:03-07-2020 15:43:27 ClockDelta: previous delta at 0.646 s, +/- 1.102 s.
:03-07-2020 15:43:27 ClockDelta: new delta at -0.376 s, +/- 0.103 s.
:03-07-2020 15:43:27 ClockDelta: intersection at -0.364 s, +/- 0.091 s.
:03-07-2020 15:43:27 TimeManager: Local clock uncertainty +/- 0.091 s
:03-07-2020 15:43:29 Teleport(debug): teleportInDone: walk
:03-07-2020 15:43:29 :loader(error): Couldn't load file phase_4/models/questmap/cog_hq_lawbot_maps.bam: not found on model path (currently: "/;/d/hollybae/Aly/Toontown-School-House/toontown/launcher;/c/Panda3D-1.11.0-x64/etc/..;/c/Panda3D-1.11.0-x64/etc/../models")
:03-07-2020 15:43:35 TTOffMagicWordManager: Run mode has been toggled.
:03-07-2020 15:43:41 LawbotCogHQLoader: loadPlaceGeom: 13100
:03-07-2020 15:43:41 LawbotCogHQLoader: QA-REGRESSION: COGHQ: Visit LawbotLobby
:03-07-2020 15:43:41 LawbotHQExterior: Unloading Place (13000). Fsm in final
:03-07-2020 15:43:41 DistributedObject: DistributedSuitPlanner 401002972: disabling
:03-07-2020 15:43:41 DistributedToon: calling LocalAvatar.startchat
:03-07-2020 15:43:41 :loader(error): Couldn't load file phase_4/models/questmap/cog_hq_lawbot_maps.bam: not found on model path (currently: "/;/d/hollybae/Aly/Toontown-School-House/toontown/launcher;/c/Panda3D-1.11.0-x64/etc/..;/c/Panda3D-1.11.0-x64/etc/../models")
:03-07-2020 15:43:42 :loader(error): Couldn't load file phase_4/models/questmap/cog_hq_lawbot_maps.bam: not found on model path (currently: "/;/d/hollybae/Aly/Toontown-School-House/toontown/launcher;/c/Panda3D-1.11.0-x64/etc/..;/c/Panda3D-1.11.0-x64/etc/../models")
:03-07-2020 15:43:48 TTOffMagicWordManager: Run mode has been toggled.
:03-07-2020 15:43:50 TTOffMagicWordManager: Alakazam!
:03-07-2020 15:43:52 TTOffMagicWordManager: Gave Hollybae an infinite amount of pies
:03-07-2020 15:43:56 LawbotCogHQLoader: loadPlaceGeom: 61000
:03-07-2020 15:43:56 LawbotCogHQLoader(warning): loadPlaceGeom: unclassified zone 61000
:03-07-2020 15:43:56 CogHQLobby: Unloading Place (13100). Fsm in final
:03-07-2020 15:43:57 DistributedLawbotBoss(warning): Not a collision node: LawbotCourtroom3.egg/-PandaNode/CR3/interior/CR3_Floor
:03-07-2020 15:43:57 DistributedToon: calling LocalAvatar.startchat
:03-07-2020 15:43:57 LawbotHQBossBattle(warning): fsm.request('movie') returned 0 (zone id 61000, avatar pos LPoint3f(-0.363562, -126.204, 0.193903)).
:03-07-2020 15:44:01 TTOffMagicWordManager: Restarting Scale Round
:03-07-2020 15:44:33 LawbotHQBossBattle(warning): fsm.request('finalBattle') returned 0 (zone id 61000, avatar pos LPoint3f(-37.1694, 22.5962, 0)).
:03-07-2020 15:44:33 TTOffMagicWordManager: Restarting Scale Round
:03-07-2020 15:44:45 TTOffMagicWordManager: Hollybae's laff has been set to 117.
:03-07-2020 15:44:54 :linmath(warning): Tried to invert singular LMatrix3.
:03-07-2020 15:47:43 TTOffMagicWordManager: Hollybae's laff has been set to 117.
:03-07-2020 15:48:00 GarbageCollect(warning): garbage found, reverting gc threshold
frame rate: 258.1 fps|0.001d|12 avs||322|324||0x0000|0x0000|999.7MB|1173.2MB|16235.6MB|585|nt.2.6.2|3.701,3.701|6,12 cpus|OpenGL
:03-07-2020 15:52:30 :linmath(warning): Tried to invert singular LMatrix3.
frame rate: 234.2 fps|0.001d|12 avs||622|624||0x0000|0x0000|1370.3MB|1544.7MB|16235.6MB|723|nt.2.6.2|3.701,3.701|6,12 cpus|OpenGL
:03-07-2020 15:57:57 TTOffMagicWordManager: Hollybae's laff has been set to 117.
frame rate: 231.8 fps|0.001d|12 avs||922|924||0x0000|0x0000|1762.3MB|1937.3MB|16235.6MB|848|nt.2.6.2|3.701,3.701|6,12 cpus|OpenGL
:03-07-2020 16:00:30 TTOffMagicWordManager: Hollybae's laff has been set to 117.
frame rate: 226.9 fps|0.001d|12 avs||1222|1224||0x0000|0x0000|2161.8MB|2337.9MB|16235.6MB|1000|nt.2.6.2|3.701,3.701|6,12 cpus|OpenGL
frame rate: 222.9 fps|0.001d|12 avs||1522|1524||0x0000|0x0000|2606.4MB|2783.2MB|16235.6MB|1138|nt.2.6.2|3.701,3.701|6,12 cpus|OpenGL
:03-07-2020 16:09:05 TTOffMagicWordManager: Hollybae's laff has been set to 117.
:03-07-2020 16:09:51 OTPClientRepository: Sending heartbeat mid-frame.
:03-07-2020 16:09:59 TTOffMagicWordManager: Hollybae's laff has been set to 117.
:03-07-2020 16:10:21 TTOffMagicWordManager: Hollybae's laff has been set to 117.
:03-07-2020 16:10:40 TTOffMagicWordManager: Hollybae's laff has been set to 117.
adding timeout task
adding timeout task
:03-07-2020 16:13:20 TimeManager: Clock sync: timer
:03-07-2020 16:13:20 TimeManager: Clock sync roundtrip took 7.779 ms
:03-07-2020 16:13:20 TimeManager: AI time delta is -0:00 from server delta
:03-07-2020 16:13:20 ClockDelta: previous delta at -0.364 s, +/- 0.589 s.
:03-07-2020 16:13:20 ClockDelta: new delta at -0.447 s, +/- 0.004 s.
:03-07-2020 16:13:20 ClockDelta: intersection at -0.447 s, +/- 0.004 s.
:03-07-2020 16:13:20 TimeManager: Local clock uncertainty +/- 0.004 s
frame rate: 284.6 fps|0.001d|12 avs||1822|1824||0x0000|0x0000|3008.6MB|3210.3MB|16235.6MB|1835|nt.2.6.2|3.701,3.701|6,12 cpus|OpenGL
adding timeout task
adding timeout task
frame rate: 267.4 fps|0.001d|12 avs||2122|2124||0x0000|0x0000|3096.7MB|3517.6MB|16235.6MB|1939|nt.2.6.2|3.701,3.701|6,12 cpus|OpenGL
adding timeout task
adding timeout task
frame rate: 264.8 fps|0.000d|12 avs||2422|2424||0x0000|0x0000|3167.3MB|3841.5MB|16235.6MB|2046|nt.2.6.2|3.701,3.701|6,12 cpus|OpenGL
frame rate: 263.5 fps|0.001d|12 avs||2722|2724||0x0000|0x0000|3489.6MB|4173.0MB|16235.6MB|2154|nt.2.6.2|3.701,3.701|6,12 cpus|OpenGL
