

Starting Toontown Online...
Current time: Fri Jun 26 02:34:26 2020 Eastern Standard Time
sys.path =  ['', 'C:\\Panda3D-1.11.0-x64\\python\\python27.zip', 'C:\\Panda3D-1.11.0-x64', 'C:\\Panda3D-1.11.0-x64\\python\\DLLs', 'C:\\Panda3D-1.11.0-x64\\python\\lib', 'C:\\Panda3D-1.11.0-x64\\python\\lib\\plat-win', 'C:\\Panda3D-1.11.0-x64\\python\\lib\\lib-tk', 'C:\\Panda3D-1.11.0-x64\\python', 'C:\\Panda3D-1.11.0-x64\\bin', 'C:\\Panda3D-1.11.0-x64\\python\\lib\\site-packages']
sys.argv =  ['D:\\hollybae\\Aly\\Toontown-School-House\\toontown\\launcher\\TTOffQuickStartLauncher.py']
generating standard configrc
os.environ =  {'TMP': 'C:\\Users\\holla\\AppData\\Local\\Temp', 'COMPUTERNAME': 'HOLLYBAES-PC', 'USERDOMAIN': 'HOLLYBAES-PC', 'INTEL_DEV_REDIST': 'C:\\Program Files (x86)\\Common Files\\Intel\\Shared Libraries\\', 'PSMODULEPATH': 'C:\\Program Files\\WindowsPowerShell\\Modules;C:\\WINDOWS\\system32\\WindowsPowerShell\\v1.0\\Modules', 'COMMONPROGRAMFILES': 'C:\\Program Files\\Common Files', 'PROCESSOR_IDENTIFIER': 'Intel64 Family 6 Model 158 Stepping 10, GenuineIntel', 'VBOX_MSI_INSTALL_PATH': 'C:\\Program Files\\Oracle\\VirtualBox\\', 'PROGRAMFILES': 'C:\\Program Files', 'PROCESSOR_REVISION': '9e0a', 'PATH': 'C:\\Panda3D-1.11.0-x64\\panda3d\\..\\bin;C:\\Program Files (x86)\\Razer Chroma SDK\\bin;C:\\Program Files\\Razer Chroma SDK\\bin;C:\\Program Files (x86)\\Razer\\ChromaBroadcast\\bin;C:\\Program Files\\Razer\\ChromaBroadcast\\bin;C:\\Program Files (x86)\\Common Files\\Intel\\Shared Libraries\\redist\\intel64_win\\compiler;C:\\Program Files (x86)\\Common Files\\Oracle\\Java\\javapath;C:\\Program Files (x86)\\Common Files\\Intel\\Shared Libraries\\redist\\intel64\\compiler;C:\\WINDOWS\\system32;C:\\WINDOWS;C:\\WINDOWS\\System32\\Wbem;C:\\WINDOWS\\System32\\WindowsPowerShell\\v1.0\\;C:\\WINDOWS\\System32\\OpenSSH\\;C:\\Program Files (x86)\\NVIDIA Corporation\\PhysX\\Common;C:\\Program Files\\NVIDIA Corporation\\NVIDIA NvDLISR;C:\\WINDOWS\\system32;C:\\WINDOWS;C:\\WINDOWS\\System32\\Wbem;C:\\WINDOWS\\System32\\WindowsPowerShell\\v1.0\\;C:\\WINDOWS\\System32\\OpenSSH\\;D:\\hollybae\\ffmpeg-4.1.3-win64-static\\ffmpeg-4.1.3-win64-static\\bin;C:\\Program Files\\dotnet\\;C:\\WINDOWS\\system32\\config\\systemprofile\\AppData\\Local\\Microsoft\\WindowsApps;C:\\Users\\holla\\AppData\\Local\\Microsoft\\WindowsApps;C:\\Panda3D-1.10.4.1-x64\\python;C:\\Panda3D-1.10.4.1-x64\\python\\Scripts;C:\\Panda3D-1.10.4.1-x64\\bin;C:\\Panda3D-1.11.0-x64\\python;C:\\Panda3D-1.11.0-x64\\python\\Scripts;C:\\Panda3D-1.11.0-x64\\bin', 'SYSTEMROOT': 'C:\\WINDOWS', 'MIC_LD_LIBRARY_PATH': 'C:\\Program Files (x86)\\Common Files\\Intel\\Shared Libraries\\compiler\\lib\\intel64_win_mic', 'COMSPEC': 'C:\\WINDOWS\\system32\\cmd.exe', 'DRIVERDATA': 'C:\\Windows\\System32\\Drivers\\DriverData', 'PPYTHON_PATH': '"C:\\Panda3D-1.11.0-x64\\python\\ppython.exe"', 'TEMP': 'C:\\Users\\holla\\AppData\\Local\\Temp', 'COMMONPROGRAMFILES(X86)': 'C:\\Program Files (x86)\\Common Files', 'PROCESSOR_ARCHITECTURE': 'AMD64', 'PROGRAMFILES(X86)': 'C:\\Program Files (x86)', 'ALLUSERSPROFILE': 'C:\\ProgramData', 'LOCALAPPDATA': 'C:\\Users\\holla\\AppData\\Local', 'FPS_BROWSER_USER_PROFILE_STRING': 'Default', 'HOMEPATH': '\\Users\\holla', 'USERDOMAIN_ROAMINGPROFILE': 'HOLLYBAES-PC', 'PROGRAMW6432': 'C:\\Program Files', 'USERNAME': 'holla', 'LOGONSERVER': '\\\\HOLLYBAES-PC', 'PROMPT': '$P$G', 'SESSIONNAME': 'Console', 'PROGRAMDATA': 'C:\\ProgramData', 'ONEDRIVE': 'C:\\Users\\holla\\OneDrive - University of Guelph', 'FPS_BROWSER_APP_PROFILE_STRING': 'Internet Explorer', 'PATHEXT': '.COM;.EXE;.BAT;.CMD;.VBS;.VBE;.JS;.JSE;.WSF;.WSH;.MSC', 'TTOFF_LOGIN_TOKEN': 'dev', 'ONEDRIVECOMMERCIAL': 'C:\\Users\\holla\\OneDrive - University of Guelph', 'WINDIR': 'C:\\WINDOWS', 'APPDATA': 'C:\\Users\\holla\\AppData\\Roaming', 'HOMEDRIVE': 'C:', 'SYSTEMDRIVE': 'C:', 'NUMBER_OF_PROCESSORS': '12', 'PROCESSOR_LEVEL': '6', 'RG_GPU_FRAMEWORK_ENGINE_RESOURCEDIR': 'C:\\Program Files\\Red Giant\\RGFX', 'COMMONPROGRAMW6432': 'C:\\Program Files\\Common Files', 'OS': 'Windows_NT', 'PUBLIC': 'C:\\Users\\Public', 'USERPROFILE': 'C:\\Users\\holla'}
:06-26-2020 02:34:26 TTOffLauncher: isTestServer: 0
:06-26-2020 02:34:26 TTOffLauncher: Game Server 127.0.0.1
:06-26-2020 02:34:26 TTOffLauncher: Starting Toontown Online... 
:06-26-2020 02:34:26 TTOffLauncher: foreground: Launcher now operating in foreground
useTTOffSpecificLogin=True
:06-26-2020 02:34:26 TTOffLauncher: maybeStartGame: starting game
:06-26-2020 02:34:26 TTOffLauncher: Starting Toontown Online...
:06-26-2020 02:34:26 TTOffLauncher: background: Launcher now operating in background
ToontownStart: Polling for game2 to finish...
ToontownStart: Game2 is finished.
ToontownStart: Starting the game.
ToontownStart: setting default font
:06-26-2020 02:34:26 TTOffLauncher: setting panda error code to 7
Known pipe types:
  wglGraphicsPipe
(all display modules loaded.)
:06-26-2020 02:34:27 ToonBase: Default graphics pipe is wglGraphicsPipe (OpenGL).
:06-26-2020 02:34:27 ToonBase: Successfully opened window of type wglGraphicsWindow (OpenGL)
:06-26-2020 02:34:27 ShowBase: __dev__ == False
:06-26-2020 02:34:27 TTOffLauncher: setting panda error code to 11
:06-26-2020 02:34:27 TTOffLauncher: setting panda error code to 0
ToontownStart: Loading default gui sounds
ToontownStart: serverVersion:  tto-dev
:06-26-2020 02:34:27 Loader: starting bulk load of block 'init'
:06-26-2020 02:34:34 :nativenet(error): Buffered_DatagramConnection Constructor rbufsize = 4096000 wbufsize = 4096000 write_flush_point = 1400
:06-26-2020 02:34:34 OTPClientRepository: Using connect method 'http'
:06-26-2020 02:34:39 TTOffLauncher: getRegistry ('DEPLOYMENT', None)
:06-26-2020 02:34:39 TTOffLauncher: checking env
:06-26-2020 02:34:39 TTOffLauncher: getRegistry ('GAME_DEPLOYMENT', None)
:06-26-2020 02:34:39 TTOffLauncher: checking env
:06-26-2020 02:34:39 OTPClientRepository: reg_deployment=
:06-26-2020 02:34:39 OTPClientRepository: required-login auto.
:06-26-2020 02:34:39 OTPClientRepository: loginInterface: LoginTTOffAccount
:06-26-2020 02:34:39 TTOffLauncher: getNeedPwForSecretKey using ttoff-specific-login
:06-26-2020 02:34:39 Loader: At end of block 'init', expected 138, loaded 12, duration=11.3128998
:06-26-2020 02:34:39 OTPClientRepository: Connecting to gameserver directly (no proxy).
:06-26-2020 02:34:39 OTPClientRepository: Connecting to //127.0.0.1:7198 via HTTP interface.
:06-26-2020 02:34:39 TTOffLauncher: Stopping mini task manager.
:06-26-2020 02:34:39 OTPClientRepository: Successfully connected to //127.0.0.1:7198.
:06-26-2020 02:34:39 TTOffLauncher: Setting Disconnect Details normal
{401000001: <toontown.distributed.ToontownDistrict.ToontownDistrict instance at 0x0000000020051788>}
:06-26-2020 02:34:40 StateData: AvatarChooser.enter
:06-26-2020 02:34:40 DisplayOptions: settingsFullScreen = False, embedded = False width=800 height=600
:06-26-2020 02:34:40 StateData: calling self.displayOptions.restrictToEmbedded(False)
:06-26-2020 02:34:45 OTPClientRepository: ================
:06-26-2020 02:34:45 OTPClientRepository: Chose avatar id: 100000014
:06-26-2020 02:34:45 OTPClientRepository: Chose avatar name: Holland
:06-26-2020 02:34:45 OTPClientRepository: Chose avatar dna: ('css', 'ms', 'm', 'm', 16, 0, 16, 16, 113, 27, 99, 27, 7, 21)
:06-26-2020 02:34:45 OTPClientRepository: Chose avatar position: 5
:06-26-2020 02:34:45 OTPClientRepository: isPaid: 1
:06-26-2020 02:34:45 OTPClientRepository: freeTimeLeft: 0
:06-26-2020 02:34:45 OTPClientRepository: allowSecretChat: True
:06-26-2020 02:34:45 OTPClientRepository: ================
:06-26-2020 02:34:45 Loader: starting bulk load of block 'localAvatarPlayGame'
:06-26-2020 02:34:46 ToontownTimeManager(warning): error parsing date string=
local
:06-26-2020 02:34:47 NewsPageButtonManager(warning): Should not get here. NewsPageButtonManager.exitOff
:06-26-2020 02:34:47 :pnmimage:png(warning): iCCP: known incorrect sRGB profile
:06-26-2020 02:34:49 OTPClientRepository: Sending heartbeat mid-frame.
:06-26-2020 02:34:50 OTPClientRepository: Entering shard 401000001
:06-26-2020 02:34:50 StreetSign: Street sign url is https://ttoffline.com/images/
:06-26-2020 02:34:51 StreetSign: Street Sign is up to date
:06-26-2020 02:34:51 TimeManager: Clock sync: TimeManager.announceGenerate
:06-26-2020 02:34:51 InGameNewsMgr: latestIssue=2013-08-22 16:49:46.000003-07:00
cpu info: GenuineIntel|Intel(R) Core(TM) i7-8700K CPU @ 3.70GHz|591594|0|3.701,3.701|6,12 cpus
:06-26-2020 02:34:52 OTPClientRepository: No sync from TimeManager.
:06-26-2020 02:34:52 OTPClientRepository: gotTimeSync
:06-26-2020 02:34:52 Loader: At end of block 'localAvatarPlayGame', expected 400, loaded 21, duration=6.7082406
:06-26-2020 02:34:52 TimeManager: Clock sync roundtrip took 1110.712 ms
:06-26-2020 02:34:52 TimeManager: AI time delta is -0:01 from server delta
:06-26-2020 02:34:52 TimeManager: Local clock uncertainty +/- 0.556 s
:06-26-2020 02:34:52 PlayGame: QA-REGRESSION: NEIGHBORHOODS: Visit Lawbot HQ
:06-26-2020 02:34:52 Loader: starting bulk load of block 'hood'
:06-26-2020 02:34:54 LawbotCogHQLoader: loadPlaceGeom: 13000
:06-26-2020 02:34:55 DistributedObject: DistributedSuitPlanner 401002972: generating
:06-26-2020 02:34:55 DistributedToon: calling LocalAvatar.startchat
:06-26-2020 02:34:55 :loader(error): Couldn't load file phase_4/models/questmap/cog_hq_lawbot_maps.bam: not found on model path (currently: "/;/d/hollybae/Aly/Toontown-School-House/toontown/launcher;/c/Panda3D-1.11.0-x64/etc/..;/c/Panda3D-1.11.0-x64/etc/../models")
:06-26-2020 02:34:55 Loader: At end of block 'hood', expected 2, loaded 14, duration=3.009339
:06-26-2020 02:34:56 Teleport(debug): teleportInDone: walk
:06-26-2020 02:34:57 :loader(error): Couldn't load file phase_4/models/questmap/cog_hq_lawbot_maps.bam: not found on model path (currently: "/;/d/hollybae/Aly/Toontown-School-House/toontown/launcher;/c/Panda3D-1.11.0-x64/etc/..;/c/Panda3D-1.11.0-x64/etc/../models")
:06-26-2020 02:35:02 TTOffMagicWordManager: God mode enabled for Holland!
local
:06-26-2020 02:35:07 LawbotCogHQLoader: loadPlaceGeom: 13100
:06-26-2020 02:35:07 LawbotCogHQLoader: QA-REGRESSION: COGHQ: Visit LawbotLobby
:06-26-2020 02:35:07 LawbotHQExterior: Unloading Place (13000). Fsm in final
:06-26-2020 02:35:07 DistributedObject: DistributedSuitPlanner 401002972: disabling
:06-26-2020 02:35:07 DistributedToon: calling LocalAvatar.startchat
:06-26-2020 02:35:07 :loader(error): Couldn't load file phase_4/models/questmap/cog_hq_lawbot_maps.bam: not found on model path (currently: "/;/d/hollybae/Aly/Toontown-School-House/toontown/launcher;/c/Panda3D-1.11.0-x64/etc/..;/c/Panda3D-1.11.0-x64/etc/../models")
:06-26-2020 02:35:09 :loader(error): Couldn't load file phase_4/models/questmap/cog_hq_lawbot_maps.bam: not found on model path (currently: "/;/d/hollybae/Aly/Toontown-School-House/toontown/launcher;/c/Panda3D-1.11.0-x64/etc/..;/c/Panda3D-1.11.0-x64/etc/../models")
:06-26-2020 02:35:20 TTOffMagicWordManager: Uh-oh! This Magic Word doesn't exist!
:06-26-2020 02:35:21 LawbotCogHQLoader: loadPlaceGeom: 61000
:06-26-2020 02:35:21 LawbotCogHQLoader(warning): loadPlaceGeom: unclassified zone 61000
:06-26-2020 02:35:21 CogHQLobby: Unloading Place (13100). Fsm in final
:06-26-2020 02:35:21 DistributedLawbotBoss(warning): Not a collision node: LawbotCourtroom3.egg/-PandaNode/CR3/interior/CR3_Floor
:06-26-2020 02:35:22 DistributedToon: calling LocalAvatar.startchat
:06-26-2020 02:35:22 LawbotHQBossBattle(warning): fsm.request('movie') returned 0 (zone id 61000, avatar pos LPoint3f(-0.363562, -126.204, 0.193903)).
:06-26-2020 02:35:23 TTOffMagicWordManager: Run mode has been toggled.
:06-26-2020 02:35:24 TTOffMagicWordManager: Restarting Scale Round
:06-26-2020 02:35:29 OTPClientRepository: Sending heartbeat mid-frame.
:06-26-2020 02:35:35 LawbotHQBossBattle(warning): fsm.request('finalBattle') returned 0 (zone id 61000, avatar pos LPoint3f(-12.731, 16.1616, -0.000311413)).
:06-26-2020 02:35:35 TTOffMagicWordManager: Restarting Scale Round
:06-26-2020 02:35:37 TTOffMagicWordManager: Gave Holland an infinite amount of pies
:06-26-2020 02:35:40 LawbotHQBossBattle(warning): fsm.request('finalBattle') returned 0 (zone id 61000, avatar pos LPoint3f(-4.54748, 0.729043, 0)).
:06-26-2020 02:35:40 TTOffMagicWordManager: Restarting Scale Round
:06-26-2020 02:36:31 TTOffMagicWordManager: Alakazam!
:06-26-2020 02:36:37 TTOffMagicWordManager: Ta-da!
:06-26-2020 02:38:50 TTOffMagicWordManager: Presto!
:06-26-2020 02:39:28 GarbageCollect(warning): garbage found, reverting gc threshold
:06-26-2020 02:39:38 TTOffMagicWordManager: Ta-da!
:06-26-2020 02:39:49 TTOffMagicWordManager: Presto!
frame rate: 143.6 fps|0.002d|12 avs||322|323||0x0000|0x0000|837.6MB|1001.4MB|16235.6MB|513|nt.2.6.2|3.701,3.701|6,12 cpus|OpenGL
:06-26-2020 02:39:58 TTOffMagicWordManager: Voila!
:06-26-2020 02:40:13 TTOffMagicWordManager: Presto!
:06-26-2020 02:41:07 TTOffMagicWordManager: Presto!
:06-26-2020 02:41:21 TTOffMagicWordManager: Abracadabra!
:06-26-2020 02:42:08 TTOffMagicWordManager: Presto!
