

Starting Toontown Online...
Current time: Tue Dec 10 01:52:11 2019 Eastern Standard Time
sys.path =  ['', 'C:\\Panda3D-1.11.0-x64\\python\\python27.zip', 'C:\\Panda3D-1.11.0-x64', 'C:\\Panda3D-1.11.0-x64\\python\\DLLs', 'C:\\Panda3D-1.11.0-x64\\python\\lib', 'C:\\Panda3D-1.11.0-x64\\python\\lib\\plat-win', 'C:\\Panda3D-1.11.0-x64\\python\\lib\\lib-tk', 'C:\\Panda3D-1.11.0-x64\\python', 'C:\\Panda3D-1.11.0-x64\\bin', 'C:\\Panda3D-1.11.0-x64\\python\\lib\\site-packages']
sys.argv =  ['D:\\hollybae\\Aly\\Toontown-School-House\\toontown\\launcher\\TTOffQuickStartLauncher.py']
generating standard configrc
os.environ =  {'TMP': 'C:\\Users\\holla\\AppData\\Local\\Temp', 'COMPUTERNAME': 'HOLLYBAES-PC', 'USERDOMAIN': 'HOLLYBAES-PC', 'INTEL_DEV_REDIST': 'C:\\Program Files (x86)\\Common Files\\Intel\\Shared Libraries\\', 'PSMODULEPATH': 'C:\\Program Files\\WindowsPowerShell\\Modules;C:\\WINDOWS\\system32\\WindowsPowerShell\\v1.0\\Modules', 'COMMONPROGRAMFILES': 'C:\\Program Files\\Common Files', 'PROCESSOR_IDENTIFIER': 'Intel64 Family 6 Model 158 Stepping 10, GenuineIntel', 'VBOX_MSI_INSTALL_PATH': 'C:\\Program Files\\Oracle\\VirtualBox\\', 'PROGRAMFILES': 'C:\\Program Files', 'PROCESSOR_REVISION': '9e0a', 'PATH': 'C:\\Panda3D-1.11.0-x64\\panda3d\\..\\bin;C:\\Program Files (x86)\\Razer\\ChromaBroadcast\\bin;C:\\Program Files\\Razer\\ChromaBroadcast\\bin;C:\\Program Files (x86)\\Common Files\\Intel\\Shared Libraries\\redist\\intel64_win\\compiler;C:\\Program Files (x86)\\Common Files\\Oracle\\Java\\javapath;C:\\Program Files (x86)\\Common Files\\Intel\\Shared Libraries\\redist\\intel64\\compiler;C:\\WINDOWS\\system32;C:\\WINDOWS;C:\\WINDOWS\\System32\\Wbem;C:\\WINDOWS\\System32\\WindowsPowerShell\\v1.0\\;C:\\WINDOWS\\System32\\OpenSSH\\;C:\\Program Files\\NVIDIA Corporation\\NVIDIA NGX;C:\\Program Files (x86)\\NVIDIA Corporation\\PhysX\\Common;C:\\Program Files\\NVIDIA Corporation\\NVIDIA NvDLISR;C:\\WINDOWS\\system32;C:\\WINDOWS;C:\\WINDOWS\\System32\\Wbem;C:\\WINDOWS\\System32\\WindowsPowerShell\\v1.0\\;C:\\WINDOWS\\System32\\OpenSSH\\;D:\\hollybae\\ffmpeg-4.1.3-win64-static\\ffmpeg-4.1.3-win64-static\\bin;C:\\Program Files\\dotnet\\;C:\\WINDOWS\\system32\\config\\systemprofile\\AppData\\Local\\Microsoft\\WindowsApps;C:\\Program Files (x86)\\QuickTime\\QTSystem\\;C:\\Users\\holla\\AppData\\Local\\Microsoft\\WindowsApps;C:\\Panda3D-1.10.4.1-x64\\python;C:\\Panda3D-1.10.4.1-x64\\python\\Scripts;C:\\Panda3D-1.10.4.1-x64\\bin;C:\\Panda3D-1.11.0-x64\\python;C:\\Panda3D-1.11.0-x64\\python\\Scripts;C:\\Panda3D-1.11.0-x64\\bin', 'SYSTEMROOT': 'C:\\WINDOWS', 'MIC_LD_LIBRARY_PATH': 'C:\\Program Files (x86)\\Common Files\\Intel\\Shared Libraries\\compiler\\lib\\intel64_win_mic', 'COMSPEC': 'C:\\WINDOWS\\system32\\cmd.exe', 'DRIVERDATA': 'C:\\Windows\\System32\\Drivers\\DriverData', 'PPYTHON_PATH': '"C:\\Panda3D-1.11.0-x64\\python\\ppython.exe"', 'TEMP': 'C:\\Users\\holla\\AppData\\Local\\Temp', 'COMMONPROGRAMFILES(X86)': 'C:\\Program Files (x86)\\Common Files', 'PROCESSOR_ARCHITECTURE': 'AMD64', 'PROGRAMFILES(X86)': 'C:\\Program Files (x86)', 'ALLUSERSPROFILE': 'C:\\ProgramData', 'LOCALAPPDATA': 'C:\\Users\\holla\\AppData\\Local', 'FPS_BROWSER_USER_PROFILE_STRING': 'Default', 'HOMEPATH': '\\Users\\holla', 'USERDOMAIN_ROAMINGPROFILE': 'HOLLYBAES-PC', 'PROGRAMW6432': 'C:\\Program Files', 'USERNAME': 'holla', 'LOGONSERVER': '\\\\HOLLYBAES-PC', 'PROMPT': '$P$G', 'SESSIONNAME': 'Console', 'PROGRAMDATA': 'C:\\ProgramData', 'ONEDRIVE': 'C:\\Users\\holla\\OneDrive', 'FPS_BROWSER_APP_PROFILE_STRING': 'Internet Explorer', 'PATHEXT': '.COM;.EXE;.BAT;.CMD;.VBS;.VBE;.JS;.JSE;.WSF;.WSH;.MSC', 'TTOFF_LOGIN_TOKEN': 'dev', 'WINDIR': 'C:\\WINDOWS', 'APPDATA': 'C:\\Users\\holla\\AppData\\Roaming', 'HOMEDRIVE': 'C:', 'SYSTEMDRIVE': 'C:', 'NUMBER_OF_PROCESSORS': '12', 'PROCESSOR_LEVEL': '6', 'COMMONPROGRAMW6432': 'C:\\Program Files\\Common Files', 'OS': 'Windows_NT', 'PUBLIC': 'C:\\Users\\Public', 'USERPROFILE': 'C:\\Users\\holla'}
:12-10-2019 01:52:11 TTOffLauncher: isTestServer: 0
:12-10-2019 01:52:11 TTOffLauncher: Game Server 127.0.0.1
:12-10-2019 01:52:11 TTOffLauncher: Starting Toontown Online... 
:12-10-2019 01:52:11 TTOffLauncher: foreground: Launcher now operating in foreground
useTTOffSpecificLogin=True
:12-10-2019 01:52:11 TTOffLauncher: maybeStartGame: starting game
:12-10-2019 01:52:11 TTOffLauncher: Starting Toontown Online...
:12-10-2019 01:52:11 TTOffLauncher: background: Launcher now operating in background
ToontownStart: Polling for game2 to finish...
ToontownStart: Game2 is finished.
ToontownStart: Starting the game.
ToontownStart: setting default font
:12-10-2019 01:52:11 TTOffLauncher: setting panda error code to 7
Known pipe types:
  wglGraphicsPipe
(all display modules loaded.)
:12-10-2019 01:52:11 ToonBase: Default graphics pipe is wglGraphicsPipe (OpenGL).
:12-10-2019 01:52:11 ToonBase: Successfully opened window of type wglGraphicsWindow (OpenGL)
:12-10-2019 01:52:11 ShowBase: __dev__ == False
:12-10-2019 01:52:11 TTOffLauncher: setting panda error code to 11
:12-10-2019 01:52:11 TTOffLauncher: setting panda error code to 0
ToontownStart: Loading default gui sounds
ToontownStart: serverVersion:  tto-dev
:12-10-2019 01:52:11 Loader: starting bulk load of block 'init'
:12-10-2019 01:52:12 :nativenet(error): Buffered_DatagramConnection Constructor rbufsize = 4096000 wbufsize = 4096000 write_flush_point = 1400
:12-10-2019 01:52:12 OTPClientRepository: Using connect method 'http'
:12-10-2019 01:52:12 TTOffLauncher: getRegistry ('DEPLOYMENT', None)
:12-10-2019 01:52:12 TTOffLauncher: checking env
:12-10-2019 01:52:12 TTOffLauncher: getRegistry ('GAME_DEPLOYMENT', None)
:12-10-2019 01:52:12 TTOffLauncher: checking env
:12-10-2019 01:52:12 OTPClientRepository: reg_deployment=
:12-10-2019 01:52:12 OTPClientRepository: required-login auto.
:12-10-2019 01:52:12 OTPClientRepository: loginInterface: LoginTTOffAccount
:12-10-2019 01:52:12 TTOffLauncher: getNeedPwForSecretKey using ttoff-specific-login
:12-10-2019 01:52:12 Loader: At end of block 'init', expected 138, loaded 6, duration=1.2684363
:12-10-2019 01:52:12 OTPClientRepository: Connecting to gameserver directly (no proxy).
:12-10-2019 01:52:12 OTPClientRepository: Connecting to //127.0.0.1:7198 via HTTP interface.
:12-10-2019 01:52:12 TTOffLauncher: Stopping mini task manager.
:12-10-2019 01:52:12 OTPClientRepository: Successfully connected to //127.0.0.1:7198.
:12-10-2019 01:52:12 TTOffLauncher: Setting Disconnect Details normal
{401000001: <toontown.distributed.ToontownDistrict.ToontownDistrict instance at 0x000000001C1140C8>}
:12-10-2019 01:52:13 StateData: AvatarChooser.enter
:12-10-2019 01:52:13 DisplayOptions: settingsFullScreen = False, embedded = False width=800 height=600
:12-10-2019 01:52:13 StateData: calling self.displayOptions.restrictToEmbedded(False)
:12-10-2019 01:52:14 OTPClientRepository: ================
:12-10-2019 01:52:14 OTPClientRepository: Chose avatar id: 100000014
:12-10-2019 01:52:14 OTPClientRepository: Chose avatar name: Hollybae
:12-10-2019 01:52:14 OTPClientRepository: Chose avatar dna: ('css', 'ms', 'm', 'm', 16, 0, 16, 16, 113, 27, 18, 27, 7, 21)
:12-10-2019 01:52:14 OTPClientRepository: Chose avatar position: 5
:12-10-2019 01:52:14 OTPClientRepository: isPaid: 1
:12-10-2019 01:52:14 OTPClientRepository: freeTimeLeft: 0
:12-10-2019 01:52:14 OTPClientRepository: allowSecretChat: True
:12-10-2019 01:52:14 OTPClientRepository: ================
:12-10-2019 01:52:14 Loader: starting bulk load of block 'localAvatarPlayGame'
:12-10-2019 01:52:15 ToontownTimeManager(warning): error parsing date string=
local
:12-10-2019 01:52:15 NewsPageButtonManager(warning): Should not get here. NewsPageButtonManager.exitOff
:12-10-2019 01:52:15 :pnmimage:png(warning): iCCP: known incorrect sRGB profile
:12-10-2019 01:52:16 OTPClientRepository: Entering shard 401000001
:12-10-2019 01:52:16 StreetSign: Street sign url is https://ttoffline.com/images/
:12-10-2019 01:52:18 StreetSign: Street Sign is up to date
:12-10-2019 01:52:18 TimeManager: Clock sync: TimeManager.announceGenerate
:12-10-2019 01:52:18 NewsManager: setHolidayId: Starting Holiday 14
:12-10-2019 01:52:18 InGameNewsMgr: latestIssue=2013-08-22 16:49:46.000003-07:00
cpu info: GenuineIntel|Intel(R) Core(TM) i7-8700K CPU @ 3.70GHz|591594|0|3.701,3.701|6,12 cpus
:12-10-2019 01:52:19 OTPClientRepository: No sync from TimeManager.
:12-10-2019 01:52:19 OTPClientRepository: gotTimeSync
:12-10-2019 01:52:19 Loader: At end of block 'localAvatarPlayGame', expected 400, loaded 8, duration=4.4290295
:12-10-2019 01:52:19 TimeManager: Clock sync roundtrip took 1063.296 ms
:12-10-2019 01:52:19 TimeManager: AI time delta is -0:01 from server delta
:12-10-2019 01:52:19 TimeManager: Local clock uncertainty +/- 0.532 s
:12-10-2019 01:52:19 PlayGame: QA-REGRESSION: NEIGHBORHOODS: Visit Lawbot HQ
:12-10-2019 01:52:19 Loader: starting bulk load of block 'hood'
:12-10-2019 01:52:19 LawbotCogHQLoader: loadPlaceGeom: 13000
:12-10-2019 01:52:20 DistributedObject: DistributedSuitPlanner 401002972: generating
:12-10-2019 01:52:20 DistributedToon: calling LocalAvatar.startchat
:12-10-2019 01:52:20 :loader(error): Couldn't load file phase_4/models/questmap/cog_hq_lawbot_maps.bam: not found on model path (currently: "/;/d/hollybae/Aly/Toontown-School-House/toontown/launcher;/c/Panda3D-1.11.0-x64/etc/..;/c/Panda3D-1.11.0-x64/etc/../models")
:12-10-2019 01:52:20 Loader: At end of block 'hood', expected 2, loaded 3, duration=0.7493764
:12-10-2019 01:52:21 Teleport(debug): teleportInDone: walk
:12-10-2019 01:52:21 :loader(error): Couldn't load file phase_4/models/questmap/cog_hq_lawbot_maps.bam: not found on model path (currently: "/;/d/hollybae/Aly/Toontown-School-House/toontown/launcher;/c/Panda3D-1.11.0-x64/etc/..;/c/Panda3D-1.11.0-x64/etc/../models")
:12-10-2019 01:52:49 TTOffMagicWordManager: Run mode has been toggled.
:12-10-2019 01:52:55 LawbotCogHQLoader: loadPlaceGeom: 13100
:12-10-2019 01:52:55 LawbotCogHQLoader: QA-REGRESSION: COGHQ: Visit LawbotLobby
:12-10-2019 01:52:55 LawbotHQExterior: Unloading Place (13000). Fsm in final
:12-10-2019 01:52:55 DistributedObject: DistributedSuitPlanner 401002972: disabling
:12-10-2019 01:52:55 DistributedToon: calling LocalAvatar.startchat
:12-10-2019 01:52:55 :loader(error): Couldn't load file phase_4/models/questmap/cog_hq_lawbot_maps.bam: not found on model path (currently: "/;/d/hollybae/Aly/Toontown-School-House/toontown/launcher;/c/Panda3D-1.11.0-x64/etc/..;/c/Panda3D-1.11.0-x64/etc/../models")
:12-10-2019 01:52:57 :loader(error): Couldn't load file phase_4/models/questmap/cog_hq_lawbot_maps.bam: not found on model path (currently: "/;/d/hollybae/Aly/Toontown-School-House/toontown/launcher;/c/Panda3D-1.11.0-x64/etc/..;/c/Panda3D-1.11.0-x64/etc/../models")
:12-10-2019 01:53:36 TTOffMagicWordManager: Run mode has been toggled.
:12-10-2019 01:53:37 TTOffMagicWordManager: Alakazam!
:12-10-2019 01:53:39 TTOffMagicWordManager: Gave Hollybae an infinite amount of pies
:12-10-2019 01:53:44 LawbotCogHQLoader: loadPlaceGeom: 61000
:12-10-2019 01:53:44 LawbotCogHQLoader(warning): loadPlaceGeom: unclassified zone 61000
:12-10-2019 01:53:44 CogHQLobby: Unloading Place (13100). Fsm in final
:12-10-2019 01:53:44 DistributedLawbotBoss(warning): Not a collision node: LawbotCourtroom3.egg/-PandaNode/CR3/interior/CR3_Floor
:12-10-2019 01:53:44 DistributedToon: calling LocalAvatar.startchat
:12-10-2019 01:53:44 LawbotHQBossBattle(warning): fsm.request('movie') returned 0 (zone id 61000, avatar pos LPoint3f(-0.363562, -126.204, 0.193903)).
:12-10-2019 01:53:49 TTOffMagicWordManager: Restarting Scale Round
:12-10-2019 01:54:30 TTOffMagicWordManager: Voila!
:12-10-2019 01:55:50 TTOffMagicWordManager: Alakazam!
:12-10-2019 01:56:00 TTOffMagicWordManager: Alakazam!
:12-10-2019 01:56:09 TTOffMagicWordManager: Ta-da!
:12-10-2019 01:56:12 OTPClientRepository: Sending heartbeat mid-frame.
:12-10-2019 01:56:18 TTOffMagicWordManager: Presto!
:12-10-2019 01:56:27 TTOffMagicWordManager: Alakazam!
:12-10-2019 01:56:36 TTOffMagicWordManager: Abracadabra!
:12-10-2019 01:57:11 GarbageCollect(warning): garbage found, reverting gc threshold
frame rate: 281.2 fps|0.001d|13 avs||305|305||0x0000|0x0000|997.4MB|1172.5MB|16235.6MB|583|nt.2.6.2|3.701,3.701|6,12 cpus|OpenGL
:12-10-2019 01:57:47 TTOffMagicWordManager: Voila!
:12-10-2019 01:58:05 TTOffMagicWordManager: Presto!
:12-10-2019 02:01:42 TTOffMagicWordManager: Ta-da!
:12-10-2019 02:02:08 TTOffMagicWordManager: Ta-da!
frame rate: 232.4 fps|0.001d|13 avs||605|605||0x0000|0x0000|1279.9MB|1455.6MB|16235.6MB|682|nt.2.6.2|3.701,3.701|6,12 cpus|OpenGL
:12-10-2019 02:02:31 TTOffMagicWordManager: Abracadabra!
:12-10-2019 02:02:52 TTOffMagicWordManager: Ta-da!
:12-10-2019 02:04:08 TTOffMagicWordManager: Abracadabra!
:12-10-2019 02:05:15 TTOffMagicWordManager: Presto!
:12-10-2019 02:05:30 TTOffMagicWordManager: Ta-da!
:12-10-2019 02:05:59 TTOffMagicWordManager: Presto!
:12-10-2019 02:06:52 TTOffMagicWordManager: Ta-da!
frame rate: 263.3 fps|0.001d|13 avs||905|905||0x0000|0x0000|1589.6MB|1765.9MB|16235.6MB|786|nt.2.6.2|3.701,3.701|6,12 cpus|OpenGL
adding timeout task
adding timeout task
:12-10-2019 02:11:53 TTOffMagicWordManager: Alakazam!
:12-10-2019 02:12:06 TTOffMagicWordManager: Ta-da!
frame rate: 230.0 fps|0.001d|13 avs||1205|1205||0x0000|0x0000|1875.0MB|2051.8MB|16235.6MB|892|nt.2.6.2|3.701,3.701|6,12 cpus|OpenGL
:12-10-2019 02:12:39 TTOffMagicWordManager: Alakazam!
:12-10-2019 02:12:49 TTOffMagicWordManager: Presto!
:12-10-2019 02:13:05 TTOffMagicWordManager: Alakazam!
:12-10-2019 02:13:15 TTOffMagicWordManager: Abracadabra!
:12-10-2019 02:13:25 TTOffMagicWordManager: Voila!
adding timeout task
adding timeout task
frame rate: 280.9 fps|0.000d|13 avs||1505|1505||0x0000|0x0000|2167.8MB|2345.1MB|16235.6MB|992|nt.2.6.2|3.701,3.701|6,12 cpus|OpenGL
adding timeout task
adding timeout task
:12-10-2019 02:20:23 TTOffMagicWordManager: Ta-da!
:12-10-2019 02:20:37 TTOffMagicWordManager: Ta-da!
:12-10-2019 02:22:16 TimeManager: Clock sync: timer
frame rate: 189.8 fps|0.001d|13 avs||1805|1805||0x0000|0x0000|2483.4MB|2684.7MB|16235.6MB|1532|nt.2.6.2|3.701,3.701|6,12 cpus|OpenGL
:12-10-2019 02:22:16 TimeManager: Clock sync roundtrip took 10.264 ms
:12-10-2019 02:22:16 TimeManager: AI time delta is -0:00 from server delta
:12-10-2019 02:22:16 ClockDelta: previous delta at -0.971 s, +/- 1.031 s.
:12-10-2019 02:22:16 ClockDelta: new delta at -1.494 s, +/- 0.005 s.
:12-10-2019 02:22:16 ClockDelta: intersection at -1.494 s, +/- 0.005 s.
:12-10-2019 02:22:16 TimeManager: Local clock uncertainty +/- 0.005 s
:12-10-2019 02:22:51 TTOffMagicWordManager: Ta-da!
:12-10-2019 02:23:05 TTOffMagicWordManager: Presto!
:12-10-2019 02:23:43 TTOffMagicWordManager: Voila!
:12-10-2019 02:24:21 TTOffMagicWordManager: Presto!
:12-10-2019 02:24:30 TTOffMagicWordManager: Abracadabra!
:12-10-2019 02:24:45 TTOffMagicWordManager: Abracadabra!
:12-10-2019 02:24:53 TTOffMagicWordManager: Presto!
:12-10-2019 02:25:11 TTOffMagicWordManager: Presto!
:12-10-2019 02:25:41 TTOffMagicWordManager: Abracadabra!
:12-10-2019 02:25:52 TTOffMagicWordManager: Alakazam!
:12-10-2019 02:26:02 TTOffMagicWordManager: Presto!
:12-10-2019 02:26:13 TTOffMagicWordManager: Ta-da!
frame rate: 258.1 fps|0.001d|13 avs||2105|2105||0x0000|0x0000|2814.4MB|3016.7MB|16235.6MB|1666|nt.2.6.2|3.701,3.701|6,12 cpus|OpenGL
:12-10-2019 02:28:22 :linmath(warning): Tried to invert singular LMatrix3.
:12-10-2019 02:28:24 TTOffMagicWordManager: Alakazam!
:12-10-2019 02:28:24 TTOffMagicWordManager: Presto!
:12-10-2019 02:28:24 TTOffMagicWordManager: Alakazam!
:12-10-2019 02:28:24 TTOffMagicWordManager: These arguments are of the wrong type!
:12-10-2019 02:28:24 TTOffMagicWordManager: Presto!
:12-10-2019 02:28:24 TTOffMagicWordManager: These arguments are of the wrong type!
:12-10-2019 02:28:25 TTOffMagicWordManager: Abracadabra!
:12-10-2019 02:28:25 TTOffMagicWordManager: These arguments are of the wrong type!
:12-10-2019 02:28:25 TTOffMagicWordManager: These arguments are of the wrong type!
:12-10-2019 02:28:25 TTOffMagicWordManager: These arguments are of the wrong type!
:12-10-2019 02:28:26 TTOffMagicWordManager: Voila!
:12-10-2019 02:28:27 TTOffMagicWordManager: Abracadabra!
:12-10-2019 02:28:29 TTOffMagicWordManager: Voila!
:12-10-2019 02:28:34 TTOffMagicWordManager: Voila!
:12-10-2019 02:28:39 TTOffMagicWordManager: Abracadabra!
:12-10-2019 02:28:44 TTOffMagicWordManager: Voila!
:12-10-2019 02:29:03 TTOffMagicWordManager: Ta-da!
:12-10-2019 02:29:13 TTOffMagicWordManager: Abracadabra!
:12-10-2019 02:29:28 TTOffMagicWordManager: Ta-da!
:12-10-2019 02:29:37 TTOffMagicWordManager: Alakazam!
:12-10-2019 02:29:51 TTOffMagicWordManager: Ta-da!
:12-10-2019 02:30:24 TTOffMagicWordManager: Ta-da!
:12-10-2019 02:30:47 TTOffMagicWordManager: Voila!
:12-10-2019 02:31:01 TTOffMagicWordManager: Voila!
:12-10-2019 02:31:23 TTOffMagicWordManager: Presto!
:12-10-2019 02:31:32 TTOffMagicWordManager: Voila!
frame rate: 257.7 fps|0.000d|13 avs||2405|2405||0x0000|0x0000|2897.0MB|3331.2MB|16235.6MB|1772|nt.2.6.2|3.701,3.701|6,12 cpus|OpenGL
:12-10-2019 02:32:37 TTOffMagicWordManager: Voila!
:12-10-2019 02:33:27 TTOffMagicWordManager: Voila!
:12-10-2019 02:33:44 TTOffMagicWordManager: Alakazam!
adding timeout task
adding timeout task
frame rate: 275.0 fps|0.000d|13 avs||2705|2705||0x0000|0x0000|3006.4MB|3637.2MB|16235.6MB|1875|nt.2.6.2|3.701,3.701|6,12 cpus|OpenGL
:12-10-2019 02:37:31 TTOffMagicWordManager: Abracadabra!
:12-10-2019 02:37:45 TTOffMagicWordManager: Ta-da!
:12-10-2019 02:37:51 TTOffMagicWordManager: Voila!
:12-10-2019 02:38:30 TTOffMagicWordManager: Abracadabra!
:12-10-2019 02:39:32 TTOffMagicWordManager: Voila!
:12-10-2019 02:40:20 TTOffMagicWordManager: Abracadabra!
:12-10-2019 02:40:36 TTOffMagicWordManager: Abracadabra!
frame rate: 247.3 fps|0.001d|13 avs||3005|3005||0x0000|0x0000|3308.3MB|3939.4MB|16235.6MB|1977|nt.2.6.2|3.701,3.701|6,12 cpus|OpenGL
:12-10-2019 02:42:20 TTOffMagicWordManager: Voila!
:12-10-2019 02:43:12 TTOffMagicWordManager: Presto!
:12-10-2019 02:43:36 TTOffMagicWordManager: Ta-da!
:12-10-2019 02:45:32 TTOffMagicWordManager: Abracadabra!
:12-10-2019 02:46:22 TTOffMagicWordManager: Presto!
:12-10-2019 02:46:59 TTOffMagicWordManager: Ta-da!
:12-10-2019 02:47:09 TTOffMagicWordManager: Presto!
frame rate: 194.7 fps|0.001d|13 avs||3305|3305||0x0000|0x0000|3601.6MB|4245.0MB|16235.6MB|2080|nt.2.6.2|3.701,3.701|6,12 cpus|OpenGL
adding timeout task
adding timeout task
:12-10-2019 02:49:27 TTOffMagicWordManager: These arguments are of the wrong type!
:12-10-2019 02:49:27 TTOffMagicWordManager: Voila!
:12-10-2019 02:49:41 TTOffMagicWordManager: Presto!
:12-10-2019 02:50:25 TTOffMagicWordManager: Voila!
:12-10-2019 02:50:36 TTOffMagicWordManager: Presto!
:12-10-2019 02:52:16 TimeManager: Clock sync: timer
:12-10-2019 02:52:16 TimeManager: Clock sync roundtrip took 8.939 ms
:12-10-2019 02:52:16 TimeManager: AI time delta is -0:00 from server delta
:12-10-2019 02:52:16 ClockDelta: previous delta at -1.494 s, +/- 0.505 s.
:12-10-2019 02:52:16 ClockDelta: new delta at -1.495 s, +/- 0.004 s.
:12-10-2019 02:52:16 ClockDelta: intersection at -1.495 s, +/- 0.004 s.
:12-10-2019 02:52:16 TimeManager: Local clock uncertainty +/- 0.004 s
frame rate: 252.8 fps|0.000d|13 avs||3605|3605||0x0000|0x0000|3892.5MB|4536.2MB|16235.6MB|2180|nt.2.6.2|3.701,3.701|6,12 cpus|OpenGL
adding timeout task
adding timeout task
:12-10-2019 02:53:37 TTOffMagicWordManager: Abracadabra!
:12-10-2019 02:54:15 TTOffMagicWordManager: Abracadabra!
:12-10-2019 02:54:15 TTOffMagicWordManager: Abracadabra!
adding timeout task
adding timeout task
frame rate: 269.0 fps|0.001d|13 avs||3905|3905||0x0000|0x0000|3920.2MB|4833.4MB|16235.6MB|2282|nt.2.6.2|3.701,3.701|6,12 cpus|OpenGL
:12-10-2019 03:00:00 NewsManager: setHolidayId: Ending Holiday 14
frame rate: 280.4 fps|0.001d|13 avs||4205|4205||0x0000|0x0000|3820.1MB|5128.0MB|16235.6MB|2383|nt.2.6.2|3.701,3.701|6,12 cpus|OpenGL
:12-10-2019 03:02:50 TTOffMagicWordManager: Voila!
:12-10-2019 03:03:05 TTOffMagicWordManager: Voila!
adding timeout task
adding timeout task
frame rate: 272.9 fps|0.001d|13 avs||4505|4505||0x0000|0x0000|3631.1MB|5449.7MB|16235.6MB|2521|nt.2.6.2|3.701,3.701|6,12 cpus|OpenGL
:12-10-2019 03:11:37 TTOffMagicWordManager: This Magic Word doesn't exist! Did you mean stunvp?
:12-10-2019 03:11:38 TTOffMagicWordManager: This Magic Word doesn't exist! Did you mean stunvp?
frame rate: 282.7 fps|0.000d|13 avs||4805|4805||0x0000|0x0000|3989.7MB|5807.2MB|16235.6MB|2646|nt.2.6.2|3.701,3.701|6,12 cpus|OpenGL
:12-10-2019 03:12:27 TTOffMagicWordManager: Alakazam!
:12-10-2019 03:12:42 TTOffMagicWordManager: Alakazam!
:12-10-2019 03:16:45 TTOffMagicWordManager: Abracadabra!
:12-10-2019 03:17:05 TTOffMagicWordManager: Alakazam!
frame rate: 241.0 fps|0.001d|13 avs||5105|5105||0x0000|0x0000|3947.2MB|6116.0MB|16235.6MB|2752|nt.2.6.2|3.701,3.701|6,12 cpus|OpenGL
:12-10-2019 03:17:49 TTOffMagicWordManager: Ta-da!
:12-10-2019 03:18:00 TTOffMagicWordManager: Alakazam!
:12-10-2019 03:18:16 TTOffMagicWordManager: Ta-da!
:12-10-2019 03:18:45 TTOffMagicWordManager: Abracadabra!
:12-10-2019 03:19:20 TTOffMagicWordManager: Alakazam!
:12-10-2019 03:22:16 TimeManager: Clock sync: timer
frame rate: 237.3 fps|0.001d|13 avs||5405|5405||0x0000|0x0000|3898.2MB|6403.1MB|16235.6MB|2852|nt.2.6.2|3.701,3.701|6,12 cpus|OpenGL
:12-10-2019 03:22:16 TimeManager: Clock sync roundtrip took 33.584 ms
:12-10-2019 03:22:16 TimeManager: AI time delta is -0:00 from server delta
:12-10-2019 03:22:16 ClockDelta: previous delta at -1.495 s, +/- 0.504 s.
:12-10-2019 03:22:16 ClockDelta: new delta at -1.508 s, +/- 0.017 s.
:12-10-2019 03:22:16 ClockDelta: intersection at -1.508 s, +/- 0.017 s.
:12-10-2019 03:22:16 TimeManager: Local clock uncertainty +/- 0.017 s
adding timeout task
adding timeout task
cam pos =  LPoint3f(6.15125, 8.25562, 5.38911) , cam hpr =  LVecBase3f(139.709, -12.7455, 0)
adding timeout task
adding timeout task
frame rate: 208.0 fps|0.001d|13 avs||5705|5705||0x0000|0x0000|3841.4MB|6685.6MB|16235.6MB|2925|nt.2.6.2|3.701,3.701|6,12 cpus|OpenGL
frame rate: 231.4 fps|0.001d|13 avs||6005|6005||0x0000|0x0000|3790.0MB|6968.6MB|16235.6MB|2997|nt.2.6.2|3.701,3.701|6,12 cpus|OpenGL
adding timeout task
adding timeout task
adding timeout task
adding timeout task
:12-10-2019 03:35:17 TTOffMagicWordManager: Abracadabra!
:12-10-2019 03:35:27 TTOffMagicWordManager: Abracadabra!
:12-10-2019 03:35:31 TTOffMagicWordManager: Abracadabra!
frame rate: 251.1 fps|0.001d|13 avs||6305|6305||0x0000|0x0000|3690.3MB|7243.4MB|16235.6MB|3573|nt.2.6.2|3.701,3.701|6,12 cpus|OpenGL
adding timeout task
adding timeout task
adding timeout task
adding timeout task
frame rate: 276.5 fps|0.001d|13 avs||6605|6605||0x0000|0x0000|3984.9MB|7543.3MB|16235.6MB|3692|nt.2.6.2|3.701,3.701|6,12 cpus|OpenGL
frame rate: 9.8 fps|0.000d|13 avs||6905|6905||0x0000|0x0000|3747.9MB|7728.0MB|16235.6MB|3740|nt.2.6.2|3.701,3.701|6,12 cpus|OpenGL
adding timeout task
adding timeout task
adding timeout task
adding timeout task
:12-10-2019 03:52:16 TimeManager: Clock sync: timer
frame rate: 273.4 fps|0.000d|13 avs||7205|7205||0x0000|0x0000|3783.1MB|8019.7MB|16235.6MB|3856|nt.2.6.2|3.701,3.701|6,12 cpus|OpenGL
:12-10-2019 03:52:16 TimeManager: Clock sync roundtrip took 79.875 ms
:12-10-2019 03:52:16 TimeManager: AI time delta is -0:00 from server delta
:12-10-2019 03:52:16 ClockDelta: previous delta at -1.508 s, +/- 0.517 s.
:12-10-2019 03:52:16 ClockDelta: new delta at -1.492 s, +/- 0.040 s.
:12-10-2019 03:52:16 ClockDelta: intersection at -1.492 s, +/- 0.040 s.
:12-10-2019 03:52:16 TimeManager: Local clock uncertainty +/- 0.040 s
:12-10-2019 03:54:44 TTOffMagicWordManager: Abracadabra!
:12-10-2019 03:54:54 TTOffMagicWordManager: Presto!
:12-10-2019 03:55:15 TTOffMagicWordManager: Voila!
:12-10-2019 03:56:03 TTOffMagicWordManager: Abracadabra!
:12-10-2019 03:56:15 ToonBase: User closed main window.
:12-10-2019 03:56:15 TimeManager: Client disconnect reason 2.
:12-10-2019 03:56:16 LawbotHQBossBattle: Unloading Place (61000). Fsm in final
:12-10-2019 03:56:17 OTPClientRepository(warning): unclean exit, abandoning shard
ignoring InputState-forward
:12-10-2019 03:56:17 OTPClientRepository: sending clientLogout
