

Starting Toontown Online...
Current time: Thu Nov 28 01:50:13 2019 Eastern Standard Time
sys.path =  ['', 'C:\\Panda3D-1.11.0-x64\\python\\python27.zip', 'C:\\Panda3D-1.11.0-x64', 'C:\\Panda3D-1.11.0-x64\\python\\DLLs', 'C:\\Panda3D-1.11.0-x64\\python\\lib', 'C:\\Panda3D-1.11.0-x64\\python\\lib\\plat-win', 'C:\\Panda3D-1.11.0-x64\\python\\lib\\lib-tk', 'C:\\Panda3D-1.11.0-x64\\python', 'C:\\Panda3D-1.11.0-x64\\bin', 'C:\\Panda3D-1.11.0-x64\\python\\lib\\site-packages']
sys.argv =  ['D:\\hollybae\\Aly\\Toontown-School-House\\toontown\\launcher\\TTOffQuickStartLauncher.py']
generating standard configrc
os.environ =  {'TMP': 'C:\\Users\\holla\\AppData\\Local\\Temp', 'COMPUTERNAME': 'HOLLYBAES-PC', 'USERDOMAIN': 'HOLLYBAES-PC', 'INTEL_DEV_REDIST': 'C:\\Program Files (x86)\\Common Files\\Intel\\Shared Libraries\\', 'PSMODULEPATH': 'C:\\Program Files\\WindowsPowerShell\\Modules;C:\\WINDOWS\\system32\\WindowsPowerShell\\v1.0\\Modules', 'COMMONPROGRAMFILES': 'C:\\Program Files\\Common Files', 'PROCESSOR_IDENTIFIER': 'Intel64 Family 6 Model 158 Stepping 10, GenuineIntel', 'VBOX_MSI_INSTALL_PATH': 'C:\\Program Files\\Oracle\\VirtualBox\\', 'PROGRAMFILES': 'C:\\Program Files', 'PROCESSOR_REVISION': '9e0a', 'PATH': 'C:\\Panda3D-1.11.0-x64\\panda3d\\..\\bin;C:\\Program Files (x86)\\Common Files\\Intel\\Shared Libraries\\redist\\intel64_win\\compiler;C:\\Program Files (x86)\\Common Files\\Oracle\\Java\\javapath;C:\\Program Files (x86)\\Common Files\\Intel\\Shared Libraries\\redist\\intel64\\compiler;C:\\WINDOWS\\system32;C:\\WINDOWS;C:\\WINDOWS\\System32\\Wbem;C:\\WINDOWS\\System32\\WindowsPowerShell\\v1.0\\;C:\\WINDOWS\\System32\\OpenSSH\\;C:\\Program Files\\NVIDIA Corporation\\NVIDIA NGX;C:\\Program Files (x86)\\NVIDIA Corporation\\PhysX\\Common;C:\\Program Files\\NVIDIA Corporation\\NVIDIA NvDLISR;C:\\WINDOWS\\system32;C:\\WINDOWS;C:\\WINDOWS\\System32\\Wbem;C:\\WINDOWS\\System32\\WindowsPowerShell\\v1.0\\;C:\\WINDOWS\\System32\\OpenSSH\\;D:\\hollybae\\ffmpeg-4.1.3-win64-static\\ffmpeg-4.1.3-win64-static\\bin;C:\\Program Files\\dotnet\\;C:\\Users\\holla\\AppData\\Local\\Microsoft\\WindowsApps;C:\\Panda3D-1.10.4.1-x64\\python;C:\\Panda3D-1.10.4.1-x64\\python\\Scripts;C:\\Panda3D-1.10.4.1-x64\\bin;C:\\Panda3D-1.11.0-x64\\python;C:\\Panda3D-1.11.0-x64\\python\\Scripts;C:\\Panda3D-1.11.0-x64\\bin', 'SYSTEMROOT': 'C:\\WINDOWS', 'MIC_LD_LIBRARY_PATH': 'C:\\Program Files (x86)\\Common Files\\Intel\\Shared Libraries\\compiler\\lib\\intel64_win_mic', 'COMSPEC': 'C:\\WINDOWS\\system32\\cmd.exe', 'DRIVERDATA': 'C:\\Windows\\System32\\Drivers\\DriverData', 'PPYTHON_PATH': '"C:\\Panda3D-1.11.0-x64\\python\\ppython.exe"', 'TEMP': 'C:\\Users\\holla\\AppData\\Local\\Temp', 'COMMONPROGRAMFILES(X86)': 'C:\\Program Files (x86)\\Common Files', 'PROCESSOR_ARCHITECTURE': 'AMD64', 'PROGRAMFILES(X86)': 'C:\\Program Files (x86)', 'ALLUSERSPROFILE': 'C:\\ProgramData', 'LOCALAPPDATA': 'C:\\Users\\holla\\AppData\\Local', 'FPS_BROWSER_USER_PROFILE_STRING': 'Default', 'HOMEPATH': '\\Users\\holla', 'USERDOMAIN_ROAMINGPROFILE': 'HOLLYBAES-PC', 'PROGRAMW6432': 'C:\\Program Files', 'USERNAME': 'holla', 'LOGONSERVER': '\\\\HOLLYBAES-PC', 'PROMPT': '$P$G', 'SESSIONNAME': 'Console', 'PROGRAMDATA': 'C:\\ProgramData', 'ONEDRIVE': 'C:\\Users\\holla\\OneDrive', 'FPS_BROWSER_APP_PROFILE_STRING': 'Internet Explorer', 'PATHEXT': '.COM;.EXE;.BAT;.CMD;.VBS;.VBE;.JS;.JSE;.WSF;.WSH;.MSC', 'TTOFF_LOGIN_TOKEN': 'dev', 'WINDIR': 'C:\\WINDOWS', 'APPDATA': 'C:\\Users\\holla\\AppData\\Roaming', 'HOMEDRIVE': 'C:', 'SYSTEMDRIVE': 'C:', 'NUMBER_OF_PROCESSORS': '12', 'PROCESSOR_LEVEL': '6', 'COMMONPROGRAMW6432': 'C:\\Program Files\\Common Files', 'OS': 'Windows_NT', 'PUBLIC': 'C:\\Users\\Public', 'USERPROFILE': 'C:\\Users\\holla'}
:11-28-2019 01:50:13 TTOffLauncher: isTestServer: 0
:11-28-2019 01:50:13 TTOffLauncher: Game Server 127.0.0.1
:11-28-2019 01:50:13 TTOffLauncher: Starting Toontown Online... 
:11-28-2019 01:50:14 TTOffLauncher: foreground: Launcher now operating in foreground
useTTOffSpecificLogin=True
:11-28-2019 01:50:14 TTOffLauncher: maybeStartGame: starting game
:11-28-2019 01:50:14 TTOffLauncher: Starting Toontown Online...
:11-28-2019 01:50:14 TTOffLauncher: background: Launcher now operating in background
ToontownStart: Polling for game2 to finish...
ToontownStart: Game2 is finished.
ToontownStart: Starting the game.
ToontownStart: setting default font
:11-28-2019 01:50:14 TTOffLauncher: setting panda error code to 7
Known pipe types:
  wglGraphicsPipe
(all display modules loaded.)
:11-28-2019 01:50:15 ToonBase: Default graphics pipe is wglGraphicsPipe (OpenGL).
:11-28-2019 01:50:16 ToonBase: Successfully opened window of type wglGraphicsWindow (OpenGL)
:11-28-2019 01:50:16 ShowBase: __dev__ == False
:11-28-2019 01:50:16 TTOffLauncher: setting panda error code to 11
:11-28-2019 01:50:16 TTOffLauncher: setting panda error code to 0
ToontownStart: Loading default gui sounds
ToontownStart: serverVersion:  tto-dev
:11-28-2019 01:50:16 Loader: starting bulk load of block 'init'
:11-28-2019 01:50:41 :nativenet(error): Buffered_DatagramConnection Constructor rbufsize = 4096000 wbufsize = 4096000 write_flush_point = 1400
:11-28-2019 01:50:41 OTPClientRepository: Using connect method 'http'
:11-28-2019 01:50:48 TTOffLauncher: getRegistry ('DEPLOYMENT', None)
:11-28-2019 01:50:48 TTOffLauncher: checking env
:11-28-2019 01:50:48 TTOffLauncher: getRegistry ('GAME_DEPLOYMENT', None)
:11-28-2019 01:50:48 TTOffLauncher: checking env
:11-28-2019 01:50:48 OTPClientRepository: reg_deployment=
:11-28-2019 01:50:48 OTPClientRepository: required-login auto.
:11-28-2019 01:50:48 OTPClientRepository: loginInterface: LoginTTOffAccount
:11-28-2019 01:50:48 TTOffLauncher: getNeedPwForSecretKey using ttoff-specific-login
:11-28-2019 01:50:48 Loader: At end of block 'init', expected 138, loaded 22, duration=32.0199033
:11-28-2019 01:50:48 OTPClientRepository: Connecting to gameserver directly (no proxy).
:11-28-2019 01:50:48 OTPClientRepository: Connecting to //127.0.0.1:7198 via HTTP interface.
:11-28-2019 01:50:48 TTOffLauncher: Stopping mini task manager.
:11-28-2019 01:50:48 OTPClientRepository: Successfully connected to //127.0.0.1:7198.
:11-28-2019 01:50:48 TTOffLauncher: Setting Disconnect Details normal
{401000001: <toontown.distributed.ToontownDistrict.ToontownDistrict instance at 0x000000001D60D748>}
:11-28-2019 01:50:49 StateData: AvatarChooser.enter
:11-28-2019 01:50:49 DisplayOptions: settingsFullScreen = False, embedded = False width=800 height=600
:11-28-2019 01:50:49 StateData: calling self.displayOptions.restrictToEmbedded(False)
:11-28-2019 01:53:39 OTPClientRepository: ================
:11-28-2019 01:53:39 OTPClientRepository: Chose avatar id: 100000005
:11-28-2019 01:53:39 OTPClientRepository: Chose avatar name: Hollybae
:11-28-2019 01:53:39 OTPClientRepository: Chose avatar dna: ('css', 'ms', 'm', 'm', 16, 0, 16, 16, 113, 27, 100, 4, 7, 21)
:11-28-2019 01:53:39 OTPClientRepository: Chose avatar position: 0
:11-28-2019 01:53:39 OTPClientRepository: isPaid: 1
:11-28-2019 01:53:39 OTPClientRepository: freeTimeLeft: 0
:11-28-2019 01:53:39 OTPClientRepository: allowSecretChat: True
:11-28-2019 01:53:39 OTPClientRepository: ================
:11-28-2019 01:53:39 Loader: starting bulk load of block 'localAvatarPlayGame'
:11-28-2019 01:53:41 ToontownTimeManager(warning): error parsing date string=
local
:11-28-2019 01:53:41 NewsPageButtonManager(warning): Should not get here. NewsPageButtonManager.exitOff
:11-28-2019 01:53:42 :pnmimage:png(warning): iCCP: known incorrect sRGB profile
:11-28-2019 01:53:45 OTPClientRepository: Entering shard 401000001
:11-28-2019 01:53:45 StreetSign: Street sign url is https://ttoffline.com/images/
:11-28-2019 01:53:46 StreetSign: Street Sign is up to date
:11-28-2019 01:53:46 TimeManager: Clock sync: TimeManager.announceGenerate
:11-28-2019 01:53:46 NewsManager: setHolidayId: Starting Holiday 7
:11-28-2019 01:53:46 InGameNewsMgr: latestIssue=2013-08-22 16:49:46.000003-07:00
cpu info: GenuineIntel|Intel(R) Core(TM) i7-8700K CPU @ 3.70GHz|591594|0|3.696,3.696|6,12 cpus
:11-28-2019 01:53:48 OTPClientRepository: No sync from TimeManager.
:11-28-2019 01:53:48 OTPClientRepository: gotTimeSync
:11-28-2019 01:53:48 Loader: At end of block 'localAvatarPlayGame', expected 400, loaded 27, duration=8.8235685
:11-28-2019 01:53:48 TimeManager: Clock sync roundtrip took 2073.501 ms
:11-28-2019 01:53:48 TimeManager: AI time delta is -0:02 from server delta
:11-28-2019 01:53:48 TimeManager: Local clock uncertainty +/- 1.037 s
:11-28-2019 01:53:48 TimeManager: Uncertainty is too high, trying again.
:11-28-2019 01:53:48 PlayGame: QA-REGRESSION: NEIGHBORHOODS: Visit Lawbot HQ
:11-28-2019 01:53:48 Loader: starting bulk load of block 'hood'
:11-28-2019 01:53:49 OTPClientRepository: Sending heartbeat mid-frame.
:11-28-2019 01:53:50 LawbotCogHQLoader: loadPlaceGeom: 13000
:11-28-2019 01:53:51 TimeManager: Clock sync roundtrip took 2892.146 ms
:11-28-2019 01:53:51 TimeManager: AI time delta is -0:03 from server delta
:11-28-2019 01:53:51 ClockDelta: previous delta at 0.705 s, +/- 1.038 s.
:11-28-2019 01:53:51 ClockDelta: new delta at 1.090 s, +/- 1.446 s.
:11-28-2019 01:53:51 ClockDelta: intersection at 0.705 s, +/- 1.038 s.
:11-28-2019 01:53:51 TimeManager: Local clock uncertainty +/- 1.038 s
:11-28-2019 01:53:51 TimeManager: Uncertainty is too high, trying again.
:11-28-2019 01:53:51 DistributedObject: DistributedSuitPlanner 401002974: generating
:11-28-2019 01:53:51 DistributedToon: calling LocalAvatar.startchat
:11-28-2019 01:53:51 :loader(error): Couldn't load file phase_4/models/questmap/cog_hq_lawbot_maps.bam: not found on model path (currently: "/;/d/hollybae/Aly/Toontown-School-House/toontown/launcher;/c/Panda3D-1.11.0-x64/etc/..;/c/Panda3D-1.11.0-x64/etc/../models")
:11-28-2019 01:53:51 Loader: At end of block 'hood', expected 2, loaded 14, duration=3.1139071
:11-28-2019 01:53:51 TimeManager: Clock sync roundtrip took 219.346 ms
:11-28-2019 01:53:51 TimeManager: AI time delta is -0:00 from server delta
:11-28-2019 01:53:51 ClockDelta: previous delta at 0.705 s, +/- 1.038 s.
:11-28-2019 01:53:51 ClockDelta: new delta at -0.220 s, +/- 0.110 s.
:11-28-2019 01:53:51 ClockDelta: intersection at -0.220 s, +/- 0.110 s.
:11-28-2019 01:53:51 TimeManager: Local clock uncertainty +/- 0.110 s
:11-28-2019 01:53:52 Teleport(debug): teleportInDone: walk
:11-28-2019 01:53:53 :loader(error): Couldn't load file phase_4/models/questmap/cog_hq_lawbot_maps.bam: not found on model path (currently: "/;/d/hollybae/Aly/Toontown-School-House/toontown/launcher;/c/Panda3D-1.11.0-x64/etc/..;/c/Panda3D-1.11.0-x64/etc/../models")
:11-28-2019 01:54:13 TTOffMagicWordManager: Run mode has been toggled.
:11-28-2019 01:54:19 LawbotCogHQLoader: loadPlaceGeom: 13100
:11-28-2019 01:54:19 LawbotCogHQLoader: QA-REGRESSION: COGHQ: Visit LawbotLobby
:11-28-2019 01:54:20 LawbotHQExterior: Unloading Place (13000). Fsm in final
:11-28-2019 01:54:20 DistributedObject: DistributedSuitPlanner 401002974: disabling
:11-28-2019 01:54:20 DistributedToon: calling LocalAvatar.startchat
:11-28-2019 01:54:20 :loader(error): Couldn't load file phase_4/models/questmap/cog_hq_lawbot_maps.bam: not found on model path (currently: "/;/d/hollybae/Aly/Toontown-School-House/toontown/launcher;/c/Panda3D-1.11.0-x64/etc/..;/c/Panda3D-1.11.0-x64/etc/../models")
:11-28-2019 01:54:21 :loader(error): Couldn't load file phase_4/models/questmap/cog_hq_lawbot_maps.bam: not found on model path (currently: "/;/d/hollybae/Aly/Toontown-School-House/toontown/launcher;/c/Panda3D-1.11.0-x64/etc/..;/c/Panda3D-1.11.0-x64/etc/../models")
:11-28-2019 01:54:25 TTOffMagicWordManager: Hollybae's laff has been set to 87.
:11-28-2019 01:54:34 LawbotCogHQLoader: loadPlaceGeom: 61000
:11-28-2019 01:54:34 LawbotCogHQLoader(warning): loadPlaceGeom: unclassified zone 61000
:11-28-2019 01:54:34 CogHQLobby: Unloading Place (13100). Fsm in final
:11-28-2019 01:54:35 DistributedLawbotBoss(warning): Not a collision node: LawbotCourtroom3.egg/-PandaNode/CR3/interior/CR3_Floor
:11-28-2019 01:54:36 DistributedToon: calling LocalAvatar.startchat
:11-28-2019 01:54:36 LawbotHQBossBattle(warning): fsm.request('movie') returned 0 (zone id 61000, avatar pos LPoint3f(-0.363562, -126.204, 0.193903)).
:11-28-2019 01:54:43 TTOffMagicWordManager: Gave Hollybae an infinite amount of pies
:11-28-2019 01:54:45 TTOffMagicWordManager: Restarting Scale Round
:11-28-2019 01:54:49 LawbotHQBossBattle(warning): fsm.request('finalBattle') returned 0 (zone id 61000, avatar pos LPoint3f(-56.4938, 18.2218, 0)).
:11-28-2019 01:54:49 TTOffMagicWordManager: Restarting Scale Round
:11-28-2019 01:54:53 TTOffMagicWordManager: Run mode has been toggled.
:11-28-2019 01:55:19 GarbageCollect(warning): garbage found, reverting gc threshold
frame rate: 240.2 fps|0.001d|13 avs||508|511||0x0000|0x0000|1984.5MB|2108.0MB|16235.7MB|1110|nt.2.6.2|3.696,3.696|6,12 cpus|OpenGL
cam pos =  LPoint3f(0, -9.7125, 3.2375) , cam hpr =  LVecBase3f(0, 0, 0)
cam pos =  LPoint3f(0, -9.7125, 3.2375) , cam hpr =  LVecBase3f(0, 0, 0)
cam pos =  LPoint3f(0, -9.7125, 3.2375) , cam hpr =  LVecBase3f(0, 0, 0)
cam pos =  LPoint3f(0, -9.7125, 3.2375) , cam hpr =  LVecBase3f(0, 0, 0)
cam pos =  LPoint3f(0, -9.7125, 3.2375) , cam hpr =  LVecBase3f(0, 0, 0)
cam pos =  LPoint3f(0, -9.7125, 3.2375) , cam hpr =  LVecBase3f(0, 0, 0)
cam pos =  LPoint3f(0, -9.7125, 3.2375) , cam hpr =  LVecBase3f(0, 0, 0)
:11-28-2019 02:01:46 TTOffMagicWordManager: Ta-da!
frame rate: 192.7 fps|0.001d|13 avs||808|811||0x0000|0x0000|2261.9MB|2386.0MB|16235.7MB|1198|nt.2.6.2|3.696,3.696|6,12 cpus|OpenGL
frame rate: 188.2 fps|0.001d|13 avs||1108|1111||0x0000|0x0000|2581.9MB|2706.7MB|16235.7MB|1305|nt.2.6.2|3.696,3.696|6,12 cpus|OpenGL
frame rate: 181.8 fps|0.001d|13 avs||1408|1411||0x0000|0x0000|2892.2MB|3017.5MB|16235.7MB|1402|nt.2.6.2|3.696,3.696|6,12 cpus|OpenGL
frame rate: 201.9 fps|0.001d|13 avs||1708|1711||0x0000|0x0000|3239.1MB|3365.1MB|16235.7MB|1508|nt.2.6.2|3.696,3.696|6,12 cpus|OpenGL
:11-28-2019 02:20:13 :linmath(warning): Tried to invert singular LMatrix3.
:11-28-2019 02:23:45 TimeManager: Clock sync: timer
:11-28-2019 02:23:45 TimeManager: Clock sync roundtrip took 8.763 ms
:11-28-2019 02:23:45 TimeManager: AI time delta is -0:00 from server delta
:11-28-2019 02:23:45 ClockDelta: previous delta at -0.220 s, +/- 0.608 s.
:11-28-2019 02:23:45 ClockDelta: new delta at -0.330 s, +/- 0.004 s.
:11-28-2019 02:23:45 ClockDelta: intersection at -0.330 s, +/- 0.004 s.
:11-28-2019 02:23:45 TimeManager: Local clock uncertainty +/- 0.004 s
frame rate: 213.9 fps|0.009d|13 avs||2008|2011||0x0000|0x0000|3595.1MB|3794.3MB|16235.7MB|1626|nt.2.6.2|3.696,3.696|6,12 cpus|OpenGL
frame rate: 175.1 fps|0.001d|13 avs||2308|2311||0x0000|0x0000|3300.3MB|4147.2MB|16235.7MB|1741|nt.2.6.2|3.696,3.696|6,12 cpus|OpenGL
adding timeout task
adding timeout task
frame rate: 220.1 fps|0.000d|13 avs||2608|2611||0x0000|0x0000|3313.2MB|4464.3MB|16235.7MB|1845|nt.2.6.2|3.696,3.696|6,12 cpus|OpenGL
frame rate: 208.9 fps|0.001d|13 avs||2908|2911||0x0000|0x0000|3275.2MB|4800.5MB|16235.7MB|1948|nt.2.6.2|3.696,3.696|6,12 cpus|OpenGL
adding timeout task
adding timeout task
frame rate: 225.8 fps|0.000d|13 avs||3208|3211||0x0000|0x0000|3204.7MB|5112.4MB|16235.7MB|2048|nt.2.6.2|3.696,3.696|6,12 cpus|OpenGL
adding timeout task
adding timeout task
:11-28-2019 02:44:23 :downloader(warning): Windows error code: 10054
