

Starting Toontown Online...
Current time: Tue Mar  3 13:55:52 2020 Eastern Standard Time
sys.path =  ['', 'C:\\Panda3D-1.11.0-x64\\python\\python27.zip', 'C:\\Panda3D-1.11.0-x64', 'C:\\Panda3D-1.11.0-x64\\python\\DLLs', 'C:\\Panda3D-1.11.0-x64\\python\\lib', 'C:\\Panda3D-1.11.0-x64\\python\\lib\\plat-win', 'C:\\Panda3D-1.11.0-x64\\python\\lib\\lib-tk', 'C:\\Panda3D-1.11.0-x64\\python', 'C:\\Panda3D-1.11.0-x64\\bin', 'C:\\Panda3D-1.11.0-x64\\python\\lib\\site-packages']
sys.argv =  ['D:\\hollybae\\Aly\\Toontown-School-House\\toontown\\launcher\\TTOffQuickStartLauncher.py']
generating standard configrc
os.environ =  {'TMP': 'C:\\Users\\holla\\AppData\\Local\\Temp', 'COMPUTERNAME': 'HOLLYBAES-PC', 'USERDOMAIN': 'HOLLYBAES-PC', 'INTEL_DEV_REDIST': 'C:\\Program Files (x86)\\Common Files\\Intel\\Shared Libraries\\', 'PSMODULEPATH': 'C:\\Program Files\\WindowsPowerShell\\Modules;C:\\WINDOWS\\system32\\WindowsPowerShell\\v1.0\\Modules', 'COMMONPROGRAMFILES': 'C:\\Program Files\\Common Files', 'PROCESSOR_IDENTIFIER': 'Intel64 Family 6 Model 158 Stepping 10, GenuineIntel', 'VBOX_MSI_INSTALL_PATH': 'C:\\Program Files\\Oracle\\VirtualBox\\', 'PROGRAMFILES': 'C:\\Program Files', 'PROCESSOR_REVISION': '9e0a', 'PATH': 'C:\\Panda3D-1.11.0-x64\\panda3d\\..\\bin;C:\\Program Files (x86)\\Razer\\ChromaBroadcast\\bin;C:\\Program Files\\Razer\\ChromaBroadcast\\bin;C:\\Program Files (x86)\\Common Files\\Intel\\Shared Libraries\\redist\\intel64_win\\compiler;C:\\Program Files (x86)\\Common Files\\Oracle\\Java\\javapath;C:\\Program Files (x86)\\Common Files\\Intel\\Shared Libraries\\redist\\intel64\\compiler;C:\\WINDOWS\\system32;C:\\WINDOWS;C:\\WINDOWS\\System32\\Wbem;C:\\WINDOWS\\System32\\WindowsPowerShell\\v1.0\\;C:\\WINDOWS\\System32\\OpenSSH\\;C:\\Program Files\\NVIDIA Corporation\\NVIDIA NGX;C:\\Program Files (x86)\\NVIDIA Corporation\\PhysX\\Common;C:\\Program Files\\NVIDIA Corporation\\NVIDIA NvDLISR;C:\\WINDOWS\\system32;C:\\WINDOWS;C:\\WINDOWS\\System32\\Wbem;C:\\WINDOWS\\System32\\WindowsPowerShell\\v1.0\\;C:\\WINDOWS\\System32\\OpenSSH\\;D:\\hollybae\\ffmpeg-4.1.3-win64-static\\ffmpeg-4.1.3-win64-static\\bin;C:\\Program Files\\dotnet\\;C:\\WINDOWS\\system32\\config\\systemprofile\\AppData\\Local\\Microsoft\\WindowsApps;C:\\Program Files (x86)\\QuickTime\\QTSystem\\;C:\\Users\\holla\\AppData\\Local\\Microsoft\\WindowsApps;C:\\Panda3D-1.10.4.1-x64\\python;C:\\Panda3D-1.10.4.1-x64\\python\\Scripts;C:\\Panda3D-1.10.4.1-x64\\bin;C:\\Panda3D-1.11.0-x64\\python;C:\\Panda3D-1.11.0-x64\\python\\Scripts;C:\\Panda3D-1.11.0-x64\\bin', 'SYSTEMROOT': 'C:\\WINDOWS', 'MIC_LD_LIBRARY_PATH': 'C:\\Program Files (x86)\\Common Files\\Intel\\Shared Libraries\\compiler\\lib\\intel64_win_mic', 'COMSPEC': 'C:\\WINDOWS\\system32\\cmd.exe', 'DRIVERDATA': 'C:\\Windows\\System32\\Drivers\\DriverData', 'PPYTHON_PATH': '"C:\\Panda3D-1.11.0-x64\\python\\ppython.exe"', 'TEMP': 'C:\\Users\\holla\\AppData\\Local\\Temp', 'COMMONPROGRAMFILES(X86)': 'C:\\Program Files (x86)\\Common Files', 'PROCESSOR_ARCHITECTURE': 'AMD64', 'PROGRAMFILES(X86)': 'C:\\Program Files (x86)', 'ALLUSERSPROFILE': 'C:\\ProgramData', 'LOCALAPPDATA': 'C:\\Users\\holla\\AppData\\Local', 'FPS_BROWSER_USER_PROFILE_STRING': 'Default', 'HOMEPATH': '\\Users\\holla', 'USERDOMAIN_ROAMINGPROFILE': 'HOLLYBAES-PC', 'PROGRAMW6432': 'C:\\Program Files', 'USERNAME': 'holla', 'LOGONSERVER': '\\\\HOLLYBAES-PC', 'PROMPT': '$P$G', 'SESSIONNAME': 'Console', 'PROGRAMDATA': 'C:\\ProgramData', 'ONEDRIVE': 'C:\\Users\\holla\\OneDrive - University of Guelph', 'FPS_BROWSER_APP_PROFILE_STRING': 'Internet Explorer', 'PATHEXT': '.COM;.EXE;.BAT;.CMD;.VBS;.VBE;.JS;.JSE;.WSF;.WSH;.MSC', 'TTOFF_LOGIN_TOKEN': 'dev', 'ONEDRIVECOMMERCIAL': 'C:\\Users\\holla\\OneDrive - University of Guelph', 'WINDIR': 'C:\\WINDOWS', 'APPDATA': 'C:\\Users\\holla\\AppData\\Roaming', 'HOMEDRIVE': 'C:', 'SYSTEMDRIVE': 'C:', 'NUMBER_OF_PROCESSORS': '12', 'PROCESSOR_LEVEL': '6', 'RG_GPU_FRAMEWORK_ENGINE_RESOURCEDIR': 'C:\\Program Files\\Red Giant\\RGFX', 'COMMONPROGRAMW6432': 'C:\\Program Files\\Common Files', 'OS': 'Windows_NT', 'PUBLIC': 'C:\\Users\\Public', 'USERPROFILE': 'C:\\Users\\holla'}
:03-03-2020 13:55:52 TTOffLauncher: isTestServer: 0
:03-03-2020 13:55:52 TTOffLauncher: Game Server 127.0.0.1
:03-03-2020 13:55:52 TTOffLauncher: Starting Toontown Online... 
:03-03-2020 13:55:52 TTOffLauncher: foreground: Launcher now operating in foreground
useTTOffSpecificLogin=True
:03-03-2020 13:55:52 TTOffLauncher: maybeStartGame: starting game
:03-03-2020 13:55:52 TTOffLauncher: Starting Toontown Online...
:03-03-2020 13:55:52 TTOffLauncher: background: Launcher now operating in background
ToontownStart: Polling for game2 to finish...
ToontownStart: Game2 is finished.
ToontownStart: Starting the game.
ToontownStart: setting default font
:03-03-2020 13:55:52 TTOffLauncher: setting panda error code to 7
Known pipe types:
  wglGraphicsPipe
(all display modules loaded.)
:03-03-2020 13:55:53 ToonBase: Default graphics pipe is wglGraphicsPipe (OpenGL).
:03-03-2020 13:55:53 ToonBase: Successfully opened window of type wglGraphicsWindow (OpenGL)
:03-03-2020 13:55:53 ShowBase: __dev__ == False
:03-03-2020 13:55:53 TTOffLauncher: setting panda error code to 11
:03-03-2020 13:55:53 TTOffLauncher: setting panda error code to 0
ToontownStart: Loading default gui sounds
ToontownStart: serverVersion:  tto-dev
:03-03-2020 13:55:53 Loader: starting bulk load of block 'init'
:03-03-2020 13:55:57 :nativenet(error): Buffered_DatagramConnection Constructor rbufsize = 4096000 wbufsize = 4096000 write_flush_point = 1400
:03-03-2020 13:55:57 OTPClientRepository: Using connect method 'http'
:03-03-2020 13:55:58 TTOffLauncher: getRegistry ('DEPLOYMENT', None)
:03-03-2020 13:55:58 TTOffLauncher: checking env
:03-03-2020 13:55:58 TTOffLauncher: getRegistry ('GAME_DEPLOYMENT', None)
:03-03-2020 13:55:58 TTOffLauncher: checking env
:03-03-2020 13:55:58 OTPClientRepository: reg_deployment=
:03-03-2020 13:55:58 OTPClientRepository: required-login auto.
:03-03-2020 13:55:58 OTPClientRepository: loginInterface: LoginTTOffAccount
:03-03-2020 13:55:58 TTOffLauncher: getNeedPwForSecretKey using ttoff-specific-login
:03-03-2020 13:55:58 Loader: At end of block 'init', expected 138, loaded 10, duration=5.0156946
:03-03-2020 13:55:58 OTPClientRepository: Connecting to gameserver directly (no proxy).
:03-03-2020 13:55:58 OTPClientRepository: Connecting to //127.0.0.1:7198 via HTTP interface.
:03-03-2020 13:55:58 TTOffLauncher: Stopping mini task manager.
:03-03-2020 13:55:58 OTPClientRepository: Successfully connected to //127.0.0.1:7198.
:03-03-2020 13:55:58 TTOffLauncher: Setting Disconnect Details normal
{401000001: <toontown.distributed.ToontownDistrict.ToontownDistrict instance at 0x000000001D0A0788>}
{401000001: <toontown.distributed.ToontownDistrict.ToontownDistrict instance at 0x000000001D0A0788>}
:03-03-2020 13:56:16 StateData: AvatarChooser.enter
:03-03-2020 13:56:16 DisplayOptions: settingsFullScreen = False, embedded = False width=800 height=600
:03-03-2020 13:56:16 StateData: calling self.displayOptions.restrictToEmbedded(False)
:03-03-2020 13:56:17 OTPClientRepository: ================
:03-03-2020 13:56:17 OTPClientRepository: Chose avatar id: 100000014
:03-03-2020 13:56:17 OTPClientRepository: Chose avatar name: Hollybae
:03-03-2020 13:56:17 OTPClientRepository: Chose avatar dna: ('css', 'ms', 'm', 'm', 16, 0, 16, 16, 113, 27, 18, 27, 7, 21)
:03-03-2020 13:56:17 OTPClientRepository: Chose avatar position: 5
:03-03-2020 13:56:17 OTPClientRepository: isPaid: 1
:03-03-2020 13:56:17 OTPClientRepository: freeTimeLeft: 0
:03-03-2020 13:56:17 OTPClientRepository: allowSecretChat: True
:03-03-2020 13:56:17 OTPClientRepository: ================
:03-03-2020 13:56:17 Loader: starting bulk load of block 'localAvatarPlayGame'
:03-03-2020 13:56:18 ToontownTimeManager(warning): error parsing date string=
local
:03-03-2020 13:56:18 NewsPageButtonManager(warning): Should not get here. NewsPageButtonManager.exitOff
:03-03-2020 13:56:18 :pnmimage:png(warning): iCCP: known incorrect sRGB profile
:03-03-2020 13:56:19 OTPClientRepository: Sending heartbeat mid-frame.
:03-03-2020 13:56:20 OTPClientRepository: Entering shard 401000001
:03-03-2020 13:56:20 StreetSign: Street sign url is https://ttoffline.com/images/
:03-03-2020 13:56:22 StreetSign: Street Sign is up to date
:03-03-2020 13:56:22 TimeManager: Clock sync: TimeManager.announceGenerate
:03-03-2020 13:56:22 InGameNewsMgr: latestIssue=2013-08-22 16:49:46.000003-07:00
cpu info: GenuineIntel|Intel(R) Core(TM) i7-8700K CPU @ 3.70GHz|591594|0|3.701,3.701|6,12 cpus
:03-03-2020 13:56:24 OTPClientRepository: No sync from TimeManager.
:03-03-2020 13:56:24 OTPClientRepository: gotTimeSync
:03-03-2020 13:56:24 Loader: At end of block 'localAvatarPlayGame', expected 400, loaded 13, duration=6.7005504
:03-03-2020 13:56:24 TimeManager: Clock sync roundtrip took 2222.529 ms
:03-03-2020 13:56:24 TimeManager: AI time delta is -0:02 from server delta
:03-03-2020 13:56:24 TimeManager: Local clock uncertainty +/- 1.112 s
:03-03-2020 13:56:24 TimeManager: Uncertainty is too high, trying again.
:03-03-2020 13:56:24 PlayGame: QA-REGRESSION: NEIGHBORHOODS: Visit Lawbot HQ
:03-03-2020 13:56:24 Loader: starting bulk load of block 'hood'
:03-03-2020 13:56:25 LawbotCogHQLoader: loadPlaceGeom: 13000
:03-03-2020 13:56:26 TimeManager: Clock sync roundtrip took 1613.875 ms
:03-03-2020 13:56:26 TimeManager: AI time delta is -0:02 from server delta
:03-03-2020 13:56:26 ClockDelta: previous delta at 0.057 s, +/- 1.112 s.
:03-03-2020 13:56:26 ClockDelta: new delta at -0.294 s, +/- 0.807 s.
:03-03-2020 13:56:26 ClockDelta: intersection at -0.271 s, +/- 0.784 s.
:03-03-2020 13:56:26 TimeManager: Local clock uncertainty +/- 0.784 s
:03-03-2020 13:56:26 DistributedObject: DistributedSuitPlanner 401002972: generating
:03-03-2020 13:56:26 DistributedToon: calling LocalAvatar.startchat
:03-03-2020 13:56:26 :loader(error): Couldn't load file phase_4/models/questmap/cog_hq_lawbot_maps.bam: not found on model path (currently: "/;/d/hollybae/Aly/Toontown-School-House/toontown/launcher;/c/Panda3D-1.11.0-x64/etc/..;/c/Panda3D-1.11.0-x64/etc/../models")
:03-03-2020 13:56:26 Loader: At end of block 'hood', expected 2, loaded 8, duration=1.8409817
:03-03-2020 13:56:27 Teleport(debug): teleportInDone: walk
:03-03-2020 13:56:27 :loader(error): Couldn't load file phase_4/models/questmap/cog_hq_lawbot_maps.bam: not found on model path (currently: "/;/d/hollybae/Aly/Toontown-School-House/toontown/launcher;/c/Panda3D-1.11.0-x64/etc/..;/c/Panda3D-1.11.0-x64/etc/../models")
:03-03-2020 13:56:29 TTOffMagicWordManager: Run mode has been toggled.
:03-03-2020 13:56:34 TTOffMagicWordManager: Alakazam!
:03-03-2020 13:56:34 LawbotCogHQLoader: loadPlaceGeom: 13100
:03-03-2020 13:56:34 LawbotCogHQLoader: QA-REGRESSION: COGHQ: Visit LawbotLobby
:03-03-2020 13:56:34 LawbotHQExterior: Unloading Place (13000). Fsm in final
:03-03-2020 13:56:34 DistributedObject: DistributedSuitPlanner 401002972: disabling
:03-03-2020 13:56:34 DistributedToon: calling LocalAvatar.startchat
:03-03-2020 13:56:34 :loader(error): Couldn't load file phase_4/models/questmap/cog_hq_lawbot_maps.bam: not found on model path (currently: "/;/d/hollybae/Aly/Toontown-School-House/toontown/launcher;/c/Panda3D-1.11.0-x64/etc/..;/c/Panda3D-1.11.0-x64/etc/../models")
:03-03-2020 13:56:36 :loader(error): Couldn't load file phase_4/models/questmap/cog_hq_lawbot_maps.bam: not found on model path (currently: "/;/d/hollybae/Aly/Toontown-School-House/toontown/launcher;/c/Panda3D-1.11.0-x64/etc/..;/c/Panda3D-1.11.0-x64/etc/../models")
:03-03-2020 13:56:41 TTOffMagicWordManager: Run mode has been toggled.
:03-03-2020 13:56:44 TTOffMagicWordManager: Gave Hollybae an infinite amount of pies
:03-03-2020 13:56:46 TTOffMagicWordManager: You aren't in a CJ!
:03-03-2020 13:56:48 LawbotCogHQLoader: loadPlaceGeom: 61000
:03-03-2020 13:56:48 LawbotCogHQLoader(warning): loadPlaceGeom: unclassified zone 61000
:03-03-2020 13:56:48 CogHQLobby: Unloading Place (13100). Fsm in final
:03-03-2020 13:56:49 DistributedLawbotBoss(warning): Not a collision node: LawbotCourtroom3.egg/-PandaNode/CR3/interior/CR3_Floor
:03-03-2020 13:56:49 DistributedToon: calling LocalAvatar.startchat
:03-03-2020 13:56:49 OTPClientRepository: Sending heartbeat mid-frame.
:03-03-2020 13:56:49 LawbotHQBossBattle(warning): fsm.request('movie') returned 0 (zone id 61000, avatar pos LPoint3f(-0.363562, -126.204, 0.193903)).
:03-03-2020 13:56:50 OTPClientRepository(warning): Server is booting us out (153): The session object with id 100000014 has been unexpectedly deleted.
:03-03-2020 13:56:50 OTPClientRepository(warning): Lost connection to gameserver.
:03-03-2020 13:56:50 LawbotHQBossBattle: Unloading Place (61000). Fsm in final
:03-03-2020 13:56:50 OTPClientRepository(warning): unclean exit, abandoning shard
ignoring InputState-forward
:03-03-2020 13:56:50 OTPClientRepository: sending clientLogout
:03-03-2020 13:56:50 LocalAvatar(warning): redundant call to stopUpdateSmartCamera
:03-03-2020 13:56:50 TTOffLauncher: New Disconnect Details: 153 - The district you were playing on has been reset.  Everyone who was playing on that district has been disconnected.  However, you should be able to connect again and go right back into the game. 
:03-03-2020 13:56:50 OTPClientRepository(warning): Lost connection to server. Notifying user.
:03-03-2020 13:56:50 OTPClientRepository(warning): Disable failed. DistObj 401004069 is not in dictionary, ownerView=False
:03-03-2020 13:56:50 :downloader(warning): Windows error code: 10053
:03-03-2020 13:56:50 OTPClientRepository(warning): Lost connection to gameserver.
:03-03-2020 13:56:53 OTPClientRepository: Connecting to gameserver directly (no proxy).
:03-03-2020 13:56:53 OTPClientRepository: Connecting to //127.0.0.1:7198 via HTTP interface.
:03-03-2020 13:56:53 OTPClientRepository: Successfully connected to //127.0.0.1:7198.
:03-03-2020 13:56:53 TTOffLauncher: Setting Disconnect Details normal
{401000001: <toontown.distributed.ToontownDistrict.ToontownDistrict instance at 0x00000000040DAA48>}
:03-03-2020 13:56:54 StateData: AvatarChooser.enter
:03-03-2020 13:56:54 DisplayOptions: settingsFullScreen = False, embedded = False width=800 height=600
:03-03-2020 13:56:54 StateData: calling self.displayOptions.restrictToEmbedded(False)
:03-03-2020 13:57:03 OTPClientRepository: ================
:03-03-2020 13:57:03 OTPClientRepository: Chose avatar id: 100000014
:03-03-2020 13:57:03 OTPClientRepository: Chose avatar name: Hollybae
:03-03-2020 13:57:03 OTPClientRepository: Chose avatar dna: ('css', 'ms', 'm', 'm', 16, 0, 16, 16, 113, 27, 18, 27, 7, 21)
:03-03-2020 13:57:03 OTPClientRepository: Chose avatar position: 5
:03-03-2020 13:57:03 OTPClientRepository: isPaid: 1
:03-03-2020 13:57:03 OTPClientRepository: freeTimeLeft: 0
:03-03-2020 13:57:03 OTPClientRepository: allowSecretChat: True
:03-03-2020 13:57:03 OTPClientRepository: ================
:03-03-2020 13:57:03 Loader: starting bulk load of block 'localAvatarPlayGame'
:03-03-2020 13:57:03 OTPClientRepository: Sending heartbeat mid-frame.
local
:03-03-2020 13:57:03 NewsPageButtonManager(warning): Should not get here. NewsPageButtonManager.exitOff
:03-03-2020 13:57:03 :pnmimage:png(warning): iCCP: known incorrect sRGB profile
:03-03-2020 13:57:04 OTPClientRepository: Entering shard 401000001
:03-03-2020 13:57:05 TimeManager: Clock sync: TimeManager.announceGenerate
:03-03-2020 13:57:05 InGameNewsMgr: latestIssue=2013-08-22 16:49:46.000003-07:00
cpu info: GenuineIntel|Intel(R) Core(TM) i7-8700K CPU @ 3.70GHz|591594|0|3.701,3.701|6,12 cpus
:03-03-2020 13:57:05 OTPClientRepository: No sync from TimeManager.
:03-03-2020 13:57:05 OTPClientRepository: gotTimeSync
:03-03-2020 13:57:05 Loader: At end of block 'localAvatarPlayGame', expected 400, loaded 7, duration=1.7593867
:03-03-2020 13:57:05 TimeManager: Clock sync roundtrip took 58.430 ms
:03-03-2020 13:57:05 TimeManager: AI time delta is -0:00 from server delta
:03-03-2020 13:57:05 ClockDelta: previous delta at -0.271 s, +/- 0.795 s.
:03-03-2020 13:57:05 ClockDelta: new delta at 58.198 s, +/- 0.029 s.
:03-03-2020 13:57:05 ClockDelta: discarding previous delta.
:03-03-2020 13:57:05 TimeManager: Local clock uncertainty +/- 0.029 s
:03-03-2020 13:57:05 PlayGame: QA-REGRESSION: NEIGHBORHOODS: Visit Lawbot HQ
:03-03-2020 13:57:05 Loader: starting bulk load of block 'hood'
:03-03-2020 13:57:05 LawbotCogHQLoader: loadPlaceGeom: 13000
:03-03-2020 13:57:05 DistributedObject: DistributedSuitPlanner 401002972: generating
:03-03-2020 13:57:05 DistributedToon: calling LocalAvatar.startchat
:03-03-2020 13:57:05 :loader(error): Couldn't load file phase_4/models/questmap/cog_hq_lawbot_maps.bam: not found on model path (currently: "/;/d/hollybae/Aly/Toontown-School-House/toontown/launcher;/c/Panda3D-1.11.0-x64/etc/..;/c/Panda3D-1.11.0-x64/etc/../models")
:03-03-2020 13:57:05 Loader: At end of block 'hood', expected 2, loaded 3, duration=0.6888293
:03-03-2020 13:57:07 Teleport(debug): teleportInDone: walk
:03-03-2020 13:57:07 :loader(error): Couldn't load file phase_4/models/questmap/cog_hq_lawbot_maps.bam: not found on model path (currently: "/;/d/hollybae/Aly/Toontown-School-House/toontown/launcher;/c/Panda3D-1.11.0-x64/etc/..;/c/Panda3D-1.11.0-x64/etc/../models")
:03-03-2020 13:57:08 TTOffMagicWordManager: Run mode has been toggled.
:03-03-2020 13:57:12 LawbotCogHQLoader: loadPlaceGeom: 13100
:03-03-2020 13:57:12 LawbotCogHQLoader: QA-REGRESSION: COGHQ: Visit LawbotLobby
:03-03-2020 13:57:12 LawbotHQExterior: Unloading Place (13000). Fsm in final
:03-03-2020 13:57:12 DistributedObject: DistributedSuitPlanner 401002972: disabling
:03-03-2020 13:57:12 DistributedToon: calling LocalAvatar.startchat
:03-03-2020 13:57:12 :loader(error): Couldn't load file phase_4/models/questmap/cog_hq_lawbot_maps.bam: not found on model path (currently: "/;/d/hollybae/Aly/Toontown-School-House/toontown/launcher;/c/Panda3D-1.11.0-x64/etc/..;/c/Panda3D-1.11.0-x64/etc/../models")
:03-03-2020 13:57:14 :loader(error): Couldn't load file phase_4/models/questmap/cog_hq_lawbot_maps.bam: not found on model path (currently: "/;/d/hollybae/Aly/Toontown-School-House/toontown/launcher;/c/Panda3D-1.11.0-x64/etc/..;/c/Panda3D-1.11.0-x64/etc/../models")
:03-03-2020 13:57:26 LawbotCogHQLoader: loadPlaceGeom: 61000
:03-03-2020 13:57:26 LawbotCogHQLoader(warning): loadPlaceGeom: unclassified zone 61000
:03-03-2020 13:57:26 CogHQLobby: Unloading Place (13100). Fsm in final
:03-03-2020 13:57:26 DistributedLawbotBoss(warning): Not a collision node: LawbotCourtroom3.egg/-PandaNode/CR3/interior/CR3_Floor
:03-03-2020 13:57:26 DistributedToon: calling LocalAvatar.startchat
:03-03-2020 13:57:26 LawbotHQBossBattle(warning): fsm.request('movie') returned 0 (zone id 61000, avatar pos LPoint3f(-0.363562, -126.204, 0.193903)).
:03-03-2020 13:57:27 OTPClientRepository(warning): Server is booting us out (153): The session object with id 100000014 has been unexpectedly deleted.
:03-03-2020 13:57:27 OTPClientRepository(warning): Lost connection to gameserver.
:03-03-2020 13:57:27 LawbotHQBossBattle: Unloading Place (61000). Fsm in final
:03-03-2020 13:57:27 OTPClientRepository(warning): unclean exit, abandoning shard
ignoring InputState-forward
:03-03-2020 13:57:27 OTPClientRepository: sending clientLogout
:03-03-2020 13:57:27 LocalAvatar(warning): redundant call to stopUpdateSmartCamera
:03-03-2020 13:57:27 TTOffLauncher: New Disconnect Details: 153 - The district you were playing on has been reset.  Everyone who was playing on that district has been disconnected.  However, you should be able to connect again and go right back into the game. 
:03-03-2020 13:57:27 OTPClientRepository(warning): Lost connection to server. Notifying user.
:03-03-2020 13:57:27 OTPClientRepository(warning): Disable failed. DistObj 401004023 is not in dictionary, ownerView=False
:03-03-2020 13:57:27 :downloader(warning): Windows error code: 10053
:03-03-2020 13:57:27 OTPClientRepository(warning): Lost connection to gameserver.
:03-03-2020 13:57:28 OTPClientRepository: Connecting to gameserver directly (no proxy).
:03-03-2020 13:57:28 OTPClientRepository: Connecting to //127.0.0.1:7198 via HTTP interface.
:03-03-2020 13:57:28 OTPClientRepository: Successfully connected to //127.0.0.1:7198.
:03-03-2020 13:57:28 TTOffLauncher: Setting Disconnect Details normal
{401000001: <toontown.distributed.ToontownDistrict.ToontownDistrict instance at 0x000000000338FE48>}
