

Starting Toontown Online...
Current time: Thu Dec  5 00:09:49 2019 Eastern Standard Time
sys.path =  ['', 'C:\\Panda3D-1.11.0-x64\\python\\python27.zip', 'C:\\Panda3D-1.11.0-x64', 'C:\\Panda3D-1.11.0-x64\\python\\DLLs', 'C:\\Panda3D-1.11.0-x64\\python\\lib', 'C:\\Panda3D-1.11.0-x64\\python\\lib\\plat-win', 'C:\\Panda3D-1.11.0-x64\\python\\lib\\lib-tk', 'C:\\Panda3D-1.11.0-x64\\python', 'C:\\Panda3D-1.11.0-x64\\bin', 'C:\\Panda3D-1.11.0-x64\\python\\lib\\site-packages']
sys.argv =  ['D:\\hollybae\\Aly\\Toontown-School-House\\toontown\\launcher\\TTOffQuickStartLauncher.py']
generating standard configrc
os.environ =  {'TMP': 'C:\\Users\\holla\\AppData\\Local\\Temp', 'COMPUTERNAME': 'HOLLYBAES-PC', 'USERDOMAIN': 'HOLLYBAES-PC', 'INTEL_DEV_REDIST': 'C:\\Program Files (x86)\\Common Files\\Intel\\Shared Libraries\\', 'PSMODULEPATH': 'C:\\Program Files\\WindowsPowerShell\\Modules;C:\\WINDOWS\\system32\\WindowsPowerShell\\v1.0\\Modules', 'COMMONPROGRAMFILES': 'C:\\Program Files\\Common Files', 'PROCESSOR_IDENTIFIER': 'Intel64 Family 6 Model 158 Stepping 10, GenuineIntel', 'VBOX_MSI_INSTALL_PATH': 'C:\\Program Files\\Oracle\\VirtualBox\\', 'PROGRAMFILES': 'C:\\Program Files', 'PROCESSOR_REVISION': '9e0a', 'PATH': 'C:\\Panda3D-1.11.0-x64\\panda3d\\..\\bin;C:\\Program Files (x86)\\Razer\\ChromaBroadcast\\bin;C:\\Program Files\\Razer\\ChromaBroadcast\\bin;C:\\Program Files (x86)\\Common Files\\Intel\\Shared Libraries\\redist\\intel64_win\\compiler;C:\\Program Files (x86)\\Common Files\\Oracle\\Java\\javapath;C:\\Program Files (x86)\\Common Files\\Intel\\Shared Libraries\\redist\\intel64\\compiler;C:\\WINDOWS\\system32;C:\\WINDOWS;C:\\WINDOWS\\System32\\Wbem;C:\\WINDOWS\\System32\\WindowsPowerShell\\v1.0\\;C:\\WINDOWS\\System32\\OpenSSH\\;C:\\Program Files\\NVIDIA Corporation\\NVIDIA NGX;C:\\Program Files (x86)\\NVIDIA Corporation\\PhysX\\Common;C:\\Program Files\\NVIDIA Corporation\\NVIDIA NvDLISR;C:\\WINDOWS\\system32;C:\\WINDOWS;C:\\WINDOWS\\System32\\Wbem;C:\\WINDOWS\\System32\\WindowsPowerShell\\v1.0\\;C:\\WINDOWS\\System32\\OpenSSH\\;D:\\hollybae\\ffmpeg-4.1.3-win64-static\\ffmpeg-4.1.3-win64-static\\bin;C:\\Program Files\\dotnet\\;C:\\WINDOWS\\system32\\config\\systemprofile\\AppData\\Local\\Microsoft\\WindowsApps;C:\\Users\\holla\\AppData\\Local\\Microsoft\\WindowsApps;C:\\Panda3D-1.10.4.1-x64\\python;C:\\Panda3D-1.10.4.1-x64\\python\\Scripts;C:\\Panda3D-1.10.4.1-x64\\bin;C:\\Panda3D-1.11.0-x64\\python;C:\\Panda3D-1.11.0-x64\\python\\Scripts;C:\\Panda3D-1.11.0-x64\\bin', 'SYSTEMROOT': 'C:\\WINDOWS', 'MIC_LD_LIBRARY_PATH': 'C:\\Program Files (x86)\\Common Files\\Intel\\Shared Libraries\\compiler\\lib\\intel64_win_mic', 'COMSPEC': 'C:\\WINDOWS\\system32\\cmd.exe', 'DRIVERDATA': 'C:\\Windows\\System32\\Drivers\\DriverData', 'PPYTHON_PATH': '"C:\\Panda3D-1.11.0-x64\\python\\ppython.exe"', 'TEMP': 'C:\\Users\\holla\\AppData\\Local\\Temp', 'COMMONPROGRAMFILES(X86)': 'C:\\Program Files (x86)\\Common Files', 'PROCESSOR_ARCHITECTURE': 'AMD64', 'PROGRAMFILES(X86)': 'C:\\Program Files (x86)', 'ALLUSERSPROFILE': 'C:\\ProgramData', 'LOCALAPPDATA': 'C:\\Users\\holla\\AppData\\Local', 'FPS_BROWSER_USER_PROFILE_STRING': 'Default', 'HOMEPATH': '\\Users\\holla', 'USERDOMAIN_ROAMINGPROFILE': 'HOLLYBAES-PC', 'PROGRAMW6432': 'C:\\Program Files', 'USERNAME': 'holla', 'LOGONSERVER': '\\\\HOLLYBAES-PC', 'PROMPT': '$P$G', 'SESSIONNAME': 'Console', 'PROGRAMDATA': 'C:\\ProgramData', 'ONEDRIVE': 'C:\\Users\\holla\\OneDrive', 'FPS_BROWSER_APP_PROFILE_STRING': 'Internet Explorer', 'PATHEXT': '.COM;.EXE;.BAT;.CMD;.VBS;.VBE;.JS;.JSE;.WSF;.WSH;.MSC', 'TTOFF_LOGIN_TOKEN': 'dev', 'WINDIR': 'C:\\WINDOWS', 'APPDATA': 'C:\\Users\\holla\\AppData\\Roaming', 'HOMEDRIVE': 'C:', 'SYSTEMDRIVE': 'C:', 'NUMBER_OF_PROCESSORS': '12', 'PROCESSOR_LEVEL': '6', 'COMMONPROGRAMW6432': 'C:\\Program Files\\Common Files', 'OS': 'Windows_NT', 'PUBLIC': 'C:\\Users\\Public', 'USERPROFILE': 'C:\\Users\\holla'}
:12-05-2019 00:09:49 TTOffLauncher: isTestServer: 0
:12-05-2019 00:09:49 TTOffLauncher: Game Server 127.0.0.1
:12-05-2019 00:09:49 TTOffLauncher: Starting Toontown Online... 
:12-05-2019 00:09:49 TTOffLauncher: foreground: Launcher now operating in foreground
useTTOffSpecificLogin=True
:12-05-2019 00:09:49 TTOffLauncher: maybeStartGame: starting game
:12-05-2019 00:09:49 TTOffLauncher: Starting Toontown Online...
:12-05-2019 00:09:49 TTOffLauncher: background: Launcher now operating in background
ToontownStart: Polling for game2 to finish...
ToontownStart: Game2 is finished.
ToontownStart: Starting the game.
ToontownStart: setting default font
:12-05-2019 00:09:49 TTOffLauncher: setting panda error code to 7
Known pipe types:
  wglGraphicsPipe
(all display modules loaded.)
:12-05-2019 00:09:50 ToonBase: Default graphics pipe is wglGraphicsPipe (OpenGL).
:12-05-2019 00:09:50 ToonBase: Successfully opened window of type wglGraphicsWindow (OpenGL)
:12-05-2019 00:09:50 ShowBase: __dev__ == False
:12-05-2019 00:09:50 TTOffLauncher: setting panda error code to 11
:12-05-2019 00:09:50 TTOffLauncher: setting panda error code to 0
ToontownStart: Loading default gui sounds
ToontownStart: serverVersion:  tto-dev
:12-05-2019 00:09:50 Loader: starting bulk load of block 'init'
:12-05-2019 00:09:54 :nativenet(error): Buffered_DatagramConnection Constructor rbufsize = 4096000 wbufsize = 4096000 write_flush_point = 1400
:12-05-2019 00:09:54 OTPClientRepository: Using connect method 'http'
:12-05-2019 00:09:55 TTOffLauncher: getRegistry ('DEPLOYMENT', None)
:12-05-2019 00:09:55 TTOffLauncher: checking env
:12-05-2019 00:09:55 TTOffLauncher: getRegistry ('GAME_DEPLOYMENT', None)
:12-05-2019 00:09:55 TTOffLauncher: checking env
:12-05-2019 00:09:55 OTPClientRepository: reg_deployment=
:12-05-2019 00:09:55 OTPClientRepository: required-login auto.
:12-05-2019 00:09:55 OTPClientRepository: loginInterface: LoginTTOffAccount
:12-05-2019 00:09:55 TTOffLauncher: getNeedPwForSecretKey using ttoff-specific-login
:12-05-2019 00:09:55 Loader: At end of block 'init', expected 138, loaded 9, duration=5.2978624
:12-05-2019 00:09:55 OTPClientRepository: Connecting to gameserver directly (no proxy).
:12-05-2019 00:09:55 OTPClientRepository: Connecting to //127.0.0.1:7198 via HTTP interface.
:12-05-2019 00:09:55 TTOffLauncher: Stopping mini task manager.
:12-05-2019 00:09:55 OTPClientRepository: Successfully connected to //127.0.0.1:7198.
:12-05-2019 00:09:55 TTOffLauncher: Setting Disconnect Details normal
{401000001: <toontown.distributed.ToontownDistrict.ToontownDistrict instance at 0x000000001D9A1748>}
{401000001: <toontown.distributed.ToontownDistrict.ToontownDistrict instance at 0x000000001D9A1748>}
:12-05-2019 00:11:32 StateData: AvatarChooser.enter
:12-05-2019 00:11:32 DisplayOptions: settingsFullScreen = False, embedded = False width=800 height=600
:12-05-2019 00:11:32 StateData: calling self.displayOptions.restrictToEmbedded(False)
:12-05-2019 00:14:16 OTPClientRepository: ================
:12-05-2019 00:14:16 OTPClientRepository: Chose avatar id: 100000014
:12-05-2019 00:14:16 OTPClientRepository: Chose avatar name: Hollybae
:12-05-2019 00:14:16 OTPClientRepository: Chose avatar dna: ('css', 'ms', 'm', 'm', 16, 0, 16, 16, 113, 27, 18, 27, 7, 21)
:12-05-2019 00:14:16 OTPClientRepository: Chose avatar position: 5
:12-05-2019 00:14:16 OTPClientRepository: isPaid: 1
:12-05-2019 00:14:16 OTPClientRepository: freeTimeLeft: 0
:12-05-2019 00:14:16 OTPClientRepository: allowSecretChat: True
:12-05-2019 00:14:16 OTPClientRepository: ================
:12-05-2019 00:14:17 Loader: starting bulk load of block 'localAvatarPlayGame'
:12-05-2019 00:14:17 ToontownTimeManager(warning): error parsing date string=
local
:12-05-2019 00:14:18 NewsPageButtonManager(warning): Should not get here. NewsPageButtonManager.exitOff
:12-05-2019 00:14:18 :pnmimage:png(warning): iCCP: known incorrect sRGB profile
:12-05-2019 00:14:20 OTPClientRepository: Entering shard 401000001
:12-05-2019 00:14:20 StreetSign: Street sign url is https://ttoffline.com/images/
:12-05-2019 00:14:20 :downloader(error): Failed to resolve ttoffline.com: No such host is known. 
:12-05-2019 00:14:20 TimeManager: Clock sync: TimeManager.announceGenerate
:12-05-2019 00:14:20 NewsManager: setHolidayId: Starting Holiday 7
:12-05-2019 00:14:20 InGameNewsMgr: latestIssue=2013-08-22 16:49:46.000003-07:00
cpu info: GenuineIntel|Intel(R) Core(TM) i7-8700K CPU @ 3.70GHz|591594|0|3.701,3.701|6,12 cpus
:12-05-2019 00:14:22 OTPClientRepository: No sync from TimeManager.
:12-05-2019 00:14:22 OTPClientRepository: gotTimeSync
:12-05-2019 00:14:22 Loader: At end of block 'localAvatarPlayGame', expected 400, loaded 16, duration=5.1267535
:12-05-2019 00:14:22 TimeManager: Clock sync roundtrip took 1879.877 ms
:12-05-2019 00:14:22 TimeManager: AI time delta is -0:02 from server delta
:12-05-2019 00:14:22 TimeManager: Local clock uncertainty +/- 0.940 s
:12-05-2019 00:14:22 PlayGame: QA-REGRESSION: NEIGHBORHOODS: Visit Lawbot HQ
:12-05-2019 00:14:22 Loader: starting bulk load of block 'hood'
:12-05-2019 00:14:23 LawbotCogHQLoader: loadPlaceGeom: 13000
:12-05-2019 00:14:23 DistributedObject: DistributedSuitPlanner 401002972: generating
:12-05-2019 00:14:23 DistributedToon: calling LocalAvatar.startchat
:12-05-2019 00:14:23 :loader(error): Couldn't load file phase_4/models/questmap/cog_hq_lawbot_maps.bam: not found on model path (currently: "/;/d/hollybae/Aly/Toontown-School-House/toontown/launcher;/c/Panda3D-1.11.0-x64/etc/..;/c/Panda3D-1.11.0-x64/etc/../models")
:12-05-2019 00:14:24 Loader: At end of block 'hood', expected 2, loaded 8, duration=1.7352814
:12-05-2019 00:14:25 Teleport(debug): teleportInDone: walk
:12-05-2019 00:14:25 :loader(error): Couldn't load file phase_4/models/questmap/cog_hq_lawbot_maps.bam: not found on model path (currently: "/;/d/hollybae/Aly/Toontown-School-House/toontown/launcher;/c/Panda3D-1.11.0-x64/etc/..;/c/Panda3D-1.11.0-x64/etc/../models")
:12-05-2019 00:14:28 TTOffMagicWordManager: Run mode has been toggled.
:12-05-2019 00:14:34 LawbotCogHQLoader: loadPlaceGeom: 13100
:12-05-2019 00:14:34 LawbotCogHQLoader: QA-REGRESSION: COGHQ: Visit LawbotLobby
:12-05-2019 00:14:34 LawbotHQExterior: Unloading Place (13000). Fsm in final
:12-05-2019 00:14:34 DistributedObject: DistributedSuitPlanner 401002972: disabling
:12-05-2019 00:14:34 DistributedToon: calling LocalAvatar.startchat
:12-05-2019 00:14:34 :loader(error): Couldn't load file phase_4/models/questmap/cog_hq_lawbot_maps.bam: not found on model path (currently: "/;/d/hollybae/Aly/Toontown-School-House/toontown/launcher;/c/Panda3D-1.11.0-x64/etc/..;/c/Panda3D-1.11.0-x64/etc/../models")
:12-05-2019 00:14:35 :loader(error): Couldn't load file phase_4/models/questmap/cog_hq_lawbot_maps.bam: not found on model path (currently: "/;/d/hollybae/Aly/Toontown-School-House/toontown/launcher;/c/Panda3D-1.11.0-x64/etc/..;/c/Panda3D-1.11.0-x64/etc/../models")
:12-05-2019 00:14:40 TTOffMagicWordManager: Run mode has been toggled.
:12-05-2019 00:14:45 TTOffMagicWordManager: Gave Hollybae an infinite amount of pies
:12-05-2019 00:14:48 LawbotCogHQLoader: loadPlaceGeom: 61000
:12-05-2019 00:14:48 LawbotCogHQLoader(warning): loadPlaceGeom: unclassified zone 61000
:12-05-2019 00:14:48 CogHQLobby: Unloading Place (13100). Fsm in final
:12-05-2019 00:14:48 DistributedLawbotBoss(warning): Not a collision node: LawbotCourtroom3.egg/-PandaNode/CR3/interior/CR3_Floor
:12-05-2019 00:14:48 DistributedToon: calling LocalAvatar.startchat
:12-05-2019 00:14:48 LawbotHQBossBattle(warning): fsm.request('movie') returned 0 (zone id 61000, avatar pos LPoint3f(-0.363562, -126.204, 0.193903)).
:12-05-2019 00:14:50 TTOffMagicWordManager: Restarting Scale Round
:12-05-2019 00:14:51 GarbageCollect(warning): garbage found, reverting gc threshold
:12-05-2019 00:17:00 TTOffMagicWordManager: Hollybae's laff has been set to 671.
:12-05-2019 00:18:16 ToontownChatManager: QA-REGRESSION: CHAT: Speedchat
Traceback (most recent call last):
  File "C:\Panda3D-1.11.0-x64\direct\showbase\EventManager.py", line 49, in eventLoopTask
    self.doEvents()
  File "C:\Panda3D-1.11.0-x64\direct\showbase\EventManager.py", line 43, in doEvents
    processFunc(dequeueFunc())
  File "C:\Panda3D-1.11.0-x64\direct\showbase\EventManager.py", line 99, in processEvent
    messenger.send(eventName, paramList)
  File "C:\Panda3D-1.11.0-x64\direct\showbase\Messenger.py", line 333, in send
    self.__dispatch(acceptorDict, event, sentArgs, foundWatch)
  File "C:\Panda3D-1.11.0-x64\direct\showbase\Messenger.py", line 418, in __dispatch
    result = method (*(extraArgs + sentArgs))
  File "otp\speedchat\SCTerminal.py", line 90, in onMouseClick
    self.handleSelect(displayType)
  File "otp\speedchat\SCEmoteTerminal.py", line 97, in handleSelect
    messenger.send(self.getEventName(SCEmoteMsgEvent), [self.emoteId, displayType])
  File "C:\Panda3D-1.11.0-x64\direct\showbase\Messenger.py", line 333, in send
    self.__dispatch(acceptorDict, event, sentArgs, foundWatch)
  File "C:\Panda3D-1.11.0-x64\direct\showbase\Messenger.py", line 418, in __dispatch
    result = method (*(extraArgs + sentArgs))
TypeError: handleEmoteMsg() takes exactly 2 arguments (3 given)
:12-05-2019 00:18:18 :task(error): Exception occurred in PythonTask eventManager
:12-05-2019 00:18:18 TTOffLauncher: setting panda error code to 12
:12-05-2019 00:18:18 TTOffLauncher(warning): Handling Python exception.
:12-05-2019 00:18:18 TimeManager: Client disconnect reason 3.
:12-05-2019 00:18:18 TimeManager: Client exception: direct.showbase.Messenger:420, direct.showbase.Messenger:335, otp.speedchat.SCEmoteTerminal:97, otp.speedchat.SCTerminal:90, TypeError: handleEmoteMsg() takes exactly 2 arguments (3 given)
:12-05-2019 00:18:18 OTPClientRepository: Sent disconnect message to server
:12-05-2019 00:18:18 OTPClientRepository: Closing connection to server.
:12-05-2019 00:18:18 TTOffLauncher: Exception exit.

Traceback (most recent call last):
  File "otp\launcher\LauncherBase.py", line 1081, in mainLoop
    self._runTaskManager()
  File "otp\launcher\LauncherBase.py", line 1052, in _runTaskManager
    taskMgr.run()
  File "C:\Panda3D-1.11.0-x64\direct\task\Task.py", line 528, in run
    self.step()
  File "C:\Panda3D-1.11.0-x64\direct\task\Task.py", line 482, in step
    self.mgr.poll()
  File "C:\Panda3D-1.11.0-x64\direct\showbase\EventManager.py", line 49, in eventLoopTask
    self.doEvents()
  File "C:\Panda3D-1.11.0-x64\direct\showbase\EventManager.py", line 43, in doEvents
    processFunc(dequeueFunc())
  File "C:\Panda3D-1.11.0-x64\direct\showbase\EventManager.py", line 99, in processEvent
    messenger.send(eventName, paramList)
  File "C:\Panda3D-1.11.0-x64\direct\showbase\Messenger.py", line 333, in send
    self.__dispatch(acceptorDict, event, sentArgs, foundWatch)
  File "C:\Panda3D-1.11.0-x64\direct\showbase\Messenger.py", line 418, in __dispatch
    result = method (*(extraArgs + sentArgs))
  File "otp\speedchat\SCTerminal.py", line 90, in onMouseClick
    self.handleSelect(displayType)
  File "otp\speedchat\SCEmoteTerminal.py", line 97, in handleSelect
    messenger.send(self.getEventName(SCEmoteMsgEvent), [self.emoteId, displayType])
  File "C:\Panda3D-1.11.0-x64\direct\showbase\Messenger.py", line 333, in send
    self.__dispatch(acceptorDict, event, sentArgs, foundWatch)
  File "C:\Panda3D-1.11.0-x64\direct\showbase\Messenger.py", line 418, in __dispatch
    result = method (*(extraArgs + sentArgs))
TypeError: handleEmoteMsg() takes exactly 2 arguments (3 given)
