

Starting Toontown Online...
Current time: Tue Feb 18 04:21:03 2020 Eastern Standard Time
sys.path =  ['', 'C:\\Panda3D-1.11.0-x64\\python\\python27.zip', 'C:\\Panda3D-1.11.0-x64', 'C:\\Panda3D-1.11.0-x64\\python\\DLLs', 'C:\\Panda3D-1.11.0-x64\\python\\lib', 'C:\\Panda3D-1.11.0-x64\\python\\lib\\plat-win', 'C:\\Panda3D-1.11.0-x64\\python\\lib\\lib-tk', 'C:\\Panda3D-1.11.0-x64\\python', 'C:\\Panda3D-1.11.0-x64\\bin', 'C:\\Panda3D-1.11.0-x64\\python\\lib\\site-packages']
sys.argv =  ['D:\\hollybae\\Aly\\Toontown-School-House\\toontown\\launcher\\TTOffQuickStartLauncher.py']
generating standard configrc
os.environ =  {'TMP': 'C:\\Users\\holla\\AppData\\Local\\Temp', 'COMPUTERNAME': 'HOLLYBAES-PC', 'USERDOMAIN': 'HOLLYBAES-PC', 'INTEL_DEV_REDIST': 'C:\\Program Files (x86)\\Common Files\\Intel\\Shared Libraries\\', 'PSMODULEPATH': 'C:\\Program Files\\WindowsPowerShell\\Modules;C:\\WINDOWS\\system32\\WindowsPowerShell\\v1.0\\Modules', 'COMMONPROGRAMFILES': 'C:\\Program Files\\Common Files', 'PROCESSOR_IDENTIFIER': 'Intel64 Family 6 Model 158 Stepping 10, GenuineIntel', 'VBOX_MSI_INSTALL_PATH': 'C:\\Program Files\\Oracle\\VirtualBox\\', 'PROGRAMFILES': 'C:\\Program Files', 'PROCESSOR_REVISION': '9e0a', 'PATH': 'C:\\Panda3D-1.11.0-x64\\panda3d\\..\\bin;C:\\Program Files (x86)\\Razer\\ChromaBroadcast\\bin;C:\\Program Files\\Razer\\ChromaBroadcast\\bin;C:\\Program Files (x86)\\Common Files\\Intel\\Shared Libraries\\redist\\intel64_win\\compiler;C:\\Program Files (x86)\\Common Files\\Oracle\\Java\\javapath;C:\\Program Files (x86)\\Common Files\\Intel\\Shared Libraries\\redist\\intel64\\compiler;C:\\WINDOWS\\system32;C:\\WINDOWS;C:\\WINDOWS\\System32\\Wbem;C:\\WINDOWS\\System32\\WindowsPowerShell\\v1.0\\;C:\\WINDOWS\\System32\\OpenSSH\\;C:\\Program Files\\NVIDIA Corporation\\NVIDIA NGX;C:\\Program Files (x86)\\NVIDIA Corporation\\PhysX\\Common;C:\\Program Files\\NVIDIA Corporation\\NVIDIA NvDLISR;C:\\WINDOWS\\system32;C:\\WINDOWS;C:\\WINDOWS\\System32\\Wbem;C:\\WINDOWS\\System32\\WindowsPowerShell\\v1.0\\;C:\\WINDOWS\\System32\\OpenSSH\\;D:\\hollybae\\ffmpeg-4.1.3-win64-static\\ffmpeg-4.1.3-win64-static\\bin;C:\\Program Files\\dotnet\\;C:\\WINDOWS\\system32\\config\\systemprofile\\AppData\\Local\\Microsoft\\WindowsApps;C:\\Program Files (x86)\\QuickTime\\QTSystem\\;C:\\Users\\holla\\AppData\\Local\\Microsoft\\WindowsApps;C:\\Panda3D-1.10.4.1-x64\\python;C:\\Panda3D-1.10.4.1-x64\\python\\Scripts;C:\\Panda3D-1.10.4.1-x64\\bin;C:\\Panda3D-1.11.0-x64\\python;C:\\Panda3D-1.11.0-x64\\python\\Scripts;C:\\Panda3D-1.11.0-x64\\bin', 'SYSTEMROOT': 'C:\\WINDOWS', 'MIC_LD_LIBRARY_PATH': 'C:\\Program Files (x86)\\Common Files\\Intel\\Shared Libraries\\compiler\\lib\\intel64_win_mic', 'COMSPEC': 'C:\\WINDOWS\\system32\\cmd.exe', 'DRIVERDATA': 'C:\\Windows\\System32\\Drivers\\DriverData', 'PPYTHON_PATH': '"C:\\Panda3D-1.11.0-x64\\python\\ppython.exe"', 'TEMP': 'C:\\Users\\holla\\AppData\\Local\\Temp', 'COMMONPROGRAMFILES(X86)': 'C:\\Program Files (x86)\\Common Files', 'PROCESSOR_ARCHITECTURE': 'AMD64', 'PROGRAMFILES(X86)': 'C:\\Program Files (x86)', 'ALLUSERSPROFILE': 'C:\\ProgramData', 'LOCALAPPDATA': 'C:\\Users\\holla\\AppData\\Local', 'FPS_BROWSER_USER_PROFILE_STRING': 'Default', 'HOMEPATH': '\\Users\\holla', 'USERDOMAIN_ROAMINGPROFILE': 'HOLLYBAES-PC', 'PROGRAMW6432': 'C:\\Program Files', 'USERNAME': 'holla', 'LOGONSERVER': '\\\\HOLLYBAES-PC', 'PROMPT': '$P$G', 'SESSIONNAME': 'Console', 'PROGRAMDATA': 'C:\\ProgramData', 'ONEDRIVE': 'C:\\Users\\holla\\OneDrive - University of Guelph', 'FPS_BROWSER_APP_PROFILE_STRING': 'Internet Explorer', 'PATHEXT': '.COM;.EXE;.BAT;.CMD;.VBS;.VBE;.JS;.JSE;.WSF;.WSH;.MSC', 'TTOFF_LOGIN_TOKEN': 'dev', 'ONEDRIVECOMMERCIAL': 'C:\\Users\\holla\\OneDrive - University of Guelph', 'WINDIR': 'C:\\WINDOWS', 'APPDATA': 'C:\\Users\\holla\\AppData\\Roaming', 'HOMEDRIVE': 'C:', 'SYSTEMDRIVE': 'C:', 'NUMBER_OF_PROCESSORS': '12', 'PROCESSOR_LEVEL': '6', 'RG_GPU_FRAMEWORK_ENGINE_RESOURCEDIR': 'C:\\Program Files\\Red Giant\\RGFX', 'COMMONPROGRAMW6432': 'C:\\Program Files\\Common Files', 'OS': 'Windows_NT', 'PUBLIC': 'C:\\Users\\Public', 'USERPROFILE': 'C:\\Users\\holla'}
:02-18-2020 04:21:03 TTOffLauncher: isTestServer: 0
:02-18-2020 04:21:03 TTOffLauncher: Game Server 127.0.0.1
:02-18-2020 04:21:03 TTOffLauncher: Starting Toontown Online... 
:02-18-2020 04:21:03 TTOffLauncher: foreground: Launcher now operating in foreground
useTTOffSpecificLogin=True
:02-18-2020 04:21:03 TTOffLauncher: maybeStartGame: starting game
:02-18-2020 04:21:03 TTOffLauncher: Starting Toontown Online...
:02-18-2020 04:21:03 TTOffLauncher: background: Launcher now operating in background
ToontownStart: Polling for game2 to finish...
ToontownStart: Game2 is finished.
ToontownStart: Starting the game.
ToontownStart: setting default font
:02-18-2020 04:21:03 TTOffLauncher: setting panda error code to 7
Known pipe types:
  wglGraphicsPipe
(all display modules loaded.)
:02-18-2020 04:21:03 ToonBase: Default graphics pipe is wglGraphicsPipe (OpenGL).
:02-18-2020 04:21:04 ToonBase: Successfully opened window of type wglGraphicsWindow (OpenGL)
:02-18-2020 04:21:04 ShowBase: __dev__ == False
:02-18-2020 04:21:04 TTOffLauncher: setting panda error code to 11
:02-18-2020 04:21:04 TTOffLauncher: setting panda error code to 0
ToontownStart: Loading default gui sounds
ToontownStart: serverVersion:  tto-dev
:02-18-2020 04:21:04 Loader: starting bulk load of block 'init'
:02-18-2020 04:21:06 :nativenet(error): Buffered_DatagramConnection Constructor rbufsize = 4096000 wbufsize = 4096000 write_flush_point = 1400
:02-18-2020 04:21:06 OTPClientRepository: Using connect method 'http'
:02-18-2020 04:21:11 TTOffLauncher: getRegistry ('DEPLOYMENT', None)
:02-18-2020 04:21:11 TTOffLauncher: checking env
:02-18-2020 04:21:11 TTOffLauncher: getRegistry ('GAME_DEPLOYMENT', None)
:02-18-2020 04:21:11 TTOffLauncher: checking env
:02-18-2020 04:21:11 OTPClientRepository: reg_deployment=
:02-18-2020 04:21:11 OTPClientRepository: required-login auto.
:02-18-2020 04:21:11 OTPClientRepository: loginInterface: LoginTTOffAccount
:02-18-2020 04:21:11 TTOffLauncher: getNeedPwForSecretKey using ttoff-specific-login
:02-18-2020 04:21:11 Loader: At end of block 'init', expected 138, loaded 9, duration=7.2535836
:02-18-2020 04:21:11 OTPClientRepository: Connecting to gameserver directly (no proxy).
:02-18-2020 04:21:11 OTPClientRepository: Connecting to //127.0.0.1:7198 via HTTP interface.
:02-18-2020 04:21:11 TTOffLauncher: Stopping mini task manager.
:02-18-2020 04:21:11 OTPClientRepository: Successfully connected to //127.0.0.1:7198.
:02-18-2020 04:21:11 TTOffLauncher: Setting Disconnect Details normal
{401000001: <toontown.distributed.ToontownDistrict.ToontownDistrict instance at 0x000000001CEEC7C8>}
:02-18-2020 04:21:12 StateData: AvatarChooser.enter
:02-18-2020 04:21:12 DisplayOptions: settingsFullScreen = False, embedded = False width=800 height=600
:02-18-2020 04:21:12 StateData: calling self.displayOptions.restrictToEmbedded(False)
:02-18-2020 04:21:14 OTPClientRepository: ================
:02-18-2020 04:21:14 OTPClientRepository: Chose avatar id: 100000014
:02-18-2020 04:21:14 OTPClientRepository: Chose avatar name: Hollybae
:02-18-2020 04:21:14 OTPClientRepository: Chose avatar dna: ('css', 'ms', 'm', 'm', 16, 0, 16, 16, 113, 27, 18, 27, 7, 21)
:02-18-2020 04:21:14 OTPClientRepository: Chose avatar position: 5
:02-18-2020 04:21:14 OTPClientRepository: isPaid: 1
:02-18-2020 04:21:14 OTPClientRepository: freeTimeLeft: 0
:02-18-2020 04:21:14 OTPClientRepository: allowSecretChat: True
:02-18-2020 04:21:14 OTPClientRepository: ================
:02-18-2020 04:21:14 Loader: starting bulk load of block 'localAvatarPlayGame'
:02-18-2020 04:21:15 ToontownTimeManager(warning): error parsing date string=
local
:02-18-2020 04:21:15 NewsPageButtonManager(warning): Should not get here. NewsPageButtonManager.exitOff
:02-18-2020 04:21:15 :pnmimage:png(warning): iCCP: known incorrect sRGB profile
:02-18-2020 04:21:17 OTPClientRepository: Entering shard 401000001
:02-18-2020 04:21:17 StreetSign: Street sign url is https://ttoffline.com/images/
:02-18-2020 04:21:19 StreetSign: Street Sign is up to date
:02-18-2020 04:21:19 TimeManager: Clock sync: TimeManager.announceGenerate
:02-18-2020 04:21:19 InGameNewsMgr: latestIssue=2013-08-22 16:49:46.000003-07:00
cpu info: GenuineIntel|Intel(R) Core(TM) i7-8700K CPU @ 3.70GHz|591594|0|3.701,3.701|6,12 cpus
:02-18-2020 04:21:21 OTPClientRepository: No sync from TimeManager.
:02-18-2020 04:21:21 OTPClientRepository: gotTimeSync
:02-18-2020 04:21:21 Loader: At end of block 'localAvatarPlayGame', expected 400, loaded 15, duration=6.7213078
:02-18-2020 04:21:21 TimeManager: Clock sync roundtrip took 2011.139 ms
:02-18-2020 04:21:21 TimeManager: AI time delta is -0:02 from server delta
:02-18-2020 04:21:21 TimeManager: Local clock uncertainty +/- 1.006 s
:02-18-2020 04:21:21 TimeManager: Uncertainty is too high, trying again.
:02-18-2020 04:21:21 PlayGame: QA-REGRESSION: NEIGHBORHOODS: Visit Lawbot HQ
:02-18-2020 04:21:21 Loader: starting bulk load of block 'hood'
:02-18-2020 04:21:21 OTPClientRepository: Sending heartbeat mid-frame.
:02-18-2020 04:21:22 LawbotCogHQLoader: loadPlaceGeom: 13000
:02-18-2020 04:21:23 TimeManager: Clock sync roundtrip took 1765.842 ms
:02-18-2020 04:21:23 TimeManager: AI time delta is -0:02 from server delta
:02-18-2020 04:21:23 ClockDelta: previous delta at -0.614 s, +/- 1.006 s.
:02-18-2020 04:21:23 ClockDelta: new delta at -0.804 s, +/- 0.883 s.
:02-18-2020 04:21:23 ClockDelta: intersection at -0.770 s, +/- 0.849 s.
:02-18-2020 04:21:23 TimeManager: Local clock uncertainty +/- 0.850 s
:02-18-2020 04:21:23 DistributedObject: DistributedSuitPlanner 401002972: generating
:02-18-2020 04:21:23 DistributedToon: calling LocalAvatar.startchat
:02-18-2020 04:21:23 :loader(error): Couldn't load file phase_4/models/questmap/cog_hq_lawbot_maps.bam: not found on model path (currently: "/;/d/hollybae/Aly/Toontown-School-House/toontown/launcher;/c/Panda3D-1.11.0-x64/etc/..;/c/Panda3D-1.11.0-x64/etc/../models")
:02-18-2020 04:21:23 Loader: At end of block 'hood', expected 2, loaded 9, duration=1.900768
:02-18-2020 04:21:24 Teleport(debug): teleportInDone: walk
:02-18-2020 04:21:24 :loader(error): Couldn't load file phase_4/models/questmap/cog_hq_lawbot_maps.bam: not found on model path (currently: "/;/d/hollybae/Aly/Toontown-School-House/toontown/launcher;/c/Panda3D-1.11.0-x64/etc/..;/c/Panda3D-1.11.0-x64/etc/../models")
:02-18-2020 04:21:28 TTOffMagicWordManager: Run mode has been toggled.
:02-18-2020 04:21:35 LawbotCogHQLoader: loadPlaceGeom: 13100
:02-18-2020 04:21:35 LawbotCogHQLoader: QA-REGRESSION: COGHQ: Visit LawbotLobby
:02-18-2020 04:21:35 LawbotHQExterior: Unloading Place (13000). Fsm in final
:02-18-2020 04:21:35 DistributedObject: DistributedSuitPlanner 401002972: disabling
:02-18-2020 04:21:35 DistributedToon: calling LocalAvatar.startchat
:02-18-2020 04:21:35 :loader(error): Couldn't load file phase_4/models/questmap/cog_hq_lawbot_maps.bam: not found on model path (currently: "/;/d/hollybae/Aly/Toontown-School-House/toontown/launcher;/c/Panda3D-1.11.0-x64/etc/..;/c/Panda3D-1.11.0-x64/etc/../models")
:02-18-2020 04:21:36 :loader(error): Couldn't load file phase_4/models/questmap/cog_hq_lawbot_maps.bam: not found on model path (currently: "/;/d/hollybae/Aly/Toontown-School-House/toontown/launcher;/c/Panda3D-1.11.0-x64/etc/..;/c/Panda3D-1.11.0-x64/etc/../models")
:02-18-2020 04:21:50 TTOffMagicWordManager: Run mode has been toggled.
:02-18-2020 04:21:51 LawbotCogHQLoader: loadPlaceGeom: 61000
:02-18-2020 04:21:51 LawbotCogHQLoader(warning): loadPlaceGeom: unclassified zone 61000
:02-18-2020 04:21:51 CogHQLobby: Unloading Place (13100). Fsm in final
:02-18-2020 04:21:51 DistributedLawbotBoss(warning): Not a collision node: LawbotCourtroom3.egg/-PandaNode/CR3/interior/CR3_Floor
:02-18-2020 04:21:51 DistributedToon: calling LocalAvatar.startchat
:02-18-2020 04:21:51 OTPClientRepository: Sending heartbeat mid-frame.
:02-18-2020 04:21:52 LawbotHQBossBattle(warning): fsm.request('movie') returned 0 (zone id 61000, avatar pos LPoint3f(-0.363562, -126.204, 0.193903)).
:02-18-2020 04:21:53 TTOffMagicWordManager: Voila!
:02-18-2020 04:21:54 TTOffMagicWordManager: Gave Hollybae an infinite amount of pies
:02-18-2020 04:21:56 TTOffMagicWordManager: Restarting Scale Round
:02-18-2020 04:22:09 LawbotHQBossBattle(warning): fsm.request('finalBattle') returned 0 (zone id 61000, avatar pos LPoint3f(-58.982, 31.5384, 0)).
:02-18-2020 04:22:09 TTOffMagicWordManager: Restarting Scale Round
:02-18-2020 04:23:39 :linmath(warning): Tried to invert singular LMatrix3.
:02-18-2020 04:24:06 ToonBase: User closed main window.
:02-18-2020 04:24:06 TimeManager: Client disconnect reason 2.
:02-18-2020 04:24:06 LawbotHQBossBattle: Unloading Place (61000). Fsm in final
:02-18-2020 04:24:06 OTPClientRepository(warning): unclean exit, abandoning shard
ignoring InputState-forward
:02-18-2020 04:24:06 OTPClientRepository: sending clientLogout
:02-18-2020 04:24:06 LocalAvatar(warning): redundant call to stopUpdateSmartCamera
:02-18-2020 04:24:06 OTPClientRepository: Sent disconnect message to server
:02-18-2020 04:24:06 OTPClientRepository: Closing connection to server.
:02-18-2020 04:24:06 OTPClientRepository: Exiting cleanly
:02-18-2020 04:24:06 ToonBase: Exiting Toontown: errorCode = None
:02-18-2020 04:24:06 TTOffLauncher: setting panda error code to 0
:02-18-2020 04:24:06 TTOffLauncher: Normal exit.
