

Starting Toontown Online...
Current time: Sat Sep 26 14:17:41 2020 Eastern Standard Time
sys.path =  ['', 'C:\\Panda3D-1.11.0-x64\\python\\python27.zip', 'C:\\Panda3D-1.11.0-x64', 'C:\\Panda3D-1.11.0-x64\\python\\DLLs', 'C:\\Panda3D-1.11.0-x64\\python\\lib', 'C:\\Panda3D-1.11.0-x64\\python\\lib\\plat-win', 'C:\\Panda3D-1.11.0-x64\\python\\lib\\lib-tk', 'C:\\Panda3D-1.11.0-x64\\python', 'C:\\Panda3D-1.11.0-x64\\bin', 'C:\\Panda3D-1.11.0-x64\\python\\lib\\site-packages']
sys.argv =  ['D:\\hollybae\\Aly\\Toontown-School-House\\toontown\\launcher\\TTOffQuickStartLauncher.py']
generating standard configrc
os.environ =  {'TMP': 'C:\\Users\\holla\\AppData\\Local\\Temp', 'ONEDRIVECONSUMER': 'C:\\Users\\holla\\OneDrive', 'COMPUTERNAME': 'HOLLYBAES-PC', 'USERDOMAIN': 'HOLLYBAES-PC', 'INTEL_DEV_REDIST': 'C:\\Program Files (x86)\\Common Files\\Intel\\Shared Libraries\\', 'PSMODULEPATH': 'C:\\Program Files\\WindowsPowerShell\\Modules;C:\\WINDOWS\\system32\\WindowsPowerShell\\v1.0\\Modules', 'COMMONPROGRAMFILES': 'C:\\Program Files\\Common Files', 'PROCESSOR_IDENTIFIER': 'Intel64 Family 6 Model 158 Stepping 10, GenuineIntel', 'PROGRAMFILES': 'C:\\Program Files', 'PROCESSOR_REVISION': '9e0a', 'PATH': 'C:\\Panda3D-1.11.0-x64\\panda3d\\..\\bin;C:\\Program Files (x86)\\Razer\\ChromaBroadcast\\bin;C:\\Program Files\\Razer\\ChromaBroadcast\\bin;C:\\Program Files (x86)\\Common Files\\Intel\\Shared Libraries\\redist\\intel64\\compiler;C:\\Program Files (x86)\\Common Files\\Oracle\\Java\\javapath;C:\\WINDOWS\\system32;C:\\WINDOWS;C:\\WINDOWS\\System32\\Wbem;C:\\WINDOWS\\System32\\WindowsPowerShell\\v1.0\\;C:\\WINDOWS\\System32\\OpenSSH\\;C:\\Program Files (x86)\\NVIDIA Corporation\\PhysX\\Common;C:\\Program Files\\NVIDIA Corporation\\NVIDIA NvDLISR;C:\\WINDOWS\\system32\\config\\systemprofile\\AppData\\Local\\Microsoft\\WindowsApps;C:\\Users\\holla\\AppData\\Local\\Microsoft\\WindowsApps;C:\\Panda3D-1.11.0-x64\\python;C:\\Panda3D-1.11.0-x64\\python\\Scripts;C:\\Panda3D-1.11.0-x64\\bin', 'SYSTEMROOT': 'C:\\WINDOWS', 'MIC_LD_LIBRARY_PATH': 'C:\\Program Files (x86)\\Common Files\\Intel\\Shared Libraries\\compiler\\lib\\mic', 'COMSPEC': 'C:\\WINDOWS\\system32\\cmd.exe', 'DRIVERDATA': 'C:\\Windows\\System32\\Drivers\\DriverData', 'PPYTHON_PATH': '"C:\\Panda3D-1.11.0-x64\\python\\ppython.exe"', 'TEMP': 'C:\\Users\\holla\\AppData\\Local\\Temp', 'COMMONPROGRAMFILES(X86)': 'C:\\Program Files (x86)\\Common Files', 'PROCESSOR_ARCHITECTURE': 'AMD64', 'PROGRAMFILES(X86)': 'C:\\Program Files (x86)', 'ALLUSERSPROFILE': 'C:\\ProgramData', 'LOCALAPPDATA': 'C:\\Users\\holla\\AppData\\Local', 'FPS_BROWSER_USER_PROFILE_STRING': 'Default', 'HOMEPATH': '\\Users\\holla', 'USERDOMAIN_ROAMINGPROFILE': 'HOLLYBAES-PC', 'PROGRAMW6432': 'C:\\Program Files', 'USERNAME': 'holla', 'LOGONSERVER': '\\\\HOLLYBAES-PC', 'PROMPT': '$P$G', 'SESSIONNAME': 'Console', 'PROGRAMDATA': 'C:\\ProgramData', 'ONEDRIVE': 'C:\\Users\\holla\\OneDrive', 'FPS_BROWSER_APP_PROFILE_STRING': 'Internet Explorer', 'PATHEXT': '.COM;.EXE;.BAT;.CMD;.VBS;.VBE;.JS;.JSE;.WSF;.WSH;.MSC', 'TTOFF_LOGIN_TOKEN': 'dev', 'WINDIR': 'C:\\WINDOWS', 'APPDATA': 'C:\\Users\\holla\\AppData\\Roaming', 'HOMEDRIVE': 'C:', 'SYSTEMDRIVE': 'C:', 'NUMBER_OF_PROCESSORS': '12', 'PROCESSOR_LEVEL': '6', 'COMMONPROGRAMW6432': 'C:\\Program Files\\Common Files', 'OS': 'Windows_NT', 'PUBLIC': 'C:\\Users\\Public', 'USERPROFILE': 'C:\\Users\\holla'}
:09-26-2020 14:17:41 TTOffLauncher: isTestServer: 0
:09-26-2020 14:17:41 TTOffLauncher: Game Server 127.0.0.1
:09-26-2020 14:17:41 TTOffLauncher: Starting Toontown Online... 
:09-26-2020 14:17:41 TTOffLauncher: foreground: Launcher now operating in foreground
useTTOffSpecificLogin=True
:09-26-2020 14:17:41 TTOffLauncher: maybeStartGame: starting game
:09-26-2020 14:17:41 TTOffLauncher: Starting Toontown Online...
:09-26-2020 14:17:41 TTOffLauncher: background: Launcher now operating in background
ToontownStart: Polling for game2 to finish...
ToontownStart: Game2 is finished.
ToontownStart: Starting the game.
ToontownStart: setting default font
:09-26-2020 14:17:41 TTOffLauncher: setting panda error code to 7
Known pipe types:
  wglGraphicsPipe
(all display modules loaded.)
:09-26-2020 14:17:41 ToonBase: Default graphics pipe is wglGraphicsPipe (OpenGL).
:09-26-2020 14:17:41 ToonBase: Successfully opened window of type wglGraphicsWindow (OpenGL)
:09-26-2020 14:17:41 ShowBase: __dev__ == False
:09-26-2020 14:17:41 TTOffLauncher: setting panda error code to 11
:09-26-2020 14:17:41 TTOffLauncher: setting panda error code to 0
ToontownStart: Loading default gui sounds
ToontownStart: serverVersion:  tto-dev
:09-26-2020 14:17:41 Loader: starting bulk load of block 'init'
:09-26-2020 14:17:42 :nativenet(error): Buffered_DatagramConnection Constructor rbufsize = 4096000 wbufsize = 4096000 write_flush_point = 1400
:09-26-2020 14:17:42 OTPClientRepository: Using connect method 'http'
:09-26-2020 14:17:42 TTOffLauncher: getRegistry ('DEPLOYMENT', None)
:09-26-2020 14:17:42 TTOffLauncher: checking env
:09-26-2020 14:17:42 TTOffLauncher: getRegistry ('GAME_DEPLOYMENT', None)
:09-26-2020 14:17:42 TTOffLauncher: checking env
:09-26-2020 14:17:42 OTPClientRepository: reg_deployment=
:09-26-2020 14:17:42 OTPClientRepository: required-login auto.
:09-26-2020 14:17:42 OTPClientRepository: loginInterface: LoginTTOffAccount
:09-26-2020 14:17:42 TTOffLauncher: getNeedPwForSecretKey using ttoff-specific-login
:09-26-2020 14:17:43 Loader: At end of block 'init', expected 138, loaded 6, duration=1.2738111
:09-26-2020 14:17:43 OTPClientRepository: Connecting to gameserver directly (no proxy).
:09-26-2020 14:17:43 OTPClientRepository: Connecting to //127.0.0.1:7198 via HTTP interface.
:09-26-2020 14:17:43 TTOffLauncher: Stopping mini task manager.
:09-26-2020 14:17:43 OTPClientRepository: Successfully connected to //127.0.0.1:7198.
:09-26-2020 14:17:43 TTOffLauncher: Setting Disconnect Details normal
{401000001: <toontown.distributed.ToontownDistrict.ToontownDistrict instance at 0x000000001A8A6748>}
:09-26-2020 14:17:43 StateData: AvatarChooser.enter
:09-26-2020 14:17:43 DisplayOptions: settingsFullScreen = False, embedded = False width=800 height=600
:09-26-2020 14:17:43 StateData: calling self.displayOptions.restrictToEmbedded(False)
:09-26-2020 14:18:10 OTPClientRepository: ================
:09-26-2020 14:18:10 OTPClientRepository: Chose avatar id: 100000014
:09-26-2020 14:18:10 OTPClientRepository: Chose avatar name: Holland
:09-26-2020 14:18:10 OTPClientRepository: Chose avatar dna: ('css', 'ms', 'm', 'm', 16, 0, 16, 16, 113, 27, 99, 27, 7, 21)
:09-26-2020 14:18:10 OTPClientRepository: Chose avatar position: 5
:09-26-2020 14:18:10 OTPClientRepository: isPaid: 1
:09-26-2020 14:18:10 OTPClientRepository: freeTimeLeft: 0
:09-26-2020 14:18:10 OTPClientRepository: allowSecretChat: True
:09-26-2020 14:18:10 OTPClientRepository: ================
:09-26-2020 14:18:10 Loader: starting bulk load of block 'localAvatarPlayGame'
:09-26-2020 14:18:10 ToontownTimeManager(warning): error parsing date string=
local
:09-26-2020 14:18:11 NewsPageButtonManager(warning): Should not get here. NewsPageButtonManager.exitOff
:09-26-2020 14:18:11 :pnmimage:png(warning): iCCP: known incorrect sRGB profile
:09-26-2020 14:18:12 OTPClientRepository: Entering shard 401000001
:09-26-2020 14:18:12 StreetSign: Street sign url is https://ttoffline.com/images/
:09-26-2020 14:18:13 StreetSign: Street Sign is up to date
:09-26-2020 14:18:13 OTPClientRepository: Sending heartbeat mid-frame.
:09-26-2020 14:18:13 TimeManager: Clock sync: TimeManager.announceGenerate
:09-26-2020 14:18:13 NewsManager: setHolidayId: Starting Holiday 20
:09-26-2020 14:18:13 InGameNewsMgr: latestIssue=2013-08-22 16:49:46.000003-07:00
cpu info: GenuineIntel|Intel(R) Core(TM) i7-8700K CPU @ 3.70GHz|591594|0|3.696,3.696|6,12 cpus
:09-26-2020 14:18:14 OTPClientRepository: No sync from TimeManager.
:09-26-2020 14:18:14 OTPClientRepository: gotTimeSync
:09-26-2020 14:18:14 Loader: At end of block 'localAvatarPlayGame', expected 400, loaded 8, duration=4.1181825
:09-26-2020 14:18:14 TimeManager: Clock sync roundtrip took 1156.168 ms
:09-26-2020 14:18:14 TimeManager: AI time delta is -0:01 from server delta
:09-26-2020 14:18:14 TimeManager: Local clock uncertainty +/- 0.578 s
:09-26-2020 14:18:14 PlayGame: QA-REGRESSION: NEIGHBORHOODS: Visit Lawbot HQ
:09-26-2020 14:18:14 Loader: starting bulk load of block 'hood'
:09-26-2020 14:18:15 LawbotCogHQLoader: loadPlaceGeom: 13000
:09-26-2020 14:18:15 DistributedObject: DistributedSuitPlanner 401002972: generating
:09-26-2020 14:18:15 DistributedToon: calling LocalAvatar.startchat
:09-26-2020 14:18:15 :loader(error): Couldn't load file phase_4/models/questmap/cog_hq_lawbot_maps.bam: not found on model path (currently: "/;/d/hollybae/Aly/Toontown-School-House/toontown/launcher;/c/Panda3D-1.11.0-x64/etc/..;/c/Panda3D-1.11.0-x64/etc/../models")
:09-26-2020 14:18:15 Loader: At end of block 'hood', expected 2, loaded 4, duration=0.9070404
:09-26-2020 14:18:17 Teleport(debug): teleportInDone: walk
:09-26-2020 14:18:17 :loader(error): Couldn't load file phase_4/models/questmap/cog_hq_lawbot_maps.bam: not found on model path (currently: "/;/d/hollybae/Aly/Toontown-School-House/toontown/launcher;/c/Panda3D-1.11.0-x64/etc/..;/c/Panda3D-1.11.0-x64/etc/../models")
:09-26-2020 14:18:19 TTOffMagicWordManager: God mode enabled for Holland!
:09-26-2020 14:18:24 TTOffMagicWordManager: Gave Holland an infinite amount of pies
:09-26-2020 14:18:24 LawbotCogHQLoader: loadPlaceGeom: 13100
:09-26-2020 14:18:24 LawbotCogHQLoader: QA-REGRESSION: COGHQ: Visit LawbotLobby
:09-26-2020 14:18:24 LawbotHQExterior: Unloading Place (13000). Fsm in final
:09-26-2020 14:18:24 DistributedObject: DistributedSuitPlanner 401002972: disabling
:09-26-2020 14:18:24 DistributedToon: calling LocalAvatar.startchat
:09-26-2020 14:18:24 :loader(error): Couldn't load file phase_4/models/questmap/cog_hq_lawbot_maps.bam: not found on model path (currently: "/;/d/hollybae/Aly/Toontown-School-House/toontown/launcher;/c/Panda3D-1.11.0-x64/etc/..;/c/Panda3D-1.11.0-x64/etc/../models")
:09-26-2020 14:18:25 :loader(error): Couldn't load file phase_4/models/questmap/cog_hq_lawbot_maps.bam: not found on model path (currently: "/;/d/hollybae/Aly/Toontown-School-House/toontown/launcher;/c/Panda3D-1.11.0-x64/etc/..;/c/Panda3D-1.11.0-x64/etc/../models")
:09-26-2020 14:18:31 TTOffMagicWordManager: Run mode has been toggled.
:09-26-2020 14:18:38 LawbotCogHQLoader: loadPlaceGeom: 61000
:09-26-2020 14:18:38 LawbotCogHQLoader(warning): loadPlaceGeom: unclassified zone 61000
:09-26-2020 14:18:38 CogHQLobby: Unloading Place (13100). Fsm in final
:09-26-2020 14:18:38 DistributedLawbotBoss(warning): Not a collision node: LawbotCourtroom3.egg/-PandaNode/CR3/interior/CR3_Floor
:09-26-2020 14:18:38 DistributedToon: calling LocalAvatar.startchat
:09-26-2020 14:18:38 LawbotHQBossBattle(warning): fsm.request('movie') returned 0 (zone id 61000, avatar pos LPoint3f(-0.363562, -126.204, 0.193903)).
:09-26-2020 14:18:52 OTPClientRepository: Sending heartbeat mid-frame.
:09-26-2020 14:18:52 LawbotHQBossBattle(warning): fsm.request('movie') returned 0 (zone id 61000, avatar pos LPoint3f(-0.363562, -126.204, 0.193903)).
:09-26-2020 14:19:09 Actor(warning): called actor.removeNode() on actor without calling cleanup()
:09-26-2020 14:19:09 Actor(warning): called actor.removeNode() on actor without calling cleanup()
:09-26-2020 14:19:09 Actor(warning): called actor.removeNode() on actor without calling cleanup()
:09-26-2020 14:19:09 Actor(warning): called actor.removeNode() on actor without calling cleanup()
:09-26-2020 14:19:09 Actor(warning): called actor.removeNode() on actor without calling cleanup()
:09-26-2020 14:19:09 Actor(warning): called actor.removeNode() on actor without calling cleanup()
:09-26-2020 14:19:09 Actor(warning): called actor.removeNode() on actor without calling cleanup()
:09-26-2020 14:19:09 Actor(warning): called actor.removeNode() on actor without calling cleanup()
:09-26-2020 14:19:09 Actor(warning): called actor.removeNode() on actor without calling cleanup()
:09-26-2020 14:19:09 Actor(warning): called actor.removeNode() on actor without calling cleanup()
:09-26-2020 14:19:09 Actor(warning): called actor.removeNode() on actor without calling cleanup()
:09-26-2020 14:19:09 Actor(warning): called actor.removeNode() on actor without calling cleanup()
:09-26-2020 14:19:09 TTOffMagicWordManager: Restarting Scale Round
:09-26-2020 14:19:15 TTOffMagicWordManager: This Magic Word doesn't exist! Did you mean toggleoobe?
:09-26-2020 14:19:18 LawbotHQBossBattle(warning): fsm.request('finalBattle') returned 0 (zone id 61000, avatar pos LPoint3f(-39.1351, 6.13262, -0.000304893)).
:09-26-2020 14:19:18 TTOffMagicWordManager: Restarting Scale Round
:09-26-2020 14:19:26 :linmath(warning): Tried to invert singular LMatrix3.
:09-26-2020 14:20:58 TTOffMagicWordManager: Alakazam!
:09-26-2020 14:21:15 TTOffMagicWordManager: Alakazam!
:09-26-2020 14:21:26 TTOffMagicWordManager: Ta-da!
:09-26-2020 14:21:38 TTOffMagicWordManager: Presto!
:09-26-2020 14:21:47 TTOffMagicWordManager: Presto!
:09-26-2020 14:21:57 TTOffMagicWordManager: Abracadabra!
:09-26-2020 14:22:07 TTOffMagicWordManager: Abracadabra!
:09-26-2020 14:22:17 TTOffMagicWordManager: Ta-da!
:09-26-2020 14:22:29 TTOffMagicWordManager: Alakazam!
:09-26-2020 14:22:38 TTOffMagicWordManager: Presto!
:09-26-2020 14:22:41 GarbageCollect(warning): garbage found, reverting gc threshold
:09-26-2020 14:22:52 TTOffMagicWordManager: Voila!
:09-26-2020 14:23:04 TTOffMagicWordManager: Alakazam!
frame rate: 175.1 fps|0.001d|13 avs||330|331||0x0000|0x0000|653.0MB|767.5MB|32619.6MB|458|nt.2.6.2|3.696,3.696|6,12 cpus|OpenGL
:09-26-2020 14:23:29 TTOffMagicWordManager: Alakazam!
:09-26-2020 14:23:34 TTOffMagicWordManager: Alakazam!
:09-26-2020 14:23:44 TTOffMagicWordManager: Abracadabra!
:09-26-2020 14:23:53 TTOffMagicWordManager: Abracadabra!
:09-26-2020 14:24:00 TTOffMagicWordManager: Presto!
:09-26-2020 14:24:11 TTOffMagicWordManager: Voila!
:09-26-2020 14:24:23 TTOffMagicWordManager: Abracadabra!
:09-26-2020 14:24:36 TTOffMagicWordManager: Ta-da!
:09-26-2020 14:24:49 TTOffMagicWordManager: Alakazam!
:09-26-2020 14:25:00 TTOffMagicWordManager: Voila!
:09-26-2020 14:25:11 TTOffMagicWordManager: Voila!
:09-26-2020 14:25:28 TTOffMagicWordManager: Alakazam!
:09-26-2020 14:25:39 TTOffMagicWordManager: Alakazam!
:09-26-2020 14:25:55 TTOffMagicWordManager: Presto!
:09-26-2020 14:26:07 TTOffMagicWordManager: Alakazam!
:09-26-2020 14:26:17 TTOffMagicWordManager: Presto!
:09-26-2020 14:26:26 TTOffMagicWordManager: Abracadabra!
:09-26-2020 14:26:38 TTOffMagicWordManager: Voila!
:09-26-2020 14:26:57 TTOffMagicWordManager: Voila!
:09-26-2020 14:27:17 TTOffMagicWordManager: Ta-da!
:09-26-2020 14:27:35 TTOffMagicWordManager: Alakazam!
:09-26-2020 14:27:54 TTOffMagicWordManager: Abracadabra!
:09-26-2020 14:28:03 TTOffMagicWordManager: Abracadabra!
frame rate: 173.9 fps|0.001d|13 avs||630|631||0x0000|0x0000|689.5MB|804.0MB|32619.6MB|498|nt.2.6.2|3.696,3.696|6,12 cpus|OpenGL
:09-26-2020 14:28:15 LawbotHQBossBattle(warning): fsm.request('finalBattle') returned 0 (zone id 61000, avatar pos LPoint3f(-55.52, 43.5032, -0.000332471)).
:09-26-2020 14:28:15 TTOffMagicWordManager: Restarting Scale Round
