

Starting Toontown Online...
Current time: Tue Dec  3 03:34:02 2019 Eastern Standard Time
sys.path =  ['', 'C:\\Panda3D-1.11.0-x64\\python\\python27.zip', 'C:\\Panda3D-1.11.0-x64', 'C:\\Panda3D-1.11.0-x64\\python\\DLLs', 'C:\\Panda3D-1.11.0-x64\\python\\lib', 'C:\\Panda3D-1.11.0-x64\\python\\lib\\plat-win', 'C:\\Panda3D-1.11.0-x64\\python\\lib\\lib-tk', 'C:\\Panda3D-1.11.0-x64\\python', 'C:\\Panda3D-1.11.0-x64\\bin', 'C:\\Panda3D-1.11.0-x64\\python\\lib\\site-packages']
sys.argv =  ['D:\\hollybae\\Aly\\Toontown-School-House\\toontown\\launcher\\TTOffQuickStartLauncher.py']
generating standard configrc
os.environ =  {'TMP': 'C:\\Users\\holla\\AppData\\Local\\Temp', 'COMPUTERNAME': 'HOLLYBAES-PC', 'USERDOMAIN': 'HOLLYBAES-PC', 'INTEL_DEV_REDIST': 'C:\\Program Files (x86)\\Common Files\\Intel\\Shared Libraries\\', 'PSMODULEPATH': 'C:\\Program Files\\WindowsPowerShell\\Modules;C:\\WINDOWS\\system32\\WindowsPowerShell\\v1.0\\Modules', 'COMMONPROGRAMFILES': 'C:\\Program Files\\Common Files', 'PROCESSOR_IDENTIFIER': 'Intel64 Family 6 Model 158 Stepping 10, GenuineIntel', 'VBOX_MSI_INSTALL_PATH': 'C:\\Program Files\\Oracle\\VirtualBox\\', 'PROGRAMFILES': 'C:\\Program Files', 'PROCESSOR_REVISION': '9e0a', 'PATH': 'C:\\Panda3D-1.11.0-x64\\panda3d\\..\\bin;C:\\Program Files (x86)\\Razer\\ChromaBroadcast\\bin;C:\\Program Files\\Razer\\ChromaBroadcast\\bin;C:\\Program Files (x86)\\Common Files\\Intel\\Shared Libraries\\redist\\intel64_win\\compiler;C:\\Program Files (x86)\\Common Files\\Oracle\\Java\\javapath;C:\\Program Files (x86)\\Common Files\\Intel\\Shared Libraries\\redist\\intel64\\compiler;C:\\WINDOWS\\system32;C:\\WINDOWS;C:\\WINDOWS\\System32\\Wbem;C:\\WINDOWS\\System32\\WindowsPowerShell\\v1.0\\;C:\\WINDOWS\\System32\\OpenSSH\\;C:\\Program Files\\NVIDIA Corporation\\NVIDIA NGX;C:\\Program Files (x86)\\NVIDIA Corporation\\PhysX\\Common;C:\\Program Files\\NVIDIA Corporation\\NVIDIA NvDLISR;C:\\WINDOWS\\system32;C:\\WINDOWS;C:\\WINDOWS\\System32\\Wbem;C:\\WINDOWS\\System32\\WindowsPowerShell\\v1.0\\;C:\\WINDOWS\\System32\\OpenSSH\\;D:\\hollybae\\ffmpeg-4.1.3-win64-static\\ffmpeg-4.1.3-win64-static\\bin;C:\\Program Files\\dotnet\\;C:\\WINDOWS\\system32\\config\\systemprofile\\AppData\\Local\\Microsoft\\WindowsApps;C:\\Users\\holla\\AppData\\Local\\Microsoft\\WindowsApps;C:\\Panda3D-1.10.4.1-x64\\python;C:\\Panda3D-1.10.4.1-x64\\python\\Scripts;C:\\Panda3D-1.10.4.1-x64\\bin;C:\\Panda3D-1.11.0-x64\\python;C:\\Panda3D-1.11.0-x64\\python\\Scripts;C:\\Panda3D-1.11.0-x64\\bin', 'SYSTEMROOT': 'C:\\WINDOWS', 'MIC_LD_LIBRARY_PATH': 'C:\\Program Files (x86)\\Common Files\\Intel\\Shared Libraries\\compiler\\lib\\intel64_win_mic', 'COMSPEC': 'C:\\WINDOWS\\system32\\cmd.exe', 'DRIVERDATA': 'C:\\Windows\\System32\\Drivers\\DriverData', 'PPYTHON_PATH': '"C:\\Panda3D-1.11.0-x64\\python\\ppython.exe"', 'TEMP': 'C:\\Users\\holla\\AppData\\Local\\Temp', 'COMMONPROGRAMFILES(X86)': 'C:\\Program Files (x86)\\Common Files', 'PROCESSOR_ARCHITECTURE': 'AMD64', 'PROGRAMFILES(X86)': 'C:\\Program Files (x86)', 'ALLUSERSPROFILE': 'C:\\ProgramData', 'LOCALAPPDATA': 'C:\\Users\\holla\\AppData\\Local', 'FPS_BROWSER_USER_PROFILE_STRING': 'Default', 'HOMEPATH': '\\Users\\holla', 'USERDOMAIN_ROAMINGPROFILE': 'HOLLYBAES-PC', 'PROGRAMW6432': 'C:\\Program Files', 'USERNAME': 'holla', 'LOGONSERVER': '\\\\HOLLYBAES-PC', 'PROMPT': '$P$G', 'SESSIONNAME': 'Console', 'PROGRAMDATA': 'C:\\ProgramData', 'ONEDRIVE': 'C:\\Users\\holla\\OneDrive', 'FPS_BROWSER_APP_PROFILE_STRING': 'Internet Explorer', 'PATHEXT': '.COM;.EXE;.BAT;.CMD;.VBS;.VBE;.JS;.JSE;.WSF;.WSH;.MSC', 'TTOFF_LOGIN_TOKEN': 'dev', 'WINDIR': 'C:\\WINDOWS', 'APPDATA': 'C:\\Users\\holla\\AppData\\Roaming', 'HOMEDRIVE': 'C:', 'SYSTEMDRIVE': 'C:', 'NUMBER_OF_PROCESSORS': '12', 'PROCESSOR_LEVEL': '6', 'COMMONPROGRAMW6432': 'C:\\Program Files\\Common Files', 'OS': 'Windows_NT', 'PUBLIC': 'C:\\Users\\Public', 'USERPROFILE': 'C:\\Users\\holla'}
:12-03-2019 03:34:02 TTOffLauncher: isTestServer: 0
:12-03-2019 03:34:02 TTOffLauncher: Game Server 127.0.0.1
:12-03-2019 03:34:02 TTOffLauncher: Starting Toontown Online... 
:12-03-2019 03:34:02 TTOffLauncher: foreground: Launcher now operating in foreground
useTTOffSpecificLogin=True
:12-03-2019 03:34:02 TTOffLauncher: maybeStartGame: starting game
:12-03-2019 03:34:02 TTOffLauncher: Starting Toontown Online...
:12-03-2019 03:34:02 TTOffLauncher: background: Launcher now operating in background
ToontownStart: Polling for game2 to finish...
ToontownStart: Game2 is finished.
ToontownStart: Starting the game.
ToontownStart: setting default font
:12-03-2019 03:34:03 TTOffLauncher: setting panda error code to 7
Known pipe types:
  wglGraphicsPipe
(all display modules loaded.)
:12-03-2019 03:34:04 ToonBase: Default graphics pipe is wglGraphicsPipe (OpenGL).
:12-03-2019 03:34:04 ToonBase: Successfully opened window of type wglGraphicsWindow (OpenGL)
:12-03-2019 03:34:04 ShowBase: __dev__ == False
:12-03-2019 03:34:04 TTOffLauncher: setting panda error code to 11
:12-03-2019 03:34:05 TTOffLauncher: setting panda error code to 0
ToontownStart: Loading default gui sounds
ToontownStart: serverVersion:  tto-dev
:12-03-2019 03:34:05 Loader: starting bulk load of block 'init'
:12-03-2019 03:34:11 :nativenet(error): Buffered_DatagramConnection Constructor rbufsize = 4096000 wbufsize = 4096000 write_flush_point = 1400
:12-03-2019 03:34:11 OTPClientRepository: Using connect method 'http'
:12-03-2019 03:34:14 TTOffLauncher: getRegistry ('DEPLOYMENT', None)
:12-03-2019 03:34:14 TTOffLauncher: checking env
:12-03-2019 03:34:14 TTOffLauncher: getRegistry ('GAME_DEPLOYMENT', None)
:12-03-2019 03:34:14 TTOffLauncher: checking env
:12-03-2019 03:34:14 OTPClientRepository: reg_deployment=
:12-03-2019 03:34:14 OTPClientRepository: required-login auto.
:12-03-2019 03:34:14 OTPClientRepository: loginInterface: LoginTTOffAccount
:12-03-2019 03:34:14 TTOffLauncher: getNeedPwForSecretKey using ttoff-specific-login
:12-03-2019 03:34:15 Loader: At end of block 'init', expected 138, loaded 11, duration=9.6371346
:12-03-2019 03:34:15 OTPClientRepository: Connecting to gameserver directly (no proxy).
:12-03-2019 03:34:15 OTPClientRepository: Connecting to //127.0.0.1:7198 via HTTP interface.
:12-03-2019 03:34:15 TTOffLauncher: Stopping mini task manager.
:12-03-2019 03:34:15 OTPClientRepository: Successfully connected to //127.0.0.1:7198.
:12-03-2019 03:34:15 TTOffLauncher: Setting Disconnect Details normal
{401000001: <toontown.distributed.ToontownDistrict.ToontownDistrict instance at 0x000000001C6C2748>}
{401000001: <toontown.distributed.ToontownDistrict.ToontownDistrict instance at 0x000000001C6C2748>}
:12-03-2019 03:34:35 StateData: AvatarChooser.enter
:12-03-2019 03:34:35 DisplayOptions: settingsFullScreen = False, embedded = False width=800 height=600
:12-03-2019 03:34:35 StateData: calling self.displayOptions.restrictToEmbedded(False)
:12-03-2019 03:34:37 OTPClientRepository: ================
:12-03-2019 03:34:37 OTPClientRepository: Chose avatar id: 100000014
:12-03-2019 03:34:37 OTPClientRepository: Chose avatar name: Hollybae
:12-03-2019 03:34:37 OTPClientRepository: Chose avatar dna: ('css', 'ms', 'm', 'm', 16, 0, 16, 16, 113, 27, 18, 27, 7, 21)
:12-03-2019 03:34:37 OTPClientRepository: Chose avatar position: 5
:12-03-2019 03:34:37 OTPClientRepository: isPaid: 1
:12-03-2019 03:34:37 OTPClientRepository: freeTimeLeft: 0
:12-03-2019 03:34:37 OTPClientRepository: allowSecretChat: True
:12-03-2019 03:34:37 OTPClientRepository: ================
:12-03-2019 03:34:37 Loader: starting bulk load of block 'localAvatarPlayGame'
:12-03-2019 03:34:38 ToontownTimeManager(warning): error parsing date string=
local
:12-03-2019 03:34:39 NewsPageButtonManager(warning): Should not get here. NewsPageButtonManager.exitOff
:12-03-2019 03:34:39 :pnmimage:png(warning): iCCP: known incorrect sRGB profile
:12-03-2019 03:34:41 OTPClientRepository: Entering shard 401000001
:12-03-2019 03:34:41 StreetSign: Street sign url is https://ttoffline.com/images/
:12-03-2019 03:34:43 StreetSign: Street Sign is up to date
:12-03-2019 03:34:43 TimeManager: Clock sync: TimeManager.announceGenerate
:12-03-2019 03:34:43 InGameNewsMgr: latestIssue=2013-08-22 16:49:46.000003-07:00
cpu info: GenuineIntel|Intel(R) Core(TM) i7-8700K CPU @ 3.70GHz|591594|0|3.701,3.701|6,12 cpus
:12-03-2019 03:34:45 OTPClientRepository: No sync from TimeManager.
:12-03-2019 03:34:45 OTPClientRepository: gotTimeSync
:12-03-2019 03:34:45 Loader: At end of block 'localAvatarPlayGame', expected 400, loaded 18, duration=8.0048156
:12-03-2019 03:34:45 OTPClientRepository: Sending heartbeat mid-frame.
:12-03-2019 03:34:45 TimeManager: Clock sync roundtrip took 2562.561 ms
:12-03-2019 03:34:45 TimeManager: AI time delta is -0:02 from server delta
:12-03-2019 03:34:45 TimeManager: Local clock uncertainty +/- 1.282 s
:12-03-2019 03:34:45 TimeManager: Uncertainty is too high, trying again.
:12-03-2019 03:34:45 PlayGame: QA-REGRESSION: NEIGHBORHOODS: Visit Lawbot HQ
:12-03-2019 03:34:45 Loader: starting bulk load of block 'hood'
:12-03-2019 03:34:47 LawbotCogHQLoader: loadPlaceGeom: 13000
:12-03-2019 03:34:47 TimeManager: Clock sync roundtrip took 1916.589 ms
:12-03-2019 03:34:47 TimeManager: AI time delta is -0:02 from server delta
:12-03-2019 03:34:47 ClockDelta: previous delta at 1.264 s, +/- 1.282 s.
:12-03-2019 03:34:47 ClockDelta: new delta at 0.855 s, +/- 0.958 s.
:12-03-2019 03:34:47 ClockDelta: intersection at 0.897 s, +/- 0.916 s.
:12-03-2019 03:34:47 TimeManager: Local clock uncertainty +/- 0.916 s
:12-03-2019 03:34:47 DistributedObject: DistributedSuitPlanner 401002972: generating
:12-03-2019 03:34:47 DistributedToon: calling LocalAvatar.startchat
:12-03-2019 03:34:47 :loader(error): Couldn't load file phase_4/models/questmap/cog_hq_lawbot_maps.bam: not found on model path (currently: "/;/d/hollybae/Aly/Toontown-School-House/toontown/launcher;/c/Panda3D-1.11.0-x64/etc/..;/c/Panda3D-1.11.0-x64/etc/../models")
:12-03-2019 03:34:47 Loader: At end of block 'hood', expected 2, loaded 10, duration=2.063736
:12-03-2019 03:34:49 Teleport(debug): teleportInDone: walk
:12-03-2019 03:34:49 :loader(error): Couldn't load file phase_4/models/questmap/cog_hq_lawbot_maps.bam: not found on model path (currently: "/;/d/hollybae/Aly/Toontown-School-House/toontown/launcher;/c/Panda3D-1.11.0-x64/etc/..;/c/Panda3D-1.11.0-x64/etc/../models")
:12-03-2019 03:34:53 TTOffMagicWordManager: Run mode has been toggled.
:12-03-2019 03:34:58 LawbotCogHQLoader: loadPlaceGeom: 13100
:12-03-2019 03:34:58 LawbotCogHQLoader: QA-REGRESSION: COGHQ: Visit LawbotLobby
:12-03-2019 03:34:58 LawbotHQExterior: Unloading Place (13000). Fsm in final
:12-03-2019 03:34:58 DistributedObject: DistributedSuitPlanner 401002972: disabling
:12-03-2019 03:34:58 DistributedToon: calling LocalAvatar.startchat
:12-03-2019 03:34:58 :loader(error): Couldn't load file phase_4/models/questmap/cog_hq_lawbot_maps.bam: not found on model path (currently: "/;/d/hollybae/Aly/Toontown-School-House/toontown/launcher;/c/Panda3D-1.11.0-x64/etc/..;/c/Panda3D-1.11.0-x64/etc/../models")
:12-03-2019 03:34:59 :loader(error): Couldn't load file phase_4/models/questmap/cog_hq_lawbot_maps.bam: not found on model path (currently: "/;/d/hollybae/Aly/Toontown-School-House/toontown/launcher;/c/Panda3D-1.11.0-x64/etc/..;/c/Panda3D-1.11.0-x64/etc/../models")
:12-03-2019 03:35:16 LawbotCogHQLoader: loadPlaceGeom: 61000
:12-03-2019 03:35:16 LawbotCogHQLoader(warning): loadPlaceGeom: unclassified zone 61000
:12-03-2019 03:35:16 CogHQLobby: Unloading Place (13100). Fsm in final
:12-03-2019 03:35:17 DistributedLawbotBoss(warning): Not a collision node: LawbotCourtroom3.egg/-PandaNode/CR3/interior/CR3_Floor
:12-03-2019 03:35:17 DistributedToon: calling LocalAvatar.startchat
:12-03-2019 03:35:17 LawbotHQBossBattle(warning): fsm.request('movie') returned 0 (zone id 61000, avatar pos LPoint3f(-0.363562, -126.204, 0.193903)).
:12-03-2019 03:35:31 LawbotHQBossBattle(warning): fsm.request('movie') returned 0 (zone id 61000, avatar pos LPoint3f(-0.363562, -126.204, 0.193903)).
Battle Event localtoon-battle-event-3
:12-03-2019 03:36:22 Actor(warning): called actor.removeNode() on actor without calling cleanup()
:12-03-2019 03:36:22 Actor(warning): called actor.removeNode() on actor without calling cleanup()
:12-03-2019 03:36:22 Actor(warning): called actor.removeNode() on actor without calling cleanup()
:12-03-2019 03:36:22 Actor(warning): called actor.removeNode() on actor without calling cleanup()
:12-03-2019 03:36:22 Actor(warning): called actor.removeNode() on actor without calling cleanup()
:12-03-2019 03:36:22 Actor(warning): called actor.removeNode() on actor without calling cleanup()
:12-03-2019 03:36:22 Actor(warning): called actor.removeNode() on actor without calling cleanup()
:12-03-2019 03:36:22 Actor(warning): called actor.removeNode() on actor without calling cleanup()
:12-03-2019 03:36:22 Actor(warning): called actor.removeNode() on actor without calling cleanup()
:12-03-2019 03:36:22 Actor(warning): called actor.removeNode() on actor without calling cleanup()
:12-03-2019 03:36:22 Actor(warning): called actor.removeNode() on actor without calling cleanup()
:12-03-2019 03:36:22 Actor(warning): called actor.removeNode() on actor without calling cleanup()
:12-03-2019 03:36:22 TTOffMagicWordManager: Restarting Scale Round
:12-03-2019 03:36:30 TTOffMagicWordManager: Run mode has been toggled.
:12-03-2019 03:36:44 TTOffMagicWordManager: Gave Hollybae an infinite amount of pies
Traceback (most recent call last):
  File "C:\Panda3D-1.11.0-x64\direct\showbase\EventManager.py", line 49, in eventLoopTask
    self.doEvents()
  File "C:\Panda3D-1.11.0-x64\direct\showbase\EventManager.py", line 43, in doEvents
    processFunc(dequeueFunc())
  File "C:\Panda3D-1.11.0-x64\direct\showbase\EventManager.py", line 99, in processEvent
    messenger.send(eventName, paramList)
  File "C:\Panda3D-1.11.0-x64\direct\showbase\Messenger.py", line 333, in send
    self.__dispatch(acceptorDict, event, sentArgs, foundWatch)
  File "C:\Panda3D-1.11.0-x64\direct\showbase\Messenger.py", line 418, in __dispatch
    result = method (*(extraArgs + sentArgs))
  File "toontown\toon\LocalToon.py", line 832, in __pieHit
    splat = self.getPieSplatInterval(pos[0], pos[1], pos[2], pieCode)
  File "toontown\toon\Toon.py", line 2915, in getPieSplatInterval
    splat = BattleProps.globalPropPool.getProp(splatName)
  File "toontown\battle\BattleProps.py", line 387, in getProp
    return self.__getPropCopy(name)
  File "toontown\battle\BattleProps.py", line 390, in __getPropCopy
    if self.propTypes[name] == 'actor':
KeyError: 'splat-wedding-cake'
:12-03-2019 03:36:49 :task(error): Exception occurred in PythonTask eventManager
:12-03-2019 03:36:49 TTOffLauncher: setting panda error code to 12
:12-03-2019 03:36:49 TTOffLauncher(warning): Handling Python exception.
:12-03-2019 03:36:49 TimeManager: Client disconnect reason 3.
:12-03-2019 03:36:49 TimeManager: Client exception: toontown.battle.BattleProps:390, toontown.battle.BattleProps:387, toontown.toon.Toon:2915, toontown.toon.LocalToon:832, KeyError: 'splat-wedding-cake'
:12-03-2019 03:36:49 OTPClientRepository: Sent disconnect message to server
:12-03-2019 03:36:49 OTPClientRepository: Closing connection to server.
:12-03-2019 03:36:49 TTOffLauncher: Exception exit.

Traceback (most recent call last):
  File "otp\launcher\LauncherBase.py", line 1081, in mainLoop
    self._runTaskManager()
  File "otp\launcher\LauncherBase.py", line 1052, in _runTaskManager
    taskMgr.run()
  File "C:\Panda3D-1.11.0-x64\direct\task\Task.py", line 528, in run
    self.step()
  File "C:\Panda3D-1.11.0-x64\direct\task\Task.py", line 482, in step
    self.mgr.poll()
  File "C:\Panda3D-1.11.0-x64\direct\showbase\EventManager.py", line 49, in eventLoopTask
    self.doEvents()
  File "C:\Panda3D-1.11.0-x64\direct\showbase\EventManager.py", line 43, in doEvents
    processFunc(dequeueFunc())
  File "C:\Panda3D-1.11.0-x64\direct\showbase\EventManager.py", line 99, in processEvent
    messenger.send(eventName, paramList)
  File "C:\Panda3D-1.11.0-x64\direct\showbase\Messenger.py", line 333, in send
    self.__dispatch(acceptorDict, event, sentArgs, foundWatch)
  File "C:\Panda3D-1.11.0-x64\direct\showbase\Messenger.py", line 418, in __dispatch
    result = method (*(extraArgs + sentArgs))
  File "toontown\toon\LocalToon.py", line 832, in __pieHit
    splat = self.getPieSplatInterval(pos[0], pos[1], pos[2], pieCode)
  File "toontown\toon\Toon.py", line 2915, in getPieSplatInterval
    splat = BattleProps.globalPropPool.getProp(splatName)
  File "toontown\battle\BattleProps.py", line 387, in getProp
    return self.__getPropCopy(name)
  File "toontown\battle\BattleProps.py", line 390, in __getPropCopy
    if self.propTypes[name] == 'actor':
KeyError: 'splat-wedding-cake'
