

Starting Toontown Online...
Current time: Mon Oct 26 14:50:27 2020 Eastern Standard Time
sys.path =  ['', 'C:\\Panda3D-1.11.0-x64\\python\\python27.zip', 'C:\\Panda3D-1.11.0-x64', 'C:\\Panda3D-1.11.0-x64\\python\\DLLs', 'C:\\Panda3D-1.11.0-x64\\python\\lib', 'C:\\Panda3D-1.11.0-x64\\python\\lib\\plat-win', 'C:\\Panda3D-1.11.0-x64\\python\\lib\\lib-tk', 'C:\\Panda3D-1.11.0-x64\\python', 'C:\\Panda3D-1.11.0-x64\\bin', 'C:\\Panda3D-1.11.0-x64\\python\\lib\\site-packages']
sys.argv =  ['D:\\hollybae\\Aly\\Toontown-School-House\\toontown\\launcher\\TTOffQuickStartLauncher.py']
generating standard configrc
os.environ =  {'TMP': 'C:\\Users\\holla\\AppData\\Local\\Temp', 'ONEDRIVECONSUMER': 'C:\\Users\\holla\\OneDrive', 'COMPUTERNAME': 'HOLLYBAES-PC', 'USERDOMAIN': 'HOLLYBAES-PC', 'INTEL_DEV_REDIST': 'C:\\Program Files (x86)\\Common Files\\Intel\\Shared Libraries\\', 'PSMODULEPATH': 'C:\\Program Files\\WindowsPowerShell\\Modules;C:\\WINDOWS\\system32\\WindowsPowerShell\\v1.0\\Modules', 'COMMONPROGRAMFILES': 'C:\\Program Files\\Common Files', 'PROCESSOR_IDENTIFIER': 'Intel64 Family 6 Model 158 Stepping 10, GenuineIntel', 'PROGRAMFILES': 'C:\\Program Files', 'PROCESSOR_REVISION': '9e0a', 'PATH': 'C:\\Panda3D-1.11.0-x64\\panda3d\\..\\bin;C:\\Program Files (x86)\\Razer\\ChromaBroadcast\\bin;C:\\Program Files\\Razer\\ChromaBroadcast\\bin;C:\\Program Files (x86)\\Common Files\\Intel\\Shared Libraries\\redist\\intel64\\compiler;C:\\Program Files (x86)\\Common Files\\Oracle\\Java\\javapath;C:\\WINDOWS\\system32;C:\\WINDOWS;C:\\WINDOWS\\System32\\Wbem;C:\\WINDOWS\\System32\\WindowsPowerShell\\v1.0\\;C:\\WINDOWS\\System32\\OpenSSH\\;C:\\Program Files (x86)\\NVIDIA Corporation\\PhysX\\Common;C:\\Program Files\\NVIDIA Corporation\\NVIDIA NvDLISR;C:\\WINDOWS\\system32\\config\\systemprofile\\AppData\\Local\\Microsoft\\WindowsApps;C:\\Users\\holla\\AppData\\Local\\Microsoft\\WindowsApps;C:\\Panda3D-1.11.0-x64\\python;C:\\Panda3D-1.11.0-x64\\python\\Scripts;C:\\Panda3D-1.11.0-x64\\bin', 'SYSTEMROOT': 'C:\\WINDOWS', 'MIC_LD_LIBRARY_PATH': 'C:\\Program Files (x86)\\Common Files\\Intel\\Shared Libraries\\compiler\\lib\\mic', 'COMSPEC': 'C:\\WINDOWS\\system32\\cmd.exe', 'DRIVERDATA': 'C:\\Windows\\System32\\Drivers\\DriverData', 'PPYTHON_PATH': '"C:\\Panda3D-1.11.0-x64\\python\\ppython.exe"', 'TEMP': 'C:\\Users\\holla\\AppData\\Local\\Temp', 'COMMONPROGRAMFILES(X86)': 'C:\\Program Files (x86)\\Common Files', 'PROCESSOR_ARCHITECTURE': 'AMD64', 'PROGRAMFILES(X86)': 'C:\\Program Files (x86)', 'ALLUSERSPROFILE': 'C:\\ProgramData', 'LOCALAPPDATA': 'C:\\Users\\holla\\AppData\\Local', 'FPS_BROWSER_USER_PROFILE_STRING': 'Default', 'HOMEPATH': '\\Users\\holla', 'USERDOMAIN_ROAMINGPROFILE': 'HOLLYBAES-PC', 'PROGRAMW6432': 'C:\\Program Files', 'USERNAME': 'holla', 'LOGONSERVER': '\\\\HOLLYBAES-PC', 'PROMPT': '$P$G', 'SESSIONNAME': 'Console', 'PROGRAMDATA': 'C:\\ProgramData', 'ONEDRIVE': 'C:\\Users\\holla\\OneDrive', 'FPS_BROWSER_APP_PROFILE_STRING': 'Internet Explorer', 'PATHEXT': '.COM;.EXE;.BAT;.CMD;.VBS;.VBE;.JS;.JSE;.WSF;.WSH;.MSC', 'TTOFF_LOGIN_TOKEN': 'dev', 'WINDIR': 'C:\\WINDOWS', 'APPDATA': 'C:\\Users\\holla\\AppData\\Roaming', 'HOMEDRIVE': 'C:', 'SYSTEMDRIVE': 'C:', 'NUMBER_OF_PROCESSORS': '12', 'PROCESSOR_LEVEL': '6', 'RG_GPU_FRAMEWORK_ENGINE_RESOURCEDIR': 'C:\\Program Files\\Red Giant\\RGFX', 'COMMONPROGRAMW6432': 'C:\\Program Files\\Common Files', 'OS': 'Windows_NT', 'PUBLIC': 'C:\\Users\\Public', 'USERPROFILE': 'C:\\Users\\holla'}
:10-26-2020 14:50:27 TTOffLauncher: isTestServer: 0
:10-26-2020 14:50:27 TTOffLauncher: Game Server 127.0.0.1
:10-26-2020 14:50:27 TTOffLauncher: Starting Toontown Online... 
:10-26-2020 14:50:27 TTOffLauncher: foreground: Launcher now operating in foreground
useTTOffSpecificLogin=True
:10-26-2020 14:50:27 TTOffLauncher: maybeStartGame: starting game
:10-26-2020 14:50:27 TTOffLauncher: Starting Toontown Online...
:10-26-2020 14:50:27 TTOffLauncher: background: Launcher now operating in background
ToontownStart: Polling for game2 to finish...
ToontownStart: Game2 is finished.
ToontownStart: Starting the game.
ToontownStart: setting default font
:10-26-2020 14:50:27 TTOffLauncher: setting panda error code to 7
Known pipe types:
  wglGraphicsPipe
(all display modules loaded.)
:10-26-2020 14:50:28 ToonBase: Default graphics pipe is wglGraphicsPipe (OpenGL).
:10-26-2020 14:50:28 ToonBase: Successfully opened window of type wglGraphicsWindow (OpenGL)
:10-26-2020 14:50:28 ShowBase: __dev__ == False
:10-26-2020 14:50:28 TTOffLauncher: setting panda error code to 11
:10-26-2020 14:50:28 TTOffLauncher: setting panda error code to 0
ToontownStart: Loading default gui sounds
ToontownStart: serverVersion:  tto-dev
:10-26-2020 14:50:28 Loader: starting bulk load of block 'init'
:10-26-2020 14:50:29 :nativenet(error): Buffered_DatagramConnection Constructor rbufsize = 4096000 wbufsize = 4096000 write_flush_point = 1400
:10-26-2020 14:50:29 OTPClientRepository: Using connect method 'http'
:10-26-2020 14:50:29 TTOffLauncher: getRegistry ('DEPLOYMENT', None)
:10-26-2020 14:50:29 TTOffLauncher: checking env
:10-26-2020 14:50:29 TTOffLauncher: getRegistry ('GAME_DEPLOYMENT', None)
:10-26-2020 14:50:29 TTOffLauncher: checking env
:10-26-2020 14:50:29 OTPClientRepository: reg_deployment=
:10-26-2020 14:50:29 OTPClientRepository: required-login auto.
:10-26-2020 14:50:29 OTPClientRepository: loginInterface: LoginTTOffAccount
:10-26-2020 14:50:29 TTOffLauncher: getNeedPwForSecretKey using ttoff-specific-login
:10-26-2020 14:50:29 Loader: At end of block 'init', expected 138, loaded 6, duration=1.3924218
:10-26-2020 14:50:29 OTPClientRepository: Connecting to gameserver directly (no proxy).
:10-26-2020 14:50:29 OTPClientRepository: Connecting to //127.0.0.1:7198 via HTTP interface.
:10-26-2020 14:50:29 TTOffLauncher: Stopping mini task manager.
:10-26-2020 14:50:29 OTPClientRepository: Successfully connected to //127.0.0.1:7198.
:10-26-2020 14:50:29 TTOffLauncher: Setting Disconnect Details normal
{401000001: <toontown.distributed.ToontownDistrict.ToontownDistrict instance at 0x0000000019D60A08>}
:10-26-2020 14:50:31 StateData: AvatarChooser.enter
:10-26-2020 14:50:31 DisplayOptions: settingsFullScreen = False, embedded = False width=800 height=600
:10-26-2020 14:50:31 StateData: calling self.displayOptions.restrictToEmbedded(False)
:10-26-2020 14:50:44 OTPClientRepository: ================
:10-26-2020 14:50:44 OTPClientRepository: Chose avatar id: 100000046
:10-26-2020 14:50:44 OTPClientRepository: Chose avatar name: Aeterna
:10-26-2020 14:50:44 OTPClientRepository: Chose avatar dna: ('css', 'md', 'm', 'f', 77, 0, 0, 77, 3, 27, 3, 27, 63, 27)
:10-26-2020 14:50:44 OTPClientRepository: Chose avatar position: 1
:10-26-2020 14:50:44 OTPClientRepository: isPaid: 1
:10-26-2020 14:50:44 OTPClientRepository: freeTimeLeft: 0
:10-26-2020 14:50:44 OTPClientRepository: allowSecretChat: True
:10-26-2020 14:50:44 OTPClientRepository: ================
:10-26-2020 14:50:44 Loader: starting bulk load of block 'localAvatarPlayGame'
:10-26-2020 14:50:45 ToontownTimeManager(warning): error parsing date string=
local
:10-26-2020 14:50:46 NewsPageButtonManager(warning): Should not get here. NewsPageButtonManager.exitOff
:10-26-2020 14:50:46 :pnmimage:png(warning): iCCP: known incorrect sRGB profile
:10-26-2020 14:50:48 OTPClientRepository: Entering shard 401000001
:10-26-2020 14:50:48 StreetSign: Street sign url is https://ttoffline.com/images/
:10-26-2020 14:50:49 StreetSign: Street Sign is up to date
:10-26-2020 14:50:49 OTPClientRepository: Sending heartbeat mid-frame.
:10-26-2020 14:50:49 TimeManager: Clock sync: TimeManager.announceGenerate
:10-26-2020 14:50:49 NewsManager: setHolidayId: Starting Holiday 14
:10-26-2020 14:50:49 InGameNewsMgr: latestIssue=2013-08-22 16:49:46.000003-07:00
cpu info: GenuineIntel|Intel(R) Core(TM) i7-8700K CPU @ 3.70GHz|591594|0|3.696,3.696|6,12 cpus
:10-26-2020 14:50:52 OTPClientRepository: No sync from TimeManager.
:10-26-2020 14:50:52 OTPClientRepository: gotTimeSync
:10-26-2020 14:50:52 Loader: At end of block 'localAvatarPlayGame', expected 400, loaded 19, duration=7.3934707
:10-26-2020 14:50:52 TimeManager: Clock sync roundtrip took 2201.729 ms
:10-26-2020 14:50:52 TimeManager: AI time delta is -0:02 from server delta
:10-26-2020 14:50:52 TimeManager: Local clock uncertainty +/- 1.101 s
:10-26-2020 14:50:52 TimeManager: Uncertainty is too high, trying again.
:10-26-2020 14:50:52 PlayGame: QA-REGRESSION: NEIGHBORHOODS: Visit Lawbot HQ
:10-26-2020 14:50:52 Loader: starting bulk load of block 'hood'
:10-26-2020 14:50:53 LawbotCogHQLoader: loadPlaceGeom: 13000
:10-26-2020 14:50:54 TimeManager: Clock sync roundtrip took 2233.710 ms
:10-26-2020 14:50:54 TimeManager: AI time delta is -0:02 from server delta
:10-26-2020 14:50:54 ClockDelta: previous delta at -0.356 s, +/- 1.102 s.
:10-26-2020 14:50:54 ClockDelta: new delta at -0.417 s, +/- 1.117 s.
:10-26-2020 14:50:54 ClockDelta: intersection at -0.379 s, +/- 1.079 s.
:10-26-2020 14:50:54 TimeManager: Local clock uncertainty +/- 1.079 s
:10-26-2020 14:50:54 TimeManager: Uncertainty is too high, trying again.
:10-26-2020 14:50:54 DistributedObject: DistributedSuitPlanner 401002972: generating
:10-26-2020 14:50:54 DistributedToon: calling LocalAvatar.startchat
:10-26-2020 14:50:54 :loader(error): Couldn't load file phase_4/models/questmap/cog_hq_lawbot_maps.bam: not found on model path (currently: "/;/d/hollybae/Aly/Toontown-School-House/toontown/launcher;/c/Panda3D-1.11.0-x64/etc/..;/c/Panda3D-1.11.0-x64/etc/../models")
:10-26-2020 14:50:54 Loader: At end of block 'hood', expected 2, loaded 12, duration=2.5092476
:10-26-2020 14:50:54 TimeManager: Clock sync roundtrip took 272.591 ms
:10-26-2020 14:50:54 TimeManager: AI time delta is -0:00 from server delta
:10-26-2020 14:50:54 ClockDelta: previous delta at -0.379 s, +/- 1.079 s.
:10-26-2020 14:50:54 ClockDelta: new delta at -1.329 s, +/- 0.136 s.
:10-26-2020 14:50:54 ClockDelta: intersection at -1.326 s, +/- 0.133 s.
:10-26-2020 14:50:54 TimeManager: Local clock uncertainty +/- 0.133 s
:10-26-2020 14:50:56 Teleport(debug): teleportInDone: walk
:10-26-2020 14:50:56 :loader(error): Couldn't load file phase_4/models/questmap/cog_hq_lawbot_maps.bam: not found on model path (currently: "/;/d/hollybae/Aly/Toontown-School-House/toontown/launcher;/c/Panda3D-1.11.0-x64/etc/..;/c/Panda3D-1.11.0-x64/etc/../models")
:10-26-2020 14:50:58 TTOffMagicWordManager: God mode enabled for Aeterna!
local
:10-26-2020 14:51:05 LawbotCogHQLoader: loadPlaceGeom: 13100
:10-26-2020 14:51:05 LawbotCogHQLoader: QA-REGRESSION: COGHQ: Visit LawbotLobby
:10-26-2020 14:51:05 LawbotHQExterior: Unloading Place (13000). Fsm in final
:10-26-2020 14:51:05 DistributedObject: DistributedSuitPlanner 401002972: disabling
:10-26-2020 14:51:05 DistributedToon: calling LocalAvatar.startchat
:10-26-2020 14:51:05 :loader(error): Couldn't load file phase_4/models/questmap/cog_hq_lawbot_maps.bam: not found on model path (currently: "/;/d/hollybae/Aly/Toontown-School-House/toontown/launcher;/c/Panda3D-1.11.0-x64/etc/..;/c/Panda3D-1.11.0-x64/etc/../models")
:10-26-2020 14:51:07 :loader(error): Couldn't load file phase_4/models/questmap/cog_hq_lawbot_maps.bam: not found on model path (currently: "/;/d/hollybae/Aly/Toontown-School-House/toontown/launcher;/c/Panda3D-1.11.0-x64/etc/..;/c/Panda3D-1.11.0-x64/etc/../models")
:10-26-2020 14:51:11 TTOffMagicWordManager: Run mode has been toggled.
:10-26-2020 14:51:15 TTOffMagicWordManager: Gave Aeterna an infinite amount of pies
:10-26-2020 14:51:19 LawbotCogHQLoader: loadPlaceGeom: 61000
:10-26-2020 14:51:19 LawbotCogHQLoader(warning): loadPlaceGeom: unclassified zone 61000
:10-26-2020 14:51:19 CogHQLobby: Unloading Place (13100). Fsm in final
:10-26-2020 14:51:19 DistributedLawbotBoss(warning): Not a collision node: LawbotCourtroom3.egg/-PandaNode/CR3/interior/CR3_Floor
:10-26-2020 14:51:20 DistributedToon: calling LocalAvatar.startchat
:10-26-2020 14:51:20 LawbotHQBossBattle(warning): fsm.request('movie') returned 0 (zone id 61000, avatar pos LPoint3f(-0.363562, -126.204, 0.193903)).
:10-26-2020 14:51:22 LawbotHQBossBattle(warning): fsm.request('finalBattle') returned 0 (zone id 61000, avatar pos LPoint3f(-3, 0, 0)).
:10-26-2020 14:51:22 TTOffMagicWordManager: Entering Cannon Round
:10-26-2020 14:51:23 LawbotHQBossBattle(warning): fsm.request('finalBattle') returned 0 (zone id 61000, avatar pos LPoint3f(-2.798, 58, -0.000312805)).
:10-26-2020 14:51:23 TTOffMagicWordManager: Restarting Scale Round
:10-26-2020 14:52:49 :linmath(warning): Tried to invert singular LMatrix3.
:10-26-2020 14:53:05 TTOffMagicWordManager: This Magic Word doesn't exist! Did you mean stunvp?
:10-26-2020 14:53:15 TTOffMagicWordManager: Oobe mode has been toggled.
:10-26-2020 14:53:31 BulletinBoard(warning): changing oobeEnabled from True to False
:10-26-2020 14:53:31 BulletinBoard: update: posting oobeEnabled
:10-26-2020 14:53:31 TTOffMagicWordManager: Oobe mode has been toggled.
:10-26-2020 14:53:41 TTOffMagicWordManager: Alakazam!
:10-26-2020 14:53:43 TTOffMagicWordManager: LPoint3f(-69.5895, 14.0753, -0.000317818)
:10-26-2020 14:55:28 GarbageCollect(warning): garbage found, reverting gc threshold
adding timeout task
adding timeout task
frame rate: 152.8 fps|0.002d|14 avs||320|321||0x0000|0x0000|637.5MB|757.6MB|32619.6MB|469|nt.2.6.2|3.696,3.696|6,12 cpus|OpenGL
:10-26-2020 14:59:42 TTOffMagicWordManager: Presto!
:10-26-2020 15:00:04 TTOffMagicWordManager: Alakazam!
:10-26-2020 15:00:20 TTOffMagicWordManager: Presto!
:10-26-2020 15:00:38 TTOffMagicWordManager: Alakazam!
frame rate: 178.6 fps|0.001d|14 avs||620|621||0x0000|0x0000|658.3MB|778.5MB|32619.6MB|523|nt.2.6.2|3.696,3.696|6,12 cpus|OpenGL
:10-26-2020 15:01:11 TTOffMagicWordManager: Presto!
:10-26-2020 15:01:39 TTOffMagicWordManager: LPoint3f(20.1661, 21.8031, 8)
:10-26-2020 15:02:32 TTOffMagicWordManager: Abracadabra!
:10-26-2020 15:02:47 TTOffMagicWordManager: -69 14 8 -100 -10 2 is set as the starting point!
:10-26-2020 15:02:54 TTOffMagicWordManager: Point 20 21 18 -80 60 -2 with a duration of 3 was added!
:10-26-2020 15:02:56 TTOffMagicWordManager: Presto!
:10-26-2020 15:03:03 TTOffMagicWordManager: Abracadabra!
:10-26-2020 15:03:14 TTOffMagicWordManager: Abracadabra!
:10-26-2020 15:03:35 TTOffMagicWordManager: -69 14 8 -100 -30 2 is set as the starting point!
:10-26-2020 15:03:38 TTOffMagicWordManager: Ta-da!
:10-26-2020 15:04:10 TTOffMagicWordManager: Alakazam!
:10-26-2020 15:04:31 TTOffMagicWordManager: Voila!
frame rate: 171.7 fps|0.001d|14 avs||920|921||0x0000|0x0000|676.7MB|796.8MB|32619.6MB|565|nt.2.6.2|3.696,3.696|6,12 cpus|OpenGL
adding timeout task
adding timeout task
:10-26-2020 15:07:01 TTOffMagicWordManager: Voila!
:10-26-2020 15:07:35 TTOffMagicWordManager: -69 14 4 -100 0 2 is set as the starting point!
:10-26-2020 15:07:38 TTOffMagicWordManager: Voila!
:10-26-2020 15:08:00 TTOffMagicWordManager: Point 20 21 18 -80 60 -2 with a duration of 6 was added!
:10-26-2020 15:08:03 TTOffMagicWordManager: Presto!
:10-26-2020 15:08:08 TTOffMagicWordManager: Successfully cleared all camera points!
:10-26-2020 15:08:12 TTOffMagicWordManager: Point 20 21 18 -80 60 -2 with a duration of 6 was added!
:10-26-2020 15:08:14 TTOffMagicWordManager: Ta-da!
:10-26-2020 15:08:31 TTOffMagicWordManager: Voila!
:10-26-2020 15:09:45 TTOffMagicWordManager: Presto!
:10-26-2020 15:09:52 TTOffMagicWordManager: Alakazam!
frame rate: 159.7 fps|0.002d|14 avs||1220|1221||0x0000|0x0000|691.2MB|811.4MB|32619.6MB|632|nt.2.6.2|3.696,3.696|6,12 cpus|OpenGL
adding timeout task
adding timeout task
