

Starting Toontown Online...
Current time: Thu Dec 12 19:34:49 2019 Eastern Standard Time
sys.path =  ['', 'C:\\Panda3D-1.11.0-x64\\python\\python27.zip', 'C:\\Panda3D-1.11.0-x64', 'C:\\Panda3D-1.11.0-x64\\python\\DLLs', 'C:\\Panda3D-1.11.0-x64\\python\\lib', 'C:\\Panda3D-1.11.0-x64\\python\\lib\\plat-win', 'C:\\Panda3D-1.11.0-x64\\python\\lib\\lib-tk', 'C:\\Panda3D-1.11.0-x64\\python', 'C:\\Panda3D-1.11.0-x64\\bin', 'C:\\Panda3D-1.11.0-x64\\python\\lib\\site-packages']
sys.argv =  ['D:\\hollybae\\Aly\\Toontown-School-House\\toontown\\launcher\\TTOffQuickStartLauncher.py']
generating standard configrc
os.environ =  {'TMP': 'C:\\Users\\holla\\AppData\\Local\\Temp', 'COMPUTERNAME': 'HOLLYBAES-PC', 'USERDOMAIN': 'HOLLYBAES-PC', 'INTEL_DEV_REDIST': 'C:\\Program Files (x86)\\Common Files\\Intel\\Shared Libraries\\', 'PSMODULEPATH': 'C:\\Program Files\\WindowsPowerShell\\Modules;C:\\WINDOWS\\system32\\WindowsPowerShell\\v1.0\\Modules', 'COMMONPROGRAMFILES': 'C:\\Program Files\\Common Files', 'PROCESSOR_IDENTIFIER': 'Intel64 Family 6 Model 158 Stepping 10, GenuineIntel', 'VBOX_MSI_INSTALL_PATH': 'C:\\Program Files\\Oracle\\VirtualBox\\', 'PROGRAMFILES': 'C:\\Program Files', 'PROCESSOR_REVISION': '9e0a', 'PATH': 'C:\\Panda3D-1.11.0-x64\\panda3d\\..\\bin;C:\\Program Files (x86)\\Razer\\ChromaBroadcast\\bin;C:\\Program Files\\Razer\\ChromaBroadcast\\bin;C:\\Program Files (x86)\\Common Files\\Intel\\Shared Libraries\\redist\\intel64_win\\compiler;C:\\Program Files (x86)\\Common Files\\Oracle\\Java\\javapath;C:\\Program Files (x86)\\Common Files\\Intel\\Shared Libraries\\redist\\intel64\\compiler;C:\\WINDOWS\\system32;C:\\WINDOWS;C:\\WINDOWS\\System32\\Wbem;C:\\WINDOWS\\System32\\WindowsPowerShell\\v1.0\\;C:\\WINDOWS\\System32\\OpenSSH\\;C:\\Program Files\\NVIDIA Corporation\\NVIDIA NGX;C:\\Program Files (x86)\\NVIDIA Corporation\\PhysX\\Common;C:\\Program Files\\NVIDIA Corporation\\NVIDIA NvDLISR;C:\\WINDOWS\\system32;C:\\WINDOWS;C:\\WINDOWS\\System32\\Wbem;C:\\WINDOWS\\System32\\WindowsPowerShell\\v1.0\\;C:\\WINDOWS\\System32\\OpenSSH\\;D:\\hollybae\\ffmpeg-4.1.3-win64-static\\ffmpeg-4.1.3-win64-static\\bin;C:\\Program Files\\dotnet\\;C:\\WINDOWS\\system32\\config\\systemprofile\\AppData\\Local\\Microsoft\\WindowsApps;C:\\Program Files (x86)\\QuickTime\\QTSystem\\;C:\\Users\\holla\\AppData\\Local\\Microsoft\\WindowsApps;C:\\Panda3D-1.10.4.1-x64\\python;C:\\Panda3D-1.10.4.1-x64\\python\\Scripts;C:\\Panda3D-1.10.4.1-x64\\bin;C:\\Panda3D-1.11.0-x64\\python;C:\\Panda3D-1.11.0-x64\\python\\Scripts;C:\\Panda3D-1.11.0-x64\\bin', 'SYSTEMROOT': 'C:\\WINDOWS', 'MIC_LD_LIBRARY_PATH': 'C:\\Program Files (x86)\\Common Files\\Intel\\Shared Libraries\\compiler\\lib\\intel64_win_mic', 'COMSPEC': 'C:\\WINDOWS\\system32\\cmd.exe', 'DRIVERDATA': 'C:\\Windows\\System32\\Drivers\\DriverData', 'PPYTHON_PATH': '"C:\\Panda3D-1.11.0-x64\\python\\ppython.exe"', 'TEMP': 'C:\\Users\\holla\\AppData\\Local\\Temp', 'COMMONPROGRAMFILES(X86)': 'C:\\Program Files (x86)\\Common Files', 'PROCESSOR_ARCHITECTURE': 'AMD64', 'PROGRAMFILES(X86)': 'C:\\Program Files (x86)', 'ALLUSERSPROFILE': 'C:\\ProgramData', 'LOCALAPPDATA': 'C:\\Users\\holla\\AppData\\Local', 'FPS_BROWSER_USER_PROFILE_STRING': 'Default', 'HOMEPATH': '\\Users\\holla', 'USERDOMAIN_ROAMINGPROFILE': 'HOLLYBAES-PC', 'PROGRAMW6432': 'C:\\Program Files', 'USERNAME': 'holla', 'LOGONSERVER': '\\\\HOLLYBAES-PC', 'PROMPT': '$P$G', 'SESSIONNAME': 'Console', 'PROGRAMDATA': 'C:\\ProgramData', 'ONEDRIVE': 'C:\\Users\\holla\\OneDrive', 'FPS_BROWSER_APP_PROFILE_STRING': 'Internet Explorer', 'PATHEXT': '.COM;.EXE;.BAT;.CMD;.VBS;.VBE;.JS;.JSE;.WSF;.WSH;.MSC', 'TTOFF_LOGIN_TOKEN': 'dev', 'WINDIR': 'C:\\WINDOWS', 'APPDATA': 'C:\\Users\\holla\\AppData\\Roaming', 'HOMEDRIVE': 'C:', 'SYSTEMDRIVE': 'C:', 'NUMBER_OF_PROCESSORS': '12', 'PROCESSOR_LEVEL': '6', 'COMMONPROGRAMW6432': 'C:\\Program Files\\Common Files', 'OS': 'Windows_NT', 'PUBLIC': 'C:\\Users\\Public', 'USERPROFILE': 'C:\\Users\\holla'}
:12-12-2019 19:34:49 TTOffLauncher: isTestServer: 0
:12-12-2019 19:34:49 TTOffLauncher: Game Server 127.0.0.1
:12-12-2019 19:34:49 TTOffLauncher: Starting Toontown Online... 
:12-12-2019 19:34:49 TTOffLauncher: foreground: Launcher now operating in foreground
useTTOffSpecificLogin=True
:12-12-2019 19:34:49 TTOffLauncher: maybeStartGame: starting game
:12-12-2019 19:34:49 TTOffLauncher: Starting Toontown Online...
:12-12-2019 19:34:49 TTOffLauncher: background: Launcher now operating in background
ToontownStart: Polling for game2 to finish...
ToontownStart: Game2 is finished.
ToontownStart: Starting the game.
ToontownStart: setting default font
:12-12-2019 19:34:49 TTOffLauncher: setting panda error code to 7
Known pipe types:
  wglGraphicsPipe
(all display modules loaded.)
:12-12-2019 19:34:49 ToonBase: Default graphics pipe is wglGraphicsPipe (OpenGL).
:12-12-2019 19:34:49 ToonBase: Successfully opened window of type wglGraphicsWindow (OpenGL)
:12-12-2019 19:34:49 ShowBase: __dev__ == False
:12-12-2019 19:34:49 TTOffLauncher: setting panda error code to 11
:12-12-2019 19:34:49 TTOffLauncher: setting panda error code to 0
ToontownStart: Loading default gui sounds
ToontownStart: serverVersion:  tto-dev
:12-12-2019 19:34:49 Loader: starting bulk load of block 'init'
:12-12-2019 19:34:50 :nativenet(error): Buffered_DatagramConnection Constructor rbufsize = 4096000 wbufsize = 4096000 write_flush_point = 1400
:12-12-2019 19:34:50 OTPClientRepository: Using connect method 'http'
:12-12-2019 19:34:50 TTOffLauncher: getRegistry ('DEPLOYMENT', None)
:12-12-2019 19:34:50 TTOffLauncher: checking env
:12-12-2019 19:34:50 TTOffLauncher: getRegistry ('GAME_DEPLOYMENT', None)
:12-12-2019 19:34:50 TTOffLauncher: checking env
:12-12-2019 19:34:50 OTPClientRepository: reg_deployment=
:12-12-2019 19:34:50 OTPClientRepository: required-login auto.
:12-12-2019 19:34:50 OTPClientRepository: loginInterface: LoginTTOffAccount
:12-12-2019 19:34:50 TTOffLauncher: getNeedPwForSecretKey using ttoff-specific-login
:12-12-2019 19:34:50 Loader: At end of block 'init', expected 138, loaded 4, duration=0.9958522
:12-12-2019 19:34:50 OTPClientRepository: Connecting to gameserver directly (no proxy).
:12-12-2019 19:34:50 OTPClientRepository: Connecting to //127.0.0.1:7198 via HTTP interface.
:12-12-2019 19:34:50 TTOffLauncher: Stopping mini task manager.
:12-12-2019 19:34:50 OTPClientRepository: Successfully connected to //127.0.0.1:7198.
:12-12-2019 19:34:50 TTOffLauncher: Setting Disconnect Details normal
{401000001: <toontown.distributed.ToontownDistrict.ToontownDistrict instance at 0x000000001D26C748>}
:12-12-2019 19:34:51 StateData: AvatarChooser.enter
:12-12-2019 19:34:51 DisplayOptions: settingsFullScreen = False, embedded = False width=800 height=600
:12-12-2019 19:34:51 StateData: calling self.displayOptions.restrictToEmbedded(False)
:12-12-2019 19:34:52 OTPClientRepository: ================
:12-12-2019 19:34:52 OTPClientRepository: Chose avatar id: 100000014
:12-12-2019 19:34:52 OTPClientRepository: Chose avatar name: Hollybae
:12-12-2019 19:34:52 OTPClientRepository: Chose avatar dna: ('css', 'ms', 'm', 'm', 16, 0, 16, 16, 113, 27, 18, 27, 7, 21)
:12-12-2019 19:34:52 OTPClientRepository: Chose avatar position: 5
:12-12-2019 19:34:52 OTPClientRepository: isPaid: 1
:12-12-2019 19:34:52 OTPClientRepository: freeTimeLeft: 0
:12-12-2019 19:34:52 OTPClientRepository: allowSecretChat: True
:12-12-2019 19:34:52 OTPClientRepository: ================
:12-12-2019 19:34:53 Loader: starting bulk load of block 'localAvatarPlayGame'
:12-12-2019 19:34:53 ToontownTimeManager(warning): error parsing date string=
local
:12-12-2019 19:34:53 NewsPageButtonManager(warning): Should not get here. NewsPageButtonManager.exitOff
:12-12-2019 19:34:53 :pnmimage:png(warning): iCCP: known incorrect sRGB profile
:12-12-2019 19:34:54 OTPClientRepository: Entering shard 401000001
:12-12-2019 19:34:54 StreetSign: Street sign url is https://ttoffline.com/images/
:12-12-2019 19:34:55 StreetSign: Street Sign is up to date
:12-12-2019 19:34:55 TimeManager: Clock sync: TimeManager.announceGenerate
:12-12-2019 19:34:55 InGameNewsMgr: latestIssue=2013-08-22 16:49:46.000003-07:00
cpu info: GenuineIntel|Intel(R) Core(TM) i7-8700K CPU @ 3.70GHz|591594|0|3.701,3.701|6,12 cpus
:12-12-2019 19:34:56 OTPClientRepository: No sync from TimeManager.
:12-12-2019 19:34:56 OTPClientRepository: gotTimeSync
:12-12-2019 19:34:57 Loader: At end of block 'localAvatarPlayGame', expected 400, loaded 8, duration=3.9145612
:12-12-2019 19:34:57 TimeManager: Clock sync roundtrip took 1057.141 ms
:12-12-2019 19:34:57 TimeManager: AI time delta is -0:02 from server delta
:12-12-2019 19:34:57 TimeManager: Local clock uncertainty +/- 0.529 s
:12-12-2019 19:34:57 PlayGame: QA-REGRESSION: NEIGHBORHOODS: Visit Lawbot HQ
:12-12-2019 19:34:57 Loader: starting bulk load of block 'hood'
:12-12-2019 19:34:57 LawbotCogHQLoader: loadPlaceGeom: 13000
:12-12-2019 19:34:57 DistributedObject: DistributedSuitPlanner 401002972: generating
:12-12-2019 19:34:57 DistributedToon: calling LocalAvatar.startchat
:12-12-2019 19:34:57 :loader(error): Couldn't load file phase_4/models/questmap/cog_hq_lawbot_maps.bam: not found on model path (currently: "/;/d/hollybae/Aly/Toontown-School-House/toontown/launcher;/c/Panda3D-1.11.0-x64/etc/..;/c/Panda3D-1.11.0-x64/etc/../models")
:12-12-2019 19:34:57 Loader: At end of block 'hood', expected 2, loaded 3, duration=0.7403988
:12-12-2019 19:34:59 Teleport(debug): teleportInDone: walk
:12-12-2019 19:34:59 :loader(error): Couldn't load file phase_4/models/questmap/cog_hq_lawbot_maps.bam: not found on model path (currently: "/;/d/hollybae/Aly/Toontown-School-House/toontown/launcher;/c/Panda3D-1.11.0-x64/etc/..;/c/Panda3D-1.11.0-x64/etc/../models")
:12-12-2019 19:35:05 TTOffMagicWordManager: Run mode has been toggled.
:12-12-2019 19:35:10 LawbotCogHQLoader: loadPlaceGeom: 13100
:12-12-2019 19:35:10 LawbotCogHQLoader: QA-REGRESSION: COGHQ: Visit LawbotLobby
:12-12-2019 19:35:11 LawbotHQExterior: Unloading Place (13000). Fsm in final
:12-12-2019 19:35:11 DistributedObject: DistributedSuitPlanner 401002972: disabling
:12-12-2019 19:35:11 DistributedToon: calling LocalAvatar.startchat
:12-12-2019 19:35:11 :loader(error): Couldn't load file phase_4/models/questmap/cog_hq_lawbot_maps.bam: not found on model path (currently: "/;/d/hollybae/Aly/Toontown-School-House/toontown/launcher;/c/Panda3D-1.11.0-x64/etc/..;/c/Panda3D-1.11.0-x64/etc/../models")
:12-12-2019 19:35:12 :loader(error): Couldn't load file phase_4/models/questmap/cog_hq_lawbot_maps.bam: not found on model path (currently: "/;/d/hollybae/Aly/Toontown-School-House/toontown/launcher;/c/Panda3D-1.11.0-x64/etc/..;/c/Panda3D-1.11.0-x64/etc/../models")
:12-12-2019 19:35:18 TTOffMagicWordManager: Alakazam!
:12-12-2019 19:35:20 TTOffMagicWordManager: Gave Hollybae an infinite amount of pies
:12-12-2019 19:35:23 TTOffMagicWordManager: Run mode has been toggled.
:12-12-2019 19:35:25 LawbotCogHQLoader: loadPlaceGeom: 61000
:12-12-2019 19:35:25 LawbotCogHQLoader(warning): loadPlaceGeom: unclassified zone 61000
:12-12-2019 19:35:25 CogHQLobby: Unloading Place (13100). Fsm in final
:12-12-2019 19:35:25 DistributedLawbotBoss(warning): Not a collision node: LawbotCourtroom3.egg/-PandaNode/CR3/interior/CR3_Floor
:12-12-2019 19:35:25 DistributedToon: calling LocalAvatar.startchat
:12-12-2019 19:35:25 LawbotHQBossBattle(warning): fsm.request('movie') returned 0 (zone id 61000, avatar pos LPoint3f(-0.363562, -126.204, 0.193903)).
:12-12-2019 19:35:26 TTOffMagicWordManager: Restarting Scale Round
:12-12-2019 19:38:41 :linmath(warning): Tried to invert singular LMatrix3.
:12-12-2019 19:39:49 GarbageCollect(warning): garbage found, reverting gc threshold
frame rate: 289.9 fps|0.001d|13 avs||304|305||0x0000|0x0000|978.1MB|1151.9MB|16235.6MB|547|nt.2.6.2|3.701,3.701|6,12 cpus|OpenGL
frame rate: 220.3 fps|0.001d|13 avs||604|605||0x0000|0x0000|1329.6MB|1503.9MB|16235.6MB|637|nt.2.6.2|3.701,3.701|6,12 cpus|OpenGL
frame rate: 218.4 fps|0.001d|13 avs||904|905||0x0000|0x0000|1659.3MB|1834.1MB|16235.6MB|772|nt.2.6.2|3.701,3.701|6,12 cpus|OpenGL
frame rate: 242.2 fps|0.001d|13 avs||1204|1205||0x0000|0x0000|1961.9MB|2161.1MB|16235.6MB|1212|nt.2.6.2|3.701,3.701|6,12 cpus|OpenGL
frame rate: 231.9 fps|0.001d|13 avs||1504|1505||0x0000|0x0000|2319.0MB|2518.9MB|16235.6MB|1326|nt.2.6.2|3.701,3.701|6,12 cpus|OpenGL
:12-12-2019 20:04:54 TimeManager: Clock sync: timer
frame rate: 262.0 fps|0.000d|13 avs||1804|1805||0x0000|0x0000|2637.7MB|2838.2MB|16235.6MB|1430|nt.2.6.2|3.701,3.701|6,12 cpus|OpenGL
:12-12-2019 20:04:54 TimeManager: Clock sync roundtrip took 39.745 ms
:12-12-2019 20:04:54 TimeManager: AI time delta is -0:00 from server delta
:12-12-2019 20:04:54 ClockDelta: previous delta at -0.987 s, +/- 1.028 s.
:12-12-2019 20:04:54 ClockDelta: new delta at -1.508 s, +/- 0.020 s.
:12-12-2019 20:04:54 ClockDelta: intersection at -1.508 s, +/- 0.020 s.
:12-12-2019 20:04:54 TimeManager: Local clock uncertainty +/- 0.020 s
frame rate: 266.6 fps|0.001d|13 avs||2104|2105||0x0000|0x0000|2727.3MB|3165.4MB|16235.6MB|1558|nt.2.6.2|3.701,3.701|6,12 cpus|OpenGL
adding timeout task
adding timeout task
frame rate: 230.8 fps|0.001d|13 avs||2404|2405||0x0000|0x0000|2831.2MB|3464.1MB|16235.6MB|1657|nt.2.6.2|3.701,3.701|6,12 cpus|OpenGL
adding timeout task
adding timeout task
frame rate: 288.3 fps|0.001d|13 avs||2704|2705||0x0000|0x0000|3143.4MB|3776.6MB|16235.6MB|1770|nt.2.6.2|3.701,3.701|6,12 cpus|OpenGL
frame rate: 244.2 fps|0.000d|13 avs||3004|3005||0x0000|0x0000|3359.0MB|4078.5MB|16235.6MB|1870|nt.2.6.2|3.701,3.701|6,12 cpus|OpenGL
adding timeout task
adding timeout task
frame rate: 280.9 fps|0.000d|13 avs||3304|3305||0x0000|0x0000|3208.4MB|4357.6MB|16235.6MB|1965|nt.2.6.2|3.701,3.701|6,12 cpus|OpenGL
adding timeout task
adding timeout task
:12-12-2019 20:34:54 TimeManager: Clock sync: timer
:12-12-2019 20:34:54 TimeManager: Clock sync roundtrip took 15.729 ms
:12-12-2019 20:34:54 TimeManager: AI time delta is -0:00 from server delta
:12-12-2019 20:34:54 ClockDelta: previous delta at -1.508 s, +/- 0.520 s.
:12-12-2019 20:34:54 ClockDelta: new delta at -1.500 s, +/- 0.008 s.
:12-12-2019 20:34:54 ClockDelta: intersection at -1.500 s, +/- 0.008 s.
:12-12-2019 20:34:54 TimeManager: Local clock uncertainty +/- 0.008 s
frame rate: 234.3 fps|0.001d|13 avs||3604|3605||0x0000|0x0000|3107.9MB|4631.3MB|16235.6MB|2070|nt.2.6.2|3.701,3.701|6,12 cpus|OpenGL
adding timeout task
adding timeout task
frame rate: 236.8 fps|0.001d|13 avs||3904|3905||0x0000|0x0000|3410.8MB|4932.8MB|16235.6MB|2183|nt.2.6.2|3.701,3.701|6,12 cpus|OpenGL
adding timeout task
adding timeout task
frame rate: 249.1 fps|0.001d|13 avs||4204|4205||0x0000|0x0000|3295.7MB|5205.5MB|16235.6MB|2276|nt.2.6.2|3.701,3.701|6,12 cpus|OpenGL
:12-12-2019 20:46:42 ToonBase: User closed main window.
:12-12-2019 20:46:42 TimeManager: Client disconnect reason 2.
adding timeout task
:12-12-2019 20:46:42 LawbotHQBossBattle: Unloading Place (61000). Fsm in final
:12-12-2019 20:46:42 OTPClientRepository(warning): unclean exit, abandoning shard
ignoring InputState-forward
:12-12-2019 20:46:42 OTPClientRepository: sending clientLogout
:12-12-2019 20:46:42 LocalAvatar(warning): redundant call to stopUpdateSmartCamera
:12-12-2019 20:46:42 OTPClientRepository: Sent disconnect message to server
:12-12-2019 20:46:42 OTPClientRepository: Closing connection to server.
:12-12-2019 20:46:42 OTPClientRepository: Exiting cleanly
:12-12-2019 20:46:42 ToonBase: Exiting Toontown: errorCode = None
:12-12-2019 20:46:42 TTOffLauncher: setting panda error code to 0
:12-12-2019 20:46:42 TTOffLauncher: Normal exit.
