

Starting Toontown Online...
Current time: Mon Dec  2 22:45:54 2019 Eastern Standard Time
sys.path =  ['', 'C:\\Panda3D-1.11.0-x64\\python\\python27.zip', 'C:\\Panda3D-1.11.0-x64', 'C:\\Panda3D-1.11.0-x64\\python\\DLLs', 'C:\\Panda3D-1.11.0-x64\\python\\lib', 'C:\\Panda3D-1.11.0-x64\\python\\lib\\plat-win', 'C:\\Panda3D-1.11.0-x64\\python\\lib\\lib-tk', 'C:\\Panda3D-1.11.0-x64\\python', 'C:\\Panda3D-1.11.0-x64\\bin', 'C:\\Panda3D-1.11.0-x64\\python\\lib\\site-packages']
sys.argv =  ['D:\\hollybae\\Aly\\Toontown-School-House\\toontown\\launcher\\TTOffQuickStartLauncher.py']
generating standard configrc
os.environ =  {'TMP': 'C:\\Users\\holla\\AppData\\Local\\Temp', 'COMPUTERNAME': 'HOLLYBAES-PC', 'USERDOMAIN': 'HOLLYBAES-PC', 'INTEL_DEV_REDIST': 'C:\\Program Files (x86)\\Common Files\\Intel\\Shared Libraries\\', 'PSMODULEPATH': 'C:\\Program Files\\WindowsPowerShell\\Modules;C:\\WINDOWS\\system32\\WindowsPowerShell\\v1.0\\Modules', 'COMMONPROGRAMFILES': 'C:\\Program Files\\Common Files', 'PROCESSOR_IDENTIFIER': 'Intel64 Family 6 Model 158 Stepping 10, GenuineIntel', 'VBOX_MSI_INSTALL_PATH': 'C:\\Program Files\\Oracle\\VirtualBox\\', 'PROGRAMFILES': 'C:\\Program Files', 'PROCESSOR_REVISION': '9e0a', 'PATH': 'C:\\Panda3D-1.11.0-x64\\panda3d\\..\\bin;C:\\Program Files (x86)\\Razer\\ChromaBroadcast\\bin;C:\\Program Files\\Razer\\ChromaBroadcast\\bin;C:\\Program Files (x86)\\Common Files\\Intel\\Shared Libraries\\redist\\intel64_win\\compiler;C:\\Program Files (x86)\\Common Files\\Oracle\\Java\\javapath;C:\\Program Files (x86)\\Common Files\\Intel\\Shared Libraries\\redist\\intel64\\compiler;C:\\WINDOWS\\system32;C:\\WINDOWS;C:\\WINDOWS\\System32\\Wbem;C:\\WINDOWS\\System32\\WindowsPowerShell\\v1.0\\;C:\\WINDOWS\\System32\\OpenSSH\\;C:\\Program Files\\NVIDIA Corporation\\NVIDIA NGX;C:\\Program Files (x86)\\NVIDIA Corporation\\PhysX\\Common;C:\\Program Files\\NVIDIA Corporation\\NVIDIA NvDLISR;C:\\WINDOWS\\system32;C:\\WINDOWS;C:\\WINDOWS\\System32\\Wbem;C:\\WINDOWS\\System32\\WindowsPowerShell\\v1.0\\;C:\\WINDOWS\\System32\\OpenSSH\\;D:\\hollybae\\ffmpeg-4.1.3-win64-static\\ffmpeg-4.1.3-win64-static\\bin;C:\\Program Files\\dotnet\\;C:\\WINDOWS\\system32\\config\\systemprofile\\AppData\\Local\\Microsoft\\WindowsApps;C:\\Users\\holla\\AppData\\Local\\Microsoft\\WindowsApps;C:\\Panda3D-1.10.4.1-x64\\python;C:\\Panda3D-1.10.4.1-x64\\python\\Scripts;C:\\Panda3D-1.10.4.1-x64\\bin;C:\\Panda3D-1.11.0-x64\\python;C:\\Panda3D-1.11.0-x64\\python\\Scripts;C:\\Panda3D-1.11.0-x64\\bin', 'SYSTEMROOT': 'C:\\WINDOWS', 'MIC_LD_LIBRARY_PATH': 'C:\\Program Files (x86)\\Common Files\\Intel\\Shared Libraries\\compiler\\lib\\intel64_win_mic', 'COMSPEC': 'C:\\WINDOWS\\system32\\cmd.exe', 'DRIVERDATA': 'C:\\Windows\\System32\\Drivers\\DriverData', 'PPYTHON_PATH': '"C:\\Panda3D-1.11.0-x64\\python\\ppython.exe"', 'TEMP': 'C:\\Users\\holla\\AppData\\Local\\Temp', 'COMMONPROGRAMFILES(X86)': 'C:\\Program Files (x86)\\Common Files', 'PROCESSOR_ARCHITECTURE': 'AMD64', 'PROGRAMFILES(X86)': 'C:\\Program Files (x86)', 'ALLUSERSPROFILE': 'C:\\ProgramData', 'LOCALAPPDATA': 'C:\\Users\\holla\\AppData\\Local', 'FPS_BROWSER_USER_PROFILE_STRING': 'Default', 'HOMEPATH': '\\Users\\holla', 'USERDOMAIN_ROAMINGPROFILE': 'HOLLYBAES-PC', 'PROGRAMW6432': 'C:\\Program Files', 'USERNAME': 'holla', 'LOGONSERVER': '\\\\HOLLYBAES-PC', 'PROMPT': '$P$G', 'SESSIONNAME': 'Console', 'PROGRAMDATA': 'C:\\ProgramData', 'ONEDRIVE': 'C:\\Users\\holla\\OneDrive', 'FPS_BROWSER_APP_PROFILE_STRING': 'Internet Explorer', 'PATHEXT': '.COM;.EXE;.BAT;.CMD;.VBS;.VBE;.JS;.JSE;.WSF;.WSH;.MSC', 'TTOFF_LOGIN_TOKEN': 'dev', 'WINDIR': 'C:\\WINDOWS', 'APPDATA': 'C:\\Users\\holla\\AppData\\Roaming', 'HOMEDRIVE': 'C:', 'SYSTEMDRIVE': 'C:', 'NUMBER_OF_PROCESSORS': '12', 'PROCESSOR_LEVEL': '6', 'COMMONPROGRAMW6432': 'C:\\Program Files\\Common Files', 'OS': 'Windows_NT', 'PUBLIC': 'C:\\Users\\Public', 'USERPROFILE': 'C:\\Users\\holla'}
:12-02-2019 22:45:54 TTOffLauncher: isTestServer: 0
:12-02-2019 22:45:54 TTOffLauncher: Game Server 127.0.0.1
:12-02-2019 22:45:54 TTOffLauncher: Starting Toontown Online... 
:12-02-2019 22:45:54 TTOffLauncher: foreground: Launcher now operating in foreground
useTTOffSpecificLogin=True
:12-02-2019 22:45:54 TTOffLauncher: maybeStartGame: starting game
:12-02-2019 22:45:54 TTOffLauncher: Starting Toontown Online...
:12-02-2019 22:45:54 TTOffLauncher: background: Launcher now operating in background
ToontownStart: Polling for game2 to finish...
ToontownStart: Game2 is finished.
ToontownStart: Starting the game.
ToontownStart: setting default font
:12-02-2019 22:45:54 TTOffLauncher: setting panda error code to 7
Known pipe types:
  wglGraphicsPipe
(all display modules loaded.)
:12-02-2019 22:45:55 ToonBase: Default graphics pipe is wglGraphicsPipe (OpenGL).
:12-02-2019 22:45:55 ToonBase: Successfully opened window of type wglGraphicsWindow (OpenGL)
:12-02-2019 22:45:55 ShowBase: __dev__ == False
:12-02-2019 22:45:55 TTOffLauncher: setting panda error code to 11
:12-02-2019 22:45:55 TTOffLauncher: setting panda error code to 0
ToontownStart: Loading default gui sounds
ToontownStart: serverVersion:  tto-dev
:12-02-2019 22:45:55 Loader: starting bulk load of block 'init'
:12-02-2019 22:45:55 :nativenet(error): Buffered_DatagramConnection Constructor rbufsize = 4096000 wbufsize = 4096000 write_flush_point = 1400
:12-02-2019 22:45:55 OTPClientRepository: Using connect method 'http'
:12-02-2019 22:45:56 TTOffLauncher: getRegistry ('DEPLOYMENT', None)
:12-02-2019 22:45:56 TTOffLauncher: checking env
:12-02-2019 22:45:56 TTOffLauncher: getRegistry ('GAME_DEPLOYMENT', None)
:12-02-2019 22:45:56 TTOffLauncher: checking env
:12-02-2019 22:45:56 OTPClientRepository: reg_deployment=
:12-02-2019 22:45:56 OTPClientRepository: required-login auto.
:12-02-2019 22:45:56 OTPClientRepository: loginInterface: LoginTTOffAccount
:12-02-2019 22:45:56 TTOffLauncher: getNeedPwForSecretKey using ttoff-specific-login
:12-02-2019 22:45:56 Loader: At end of block 'init', expected 138, loaded 5, duration=1.1462841
:12-02-2019 22:45:56 OTPClientRepository: Connecting to gameserver directly (no proxy).
:12-02-2019 22:45:56 OTPClientRepository: Connecting to //127.0.0.1:7198 via HTTP interface.
:12-02-2019 22:45:56 TTOffLauncher: Stopping mini task manager.
:12-02-2019 22:45:56 OTPClientRepository: Successfully connected to //127.0.0.1:7198.
:12-02-2019 22:45:56 TTOffLauncher: Setting Disconnect Details normal
{401000001: <toontown.distributed.ToontownDistrict.ToontownDistrict instance at 0x000000001D3C4708>}
:12-02-2019 22:45:57 StateData: AvatarChooser.enter
:12-02-2019 22:45:57 DisplayOptions: settingsFullScreen = False, embedded = False width=800 height=600
:12-02-2019 22:45:57 StateData: calling self.displayOptions.restrictToEmbedded(False)
:12-02-2019 22:45:58 OTPClientRepository: ================
:12-02-2019 22:45:58 OTPClientRepository: Chose avatar id: 100000005
:12-02-2019 22:45:58 OTPClientRepository: Chose avatar name: Hollybae
:12-02-2019 22:45:58 OTPClientRepository: Chose avatar dna: ('css', 'ms', 'm', 'm', 16, 0, 16, 16, 113, 27, 100, 4, 7, 21)
:12-02-2019 22:45:58 OTPClientRepository: Chose avatar position: 0
:12-02-2019 22:45:58 OTPClientRepository: isPaid: 1
:12-02-2019 22:45:58 OTPClientRepository: freeTimeLeft: 0
:12-02-2019 22:45:58 OTPClientRepository: allowSecretChat: True
:12-02-2019 22:45:58 OTPClientRepository: ================
:12-02-2019 22:45:58 Loader: starting bulk load of block 'localAvatarPlayGame'
:12-02-2019 22:45:59 ToontownTimeManager(warning): error parsing date string=
Traceback (most recent call last):
  File "C:\Panda3D-1.11.0-x64\direct\distributed\ConnectionRepository.py", line 609, in readerPollUntilEmpty
    while self.readerPollOnce():
  File "C:\Panda3D-1.11.0-x64\direct\distributed\ConnectionRepository.py", line 616, in readerPollOnce
    self.handleDatagram(self.private__di)
  File "otp\distributed\OTPClientRepository.py", line 1836, in handleDatagram
    self.handleMessageType(msgType, di)
  File "otp\distributed\OTPClientRepository.py", line 1724, in handleMessageType
    self.handleGenerateWithRequiredOtherOwner(di)
  File "toontown\distributed\ToontownClientRepository.py", line 1051, in handleGenerateWithRequiredOtherOwner
    self.handleAvatarResponseMsg(doId, di)
  File "toontown\distributed\ToontownClientRepository.py", line 351, in handleAvatarResponseMsg
    dclass.receiveUpdateBroadcastRequiredOwner(localAvatar, di)
  File "toontown\toon\DistributedToon.py", line 1279, in setEmoteAccess
    messenger.send('emotesChanged')
  File "C:\Panda3D-1.11.0-x64\direct\showbase\Messenger.py", line 333, in send
    self.__dispatch(acceptorDict, event, sentArgs, foundWatch)
  File "C:\Panda3D-1.11.0-x64\direct\showbase\Messenger.py", line 418, in __dispatch
    result = method (*(extraArgs + sentArgs))
  File "otp\speedchat\SCEmoteMenu.py", line 23, in __emoteAccessChanged
    self.append(SCEmoteTerminal(i))
  File "otp\speedchat\SCEmoteTerminal.py", line 22, in __init__
    self.text = EmoteList[self.emoteId]
IndexError: list index out of range
:12-02-2019 22:45:59 :task(error): Exception occurred in PythonTask readerPollTask-73196672
:12-02-2019 22:45:59 TTOffLauncher: setting panda error code to 12
:12-02-2019 22:45:59 TTOffLauncher(warning): Handling Python exception.
:12-02-2019 22:45:59 OTPClientRepository: Sent disconnect message to server
:12-02-2019 22:45:59 OTPClientRepository: Closing connection to server.
:12-02-2019 22:45:59 TTOffLauncher: Exception exit.

Traceback (most recent call last):
  File "otp\launcher\LauncherBase.py", line 1081, in mainLoop
    self._runTaskManager()
  File "otp\launcher\LauncherBase.py", line 1052, in _runTaskManager
    taskMgr.run()
  File "C:\Panda3D-1.11.0-x64\direct\task\Task.py", line 528, in run
    self.step()
  File "C:\Panda3D-1.11.0-x64\direct\task\Task.py", line 482, in step
    self.mgr.poll()
  File "C:\Panda3D-1.11.0-x64\direct\distributed\ConnectionRepository.py", line 609, in readerPollUntilEmpty
    while self.readerPollOnce():
  File "C:\Panda3D-1.11.0-x64\direct\distributed\ConnectionRepository.py", line 616, in readerPollOnce
    self.handleDatagram(self.private__di)
  File "otp\distributed\OTPClientRepository.py", line 1836, in handleDatagram
    self.handleMessageType(msgType, di)
  File "otp\distributed\OTPClientRepository.py", line 1724, in handleMessageType
    self.handleGenerateWithRequiredOtherOwner(di)
  File "toontown\distributed\ToontownClientRepository.py", line 1051, in handleGenerateWithRequiredOtherOwner
    self.handleAvatarResponseMsg(doId, di)
  File "toontown\distributed\ToontownClientRepository.py", line 351, in handleAvatarResponseMsg
    dclass.receiveUpdateBroadcastRequiredOwner(localAvatar, di)
  File "toontown\toon\DistributedToon.py", line 1279, in setEmoteAccess
    messenger.send('emotesChanged')
  File "C:\Panda3D-1.11.0-x64\direct\showbase\Messenger.py", line 333, in send
    self.__dispatch(acceptorDict, event, sentArgs, foundWatch)
  File "C:\Panda3D-1.11.0-x64\direct\showbase\Messenger.py", line 418, in __dispatch
    result = method (*(extraArgs + sentArgs))
  File "otp\speedchat\SCEmoteMenu.py", line 23, in __emoteAccessChanged
    self.append(SCEmoteTerminal(i))
  File "otp\speedchat\SCEmoteTerminal.py", line 22, in __init__
    self.text = EmoteList[self.emoteId]
IndexError: list index out of range
