

Starting Toontown Online...
Current time: Sun Feb  2 00:48:26 2020 Eastern Standard Time
sys.path =  ['', 'C:\\Panda3D-1.11.0-x64\\python\\python27.zip', 'C:\\Panda3D-1.11.0-x64', 'C:\\Panda3D-1.11.0-x64\\python\\DLLs', 'C:\\Panda3D-1.11.0-x64\\python\\lib', 'C:\\Panda3D-1.11.0-x64\\python\\lib\\plat-win', 'C:\\Panda3D-1.11.0-x64\\python\\lib\\lib-tk', 'C:\\Panda3D-1.11.0-x64\\python', 'C:\\Panda3D-1.11.0-x64\\bin', 'C:\\Panda3D-1.11.0-x64\\python\\lib\\site-packages']
sys.argv =  ['D:\\hollybae\\Aly\\Toontown-School-House\\toontown\\launcher\\TTOffQuickStartLauncher.py']
generating standard configrc
os.environ =  {'TMP': 'C:\\Users\\holla\\AppData\\Local\\Temp', 'COMPUTERNAME': 'HOLLYBAES-PC', 'USERDOMAIN': 'HOLLYBAES-PC', 'INTEL_DEV_REDIST': 'C:\\Program Files (x86)\\Common Files\\Intel\\Shared Libraries\\', 'PSMODULEPATH': 'C:\\Program Files\\WindowsPowerShell\\Modules;C:\\WINDOWS\\system32\\WindowsPowerShell\\v1.0\\Modules', 'COMMONPROGRAMFILES': 'C:\\Program Files\\Common Files', 'PROCESSOR_IDENTIFIER': 'Intel64 Family 6 Model 158 Stepping 10, GenuineIntel', 'VBOX_MSI_INSTALL_PATH': 'C:\\Program Files\\Oracle\\VirtualBox\\', 'PROGRAMFILES': 'C:\\Program Files', 'PROCESSOR_REVISION': '9e0a', 'PATH': 'C:\\Panda3D-1.11.0-x64\\panda3d\\..\\bin;C:\\Program Files (x86)\\Razer\\ChromaBroadcast\\bin;C:\\Program Files\\Razer\\ChromaBroadcast\\bin;C:\\Program Files (x86)\\Common Files\\Intel\\Shared Libraries\\redist\\intel64_win\\compiler;C:\\Program Files (x86)\\Common Files\\Oracle\\Java\\javapath;C:\\Program Files (x86)\\Common Files\\Intel\\Shared Libraries\\redist\\intel64\\compiler;C:\\WINDOWS\\system32;C:\\WINDOWS;C:\\WINDOWS\\System32\\Wbem;C:\\WINDOWS\\System32\\WindowsPowerShell\\v1.0\\;C:\\WINDOWS\\System32\\OpenSSH\\;C:\\Program Files\\NVIDIA Corporation\\NVIDIA NGX;C:\\Program Files (x86)\\NVIDIA Corporation\\PhysX\\Common;C:\\Program Files\\NVIDIA Corporation\\NVIDIA NvDLISR;C:\\WINDOWS\\system32;C:\\WINDOWS;C:\\WINDOWS\\System32\\Wbem;C:\\WINDOWS\\System32\\WindowsPowerShell\\v1.0\\;C:\\WINDOWS\\System32\\OpenSSH\\;D:\\hollybae\\ffmpeg-4.1.3-win64-static\\ffmpeg-4.1.3-win64-static\\bin;C:\\Program Files\\dotnet\\;C:\\WINDOWS\\system32\\config\\systemprofile\\AppData\\Local\\Microsoft\\WindowsApps;C:\\Program Files (x86)\\QuickTime\\QTSystem\\;C:\\Users\\holla\\AppData\\Local\\Microsoft\\WindowsApps;C:\\Panda3D-1.10.4.1-x64\\python;C:\\Panda3D-1.10.4.1-x64\\python\\Scripts;C:\\Panda3D-1.10.4.1-x64\\bin;C:\\Panda3D-1.11.0-x64\\python;C:\\Panda3D-1.11.0-x64\\python\\Scripts;C:\\Panda3D-1.11.0-x64\\bin', 'SYSTEMROOT': 'C:\\WINDOWS', 'MIC_LD_LIBRARY_PATH': 'C:\\Program Files (x86)\\Common Files\\Intel\\Shared Libraries\\compiler\\lib\\intel64_win_mic', 'COMSPEC': 'C:\\WINDOWS\\system32\\cmd.exe', 'DRIVERDATA': 'C:\\Windows\\System32\\Drivers\\DriverData', 'PPYTHON_PATH': '"C:\\Panda3D-1.11.0-x64\\python\\ppython.exe"', 'TEMP': 'C:\\Users\\holla\\AppData\\Local\\Temp', 'COMMONPROGRAMFILES(X86)': 'C:\\Program Files (x86)\\Common Files', 'PROCESSOR_ARCHITECTURE': 'AMD64', 'PROGRAMFILES(X86)': 'C:\\Program Files (x86)', 'ALLUSERSPROFILE': 'C:\\ProgramData', 'LOCALAPPDATA': 'C:\\Users\\holla\\AppData\\Local', 'FPS_BROWSER_USER_PROFILE_STRING': 'Default', 'HOMEPATH': '\\Users\\holla', 'USERDOMAIN_ROAMINGPROFILE': 'HOLLYBAES-PC', 'PROGRAMW6432': 'C:\\Program Files', 'USERNAME': 'holla', 'LOGONSERVER': '\\\\HOLLYBAES-PC', 'PROMPT': '$P$G', 'SESSIONNAME': 'Console', 'PROGRAMDATA': 'C:\\ProgramData', 'ONEDRIVE': 'C:\\Users\\holla\\OneDrive - University of Guelph', 'FPS_BROWSER_APP_PROFILE_STRING': 'Internet Explorer', 'PATHEXT': '.COM;.EXE;.BAT;.CMD;.VBS;.VBE;.JS;.JSE;.WSF;.WSH;.MSC', 'TTOFF_LOGIN_TOKEN': 'dev', 'ONEDRIVECOMMERCIAL': 'C:\\Users\\holla\\OneDrive - University of Guelph', 'WINDIR': 'C:\\WINDOWS', 'APPDATA': 'C:\\Users\\holla\\AppData\\Roaming', 'HOMEDRIVE': 'C:', 'SYSTEMDRIVE': 'C:', 'NUMBER_OF_PROCESSORS': '12', 'PROCESSOR_LEVEL': '6', 'RG_GPU_FRAMEWORK_ENGINE_RESOURCEDIR': 'C:\\Program Files\\Red Giant\\RGFX', 'COMMONPROGRAMW6432': 'C:\\Program Files\\Common Files', 'OS': 'Windows_NT', 'PUBLIC': 'C:\\Users\\Public', 'USERPROFILE': 'C:\\Users\\holla'}
:02-02-2020 00:48:26 TTOffLauncher: isTestServer: 0
:02-02-2020 00:48:26 TTOffLauncher: Game Server 127.0.0.1
:02-02-2020 00:48:26 TTOffLauncher: Starting Toontown Online... 
:02-02-2020 00:48:26 TTOffLauncher: foreground: Launcher now operating in foreground
useTTOffSpecificLogin=True
:02-02-2020 00:48:26 TTOffLauncher: maybeStartGame: starting game
:02-02-2020 00:48:26 TTOffLauncher: Starting Toontown Online...
:02-02-2020 00:48:26 TTOffLauncher: background: Launcher now operating in background
ToontownStart: Polling for game2 to finish...
ToontownStart: Game2 is finished.
ToontownStart: Starting the game.
ToontownStart: setting default font
:02-02-2020 00:48:26 TTOffLauncher: setting panda error code to 7
Known pipe types:
  wglGraphicsPipe
(all display modules loaded.)
:02-02-2020 00:48:27 ToonBase: Default graphics pipe is wglGraphicsPipe (OpenGL).
:02-02-2020 00:48:27 ToonBase: Successfully opened window of type wglGraphicsWindow (OpenGL)
:02-02-2020 00:48:27 ShowBase: __dev__ == False
:02-02-2020 00:48:27 TTOffLauncher: setting panda error code to 11
:02-02-2020 00:48:27 TTOffLauncher: setting panda error code to 0
ToontownStart: Loading default gui sounds
ToontownStart: serverVersion:  tto-dev
:02-02-2020 00:48:27 Loader: starting bulk load of block 'init'
:02-02-2020 00:48:31 :nativenet(error): Buffered_DatagramConnection Constructor rbufsize = 4096000 wbufsize = 4096000 write_flush_point = 1400
:02-02-2020 00:48:31 OTPClientRepository: Using connect method 'http'
:02-02-2020 00:48:33 TTOffLauncher: getRegistry ('DEPLOYMENT', None)
:02-02-2020 00:48:33 TTOffLauncher: checking env
:02-02-2020 00:48:33 TTOffLauncher: getRegistry ('GAME_DEPLOYMENT', None)
:02-02-2020 00:48:33 TTOffLauncher: checking env
:02-02-2020 00:48:33 OTPClientRepository: reg_deployment=
:02-02-2020 00:48:33 OTPClientRepository: required-login auto.
:02-02-2020 00:48:33 OTPClientRepository: loginInterface: LoginTTOffAccount
:02-02-2020 00:48:33 TTOffLauncher: getNeedPwForSecretKey using ttoff-specific-login
:02-02-2020 00:48:34 Loader: At end of block 'init', expected 138, loaded 11, duration=6.2006732
:02-02-2020 00:48:34 OTPClientRepository: Connecting to gameserver directly (no proxy).
:02-02-2020 00:48:34 OTPClientRepository: Connecting to //127.0.0.1:7198 via HTTP interface.
:02-02-2020 00:48:34 TTOffLauncher: Stopping mini task manager.
:02-02-2020 00:48:34 OTPClientRepository: Successfully connected to //127.0.0.1:7198.
:02-02-2020 00:48:34 TTOffLauncher: Setting Disconnect Details normal
{401000001: <toontown.distributed.ToontownDistrict.ToontownDistrict instance at 0x000000001CDD0748>}
:02-02-2020 00:48:34 StateData: AvatarChooser.enter
:02-02-2020 00:48:34 DisplayOptions: settingsFullScreen = False, embedded = False width=800 height=600
:02-02-2020 00:48:34 StateData: calling self.displayOptions.restrictToEmbedded(False)
:02-02-2020 00:48:36 OTPClientRepository: ================
:02-02-2020 00:48:36 OTPClientRepository: Chose avatar id: 100000014
:02-02-2020 00:48:36 OTPClientRepository: Chose avatar name: Hollybae
:02-02-2020 00:48:36 OTPClientRepository: Chose avatar dna: ('css', 'ms', 'm', 'm', 16, 0, 16, 16, 113, 27, 18, 27, 7, 21)
:02-02-2020 00:48:36 OTPClientRepository: Chose avatar position: 5
:02-02-2020 00:48:36 OTPClientRepository: isPaid: 1
:02-02-2020 00:48:36 OTPClientRepository: freeTimeLeft: 0
:02-02-2020 00:48:36 OTPClientRepository: allowSecretChat: True
:02-02-2020 00:48:36 OTPClientRepository: ================
:02-02-2020 00:48:36 Loader: starting bulk load of block 'localAvatarPlayGame'
:02-02-2020 00:48:37 ToontownTimeManager(warning): error parsing date string=
local
:02-02-2020 00:48:37 NewsPageButtonManager(warning): Should not get here. NewsPageButtonManager.exitOff
:02-02-2020 00:48:38 :gobj(error): Texture::read() - couldn't read: phase_3.5/maps/global_disabled.jpg
:02-02-2020 00:48:38 :gobj(error): Unable to find texture "phase_3.5/maps/global_disabled.jpg" on model-path /;/d/hollybae/Aly/Toontown-School-House/toontown/launcher;/c/Panda3D-1.11.0-x64/etc/..;/c/Panda3D-1.11.0-x64/etc/../models
:02-02-2020 00:48:38 :pnmimage:png(warning): iCCP: known incorrect sRGB profile
:02-02-2020 00:48:39 OTPClientRepository: Entering shard 401000001
:02-02-2020 00:48:39 StreetSign: Street sign url is https://ttoffline.com/images/
:02-02-2020 00:48:41 StreetSign: Street Sign is up to date
:02-02-2020 00:48:41 TimeManager: Clock sync: TimeManager.announceGenerate
:02-02-2020 00:48:41 NewsManager: setHolidayId: Starting Holiday 19
:02-02-2020 00:48:41 InGameNewsMgr: latestIssue=2013-08-22 16:49:46.000003-07:00
cpu info: GenuineIntel|Intel(R) Core(TM) i7-8700K CPU @ 3.70GHz|591594|0|3.701,3.701|6,12 cpus
:02-02-2020 00:48:43 OTPClientRepository: No sync from TimeManager.
:02-02-2020 00:48:43 OTPClientRepository: gotTimeSync
:02-02-2020 00:48:43 Loader: At end of block 'localAvatarPlayGame', expected 400, loaded 16, duration=6.7650668
:02-02-2020 00:48:43 TimeManager: Clock sync roundtrip took 1872.991 ms
:02-02-2020 00:48:43 TimeManager: AI time delta is -0:02 from server delta
:02-02-2020 00:48:43 TimeManager: Local clock uncertainty +/- 0.937 s
:02-02-2020 00:48:43 PlayGame: QA-REGRESSION: NEIGHBORHOODS: Visit Lawbot HQ
:02-02-2020 00:48:43 Loader: starting bulk load of block 'hood'
:02-02-2020 00:48:44 OTPClientRepository: Sending heartbeat mid-frame.
:02-02-2020 00:48:45 LawbotCogHQLoader: loadPlaceGeom: 13000
:02-02-2020 00:48:45 DistributedObject: DistributedSuitPlanner 401002972: generating
:02-02-2020 00:48:45 DistributedToon: calling LocalAvatar.startchat
:02-02-2020 00:48:45 :loader(error): Couldn't load file phase_4/models/questmap/cog_hq_lawbot_maps.bam: not found on model path (currently: "/;/d/hollybae/Aly/Toontown-School-House/toontown/launcher;/c/Panda3D-1.11.0-x64/etc/..;/c/Panda3D-1.11.0-x64/etc/../models")
:02-02-2020 00:48:45 Loader: At end of block 'hood', expected 2, loaded 10, duration=2.1392599
:02-02-2020 00:48:47 Teleport(debug): teleportInDone: walk
:02-02-2020 00:48:47 :loader(error): Couldn't load file phase_4/models/questmap/cog_hq_lawbot_maps.bam: not found on model path (currently: "/;/d/hollybae/Aly/Toontown-School-House/toontown/launcher;/c/Panda3D-1.11.0-x64/etc/..;/c/Panda3D-1.11.0-x64/etc/../models")
:02-02-2020 00:48:50 TTOffMagicWordManager: Run mode has been toggled.
:02-02-2020 00:48:55 LawbotCogHQLoader: loadPlaceGeom: 13100
:02-02-2020 00:48:55 LawbotCogHQLoader: QA-REGRESSION: COGHQ: Visit LawbotLobby
:02-02-2020 00:48:56 LawbotHQExterior: Unloading Place (13000). Fsm in final
:02-02-2020 00:48:56 DistributedObject: DistributedSuitPlanner 401002972: disabling
:02-02-2020 00:48:56 DistributedToon: calling LocalAvatar.startchat
:02-02-2020 00:48:56 :loader(error): Couldn't load file phase_4/models/questmap/cog_hq_lawbot_maps.bam: not found on model path (currently: "/;/d/hollybae/Aly/Toontown-School-House/toontown/launcher;/c/Panda3D-1.11.0-x64/etc/..;/c/Panda3D-1.11.0-x64/etc/../models")
:02-02-2020 00:48:57 :loader(error): Couldn't load file phase_4/models/questmap/cog_hq_lawbot_maps.bam: not found on model path (currently: "/;/d/hollybae/Aly/Toontown-School-House/toontown/launcher;/c/Panda3D-1.11.0-x64/etc/..;/c/Panda3D-1.11.0-x64/etc/../models")
:02-02-2020 00:49:02 TTOffMagicWordManager: Run mode has been toggled.
:02-02-2020 00:49:09 LawbotCogHQLoader: loadPlaceGeom: 61000
:02-02-2020 00:49:09 LawbotCogHQLoader(warning): loadPlaceGeom: unclassified zone 61000
:02-02-2020 00:49:09 CogHQLobby: Unloading Place (13100). Fsm in final
:02-02-2020 00:49:10 DistributedLawbotBoss(warning): Not a collision node: LawbotCourtroom3.egg/-PandaNode/CR3/interior/CR3_Floor
:02-02-2020 00:49:10 DistributedToon: calling LocalAvatar.startchat
:02-02-2020 00:49:10 LawbotHQBossBattle(warning): fsm.request('movie') returned 0 (zone id 61000, avatar pos LPoint3f(-0.363562, -126.204, 0.193903)).
:02-02-2020 00:49:14 TTOffMagicWordManager: Restarting Scale Round
:02-02-2020 00:49:16 :linmath(warning): Tried to invert singular LMatrix3.
:02-02-2020 00:49:17 LawbotHQBossBattle(warning): fsm.request('finalBattle') returned 0 (zone id 61000, avatar pos LPoint3f(1.8273, 15.5354, 0)).
:02-02-2020 00:49:17 TTOffMagicWordManager: Restarting Scale Round
:02-02-2020 00:49:19 TTOffMagicWordManager: Uh-oh! This Magic Word doesn't exist!
:02-02-2020 00:49:45 TTOffMagicWordManager: Gave Hollybae an infinite amount of pies
:02-02-2020 00:53:28 GarbageCollect(warning): garbage found, reverting gc threshold
frame rate: 210.3 fps|0.001d|12 avs||312|313||0x0000|0x0000|976.6MB|1149.0MB|16235.6MB|564|nt.2.6.2|3.701,3.701|6,12 cpus|OpenGL
:02-02-2020 00:54:28 ToonBase: User closed main window.
:02-02-2020 00:54:28 TimeManager: Client disconnect reason 2.
:02-02-2020 00:54:28 LawbotHQBossBattle: Unloading Place (61000). Fsm in final
:02-02-2020 00:54:29 OTPClientRepository(warning): unclean exit, abandoning shard
ignoring InputState-forward
:02-02-2020 00:54:29 OTPClientRepository: sending clientLogout
:02-02-2020 00:54:29 LocalAvatar(warning): redundant call to stopUpdateSmartCamera
:02-02-2020 00:54:29 OTPClientRepository: Sent disconnect message to server
:02-02-2020 00:54:29 OTPClientRepository: Closing connection to server.
:02-02-2020 00:54:29 OTPClientRepository: Exiting cleanly
:02-02-2020 00:54:29 ToonBase: Exiting Toontown: errorCode = None
:02-02-2020 00:54:29 TTOffLauncher: setting panda error code to 0
:02-02-2020 00:54:29 TTOffLauncher: Normal exit.
