

Starting Toontown Online...
Current time: Sat Dec  7 22:48:08 2019 Eastern Standard Time
sys.path =  ['', 'C:\\Panda3D-1.11.0-x64\\python\\python27.zip', 'C:\\Panda3D-1.11.0-x64', 'C:\\Panda3D-1.11.0-x64\\python\\DLLs', 'C:\\Panda3D-1.11.0-x64\\python\\lib', 'C:\\Panda3D-1.11.0-x64\\python\\lib\\plat-win', 'C:\\Panda3D-1.11.0-x64\\python\\lib\\lib-tk', 'C:\\Panda3D-1.11.0-x64\\python', 'C:\\Panda3D-1.11.0-x64\\bin', 'C:\\Panda3D-1.11.0-x64\\python\\lib\\site-packages']
sys.argv =  ['D:\\hollybae\\Aly\\Toontown-School-House\\toontown\\launcher\\TTOffQuickStartLauncher.py']
generating standard configrc
os.environ =  {'TMP': 'C:\\Users\\holla\\AppData\\Local\\Temp', 'COMPUTERNAME': 'HOLLYBAES-PC', 'USERDOMAIN': 'HOLLYBAES-PC', 'INTEL_DEV_REDIST': 'C:\\Program Files (x86)\\Common Files\\Intel\\Shared Libraries\\', 'PSMODULEPATH': 'C:\\Program Files\\WindowsPowerShell\\Modules;C:\\WINDOWS\\system32\\WindowsPowerShell\\v1.0\\Modules', 'COMMONPROGRAMFILES': 'C:\\Program Files\\Common Files', 'PROCESSOR_IDENTIFIER': 'Intel64 Family 6 Model 158 Stepping 10, GenuineIntel', 'VBOX_MSI_INSTALL_PATH': 'C:\\Program Files\\Oracle\\VirtualBox\\', 'PROGRAMFILES': 'C:\\Program Files', 'PROCESSOR_REVISION': '9e0a', 'PATH': 'C:\\Panda3D-1.11.0-x64\\panda3d\\..\\bin;C:\\Program Files (x86)\\Razer\\ChromaBroadcast\\bin;C:\\Program Files\\Razer\\ChromaBroadcast\\bin;C:\\Program Files (x86)\\Common Files\\Intel\\Shared Libraries\\redist\\intel64_win\\compiler;C:\\Program Files (x86)\\Common Files\\Oracle\\Java\\javapath;C:\\Program Files (x86)\\Common Files\\Intel\\Shared Libraries\\redist\\intel64\\compiler;C:\\WINDOWS\\system32;C:\\WINDOWS;C:\\WINDOWS\\System32\\Wbem;C:\\WINDOWS\\System32\\WindowsPowerShell\\v1.0\\;C:\\WINDOWS\\System32\\OpenSSH\\;C:\\Program Files\\NVIDIA Corporation\\NVIDIA NGX;C:\\Program Files (x86)\\NVIDIA Corporation\\PhysX\\Common;C:\\Program Files\\NVIDIA Corporation\\NVIDIA NvDLISR;C:\\WINDOWS\\system32;C:\\WINDOWS;C:\\WINDOWS\\System32\\Wbem;C:\\WINDOWS\\System32\\WindowsPowerShell\\v1.0\\;C:\\WINDOWS\\System32\\OpenSSH\\;D:\\hollybae\\ffmpeg-4.1.3-win64-static\\ffmpeg-4.1.3-win64-static\\bin;C:\\Program Files\\dotnet\\;C:\\WINDOWS\\system32\\config\\systemprofile\\AppData\\Local\\Microsoft\\WindowsApps;C:\\Program Files (x86)\\QuickTime\\QTSystem\\;C:\\Users\\holla\\AppData\\Local\\Microsoft\\WindowsApps;C:\\Panda3D-1.10.4.1-x64\\python;C:\\Panda3D-1.10.4.1-x64\\python\\Scripts;C:\\Panda3D-1.10.4.1-x64\\bin;C:\\Panda3D-1.11.0-x64\\python;C:\\Panda3D-1.11.0-x64\\python\\Scripts;C:\\Panda3D-1.11.0-x64\\bin', 'SYSTEMROOT': 'C:\\WINDOWS', 'MIC_LD_LIBRARY_PATH': 'C:\\Program Files (x86)\\Common Files\\Intel\\Shared Libraries\\compiler\\lib\\intel64_win_mic', 'COMSPEC': 'C:\\WINDOWS\\system32\\cmd.exe', 'DRIVERDATA': 'C:\\Windows\\System32\\Drivers\\DriverData', 'PPYTHON_PATH': '"C:\\Panda3D-1.11.0-x64\\python\\ppython.exe"', 'TEMP': 'C:\\Users\\holla\\AppData\\Local\\Temp', 'COMMONPROGRAMFILES(X86)': 'C:\\Program Files (x86)\\Common Files', 'PROCESSOR_ARCHITECTURE': 'AMD64', 'PROGRAMFILES(X86)': 'C:\\Program Files (x86)', 'ALLUSERSPROFILE': 'C:\\ProgramData', 'LOCALAPPDATA': 'C:\\Users\\holla\\AppData\\Local', 'FPS_BROWSER_USER_PROFILE_STRING': 'Default', 'HOMEPATH': '\\Users\\holla', 'USERDOMAIN_ROAMINGPROFILE': 'HOLLYBAES-PC', 'PROGRAMW6432': 'C:\\Program Files', 'USERNAME': 'holla', 'LOGONSERVER': '\\\\HOLLYBAES-PC', 'PROMPT': '$P$G', 'SESSIONNAME': 'Console', 'PROGRAMDATA': 'C:\\ProgramData', 'ONEDRIVE': 'C:\\Users\\holla\\OneDrive', 'FPS_BROWSER_APP_PROFILE_STRING': 'Internet Explorer', 'PATHEXT': '.COM;.EXE;.BAT;.CMD;.VBS;.VBE;.JS;.JSE;.WSF;.WSH;.MSC', 'TTOFF_LOGIN_TOKEN': 'dev', 'WINDIR': 'C:\\WINDOWS', 'APPDATA': 'C:\\Users\\holla\\AppData\\Roaming', 'HOMEDRIVE': 'C:', 'SYSTEMDRIVE': 'C:', 'NUMBER_OF_PROCESSORS': '12', 'PROCESSOR_LEVEL': '6', 'COMMONPROGRAMW6432': 'C:\\Program Files\\Common Files', 'OS': 'Windows_NT', 'PUBLIC': 'C:\\Users\\Public', 'USERPROFILE': 'C:\\Users\\holla'}
:12-07-2019 22:48:08 TTOffLauncher: isTestServer: 0
:12-07-2019 22:48:08 TTOffLauncher: Game Server 127.0.0.1
:12-07-2019 22:48:08 TTOffLauncher: Starting Toontown Online... 
:12-07-2019 22:48:08 TTOffLauncher: foreground: Launcher now operating in foreground
useTTOffSpecificLogin=True
:12-07-2019 22:48:08 TTOffLauncher: maybeStartGame: starting game
:12-07-2019 22:48:08 TTOffLauncher: Starting Toontown Online...
:12-07-2019 22:48:08 TTOffLauncher: background: Launcher now operating in background
ToontownStart: Polling for game2 to finish...
ToontownStart: Game2 is finished.
ToontownStart: Starting the game.
ToontownStart: setting default font
:12-07-2019 22:48:09 TTOffLauncher: setting panda error code to 7
Known pipe types:
  wglGraphicsPipe
(all display modules loaded.)
:12-07-2019 22:48:09 ToonBase: Default graphics pipe is wglGraphicsPipe (OpenGL).
:12-07-2019 22:48:09 ToonBase: Successfully opened window of type wglGraphicsWindow (OpenGL)
:12-07-2019 22:48:09 ShowBase: __dev__ == False
:12-07-2019 22:48:09 TTOffLauncher: setting panda error code to 11
:12-07-2019 22:48:09 TTOffLauncher: setting panda error code to 0
ToontownStart: Loading default gui sounds
ToontownStart: serverVersion:  tto-dev
:12-07-2019 22:48:09 Loader: starting bulk load of block 'init'
:12-07-2019 22:48:09 :nativenet(error): Buffered_DatagramConnection Constructor rbufsize = 4096000 wbufsize = 4096000 write_flush_point = 1400
:12-07-2019 22:48:10 OTPClientRepository: Using connect method 'http'
:12-07-2019 22:48:10 TTOffLauncher: getRegistry ('DEPLOYMENT', None)
:12-07-2019 22:48:10 TTOffLauncher: checking env
:12-07-2019 22:48:10 TTOffLauncher: getRegistry ('GAME_DEPLOYMENT', None)
:12-07-2019 22:48:10 TTOffLauncher: checking env
:12-07-2019 22:48:10 OTPClientRepository: reg_deployment=
:12-07-2019 22:48:10 OTPClientRepository: required-login auto.
:12-07-2019 22:48:10 OTPClientRepository: loginInterface: LoginTTOffAccount
:12-07-2019 22:48:10 TTOffLauncher: getNeedPwForSecretKey using ttoff-specific-login
:12-07-2019 22:48:10 Loader: At end of block 'init', expected 138, loaded 5, duration=1.0820155
:12-07-2019 22:48:10 OTPClientRepository: Connecting to gameserver directly (no proxy).
:12-07-2019 22:48:10 OTPClientRepository: Connecting to //127.0.0.1:7198 via HTTP interface.
:12-07-2019 22:48:10 TTOffLauncher: Stopping mini task manager.
:12-07-2019 22:48:10 OTPClientRepository: Successfully connected to //127.0.0.1:7198.
:12-07-2019 22:48:11 TTOffLauncher: Setting Disconnect Details normal
{401000001: <toontown.distributed.ToontownDistrict.ToontownDistrict instance at 0x000000001D57DE08>}
:12-07-2019 22:48:13 StateData: AvatarChooser.enter
:12-07-2019 22:48:13 DisplayOptions: settingsFullScreen = False, embedded = False width=800 height=600
:12-07-2019 22:48:13 StateData: calling self.displayOptions.restrictToEmbedded(False)
:12-07-2019 22:48:14 OTPClientRepository: ================
:12-07-2019 22:48:14 OTPClientRepository: Chose avatar id: 100000014
:12-07-2019 22:48:14 OTPClientRepository: Chose avatar name: Hollybae
:12-07-2019 22:48:14 OTPClientRepository: Chose avatar dna: ('css', 'ms', 'm', 'm', 16, 0, 16, 16, 113, 27, 18, 27, 7, 21)
:12-07-2019 22:48:14 OTPClientRepository: Chose avatar position: 5
:12-07-2019 22:48:14 OTPClientRepository: isPaid: 1
:12-07-2019 22:48:14 OTPClientRepository: freeTimeLeft: 0
:12-07-2019 22:48:14 OTPClientRepository: allowSecretChat: True
:12-07-2019 22:48:14 OTPClientRepository: ================
:12-07-2019 22:48:14 Loader: starting bulk load of block 'localAvatarPlayGame'
:12-07-2019 22:48:15 ToontownTimeManager(warning): error parsing date string=
local
:12-07-2019 22:48:15 NewsPageButtonManager(warning): Should not get here. NewsPageButtonManager.exitOff
:12-07-2019 22:48:15 :pnmimage:png(warning): iCCP: known incorrect sRGB profile
:12-07-2019 22:48:16 OTPClientRepository: Entering shard 401000001
:12-07-2019 22:48:16 StreetSign: Street sign url is https://ttoffline.com/images/
:12-07-2019 22:48:17 StreetSign: Street Sign is up to date
:12-07-2019 22:48:17 TimeManager: Clock sync: TimeManager.announceGenerate
:12-07-2019 22:48:17 NewsManager: setHolidayId: Starting Holiday 20
:12-07-2019 22:48:17 InGameNewsMgr: latestIssue=2013-08-22 16:49:46.000003-07:00
cpu info: GenuineIntel|Intel(R) Core(TM) i7-8700K CPU @ 3.70GHz|591594|0|3.701,3.701|6,12 cpus
:12-07-2019 22:48:18 OTPClientRepository: No sync from TimeManager.
:12-07-2019 22:48:18 OTPClientRepository: gotTimeSync
:12-07-2019 22:48:18 Loader: At end of block 'localAvatarPlayGame', expected 400, loaded 8, duration=3.9495557
:12-07-2019 22:48:18 TimeManager: Clock sync roundtrip took 1060.682 ms
:12-07-2019 22:48:18 TimeManager: AI time delta is -0:01 from server delta
:12-07-2019 22:48:18 TimeManager: Local clock uncertainty +/- 0.530 s
:12-07-2019 22:48:18 TimeManager: Clock sync roundtrip took 1061.832 ms
:12-07-2019 22:48:18 TimeManager: AI time delta is -0:01 from server delta
:12-07-2019 22:48:18 ClockDelta: previous delta at -1.871 s, +/- 0.530 s.
:12-07-2019 22:48:18 ClockDelta: new delta at -0.980 s, +/- 0.531 s.
:12-07-2019 22:48:18 ClockDelta: intersection at -1.426 s, +/- 0.085 s.
:12-07-2019 22:48:18 TimeManager: Local clock uncertainty +/- 0.086 s
:12-07-2019 22:48:18 PlayGame: QA-REGRESSION: NEIGHBORHOODS: Visit Lawbot HQ
:12-07-2019 22:48:18 Loader: starting bulk load of block 'hood'
:12-07-2019 22:48:19 LawbotCogHQLoader: loadPlaceGeom: 13000
:12-07-2019 22:48:19 OTPClientRepository(warning): storeObjectLocation(100000014): parent 401000001 not present
:12-07-2019 22:48:19 LocalAvatar(warning): redundant call to stopUpdateSmartCamera
Traceback (most recent call last):
  File "C:\Panda3D-1.11.0-x64\direct\distributed\ConnectionRepository.py", line 609, in readerPollUntilEmpty
    while self.readerPollOnce():
  File "C:\Panda3D-1.11.0-x64\direct\distributed\ConnectionRepository.py", line 616, in readerPollOnce
    self.handleDatagram(self.private__di)
  File "otp\distributed\OTPClientRepository.py", line 1838, in handleDatagram
    self.handler(msgType, di)
  File "toontown\hood\QuietZoneState.py", line 153, in handleWaitForQuietZoneResponse
    base.cr.handlePlayGame(msgType, di)
  File "otp\distributed\OTPClientRepository.py", line 1445, in handlePlayGame
    self.handleMessageType(msgType, di)
  File "otp\distributed\OTPClientRepository.py", line 1732, in handleMessageType
    self.gotInterestDoneMessage(di)
  File "otp\distributed\OTPClientRepository.py", line 1759, in gotInterestDoneMessage
    self.handleInterestDoneMessage(di)
  File "C:\Panda3D-1.11.0-x64\direct\distributed\DoInterestManager.py", line 621, in handleInterestDoneMessage
    messenger.send(event)
  File "C:\Panda3D-1.11.0-x64\direct\showbase\Messenger.py", line 333, in send
    self.__dispatch(acceptorDict, event, sentArgs, foundWatch)
  File "C:\Panda3D-1.11.0-x64\direct\showbase\Messenger.py", line 418, in __dispatch
    result = method (*(extraArgs + sentArgs))
  File "toontown\distributed\ToontownClientRepository.py", line 928, in _handleEmuSetZoneDone
    messenger.send(event)
  File "C:\Panda3D-1.11.0-x64\direct\showbase\Messenger.py", line 333, in send
    self.__dispatch(acceptorDict, event, sentArgs, foundWatch)
  File "C:\Panda3D-1.11.0-x64\direct\showbase\Messenger.py", line 418, in __dispatch
    result = method (*(extraArgs + sentArgs))
  File "toontown\hood\QuietZoneState.py", line 196, in _handleQuietZoneComplete
    self.fsm.request('waitForZoneRedirect')
  File "C:\Panda3D-1.11.0-x64\direct\fsm\ClassicFSM.py", line 281, in request
    exitArgList)
  File "C:\Panda3D-1.11.0-x64\direct\fsm\ClassicFSM.py", line 228, in __transition
    self.__enter(aState, enterArgList)
  File "C:\Panda3D-1.11.0-x64\direct\fsm\ClassicFSM.py", line 214, in __enter
    aState.enter(argList)
  File "C:\Panda3D-1.11.0-x64\direct\fsm\State.py", line 202, in enter
    self.__enterFunc(*argList)
  File "toontown\hood\QuietZoneState.py", line 237, in enterWaitForZoneRedirect
    self.fsm.request('waitForSetZoneResponse')
  File "C:\Panda3D-1.11.0-x64\direct\fsm\ClassicFSM.py", line 281, in request
    exitArgList)
  File "C:\Panda3D-1.11.0-x64\direct\fsm\ClassicFSM.py", line 228, in __transition
    self.__enter(aState, enterArgList)
  File "C:\Panda3D-1.11.0-x64\direct\fsm\ClassicFSM.py", line 214, in __enter
    aState.enter(argList)
  File "C:\Panda3D-1.11.0-x64\direct\fsm\State.py", line 202, in enter
    self.__enterFunc(*argList)
  File "toontown\hood\QuietZoneState.py", line 263, in enterWaitForSetZoneResponse
    self.fsm.request('waitForSetZoneComplete')
  File "C:\Panda3D-1.11.0-x64\direct\fsm\ClassicFSM.py", line 281, in request
    exitArgList)
  File "C:\Panda3D-1.11.0-x64\direct\fsm\ClassicFSM.py", line 228, in __transition
    self.__enter(aState, enterArgList)
  File "C:\Panda3D-1.11.0-x64\direct\fsm\ClassicFSM.py", line 214, in __enter
    aState.enter(argList)
  File "C:\Panda3D-1.11.0-x64\direct\fsm\State.py", line 202, in enter
    self.__enterFunc(*argList)
  File "toontown\hood\QuietZoneState.py", line 301, in enterWaitForSetZoneComplete
    messenger.send(self.getQuietZoneLeftEvent())
  File "C:\Panda3D-1.11.0-x64\direct\showbase\Messenger.py", line 333, in send
    self.__dispatch(acceptorDict, event, sentArgs, foundWatch)
  File "C:\Panda3D-1.11.0-x64\direct\showbase\Messenger.py", line 418, in __dispatch
    result = method (*(extraArgs + sentArgs))
  File "toontown\distributed\PlayGame.py", line 288, in handleLeftQuietZone
    self.fsm.request(hoodState, [status])
  File "C:\Panda3D-1.11.0-x64\direct\fsm\ClassicFSM.py", line 281, in request
    exitArgList)
  File "C:\Panda3D-1.11.0-x64\direct\fsm\ClassicFSM.py", line 228, in __transition
    self.__enter(aState, enterArgList)
  File "C:\Panda3D-1.11.0-x64\direct\fsm\ClassicFSM.py", line 214, in __enter
    aState.enter(argList)
  File "C:\Panda3D-1.11.0-x64\direct\fsm\State.py", line 202, in enter
    self.__enterFunc(*argList)
  File "toontown\distributed\PlayGame.py", line 379, in enterLawbotHQ
    self.hood.enter(requestStatus)
  File "toontown\hood\LawbotHQ.py", line 27, in enter
    CogHood.CogHood.enter(self, *args)
  File "toontown\hood\Hood.py", line 41, in enter
    self.fsm.request(requestStatus['loader'], [requestStatus])
  File "C:\Panda3D-1.11.0-x64\direct\fsm\ClassicFSM.py", line 281, in request
    exitArgList)
  File "C:\Panda3D-1.11.0-x64\direct\fsm\ClassicFSM.py", line 228, in __transition
    self.__enter(aState, enterArgList)
  File "C:\Panda3D-1.11.0-x64\direct\fsm\ClassicFSM.py", line 214, in __enter
    aState.enter(argList)
  File "C:\Panda3D-1.11.0-x64\direct\fsm\State.py", line 202, in enter
    self.__enterFunc(*argList)
  File "toontown\hood\CogHood.py", line 39, in enterCogHQLoader
    self.loader.enter(requestStatus)
  File "toontown\coghq\CogHQLoader.py", line 61, in enter
    self.fsm.request(requestStatus['where'], [requestStatus])
  File "C:\Panda3D-1.11.0-x64\direct\fsm\ClassicFSM.py", line 281, in request
    exitArgList)
  File "C:\Panda3D-1.11.0-x64\direct\fsm\ClassicFSM.py", line 228, in __transition
    self.__enter(aState, enterArgList)
  File "C:\Panda3D-1.11.0-x64\direct\fsm\ClassicFSM.py", line 214, in __enter
    aState.enter(argList)
  File "C:\Panda3D-1.11.0-x64\direct\fsm\State.py", line 202, in enter
    self.__enterFunc(*argList)
  File "toontown\coghq\CogHQLoader.py", line 121, in enterCogHQExterior
    self.enterPlace(requestStatus)
  File "toontown\coghq\CogHQLoader.py", line 89, in enterPlace
    self.place.load()
  File "toontown\coghq\CogHQExterior.py", line 58, in load
    BattlePlace.BattlePlace.load(self)
  File "toontown\battle\BattlePlace.py", line 13, in load
    Place.Place.load(self)
  File "toontown\hood\Place.py", line 42, in load
    FriendsListManager.FriendsListManager.load(self)
  File "toontown\friends\FriendsListManager.py", line 33, in load
    base.cr.friendManager.setGameSpecificFunction(self.processQueuedRequests)
AttributeError: 'NoneType' object has no attribute 'setGameSpecificFunction'
:12-07-2019 22:48:19 :task(error): Exception occurred in PythonTask readerPollTask-204765840
:12-07-2019 22:48:19 TTOffLauncher: setting panda error code to 12
:12-07-2019 22:48:19 TTOffLauncher(warning): Handling Python exception.
:12-07-2019 22:48:19 OTPClientRepository: Sent disconnect message to server
:12-07-2019 22:48:19 OTPClientRepository: Closing connection to server.
:12-07-2019 22:48:19 TTOffLauncher: Exception exit.

Traceback (most recent call last):
  File "otp\launcher\LauncherBase.py", line 1081, in mainLoop
    self._runTaskManager()
  File "otp\launcher\LauncherBase.py", line 1052, in _runTaskManager
    taskMgr.run()
  File "C:\Panda3D-1.11.0-x64\direct\task\Task.py", line 528, in run
    self.step()
  File "C:\Panda3D-1.11.0-x64\direct\task\Task.py", line 482, in step
    self.mgr.poll()
  File "C:\Panda3D-1.11.0-x64\direct\distributed\ConnectionRepository.py", line 609, in readerPollUntilEmpty
    while self.readerPollOnce():
  File "C:\Panda3D-1.11.0-x64\direct\distributed\ConnectionRepository.py", line 616, in readerPollOnce
    self.handleDatagram(self.private__di)
  File "otp\distributed\OTPClientRepository.py", line 1838, in handleDatagram
    self.handler(msgType, di)
  File "toontown\hood\QuietZoneState.py", line 153, in handleWaitForQuietZoneResponse
    base.cr.handlePlayGame(msgType, di)
  File "otp\distributed\OTPClientRepository.py", line 1445, in handlePlayGame
    self.handleMessageType(msgType, di)
  File "otp\distributed\OTPClientRepository.py", line 1732, in handleMessageType
    self.gotInterestDoneMessage(di)
  File "otp\distributed\OTPClientRepository.py", line 1759, in gotInterestDoneMessage
    self.handleInterestDoneMessage(di)
  File "C:\Panda3D-1.11.0-x64\direct\distributed\DoInterestManager.py", line 621, in handleInterestDoneMessage
    messenger.send(event)
  File "C:\Panda3D-1.11.0-x64\direct\showbase\Messenger.py", line 333, in send
    self.__dispatch(acceptorDict, event, sentArgs, foundWatch)
  File "C:\Panda3D-1.11.0-x64\direct\showbase\Messenger.py", line 418, in __dispatch
    result = method (*(extraArgs + sentArgs))
  File "toontown\distributed\ToontownClientRepository.py", line 928, in _handleEmuSetZoneDone
    messenger.send(event)
  File "C:\Panda3D-1.11.0-x64\direct\showbase\Messenger.py", line 333, in send
    self.__dispatch(acceptorDict, event, sentArgs, foundWatch)
  File "C:\Panda3D-1.11.0-x64\direct\showbase\Messenger.py", line 418, in __dispatch
    result = method (*(extraArgs + sentArgs))
  File "toontown\hood\QuietZoneState.py", line 196, in _handleQuietZoneComplete
    self.fsm.request('waitForZoneRedirect')
  File "C:\Panda3D-1.11.0-x64\direct\fsm\ClassicFSM.py", line 281, in request
    exitArgList)
  File "C:\Panda3D-1.11.0-x64\direct\fsm\ClassicFSM.py", line 228, in __transition
    self.__enter(aState, enterArgList)
  File "C:\Panda3D-1.11.0-x64\direct\fsm\ClassicFSM.py", line 214, in __enter
    aState.enter(argList)
  File "C:\Panda3D-1.11.0-x64\direct\fsm\State.py", line 202, in enter
    self.__enterFunc(*argList)
  File "toontown\hood\QuietZoneState.py", line 237, in enterWaitForZoneRedirect
    self.fsm.request('waitForSetZoneResponse')
  File "C:\Panda3D-1.11.0-x64\direct\fsm\ClassicFSM.py", line 281, in request
    exitArgList)
  File "C:\Panda3D-1.11.0-x64\direct\fsm\ClassicFSM.py", line 228, in __transition
    self.__enter(aState, enterArgList)
  File "C:\Panda3D-1.11.0-x64\direct\fsm\ClassicFSM.py", line 214, in __enter
    aState.enter(argList)
  File "C:\Panda3D-1.11.0-x64\direct\fsm\State.py", line 202, in enter
    self.__enterFunc(*argList)
  File "toontown\hood\QuietZoneState.py", line 263, in enterWaitForSetZoneResponse
    self.fsm.request('waitForSetZoneComplete')
  File "C:\Panda3D-1.11.0-x64\direct\fsm\ClassicFSM.py", line 281, in request
    exitArgList)
  File "C:\Panda3D-1.11.0-x64\direct\fsm\ClassicFSM.py", line 228, in __transition
    self.__enter(aState, enterArgList)
  File "C:\Panda3D-1.11.0-x64\direct\fsm\ClassicFSM.py", line 214, in __enter
    aState.enter(argList)
  File "C:\Panda3D-1.11.0-x64\direct\fsm\State.py", line 202, in enter
    self.__enterFunc(*argList)
  File "toontown\hood\QuietZoneState.py", line 301, in enterWaitForSetZoneComplete
    messenger.send(self.getQuietZoneLeftEvent())
  File "C:\Panda3D-1.11.0-x64\direct\showbase\Messenger.py", line 333, in send
    self.__dispatch(acceptorDict, event, sentArgs, foundWatch)
  File "C:\Panda3D-1.11.0-x64\direct\showbase\Messenger.py", line 418, in __dispatch
    result = method (*(extraArgs + sentArgs))
  File "toontown\distributed\PlayGame.py", line 288, in handleLeftQuietZone
    self.fsm.request(hoodState, [status])
  File "C:\Panda3D-1.11.0-x64\direct\fsm\ClassicFSM.py", line 281, in request
    exitArgList)
  File "C:\Panda3D-1.11.0-x64\direct\fsm\ClassicFSM.py", line 228, in __transition
    self.__enter(aState, enterArgList)
  File "C:\Panda3D-1.11.0-x64\direct\fsm\ClassicFSM.py", line 214, in __enter
    aState.enter(argList)
  File "C:\Panda3D-1.11.0-x64\direct\fsm\State.py", line 202, in enter
    self.__enterFunc(*argList)
  File "toontown\distributed\PlayGame.py", line 379, in enterLawbotHQ
    self.hood.enter(requestStatus)
  File "toontown\hood\LawbotHQ.py", line 27, in enter
    CogHood.CogHood.enter(self, *args)
  File "toontown\hood\Hood.py", line 41, in enter
    self.fsm.request(requestStatus['loader'], [requestStatus])
  File "C:\Panda3D-1.11.0-x64\direct\fsm\ClassicFSM.py", line 281, in request
    exitArgList)
  File "C:\Panda3D-1.11.0-x64\direct\fsm\ClassicFSM.py", line 228, in __transition
    self.__enter(aState, enterArgList)
  File "C:\Panda3D-1.11.0-x64\direct\fsm\ClassicFSM.py", line 214, in __enter
    aState.enter(argList)
  File "C:\Panda3D-1.11.0-x64\direct\fsm\State.py", line 202, in enter
    self.__enterFunc(*argList)
  File "toontown\hood\CogHood.py", line 39, in enterCogHQLoader
    self.loader.enter(requestStatus)
  File "toontown\coghq\CogHQLoader.py", line 61, in enter
    self.fsm.request(requestStatus['where'], [requestStatus])
  File "C:\Panda3D-1.11.0-x64\direct\fsm\ClassicFSM.py", line 281, in request
    exitArgList)
  File "C:\Panda3D-1.11.0-x64\direct\fsm\ClassicFSM.py", line 228, in __transition
    self.__enter(aState, enterArgList)
  File "C:\Panda3D-1.11.0-x64\direct\fsm\ClassicFSM.py", line 214, in __enter
    aState.enter(argList)
  File "C:\Panda3D-1.11.0-x64\direct\fsm\State.py", line 202, in enter
    self.__enterFunc(*argList)
  File "toontown\coghq\CogHQLoader.py", line 121, in enterCogHQExterior
    self.enterPlace(requestStatus)
  File "toontown\coghq\CogHQLoader.py", line 89, in enterPlace
    self.place.load()
  File "toontown\coghq\CogHQExterior.py", line 58, in load
    BattlePlace.BattlePlace.load(self)
  File "toontown\battle\BattlePlace.py", line 13, in load
    Place.Place.load(self)
  File "toontown\hood\Place.py", line 42, in load
    FriendsListManager.FriendsListManager.load(self)
  File "toontown\friends\FriendsListManager.py", line 33, in load
    base.cr.friendManager.setGameSpecificFunction(self.processQueuedRequests)
AttributeError: 'NoneType' object has no attribute 'setGameSpecificFunction'
