

Starting Toontown Online...
Current time: Thu Mar 26 07:47:05 2020 Eastern Standard Time
sys.path =  ['', 'C:\\Panda3D-1.11.0-x64\\python\\python27.zip', 'C:\\Panda3D-1.11.0-x64', 'C:\\Panda3D-1.11.0-x64\\python\\DLLs', 'C:\\Panda3D-1.11.0-x64\\python\\lib', 'C:\\Panda3D-1.11.0-x64\\python\\lib\\plat-win', 'C:\\Panda3D-1.11.0-x64\\python\\lib\\lib-tk', 'C:\\Panda3D-1.11.0-x64\\python', 'C:\\Panda3D-1.11.0-x64\\bin', 'C:\\Panda3D-1.11.0-x64\\python\\lib\\site-packages']
sys.argv =  ['D:\\hollybae\\Aly\\Toontown-School-House\\toontown\\launcher\\TTOffQuickStartLauncher.py']
generating standard configrc
os.environ =  {'TMP': 'C:\\Users\\holla\\AppData\\Local\\Temp', 'COMPUTERNAME': 'HOLLYBAES-PC', 'USERDOMAIN': 'HOLLYBAES-PC', 'INTEL_DEV_REDIST': 'C:\\Program Files (x86)\\Common Files\\Intel\\Shared Libraries\\', 'PSMODULEPATH': 'C:\\Program Files\\WindowsPowerShell\\Modules;C:\\WINDOWS\\system32\\WindowsPowerShell\\v1.0\\Modules', 'COMMONPROGRAMFILES': 'C:\\Program Files\\Common Files', 'PROCESSOR_IDENTIFIER': 'Intel64 Family 6 Model 158 Stepping 10, GenuineIntel', 'VBOX_MSI_INSTALL_PATH': 'C:\\Program Files\\Oracle\\VirtualBox\\', 'PROGRAMFILES': 'C:\\Program Files', 'PROCESSOR_REVISION': '9e0a', 'PATH': 'C:\\Panda3D-1.11.0-x64\\panda3d\\..\\bin;C:\\Program Files (x86)\\Razer\\ChromaBroadcast\\bin;C:\\Program Files\\Razer\\ChromaBroadcast\\bin;C:\\Program Files (x86)\\Common Files\\Intel\\Shared Libraries\\redist\\intel64_win\\compiler;C:\\Program Files (x86)\\Common Files\\Oracle\\Java\\javapath;C:\\Program Files (x86)\\Common Files\\Intel\\Shared Libraries\\redist\\intel64\\compiler;C:\\WINDOWS\\system32;C:\\WINDOWS;C:\\WINDOWS\\System32\\Wbem;C:\\WINDOWS\\System32\\WindowsPowerShell\\v1.0\\;C:\\WINDOWS\\System32\\OpenSSH\\;C:\\Program Files\\NVIDIA Corporation\\NVIDIA NGX;C:\\Program Files (x86)\\NVIDIA Corporation\\PhysX\\Common;C:\\Program Files\\NVIDIA Corporation\\NVIDIA NvDLISR;C:\\WINDOWS\\system32;C:\\WINDOWS;C:\\WINDOWS\\System32\\Wbem;C:\\WINDOWS\\System32\\WindowsPowerShell\\v1.0\\;C:\\WINDOWS\\System32\\OpenSSH\\;D:\\hollybae\\ffmpeg-4.1.3-win64-static\\ffmpeg-4.1.3-win64-static\\bin;C:\\Program Files\\dotnet\\;C:\\WINDOWS\\system32\\config\\systemprofile\\AppData\\Local\\Microsoft\\WindowsApps;C:\\Program Files (x86)\\QuickTime\\QTSystem\\;C:\\Users\\holla\\AppData\\Local\\Microsoft\\WindowsApps;C:\\Panda3D-1.10.4.1-x64\\python;C:\\Panda3D-1.10.4.1-x64\\python\\Scripts;C:\\Panda3D-1.10.4.1-x64\\bin;C:\\Panda3D-1.11.0-x64\\python;C:\\Panda3D-1.11.0-x64\\python\\Scripts;C:\\Panda3D-1.11.0-x64\\bin', 'SYSTEMROOT': 'C:\\WINDOWS', 'MIC_LD_LIBRARY_PATH': 'C:\\Program Files (x86)\\Common Files\\Intel\\Shared Libraries\\compiler\\lib\\intel64_win_mic', 'COMSPEC': 'C:\\WINDOWS\\system32\\cmd.exe', 'DRIVERDATA': 'C:\\Windows\\System32\\Drivers\\DriverData', 'PPYTHON_PATH': '"C:\\Panda3D-1.11.0-x64\\python\\ppython.exe"', 'TEMP': 'C:\\Users\\holla\\AppData\\Local\\Temp', 'COMMONPROGRAMFILES(X86)': 'C:\\Program Files (x86)\\Common Files', 'PROCESSOR_ARCHITECTURE': 'AMD64', 'PROGRAMFILES(X86)': 'C:\\Program Files (x86)', 'ALLUSERSPROFILE': 'C:\\ProgramData', 'LOCALAPPDATA': 'C:\\Users\\holla\\AppData\\Local', 'FPS_BROWSER_USER_PROFILE_STRING': 'Default', 'HOMEPATH': '\\Users\\holla', 'USERDOMAIN_ROAMINGPROFILE': 'HOLLYBAES-PC', 'PROGRAMW6432': 'C:\\Program Files', 'USERNAME': 'holla', 'LOGONSERVER': '\\\\HOLLYBAES-PC', 'PROMPT': '$P$G', 'SESSIONNAME': 'Console', 'PROGRAMDATA': 'C:\\ProgramData', 'ONEDRIVE': 'C:\\Users\\holla\\OneDrive - University of Guelph', 'FPS_BROWSER_APP_PROFILE_STRING': 'Internet Explorer', 'PATHEXT': '.COM;.EXE;.BAT;.CMD;.VBS;.VBE;.JS;.JSE;.WSF;.WSH;.MSC', 'TTOFF_LOGIN_TOKEN': 'dev', 'ONEDRIVECOMMERCIAL': 'C:\\Users\\holla\\OneDrive - University of Guelph', 'WINDIR': 'C:\\WINDOWS', 'APPDATA': 'C:\\Users\\holla\\AppData\\Roaming', 'HOMEDRIVE': 'C:', 'SYSTEMDRIVE': 'C:', 'NUMBER_OF_PROCESSORS': '12', 'PROCESSOR_LEVEL': '6', 'RG_GPU_FRAMEWORK_ENGINE_RESOURCEDIR': 'C:\\Program Files\\Red Giant\\RGFX', 'COMMONPROGRAMW6432': 'C:\\Program Files\\Common Files', 'OS': 'Windows_NT', 'PUBLIC': 'C:\\Users\\Public', 'USERPROFILE': 'C:\\Users\\holla'}
:03-26-2020 07:47:05 TTOffLauncher: isTestServer: 0
:03-26-2020 07:47:05 TTOffLauncher: Game Server 127.0.0.1
:03-26-2020 07:47:05 TTOffLauncher: Starting Toontown Online... 
:03-26-2020 07:47:05 TTOffLauncher: foreground: Launcher now operating in foreground
useTTOffSpecificLogin=True
:03-26-2020 07:47:05 TTOffLauncher: maybeStartGame: starting game
:03-26-2020 07:47:05 TTOffLauncher: Starting Toontown Online...
:03-26-2020 07:47:05 TTOffLauncher: background: Launcher now operating in background
ToontownStart: Polling for game2 to finish...
ToontownStart: Game2 is finished.
ToontownStart: Starting the game.
ToontownStart: setting default font
:03-26-2020 07:47:05 TTOffLauncher: setting panda error code to 7
Known pipe types:
  wglGraphicsPipe
(all display modules loaded.)
:03-26-2020 07:47:05 ToonBase: Default graphics pipe is wglGraphicsPipe (OpenGL).
:03-26-2020 07:47:06 ToonBase: Successfully opened window of type wglGraphicsWindow (OpenGL)
:03-26-2020 07:47:06 ShowBase: __dev__ == False
:03-26-2020 07:47:06 TTOffLauncher: setting panda error code to 11
:03-26-2020 07:47:06 TTOffLauncher: setting panda error code to 0
ToontownStart: Loading default gui sounds
ToontownStart: serverVersion:  tto-dev
:03-26-2020 07:47:06 Loader: starting bulk load of block 'init'
:03-26-2020 07:47:09 :nativenet(error): Buffered_DatagramConnection Constructor rbufsize = 4096000 wbufsize = 4096000 write_flush_point = 1400
:03-26-2020 07:47:09 OTPClientRepository: Using connect method 'http'
:03-26-2020 07:47:12 TTOffLauncher: getRegistry ('DEPLOYMENT', None)
:03-26-2020 07:47:12 TTOffLauncher: checking env
:03-26-2020 07:47:12 TTOffLauncher: getRegistry ('GAME_DEPLOYMENT', None)
:03-26-2020 07:47:12 TTOffLauncher: checking env
:03-26-2020 07:47:12 OTPClientRepository: reg_deployment=
:03-26-2020 07:47:12 OTPClientRepository: required-login auto.
:03-26-2020 07:47:12 OTPClientRepository: loginInterface: LoginTTOffAccount
:03-26-2020 07:47:12 TTOffLauncher: getNeedPwForSecretKey using ttoff-specific-login
:03-26-2020 07:47:12 Loader: At end of block 'init', expected 138, loaded 10, duration=5.635592
:03-26-2020 07:47:12 OTPClientRepository: Connecting to gameserver directly (no proxy).
:03-26-2020 07:47:12 OTPClientRepository: Connecting to //127.0.0.1:7198 via HTTP interface.
:03-26-2020 07:47:12 TTOffLauncher: Stopping mini task manager.
:03-26-2020 07:47:12 OTPClientRepository: Successfully connected to //127.0.0.1:7198.
:03-26-2020 07:47:12 TTOffLauncher: Setting Disconnect Details normal
{401000001: <toontown.distributed.ToontownDistrict.ToontownDistrict instance at 0x000000001D9BC748>}
:03-26-2020 07:47:13 StateData: AvatarChooser.enter
:03-26-2020 07:47:13 DisplayOptions: settingsFullScreen = False, embedded = False width=800 height=600
:03-26-2020 07:47:13 StateData: calling self.displayOptions.restrictToEmbedded(False)
:03-26-2020 07:47:15 OTPClientRepository: ================
:03-26-2020 07:47:15 OTPClientRepository: Chose avatar id: 100000014
:03-26-2020 07:47:15 OTPClientRepository: Chose avatar name: Hollybae
:03-26-2020 07:47:15 OTPClientRepository: Chose avatar dna: ('css', 'ms', 'm', 'm', 16, 0, 16, 16, 113, 27, 18, 27, 7, 21)
:03-26-2020 07:47:15 OTPClientRepository: Chose avatar position: 5
:03-26-2020 07:47:15 OTPClientRepository: isPaid: 1
:03-26-2020 07:47:15 OTPClientRepository: freeTimeLeft: 0
:03-26-2020 07:47:15 OTPClientRepository: allowSecretChat: True
:03-26-2020 07:47:15 OTPClientRepository: ================
:03-26-2020 07:47:15 Loader: starting bulk load of block 'localAvatarPlayGame'
:03-26-2020 07:47:16 ToontownTimeManager(warning): error parsing date string=
local
:03-26-2020 07:47:17 NewsPageButtonManager(warning): Should not get here. NewsPageButtonManager.exitOff
:03-26-2020 07:47:17 :pnmimage:png(warning): iCCP: known incorrect sRGB profile
:03-26-2020 07:47:19 OTPClientRepository: Entering shard 401000001
:03-26-2020 07:47:19 StreetSign: Street sign url is https://ttoffline.com/images/
:03-26-2020 07:47:21 StreetSign: Street Sign is up to date
:03-26-2020 07:47:21 TimeManager: Clock sync: TimeManager.announceGenerate
:03-26-2020 07:47:21 InGameNewsMgr: latestIssue=2013-08-22 16:49:46.000003-07:00
cpu info: GenuineIntel|Intel(R) Core(TM) i7-8700K CPU @ 3.70GHz|591594|0|3.701,3.701|6,12 cpus
:03-26-2020 07:47:22 OTPClientRepository: No sync from TimeManager.
:03-26-2020 07:47:22 OTPClientRepository: gotTimeSync
:03-26-2020 07:47:23 Loader: At end of block 'localAvatarPlayGame', expected 400, loaded 18, duration=7.0700055
:03-26-2020 07:47:23 OTPClientRepository: Sending heartbeat mid-frame.
:03-26-2020 07:47:23 TimeManager: Clock sync roundtrip took 1800.660 ms
:03-26-2020 07:47:23 TimeManager: AI time delta is -0:02 from server delta
:03-26-2020 07:47:23 TimeManager: Local clock uncertainty +/- 0.901 s
:03-26-2020 07:47:23 PlayGame: QA-REGRESSION: NEIGHBORHOODS: Visit Lawbot HQ
:03-26-2020 07:47:23 Loader: starting bulk load of block 'hood'
:03-26-2020 07:47:24 LawbotCogHQLoader: loadPlaceGeom: 13000
:03-26-2020 07:47:25 DistributedObject: DistributedSuitPlanner 401002972: generating
:03-26-2020 07:47:25 DistributedToon: calling LocalAvatar.startchat
:03-26-2020 07:47:25 :loader(error): Couldn't load file phase_4/models/questmap/cog_hq_lawbot_maps.bam: not found on model path (currently: "/;/d/hollybae/Aly/Toontown-School-House/toontown/launcher;/c/Panda3D-1.11.0-x64/etc/..;/c/Panda3D-1.11.0-x64/etc/../models")
:03-26-2020 07:47:25 Loader: At end of block 'hood', expected 2, loaded 10, duration=2.2002811
:03-26-2020 07:47:26 Teleport(debug): teleportInDone: walk
:03-26-2020 07:47:26 :loader(error): Couldn't load file phase_4/models/questmap/cog_hq_lawbot_maps.bam: not found on model path (currently: "/;/d/hollybae/Aly/Toontown-School-House/toontown/launcher;/c/Panda3D-1.11.0-x64/etc/..;/c/Panda3D-1.11.0-x64/etc/../models")
:03-26-2020 07:47:37 TTOffMagicWordManager: Run mode has been toggled.
:03-26-2020 07:47:42 TTOffMagicWordManager: Presto!
:03-26-2020 07:47:43 LawbotCogHQLoader: loadPlaceGeom: 13100
:03-26-2020 07:47:43 LawbotCogHQLoader: QA-REGRESSION: COGHQ: Visit LawbotLobby
:03-26-2020 07:47:43 LawbotHQExterior: Unloading Place (13000). Fsm in final
:03-26-2020 07:47:43 DistributedObject: DistributedSuitPlanner 401002972: disabling
:03-26-2020 07:47:43 DistributedToon: calling LocalAvatar.startchat
:03-26-2020 07:47:43 :loader(error): Couldn't load file phase_4/models/questmap/cog_hq_lawbot_maps.bam: not found on model path (currently: "/;/d/hollybae/Aly/Toontown-School-House/toontown/launcher;/c/Panda3D-1.11.0-x64/etc/..;/c/Panda3D-1.11.0-x64/etc/../models")
:03-26-2020 07:47:44 :loader(error): Couldn't load file phase_4/models/questmap/cog_hq_lawbot_maps.bam: not found on model path (currently: "/;/d/hollybae/Aly/Toontown-School-House/toontown/launcher;/c/Panda3D-1.11.0-x64/etc/..;/c/Panda3D-1.11.0-x64/etc/../models")
:03-26-2020 07:47:51 TTOffMagicWordManager: Gave Hollybae an infinite amount of pies
:03-26-2020 07:47:52 TTOffMagicWordManager: Run mode has been toggled.
:03-26-2020 07:47:57 LawbotCogHQLoader: loadPlaceGeom: 61000
:03-26-2020 07:47:57 LawbotCogHQLoader(warning): loadPlaceGeom: unclassified zone 61000
:03-26-2020 07:47:57 CogHQLobby: Unloading Place (13100). Fsm in final
:03-26-2020 07:47:57 DistributedLawbotBoss(warning): Not a collision node: LawbotCourtroom3.egg/-PandaNode/CR3/interior/CR3_Floor
:03-26-2020 07:47:58 DistributedToon: calling LocalAvatar.startchat
:03-26-2020 07:47:58 LawbotHQBossBattle(warning): fsm.request('movie') returned 0 (zone id 61000, avatar pos LPoint3f(-0.363562, -126.204, 0.193903)).
:03-26-2020 07:48:01 TTOffMagicWordManager: Restarting Scale Round
:03-26-2020 07:52:07 GarbageCollect(warning): garbage found, reverting gc threshold
frame rate: 223.8 fps|0.001d|13 avs||312|314||0x0000|0x0000|1024.1MB|1197.1MB|16235.6MB|571|nt.2.6.2|3.701,3.701|6,12 cpus|OpenGL
:03-26-2020 07:56:38 TTOffMagicWordManager: LPoint3f(-61.4865, 32.6965, -0.000307897)
frame rate: 218.0 fps|0.001d|13 avs||612|614||0x0000|0x0000|1360.7MB|1534.7MB|16235.6MB|657|nt.2.6.2|3.701,3.701|6,12 cpus|OpenGL
:03-26-2020 07:59:21 :linmath(warning): Tried to invert singular LMatrix3.
frame rate: 255.0 fps|0.001d|13 avs||912|914||0x0000|0x0000|1694.4MB|1869.0MB|16235.6MB|764|nt.2.6.2|3.701,3.701|6,12 cpus|OpenGL
:03-26-2020 08:05:50 ToonBase: User closed main window.
:03-26-2020 08:05:50 TimeManager: Client disconnect reason 2.
:03-26-2020 08:05:51 LawbotHQBossBattle: Unloading Place (61000). Fsm in final
:03-26-2020 08:05:51 OTPClientRepository(warning): unclean exit, abandoning shard
ignoring InputState-forward
:03-26-2020 08:05:51 OTPClientRepository: sending clientLogout
:03-26-2020 08:05:51 LocalAvatar(warning): redundant call to stopUpdateSmartCamera
:03-26-2020 08:05:51 OTPClientRepository: Sent disconnect message to server
:03-26-2020 08:05:51 OTPClientRepository: Closing connection to server.
:03-26-2020 08:05:51 OTPClientRepository: Exiting cleanly
:03-26-2020 08:05:51 ToonBase: Exiting Toontown: errorCode = None
:03-26-2020 08:05:51 TTOffLauncher: setting panda error code to 0
:03-26-2020 08:05:51 TTOffLauncher: Normal exit.
