

Starting Toontown Online...
Current time: Wed Sep 30 20:08:09 2020 Eastern Standard Time
sys.path =  ['', 'C:\\Panda3D-1.11.0-x64\\python\\python27.zip', 'C:\\Panda3D-1.11.0-x64', 'C:\\Panda3D-1.11.0-x64\\python\\DLLs', 'C:\\Panda3D-1.11.0-x64\\python\\lib', 'C:\\Panda3D-1.11.0-x64\\python\\lib\\plat-win', 'C:\\Panda3D-1.11.0-x64\\python\\lib\\lib-tk', 'C:\\Panda3D-1.11.0-x64\\python', 'C:\\Panda3D-1.11.0-x64\\bin', 'C:\\Panda3D-1.11.0-x64\\python\\lib\\site-packages']
sys.argv =  ['D:\\hollybae\\Aly\\Toontown-School-House\\toontown\\launcher\\TTOffQuickStartLauncher.py']
generating standard configrc
os.environ =  {'TMP': 'C:\\Users\\holla\\AppData\\Local\\Temp', 'ONEDRIVECONSUMER': 'C:\\Users\\holla\\OneDrive', 'COMPUTERNAME': 'HOLLYBAES-PC', 'USERDOMAIN': 'HOLLYBAES-PC', 'INTEL_DEV_REDIST': 'C:\\Program Files (x86)\\Common Files\\Intel\\Shared Libraries\\', 'PSMODULEPATH': 'C:\\Program Files\\WindowsPowerShell\\Modules;C:\\WINDOWS\\system32\\WindowsPowerShell\\v1.0\\Modules', 'COMMONPROGRAMFILES': 'C:\\Program Files\\Common Files', 'PROCESSOR_IDENTIFIER': 'Intel64 Family 6 Model 158 Stepping 10, GenuineIntel', 'PROGRAMFILES': 'C:\\Program Files', 'PROCESSOR_REVISION': '9e0a', 'PATH': 'C:\\Panda3D-1.11.0-x64\\panda3d\\..\\bin;C:\\Program Files (x86)\\Razer\\ChromaBroadcast\\bin;C:\\Program Files\\Razer\\ChromaBroadcast\\bin;C:\\Program Files (x86)\\Common Files\\Intel\\Shared Libraries\\redist\\intel64\\compiler;C:\\Program Files (x86)\\Common Files\\Oracle\\Java\\javapath;C:\\WINDOWS\\system32;C:\\WINDOWS;C:\\WINDOWS\\System32\\Wbem;C:\\WINDOWS\\System32\\WindowsPowerShell\\v1.0\\;C:\\WINDOWS\\System32\\OpenSSH\\;C:\\Program Files (x86)\\NVIDIA Corporation\\PhysX\\Common;C:\\Program Files\\NVIDIA Corporation\\NVIDIA NvDLISR;C:\\WINDOWS\\system32\\config\\systemprofile\\AppData\\Local\\Microsoft\\WindowsApps;C:\\Users\\holla\\AppData\\Local\\Microsoft\\WindowsApps;C:\\Panda3D-1.11.0-x64\\python;C:\\Panda3D-1.11.0-x64\\python\\Scripts;C:\\Panda3D-1.11.0-x64\\bin', 'SYSTEMROOT': 'C:\\WINDOWS', 'MIC_LD_LIBRARY_PATH': 'C:\\Program Files (x86)\\Common Files\\Intel\\Shared Libraries\\compiler\\lib\\mic', 'COMSPEC': 'C:\\WINDOWS\\system32\\cmd.exe', 'DRIVERDATA': 'C:\\Windows\\System32\\Drivers\\DriverData', 'PPYTHON_PATH': '"C:\\Panda3D-1.11.0-x64\\python\\ppython.exe"', 'TEMP': 'C:\\Users\\holla\\AppData\\Local\\Temp', 'COMMONPROGRAMFILES(X86)': 'C:\\Program Files (x86)\\Common Files', 'PROCESSOR_ARCHITECTURE': 'AMD64', 'PROGRAMFILES(X86)': 'C:\\Program Files (x86)', 'ALLUSERSPROFILE': 'C:\\ProgramData', 'LOCALAPPDATA': 'C:\\Users\\holla\\AppData\\Local', 'FPS_BROWSER_USER_PROFILE_STRING': 'Default', 'HOMEPATH': '\\Users\\holla', 'USERDOMAIN_ROAMINGPROFILE': 'HOLLYBAES-PC', 'PROGRAMW6432': 'C:\\Program Files', 'USERNAME': 'holla', 'LOGONSERVER': '\\\\HOLLYBAES-PC', 'PROMPT': '$P$G', 'SESSIONNAME': 'Console', 'PROGRAMDATA': 'C:\\ProgramData', 'ONEDRIVE': 'C:\\Users\\holla\\OneDrive', 'FPS_BROWSER_APP_PROFILE_STRING': 'Internet Explorer', 'PATHEXT': '.COM;.EXE;.BAT;.CMD;.VBS;.VBE;.JS;.JSE;.WSF;.WSH;.MSC', 'TTOFF_LOGIN_TOKEN': 'dev', 'WINDIR': 'C:\\WINDOWS', 'APPDATA': 'C:\\Users\\holla\\AppData\\Roaming', 'HOMEDRIVE': 'C:', 'SYSTEMDRIVE': 'C:', 'NUMBER_OF_PROCESSORS': '12', 'PROCESSOR_LEVEL': '6', 'COMMONPROGRAMW6432': 'C:\\Program Files\\Common Files', 'OS': 'Windows_NT', 'PUBLIC': 'C:\\Users\\Public', 'USERPROFILE': 'C:\\Users\\holla'}
:09-30-2020 20:08:09 TTOffLauncher: isTestServer: 0
:09-30-2020 20:08:09 TTOffLauncher: Game Server 127.0.0.1
:09-30-2020 20:08:09 TTOffLauncher: Starting Toontown Online... 
:09-30-2020 20:08:09 TTOffLauncher: foreground: Launcher now operating in foreground
useTTOffSpecificLogin=True
:09-30-2020 20:08:09 TTOffLauncher: maybeStartGame: starting game
:09-30-2020 20:08:09 TTOffLauncher: Starting Toontown Online...
:09-30-2020 20:08:09 TTOffLauncher: background: Launcher now operating in background
ToontownStart: Polling for game2 to finish...
ToontownStart: Game2 is finished.
ToontownStart: Starting the game.
ToontownStart: setting default font
:09-30-2020 20:08:09 TTOffLauncher: setting panda error code to 7
Known pipe types:
  wglGraphicsPipe
(all display modules loaded.)
:09-30-2020 20:08:09 ToonBase: Default graphics pipe is wglGraphicsPipe (OpenGL).
:09-30-2020 20:08:09 ToonBase: Successfully opened window of type wglGraphicsWindow (OpenGL)
:09-30-2020 20:08:10 ShowBase: __dev__ == False
:09-30-2020 20:08:10 TTOffLauncher: setting panda error code to 11
:09-30-2020 20:08:10 TTOffLauncher: setting panda error code to 0
ToontownStart: Loading default gui sounds
ToontownStart: serverVersion:  tto-dev
:09-30-2020 20:08:10 Loader: starting bulk load of block 'init'
:09-30-2020 20:08:10 :nativenet(error): Buffered_DatagramConnection Constructor rbufsize = 4096000 wbufsize = 4096000 write_flush_point = 1400
:09-30-2020 20:08:10 OTPClientRepository: Using connect method 'http'
:09-30-2020 20:08:11 TTOffLauncher: getRegistry ('DEPLOYMENT', None)
:09-30-2020 20:08:11 TTOffLauncher: checking env
:09-30-2020 20:08:11 TTOffLauncher: getRegistry ('GAME_DEPLOYMENT', None)
:09-30-2020 20:08:11 TTOffLauncher: checking env
:09-30-2020 20:08:11 OTPClientRepository: reg_deployment=
:09-30-2020 20:08:11 OTPClientRepository: required-login auto.
:09-30-2020 20:08:11 OTPClientRepository: loginInterface: LoginTTOffAccount
:09-30-2020 20:08:11 TTOffLauncher: getNeedPwForSecretKey using ttoff-specific-login
:09-30-2020 20:08:11 Loader: At end of block 'init', expected 138, loaded 6, duration=1.3375245
:09-30-2020 20:08:11 OTPClientRepository: Connecting to gameserver directly (no proxy).
:09-30-2020 20:08:11 OTPClientRepository: Connecting to //127.0.0.1:7198 via HTTP interface.
:09-30-2020 20:08:11 TTOffLauncher: Stopping mini task manager.
:09-30-2020 20:08:11 OTPClientRepository: Successfully connected to //127.0.0.1:7198.
:09-30-2020 20:08:11 TTOffLauncher: Setting Disconnect Details normal
{401000001: <toontown.distributed.ToontownDistrict.ToontownDistrict instance at 0x000000001A3B1748>}
:09-30-2020 20:08:12 StateData: AvatarChooser.enter
:09-30-2020 20:08:12 DisplayOptions: settingsFullScreen = False, embedded = False width=800 height=600
:09-30-2020 20:08:12 StateData: calling self.displayOptions.restrictToEmbedded(False)
:09-30-2020 20:08:17 OTPClientRepository: ================
:09-30-2020 20:08:17 OTPClientRepository: Chose avatar id: 100000014
:09-30-2020 20:08:17 OTPClientRepository: Chose avatar name: Holland
:09-30-2020 20:08:17 OTPClientRepository: Chose avatar dna: ('css', 'ms', 'm', 'm', 16, 0, 16, 16, 113, 27, 99, 27, 7, 21)
:09-30-2020 20:08:17 OTPClientRepository: Chose avatar position: 5
:09-30-2020 20:08:17 OTPClientRepository: isPaid: 1
:09-30-2020 20:08:17 OTPClientRepository: freeTimeLeft: 0
:09-30-2020 20:08:17 OTPClientRepository: allowSecretChat: True
:09-30-2020 20:08:17 OTPClientRepository: ================
:09-30-2020 20:08:17 Loader: starting bulk load of block 'localAvatarPlayGame'
:09-30-2020 20:08:17 ToontownTimeManager(warning): error parsing date string=
local
:09-30-2020 20:08:17 NewsPageButtonManager(warning): Should not get here. NewsPageButtonManager.exitOff
:09-30-2020 20:08:17 :pnmimage:png(warning): iCCP: known incorrect sRGB profile
:09-30-2020 20:08:19 OTPClientRepository: Entering shard 401000001
:09-30-2020 20:08:19 StreetSign: Street sign url is https://ttoffline.com/images/
:09-30-2020 20:08:20 StreetSign: Street Sign is up to date
:09-30-2020 20:08:20 TimeManager: Clock sync: TimeManager.announceGenerate
:09-30-2020 20:08:20 NewsManager: setHolidayId: Starting Holiday 7
:09-30-2020 20:08:20 InGameNewsMgr: latestIssue=2013-08-22 16:49:46.000003-07:00
cpu info: GenuineIntel|Intel(R) Core(TM) i7-8700K CPU @ 3.70GHz|591594|0|3.696,3.696|6,12 cpus
:09-30-2020 20:08:21 OTPClientRepository: No sync from TimeManager.
:09-30-2020 20:08:21 OTPClientRepository: gotTimeSync
:09-30-2020 20:08:21 Loader: At end of block 'localAvatarPlayGame', expected 400, loaded 8, duration=4.0967875
:09-30-2020 20:08:21 OTPClientRepository: Sending heartbeat mid-frame.
:09-30-2020 20:08:21 TimeManager: Clock sync roundtrip took 1095.345 ms
:09-30-2020 20:08:21 TimeManager: AI time delta is -0:01 from server delta
:09-30-2020 20:08:21 TimeManager: Local clock uncertainty +/- 0.548 s
:09-30-2020 20:08:21 PlayGame: QA-REGRESSION: NEIGHBORHOODS: Visit Lawbot HQ
:09-30-2020 20:08:21 Loader: starting bulk load of block 'hood'
:09-30-2020 20:08:21 LawbotCogHQLoader: loadPlaceGeom: 13000
:09-30-2020 20:08:22 DistributedObject: DistributedSuitPlanner 401002972: generating
:09-30-2020 20:08:22 DistributedToon: calling LocalAvatar.startchat
:09-30-2020 20:08:22 :loader(error): Couldn't load file phase_4/models/questmap/cog_hq_lawbot_maps.bam: not found on model path (currently: "/;/d/hollybae/Aly/Toontown-School-House/toontown/launcher;/c/Panda3D-1.11.0-x64/etc/..;/c/Panda3D-1.11.0-x64/etc/../models")
:09-30-2020 20:08:22 Loader: At end of block 'hood', expected 2, loaded 3, duration=0.8353118
:09-30-2020 20:08:23 Teleport(debug): teleportInDone: walk
:09-30-2020 20:08:23 :loader(error): Couldn't load file phase_4/models/questmap/cog_hq_lawbot_maps.bam: not found on model path (currently: "/;/d/hollybae/Aly/Toontown-School-House/toontown/launcher;/c/Panda3D-1.11.0-x64/etc/..;/c/Panda3D-1.11.0-x64/etc/../models")
:09-30-2020 20:08:24 TTOffMagicWordManager: God mode enabled for Holland!
:09-30-2020 20:08:31 LawbotCogHQLoader: loadPlaceGeom: 13100
:09-30-2020 20:08:31 LawbotCogHQLoader: QA-REGRESSION: COGHQ: Visit LawbotLobby
:09-30-2020 20:08:31 LawbotHQExterior: Unloading Place (13000). Fsm in final
:09-30-2020 20:08:31 DistributedObject: DistributedSuitPlanner 401002972: disabling
:09-30-2020 20:08:31 DistributedToon: calling LocalAvatar.startchat
:09-30-2020 20:08:31 :loader(error): Couldn't load file phase_4/models/questmap/cog_hq_lawbot_maps.bam: not found on model path (currently: "/;/d/hollybae/Aly/Toontown-School-House/toontown/launcher;/c/Panda3D-1.11.0-x64/etc/..;/c/Panda3D-1.11.0-x64/etc/../models")
:09-30-2020 20:08:32 :loader(error): Couldn't load file phase_4/models/questmap/cog_hq_lawbot_maps.bam: not found on model path (currently: "/;/d/hollybae/Aly/Toontown-School-House/toontown/launcher;/c/Panda3D-1.11.0-x64/etc/..;/c/Panda3D-1.11.0-x64/etc/../models")
:09-30-2020 20:08:37 TTOffMagicWordManager: Run mode has been toggled.
:09-30-2020 20:08:39 TTOffMagicWordManager: Gave Holland an infinite amount of pies
:09-30-2020 20:08:41 TTOffMagicWordManager: Holland's laff has been set to 5.
:09-30-2020 20:08:44 TTOffMagicWordManager: Presto!
:09-30-2020 20:08:45 LawbotCogHQLoader: loadPlaceGeom: 61000
:09-30-2020 20:08:45 LawbotCogHQLoader(warning): loadPlaceGeom: unclassified zone 61000
:09-30-2020 20:08:45 CogHQLobby: Unloading Place (13100). Fsm in final
:09-30-2020 20:08:45 DistributedLawbotBoss(warning): Not a collision node: LawbotCourtroom3.egg/-PandaNode/CR3/interior/CR3_Floor
:09-30-2020 20:08:45 DistributedToon: calling LocalAvatar.startchat
:09-30-2020 20:08:45 LawbotHQBossBattle(warning): fsm.request('movie') returned 0 (zone id 61000, avatar pos LPoint3f(-0.363562, -126.204, 0.193903)).
:09-30-2020 20:08:59 LawbotHQBossBattle(warning): fsm.request('movie') returned 0 (zone id 61000, avatar pos LPoint3f(-0.363562, -126.204, 0.193903)).
Battle Event localtoon-battle-event-3
:09-30-2020 20:09:30 TTOffMagicWordManager: Skipping current round...
:09-30-2020 20:10:13 Actor(warning): called actor.removeNode() on actor without calling cleanup()
:09-30-2020 20:10:13 Actor(warning): called actor.removeNode() on actor without calling cleanup()
:09-30-2020 20:10:13 Actor(warning): called actor.removeNode() on actor without calling cleanup()
:09-30-2020 20:10:13 Actor(warning): called actor.removeNode() on actor without calling cleanup()
:09-30-2020 20:10:13 Actor(warning): called actor.removeNode() on actor without calling cleanup()
:09-30-2020 20:10:13 Actor(warning): called actor.removeNode() on actor without calling cleanup()
:09-30-2020 20:10:13 Actor(warning): called actor.removeNode() on actor without calling cleanup()
:09-30-2020 20:10:13 Actor(warning): called actor.removeNode() on actor without calling cleanup()
:09-30-2020 20:10:13 Actor(warning): called actor.removeNode() on actor without calling cleanup()
:09-30-2020 20:10:13 Actor(warning): called actor.removeNode() on actor without calling cleanup()
:09-30-2020 20:10:13 Actor(warning): called actor.removeNode() on actor without calling cleanup()
:09-30-2020 20:10:13 Actor(warning): called actor.removeNode() on actor without calling cleanup()
:09-30-2020 20:10:13 TTOffMagicWordManager: Restarting Scale Round
:09-30-2020 20:10:19 LawbotHQBossBattle(warning): fsm.request('finalBattle') returned 0 (zone id 61000, avatar pos LPoint3f(-43.7315, 15.1768, 0)).
:09-30-2020 20:10:19 TTOffMagicWordManager: Restarting Scale Round
:09-30-2020 20:10:26 TTOffMagicWordManager: These arguments are of the wrong type!
:09-30-2020 20:10:27 TTOffMagicWordManager: These arguments are of the wrong type!
:09-30-2020 20:10:28 TTOffMagicWordManager: Voila!
:09-30-2020 20:10:47 TTOffMagicWordManager: Voila!
:09-30-2020 20:11:03 TTOffMagicWordManager: Alakazam!
:09-30-2020 20:12:10 TTOffMagicWordManager: Ta-da!
:09-30-2020 20:12:20 TTOffMagicWordManager: Ta-da!
:09-30-2020 20:12:31 TTOffMagicWordManager: Abracadabra!
:09-30-2020 20:12:52 TTOffMagicWordManager: Voila!
:09-30-2020 20:13:03 TTOffMagicWordManager: Presto!
:09-30-2020 20:13:10 GarbageCollect(warning): garbage found, reverting gc threshold
:09-30-2020 20:13:13 TTOffMagicWordManager: Ta-da!
frame rate: 172.9 fps|0.002d|14 avs||309|309||0x0000|0x0000|653.7MB|777.7MB|32619.6MB|462|nt.2.6.2|3.696,3.696|6,12 cpus|OpenGL
:09-30-2020 20:13:26 TTOffMagicWordManager: Abracadabra!
:09-30-2020 20:13:37 TTOffMagicWordManager: Presto!
:09-30-2020 20:14:00 TTOffMagicWordManager: Alakazam!
:09-30-2020 20:15:24 TTOffMagicWordManager: Abracadabra!
:09-30-2020 20:15:34 TTOffMagicWordManager: Ta-da!
:09-30-2020 20:15:53 TTOffMagicWordManager: Voila!
:09-30-2020 20:16:07 TTOffMagicWordManager: Ta-da!
:09-30-2020 20:16:26 TTOffMagicWordManager: Ta-da!
:09-30-2020 20:16:59 TTOffMagicWordManager: Presto!
:09-30-2020 20:17:09 TTOffMagicWordManager: Ta-da!
:09-30-2020 20:17:22 TTOffMagicWordManager: Abracadabra!
:09-30-2020 20:17:36 TTOffMagicWordManager: Alakazam!
:09-30-2020 20:18:05 TTOffMagicWordManager: Abracadabra!
:09-30-2020 20:18:10 TTOffMagicWordManager: Abracadabra!
frame rate: 174.1 fps|0.001d|14 avs||609|609||0x0000|0x0000|686.7MB|811.0MB|32619.6MB|509|nt.2.6.2|3.696,3.696|6,12 cpus|OpenGL
:09-30-2020 20:18:44 TTOffMagicWordManager: Abracadabra!
:09-30-2020 20:18:57 TTOffMagicWordManager: Abracadabra!
:09-30-2020 20:19:10 TTOffMagicWordManager: Abracadabra!
:09-30-2020 20:19:16 TTOffMagicWordManager: Presto!
:09-30-2020 20:19:36 TTOffMagicWordManager: Abracadabra!
:09-30-2020 20:20:17 TTOffMagicWordManager: Abracadabra!
:09-30-2020 20:20:22 TTOffMagicWordManager: Abracadabra!
:09-30-2020 20:20:30 TTOffMagicWordManager: Presto!
:09-30-2020 20:20:46 TTOffMagicWordManager: Alakazam!
:09-30-2020 20:20:52 TTOffMagicWordManager: Presto!
:09-30-2020 20:20:58 TTOffMagicWordManager: Presto!
:09-30-2020 20:21:11 TTOffMagicWordManager: Alakazam!
:09-30-2020 20:21:23 TTOffMagicWordManager: Ta-da!
:09-30-2020 20:21:26 :linmath(warning): Tried to invert singular LMatrix3.
:09-30-2020 20:21:32 TTOffMagicWordManager: Ta-da!
:09-30-2020 20:21:50 TTOffMagicWordManager: Voila!
:09-30-2020 20:22:09 TTOffMagicWordManager: Presto!
:09-30-2020 20:22:17 TTOffMagicWordManager: Abracadabra!
:09-30-2020 20:22:25 TTOffMagicWordManager: Alakazam!
:09-30-2020 20:22:37 TTOffMagicWordManager: Ta-da!
:09-30-2020 20:23:05 TTOffMagicWordManager: Alakazam!
:09-30-2020 20:23:18 TTOffMagicWordManager: Voila!
frame rate: 173.0 fps|0.001d|14 avs||909|909||0x0000|0x0000|719.0MB|843.2MB|32619.6MB|546|nt.2.6.2|3.696,3.696|6,12 cpus|OpenGL
:09-30-2020 20:23:36 TTOffMagicWordManager: Presto!
:09-30-2020 20:23:48 TTOffMagicWordManager: Ta-da!
:09-30-2020 20:23:57 TTOffMagicWordManager: Alakazam!
:09-30-2020 20:24:10 TTOffMagicWordManager: Abracadabra!
:09-30-2020 20:24:11 TTOffMagicWordManager: Voila!
:09-30-2020 20:24:11 TTOffMagicWordManager: Alakazam!
:09-30-2020 20:24:11 TTOffMagicWordManager: Presto!
:09-30-2020 20:24:11 TTOffMagicWordManager: Alakazam!
:09-30-2020 20:24:23 TTOffMagicWordManager: Voila!
:09-30-2020 20:24:34 TTOffMagicWordManager: Ta-da!
:09-30-2020 20:24:46 TTOffMagicWordManager: Presto!
:09-30-2020 20:25:12 TTOffMagicWordManager: Abracadabra!
:09-30-2020 20:25:28 TTOffMagicWordManager: Alakazam!
:09-30-2020 20:25:39 TTOffMagicWordManager: Presto!
:09-30-2020 20:25:52 TTOffMagicWordManager: Alakazam!
:09-30-2020 20:26:04 TTOffMagicWordManager: Abracadabra!
:09-30-2020 20:26:27 TTOffMagicWordManager: Alakazam!
:09-30-2020 20:26:49 TTOffMagicWordManager: Presto!
:09-30-2020 20:26:59 TTOffMagicWordManager: Voila!
:09-30-2020 20:27:16 TTOffMagicWordManager: Presto!
:09-30-2020 20:27:26 TTOffMagicWordManager: Abracadabra!
:09-30-2020 20:27:40 TTOffMagicWordManager: Ta-da!
:09-30-2020 20:28:12 TTOffMagicWordManager: Alakazam!
frame rate: 180.7 fps|0.001d|14 avs||1209|1209||0x0000|0x0000|757.1MB|881.3MB|32619.6MB|575|nt.2.6.2|3.696,3.696|6,12 cpus|OpenGL
:09-30-2020 20:28:27 TTOffMagicWordManager: Abracadabra!
:09-30-2020 20:28:47 TTOffMagicWordManager: Voila!
:09-30-2020 20:28:53 TTOffMagicWordManager: Abracadabra!
:09-30-2020 20:29:19 TTOffMagicWordManager: Abracadabra!
:09-30-2020 20:29:36 TTOffMagicWordManager: Presto!
:09-30-2020 20:29:51 TTOffMagicWordManager: Alakazam!
:09-30-2020 20:30:04 TTOffMagicWordManager: Presto!
:09-30-2020 20:30:25 TTOffMagicWordManager: Ta-da!
:09-30-2020 20:30:40 TTOffMagicWordManager: Presto!
:09-30-2020 20:30:52 TTOffMagicWordManager: Ta-da!
:09-30-2020 20:31:02 TTOffMagicWordManager: Ta-da!
:09-30-2020 20:31:33 TTOffMagicWordManager: Alakazam!
:09-30-2020 20:31:56 TTOffMagicWordManager: Presto!
:09-30-2020 20:32:09 TTOffMagicWordManager: Abracadabra!
:09-30-2020 20:32:19 TTOffMagicWordManager: Ta-da!
:09-30-2020 20:32:33 TTOffMagicWordManager: Presto!
:09-30-2020 20:32:57 TTOffMagicWordManager: Alakazam!
:09-30-2020 20:33:12 TTOffMagicWordManager: Presto!
frame rate: 171.2 fps|0.001d|14 avs||1509|1509||0x0000|0x0000|793.2MB|917.6MB|32619.6MB|603|nt.2.6.2|3.696,3.696|6,12 cpus|OpenGL
:09-30-2020 20:33:21 TTOffMagicWordManager: Abracadabra!
:09-30-2020 20:33:36 TTOffMagicWordManager: Voila!
:09-30-2020 20:34:00 TTOffMagicWordManager: Ta-da!
:09-30-2020 20:34:34 TTOffMagicWordManager: Voila!
:09-30-2020 20:34:48 TTOffMagicWordManager: Presto!
:09-30-2020 20:35:15 TTOffMagicWordManager: Alakazam!
:09-30-2020 20:35:33 TTOffMagicWordManager: Voila!
:09-30-2020 20:35:49 TTOffMagicWordManager: Voila!
:09-30-2020 20:36:00 TTOffMagicWordManager: Ta-da!
:09-30-2020 20:36:15 TTOffMagicWordManager: Presto!
:09-30-2020 20:36:24 TTOffMagicWordManager: Voila!
:09-30-2020 20:36:36 TTOffMagicWordManager: Ta-da!
:09-30-2020 20:36:49 TTOffMagicWordManager: Ta-da!
:09-30-2020 20:37:08 TTOffMagicWordManager: Abracadabra!
:09-30-2020 20:37:26 TTOffMagicWordManager: Ta-da!
:09-30-2020 20:37:38 TTOffMagicWordManager: Voila!
:09-30-2020 20:37:46 TTOffMagicWordManager: Alakazam!
:09-30-2020 20:38:11 TTOffMagicWordManager: Presto!
:09-30-2020 20:38:19 TimeManager: Clock sync: timer
frame rate: 175.9 fps|0.001d|14 avs||1809|1809||0x0000|0x0000|826.6MB|950.9MB|32619.6MB|612|nt.2.6.2|3.696,3.696|6,12 cpus|OpenGL
:09-30-2020 20:38:19 TimeManager: Clock sync roundtrip took 46.249 ms
:09-30-2020 20:38:19 TimeManager: AI time delta is -0:00 from server delta
:09-30-2020 20:38:19 ClockDelta: previous delta at -0.979 s, +/- 1.047 s.
:09-30-2020 20:38:19 ClockDelta: new delta at -1.501 s, +/- 0.023 s.
:09-30-2020 20:38:19 ClockDelta: intersection at -1.501 s, +/- 0.023 s.
:09-30-2020 20:38:19 TimeManager: Local clock uncertainty +/- 0.023 s
:09-30-2020 20:38:22 TTOffMagicWordManager: Abracadabra!
:09-30-2020 20:38:39 TTOffMagicWordManager: Voila!
:09-30-2020 20:38:48 TTOffMagicWordManager: Presto!
:09-30-2020 20:39:13 TTOffMagicWordManager: Ta-da!
:09-30-2020 20:39:24 TTOffMagicWordManager: Abracadabra!
:09-30-2020 20:39:38 TTOffMagicWordManager: Voila!
:09-30-2020 20:39:52 TTOffMagicWordManager: Alakazam!
:09-30-2020 20:40:07 TTOffMagicWordManager: Voila!
:09-30-2020 20:40:30 TTOffMagicWordManager: Ta-da!
:09-30-2020 20:40:44 TTOffMagicWordManager: Voila!
:09-30-2020 20:40:52 TTOffMagicWordManager: Ta-da!
:09-30-2020 20:41:06 TTOffMagicWordManager: Abracadabra!
:09-30-2020 20:41:19 TTOffMagicWordManager: Abracadabra!
:09-30-2020 20:41:38 TTOffMagicWordManager: Abracadabra!
:09-30-2020 20:42:12 TTOffMagicWordManager: Abracadabra!
:09-30-2020 20:42:22 TTOffMagicWordManager: Presto!
:09-30-2020 20:42:44 TTOffMagicWordManager: Abracadabra!
:09-30-2020 20:43:13 TTOffMagicWordManager: Abracadabra!
frame rate: 180.0 fps|0.001d|14 avs||2109|2109||0x0000|0x0000|861.1MB|985.4MB|32619.6MB|640|nt.2.6.2|3.696,3.696|6,12 cpus|OpenGL
:09-30-2020 20:43:27 TTOffMagicWordManager: Ta-da!
:09-30-2020 20:43:40 TTOffMagicWordManager: Abracadabra!
:09-30-2020 20:44:07 TTOffMagicWordManager: Alakazam!
:09-30-2020 20:44:22 TTOffMagicWordManager: Abracadabra!
:09-30-2020 20:44:42 TTOffMagicWordManager: Ta-da!
:09-30-2020 20:45:00 TTOffMagicWordManager: Ta-da!
:09-30-2020 20:45:13 TTOffMagicWordManager: Ta-da!
:09-30-2020 20:45:29 TTOffMagicWordManager: Ta-da!
:09-30-2020 20:45:39 TTOffMagicWordManager: Presto!
:09-30-2020 20:45:45 TTOffMagicWordManager: Voila!
:09-30-2020 20:45:51 TTOffMagicWordManager: Ta-da!
:09-30-2020 20:46:03 TTOffMagicWordManager: Voila!
:09-30-2020 20:46:16 TTOffMagicWordManager: Alakazam!
:09-30-2020 20:46:31 ToonBase: User closed main window.
:09-30-2020 20:46:31 TimeManager: Client disconnect reason 2.
:09-30-2020 20:46:31 LawbotHQBossBattle: Unloading Place (61000). Fsm in final
:09-30-2020 20:46:31 OTPClientRepository(warning): unclean exit, abandoning shard
ignoring InputState-forward
:09-30-2020 20:46:31 OTPClientRepository: sending clientLogout
:09-30-2020 20:46:31 LocalAvatar(warning): redundant call to stopUpdateSmartCamera
:09-30-2020 20:46:31 OTPClientRepository: Sent disconnect message to server
:09-30-2020 20:46:31 OTPClientRepository: Closing connection to server.
:09-30-2020 20:46:31 OTPClientRepository: Exiting cleanly
:09-30-2020 20:46:31 ToonBase: Exiting Toontown: errorCode = None
:09-30-2020 20:46:31 TTOffLauncher: setting panda error code to 0
:09-30-2020 20:46:31 TTOffLauncher: Normal exit.
