

Starting Toontown Online...
Current time: Fri Oct  9 06:51:35 2020 Eastern Standard Time
sys.path =  ['', 'C:\\Panda3D-1.11.0-x64\\python\\python27.zip', 'C:\\Panda3D-1.11.0-x64', 'C:\\Panda3D-1.11.0-x64\\python\\DLLs', 'C:\\Panda3D-1.11.0-x64\\python\\lib', 'C:\\Panda3D-1.11.0-x64\\python\\lib\\plat-win', 'C:\\Panda3D-1.11.0-x64\\python\\lib\\lib-tk', 'C:\\Panda3D-1.11.0-x64\\python', 'C:\\Panda3D-1.11.0-x64\\bin', 'C:\\Panda3D-1.11.0-x64\\python\\lib\\site-packages']
sys.argv =  ['D:\\hollybae\\Aly\\Toontown-School-House\\toontown\\launcher\\TTOffQuickStartLauncher.py']
generating standard configrc
os.environ =  {'TMP': 'C:\\Users\\holla\\AppData\\Local\\Temp', 'ONEDRIVECONSUMER': 'C:\\Users\\holla\\OneDrive', 'COMPUTERNAME': 'HOLLYBAES-PC', 'USERDOMAIN': 'HOLLYBAES-PC', 'INTEL_DEV_REDIST': 'C:\\Program Files (x86)\\Common Files\\Intel\\Shared Libraries\\', 'PSMODULEPATH': 'C:\\Program Files\\WindowsPowerShell\\Modules;C:\\WINDOWS\\system32\\WindowsPowerShell\\v1.0\\Modules', 'COMMONPROGRAMFILES': 'C:\\Program Files\\Common Files', 'PROCESSOR_IDENTIFIER': 'Intel64 Family 6 Model 158 Stepping 10, GenuineIntel', 'PROGRAMFILES': 'C:\\Program Files', 'PROCESSOR_REVISION': '9e0a', 'PATH': 'C:\\Panda3D-1.11.0-x64\\panda3d\\..\\bin;C:\\Program Files (x86)\\Razer\\ChromaBroadcast\\bin;C:\\Program Files\\Razer\\ChromaBroadcast\\bin;C:\\Program Files (x86)\\Common Files\\Intel\\Shared Libraries\\redist\\intel64\\compiler;C:\\Program Files (x86)\\Common Files\\Oracle\\Java\\javapath;C:\\WINDOWS\\system32;C:\\WINDOWS;C:\\WINDOWS\\System32\\Wbem;C:\\WINDOWS\\System32\\WindowsPowerShell\\v1.0\\;C:\\WINDOWS\\System32\\OpenSSH\\;C:\\Program Files (x86)\\NVIDIA Corporation\\PhysX\\Common;C:\\Program Files\\NVIDIA Corporation\\NVIDIA NvDLISR;C:\\WINDOWS\\system32\\config\\systemprofile\\AppData\\Local\\Microsoft\\WindowsApps;C:\\Users\\holla\\AppData\\Local\\Microsoft\\WindowsApps;C:\\Panda3D-1.11.0-x64\\python;C:\\Panda3D-1.11.0-x64\\python\\Scripts;C:\\Panda3D-1.11.0-x64\\bin', 'SYSTEMROOT': 'C:\\WINDOWS', 'MIC_LD_LIBRARY_PATH': 'C:\\Program Files (x86)\\Common Files\\Intel\\Shared Libraries\\compiler\\lib\\mic', 'COMSPEC': 'C:\\WINDOWS\\system32\\cmd.exe', 'DRIVERDATA': 'C:\\Windows\\System32\\Drivers\\DriverData', 'PPYTHON_PATH': '"C:\\Panda3D-1.11.0-x64\\python\\ppython.exe"', 'TEMP': 'C:\\Users\\holla\\AppData\\Local\\Temp', 'COMMONPROGRAMFILES(X86)': 'C:\\Program Files (x86)\\Common Files', 'PROCESSOR_ARCHITECTURE': 'AMD64', 'PROGRAMFILES(X86)': 'C:\\Program Files (x86)', 'ALLUSERSPROFILE': 'C:\\ProgramData', 'LOCALAPPDATA': 'C:\\Users\\holla\\AppData\\Local', 'FPS_BROWSER_USER_PROFILE_STRING': 'Default', 'HOMEPATH': '\\Users\\holla', 'USERDOMAIN_ROAMINGPROFILE': 'HOLLYBAES-PC', 'PROGRAMW6432': 'C:\\Program Files', 'USERNAME': 'holla', 'LOGONSERVER': '\\\\HOLLYBAES-PC', 'PROMPT': '$P$G', 'SESSIONNAME': 'Console', 'PROGRAMDATA': 'C:\\ProgramData', 'ONEDRIVE': 'C:\\Users\\holla\\OneDrive', 'FPS_BROWSER_APP_PROFILE_STRING': 'Internet Explorer', 'PATHEXT': '.COM;.EXE;.BAT;.CMD;.VBS;.VBE;.JS;.JSE;.WSF;.WSH;.MSC', 'TTOFF_LOGIN_TOKEN': 'dev', 'WINDIR': 'C:\\WINDOWS', 'APPDATA': 'C:\\Users\\holla\\AppData\\Roaming', 'HOMEDRIVE': 'C:', 'SYSTEMDRIVE': 'C:', 'NUMBER_OF_PROCESSORS': '12', 'PROCESSOR_LEVEL': '6', 'COMMONPROGRAMW6432': 'C:\\Program Files\\Common Files', 'OS': 'Windows_NT', 'PUBLIC': 'C:\\Users\\Public', 'USERPROFILE': 'C:\\Users\\holla'}
:10-09-2020 06:51:35 TTOffLauncher: isTestServer: 0
:10-09-2020 06:51:35 TTOffLauncher: Game Server 127.0.0.1
:10-09-2020 06:51:35 TTOffLauncher: Starting Toontown Online... 
:10-09-2020 06:51:35 TTOffLauncher: foreground: Launcher now operating in foreground
useTTOffSpecificLogin=True
:10-09-2020 06:51:35 TTOffLauncher: maybeStartGame: starting game
:10-09-2020 06:51:35 TTOffLauncher: Starting Toontown Online...
:10-09-2020 06:51:35 TTOffLauncher: background: Launcher now operating in background
ToontownStart: Polling for game2 to finish...
ToontownStart: Game2 is finished.
ToontownStart: Starting the game.
ToontownStart: setting default font
:10-09-2020 06:51:35 TTOffLauncher: setting panda error code to 7
Known pipe types:
  wglGraphicsPipe
(all display modules loaded.)
:10-09-2020 06:51:35 ToonBase: Default graphics pipe is wglGraphicsPipe (OpenGL).
:10-09-2020 06:51:35 ToonBase: Successfully opened window of type wglGraphicsWindow (OpenGL)
:10-09-2020 06:51:36 ShowBase: __dev__ == False
:10-09-2020 06:51:36 TTOffLauncher: setting panda error code to 11
:10-09-2020 06:51:36 TTOffLauncher: setting panda error code to 0
ToontownStart: Loading default gui sounds
ToontownStart: serverVersion:  tto-dev
:10-09-2020 06:51:36 Loader: starting bulk load of block 'init'
:10-09-2020 06:51:37 :nativenet(error): Buffered_DatagramConnection Constructor rbufsize = 4096000 wbufsize = 4096000 write_flush_point = 1400
:10-09-2020 06:51:37 OTPClientRepository: Using connect method 'http'
:10-09-2020 06:51:37 TTOffLauncher: getRegistry ('DEPLOYMENT', None)
:10-09-2020 06:51:37 TTOffLauncher: checking env
:10-09-2020 06:51:37 TTOffLauncher: getRegistry ('GAME_DEPLOYMENT', None)
:10-09-2020 06:51:37 TTOffLauncher: checking env
:10-09-2020 06:51:37 OTPClientRepository: reg_deployment=
:10-09-2020 06:51:37 OTPClientRepository: required-login auto.
:10-09-2020 06:51:37 OTPClientRepository: loginInterface: LoginTTOffAccount
:10-09-2020 06:51:37 TTOffLauncher: getNeedPwForSecretKey using ttoff-specific-login
:10-09-2020 06:51:37 Loader: At end of block 'init', expected 138, loaded 8, duration=1.7021457
:10-09-2020 06:51:37 OTPClientRepository: Connecting to gameserver directly (no proxy).
:10-09-2020 06:51:37 OTPClientRepository: Connecting to //127.0.0.1:7198 via HTTP interface.
:10-09-2020 06:51:37 TTOffLauncher: Stopping mini task manager.
:10-09-2020 06:51:37 OTPClientRepository: Successfully connected to //127.0.0.1:7198.
:10-09-2020 06:51:37 TTOffLauncher: Setting Disconnect Details normal
{401000001: <toontown.distributed.ToontownDistrict.ToontownDistrict instance at 0x0000000019D72748>}
:10-09-2020 06:51:38 StateData: AvatarChooser.enter
:10-09-2020 06:51:38 DisplayOptions: settingsFullScreen = False, embedded = False width=800 height=600
:10-09-2020 06:51:38 StateData: calling self.displayOptions.restrictToEmbedded(False)
:10-09-2020 06:53:33 OTPClientRepository: ================
:10-09-2020 06:53:33 OTPClientRepository: Chose avatar id: 100000014
:10-09-2020 06:53:33 OTPClientRepository: Chose avatar name: Holland
:10-09-2020 06:53:33 OTPClientRepository: Chose avatar dna: ('css', 'ms', 'm', 'm', 16, 0, 16, 16, 113, 27, 99, 27, 7, 21)
:10-09-2020 06:53:33 OTPClientRepository: Chose avatar position: 5
:10-09-2020 06:53:33 OTPClientRepository: isPaid: 1
:10-09-2020 06:53:33 OTPClientRepository: freeTimeLeft: 0
:10-09-2020 06:53:33 OTPClientRepository: allowSecretChat: True
:10-09-2020 06:53:33 OTPClientRepository: ================
:10-09-2020 06:53:34 Loader: starting bulk load of block 'localAvatarPlayGame'
:10-09-2020 06:53:34 ToontownTimeManager(warning): error parsing date string=
local
:10-09-2020 06:53:34 NewsPageButtonManager(warning): Should not get here. NewsPageButtonManager.exitOff
:10-09-2020 06:53:34 :pnmimage:png(warning): iCCP: known incorrect sRGB profile
:10-09-2020 06:53:36 OTPClientRepository: Entering shard 401000001
:10-09-2020 06:53:36 StreetSign: Street sign url is https://ttoffline.com/images/
:10-09-2020 06:53:37 StreetSign: Street Sign is up to date
:10-09-2020 06:53:37 TimeManager: Clock sync: TimeManager.announceGenerate
:10-09-2020 06:53:37 InGameNewsMgr: latestIssue=2013-08-22 16:49:46.000003-07:00
cpu info: GenuineIntel|Intel(R) Core(TM) i7-8700K CPU @ 3.70GHz|591594|0|3.696,3.696|6,12 cpus
:10-09-2020 06:53:38 OTPClientRepository: No sync from TimeManager.
:10-09-2020 06:53:38 OTPClientRepository: gotTimeSync
:10-09-2020 06:53:38 Loader: At end of block 'localAvatarPlayGame', expected 400, loaded 10, duration=4.7196638
:10-09-2020 06:53:38 OTPClientRepository: Sending heartbeat mid-frame.
:10-09-2020 06:53:38 TimeManager: Clock sync roundtrip took 1079.010 ms
:10-09-2020 06:53:38 TimeManager: AI time delta is -0:01 from server delta
:10-09-2020 06:53:38 TimeManager: Local clock uncertainty +/- 0.540 s
:10-09-2020 06:53:38 PlayGame: QA-REGRESSION: NEIGHBORHOODS: Visit Lawbot HQ
:10-09-2020 06:53:38 Loader: starting bulk load of block 'hood'
:10-09-2020 06:53:39 LawbotCogHQLoader: loadPlaceGeom: 13000
:10-09-2020 06:53:39 DistributedObject: DistributedSuitPlanner 401002972: generating
:10-09-2020 06:53:39 DistributedToon: calling LocalAvatar.startchat
:10-09-2020 06:53:39 :loader(error): Couldn't load file phase_4/models/questmap/cog_hq_lawbot_maps.bam: not found on model path (currently: "/;/d/hollybae/Aly/Toontown-School-House/toontown/launcher;/c/Panda3D-1.11.0-x64/etc/..;/c/Panda3D-1.11.0-x64/etc/../models")
:10-09-2020 06:53:39 Loader: At end of block 'hood', expected 2, loaded 4, duration=0.9548158
:10-09-2020 06:53:41 Teleport(debug): teleportInDone: walk
:10-09-2020 06:53:41 :loader(error): Couldn't load file phase_4/models/questmap/cog_hq_lawbot_maps.bam: not found on model path (currently: "/;/d/hollybae/Aly/Toontown-School-House/toontown/launcher;/c/Panda3D-1.11.0-x64/etc/..;/c/Panda3D-1.11.0-x64/etc/../models")
:10-09-2020 06:53:43 TTOffMagicWordManager: God mode enabled for Holland!
:10-09-2020 06:53:49 LawbotCogHQLoader: loadPlaceGeom: 13100
:10-09-2020 06:53:49 LawbotCogHQLoader: QA-REGRESSION: COGHQ: Visit LawbotLobby
:10-09-2020 06:53:49 LawbotHQExterior: Unloading Place (13000). Fsm in final
:10-09-2020 06:53:49 DistributedObject: DistributedSuitPlanner 401002972: disabling
:10-09-2020 06:53:49 DistributedToon: calling LocalAvatar.startchat
:10-09-2020 06:53:49 :loader(error): Couldn't load file phase_4/models/questmap/cog_hq_lawbot_maps.bam: not found on model path (currently: "/;/d/hollybae/Aly/Toontown-School-House/toontown/launcher;/c/Panda3D-1.11.0-x64/etc/..;/c/Panda3D-1.11.0-x64/etc/../models")
:10-09-2020 06:53:50 :loader(error): Couldn't load file phase_4/models/questmap/cog_hq_lawbot_maps.bam: not found on model path (currently: "/;/d/hollybae/Aly/Toontown-School-House/toontown/launcher;/c/Panda3D-1.11.0-x64/etc/..;/c/Panda3D-1.11.0-x64/etc/../models")
:10-09-2020 06:53:57 TTOffMagicWordManager: Gave Holland an infinite amount of pies
:10-09-2020 06:53:59 TTOffMagicWordManager: Run mode has been toggled.
:10-09-2020 06:54:02 LawbotCogHQLoader: loadPlaceGeom: 61000
:10-09-2020 06:54:02 LawbotCogHQLoader(warning): loadPlaceGeom: unclassified zone 61000
:10-09-2020 06:54:02 CogHQLobby: Unloading Place (13100). Fsm in final
:10-09-2020 06:54:03 DistributedLawbotBoss(warning): Not a collision node: LawbotCourtroom3.egg/-PandaNode/CR3/interior/CR3_Floor
:10-09-2020 06:54:03 DistributedToon: calling LocalAvatar.startchat
:10-09-2020 06:54:03 LawbotHQBossBattle(warning): fsm.request('movie') returned 0 (zone id 61000, avatar pos LPoint3f(-0.363562, -126.204, 0.193903)).
:10-09-2020 06:54:11 TTOffMagicWordManager: Restarting Scale Round
:10-09-2020 06:54:16 LawbotHQBossBattle(warning): fsm.request('finalBattle') returned 0 (zone id 61000, avatar pos LPoint3f(-52.264, 16.0315, 0)).
:10-09-2020 06:54:16 TTOffMagicWordManager: Restarting Scale Round
:10-09-2020 06:56:36 GarbageCollect(warning): garbage found, reverting gc threshold
frame rate: 203.7 fps|0.001d|12 avs||420|420||0x0000|0x0000|640.6MB|763.8MB|32619.6MB|463|nt.2.6.2|3.696,3.696|6,12 cpus|OpenGL
:10-09-2020 07:01:11 :linmath(warning): Tried to invert singular LMatrix3.
frame rate: 233.7 fps|0.000d|12 avs||720|720||0x0000|0x0000|671.9MB|795.1MB|32619.6MB|496|nt.2.6.2|3.696,3.696|6,12 cpus|OpenGL
:10-09-2020 07:05:58 TTOffMagicWordManager: Holland's laff has been set to 5.
frame rate: 238.8 fps|0.000d|12 avs||1020|1020||0x0000|0x0000|704.1MB|827.3MB|32619.6MB|505|nt.2.6.2|3.696,3.696|6,12 cpus|OpenGL
adding timeout task
adding timeout task
frame rate: 249.5 fps|0.000d|12 avs||1320|1320||0x0000|0x0000|719.6MB|842.8MB|32619.6MB|542|nt.2.6.2|3.696,3.696|6,12 cpus|OpenGL
frame rate: 247.4 fps|0.000d|12 avs||1620|1620||0x0000|0x0000|735.1MB|858.2MB|32619.6MB|564|nt.2.6.2|3.696,3.696|6,12 cpus|OpenGL
handling timeout
:10-09-2020 07:20:29 DistributedToon: closing shard...
:10-09-2020 07:20:29 LawbotHQBossBattle: Unloading Place (61000). Fsm in final
:10-09-2020 07:20:29 OTPClientRepository: Exiting shard
ignoring InputState-forward
:10-09-2020 07:20:29 OTPClientRepository: sending clientLogout
:10-09-2020 07:20:29 LocalAvatar(warning): redundant call to stopUpdateSmartCamera
:10-09-2020 07:20:29 OTPClientRepository(warning): Disable failed. DistObj 100000014 is not in dictionary, ownerView=True
:10-09-2020 13:46:59 StateData: AvatarChooser.enter
:10-09-2020 13:46:59 DisplayOptions: settingsFullScreen = False, embedded = False width=800 height=600
:10-09-2020 13:46:59 StateData: calling self.displayOptions.restrictToEmbedded(False)
:10-09-2020 13:47:00 OTPClientRepository: ================
:10-09-2020 13:47:00 OTPClientRepository: Chose avatar id: 100000014
:10-09-2020 13:47:00 OTPClientRepository: Chose avatar name: Holland
:10-09-2020 13:47:00 OTPClientRepository: Chose avatar dna: ('css', 'ms', 'm', 'm', 16, 0, 16, 16, 113, 27, 99, 27, 7, 21)
:10-09-2020 13:47:00 OTPClientRepository: Chose avatar position: 5
:10-09-2020 13:47:00 OTPClientRepository: isPaid: 1
:10-09-2020 13:47:00 OTPClientRepository: freeTimeLeft: 0
:10-09-2020 13:47:00 OTPClientRepository: allowSecretChat: True
:10-09-2020 13:47:00 OTPClientRepository: ================
:10-09-2020 13:47:00 Loader: starting bulk load of block 'localAvatarPlayGame'
:10-09-2020 13:47:00 OTPClientRepository: Sending heartbeat mid-frame.
local
:10-09-2020 13:47:01 NewsPageButtonManager(warning): Should not get here. NewsPageButtonManager.exitOff
:10-09-2020 13:47:01 :pnmimage:png(warning): iCCP: known incorrect sRGB profile
:10-09-2020 13:47:02 OTPClientRepository: Entering shard 401000001
:10-09-2020 13:47:02 TimeManager: Clock sync: TimeManager.announceGenerate
:10-09-2020 13:47:02 InGameNewsMgr: latestIssue=2013-08-22 16:49:46.000003-07:00
cpu info: GenuineIntel|Intel(R) Core(TM) i7-8700K CPU @ 3.70GHz|591594|0|3.696,3.696|6,12 cpus
:10-09-2020 13:47:02 OTPClientRepository: No sync from TimeManager.
:10-09-2020 13:47:02 OTPClientRepository: gotTimeSync
:10-09-2020 13:47:02 Loader: At end of block 'localAvatarPlayGame', expected 400, loaded 8, duration=1.8411764
:10-09-2020 13:47:02 TimeManager: Clock sync roundtrip took 68.355 ms
:10-09-2020 13:47:02 TimeManager: AI time delta is -0:00 from server delta
:10-09-2020 13:47:02 ClockDelta: previous delta at -0.936 s, +/- 7.430 s.
:10-09-2020 13:47:02 ClockDelta: new delta at -1.437 s, +/- 0.034 s.
:10-09-2020 13:47:02 ClockDelta: intersection at -1.437 s, +/- 0.034 s.
:10-09-2020 13:47:02 TimeManager: Local clock uncertainty +/- 0.034 s
:10-09-2020 13:47:02 PlayGame: QA-REGRESSION: NEIGHBORHOODS: Visit Lawbot HQ
:10-09-2020 13:47:02 Loader: starting bulk load of block 'hood'
:10-09-2020 13:47:03 LawbotCogHQLoader: loadPlaceGeom: 13000
:10-09-2020 13:47:03 DistributedObject: DistributedSuitPlanner 401002972: generating
:10-09-2020 13:47:03 DistributedToon: calling LocalAvatar.startchat
:10-09-2020 13:47:03 :loader(error): Couldn't load file phase_4/models/questmap/cog_hq_lawbot_maps.bam: not found on model path (currently: "/;/d/hollybae/Aly/Toontown-School-House/toontown/launcher;/c/Panda3D-1.11.0-x64/etc/..;/c/Panda3D-1.11.0-x64/etc/../models")
:10-09-2020 13:47:03 Loader: At end of block 'hood', expected 2, loaded 3, duration=0.717333799999
:10-09-2020 13:47:04 Teleport(debug): teleportInDone: walk
:10-09-2020 13:47:04 :loader(error): Couldn't load file phase_4/models/questmap/cog_hq_lawbot_maps.bam: not found on model path (currently: "/;/d/hollybae/Aly/Toontown-School-House/toontown/launcher;/c/Panda3D-1.11.0-x64/etc/..;/c/Panda3D-1.11.0-x64/etc/../models")
:10-09-2020 13:47:16 TTOffMagicWordManager: God mode enabled for Holland!
:10-09-2020 13:47:23 LawbotCogHQLoader: loadPlaceGeom: 13100
:10-09-2020 13:47:23 LawbotCogHQLoader: QA-REGRESSION: COGHQ: Visit LawbotLobby
:10-09-2020 13:47:23 LawbotHQExterior: Unloading Place (13000). Fsm in final
:10-09-2020 13:47:23 DistributedObject: DistributedSuitPlanner 401002972: disabling
:10-09-2020 13:47:23 DistributedToon: calling LocalAvatar.startchat
:10-09-2020 13:47:23 :loader(error): Couldn't load file phase_4/models/questmap/cog_hq_lawbot_maps.bam: not found on model path (currently: "/;/d/hollybae/Aly/Toontown-School-House/toontown/launcher;/c/Panda3D-1.11.0-x64/etc/..;/c/Panda3D-1.11.0-x64/etc/../models")
:10-09-2020 13:47:23 :text(warning): No definition in  for character U+007b ('{')
:10-09-2020 13:47:23 :text(warning): No definition in  for character U+007d ('}')
:10-09-2020 13:47:23 :text(warning): No definition in  for character U+007b ('{')
:10-09-2020 13:47:23 :text(warning): No definition in  for character U+007b ('{')
:10-09-2020 13:47:23 :text(warning): No definition in  for character U+007d ('}')
:10-09-2020 13:47:23 :text(warning): No definition in  for character U+007b ('{')
:10-09-2020 13:47:23 :text(warning): No definition in  for character U+007b ('{')
:10-09-2020 13:47:23 :text(warning): No definition in  for character U+007d ('}')
:10-09-2020 13:47:23 :text(warning): No definition in  for character U+007b ('{')
:10-09-2020 13:47:23 :text(warning): No definition in  for character U+007b ('{')
:10-09-2020 13:47:23 :text(warning): No definition in  for character U+007d ('}')
:10-09-2020 13:47:23 :text(warning): No definition in  for character U+007b ('{')
:10-09-2020 13:47:23 :text(warning): No definition in  for character U+007b ('{')
:10-09-2020 13:47:23 :text(warning): No definition in  for character U+007d ('}')
:10-09-2020 13:47:23 :text(warning): No definition in  for character U+007b ('{')
:10-09-2020 13:47:23 :text(warning): No definition in  for character U+007b ('{')
:10-09-2020 13:47:23 :text(warning): No definition in  for character U+007d ('}')
:10-09-2020 13:47:23 :text(warning): No definition in  for character U+007b ('{')
:10-09-2020 13:47:24 :text(warning): No definition in  for character U+007b ('{')
:10-09-2020 13:47:24 :text(warning): No definition in  for character U+007d ('}')
:10-09-2020 13:47:24 :text(warning): No definition in  for character U+007b ('{')
:10-09-2020 13:47:24 :text(warning): No definition in  for character U+007b ('{')
:10-09-2020 13:47:24 :text(warning): No definition in  for character U+007d ('}')
:10-09-2020 13:47:24 :text(warning): No definition in  for character U+007b ('{')
:10-09-2020 13:47:24 :text(warning): No definition in  for character U+007b ('{')
:10-09-2020 13:47:24 :text(warning): No definition in  for character U+007d ('}')
:10-09-2020 13:47:24 :text(warning): No definition in  for character U+007b ('{')
:10-09-2020 13:47:24 :text(warning): No definition in  for character U+007b ('{')
:10-09-2020 13:47:24 :text(warning): No definition in  for character U+007d ('}')
:10-09-2020 13:47:24 :text(warning): No definition in  for character U+007b ('{')
:10-09-2020 13:47:24 :loader(error): Couldn't load file phase_4/models/questmap/cog_hq_lawbot_maps.bam: not found on model path (currently: "/;/d/hollybae/Aly/Toontown-School-House/toontown/launcher;/c/Panda3D-1.11.0-x64/etc/..;/c/Panda3D-1.11.0-x64/etc/../models")
:10-09-2020 13:47:24 :text(warning): No definition in  for character U+007b ('{')
:10-09-2020 13:47:24 :text(warning): No definition in  for character U+007d ('}')
:10-09-2020 13:47:24 :text(warning): No definition in  for character U+007b ('{')
:10-09-2020 13:47:24 :text(warning): No definition in  for character U+007b ('{')
:10-09-2020 13:47:24 :text(warning): No definition in  for character U+007d ('}')
:10-09-2020 13:47:24 :text(warning): No definition in  for character U+007b ('{')
:10-09-2020 13:47:24 :text(warning): No definition in  for character U+007b ('{')
:10-09-2020 13:47:24 :text(warning): No definition in  for character U+007d ('}')
:10-09-2020 13:47:24 :text(warning): No definition in  for character U+007b ('{')
:10-09-2020 13:47:24 :text(warning): No definition in  for character U+007b ('{')
:10-09-2020 13:47:24 :text(warning): No definition in  for character U+007d ('}')
:10-09-2020 13:47:24 :text(warning): No definition in  for character U+007b ('{')
:10-09-2020 13:47:26 TTOffMagicWordManager: Gave Holland an infinite amount of pies
:10-09-2020 13:47:29 :text(warning): No definition in  for character U+007b ('{')
:10-09-2020 13:47:29 :text(warning): No definition in  for character U+007d ('}')
:10-09-2020 13:47:29 :text(warning): No definition in  for character U+007b ('{')
:10-09-2020 13:47:29 :text(warning): No definition in  for character U+007b ('{')
:10-09-2020 13:47:29 :text(warning): No definition in  for character U+007d ('}')
:10-09-2020 13:47:29 :text(warning): No definition in  for character U+007b ('{')
:10-09-2020 13:47:38 LawbotCogHQLoader: loadPlaceGeom: 61001
:10-09-2020 13:47:38 LawbotCogHQLoader(warning): loadPlaceGeom: unclassified zone 61000
:10-09-2020 13:47:38 CogHQLobby: Unloading Place (13100). Fsm in final
:10-09-2020 13:47:38 DistributedLawbotBoss(warning): Not a collision node: LawbotCourtroom3.egg/-PandaNode/CR3/interior/CR3_Floor
:10-09-2020 13:47:38 DistributedToon: calling LocalAvatar.startchat
:10-09-2020 13:47:38 LawbotHQBossBattle(warning): fsm.request('movie') returned 0 (zone id 61001, avatar pos LPoint3f(-0.363562, -126.204, 0.193903)).
:10-09-2020 13:47:41 TTOffMagicWordManager: Uh-oh! This Magic Word doesn't exist!
:10-09-2020 13:47:42 TTOffMagicWordManager: Run mode has been toggled.
:10-09-2020 13:47:43 TTOffMagicWordManager: Restarting Scale Round
:10-09-2020 13:51:41 OTPClientRepository: Sending heartbeat mid-frame.
frame rate: 198.9 fps|0.001d|12 avs||25226|25226||0x0000|0x0000|834.9MB|972.8MB|32619.6MB|2136|nt.2.6.2|3.696,3.696|6,12 cpus|OpenGL
frame rate: 182.1 fps|0.001d|12 avs||25526|25526||0x0000|0x0000|870.4MB|1008.5MB|32619.6MB|2170|nt.2.6.2|3.696,3.696|6,12 cpus|OpenGL
:10-09-2020 14:01:58 TTOffMagicWordManager: Holland's laff has been set to 5.
frame rate: 204.5 fps|0.001d|12 avs||25826|25826||0x0000|0x0000|901.3MB|1039.3MB|32619.6MB|2186|nt.2.6.2|3.696,3.696|6,12 cpus|OpenGL
adding timeout task
adding timeout task
frame rate: 191.9 fps|0.000d|12 avs||26126|26126||0x0000|0x0000|924.0MB|1062.1MB|32619.6MB|2192|nt.2.6.2|3.696,3.696|6,12 cpus|OpenGL
frame rate: 232.8 fps|0.000d|12 avs||26426|26426||0x0000|0x0000|939.7MB|1078.0MB|32619.6MB|2196|nt.2.6.2|3.696,3.696|6,12 cpus|OpenGL
adding timeout task
adding timeout task
:10-09-2020 14:17:02 TimeManager: Clock sync: timer
frame rate: 190.6 fps|0.001d|12 avs||26726|26726||0x0000|0x0000|966.9MB|1105.0MB|32619.6MB|2220|nt.2.6.2|3.696,3.696|6,12 cpus|OpenGL
:10-09-2020 14:17:02 TimeManager: Clock sync roundtrip took 31.975 ms
:10-09-2020 14:17:02 TimeManager: AI time delta is -0:00 from server delta
:10-09-2020 14:17:02 ClockDelta: previous delta at -1.437 s, +/- 0.534 s.
:10-09-2020 14:17:02 ClockDelta: new delta at -1.479 s, +/- 0.016 s.
:10-09-2020 14:17:02 ClockDelta: intersection at -1.479 s, +/- 0.016 s.
:10-09-2020 14:17:02 TimeManager: Local clock uncertainty +/- 0.016 s
adding timeout task
adding timeout task
frame rate: 236.1 fps|0.000d|12 avs||27026|27026||0x0000|0x0000|987.9MB|1126.2MB|32619.6MB|2242|nt.2.6.2|3.696,3.696|6,12 cpus|OpenGL
frame rate: 235.6 fps|0.000d|12 avs||27326|27326||0x0000|0x0000|1002.6MB|1141.0MB|32619.6MB|2246|nt.2.6.2|3.696,3.696|6,12 cpus|OpenGL
frame rate: 175.0 fps|0.001d|12 avs||27626|27626||0x0000|0x0000|1020.3MB|1158.5MB|32619.6MB|2250|nt.2.6.2|3.696,3.696|6,12 cpus|OpenGL
:10-09-2020 14:32:36 TTOffMagicWordManager: Holland's laff has been set to 5.
frame rate: 185.7 fps|0.001d|12 avs||27926|27926||0x0000|0x0000|1056.5MB|1194.8MB|32619.6MB|2268|nt.2.6.2|3.696,3.696|6,12 cpus|OpenGL
:10-09-2020 14:37:43 TTOffMagicWordManager: Holland's laff has been set to 5.
frame rate: 184.2 fps|0.001d|12 avs||28226|28226||0x0000|0x0000|1084.9MB|1223.4MB|32619.6MB|2303|nt.2.6.2|3.696,3.696|6,12 cpus|OpenGL
adding timeout task
adding timeout task
:10-09-2020 14:47:02 TimeManager: Clock sync: timer
frame rate: 177.9 fps|0.002d|12 avs||28526|28526||0x0000|0x0000|1098.0MB|1236.6MB|32619.6MB|2306|nt.2.6.2|3.696,3.696|6,12 cpus|OpenGL
:10-09-2020 14:47:02 TimeManager: Clock sync roundtrip took 89.797 ms
:10-09-2020 14:47:02 TimeManager: AI time delta is -0:00 from server delta
:10-09-2020 14:47:02 ClockDelta: previous delta at -1.479 s, +/- 0.516 s.
:10-09-2020 14:47:02 ClockDelta: new delta at -1.466 s, +/- 0.045 s.
:10-09-2020 14:47:02 ClockDelta: intersection at -1.466 s, +/- 0.045 s.
:10-09-2020 14:47:02 TimeManager: Local clock uncertainty +/- 0.045 s
:10-09-2020 14:51:03 OTPClientRepository: Sending heartbeat mid-frame.
frame rate: 166.1 fps|0.001d|12 avs||28826|28826||0x0000|0x0000|306.2MB|1273.3MB|32619.6MB|2347|nt.2.6.2|3.696,3.696|6,12 cpus|OpenGL
Current position= (-47.526,  47.236,  -0.000), H: -14081.143, Zone: 61001,, Ver: tto-dev, , District: Toon Valley
