

Starting Toontown Online...
Current time: Fri Mar 27 03:55:23 2020 Eastern Standard Time
sys.path =  ['', 'C:\\Panda3D-1.11.0-x64\\python\\python27.zip', 'C:\\Panda3D-1.11.0-x64', 'C:\\Panda3D-1.11.0-x64\\python\\DLLs', 'C:\\Panda3D-1.11.0-x64\\python\\lib', 'C:\\Panda3D-1.11.0-x64\\python\\lib\\plat-win', 'C:\\Panda3D-1.11.0-x64\\python\\lib\\lib-tk', 'C:\\Panda3D-1.11.0-x64\\python', 'C:\\Panda3D-1.11.0-x64\\bin', 'C:\\Panda3D-1.11.0-x64\\python\\lib\\site-packages']
sys.argv =  ['D:\\hollybae\\Aly\\Toontown-School-House\\toontown\\launcher\\TTOffQuickStartLauncher.py']
generating standard configrc
os.environ =  {'TMP': 'C:\\Users\\holla\\AppData\\Local\\Temp', 'COMPUTERNAME': 'HOLLYBAES-PC', 'USERDOMAIN': 'HOLLYBAES-PC', 'INTEL_DEV_REDIST': 'C:\\Program Files (x86)\\Common Files\\Intel\\Shared Libraries\\', 'PSMODULEPATH': 'C:\\Program Files\\WindowsPowerShell\\Modules;C:\\WINDOWS\\system32\\WindowsPowerShell\\v1.0\\Modules', 'COMMONPROGRAMFILES': 'C:\\Program Files\\Common Files', 'PROCESSOR_IDENTIFIER': 'Intel64 Family 6 Model 158 Stepping 10, GenuineIntel', 'VBOX_MSI_INSTALL_PATH': 'C:\\Program Files\\Oracle\\VirtualBox\\', 'PROGRAMFILES': 'C:\\Program Files', 'PROCESSOR_REVISION': '9e0a', 'PATH': 'C:\\Panda3D-1.11.0-x64\\panda3d\\..\\bin;C:\\Program Files (x86)\\Razer\\ChromaBroadcast\\bin;C:\\Program Files\\Razer\\ChromaBroadcast\\bin;C:\\Program Files (x86)\\Common Files\\Intel\\Shared Libraries\\redist\\intel64_win\\compiler;C:\\Program Files (x86)\\Common Files\\Oracle\\Java\\javapath;C:\\Program Files (x86)\\Common Files\\Intel\\Shared Libraries\\redist\\intel64\\compiler;C:\\WINDOWS\\system32;C:\\WINDOWS;C:\\WINDOWS\\System32\\Wbem;C:\\WINDOWS\\System32\\WindowsPowerShell\\v1.0\\;C:\\WINDOWS\\System32\\OpenSSH\\;C:\\Program Files\\NVIDIA Corporation\\NVIDIA NGX;C:\\Program Files (x86)\\NVIDIA Corporation\\PhysX\\Common;C:\\Program Files\\NVIDIA Corporation\\NVIDIA NvDLISR;C:\\WINDOWS\\system32;C:\\WINDOWS;C:\\WINDOWS\\System32\\Wbem;C:\\WINDOWS\\System32\\WindowsPowerShell\\v1.0\\;C:\\WINDOWS\\System32\\OpenSSH\\;D:\\hollybae\\ffmpeg-4.1.3-win64-static\\ffmpeg-4.1.3-win64-static\\bin;C:\\Program Files\\dotnet\\;C:\\WINDOWS\\system32\\config\\systemprofile\\AppData\\Local\\Microsoft\\WindowsApps;C:\\Program Files (x86)\\QuickTime\\QTSystem\\;C:\\Users\\holla\\AppData\\Local\\Microsoft\\WindowsApps;C:\\Panda3D-1.10.4.1-x64\\python;C:\\Panda3D-1.10.4.1-x64\\python\\Scripts;C:\\Panda3D-1.10.4.1-x64\\bin;C:\\Panda3D-1.11.0-x64\\python;C:\\Panda3D-1.11.0-x64\\python\\Scripts;C:\\Panda3D-1.11.0-x64\\bin', 'SYSTEMROOT': 'C:\\WINDOWS', 'MIC_LD_LIBRARY_PATH': 'C:\\Program Files (x86)\\Common Files\\Intel\\Shared Libraries\\compiler\\lib\\intel64_win_mic', 'COMSPEC': 'C:\\WINDOWS\\system32\\cmd.exe', 'DRIVERDATA': 'C:\\Windows\\System32\\Drivers\\DriverData', 'PPYTHON_PATH': '"C:\\Panda3D-1.11.0-x64\\python\\ppython.exe"', 'TEMP': 'C:\\Users\\holla\\AppData\\Local\\Temp', 'COMMONPROGRAMFILES(X86)': 'C:\\Program Files (x86)\\Common Files', 'PROCESSOR_ARCHITECTURE': 'AMD64', 'PROGRAMFILES(X86)': 'C:\\Program Files (x86)', 'ALLUSERSPROFILE': 'C:\\ProgramData', 'LOCALAPPDATA': 'C:\\Users\\holla\\AppData\\Local', 'FPS_BROWSER_USER_PROFILE_STRING': 'Default', 'HOMEPATH': '\\Users\\holla', 'USERDOMAIN_ROAMINGPROFILE': 'HOLLYBAES-PC', 'TTOFF_GAME_SERVER': '25.29.177.41', 'PROGRAMW6432': 'C:\\Program Files', 'USERNAME': 'holla', 'LOGONSERVER': '\\\\HOLLYBAES-PC', 'PROMPT': '$P$G', 'SESSIONNAME': 'Console', 'PROGRAMDATA': 'C:\\ProgramData', 'ONEDRIVE': 'C:\\Users\\holla\\OneDrive - University of Guelph', 'FPS_BROWSER_APP_PROFILE_STRING': 'Internet Explorer', 'PATHEXT': '.COM;.EXE;.BAT;.CMD;.VBS;.VBE;.JS;.JSE;.WSF;.WSH;.MSC', 'TTOFF_LOGIN_TOKEN': 'Holland', 'ONEDRIVECOMMERCIAL': 'C:\\Users\\holla\\OneDrive - University of Guelph', 'WINDIR': 'C:\\WINDOWS', 'APPDATA': 'C:\\Users\\holla\\AppData\\Roaming', 'HOMEDRIVE': 'C:', 'SYSTEMDRIVE': 'C:', 'NUMBER_OF_PROCESSORS': '12', 'PROCESSOR_LEVEL': '6', 'RG_GPU_FRAMEWORK_ENGINE_RESOURCEDIR': 'C:\\Program Files\\Red Giant\\RGFX', 'COMMONPROGRAMW6432': 'C:\\Program Files\\Common Files', 'OS': 'Windows_NT', 'PUBLIC': 'C:\\Users\\Public', 'USERPROFILE': 'C:\\Users\\holla'}
:03-27-2020 03:55:23 TTOffLauncher: isTestServer: 0
:03-27-2020 03:55:23 TTOffLauncher: Game Server 25.29.177.41
:03-27-2020 03:55:23 TTOffLauncher: Starting Toontown Online... 
:03-27-2020 03:55:23 TTOffLauncher: foreground: Launcher now operating in foreground
useTTOffSpecificLogin=True
:03-27-2020 03:55:23 TTOffLauncher: maybeStartGame: starting game
:03-27-2020 03:55:23 TTOffLauncher: Starting Toontown Online...
:03-27-2020 03:55:23 TTOffLauncher: background: Launcher now operating in background
ToontownStart: Polling for game2 to finish...
ToontownStart: Game2 is finished.
ToontownStart: Starting the game.
ToontownStart: setting default font
:03-27-2020 03:55:23 TTOffLauncher: setting panda error code to 7
Known pipe types:
  wglGraphicsPipe
(all display modules loaded.)
:03-27-2020 03:55:23 ToonBase: Default graphics pipe is wglGraphicsPipe (OpenGL).
:03-27-2020 03:55:24 ToonBase: Successfully opened window of type wglGraphicsWindow (OpenGL)
:03-27-2020 03:55:24 ShowBase: __dev__ == False
:03-27-2020 03:55:24 TTOffLauncher: setting panda error code to 11
:03-27-2020 03:55:24 TTOffLauncher: setting panda error code to 0
ToontownStart: Loading default gui sounds
ToontownStart: serverVersion:  tto-dev
:03-27-2020 03:55:24 Loader: starting bulk load of block 'init'
:03-27-2020 03:55:24 :nativenet(error): Buffered_DatagramConnection Constructor rbufsize = 4096000 wbufsize = 4096000 write_flush_point = 1400
:03-27-2020 03:55:24 OTPClientRepository: Using connect method 'http'
:03-27-2020 03:55:25 TTOffLauncher: getRegistry ('DEPLOYMENT', None)
:03-27-2020 03:55:25 TTOffLauncher: checking env
:03-27-2020 03:55:25 TTOffLauncher: getRegistry ('GAME_DEPLOYMENT', None)
:03-27-2020 03:55:25 TTOffLauncher: checking env
:03-27-2020 03:55:25 OTPClientRepository: reg_deployment=
:03-27-2020 03:55:25 OTPClientRepository: required-login auto.
:03-27-2020 03:55:25 OTPClientRepository: loginInterface: LoginTTOffAccount
:03-27-2020 03:55:25 TTOffLauncher: getNeedPwForSecretKey using ttoff-specific-login
:03-27-2020 03:55:25 Loader: At end of block 'init', expected 138, loaded 4, duration=0.9917132
:03-27-2020 03:55:25 ToonBase: Using gameServer from launcher: 25.29.177.41 
:03-27-2020 03:55:25 OTPClientRepository: Connecting to gameserver directly (no proxy).
:03-27-2020 03:55:25 OTPClientRepository: Connecting to //25.29.177.41:7198 via HTTP interface.
:03-27-2020 03:55:25 TTOffLauncher: Stopping mini task manager.
:03-27-2020 03:55:25 OTPClientRepository: Successfully connected to //25.29.177.41:7198.
:03-27-2020 03:55:25 TTOffLauncher: Setting Disconnect Details normal
{401000001: <toontown.distributed.ToontownDistrict.ToontownDistrict instance at 0x000000001DB60788>}
:03-27-2020 03:55:26 StateData: AvatarChooser.enter
:03-27-2020 03:55:26 DisplayOptions: settingsFullScreen = False, embedded = False width=800 height=600
:03-27-2020 03:55:26 StateData: calling self.displayOptions.restrictToEmbedded(False)
:03-27-2020 03:55:28 MakeAToon: QA-REGRESSION: MAKEATOON: Starting Make A Toon
:03-27-2020 03:55:40 Actor(warning): no part named head-front*!
:03-27-2020 03:56:12 NameShop: QA-REGRESSION: SKIPTUTORIAL: Skip Tutorial
:03-27-2020 03:56:12 NameShop(warning): No dislId, using 0
:03-27-2020 03:56:13 MakeAToon: QA-REGRESSION: MAKEATOON: Creating A Toon
:03-27-2020 03:56:13 Loader: starting bulk load of block 'localAvatarPlayGame'
:03-27-2020 03:56:13 ToontownTimeManager(warning): error parsing date string=
local
:03-27-2020 03:56:14 NewsPageButtonManager(warning): Should not get here. NewsPageButtonManager.exitOff
:03-27-2020 03:56:14 :pnmimage:png(warning): iCCP: known incorrect sRGB profile
:03-27-2020 03:56:15 OTPClientRepository: Entering shard 401000001
:03-27-2020 03:56:15 StreetSign: Street sign url is https://ttoffline.com/images/
:03-27-2020 03:56:16 StreetSign: Street Sign is up to date
:03-27-2020 03:56:16 OTPClientRepository: Sending heartbeat mid-frame.
:03-27-2020 03:56:16 TimeManager: Clock sync: TimeManager.announceGenerate
:03-27-2020 03:56:16 InGameNewsMgr: latestIssue=2013-08-22 16:49:46.000003-07:00
cpu info: GenuineIntel|Intel(R) Core(TM) i7-8700K CPU @ 3.70GHz|591594|0|3.701,3.701|6,12 cpus
:03-27-2020 03:56:17 OTPClientRepository: No sync from TimeManager.
:03-27-2020 03:56:17 OTPClientRepository: gotTimeSync
:03-27-2020 03:56:17 Loader: At end of block 'localAvatarPlayGame', expected 400, loaded 7, duration=4.2972833
:03-27-2020 03:56:17 TimeManager: Clock sync roundtrip took 1063.581 ms
:03-27-2020 03:56:17 TimeManager: AI time delta is -0:00 from server delta
:03-27-2020 03:56:17 TimeManager: Local clock uncertainty +/- 0.532 s
:03-27-2020 03:56:18 Loader(warning): Tried to end a block ('localAvatarPlayGame'), but not in one
:03-27-2020 03:56:18 QuietZoneState: Requesting AI redirect from zone 0.
:03-27-2020 03:56:18 QuietZoneState: Redirecting to zone 22000.
:03-27-2020 03:56:18 PlayGame: QA-REGRESSION: NEIGHBORHOODS: Visit Toontown Central
:03-27-2020 03:56:18 Loader: starting bulk load of block 'hood'
:03-27-2020 03:56:21 DistributedObject(warning): no loader.getInteractiveProp self.interactiveProp is None
:03-27-2020 03:56:21 DistributedObject(warning): no loader.getInteractiveProp self.interactiveProp is None
:03-27-2020 03:56:21 DistributedObject(warning): no loader.getInteractiveProp self.interactiveProp is None
:03-27-2020 03:56:21 DistributedObject(warning): no loader.getInteractiveProp self.interactiveProp is None
:03-27-2020 03:56:21 DistributedObject(warning): no loader.getInteractiveProp self.interactiveProp is None
:03-27-2020 03:56:21 DistributedToon: calling LocalAvatar.startchat
:03-27-2020 03:56:22 Loader: At end of block 'hood', expected 8, loaded 17, duration=3.5873081
:03-27-2020 03:56:23 Teleport(debug): teleportInDone: popup
:03-27-2020 03:56:27 TTOffMagicWordManager: Maxed out Mister Funnypow's stats.
local
:03-27-2020 03:56:33 TTOffMagicWordManager: Mister Funnypow's laff has been set to 137.
:03-27-2020 03:56:37 TTOffMagicWordManager: Can't set Mister Funnypow's max laff to 1337! Specify a value between 15 and 137.
:03-27-2020 03:56:41 TTOffMagicWordManager: Changed Mister Funnypow's name to Hollybae!
:03-27-2020 03:57:18 TTOffMagicWordManager: Set Hollybae's nametag style successfully.
:03-27-2020 03:57:25 TTOffMagicWordManager: Alakazam!
:03-27-2020 03:57:31 TTOffMagicWordManager: Presto!
:03-27-2020 03:57:36 TTOffMagicWordManager: Abracadabra!
:03-27-2020 03:57:43 TTOffMagicWordManager: Abracadabra!
:03-27-2020 03:57:47 TTOffMagicWordManager: Alakazam!
:03-27-2020 03:57:52 TTOffMagicWordManager: Voila!
:03-27-2020 03:57:57 TTOffMagicWordManager: Presto!
:03-27-2020 03:58:00 TTOffMagicWordManager: Alakazam!
:03-27-2020 03:58:04 ShtikerBook: QA-REGRESSION: SHTICKERBOOK: Open
OnscreenText.configure: mayChange == 0
OnscreenText.configure: mayChange == 0
OnscreenText.configure: mayChange == 0
OnscreenText.configure: mayChange == 0
:03-27-2020 03:58:06 ShtikerBook: QA-REGRESSION: SHTICKERBOOK: Close
:03-27-2020 03:58:11 Playground: Unloading Place (22000). Fsm in final
:03-27-2020 03:58:12 PlayGame: QA-REGRESSION: NEIGHBORHOODS: Visit Lawbot HQ
:03-27-2020 03:58:12 Loader: starting bulk load of block 'hood'
:03-27-2020 03:58:12 LawbotCogHQLoader: loadPlaceGeom: 13000
:03-27-2020 03:58:12 DistributedObject: DistributedSuitPlanner 401002973: generating
:03-27-2020 03:58:12 DistributedToon: calling LocalAvatar.startchat
:03-27-2020 03:58:12 :loader(error): Couldn't load file phase_4/models/questmap/cog_hq_lawbot_maps.bam: not found on model path (currently: "/;/d/hollybae/Aly/Toontown-School-House/toontown/launcher;/c/Panda3D-1.11.0-x64/etc/..;/c/Panda3D-1.11.0-x64/etc/../models")
:03-27-2020 03:58:12 Loader: At end of block 'hood', expected 2, loaded 3, duration=0.677818
:03-27-2020 03:58:14 Teleport(debug): teleportInDone: walk
:03-27-2020 03:58:14 :loader(error): Couldn't load file phase_4/models/questmap/cog_hq_lawbot_maps.bam: not found on model path (currently: "/;/d/hollybae/Aly/Toontown-School-House/toontown/launcher;/c/Panda3D-1.11.0-x64/etc/..;/c/Panda3D-1.11.0-x64/etc/../models")
:03-27-2020 03:58:20 TTOffMagicWordManager: Run mode has been toggled.
:03-27-2020 03:58:26 TTOffMagicWordManager: Run mode has been toggled.
:03-27-2020 03:58:58 TTOffMagicWordManager: Gave Hollybae an infinite amount of pies
:03-27-2020 03:59:51 :downloader(warning): Windows error code: 10054
:03-27-2020 03:59:51 OTPClientRepository(warning): Lost connection to gameserver.
:03-27-2020 03:59:52 LawbotHQExterior: Unloading Place (13000). Fsm in final
:03-27-2020 03:59:52 OTPClientRepository(warning): unclean exit, abandoning shard
:03-27-2020 03:59:52 DistributedObject: DistributedSuitPlanner 401002973: disabling
ignoring InputState-forward
:03-27-2020 03:59:52 OTPClientRepository: sending clientLogout
:03-27-2020 03:59:52 :distributed(warning): Unable to send datagram after connection is closed.
:03-27-2020 03:59:52 LocalAvatar(warning): redundant call to stopUpdateSmartCamera
:03-27-2020 03:59:52 TTOffLauncher: New Disconnect Details: None - Your internet connection to the servers has been unexpectedly broken. 
:03-27-2020 03:59:52 OTPClientRepository(warning): Lost connection to server. Notifying user.
:03-27-2020 03:59:53 OTPClientRepository: Exiting cleanly
:03-27-2020 03:59:53 ToonBase: Exiting Toontown: errorCode = None
:03-27-2020 03:59:53 TTOffLauncher: setting panda error code to 0
:03-27-2020 03:59:53 TTOffLauncher: Normal exit.
