

Starting Toontown Online...
Current time: Wed Dec 18 05:59:25 2019 Eastern Standard Time
sys.path =  ['', 'C:\\Panda3D-1.11.0-x64\\python\\python27.zip', 'C:\\Panda3D-1.11.0-x64', 'C:\\Panda3D-1.11.0-x64\\python\\DLLs', 'C:\\Panda3D-1.11.0-x64\\python\\lib', 'C:\\Panda3D-1.11.0-x64\\python\\lib\\plat-win', 'C:\\Panda3D-1.11.0-x64\\python\\lib\\lib-tk', 'C:\\Panda3D-1.11.0-x64\\python', 'C:\\Panda3D-1.11.0-x64\\bin', 'C:\\Panda3D-1.11.0-x64\\python\\lib\\site-packages']
sys.argv =  ['D:\\hollybae\\Aly\\Toontown-School-House\\toontown\\launcher\\TTOffQuickStartLauncher.py']
generating standard configrc
os.environ =  {'TMP': 'C:\\Users\\holla\\AppData\\Local\\Temp', 'COMPUTERNAME': 'HOLLYBAES-PC', 'USERDOMAIN': 'HOLLYBAES-PC', 'INTEL_DEV_REDIST': 'C:\\Program Files (x86)\\Common Files\\Intel\\Shared Libraries\\', 'PSMODULEPATH': 'C:\\Program Files\\WindowsPowerShell\\Modules;C:\\WINDOWS\\system32\\WindowsPowerShell\\v1.0\\Modules', 'COMMONPROGRAMFILES': 'C:\\Program Files\\Common Files', 'PROCESSOR_IDENTIFIER': 'Intel64 Family 6 Model 158 Stepping 10, GenuineIntel', 'VBOX_MSI_INSTALL_PATH': 'C:\\Program Files\\Oracle\\VirtualBox\\', 'PROGRAMFILES': 'C:\\Program Files', 'PROCESSOR_REVISION': '9e0a', 'PATH': 'C:\\Panda3D-1.11.0-x64\\panda3d\\..\\bin;C:\\Program Files (x86)\\Razer\\ChromaBroadcast\\bin;C:\\Program Files\\Razer\\ChromaBroadcast\\bin;C:\\Program Files (x86)\\Common Files\\Intel\\Shared Libraries\\redist\\intel64_win\\compiler;C:\\Program Files (x86)\\Common Files\\Oracle\\Java\\javapath;C:\\Program Files (x86)\\Common Files\\Intel\\Shared Libraries\\redist\\intel64\\compiler;C:\\WINDOWS\\system32;C:\\WINDOWS;C:\\WINDOWS\\System32\\Wbem;C:\\WINDOWS\\System32\\WindowsPowerShell\\v1.0\\;C:\\WINDOWS\\System32\\OpenSSH\\;C:\\Program Files\\NVIDIA Corporation\\NVIDIA NGX;C:\\Program Files (x86)\\NVIDIA Corporation\\PhysX\\Common;C:\\Program Files\\NVIDIA Corporation\\NVIDIA NvDLISR;C:\\WINDOWS\\system32;C:\\WINDOWS;C:\\WINDOWS\\System32\\Wbem;C:\\WINDOWS\\System32\\WindowsPowerShell\\v1.0\\;C:\\WINDOWS\\System32\\OpenSSH\\;D:\\hollybae\\ffmpeg-4.1.3-win64-static\\ffmpeg-4.1.3-win64-static\\bin;C:\\Program Files\\dotnet\\;C:\\WINDOWS\\system32\\config\\systemprofile\\AppData\\Local\\Microsoft\\WindowsApps;C:\\Program Files (x86)\\QuickTime\\QTSystem\\;C:\\Users\\holla\\AppData\\Local\\Microsoft\\WindowsApps;C:\\Panda3D-1.10.4.1-x64\\python;C:\\Panda3D-1.10.4.1-x64\\python\\Scripts;C:\\Panda3D-1.10.4.1-x64\\bin;C:\\Panda3D-1.11.0-x64\\python;C:\\Panda3D-1.11.0-x64\\python\\Scripts;C:\\Panda3D-1.11.0-x64\\bin', 'SYSTEMROOT': 'C:\\WINDOWS', 'MIC_LD_LIBRARY_PATH': 'C:\\Program Files (x86)\\Common Files\\Intel\\Shared Libraries\\compiler\\lib\\intel64_win_mic', 'COMSPEC': 'C:\\WINDOWS\\system32\\cmd.exe', 'DRIVERDATA': 'C:\\Windows\\System32\\Drivers\\DriverData', 'PPYTHON_PATH': '"C:\\Panda3D-1.11.0-x64\\python\\ppython.exe"', 'TEMP': 'C:\\Users\\holla\\AppData\\Local\\Temp', 'COMMONPROGRAMFILES(X86)': 'C:\\Program Files (x86)\\Common Files', 'PROCESSOR_ARCHITECTURE': 'AMD64', 'PROGRAMFILES(X86)': 'C:\\Program Files (x86)', 'ALLUSERSPROFILE': 'C:\\ProgramData', 'LOCALAPPDATA': 'C:\\Users\\holla\\AppData\\Local', 'FPS_BROWSER_USER_PROFILE_STRING': 'Default', 'HOMEPATH': '\\Users\\holla', 'USERDOMAIN_ROAMINGPROFILE': 'HOLLYBAES-PC', 'PROGRAMW6432': 'C:\\Program Files', 'USERNAME': 'holla', 'LOGONSERVER': '\\\\HOLLYBAES-PC', 'PROMPT': '$P$G', 'SESSIONNAME': 'Console', 'PROGRAMDATA': 'C:\\ProgramData', 'ONEDRIVE': 'C:\\Users\\holla\\OneDrive', 'FPS_BROWSER_APP_PROFILE_STRING': 'Internet Explorer', 'PATHEXT': '.COM;.EXE;.BAT;.CMD;.VBS;.VBE;.JS;.JSE;.WSF;.WSH;.MSC', 'TTOFF_LOGIN_TOKEN': 'dev', 'WINDIR': 'C:\\WINDOWS', 'APPDATA': 'C:\\Users\\holla\\AppData\\Roaming', 'HOMEDRIVE': 'C:', 'SYSTEMDRIVE': 'C:', 'NUMBER_OF_PROCESSORS': '12', 'PROCESSOR_LEVEL': '6', 'COMMONPROGRAMW6432': 'C:\\Program Files\\Common Files', 'OS': 'Windows_NT', 'PUBLIC': 'C:\\Users\\Public', 'USERPROFILE': 'C:\\Users\\holla'}
:12-18-2019 05:59:25 TTOffLauncher: isTestServer: 0
:12-18-2019 05:59:25 TTOffLauncher: Game Server 127.0.0.1
:12-18-2019 05:59:25 TTOffLauncher: Starting Toontown Online... 
:12-18-2019 05:59:25 TTOffLauncher: foreground: Launcher now operating in foreground
useTTOffSpecificLogin=True
:12-18-2019 05:59:25 TTOffLauncher: maybeStartGame: starting game
:12-18-2019 05:59:25 TTOffLauncher: Starting Toontown Online...
:12-18-2019 05:59:25 TTOffLauncher: background: Launcher now operating in background
ToontownStart: Polling for game2 to finish...
ToontownStart: Game2 is finished.
ToontownStart: Starting the game.
ToontownStart: setting default font
:12-18-2019 05:59:25 TTOffLauncher: setting panda error code to 7
Known pipe types:
  wglGraphicsPipe
(all display modules loaded.)
:12-18-2019 05:59:25 ToonBase: Default graphics pipe is wglGraphicsPipe (OpenGL).
:12-18-2019 05:59:25 ToonBase: Successfully opened window of type wglGraphicsWindow (OpenGL)
:12-18-2019 05:59:25 ShowBase: __dev__ == False
:12-18-2019 05:59:25 TTOffLauncher: setting panda error code to 11
:12-18-2019 05:59:25 TTOffLauncher: setting panda error code to 0
ToontownStart: Loading default gui sounds
ToontownStart: serverVersion:  tto-dev
:12-18-2019 05:59:25 Loader: starting bulk load of block 'init'
:12-18-2019 05:59:26 :nativenet(error): Buffered_DatagramConnection Constructor rbufsize = 4096000 wbufsize = 4096000 write_flush_point = 1400
:12-18-2019 05:59:26 OTPClientRepository: Using connect method 'http'
:12-18-2019 05:59:27 TTOffLauncher: getRegistry ('DEPLOYMENT', None)
:12-18-2019 05:59:27 TTOffLauncher: checking env
:12-18-2019 05:59:27 TTOffLauncher: getRegistry ('GAME_DEPLOYMENT', None)
:12-18-2019 05:59:27 TTOffLauncher: checking env
:12-18-2019 05:59:27 OTPClientRepository: reg_deployment=
:12-18-2019 05:59:27 OTPClientRepository: required-login auto.
:12-18-2019 05:59:27 OTPClientRepository: loginInterface: LoginTTOffAccount
:12-18-2019 05:59:27 TTOffLauncher: getNeedPwForSecretKey using ttoff-specific-login
:12-18-2019 05:59:27 Loader: At end of block 'init', expected 138, loaded 6, duration=1.3110483
:12-18-2019 05:59:27 OTPClientRepository: Connecting to gameserver directly (no proxy).
:12-18-2019 05:59:27 OTPClientRepository: Connecting to //127.0.0.1:7198 via HTTP interface.
:12-18-2019 05:59:27 TTOffLauncher: Stopping mini task manager.
:12-18-2019 05:59:27 OTPClientRepository: Successfully connected to //127.0.0.1:7198.
:12-18-2019 05:59:27 TTOffLauncher: Setting Disconnect Details normal
{401000001: <toontown.distributed.ToontownDistrict.ToontownDistrict instance at 0x000000001D9FE748>}
{401000001: <toontown.distributed.ToontownDistrict.ToontownDistrict instance at 0x000000001D9FE748>}
:12-18-2019 05:59:37 StateData: AvatarChooser.enter
:12-18-2019 05:59:37 DisplayOptions: settingsFullScreen = False, embedded = False width=800 height=600
:12-18-2019 05:59:37 StateData: calling self.displayOptions.restrictToEmbedded(False)
:12-18-2019 05:59:42 OTPClientRepository: ================
:12-18-2019 05:59:42 OTPClientRepository: Chose avatar id: 100000014
:12-18-2019 05:59:42 OTPClientRepository: Chose avatar name: Hollybae
:12-18-2019 05:59:42 OTPClientRepository: Chose avatar dna: ('css', 'ms', 'm', 'm', 16, 0, 16, 16, 113, 27, 18, 27, 7, 21)
:12-18-2019 05:59:42 OTPClientRepository: Chose avatar position: 5
:12-18-2019 05:59:42 OTPClientRepository: isPaid: 1
:12-18-2019 05:59:42 OTPClientRepository: freeTimeLeft: 0
:12-18-2019 05:59:42 OTPClientRepository: allowSecretChat: True
:12-18-2019 05:59:42 OTPClientRepository: ================
:12-18-2019 05:59:42 Loader: starting bulk load of block 'localAvatarPlayGame'
:12-18-2019 05:59:42 ToontownTimeManager(warning): error parsing date string=
local
:12-18-2019 05:59:43 NewsPageButtonManager(warning): Should not get here. NewsPageButtonManager.exitOff
:12-18-2019 05:59:43 :pnmimage:png(warning): iCCP: known incorrect sRGB profile
:12-18-2019 05:59:44 OTPClientRepository: Entering shard 401000001
:12-18-2019 05:59:44 StreetSign: Street sign url is https://ttoffline.com/images/
:12-18-2019 05:59:45 StreetSign: Street Sign is up to date
:12-18-2019 05:59:45 TimeManager: Clock sync: TimeManager.announceGenerate
:12-18-2019 05:59:45 NewsManager: setHolidayId: Starting Holiday 7
:12-18-2019 05:59:45 InGameNewsMgr: latestIssue=2013-08-22 16:49:46.000003-07:00
cpu info: GenuineIntel|Intel(R) Core(TM) i7-8700K CPU @ 3.70GHz|591594|0|3.701,3.701|6,12 cpus
:12-18-2019 05:59:46 OTPClientRepository: No sync from TimeManager.
:12-18-2019 05:59:46 OTPClientRepository: gotTimeSync
:12-18-2019 05:59:46 Loader: At end of block 'localAvatarPlayGame', expected 400, loaded 8, duration=4.0901586
:12-18-2019 05:59:46 TimeManager: Clock sync roundtrip took 1131.736 ms
:12-18-2019 05:59:46 TimeManager: AI time delta is -0:01 from server delta
:12-18-2019 05:59:46 TimeManager: Local clock uncertainty +/- 0.566 s
:12-18-2019 05:59:46 PlayGame: QA-REGRESSION: NEIGHBORHOODS: Visit Lawbot HQ
:12-18-2019 05:59:46 Loader: starting bulk load of block 'hood'
:12-18-2019 05:59:47 LawbotCogHQLoader: loadPlaceGeom: 13000
:12-18-2019 05:59:47 OTPClientRepository: Sending heartbeat mid-frame.
:12-18-2019 05:59:47 DistributedObject: DistributedSuitPlanner 401002972: generating
:12-18-2019 05:59:47 DistributedToon: calling LocalAvatar.startchat
:12-18-2019 05:59:47 :loader(error): Couldn't load file phase_4/models/questmap/cog_hq_lawbot_maps.bam: not found on model path (currently: "/;/d/hollybae/Aly/Toontown-School-House/toontown/launcher;/c/Panda3D-1.11.0-x64/etc/..;/c/Panda3D-1.11.0-x64/etc/../models")
:12-18-2019 05:59:47 Loader: At end of block 'hood', expected 2, loaded 3, duration=0.7696608
:12-18-2019 05:59:49 Teleport(debug): teleportInDone: walk
:12-18-2019 05:59:49 :loader(error): Couldn't load file phase_4/models/questmap/cog_hq_lawbot_maps.bam: not found on model path (currently: "/;/d/hollybae/Aly/Toontown-School-House/toontown/launcher;/c/Panda3D-1.11.0-x64/etc/..;/c/Panda3D-1.11.0-x64/etc/../models")
:12-18-2019 05:59:49 TTOffMagicWordManager: Run mode has been toggled.
:12-18-2019 05:59:56 LawbotCogHQLoader: loadPlaceGeom: 13100
:12-18-2019 05:59:56 LawbotCogHQLoader: QA-REGRESSION: COGHQ: Visit LawbotLobby
:12-18-2019 05:59:56 LawbotHQExterior: Unloading Place (13000). Fsm in final
:12-18-2019 05:59:56 DistributedObject: DistributedSuitPlanner 401002972: disabling
:12-18-2019 05:59:56 DistributedToon: calling LocalAvatar.startchat
:12-18-2019 05:59:56 :loader(error): Couldn't load file phase_4/models/questmap/cog_hq_lawbot_maps.bam: not found on model path (currently: "/;/d/hollybae/Aly/Toontown-School-House/toontown/launcher;/c/Panda3D-1.11.0-x64/etc/..;/c/Panda3D-1.11.0-x64/etc/../models")
:12-18-2019 05:59:57 :loader(error): Couldn't load file phase_4/models/questmap/cog_hq_lawbot_maps.bam: not found on model path (currently: "/;/d/hollybae/Aly/Toontown-School-House/toontown/launcher;/c/Panda3D-1.11.0-x64/etc/..;/c/Panda3D-1.11.0-x64/etc/../models")
:12-18-2019 06:00:05 :loader(error): Couldn't load file phase_4/models/questmap/cog_hq_lawbot_maps.bam: not found on model path (currently: "/;/d/hollybae/Aly/Toontown-School-House/toontown/launcher;/c/Panda3D-1.11.0-x64/etc/..;/c/Panda3D-1.11.0-x64/etc/../models")
:12-18-2019 06:00:11 TTOffMagicWordManager: Alakazam!
:12-18-2019 06:00:20 TTOffMagicWordManager: Ta-da!
:12-18-2019 06:00:33 TTOffMagicWordManager: Alakazam!
:12-18-2019 06:00:37 TTOffMagicWordManager: Ta-da!
:12-18-2019 06:00:47 TTOffMagicWordManager: Alakazam!
:12-18-2019 06:00:50 TTOffMagicWordManager: Run mode has been toggled.
:12-18-2019 06:00:52 TTOffMagicWordManager: Gave Hollybae an infinite amount of pies
:12-18-2019 06:00:54 TTOffMagicWordManager: Alakazam!
:12-18-2019 06:00:57 LawbotCogHQLoader: loadPlaceGeom: 61000
:12-18-2019 06:00:57 LawbotCogHQLoader(warning): loadPlaceGeom: unclassified zone 61000
:12-18-2019 06:00:57 CogHQLobby: Unloading Place (13100). Fsm in final
:12-18-2019 06:00:57 DistributedLawbotBoss(warning): Not a collision node: LawbotCourtroom3.egg/-PandaNode/CR3/interior/CR3_Floor
:12-18-2019 06:00:57 DistributedToon: calling LocalAvatar.startchat
:12-18-2019 06:00:58 LawbotHQBossBattle(warning): fsm.request('movie') returned 0 (zone id 61000, avatar pos LPoint3f(-0.363562, -126.204, 0.193903)).
:12-18-2019 06:01:00 TTOffMagicWordManager: Restarting Scale Round
:12-18-2019 06:04:26 GarbageCollect(warning): garbage found, reverting gc threshold
frame rate: 143.4 fps|0.002d|23 avs||318|319||0x0000|0x0000|885.0MB|1086.2MB|16235.6MB|553|nt.2.6.2|3.701,3.701|6,12 cpus|OpenGL
adding timeout task
adding timeout task
:12-18-2019 06:05:57 OTPClientRepository: Sending heartbeat mid-frame.
:12-18-2019 06:06:51 TTOffMagicWordManager: LPoint3f(-60.303, 23.1938, -0.000315726)
:12-18-2019 06:07:07 OTPClientRepository: Sending heartbeat mid-frame.
:12-18-2019 06:07:28 TTOffMagicWordManager: Voila!
:12-18-2019 06:07:39 TTOffMagicWordManager: Abracadabra!
:12-18-2019 06:07:47 TTOffMagicWordManager: Abracadabra!
:12-18-2019 06:08:02 TTOffMagicWordManager: Alakazam!
:12-18-2019 06:08:08 OTPClientRepository: Sending heartbeat mid-frame.
:12-18-2019 06:08:39 TTOffMagicWordManager: Abracadabra!
:12-18-2019 06:08:43 TTOffMagicWordManager: Ta-da!
:12-18-2019 06:08:51 TTOffMagicWordManager: Ta-da!
:12-18-2019 06:09:02 TTOffMagicWordManager: Alakazam!
:12-18-2019 06:09:15 TTOffMagicWordManager: Abracadabra!
:12-18-2019 06:09:27 TTOffMagicWordManager: Ta-da!
:12-18-2019 06:09:40 TTOffMagicWordManager: Alakazam!
frame rate: 132.4 fps|0.001d|23 avs||618|619||0x0000|0x0000|1222.5MB|1424.2MB|16235.6MB|666|nt.2.6.2|3.701,3.701|6,12 cpus|OpenGL
:12-18-2019 06:09:51 TTOffMagicWordManager: Abracadabra!
:12-18-2019 06:10:00 TTOffMagicWordManager: Alakazam!
:12-18-2019 06:10:08 OTPClientRepository: Sending heartbeat mid-frame.
:12-18-2019 06:10:09 TTOffMagicWordManager: Abracadabra!
:12-18-2019 06:10:18 TTOffMagicWordManager: Alakazam!
:12-18-2019 06:10:27 TTOffMagicWordManager: Alakazam!
:12-18-2019 06:10:36 TTOffMagicWordManager: Alakazam!
:12-18-2019 06:10:41 TTOffMagicWordManager: Presto!
:12-18-2019 06:10:49 TTOffMagicWordManager: Abracadabra!
:12-18-2019 06:10:58 TTOffMagicWordManager: Abracadabra!
:12-18-2019 06:11:06 TTOffMagicWordManager: Alakazam!
:12-18-2019 06:11:15 TTOffMagicWordManager: Ta-da!
:12-18-2019 06:11:26 TTOffMagicWordManager: Alakazam!
:12-18-2019 06:11:28 OTPClientRepository: Sending heartbeat mid-frame.
:12-18-2019 06:12:07 TTOffMagicWordManager: Alakazam!
:12-18-2019 06:12:17 TTOffMagicWordManager: Alakazam!
:12-18-2019 06:12:49 TTOffMagicWordManager: Ta-da!
:12-18-2019 06:13:11 TTOffMagicWordManager: Abracadabra!
:12-18-2019 06:13:18 OTPClientRepository: Sending heartbeat mid-frame.
:12-18-2019 06:13:23 TTOffMagicWordManager: Alakazam!
:12-18-2019 06:13:36 TTOffMagicWordManager: Abracadabra!
:12-18-2019 06:14:19 TTOffMagicWordManager: Presto!
frame rate: 132.1 fps|0.001d|23 avs||918|919||0x0000|0x0000|1587.9MB|1790.3MB|16235.6MB|784|nt.2.6.2|3.701,3.701|6,12 cpus|OpenGL
:12-18-2019 06:14:57 TTOffMagicWordManager: Presto!
:12-18-2019 06:15:04 LawbotHQBossBattle(warning): fsm.request('finalBattle') returned 0 (zone id 61000, avatar pos LPoint3f(-1.19202, 22.5178, -0.000304989)).
:12-18-2019 06:15:26 TTOffMagicWordManager: Abracadabra!
:12-18-2019 06:16:08 OTPClientRepository: Sending heartbeat mid-frame.
:12-18-2019 06:16:18 TTOffMagicWordManager: Hollybae's laff has been set to 14.
:12-18-2019 06:16:19 TTOffMagicWordManager: Voila!
:12-18-2019 06:16:31 TTOffMagicWordManager: Abracadabra!
:12-18-2019 06:16:43 TTOffMagicWordManager: Voila!
:12-18-2019 06:16:59 TTOffMagicWordManager: Ta-da!
:12-18-2019 06:17:11 TTOffMagicWordManager: Presto!
:12-18-2019 06:17:24 TTOffMagicWordManager: Ta-da!
:12-18-2019 06:17:36 TTOffMagicWordManager: Presto!
:12-18-2019 06:17:47 TTOffMagicWordManager: Alakazam!
:12-18-2019 06:18:00 TTOffMagicWordManager: Alakazam!
:12-18-2019 06:18:15 TTOffMagicWordManager: Voila!
:12-18-2019 06:18:41 TTOffMagicWordManager: Ta-da!
:12-18-2019 06:18:57 TTOffMagicWordManager: Voila!
:12-18-2019 06:19:05 TTOffMagicWordManager: LPoint3f(-60.2028, 22.859, -0.00030589)
:12-18-2019 06:19:35 TTOffMagicWordManager: Uh-oh! This Magic Word doesn't exist!
frame rate: 141.5 fps|0.001d|23 avs||1218|1219||0x0000|0x0000|1923.7MB|2126.8MB|16235.6MB|895|nt.2.6.2|3.701,3.701|6,12 cpus|OpenGL
:12-18-2019 06:19:48 TTOffMagicWordManager: Uh-oh! This Magic Word doesn't exist!
:12-18-2019 06:19:49 TTOffMagicWordManager: Uh-oh! This Magic Word doesn't exist!
:12-18-2019 06:19:51 TTOffMagicWordManager: Uh-oh! This Magic Word doesn't exist!
:12-18-2019 06:19:56 TTOffMagicWordManager: Presto!
:12-18-2019 06:20:07 TTOffMagicWordManager: Ta-da!
:12-18-2019 06:20:18 OTPClientRepository: Sending heartbeat mid-frame.
:12-18-2019 06:20:19 TTOffMagicWordManager: Voila!
:12-18-2019 06:20:28 OTPClientRepository: Sending heartbeat mid-frame.
:12-18-2019 06:20:32 TTOffMagicWordManager: Ta-da!
:12-18-2019 06:20:46 TTOffMagicWordManager: Voila!
:12-18-2019 06:20:58 TTOffMagicWordManager: Voila!
:12-18-2019 06:21:10 TTOffMagicWordManager: Presto!
:12-18-2019 06:21:21 TTOffMagicWordManager: Alakazam!
:12-18-2019 06:21:33 TTOffMagicWordManager: Ta-da!
:12-18-2019 06:21:47 TTOffMagicWordManager: Alakazam!
:12-18-2019 06:21:58 TTOffMagicWordManager: Ta-da!
:12-18-2019 06:22:10 TTOffMagicWordManager: Voila!
:12-18-2019 06:22:31 TTOffMagicWordManager: Alakazam!
:12-18-2019 06:22:42 TTOffMagicWordManager: Voila!
:12-18-2019 06:22:56 TTOffMagicWordManager: Alakazam!
:12-18-2019 06:23:06 TTOffMagicWordManager: Alakazam!
:12-18-2019 06:23:18 TTOffMagicWordManager: Ta-da!
:12-18-2019 06:23:30 TTOffMagicWordManager: Ta-da!
:12-18-2019 06:23:43 TTOffMagicWordManager: Ta-da!
:12-18-2019 06:23:55 TTOffMagicWordManager: Alakazam!
:12-18-2019 06:24:07 TTOffMagicWordManager: Ta-da!
:12-18-2019 06:24:20 TTOffMagicWordManager: Voila!
:12-18-2019 06:24:34 TTOffMagicWordManager: Alakazam!
:12-18-2019 06:24:41 TTOffMagicWordManager: Abracadabra!
frame rate: 130.6 fps|0.001d|23 avs||1518|1519||0x0000|0x0000|2294.9MB|2498.7MB|16235.6MB|1015|nt.2.6.2|3.701,3.701|6,12 cpus|OpenGL
:12-18-2019 06:24:49 TTOffMagicWordManager: Presto!
:12-18-2019 06:24:55 TTOffMagicWordManager: Alakazam!
:12-18-2019 06:24:57 TTOffMagicWordManager: Presto!
:12-18-2019 06:25:06 TTOffMagicWordManager: Presto!
:12-18-2019 06:25:14 TTOffMagicWordManager: Ta-da!
:12-18-2019 06:25:22 TTOffMagicWordManager: Abracadabra!
:12-18-2019 06:25:31 TTOffMagicWordManager: Alakazam!
:12-18-2019 06:25:39 TTOffMagicWordManager: Abracadabra!
:12-18-2019 06:25:47 TTOffMagicWordManager: Abracadabra!
:12-18-2019 06:25:55 TTOffMagicWordManager: Abracadabra!
:12-18-2019 06:26:06 TTOffMagicWordManager: Presto!
:12-18-2019 06:26:16 TTOffMagicWordManager: Abracadabra!
:12-18-2019 06:26:20 TTOffMagicWordManager: Presto!
:12-18-2019 06:27:57 TTOffMagicWordManager: Ta-da!
:12-18-2019 06:28:06 TTOffMagicWordManager: Voila!
:12-18-2019 06:28:31 TTOffMagicWordManager: Voila!
:12-18-2019 06:28:42 TTOffMagicWordManager: Alakazam!
:12-18-2019 06:28:51 TTOffMagicWordManager: Voila!
:12-18-2019 06:29:05 TTOffMagicWordManager: Voila!
:12-18-2019 06:29:09 OTPClientRepository: Sending heartbeat mid-frame.
:12-18-2019 06:29:15 TTOffMagicWordManager: Abracadabra!
:12-18-2019 06:29:25 TTOffMagicWordManager: Voila!
:12-18-2019 06:29:35 TTOffMagicWordManager: Voila!
:12-18-2019 06:29:44 TimeManager: Clock sync: timer
frame rate: 128.7 fps|0.001d|23 avs||1818|1819||0x0000|0x0000|2660.5MB|2865.2MB|16235.6MB|1158|nt.2.6.2|3.701,3.701|6,12 cpus|OpenGL
:12-18-2019 06:29:44 TimeManager: Clock sync roundtrip took 38.676 ms
:12-18-2019 06:29:44 TimeManager: AI time delta is -0:00 from server delta
:12-18-2019 06:29:44 ClockDelta: previous delta at -0.934 s, +/- 1.065 s.
:12-18-2019 06:29:44 ClockDelta: new delta at -1.500 s, +/- 0.019 s.
:12-18-2019 06:29:44 ClockDelta: intersection at -1.500 s, +/- 0.019 s.
:12-18-2019 06:29:44 TimeManager: Local clock uncertainty +/- 0.019 s
:12-18-2019 06:29:44 TTOffMagicWordManager: Abracadabra!
:12-18-2019 06:29:53 TTOffMagicWordManager: Presto!
:12-18-2019 06:29:56 TTOffMagicWordManager: Alakazam!
:12-18-2019 06:30:02 ClockDelta: Got sync +/- 1.050 s, elapsed 0.230 s, from 100000009.
:12-18-2019 06:30:02 ClockDelta: previous delta at -1.500 s, +/- 0.024 s.
:12-18-2019 06:30:02 ClockDelta: new delta at -1.161 s, +/- 1.165 s.
:12-18-2019 06:30:02 ClockDelta: intersection at -1.500 s, +/- 0.024 s.
:12-18-2019 06:30:02 DistributedToon: Returning resync for 100000014; local time is 1836.7735364 and server time is 1838.2739906.
:12-18-2019 06:30:12 TTOffMagicWordManager: Alakazam!
:12-18-2019 06:30:23 TTOffMagicWordManager: Ta-da!
:12-18-2019 06:30:35 TTOffMagicWordManager: Presto!
:12-18-2019 06:30:49 TTOffMagicWordManager: Hollybae's laff has been set to 14.
:12-18-2019 06:30:50 TTOffMagicWordManager: Voila!
:12-18-2019 06:31:02 TTOffMagicWordManager: Abracadabra!
:12-18-2019 06:31:13 TTOffMagicWordManager: Voila!
:12-18-2019 06:31:25 TTOffMagicWordManager: Presto!
:12-18-2019 06:31:38 TTOffMagicWordManager: Ta-da!
:12-18-2019 06:31:51 TTOffMagicWordManager: Voila!
:12-18-2019 06:32:07 TTOffMagicWordManager: Voila!
:12-18-2019 06:32:19 TTOffMagicWordManager: Presto!
:12-18-2019 06:32:31 TTOffMagicWordManager: Ta-da!
:12-18-2019 06:32:42 TTOffMagicWordManager: Abracadabra!
:12-18-2019 06:32:54 TTOffMagicWordManager: Abracadabra!
:12-18-2019 06:33:07 TTOffMagicWordManager: Abracadabra!
:12-18-2019 06:33:18 TTOffMagicWordManager: Alakazam!
:12-18-2019 06:33:33 TTOffMagicWordManager: Voila!
:12-18-2019 06:33:44 TTOffMagicWordManager: Presto!
:12-18-2019 06:33:55 TTOffMagicWordManager: Presto!
:12-18-2019 06:34:07 TTOffMagicWordManager: Presto!
:12-18-2019 06:34:10 TTOffMagicWordManager: Ta-da!
:12-18-2019 06:34:34 TTOffMagicWordManager: Ta-da!
frame rate: 136.9 fps|0.001d|23 avs||2118|2119||0x0000|0x0000|2681.5MB|3236.9MB|16235.6MB|1822|nt.2.6.2|3.701,3.701|6,12 cpus|OpenGL
:12-18-2019 06:34:46 TTOffMagicWordManager: Alakazam!
:12-18-2019 06:35:00 TTOffMagicWordManager: Alakazam!
:12-18-2019 06:35:11 TTOffMagicWordManager: Alakazam!
:12-18-2019 06:35:24 TTOffMagicWordManager: Voila!
:12-18-2019 06:35:36 TTOffMagicWordManager: Ta-da!
:12-18-2019 06:35:48 TTOffMagicWordManager: Presto!
:12-18-2019 06:36:00 TTOffMagicWordManager: Abracadabra!
:12-18-2019 06:36:12 TTOffMagicWordManager: Presto!
:12-18-2019 06:36:19 OTPClientRepository: Sending heartbeat mid-frame.
:12-18-2019 06:36:23 TTOffMagicWordManager: Presto!
:12-18-2019 06:36:41 TTOffMagicWordManager: Abracadabra!
:12-18-2019 06:36:53 TTOffMagicWordManager: Abracadabra!
:12-18-2019 06:37:06 TTOffMagicWordManager: Abracadabra!
:12-18-2019 06:37:27 TTOffMagicWordManager: Ta-da!
:12-18-2019 06:37:39 OTPClientRepository: Sending heartbeat mid-frame.
:12-18-2019 06:37:46 TTOffMagicWordManager: Alakazam!
:12-18-2019 06:37:58 TTOffMagicWordManager: Ta-da!
:12-18-2019 06:38:09 TTOffMagicWordManager: Ta-da!
:12-18-2019 06:38:21 TTOffMagicWordManager: Ta-da!
:12-18-2019 06:38:33 TTOffMagicWordManager: Abracadabra!
:12-18-2019 06:38:46 TTOffMagicWordManager: Alakazam!
:12-18-2019 06:38:59 TTOffMagicWordManager: Voila!
:12-18-2019 06:39:10 OTPClientRepository: Sending heartbeat mid-frame.
:12-18-2019 06:39:18 TTOffMagicWordManager: Abracadabra!
:12-18-2019 06:39:29 TTOffMagicWordManager: LPoint3f(-60.177, 22.7888, -0.000315079)
frame rate: 143.2 fps|0.001d|23 avs||2418|2419||0x0000|0x0000|3067.8MB|3623.4MB|16235.6MB|1946|nt.2.6.2|3.701,3.701|6,12 cpus|OpenGL
:12-18-2019 06:40:04 TTOffMagicWordManager: Ta-da!
:12-18-2019 06:40:23 TTOffMagicWordManager: Presto!
:12-18-2019 06:40:35 TTOffMagicWordManager: Alakazam!
:12-18-2019 06:40:48 TTOffMagicWordManager: Ta-da!
:12-18-2019 06:41:00 TTOffMagicWordManager: Alakazam!
:12-18-2019 06:41:12 TTOffMagicWordManager: Ta-da!
:12-18-2019 06:41:31 TTOffMagicWordManager: Hollybae's laff has been set to 14.
:12-18-2019 06:41:32 TTOffMagicWordManager: Presto!
:12-18-2019 06:41:43 TTOffMagicWordManager: Abracadabra!
:12-18-2019 06:42:06 TTOffMagicWordManager: Ta-da!
:12-18-2019 06:42:19 TTOffMagicWordManager: Presto!
:12-18-2019 06:42:31 TTOffMagicWordManager: Presto!
:12-18-2019 06:42:43 TTOffMagicWordManager: Alakazam!
:12-18-2019 06:42:56 TTOffMagicWordManager: Alakazam!
:12-18-2019 06:42:59 TTOffMagicWordManager: Hollybae's laff has been set to 14.
:12-18-2019 06:43:11 TTOffMagicWordManager: Presto!
:12-18-2019 06:43:24 TTOffMagicWordManager: Presto!
:12-18-2019 06:43:30 OTPClientRepository: Sending heartbeat mid-frame.
:12-18-2019 06:43:36 TTOffMagicWordManager: Abracadabra!
:12-18-2019 06:43:53 TTOffMagicWordManager: Ta-da!
:12-18-2019 06:44:06 TTOffMagicWordManager: Presto!
:12-18-2019 06:44:18 TTOffMagicWordManager: Ta-da!
:12-18-2019 06:44:36 TTOffMagicWordManager: Presto!
frame rate: 131.5 fps|0.001d|23 avs||2718|2719||0x0000|0x0000|3457.0MB|4021.9MB|16235.6MB|2073|nt.2.6.2|3.701,3.701|6,12 cpus|OpenGL
:12-18-2019 06:44:47 TTOffMagicWordManager: Alakazam!
:12-18-2019 06:44:59 TTOffMagicWordManager: Voila!
:12-18-2019 06:45:12 TTOffMagicWordManager: Presto!
:12-18-2019 06:45:27 TTOffMagicWordManager: Voila!
:12-18-2019 06:45:38 TTOffMagicWordManager: Ta-da!
:12-18-2019 06:45:53 TTOffMagicWordManager: Abracadabra!
:12-18-2019 06:46:17 TTOffMagicWordManager: Voila!
:12-18-2019 06:46:28 TTOffMagicWordManager: Voila!
:12-18-2019 06:46:39 TTOffMagicWordManager: Presto!
:12-18-2019 06:46:53 TTOffMagicWordManager: Abracadabra!
:12-18-2019 06:47:09 TTOffMagicWordManager: Alakazam!
:12-18-2019 06:47:10 OTPClientRepository: Sending heartbeat mid-frame.
:12-18-2019 06:47:21 TTOffMagicWordManager: Voila!
:12-18-2019 06:47:34 TTOffMagicWordManager: Presto!
:12-18-2019 06:47:36 TTOffMagicWordManager: Abracadabra!
:12-18-2019 06:47:46 TTOffMagicWordManager: Ta-da!
:12-18-2019 06:47:57 TTOffMagicWordManager: Abracadabra!
:12-18-2019 06:48:09 TTOffMagicWordManager: Presto!
:12-18-2019 06:48:10 OTPClientRepository: Sending heartbeat mid-frame.
:12-18-2019 06:48:22 TTOffMagicWordManager: Alakazam!
:12-18-2019 06:48:35 TTOffMagicWordManager: Voila!
:12-18-2019 06:48:49 TTOffMagicWordManager: Voila!
:12-18-2019 06:48:50 TTOffMagicWordManager: Hollybae's laff has been set to 14.
:12-18-2019 06:49:02 TTOffMagicWordManager: Abracadabra!
:12-18-2019 06:49:13 TTOffMagicWordManager: Voila!
:12-18-2019 06:49:25 TTOffMagicWordManager: Ta-da!
:12-18-2019 06:49:40 OTPClientRepository: Sending heartbeat mid-frame.
frame rate: 131.6 fps|0.001d|23 avs||3018|3019||0x0000|0x0000|3866.3MB|4439.5MB|16235.6MB|2205|nt.2.6.2|3.701,3.701|6,12 cpus|OpenGL
:12-18-2019 06:49:45 TTOffMagicWordManager: Ta-da!
:12-18-2019 06:49:56 TTOffMagicWordManager: Voila!
:12-18-2019 06:50:21 TTOffMagicWordManager: Abracadabra!
:12-18-2019 06:50:35 TTOffMagicWordManager: Hollybae's laff has been set to 14.
:12-18-2019 06:50:36 TTOffMagicWordManager: Abracadabra!
:12-18-2019 06:50:46 TTOffMagicWordManager: Voila!
:12-18-2019 06:50:58 TTOffMagicWordManager: Abracadabra!
:12-18-2019 06:51:10 TTOffMagicWordManager: Ta-da!
:12-18-2019 06:51:23 TTOffMagicWordManager: Voila!
:12-18-2019 06:51:35 TTOffMagicWordManager: Presto!
:12-18-2019 06:51:46 TTOffMagicWordManager: Presto!
:12-18-2019 06:51:58 TTOffMagicWordManager: Hollybae's laff has been set to 14.
:12-18-2019 06:51:59 TTOffMagicWordManager: Voila!
:12-18-2019 06:52:11 TTOffMagicWordManager: Hollybae's laff has been set to 14.
:12-18-2019 06:52:12 TTOffMagicWordManager: Abracadabra!
:12-18-2019 06:52:23 TTOffMagicWordManager: Presto!
:12-18-2019 06:52:36 TTOffMagicWordManager: Ta-da!
:12-18-2019 06:52:50 TTOffMagicWordManager: Ta-da!
:12-18-2019 06:53:01 TTOffMagicWordManager: Presto!
:12-18-2019 06:53:13 TTOffMagicWordManager: Abracadabra!
:12-18-2019 06:53:39 TTOffMagicWordManager: Voila!
:12-18-2019 06:53:50 TTOffMagicWordManager: Alakazam!
:12-18-2019 06:54:03 TTOffMagicWordManager: Presto!
:12-18-2019 06:54:17 TTOffMagicWordManager: Presto!
:12-18-2019 06:54:36 TTOffMagicWordManager: Alakazam!
frame rate: 133.2 fps|0.001d|23 avs||3318|3319||0x0000|0x0000|4269.9MB|4849.2MB|16235.6MB|2336|nt.2.6.2|3.701,3.701|6,12 cpus|OpenGL
:12-18-2019 06:54:48 TTOffMagicWordManager: Voila!
:12-18-2019 06:55:00 TTOffMagicWordManager: Alakazam!
:12-18-2019 06:55:11 OTPClientRepository: Sending heartbeat mid-frame.
:12-18-2019 06:55:12 TTOffMagicWordManager: Alakazam!
:12-18-2019 06:55:24 TTOffMagicWordManager: Voila!
:12-18-2019 06:55:36 TTOffMagicWordManager: Presto!
:12-18-2019 06:55:41 OTPClientRepository: Sending heartbeat mid-frame.
:12-18-2019 06:55:47 TTOffMagicWordManager: Presto!
:12-18-2019 06:55:59 TTOffMagicWordManager: Presto!
:12-18-2019 06:56:11 TTOffMagicWordManager: Presto!
:12-18-2019 06:56:44 TTOffMagicWordManager: Ta-da!
:12-18-2019 06:56:56 TTOffMagicWordManager: Presto!
:12-18-2019 06:57:14 TTOffMagicWordManager: Alakazam!
:12-18-2019 06:57:25 TTOffMagicWordManager: Presto!
:12-18-2019 06:57:36 TTOffMagicWordManager: Voila!
:12-18-2019 06:57:47 TTOffMagicWordManager: Abracadabra!
:12-18-2019 06:57:59 TTOffMagicWordManager: Voila!
:12-18-2019 06:58:11 OTPClientRepository: Sending heartbeat mid-frame.
:12-18-2019 06:58:11 TTOffMagicWordManager: Alakazam!
:12-18-2019 06:58:23 TTOffMagicWordManager: Voila!
:12-18-2019 06:58:35 TTOffMagicWordManager: Voila!
:12-18-2019 06:58:46 TTOffMagicWordManager: Ta-da!
:12-18-2019 06:59:00 TTOffMagicWordManager: Ta-da!
:12-18-2019 06:59:12 TTOffMagicWordManager: Voila!
:12-18-2019 06:59:23 TTOffMagicWordManager: Ta-da!
:12-18-2019 06:59:37 TTOffMagicWordManager: Abracadabra!
:12-18-2019 06:59:44 TimeManager: Clock sync: timer
frame rate: 131.0 fps|0.001d|23 avs||3618|3619||0x0000|0x0000|4681.2MB|5264.5MB|16235.6MB|2467|nt.2.6.2|3.701,3.701|6,12 cpus|OpenGL
:12-18-2019 06:59:44 TimeManager: Clock sync roundtrip took 63.647 ms
:12-18-2019 06:59:44 TimeManager: AI time delta is -0:00 from server delta
:12-18-2019 06:59:44 ClockDelta: previous delta at -1.500 s, +/- 0.519 s.
:12-18-2019 06:59:44 ClockDelta: new delta at -1.475 s, +/- 0.032 s.
:12-18-2019 06:59:44 ClockDelta: intersection at -1.475 s, +/- 0.032 s.
:12-18-2019 06:59:44 TimeManager: Local clock uncertainty +/- 0.032 s
:12-18-2019 06:59:50 TTOffMagicWordManager: Voila!
:12-18-2019 07:00:02 TTOffMagicWordManager: These arguments are of the wrong type!
:12-18-2019 07:00:03 TTOffMagicWordManager: Ta-da!
:12-18-2019 07:00:13 TTOffMagicWordManager: Presto!
:12-18-2019 07:00:26 TTOffMagicWordManager: Presto!
:12-18-2019 07:00:38 TTOffMagicWordManager: Ta-da!
:12-18-2019 07:00:53 TTOffMagicWordManager: Abracadabra!
:12-18-2019 07:01:07 TTOffMagicWordManager: Voila!
:12-18-2019 07:01:17 TTOffMagicWordManager: Abracadabra!
:12-18-2019 07:01:29 TTOffMagicWordManager: Alakazam!
:12-18-2019 07:01:33 TTOffMagicWordManager: Hollybae's laff has been set to 14.
:12-18-2019 07:01:44 TTOffMagicWordManager: Alakazam!
:12-18-2019 07:01:56 TTOffMagicWordManager: Alakazam!
:12-18-2019 07:02:27 TTOffMagicWordManager: Alakazam!
:12-18-2019 07:02:42 TTOffMagicWordManager: Abracadabra!
:12-18-2019 07:02:55 TTOffMagicWordManager: Ta-da!
:12-18-2019 07:03:26 TTOffMagicWordManager: Voila!
:12-18-2019 07:03:50 TTOffMagicWordManager: Voila!
:12-18-2019 07:04:03 TTOffMagicWordManager: Presto!
:12-18-2019 07:04:32 TTOffMagicWordManager: Alakazam!
:12-18-2019 07:04:44 TTOffMagicWordManager: Abracadabra!
frame rate: 136.1 fps|0.001d|23 avs||3918|3919||0x0000|0x0000|5074.4MB|5659.4MB|16235.6MB|2593|nt.2.6.2|3.701,3.701|6,12 cpus|OpenGL
:12-18-2019 07:04:56 TTOffMagicWordManager: Abracadabra!
:12-18-2019 07:05:08 TTOffMagicWordManager: Alakazam!
:12-18-2019 07:05:20 TTOffMagicWordManager: Voila!
:12-18-2019 07:05:42 TTOffMagicWordManager: Voila!
:12-18-2019 07:05:54 TTOffMagicWordManager: Alakazam!
:12-18-2019 07:06:05 TTOffMagicWordManager: Abracadabra!
:12-18-2019 07:06:17 TTOffMagicWordManager: Voila!
:12-18-2019 07:06:29 TTOffMagicWordManager: Voila!
:12-18-2019 07:06:41 TTOffMagicWordManager: Alakazam!
:12-18-2019 07:06:52 TTOffMagicWordManager: Voila!
:12-18-2019 07:07:05 TTOffMagicWordManager: Ta-da!
:12-18-2019 07:07:10 TTOffMagicWordManager: Presto!
:12-18-2019 07:07:21 TTOffMagicWordManager: Alakazam!
:12-18-2019 07:07:33 TTOffMagicWordManager: Voila!
:12-18-2019 07:07:46 TTOffMagicWordManager: Abracadabra!
:12-18-2019 07:07:59 TTOffMagicWordManager: Alakazam!
:12-18-2019 07:08:11 TTOffMagicWordManager: Voila!
:12-18-2019 07:08:22 TTOffMagicWordManager: Presto!
:12-18-2019 07:08:37 TTOffMagicWordManager: Abracadabra!
:12-18-2019 07:08:48 TTOffMagicWordManager: Alakazam!
:12-18-2019 07:09:03 TTOffMagicWordManager: Alakazam!
:12-18-2019 07:09:15 TTOffMagicWordManager: Voila!
:12-18-2019 07:09:26 TTOffMagicWordManager: Abracadabra!
:12-18-2019 07:09:38 TTOffMagicWordManager: Presto!
frame rate: 128.5 fps|0.001d|23 avs||4218|4219||0x0000|0x0000|5139.3MB|6078.9MB|16235.6MB|2749|nt.2.6.2|3.701,3.701|6,12 cpus|OpenGL
:12-18-2019 07:09:50 TTOffMagicWordManager: Presto!
:12-18-2019 07:10:05 TTOffMagicWordManager: Ta-da!
:12-18-2019 07:10:18 TTOffMagicWordManager: Alakazam!
:12-18-2019 07:10:33 TTOffMagicWordManager: Ta-da!
:12-18-2019 07:10:47 TTOffMagicWordManager: Ta-da!
:12-18-2019 07:11:00 TTOffMagicWordManager: Abracadabra!
:12-18-2019 07:11:12 OTPClientRepository: Sending heartbeat mid-frame.
:12-18-2019 07:11:13 TTOffMagicWordManager: Ta-da!
:12-18-2019 07:11:26 TTOffMagicWordManager: Abracadabra!
:12-18-2019 07:11:38 TTOffMagicWordManager: Abracadabra!
:12-18-2019 07:11:51 TTOffMagicWordManager: Ta-da!
:12-18-2019 07:12:02 TTOffMagicWordManager: Ta-da!
:12-18-2019 07:12:15 TTOffMagicWordManager: Abracadabra!
:12-18-2019 07:12:26 TTOffMagicWordManager: Abracadabra!
:12-18-2019 07:12:32 OTPClientRepository: Sending heartbeat mid-frame.
:12-18-2019 07:12:40 TTOffMagicWordManager: Alakazam!
:12-18-2019 07:12:41 TTOffMagicWordManager: Presto!
:12-18-2019 07:12:52 TTOffMagicWordManager: Ta-da!
:12-18-2019 07:13:06 TTOffMagicWordManager: Abracadabra!
:12-18-2019 07:13:19 TTOffMagicWordManager: Ta-da!
:12-18-2019 07:13:31 TTOffMagicWordManager: Ta-da!
:12-18-2019 07:13:44 TTOffMagicWordManager: Abracadabra!
:12-18-2019 07:13:57 TTOffMagicWordManager: Ta-da!
:12-18-2019 07:14:09 TTOffMagicWordManager: Alakazam!
:12-18-2019 07:14:23 TTOffMagicWordManager: Voila!
:12-18-2019 07:14:37 TTOffMagicWordManager: Presto!
frame rate: 130.6 fps|0.001d|23 avs||4518|4519||0x0000|0x0000|5093.1MB|6494.4MB|16235.6MB|2880|nt.2.6.2|3.701,3.701|6,12 cpus|OpenGL
:12-18-2019 07:14:50 TTOffMagicWordManager: Voila!
:12-18-2019 07:15:01 TTOffMagicWordManager: Ta-da!
:12-18-2019 07:15:26 TTOffMagicWordManager: Voila!
:12-18-2019 07:15:45 TTOffMagicWordManager: Ta-da!
:12-18-2019 07:15:52 OTPClientRepository: Sending heartbeat mid-frame.
:12-18-2019 07:15:58 TTOffMagicWordManager: Presto!
:12-18-2019 07:16:09 TTOffMagicWordManager: Presto!
:12-18-2019 07:16:21 TTOffMagicWordManager: Abracadabra!
:12-18-2019 07:16:35 TTOffMagicWordManager: Voila!
:12-18-2019 07:16:47 TTOffMagicWordManager: Voila!
:12-18-2019 07:17:01 TTOffMagicWordManager: Voila!
:12-18-2019 07:17:11 TTOffMagicWordManager: Alakazam!
:12-18-2019 07:17:25 TTOffMagicWordManager: Alakazam!
:12-18-2019 07:17:38 TTOffMagicWordManager: Abracadabra!
:12-18-2019 07:18:25 TTOffMagicWordManager: Abracadabra!
:12-18-2019 07:18:38 TTOffMagicWordManager: Presto!
:12-18-2019 07:18:49 TTOffMagicWordManager: Abracadabra!
:12-18-2019 07:19:01 TTOffMagicWordManager: Abracadabra!
:12-18-2019 07:19:12 OTPClientRepository: Sending heartbeat mid-frame.
:12-18-2019 07:19:14 TTOffMagicWordManager: Abracadabra!
:12-18-2019 07:19:25 TTOffMagicWordManager: Alakazam!
frame rate: 130.2 fps|0.001d|23 avs||4818|4819||0x0000|0x0000|5006.5MB|6895.6MB|16235.6MB|3007|nt.2.6.2|3.701,3.701|6,12 cpus|OpenGL
:12-18-2019 07:19:46 TTOffMagicWordManager: Presto!
:12-18-2019 07:19:59 TTOffMagicWordManager: Hollybae's laff has been set to 14.
:12-18-2019 07:20:01 TTOffMagicWordManager: Abracadabra!
:12-18-2019 07:20:13 TTOffMagicWordManager: Abracadabra!
:12-18-2019 07:20:25 TTOffMagicWordManager: Voila!
:12-18-2019 07:20:40 TTOffMagicWordManager: Alakazam!
:12-18-2019 07:20:55 TTOffMagicWordManager: Alakazam!
:12-18-2019 07:21:34 TTOffMagicWordManager: Voila!
:12-18-2019 07:21:44 TTOffMagicWordManager: Presto!
:12-18-2019 07:21:56 TTOffMagicWordManager: Abracadabra!
:12-18-2019 07:22:18 TTOffMagicWordManager: Voila!
:12-18-2019 07:22:42 TTOffMagicWordManager: Presto!
:12-18-2019 07:22:55 TTOffMagicWordManager: Presto!
:12-18-2019 07:23:39 TTOffMagicWordManager: Voila!
:12-18-2019 07:24:01 TTOffMagicWordManager: Voila!
:12-18-2019 07:24:15 TTOffMagicWordManager: Alakazam!
:12-18-2019 07:24:28 TTOffMagicWordManager: Abracadabra!
:12-18-2019 07:24:39 TTOffMagicWordManager: Abracadabra!
frame rate: 128.9 fps|0.001d|23 avs||5118|5119||0x0000|0x0000|4916.6MB|7283.7MB|16235.6MB|3131|nt.2.6.2|3.701,3.701|6,12 cpus|OpenGL
:12-18-2019 07:24:46 ToonBase: User closed main window.
:12-18-2019 07:24:46 TimeManager: Client disconnect reason 2.
:12-18-2019 07:24:46 LawbotHQBossBattle: Unloading Place (61000). Fsm in final
:12-18-2019 07:24:47 OTPClientRepository(warning): unclean exit, abandoning shard
ignoring InputState-forward
:12-18-2019 07:24:47 OTPClientRepository: sending clientLogout
:12-18-2019 07:24:47 LocalAvatar(warning): redundant call to stopUpdateSmartCamera
:12-18-2019 07:24:47 OTPClientRepository: Sent disconnect message to server
:12-18-2019 07:24:47 OTPClientRepository: Closing connection to server.
:12-18-2019 07:24:47 OTPClientRepository: Exiting cleanly
:12-18-2019 07:24:47 ToonBase: Exiting Toontown: errorCode = None
:12-18-2019 07:24:47 TTOffLauncher: setting panda error code to 0
:12-18-2019 07:24:47 TTOffLauncher: Normal exit.
