

Starting Toontown Online...
Current time: Wed Dec 16 17:06:31 2020 Eastern Standard Time
sys.path =  ['', 'C:\\Panda3D-1.11.0-x64\\python\\python27.zip', 'C:\\Panda3D-1.11.0-x64', 'C:\\Panda3D-1.11.0-x64\\python\\DLLs', 'C:\\Panda3D-1.11.0-x64\\python\\lib', 'C:\\Panda3D-1.11.0-x64\\python\\lib\\plat-win', 'C:\\Panda3D-1.11.0-x64\\python\\lib\\lib-tk', 'C:\\Panda3D-1.11.0-x64\\python', 'C:\\Panda3D-1.11.0-x64\\bin', 'C:\\Panda3D-1.11.0-x64\\python\\lib\\site-packages']
sys.argv =  ['C:\\ToontownAnimationMaker\\Bumpys-ToontownOnline\\toontown\\launcher\\TTOffQuickStartLauncher.py']
generating standard configrc
os.environ =  {'TMP': 'C:\\Users\\Philip\\AppData\\Local\\Temp', 'COMPUTERNAME': 'PHILIP-JR', 'USERDOMAIN': 'PHILIP-JR', 'PSMODULEPATH': 'C:\\WINDOWS\\system32\\WindowsPowerShell\\v1.0\\Modules\\', 'COMMONPROGRAMFILES': 'C:\\Program Files\\Common Files', 'ADSK_3DSMAX_X64_2021': 'C:\\Program Files\\Autodesk\\3ds Max 2021\\', 'PROCESSOR_IDENTIFIER': 'Intel64 Family 6 Model 45 Stepping 7, GenuineIntel', 'PROGRAMFILES': 'C:\\Program Files', 'PROCESSOR_REVISION': '2d07', 'SYSTEMROOT': 'C:\\WINDOWS', 'PATH': 'C:\\Panda3D-1.11.0-x64\\panda3d\\..\\bin;C:\\Windows\\system32;C:\\Windows;C:\\Windows\\System32\\Wbem;C:\\Windows\\System32\\WindowsPowerShell\\v1.0\\;C:\\Program Files (x86)\\NVIDIA Corporation\\PhysX\\Common;C:\\Program Files\\Git\\cmd;C:\\WINDOWS\\system32;C:\\WINDOWS;C:\\WINDOWS\\System32\\Wbem;C:\\WINDOWS\\System32\\WindowsPowerShell\\v1.0\\;C:\\Program Files (x86)\\Windows Kits\\10\\Windows Performance Toolkit\\;C:\\Program Files\\dotnet\\;C:\\Program Files\\Common Files\\Autodesk Shared\\;C:\\Program Files\\Microsoft SQL Server\\120\\Tools\\Binn\\;C:\\Panda3D-1.10.02\\python;C:\\Panda3D-1.10.02\\python\\Scripts;C:\\Panda3D-1.10.02\\bin;C:\\Panda3D-1.11.0-x64-py2\\python;C:\\Panda3D-1.11.0-x64-py2\\python\\Scripts;C:\\Panda3D-1.11.0-x64-py2\\bin;C:\\Users\\Philip\\AppData\\Local\\GitHubDesktop\\bin;C:\\Panda3D-1.9.0\\python;C:\\Panda3D-1.9.0\\python\\Scripts;C:\\Panda3D-1.9.0\\bin;C:\\Panda3D-1.10.0-x64\\python;C:\\Panda3D-1.10.0-x64\\python\\Scripts;C:\\Panda3D-1.10.0-x64\\bin;C:\\Users\\Philip\\AppData\\Local\\atom\\bin;C:\\Panda3D-1.10.0\\python;C:\\Panda3D-1.10.0\\python\\Scripts;C:\\Panda3D-1.10.0\\bin;C:\\Panda3D-1.11.0-x64\\python;C:\\Panda3D-1.11.0-x64\\python\\Scripts;C:\\Panda3D-1.11.0-x64\\bin', 'PROGRAMFILES(X86)': 'C:\\Program Files (x86)', 'COMSPEC': 'C:\\WINDOWS\\system32\\cmd.exe', 'KMP_BLOCKTIME': '0', 'PPYTHON_PATH': '"C:\\Panda3D-1.11.0-x64\\python\\ppython.exe"', 'TEMP': 'C:\\Users\\Philip\\AppData\\Local\\Temp', 'COMMONPROGRAMFILES(X86)': 'C:\\Program Files (x86)\\Common Files', 'PROCESSOR_ARCHITECTURE': 'AMD64', 'ALLUSERSPROFILE': 'C:\\ProgramData', 'LOCALAPPDATA': 'C:\\Users\\Philip\\AppData\\Local', 'HOMEPATH': '\\Users\\Philip', 'USERDOMAIN_ROAMINGPROFILE': 'PHILIP-JR', 'PROGRAMW6432': 'C:\\Program Files', 'USERNAME': 'Philip', 'LOGONSERVER': '\\\\MicrosoftAccount', 'PROMPT': '$P$G', 'SESSIONNAME': 'Console', 'PROGRAMDATA': 'C:\\ProgramData', 'PATHEXT': '.COM;.EXE;.BAT;.CMD;.VBS;.VBE;.JS;.JSE;.WSF;.WSH;.MSC', 'TTOFF_LOGIN_TOKEN': 'dev', 'FP_NO_HOST_CHECK': 'NO', 'WINDIR': 'C:\\WINDOWS', 'OMP_WAIT_POLICY': 'PASSIVE', 'APPDATA': 'C:\\Users\\Philip\\AppData\\Roaming', 'HOMEDRIVE': 'C:', 'SYSTEMDRIVE': 'C:', 'NUMBER_OF_PROCESSORS': '8', 'PROCESSOR_LEVEL': '6', 'CIOENGINE': 'C:\\cio-panda3d', 'COMMONPROGRAMW6432': 'C:\\Program Files\\Common Files', 'OS': 'Windows_NT', 'PUBLIC': 'C:\\Users\\Public', 'USERPROFILE': 'C:\\Users\\Philip'}
:12-16-2020 17:06:31 TTOffLauncher: isTestServer: 0
:12-16-2020 17:06:31 TTOffLauncher: Game Server 127.0.0.1
:12-16-2020 17:06:31 TTOffLauncher: Starting Toontown Online... 
:12-16-2020 17:06:31 TTOffLauncher: foreground: Launcher now operating in foreground
useTTOffSpecificLogin=True
:12-16-2020 17:06:31 TTOffLauncher: maybeStartGame: starting game
:12-16-2020 17:06:31 TTOffLauncher: Starting Toontown Online...
:12-16-2020 17:06:31 TTOffLauncher: background: Launcher now operating in background
ToontownStart: Polling for game2 to finish...
ToontownStart: Game2 is finished.
ToontownStart: Starting the game.
ToontownStart: setting default font
:12-16-2020 17:06:32 TTOffLauncher: setting panda error code to 7
Known pipe types:
  wglGraphicsPipe
(all display modules loaded.)
:12-16-2020 17:06:32 ToonBase: Default graphics pipe is wglGraphicsPipe (OpenGL).
:12-16-2020 17:06:32 ToonBase: Successfully opened window of type wglGraphicsWindow (OpenGL)
:12-16-2020 17:06:32 ShowBase: __dev__ == False
:12-16-2020 17:06:32 TTOffLauncher: setting panda error code to 11
:12-16-2020 17:06:32 TTOffLauncher: setting panda error code to 0
ToontownStart: Loading default gui sounds
ToontownStart: serverVersion:  tto-dev
:12-16-2020 17:06:32 Loader: starting bulk load of block 'init'
:12-16-2020 17:06:33 :nativenet(error): Buffered_DatagramConnection Constructor rbufsize = 4096000 wbufsize = 4096000 write_flush_point = 1400
:12-16-2020 17:06:33 OTPClientRepository: Using connect method 'http'
:12-16-2020 17:06:33 TTOffLauncher: getRegistry ('DEPLOYMENT', None)
:12-16-2020 17:06:33 TTOffLauncher: checking env
:12-16-2020 17:06:33 TTOffLauncher: getRegistry ('GAME_DEPLOYMENT', None)
:12-16-2020 17:06:33 TTOffLauncher: checking env
:12-16-2020 17:06:33 OTPClientRepository: reg_deployment=
:12-16-2020 17:06:33 OTPClientRepository: required-login auto.
:12-16-2020 17:06:33 OTPClientRepository: loginInterface: LoginTTOffAccount
:12-16-2020 17:06:33 TTOffLauncher: getNeedPwForSecretKey using ttoff-specific-login
:12-16-2020 17:06:33 Loader: At end of block 'init', expected 138, loaded 7, duration=1.49950307541
:12-16-2020 17:06:34 OTPClientRepository: Connecting to gameserver directly (no proxy).
:12-16-2020 17:06:34 OTPClientRepository: Connecting to //127.0.0.1:7198 via HTTP interface.
:12-16-2020 17:06:34 TTOffLauncher: Stopping mini task manager.
:12-16-2020 17:06:34 OTPClientRepository: Successfully connected to //127.0.0.1:7198.
:12-16-2020 17:06:34 TTOffLauncher: Setting Disconnect Details normal
{401000001: <toontown.distributed.ToontownDistrict.ToontownDistrict instance at 0x000000001706EA48>}
:12-16-2020 17:06:35 StateData: AvatarChooser.enter
:12-16-2020 17:06:35 DisplayOptions: settingsFullScreen = False, embedded = False width=800 height=600
:12-16-2020 17:06:35 StateData: calling self.displayOptions.restrictToEmbedded(False)
:12-16-2020 17:06:36 OTPClientRepository: ================
:12-16-2020 17:06:36 OTPClientRepository: Chose avatar id: 100000006
:12-16-2020 17:06:36 OTPClientRepository: Chose avatar name: Relentless
:12-16-2020 17:06:36 OTPClientRepository: Chose avatar dna: ('css', 'ms', 'm', 'm', 26, 0, 26, 26, 86, 27, 75, 27, 50, 27)
:12-16-2020 17:06:36 OTPClientRepository: Chose avatar position: 4
:12-16-2020 17:06:36 OTPClientRepository: isPaid: 1
:12-16-2020 17:06:36 OTPClientRepository: freeTimeLeft: 0
:12-16-2020 17:06:36 OTPClientRepository: allowSecretChat: True
:12-16-2020 17:06:36 OTPClientRepository: ================
:12-16-2020 17:06:36 Loader: starting bulk load of block 'localAvatarPlayGame'
:12-16-2020 17:06:37 ToontownTimeManager(warning): error parsing date string=
local
:12-16-2020 17:06:37 NewsPageButtonManager(warning): Should not get here. NewsPageButtonManager.exitOff
:12-16-2020 17:06:37 :pnmimage:png(warning): iCCP: known incorrect sRGB profile
:12-16-2020 17:06:39 OTPClientRepository: Entering shard 401000001
:12-16-2020 17:06:39 StreetSign: Street sign url is https://ttoffline.com/images/
:12-16-2020 17:06:40 StreetSign: Street Sign is up to date
:12-16-2020 17:06:40 TimeManager: Clock sync: TimeManager.announceGenerate
:12-16-2020 17:06:40 NewsManager: setHolidayId: Starting Holiday 7
:12-16-2020 17:06:40 InGameNewsMgr: latestIssue=2013-08-22 16:49:46.000003-07:00
cpu info: GenuineIntel|        Intel(R) Core(TM) i7-3820 CPU @ 3.60GHz|132823|0|3.601,3.601|4,8 cpus
:12-16-2020 17:06:41 OTPClientRepository: No sync from TimeManager.
:12-16-2020 17:06:41 OTPClientRepository: gotTimeSync
:12-16-2020 17:06:42 Loader: At end of block 'localAvatarPlayGame', expected 400, loaded 14, duration=5.37755061406
:12-16-2020 17:06:42 TimeManager: Clock sync roundtrip took 1127.483 ms
:12-16-2020 17:06:42 TimeManager: AI time delta is -0:02 from server delta
:12-16-2020 17:06:42 TimeManager: Local clock uncertainty +/- 0.564 s
:12-16-2020 17:06:42 PlayGame: QA-REGRESSION: NEIGHBORHOODS: Visit Cashbot HQ
:12-16-2020 17:06:42 Loader: starting bulk load of block 'hood'
:12-16-2020 17:06:43 CashbotCogHQLoader: loadPlaceGeom: 12000
:12-16-2020 17:06:43 DistributedObject: DistributedSuitPlanner 401002962: generating
:12-16-2020 17:06:43 DistributedToon: calling LocalAvatar.startchat
:12-16-2020 17:06:43 :loader(error): Couldn't load file phase_4/models/questmap/cog_hq_cashbot_maps.bam: not found on model path (currently: "/;/c/ToontownAnimationMaker/Bumpys-ToontownOnline/toontown/launcher;/c/Panda3D-1.11.0-x64/etc/..;/c/Panda3D-1.11.0-x64/etc/../models")
:12-16-2020 17:06:43 Loader: At end of block 'hood', expected 2, loaded 6, duration=1.35336884718
:12-16-2020 17:06:44 Teleport(debug): teleportInDone: walk
:12-16-2020 17:06:44 :loader(error): Couldn't load file phase_4/models/questmap/cog_hq_cashbot_maps.bam: not found on model path (currently: "/;/c/ToontownAnimationMaker/Bumpys-ToontownOnline/toontown/launcher;/c/Panda3D-1.11.0-x64/etc/..;/c/Panda3D-1.11.0-x64/etc/../models")
:12-16-2020 17:06:45 TTOffMagicWordManager: Run mode has been toggled.
:12-16-2020 17:06:46 ShtikerBook: QA-REGRESSION: SHTICKERBOOK: Open
OnscreenText.configure: mayChange == 0
OnscreenText.configure: mayChange == 0
OnscreenText.configure: mayChange == 0
OnscreenText.configure: mayChange == 0
:12-16-2020 17:06:47 ShtikerBook: QA-REGRESSION: SHTICKERBOOK: Browse tabs Map
:12-16-2020 17:06:48 ShtikerBook: QA-REGRESSION: SHTICKERBOOK: Close
:12-16-2020 17:06:53 CashbotHQExterior: Unloading Place (12000). Fsm in final
:12-16-2020 17:06:53 DistributedObject: DistributedSuitPlanner 401002962: disabling
:12-16-2020 17:06:53 PlayGame: QA-REGRESSION: NEIGHBORHOODS: Visit Sellbot HQ
:12-16-2020 17:06:53 Loader: starting bulk load of block 'hood'
:12-16-2020 17:06:53 SellbotCogHQLoader: loadPlaceGeom: 11000
:12-16-2020 17:06:53 DistributedObject: DistributedSuitPlanner 401002949: generating
:12-16-2020 17:06:54 DistributedToon: calling LocalAvatar.startchat
:12-16-2020 17:06:54 :loader(error): Couldn't load file phase_4/models/questmap/cog_hq_sellbot_maps.bam: not found on model path (currently: "/;/c/ToontownAnimationMaker/Bumpys-ToontownOnline/toontown/launcher;/c/Panda3D-1.11.0-x64/etc/..;/c/Panda3D-1.11.0-x64/etc/../models")
:12-16-2020 17:06:54 Loader: At end of block 'hood', expected 43, loaded 1, duration=0.502880854153
:12-16-2020 17:06:54 OTPClientRepository: Sending heartbeat mid-frame.
:12-16-2020 17:06:55 Teleport(debug): teleportInDone: walk
:12-16-2020 17:06:55 :loader(error): Couldn't load file phase_4/models/questmap/cog_hq_sellbot_maps.bam: not found on model path (currently: "/;/c/ToontownAnimationMaker/Bumpys-ToontownOnline/toontown/launcher;/c/Panda3D-1.11.0-x64/etc/..;/c/Panda3D-1.11.0-x64/etc/../models")
:12-16-2020 17:07:05 SellbotCogHQLoader: loadPlaceGeom: 11200
:12-16-2020 17:07:05 SellbotHQExterior: Unloading Place (11000). Fsm in final
:12-16-2020 17:07:05 DistributedObject: DistributedSuitPlanner 401002949: disabling
:12-16-2020 17:07:05 DistributedObject: DistributedSuitPlanner 401002950: generating
:12-16-2020 17:07:05 DistributedToon: calling LocalAvatar.startchat
:12-16-2020 17:07:05 :loader(error): Couldn't load file phase_4/models/questmap/cog_hq_sellbot_maps.bam: not found on model path (currently: "/;/c/ToontownAnimationMaker/Bumpys-ToontownOnline/toontown/launcher;/c/Panda3D-1.11.0-x64/etc/..;/c/Panda3D-1.11.0-x64/etc/../models")
:12-16-2020 17:07:08 :loader(error): Couldn't load file phase_4/models/questmap/cog_hq_sellbot_maps.bam: not found on model path (currently: "/;/c/ToontownAnimationMaker/Bumpys-ToontownOnline/toontown/launcher;/c/Panda3D-1.11.0-x64/etc/..;/c/Panda3D-1.11.0-x64/etc/../models")
:12-16-2020 17:07:20 SellbotCogHQLoader: loadPlaceGeom: 61000
:12-16-2020 17:07:20 SellbotCogHQLoader(warning): loadPlaceGeom: unclassified zone 61000
:12-16-2020 17:07:20 FactoryExterior: Unloading Place (11200). Fsm in final
:12-16-2020 17:07:20 DistributedObject: DistributedSuitPlanner 401002950: disabling
:12-16-2020 17:07:20 TimeManager: Clock sync: DistributedLevel.generate
:12-16-2020 17:07:20 Loader: starting bulk load of block 'factory'
:12-16-2020 17:07:20 Loader: loader.loadModelCopy() is deprecated; use loader.loadModel() instead.
:12-16-2020 17:07:20 Loader: loader.loadModelCopy() is deprecated; use loader.loadModel() instead.
:12-16-2020 17:07:20 Loader: loader.loadModelCopy() is deprecated; use loader.loadModel() instead.
:12-16-2020 17:07:20 Loader: loader.loadModelCopy() is deprecated; use loader.loadModel() instead.
:12-16-2020 17:07:20 Loader: loader.loadModelCopy() is deprecated; use loader.loadModel() instead.
:12-16-2020 17:07:20 Loader: loader.loadModelCopy() is deprecated; use loader.loadModel() instead.
:12-16-2020 17:07:20 Loader: loader.loadModelCopy() is deprecated; use loader.loadModel() instead.
:12-16-2020 17:07:20 Loader: loader.loadModelCopy() is deprecated; use loader.loadModel() instead.
:12-16-2020 17:07:20 Loader: loader.loadModelCopy() is deprecated; use loader.loadModel() instead.
:12-16-2020 17:07:20 Loader: loader.loadModelCopy() is deprecated; use loader.loadModel() instead.
:12-16-2020 17:07:20 Loader: loader.loadModelCopy() is deprecated; use loader.loadModel() instead.
:12-16-2020 17:07:20 Loader: loader.loadModelCopy() is deprecated; use loader.loadModel() instead.
:12-16-2020 17:07:20 Loader: At end of block 'factory', expected 496, loaded 1, duration=0.331284005343
:12-16-2020 17:07:20 DistributedToon: calling LocalAvatar.startchat
:12-16-2020 17:07:20 TimeManager: Clock sync roundtrip took 341.882 ms
:12-16-2020 17:07:20 TimeManager: AI time delta is -0:00 from server delta
:12-16-2020 17:07:20 ClockDelta: previous delta at -2.036 s, +/- 0.575 s.
:12-16-2020 17:07:20 ClockDelta: new delta at -2.421 s, +/- 0.171 s.
:12-16-2020 17:07:20 ClockDelta: intersection at -2.421 s, +/- 0.171 s.
:12-16-2020 17:07:20 TimeManager: Local clock uncertainty +/- 0.171 s
:12-16-2020 17:07:22 Teleport(debug): teleportInDone: walk
doors enter state 1
Assertion failed: !is_empty() at line 394 of panda/src/pgraph/nodePath.cxx
Traceback (most recent call last):
  File "C:\Panda3D-1.11.0-x64\direct\distributed\ConnectionRepository.py", line 609, in readerPollUntilEmpty
    while self.readerPollOnce():
  File "C:\Panda3D-1.11.0-x64\direct\distributed\ConnectionRepository.py", line 616, in readerPollOnce
    self.handleDatagram(self.private__di)
  File "otp\distributed\OTPClientRepository.py", line 1838, in handleDatagram
    self.handler(msgType, di)
  File "otp\distributed\OTPClientRepository.py", line 1445, in handlePlayGame
    self.handleMessageType(msgType, di)
  File "otp\distributed\OTPClientRepository.py", line 1732, in handleMessageType
    self.gotInterestDoneMessage(di)
  File "otp\distributed\OTPClientRepository.py", line 1758, in gotInterestDoneMessage
    self.__playBackGenerates(handle)
  File "otp\distributed\OTPClientRepository.py", line 1941, in __playBackGenerates
    self.__doGenerate(doId, parentId, zoneId, classId, di, other)
  File "otp\distributed\OTPClientRepository.py", line 1985, in __doGenerate
    distObj = self.generateWithRequiredOtherFields(dclass, doId, di, parentId, zoneId)
  File "C:\Panda3D-1.11.0-x64\direct\distributed\ClientRepositoryBase.py", line 312, in generateWithRequiredOtherFields
    distObj.updateRequiredOtherFields(dclass, di)
  File "C:\Panda3D-1.11.0-x64\direct\distributed\DistributedObject.py", line 356, in updateRequiredOtherFields
    self.announceGenerate()
  File "toontown\suit\DistributedGoon.py", line 52, in announceGenerate
    self.initGoon(self.goonType)
  File "toontown\suit\Goon.py", line 38, in initGoon
    self.createHead()
  File "toontown\suit\Goon.py", line 100, in createHead
    head.reparentTo(self.head)
AssertionError: !is_empty() at line 394 of panda/src/pgraph/nodePath.cxx
:12-16-2020 17:07:26 :task(error): Exception occurred in PythonTask readerPollTask-136015600
:12-16-2020 17:07:26 TTOffLauncher: setting panda error code to 12
:12-16-2020 17:07:26 TTOffLauncher(warning): Handling Python exception.
:12-16-2020 17:07:26 TimeManager: Client disconnect reason 3.
:12-16-2020 17:07:26 TimeManager: Client exception: toontown.suit.Goon:100, toontown.suit.Goon:38, toontown.suit.DistributedGoon:52, direct.distributed.DistributedObject:356, AssertionError: !is_empty() at line 394 of panda/src/pgraph/nodePath.cxx
:12-16-2020 17:07:26 OTPClientRepository: Sent disconnect message to server
:12-16-2020 17:07:26 OTPClientRepository: Closing connection to server.
:12-16-2020 17:07:26 TTOffLauncher: Exception exit.

Traceback (most recent call last):
  File "otp\launcher\LauncherBase.py", line 1081, in mainLoop
    self._runTaskManager()
  File "otp\launcher\LauncherBase.py", line 1052, in _runTaskManager
    taskMgr.run()
  File "C:\Panda3D-1.11.0-x64\direct\task\Task.py", line 528, in run
    self.step()
  File "C:\Panda3D-1.11.0-x64\direct\task\Task.py", line 482, in step
    self.mgr.poll()
  File "C:\Panda3D-1.11.0-x64\direct\distributed\ConnectionRepository.py", line 609, in readerPollUntilEmpty
    while self.readerPollOnce():
  File "C:\Panda3D-1.11.0-x64\direct\distributed\ConnectionRepository.py", line 616, in readerPollOnce
    self.handleDatagram(self.private__di)
  File "otp\distributed\OTPClientRepository.py", line 1838, in handleDatagram
    self.handler(msgType, di)
  File "otp\distributed\OTPClientRepository.py", line 1445, in handlePlayGame
    self.handleMessageType(msgType, di)
  File "otp\distributed\OTPClientRepository.py", line 1732, in handleMessageType
    self.gotInterestDoneMessage(di)
  File "otp\distributed\OTPClientRepository.py", line 1758, in gotInterestDoneMessage
    self.__playBackGenerates(handle)
  File "otp\distributed\OTPClientRepository.py", line 1941, in __playBackGenerates
    self.__doGenerate(doId, parentId, zoneId, classId, di, other)
  File "otp\distributed\OTPClientRepository.py", line 1985, in __doGenerate
    distObj = self.generateWithRequiredOtherFields(dclass, doId, di, parentId, zoneId)
  File "C:\Panda3D-1.11.0-x64\direct\distributed\ClientRepositoryBase.py", line 312, in generateWithRequiredOtherFields
    distObj.updateRequiredOtherFields(dclass, di)
  File "C:\Panda3D-1.11.0-x64\direct\distributed\DistributedObject.py", line 356, in updateRequiredOtherFields
    self.announceGenerate()
  File "toontown\suit\DistributedGoon.py", line 52, in announceGenerate
    self.initGoon(self.goonType)
  File "toontown\suit\Goon.py", line 38, in initGoon
    self.createHead()
  File "toontown\suit\Goon.py", line 100, in createHead
    head.reparentTo(self.head)
AssertionError: !is_empty() at line 394 of panda/src/pgraph/nodePath.cxx
