

Starting Toontown Online...
Current time: Sat Dec  7 03:01:12 2019 Eastern Standard Time
sys.path =  ['', 'C:\\Panda3D-1.11.0-x64\\python\\python27.zip', 'C:\\Panda3D-1.11.0-x64', 'C:\\Panda3D-1.11.0-x64\\python\\DLLs', 'C:\\Panda3D-1.11.0-x64\\python\\lib', 'C:\\Panda3D-1.11.0-x64\\python\\lib\\plat-win', 'C:\\Panda3D-1.11.0-x64\\python\\lib\\lib-tk', 'C:\\Panda3D-1.11.0-x64\\python', 'C:\\Panda3D-1.11.0-x64\\bin', 'C:\\Panda3D-1.11.0-x64\\python\\lib\\site-packages']
sys.argv =  ['D:\\hollybae\\Aly\\Toontown-School-House\\toontown\\launcher\\TTOffQuickStartLauncher.py']
generating standard configrc
os.environ =  {'TMP': 'C:\\Users\\holla\\AppData\\Local\\Temp', 'COMPUTERNAME': 'HOLLYBAES-PC', 'USERDOMAIN': 'HOLLYBAES-PC', 'INTEL_DEV_REDIST': 'C:\\Program Files (x86)\\Common Files\\Intel\\Shared Libraries\\', 'PSMODULEPATH': 'C:\\Program Files\\WindowsPowerShell\\Modules;C:\\WINDOWS\\system32\\WindowsPowerShell\\v1.0\\Modules', 'COMMONPROGRAMFILES': 'C:\\Program Files\\Common Files', 'PROCESSOR_IDENTIFIER': 'Intel64 Family 6 Model 158 Stepping 10, GenuineIntel', 'VBOX_MSI_INSTALL_PATH': 'C:\\Program Files\\Oracle\\VirtualBox\\', 'PROGRAMFILES': 'C:\\Program Files', 'PROCESSOR_REVISION': '9e0a', 'PATH': 'C:\\Panda3D-1.11.0-x64\\panda3d\\..\\bin;C:\\Program Files (x86)\\Razer\\ChromaBroadcast\\bin;C:\\Program Files\\Razer\\ChromaBroadcast\\bin;C:\\Program Files (x86)\\Common Files\\Intel\\Shared Libraries\\redist\\intel64_win\\compiler;C:\\Program Files (x86)\\Common Files\\Oracle\\Java\\javapath;C:\\Program Files (x86)\\Common Files\\Intel\\Shared Libraries\\redist\\intel64\\compiler;C:\\WINDOWS\\system32;C:\\WINDOWS;C:\\WINDOWS\\System32\\Wbem;C:\\WINDOWS\\System32\\WindowsPowerShell\\v1.0\\;C:\\WINDOWS\\System32\\OpenSSH\\;C:\\Program Files\\NVIDIA Corporation\\NVIDIA NGX;C:\\Program Files (x86)\\NVIDIA Corporation\\PhysX\\Common;C:\\Program Files\\NVIDIA Corporation\\NVIDIA NvDLISR;C:\\WINDOWS\\system32;C:\\WINDOWS;C:\\WINDOWS\\System32\\Wbem;C:\\WINDOWS\\System32\\WindowsPowerShell\\v1.0\\;C:\\WINDOWS\\System32\\OpenSSH\\;D:\\hollybae\\ffmpeg-4.1.3-win64-static\\ffmpeg-4.1.3-win64-static\\bin;C:\\Program Files\\dotnet\\;C:\\WINDOWS\\system32\\config\\systemprofile\\AppData\\Local\\Microsoft\\WindowsApps;C:\\Program Files (x86)\\QuickTime\\QTSystem\\;C:\\Users\\holla\\AppData\\Local\\Microsoft\\WindowsApps;C:\\Panda3D-1.10.4.1-x64\\python;C:\\Panda3D-1.10.4.1-x64\\python\\Scripts;C:\\Panda3D-1.10.4.1-x64\\bin;C:\\Panda3D-1.11.0-x64\\python;C:\\Panda3D-1.11.0-x64\\python\\Scripts;C:\\Panda3D-1.11.0-x64\\bin', 'SYSTEMROOT': 'C:\\WINDOWS', 'MIC_LD_LIBRARY_PATH': 'C:\\Program Files (x86)\\Common Files\\Intel\\Shared Libraries\\compiler\\lib\\intel64_win_mic', 'COMSPEC': 'C:\\WINDOWS\\system32\\cmd.exe', 'DRIVERDATA': 'C:\\Windows\\System32\\Drivers\\DriverData', 'PPYTHON_PATH': '"C:\\Panda3D-1.11.0-x64\\python\\ppython.exe"', 'TEMP': 'C:\\Users\\holla\\AppData\\Local\\Temp', 'COMMONPROGRAMFILES(X86)': 'C:\\Program Files (x86)\\Common Files', 'PROCESSOR_ARCHITECTURE': 'AMD64', 'PROGRAMFILES(X86)': 'C:\\Program Files (x86)', 'ALLUSERSPROFILE': 'C:\\ProgramData', 'LOCALAPPDATA': 'C:\\Users\\holla\\AppData\\Local', 'FPS_BROWSER_USER_PROFILE_STRING': 'Default', 'HOMEPATH': '\\Users\\holla', 'USERDOMAIN_ROAMINGPROFILE': 'HOLLYBAES-PC', 'PROGRAMW6432': 'C:\\Program Files', 'USERNAME': 'holla', 'LOGONSERVER': '\\\\HOLLYBAES-PC', 'PROMPT': '$P$G', 'SESSIONNAME': 'Console', 'PROGRAMDATA': 'C:\\ProgramData', 'ONEDRIVE': 'C:\\Users\\holla\\OneDrive', 'FPS_BROWSER_APP_PROFILE_STRING': 'Internet Explorer', 'PATHEXT': '.COM;.EXE;.BAT;.CMD;.VBS;.VBE;.JS;.JSE;.WSF;.WSH;.MSC', 'TTOFF_LOGIN_TOKEN': 'dev', 'WINDIR': 'C:\\WINDOWS', 'APPDATA': 'C:\\Users\\holla\\AppData\\Roaming', 'HOMEDRIVE': 'C:', 'SYSTEMDRIVE': 'C:', 'NUMBER_OF_PROCESSORS': '12', 'PROCESSOR_LEVEL': '6', 'COMMONPROGRAMW6432': 'C:\\Program Files\\Common Files', 'OS': 'Windows_NT', 'PUBLIC': 'C:\\Users\\Public', 'USERPROFILE': 'C:\\Users\\holla'}
:12-07-2019 03:01:12 TTOffLauncher: isTestServer: 0
:12-07-2019 03:01:12 TTOffLauncher: Game Server 127.0.0.1
:12-07-2019 03:01:12 TTOffLauncher: Starting Toontown Online... 
:12-07-2019 03:01:12 TTOffLauncher: foreground: Launcher now operating in foreground
useTTOffSpecificLogin=True
:12-07-2019 03:01:12 TTOffLauncher: maybeStartGame: starting game
:12-07-2019 03:01:12 TTOffLauncher: Starting Toontown Online...
:12-07-2019 03:01:12 TTOffLauncher: background: Launcher now operating in background
ToontownStart: Polling for game2 to finish...
ToontownStart: Game2 is finished.
ToontownStart: Starting the game.
ToontownStart: setting default font
:12-07-2019 03:01:12 TTOffLauncher: setting panda error code to 7
Known pipe types:
  wglGraphicsPipe
(all display modules loaded.)
:12-07-2019 03:01:12 ToonBase: Default graphics pipe is wglGraphicsPipe (OpenGL).
:12-07-2019 03:01:12 ToonBase: Successfully opened window of type wglGraphicsWindow (OpenGL)
:12-07-2019 03:01:12 ShowBase: __dev__ == False
:12-07-2019 03:01:12 TTOffLauncher: setting panda error code to 11
:12-07-2019 03:01:12 TTOffLauncher: setting panda error code to 0
ToontownStart: Loading default gui sounds
ToontownStart: serverVersion:  tto-dev
:12-07-2019 03:01:12 Loader: starting bulk load of block 'init'
:12-07-2019 03:01:13 :nativenet(error): Buffered_DatagramConnection Constructor rbufsize = 4096000 wbufsize = 4096000 write_flush_point = 1400
:12-07-2019 03:01:13 OTPClientRepository: Using connect method 'http'
:12-07-2019 03:01:13 TTOffLauncher: getRegistry ('DEPLOYMENT', None)
:12-07-2019 03:01:13 TTOffLauncher: checking env
:12-07-2019 03:01:13 TTOffLauncher: getRegistry ('GAME_DEPLOYMENT', None)
:12-07-2019 03:01:13 TTOffLauncher: checking env
:12-07-2019 03:01:13 OTPClientRepository: reg_deployment=
:12-07-2019 03:01:13 OTPClientRepository: required-login auto.
:12-07-2019 03:01:13 OTPClientRepository: loginInterface: LoginTTOffAccount
:12-07-2019 03:01:13 TTOffLauncher: getNeedPwForSecretKey using ttoff-specific-login
:12-07-2019 03:01:13 Loader: At end of block 'init', expected 138, loaded 4, duration=0.9876445
:12-07-2019 03:01:13 OTPClientRepository: Connecting to gameserver directly (no proxy).
:12-07-2019 03:01:13 OTPClientRepository: Connecting to //127.0.0.1:7198 via HTTP interface.
:12-07-2019 03:01:13 TTOffLauncher: Stopping mini task manager.
:12-07-2019 03:01:13 OTPClientRepository: Successfully connected to //127.0.0.1:7198.
:12-07-2019 03:01:13 TTOffLauncher: Setting Disconnect Details normal
{401000001: <toontown.distributed.ToontownDistrict.ToontownDistrict instance at 0x000000001D581788>}
:12-07-2019 03:01:14 StateData: AvatarChooser.enter
:12-07-2019 03:01:14 DisplayOptions: settingsFullScreen = False, embedded = False width=800 height=600
:12-07-2019 03:01:14 StateData: calling self.displayOptions.restrictToEmbedded(False)
:12-07-2019 03:01:16 OTPClientRepository: ================
:12-07-2019 03:01:16 OTPClientRepository: Chose avatar id: 100000014
:12-07-2019 03:01:16 OTPClientRepository: Chose avatar name: Hollybae
:12-07-2019 03:01:16 OTPClientRepository: Chose avatar dna: ('css', 'ms', 'm', 'm', 16, 0, 16, 16, 113, 27, 18, 27, 7, 21)
:12-07-2019 03:01:16 OTPClientRepository: Chose avatar position: 5
:12-07-2019 03:01:16 OTPClientRepository: isPaid: 1
:12-07-2019 03:01:16 OTPClientRepository: freeTimeLeft: 0
:12-07-2019 03:01:16 OTPClientRepository: allowSecretChat: True
:12-07-2019 03:01:16 OTPClientRepository: ================
:12-07-2019 03:01:16 Loader: starting bulk load of block 'localAvatarPlayGame'
:12-07-2019 03:01:17 ToontownTimeManager(warning): error parsing date string=
local
:12-07-2019 03:01:17 NewsPageButtonManager(warning): Should not get here. NewsPageButtonManager.exitOff
:12-07-2019 03:01:17 :pnmimage:png(warning): iCCP: known incorrect sRGB profile
:12-07-2019 03:01:18 OTPClientRepository: Entering shard 401000001
:12-07-2019 03:01:18 StreetSign: Street sign url is https://ttoffline.com/images/
:12-07-2019 03:01:19 StreetSign: Street Sign is up to date
:12-07-2019 03:01:19 TimeManager: Clock sync: TimeManager.announceGenerate
:12-07-2019 03:01:19 NewsManager: setHolidayId: Starting Holiday 19
:12-07-2019 03:01:19 InGameNewsMgr: latestIssue=2013-08-22 16:49:46.000003-07:00
cpu info: GenuineIntel|Intel(R) Core(TM) i7-8700K CPU @ 3.70GHz|591594|0|3.701,3.701|6,12 cpus
:12-07-2019 03:01:20 OTPClientRepository: No sync from TimeManager.
:12-07-2019 03:01:20 OTPClientRepository: gotTimeSync
:12-07-2019 03:01:20 Loader: At end of block 'localAvatarPlayGame', expected 400, loaded 8, duration=3.9917413
:12-07-2019 03:01:20 TimeManager: Clock sync roundtrip took 1064.368 ms
:12-07-2019 03:01:20 TimeManager: AI time delta is -0:01 from server delta
:12-07-2019 03:01:20 TimeManager: Local clock uncertainty +/- 0.532 s
:12-07-2019 03:01:20 PlayGame: QA-REGRESSION: NEIGHBORHOODS: Visit Lawbot HQ
:12-07-2019 03:01:20 Loader: starting bulk load of block 'hood'
:12-07-2019 03:01:21 LawbotCogHQLoader: loadPlaceGeom: 13000
:12-07-2019 03:01:21 DistributedObject: DistributedSuitPlanner 401002972: generating
:12-07-2019 03:01:21 DistributedToon: calling LocalAvatar.startchat
:12-07-2019 03:01:21 :loader(error): Couldn't load file phase_4/models/questmap/cog_hq_lawbot_maps.bam: not found on model path (currently: "/;/d/hollybae/Aly/Toontown-School-House/toontown/launcher;/c/Panda3D-1.11.0-x64/etc/..;/c/Panda3D-1.11.0-x64/etc/../models")
:12-07-2019 03:01:21 Loader: At end of block 'hood', expected 2, loaded 3, duration=0.7405117
:12-07-2019 03:01:22 Teleport(debug): teleportInDone: walk
:12-07-2019 03:01:23 :loader(error): Couldn't load file phase_4/models/questmap/cog_hq_lawbot_maps.bam: not found on model path (currently: "/;/d/hollybae/Aly/Toontown-School-House/toontown/launcher;/c/Panda3D-1.11.0-x64/etc/..;/c/Panda3D-1.11.0-x64/etc/../models")
:12-07-2019 03:01:24 TTOffMagicWordManager: Uh-oh! This Magic Word doesn't exist!
:12-07-2019 03:01:25 TTOffMagicWordManager: Run mode has been toggled.
:12-07-2019 03:01:30 LawbotCogHQLoader: loadPlaceGeom: 13100
:12-07-2019 03:01:30 LawbotCogHQLoader: QA-REGRESSION: COGHQ: Visit LawbotLobby
:12-07-2019 03:01:30 LawbotHQExterior: Unloading Place (13000). Fsm in final
:12-07-2019 03:01:30 DistributedObject: DistributedSuitPlanner 401002972: disabling
:12-07-2019 03:01:30 DistributedToon: calling LocalAvatar.startchat
:12-07-2019 03:01:30 :loader(error): Couldn't load file phase_4/models/questmap/cog_hq_lawbot_maps.bam: not found on model path (currently: "/;/d/hollybae/Aly/Toontown-School-House/toontown/launcher;/c/Panda3D-1.11.0-x64/etc/..;/c/Panda3D-1.11.0-x64/etc/../models")
:12-07-2019 03:01:32 :loader(error): Couldn't load file phase_4/models/questmap/cog_hq_lawbot_maps.bam: not found on model path (currently: "/;/d/hollybae/Aly/Toontown-School-House/toontown/launcher;/c/Panda3D-1.11.0-x64/etc/..;/c/Panda3D-1.11.0-x64/etc/../models")
:12-07-2019 03:01:37 TTOffMagicWordManager: Abracadabra!
:12-07-2019 03:01:39 TTOffMagicWordManager: Gave Hollybae an infinite amount of pies
:12-07-2019 03:01:41 TTOffMagicWordManager: Run mode has been toggled.
:12-07-2019 03:01:44 LawbotCogHQLoader: loadPlaceGeom: 61000
:12-07-2019 03:01:44 LawbotCogHQLoader(warning): loadPlaceGeom: unclassified zone 61000
:12-07-2019 03:01:44 CogHQLobby: Unloading Place (13100). Fsm in final
:12-07-2019 03:01:44 DistributedLawbotBoss(warning): Not a collision node: LawbotCourtroom3.egg/-PandaNode/CR3/interior/CR3_Floor
:12-07-2019 03:01:44 DistributedToon: calling LocalAvatar.startchat
:12-07-2019 03:01:44 LawbotHQBossBattle(warning): fsm.request('movie') returned 0 (zone id 61000, avatar pos LPoint3f(-0.363562, -126.204, 0.193903)).
:12-07-2019 03:01:45 TTOffMagicWordManager: Restarting Scale Round
:12-07-2019 03:02:58 :linmath(warning): Tried to invert singular LMatrix3.
:12-07-2019 03:03:31 LawbotHQBossBattle(warning): fsm.request('finalBattle') returned 0 (zone id 61000, avatar pos LPoint3f(-47.0406, 43.6991, 0)).
:12-07-2019 03:03:31 TTOffMagicWordManager: Restarting Scale Round
:12-07-2019 03:04:34 OTPClientRepository: Sending heartbeat mid-frame.
:12-07-2019 03:06:13 GarbageCollect(warning): garbage found, reverting gc threshold
frame rate: 272.4 fps|0.001d|13 avs||305|306||0x0000|0x0000|965.1MB|1137.2MB|16235.6MB|564|nt.2.6.2|3.701,3.701|6,12 cpus|OpenGL
adding timeout task
adding timeout task
frame rate: 9.8 fps|0.000d|13 avs||605|606||0x0000|0x0000|1017.8MB|1190.1MB|16235.6MB|578|nt.2.6.2|3.701,3.701|6,12 cpus|OpenGL
frame rate: 9.8 fps|0.000d|13 avs||905|906||0x0000|0x0000|1033.7MB|1206.2MB|16235.6MB|593|nt.2.6.2|3.701,3.701|6,12 cpus|OpenGL
adding timeout task
adding timeout task
frame rate: 9.8 fps|0.000d|13 avs||1205|1206||0x0000|0x0000|1045.8MB|1218.7MB|16235.6MB|597|nt.2.6.2|3.701,3.701|6,12 cpus|OpenGL
frame rate: 266.4 fps|0.001d|13 avs||1505|1506||0x0000|0x0000|1204.2MB|1377.5MB|16235.6MB|648|nt.2.6.2|3.701,3.701|6,12 cpus|OpenGL
adding timeout task
adding timeout task
:12-07-2019 03:31:18 TimeManager: Clock sync: timer
:12-07-2019 03:31:18 TimeManager: Clock sync roundtrip took 86.586 ms
:12-07-2019 03:31:18 TimeManager: AI time delta is -0:00 from server delta
:12-07-2019 03:31:18 ClockDelta: previous delta at -1.006 s, +/- 1.032 s.
:12-07-2019 03:31:18 ClockDelta: new delta at -1.503 s, +/- 0.043 s.
:12-07-2019 03:31:18 ClockDelta: intersection at -1.503 s, +/- 0.043 s.
:12-07-2019 03:31:18 TimeManager: Local clock uncertainty +/- 0.043 s
frame rate: 217.8 fps|0.001d|13 avs||1805|1806||0x0000|0x0000|1477.6MB|1651.4MB|16235.6MB|740|nt.2.6.2|3.701,3.701|6,12 cpus|OpenGL
frame rate: 219.9 fps|0.001d|13 avs||2105|2106||0x0000|0x0000|1740.0MB|1954.3MB|16235.6MB|841|nt.2.6.2|3.701,3.701|6,12 cpus|OpenGL
adding timeout task
adding timeout task
frame rate: 9.8 fps|0.000d|13 avs||2405|2406||0x0000|0x0000|1431.7MB|2197.5MB|16235.6MB|928|nt.2.6.2|3.701,3.701|6,12 cpus|OpenGL
adding timeout task
adding timeout task
:12-07-2019 03:45:44 OTPClientRepository: Sending heartbeat mid-frame.
frame rate: 245.2 fps|0.001d|13 avs||2705|2706||0x0000|0x0000|1334.0MB|2360.5MB|16235.6MB|991|nt.2.6.2|3.701,3.701|6,12 cpus|OpenGL
:12-07-2019 03:49:20 LawbotHQBossBattle(warning): fsm.request('finalBattle') returned 0 (zone id 61000, avatar pos LPoint3f(-53.6099, 11.7404, -0.000332482)).
:12-07-2019 03:49:20 TTOffMagicWordManager: Restarting Scale Round
:12-07-2019 03:49:33 TTOffMagicWordManager: Hollybae's laff has been set to 1237.
:12-07-2019 03:49:55 TTOffMagicWordManager: Hollybae's laff has been set to 1237.
frame rate: 58.4 fps|0.033d|13 avs||3005|3006||0x0000|0x0000|1643.4MB|2647.9MB|16235.6MB|1096|nt.2.6.2|3.701,3.701|6,12 cpus|OpenGL
frame rate: 217.2 fps|0.001d|13 avs||3305|3306||0x0000|0x0000|1762.4MB|2883.1MB|16235.6MB|1180|nt.2.6.2|3.701,3.701|6,12 cpus|OpenGL
:12-07-2019 04:01:18 TimeManager: Clock sync: timer
:12-07-2019 04:01:18 TimeManager: Clock sync roundtrip took 30.062 ms
:12-07-2019 04:01:18 TimeManager: AI time delta is -0:00 from server delta
:12-07-2019 04:01:18 ClockDelta: previous delta at -1.503 s, +/- 0.543 s.
:12-07-2019 04:01:18 ClockDelta: new delta at -1.518 s, +/- 0.015 s.
:12-07-2019 04:01:18 ClockDelta: intersection at -1.518 s, +/- 0.015 s.
:12-07-2019 04:01:18 TimeManager: Local clock uncertainty +/- 0.015 s
frame rate: 220.9 fps|0.001d|13 avs||3605|3606||0x0000|0x0000|1918.4MB|3136.6MB|16235.6MB|1290|nt.2.6.2|3.701,3.701|6,12 cpus|OpenGL
frame rate: 58.4 fps|0.033d|13 avs||3905|3906||0x0000|0x0000|1894.8MB|3365.2MB|16235.6MB|1755|nt.2.6.2|3.701,3.701|6,12 cpus|OpenGL
frame rate: 237.2 fps|0.001d|13 avs||4205|4206||0x0000|0x0000|2196.1MB|3669.2MB|16235.6MB|1855|nt.2.6.2|3.701,3.701|6,12 cpus|OpenGL
adding timeout task
adding timeout task
frame rate: 304.7 fps|0.000d|13 avs||4505|4506||0x0000|0x0000|2472.5MB|3947.3MB|16235.6MB|1950|nt.2.6.2|3.701,3.701|6,12 cpus|OpenGL
adding timeout task
adding timeout task
frame rate: 224.8 fps|0.001d|13 avs||4805|4806||0x0000|0x0000|2697.8MB|4206.1MB|16235.6MB|2039|nt.2.6.2|3.701,3.701|6,12 cpus|OpenGL
adding timeout task
adding timeout task
frame rate: 213.7 fps|0.007d|13 avs||5105|5106||0x0000|0x0000|2772.6MB|4402.9MB|16235.6MB|2122|nt.2.6.2|3.701,3.701|6,12 cpus|OpenGL
adding timeout task
adding timeout task
:12-07-2019 04:31:18 TimeManager: Clock sync: timer
:12-07-2019 04:31:18 TimeManager: Clock sync roundtrip took 49.029 ms
:12-07-2019 04:31:18 TimeManager: AI time delta is -0:00 from server delta
:12-07-2019 04:31:18 ClockDelta: previous delta at -1.518 s, +/- 0.515 s.
:12-07-2019 04:31:18 ClockDelta: new delta at -1.490 s, +/- 0.025 s.
:12-07-2019 04:31:18 ClockDelta: intersection at -1.490 s, +/- 0.025 s.
:12-07-2019 04:31:18 TimeManager: Local clock uncertainty +/- 0.025 s
frame rate: 305.2 fps|0.000d|13 avs||5405|5406||0x0000|0x0000|3047.3MB|4687.8MB|16235.6MB|2216|nt.2.6.2|3.701,3.701|6,12 cpus|OpenGL
adding timeout task
adding timeout task
frame rate: 220.5 fps|0.001d|13 avs||5705|5706||0x0000|0x0000|3056.1MB|4942.8MB|16235.6MB|2312|nt.2.6.2|3.701,3.701|6,12 cpus|OpenGL
adding timeout task
adding timeout task
frame rate: 236.6 fps|0.001d|13 avs||6005|6006||0x0000|0x0000|2985.2MB|5163.2MB|16235.6MB|2402|nt.2.6.2|3.701,3.701|6,12 cpus|OpenGL
adding timeout task
adding timeout task
frame rate: 240.6 fps|0.000d|13 avs||6305|6306||0x0000|0x0000|3040.4MB|5386.9MB|16235.6MB|2481|nt.2.6.2|3.701,3.701|6,12 cpus|OpenGL
frame rate: 230.7 fps|0.001d|13 avs||6605|6606||0x0000|0x0000|3076.1MB|5613.6MB|16235.6MB|2561|nt.2.6.2|3.701,3.701|6,12 cpus|OpenGL
adding timeout task
adding timeout task
frame rate: 243.4 fps|0.000d|13 avs||6905|6906||0x0000|0x0000|3196.2MB|5840.3MB|16235.6MB|2640|nt.2.6.2|3.701,3.701|6,12 cpus|OpenGL
:12-07-2019 05:00:00 NewsManager: setHolidayId: Ending Holiday 19
:12-07-2019 05:00:05 NewsManager: setHolidayId: Starting Holiday 20
:12-07-2019 05:01:18 TimeManager: Clock sync: timer
:12-07-2019 05:01:18 TimeManager: Clock sync roundtrip took 77.217 ms
:12-07-2019 05:01:18 TimeManager: AI time delta is -0:00 from server delta
:12-07-2019 05:01:18 ClockDelta: previous delta at -1.490 s, +/- 0.525 s.
:12-07-2019 05:01:18 ClockDelta: new delta at -1.500 s, +/- 0.039 s.
:12-07-2019 05:01:18 ClockDelta: intersection at -1.500 s, +/- 0.039 s.
:12-07-2019 05:01:18 TimeManager: Local clock uncertainty +/- 0.039 s
frame rate: 234.5 fps|0.001d|13 avs||7205|7206||0x0000|0x0000|3202.6MB|6083.2MB|16235.6MB|3132|nt.2.6.2|3.701,3.701|6,12 cpus|OpenGL
:12-07-2019 05:02:43 ToonBase: User closed main window.
:12-07-2019 05:02:43 TimeManager: Client disconnect reason 2.
:12-07-2019 05:02:43 LawbotHQBossBattle: Unloading Place (61000). Fsm in final
:12-07-2019 05:02:44 OTPClientRepository(warning): unclean exit, abandoning shard
ignoring InputState-forward
:12-07-2019 05:02:44 OTPClientRepository: sending clientLogout
:12-07-2019 05:02:45 LocalAvatar(warning): redundant call to stopUpdateSmartCamera
:12-07-2019 05:02:45 OTPClientRepository: Sent disconnect message to server
:12-07-2019 05:02:45 OTPClientRepository: Closing connection to server.
:12-07-2019 05:02:45 OTPClientRepository: Exiting cleanly
:12-07-2019 05:02:45 ToonBase: Exiting Toontown: errorCode = None
:12-07-2019 05:02:45 TTOffLauncher: setting panda error code to 0
:12-07-2019 05:02:45 TTOffLauncher: Normal exit.
