

Starting Toontown Online...
Current time: Wed Dec  4 20:58:28 2019 Eastern Standard Time
sys.path =  ['', 'C:\\Panda3D-1.11.0-x64\\python\\python27.zip', 'C:\\Panda3D-1.11.0-x64', 'C:\\Panda3D-1.11.0-x64\\python\\DLLs', 'C:\\Panda3D-1.11.0-x64\\python\\lib', 'C:\\Panda3D-1.11.0-x64\\python\\lib\\plat-win', 'C:\\Panda3D-1.11.0-x64\\python\\lib\\lib-tk', 'C:\\Panda3D-1.11.0-x64\\python', 'C:\\Panda3D-1.11.0-x64\\bin', 'C:\\Panda3D-1.11.0-x64\\python\\lib\\site-packages']
sys.argv =  ['D:\\hollybae\\Aly\\Toontown-School-House\\toontown\\launcher\\TTOffQuickStartLauncher.py']
generating standard configrc
os.environ =  {'TMP': 'C:\\Users\\holla\\AppData\\Local\\Temp', 'COMPUTERNAME': 'HOLLYBAES-PC', 'USERDOMAIN': 'HOLLYBAES-PC', 'INTEL_DEV_REDIST': 'C:\\Program Files (x86)\\Common Files\\Intel\\Shared Libraries\\', 'PSMODULEPATH': 'C:\\Program Files\\WindowsPowerShell\\Modules;C:\\WINDOWS\\system32\\WindowsPowerShell\\v1.0\\Modules', 'COMMONPROGRAMFILES': 'C:\\Program Files\\Common Files', 'PROCESSOR_IDENTIFIER': 'Intel64 Family 6 Model 158 Stepping 10, GenuineIntel', 'VBOX_MSI_INSTALL_PATH': 'C:\\Program Files\\Oracle\\VirtualBox\\', 'PROGRAMFILES': 'C:\\Program Files', 'PROCESSOR_REVISION': '9e0a', 'PATH': 'C:\\Panda3D-1.11.0-x64\\panda3d\\..\\bin;C:\\Program Files (x86)\\Razer\\ChromaBroadcast\\bin;C:\\Program Files\\Razer\\ChromaBroadcast\\bin;C:\\Program Files (x86)\\Common Files\\Intel\\Shared Libraries\\redist\\intel64_win\\compiler;C:\\Program Files (x86)\\Common Files\\Oracle\\Java\\javapath;C:\\Program Files (x86)\\Common Files\\Intel\\Shared Libraries\\redist\\intel64\\compiler;C:\\WINDOWS\\system32;C:\\WINDOWS;C:\\WINDOWS\\System32\\Wbem;C:\\WINDOWS\\System32\\WindowsPowerShell\\v1.0\\;C:\\WINDOWS\\System32\\OpenSSH\\;C:\\Program Files\\NVIDIA Corporation\\NVIDIA NGX;C:\\Program Files (x86)\\NVIDIA Corporation\\PhysX\\Common;C:\\Program Files\\NVIDIA Corporation\\NVIDIA NvDLISR;C:\\WINDOWS\\system32;C:\\WINDOWS;C:\\WINDOWS\\System32\\Wbem;C:\\WINDOWS\\System32\\WindowsPowerShell\\v1.0\\;C:\\WINDOWS\\System32\\OpenSSH\\;D:\\hollybae\\ffmpeg-4.1.3-win64-static\\ffmpeg-4.1.3-win64-static\\bin;C:\\Program Files\\dotnet\\;C:\\WINDOWS\\system32\\config\\systemprofile\\AppData\\Local\\Microsoft\\WindowsApps;C:\\Users\\holla\\AppData\\Local\\Microsoft\\WindowsApps;C:\\Panda3D-1.10.4.1-x64\\python;C:\\Panda3D-1.10.4.1-x64\\python\\Scripts;C:\\Panda3D-1.10.4.1-x64\\bin;C:\\Panda3D-1.11.0-x64\\python;C:\\Panda3D-1.11.0-x64\\python\\Scripts;C:\\Panda3D-1.11.0-x64\\bin', 'SYSTEMROOT': 'C:\\WINDOWS', 'MIC_LD_LIBRARY_PATH': 'C:\\Program Files (x86)\\Common Files\\Intel\\Shared Libraries\\compiler\\lib\\intel64_win_mic', 'COMSPEC': 'C:\\WINDOWS\\system32\\cmd.exe', 'DRIVERDATA': 'C:\\Windows\\System32\\Drivers\\DriverData', 'PPYTHON_PATH': '"C:\\Panda3D-1.11.0-x64\\python\\ppython.exe"', 'TEMP': 'C:\\Users\\holla\\AppData\\Local\\Temp', 'COMMONPROGRAMFILES(X86)': 'C:\\Program Files (x86)\\Common Files', 'PROCESSOR_ARCHITECTURE': 'AMD64', 'PROGRAMFILES(X86)': 'C:\\Program Files (x86)', 'ALLUSERSPROFILE': 'C:\\ProgramData', 'LOCALAPPDATA': 'C:\\Users\\holla\\AppData\\Local', 'FPS_BROWSER_USER_PROFILE_STRING': 'Default', 'HOMEPATH': '\\Users\\holla', 'USERDOMAIN_ROAMINGPROFILE': 'HOLLYBAES-PC', 'PROGRAMW6432': 'C:\\Program Files', 'USERNAME': 'holla', 'LOGONSERVER': '\\\\HOLLYBAES-PC', 'PROMPT': '$P$G', 'SESSIONNAME': 'Console', 'PROGRAMDATA': 'C:\\ProgramData', 'ONEDRIVE': 'C:\\Users\\holla\\OneDrive', 'FPS_BROWSER_APP_PROFILE_STRING': 'Internet Explorer', 'PATHEXT': '.COM;.EXE;.BAT;.CMD;.VBS;.VBE;.JS;.JSE;.WSF;.WSH;.MSC', 'TTOFF_LOGIN_TOKEN': 'dev', 'WINDIR': 'C:\\WINDOWS', 'APPDATA': 'C:\\Users\\holla\\AppData\\Roaming', 'HOMEDRIVE': 'C:', 'SYSTEMDRIVE': 'C:', 'NUMBER_OF_PROCESSORS': '12', 'PROCESSOR_LEVEL': '6', 'COMMONPROGRAMW6432': 'C:\\Program Files\\Common Files', 'OS': 'Windows_NT', 'PUBLIC': 'C:\\Users\\Public', 'USERPROFILE': 'C:\\Users\\holla'}
:12-04-2019 20:58:28 TTOffLauncher: isTestServer: 0
:12-04-2019 20:58:28 TTOffLauncher: Game Server 127.0.0.1
:12-04-2019 20:58:28 TTOffLauncher: Starting Toontown Online... 
:12-04-2019 20:58:28 TTOffLauncher: foreground: Launcher now operating in foreground
useTTOffSpecificLogin=True
:12-04-2019 20:58:28 TTOffLauncher: maybeStartGame: starting game
:12-04-2019 20:58:28 TTOffLauncher: Starting Toontown Online...
:12-04-2019 20:58:28 TTOffLauncher: background: Launcher now operating in background
ToontownStart: Polling for game2 to finish...
ToontownStart: Game2 is finished.
ToontownStart: Starting the game.
ToontownStart: setting default font
:12-04-2019 20:58:29 TTOffLauncher: setting panda error code to 7
Known pipe types:
  wglGraphicsPipe
(all display modules loaded.)
:12-04-2019 20:58:29 ToonBase: Default graphics pipe is wglGraphicsPipe (OpenGL).
:12-04-2019 20:58:29 ToonBase: Successfully opened window of type wglGraphicsWindow (OpenGL)
:12-04-2019 20:58:29 ShowBase: __dev__ == False
:12-04-2019 20:58:30 TTOffLauncher: setting panda error code to 11
:12-04-2019 20:58:30 TTOffLauncher: setting panda error code to 0
ToontownStart: Loading default gui sounds
ToontownStart: serverVersion:  tto-dev
:12-04-2019 20:58:30 Loader: starting bulk load of block 'init'
:12-04-2019 20:58:33 :nativenet(error): Buffered_DatagramConnection Constructor rbufsize = 4096000 wbufsize = 4096000 write_flush_point = 1400
:12-04-2019 20:58:33 OTPClientRepository: Using connect method 'http'
:12-04-2019 20:58:35 TTOffLauncher: getRegistry ('DEPLOYMENT', None)
:12-04-2019 20:58:35 TTOffLauncher: checking env
:12-04-2019 20:58:35 TTOffLauncher: getRegistry ('GAME_DEPLOYMENT', None)
:12-04-2019 20:58:35 TTOffLauncher: checking env
:12-04-2019 20:58:35 OTPClientRepository: reg_deployment=
:12-04-2019 20:58:35 OTPClientRepository: required-login auto.
:12-04-2019 20:58:35 OTPClientRepository: loginInterface: LoginTTOffAccount
:12-04-2019 20:58:35 TTOffLauncher: getNeedPwForSecretKey using ttoff-specific-login
:12-04-2019 20:58:35 Loader: At end of block 'init', expected 138, loaded 9, duration=4.976206
:12-04-2019 20:58:35 OTPClientRepository: Connecting to gameserver directly (no proxy).
:12-04-2019 20:58:35 OTPClientRepository: Connecting to //127.0.0.1:7198 via HTTP interface.
:12-04-2019 20:58:35 TTOffLauncher: Stopping mini task manager.
:12-04-2019 20:58:35 OTPClientRepository: Successfully connected to //127.0.0.1:7198.
:12-04-2019 20:58:35 TTOffLauncher: Setting Disconnect Details normal
{401000001: <toontown.distributed.ToontownDistrict.ToontownDistrict instance at 0x000000001C9CE748>}
{401000001: <toontown.distributed.ToontownDistrict.ToontownDistrict instance at 0x000000001C9CE748>}
:12-04-2019 20:59:37 StateData: AvatarChooser.enter
:12-04-2019 20:59:37 DisplayOptions: settingsFullScreen = False, embedded = False width=800 height=600
:12-04-2019 20:59:37 StateData: calling self.displayOptions.restrictToEmbedded(False)
:12-04-2019 20:59:38 OTPClientRepository: ================
:12-04-2019 20:59:38 OTPClientRepository: Chose avatar id: 100000014
:12-04-2019 20:59:38 OTPClientRepository: Chose avatar name: Hollybae
:12-04-2019 20:59:38 OTPClientRepository: Chose avatar dna: ('css', 'ms', 'm', 'm', 16, 0, 16, 16, 113, 27, 18, 27, 7, 21)
:12-04-2019 20:59:38 OTPClientRepository: Chose avatar position: 5
:12-04-2019 20:59:38 OTPClientRepository: isPaid: 1
:12-04-2019 20:59:38 OTPClientRepository: freeTimeLeft: 0
:12-04-2019 20:59:38 OTPClientRepository: allowSecretChat: True
:12-04-2019 20:59:38 OTPClientRepository: ================
:12-04-2019 20:59:38 Loader: starting bulk load of block 'localAvatarPlayGame'
:12-04-2019 20:59:38 ToontownTimeManager(warning): error parsing date string=
local
:12-04-2019 20:59:39 NewsPageButtonManager(warning): Should not get here. NewsPageButtonManager.exitOff
:12-04-2019 20:59:39 :pnmimage:png(warning): iCCP: known incorrect sRGB profile
:12-04-2019 20:59:41 OTPClientRepository: Entering shard 401000001
:12-04-2019 20:59:41 StreetSign: Street sign url is https://ttoffline.com/images/
:12-04-2019 20:59:41 :downloader(error): Failed to resolve ttoffline.com: No such host is known. 
:12-04-2019 20:59:41 TimeManager: Clock sync: TimeManager.announceGenerate
:12-04-2019 20:59:41 NewsManager: setHolidayId: Starting Holiday 7
:12-04-2019 20:59:41 InGameNewsMgr: latestIssue=2013-08-22 16:49:46.000003-07:00
cpu info: GenuineIntel|Intel(R) Core(TM) i7-8700K CPU @ 3.70GHz|591594|0|3.701,3.701|6,12 cpus
:12-04-2019 20:59:42 OTPClientRepository: No sync from TimeManager.
:12-04-2019 20:59:42 OTPClientRepository: gotTimeSync
:12-04-2019 20:59:42 Loader: At end of block 'localAvatarPlayGame', expected 400, loaded 12, duration=4.4071917
:12-04-2019 20:59:42 TimeManager: Clock sync roundtrip took 1856.838 ms
:12-04-2019 20:59:42 TimeManager: AI time delta is -0:01 from server delta
:12-04-2019 20:59:42 TimeManager: Local clock uncertainty +/- 0.929 s
:12-04-2019 20:59:42 PlayGame: QA-REGRESSION: NEIGHBORHOODS: Visit Lawbot HQ
:12-04-2019 20:59:42 Loader: starting bulk load of block 'hood'
:12-04-2019 20:59:43 LawbotCogHQLoader: loadPlaceGeom: 13000
:12-04-2019 20:59:44 DistributedObject: DistributedSuitPlanner 401002972: generating
:12-04-2019 20:59:44 DistributedToon: calling LocalAvatar.startchat
:12-04-2019 20:59:44 :loader(error): Couldn't load file phase_4/models/questmap/cog_hq_lawbot_maps.bam: not found on model path (currently: "/;/d/hollybae/Aly/Toontown-School-House/toontown/launcher;/c/Panda3D-1.11.0-x64/etc/..;/c/Panda3D-1.11.0-x64/etc/../models")
:12-04-2019 20:59:44 Loader: At end of block 'hood', expected 2, loaded 6, duration=1.4272479
:12-04-2019 20:59:45 Teleport(debug): teleportInDone: walk
:12-04-2019 20:59:45 :loader(error): Couldn't load file phase_4/models/questmap/cog_hq_lawbot_maps.bam: not found on model path (currently: "/;/d/hollybae/Aly/Toontown-School-House/toontown/launcher;/c/Panda3D-1.11.0-x64/etc/..;/c/Panda3D-1.11.0-x64/etc/../models")
:12-04-2019 20:59:49 TTOffMagicWordManager: Gave Hollybae an infinite amount of pies
:12-04-2019 20:59:49 TTOffMagicWordManager: Run mode has been toggled.
:12-04-2019 20:59:54 LawbotCogHQLoader: loadPlaceGeom: 13100
:12-04-2019 20:59:54 LawbotCogHQLoader: QA-REGRESSION: COGHQ: Visit LawbotLobby
:12-04-2019 20:59:54 LawbotHQExterior: Unloading Place (13000). Fsm in final
:12-04-2019 20:59:54 DistributedObject: DistributedSuitPlanner 401002972: disabling
:12-04-2019 20:59:55 DistributedToon: calling LocalAvatar.startchat
:12-04-2019 20:59:55 :loader(error): Couldn't load file phase_4/models/questmap/cog_hq_lawbot_maps.bam: not found on model path (currently: "/;/d/hollybae/Aly/Toontown-School-House/toontown/launcher;/c/Panda3D-1.11.0-x64/etc/..;/c/Panda3D-1.11.0-x64/etc/../models")
:12-04-2019 20:59:56 :loader(error): Couldn't load file phase_4/models/questmap/cog_hq_lawbot_maps.bam: not found on model path (currently: "/;/d/hollybae/Aly/Toontown-School-House/toontown/launcher;/c/Panda3D-1.11.0-x64/etc/..;/c/Panda3D-1.11.0-x64/etc/../models")
:12-04-2019 21:00:01 TTOffMagicWordManager: Presto!
:12-04-2019 21:00:03 TTOffMagicWordManager: Uh-oh! This Magic Word doesn't exist!
:12-04-2019 21:00:04 TTOffMagicWordManager: Run mode has been toggled.
:12-04-2019 21:00:06 TTOffMagicWordManager: You aren't in a CJ!
:12-04-2019 21:00:06 TTOffMagicWordManager: You aren't in a CJ!
:12-04-2019 21:00:07 TTOffMagicWordManager: You aren't in a CJ!
:12-04-2019 21:00:08 TTOffMagicWordManager: You aren't in a CJ!
:12-04-2019 21:00:08 LawbotCogHQLoader: loadPlaceGeom: 61000
:12-04-2019 21:00:08 LawbotCogHQLoader(warning): loadPlaceGeom: unclassified zone 61000
:12-04-2019 21:00:08 CogHQLobby: Unloading Place (13100). Fsm in final
:12-04-2019 21:00:08 DistributedLawbotBoss(warning): Not a collision node: LawbotCourtroom3.egg/-PandaNode/CR3/interior/CR3_Floor
:12-04-2019 21:00:09 DistributedToon: calling LocalAvatar.startchat
:12-04-2019 21:00:09 LawbotHQBossBattle(warning): fsm.request('movie') returned 0 (zone id 61000, avatar pos LPoint3f(-0.363562, -126.204, 0.193903)).
:12-04-2019 21:00:09 TTOffMagicWordManager: Restarting Scale Round
:12-04-2019 21:00:37 :linmath(warning): Tried to invert singular LMatrix3.
:12-04-2019 21:03:30 GarbageCollect(warning): garbage found, reverting gc threshold
frame rate: 225.2 fps|0.001d|13 avs||371|372||0x0000|0x0000|994.8MB|1171.8MB|16235.6MB|403|nt.2.6.2|3.701,3.701|6,12 cpus|OpenGL
:12-04-2019 21:06:05 OTPClientRepository: Sending heartbeat mid-frame.
adding timeout task
adding timeout task
frame rate: 223.9 fps|0.001d|13 avs||671|672||0x0000|0x0000|1323.0MB|1500.8MB|16235.6MB|488|nt.2.6.2|3.701,3.701|6,12 cpus|OpenGL
frame rate: 223.3 fps|0.001d|13 avs||971|972||0x0000|0x0000|1675.0MB|1853.6MB|16235.6MB|597|nt.2.6.2|3.701,3.701|6,12 cpus|OpenGL
:12-04-2019 21:17:24 ToontownChatManager: QA-REGRESSION: CHAT: Speedchat
:12-04-2019 21:17:30 TTOffMagicWordManager: Hollybae's laff has been set to 921.
frame rate: 219.9 fps|0.001d|13 avs||1271|1272||0x0000|0x0000|2020.5MB|2222.8MB|16235.6MB|992|nt.2.6.2|3.701,3.701|6,12 cpus|OpenGL
adding timeout task
adding timeout task
frame rate: 166.3 fps|0.013d|13 avs||1571|1572||0x0000|0x0000|2323.1MB|2526.7MB|16235.6MB|1090|nt.2.6.2|3.701,3.701|6,12 cpus|OpenGL
:12-04-2019 21:29:41 TimeManager: Clock sync: timer
frame rate: 9.8 fps|0.000d|13 avs||1871|1872||0x0000|0x0000|2178.0MB|2538.7MB|16235.6MB|1093|nt.2.6.2|3.701,3.701|6,12 cpus|OpenGL
:12-04-2019 21:29:41 TimeManager: Clock sync roundtrip took 102.229 ms
:12-04-2019 21:29:41 TimeManager: AI time delta is -0:00 from server delta
:12-04-2019 21:29:41 ClockDelta: previous delta at 0.947 s, +/- 1.428 s.
:12-04-2019 21:29:41 ClockDelta: new delta at 0.056 s, +/- 0.051 s.
:12-04-2019 21:29:41 ClockDelta: intersection at 0.056 s, +/- 0.051 s.
:12-04-2019 21:29:41 TimeManager: Local clock uncertainty +/- 0.051 s
handling timeout
:12-04-2019 21:34:40 DistributedToon: closing shard...
:12-04-2019 21:34:40 LawbotHQBossBattle: Unloading Place (61000). Fsm in final
:12-04-2019 21:34:41 OTPClientRepository: Exiting shard
ignoring InputState-forward
:12-04-2019 21:34:41 OTPClientRepository: sending clientLogout
:12-04-2019 21:34:41 LocalAvatar(warning): redundant call to stopUpdateSmartCamera
:12-04-2019 21:37:26 StateData: AvatarChooser.enter
:12-04-2019 21:37:26 DisplayOptions: settingsFullScreen = False, embedded = False width=800 height=600
:12-04-2019 21:37:26 StateData: calling self.displayOptions.restrictToEmbedded(False)
:12-04-2019 21:37:27 ToonBase: User closed main window.
:12-04-2019 21:37:27 OTPClientRepository: Sent disconnect message to server
:12-04-2019 21:37:27 OTPClientRepository: Closing connection to server.
:12-04-2019 21:37:27 OTPClientRepository: Exiting cleanly
:12-04-2019 21:37:27 ToonBase: Exiting Toontown: errorCode = None
:12-04-2019 21:37:27 TTOffLauncher: setting panda error code to 0
:12-04-2019 21:37:27 TTOffLauncher: Normal exit.
