

Starting Toontown Online...
Current time: Wed Dec 16 18:12:30 2020 Eastern Standard Time
sys.path =  ['', 'C:\\Panda3D-1.11.0-x64\\python\\python27.zip', 'C:\\Panda3D-1.11.0-x64', 'C:\\Panda3D-1.11.0-x64\\python\\DLLs', 'C:\\Panda3D-1.11.0-x64\\python\\lib', 'C:\\Panda3D-1.11.0-x64\\python\\lib\\plat-win', 'C:\\Panda3D-1.11.0-x64\\python\\lib\\lib-tk', 'C:\\Panda3D-1.11.0-x64\\python', 'C:\\Panda3D-1.11.0-x64\\bin', 'C:\\Panda3D-1.11.0-x64\\python\\lib\\site-packages']
sys.argv =  ['C:\\ToontownAnimationMaker\\Bumpys-ToontownOnline\\toontown\\launcher\\TTOffQuickStartLauncher.py']
generating standard configrc
os.environ =  {'TMP': 'C:\\Users\\Philip\\AppData\\Local\\Temp', 'COMPUTERNAME': 'PHILIP-JR', 'USERDOMAIN': 'PHILIP-JR', 'PSMODULEPATH': 'C:\\WINDOWS\\system32\\WindowsPowerShell\\v1.0\\Modules\\', 'COMMONPROGRAMFILES': 'C:\\Program Files\\Common Files', 'ADSK_3DSMAX_X64_2021': 'C:\\Program Files\\Autodesk\\3ds Max 2021\\', 'PROCESSOR_IDENTIFIER': 'Intel64 Family 6 Model 45 Stepping 7, GenuineIntel', 'PROGRAMFILES': 'C:\\Program Files', 'PROCESSOR_REVISION': '2d07', 'SYSTEMROOT': 'C:\\WINDOWS', 'PATH': 'C:\\Panda3D-1.11.0-x64\\panda3d\\..\\bin;C:\\Windows\\system32;C:\\Windows;C:\\Windows\\System32\\Wbem;C:\\Windows\\System32\\WindowsPowerShell\\v1.0\\;C:\\Program Files (x86)\\NVIDIA Corporation\\PhysX\\Common;C:\\Program Files\\Git\\cmd;C:\\WINDOWS\\system32;C:\\WINDOWS;C:\\WINDOWS\\System32\\Wbem;C:\\WINDOWS\\System32\\WindowsPowerShell\\v1.0\\;C:\\Program Files (x86)\\Windows Kits\\10\\Windows Performance Toolkit\\;C:\\Program Files\\dotnet\\;C:\\Program Files\\Common Files\\Autodesk Shared\\;C:\\Program Files\\Microsoft SQL Server\\120\\Tools\\Binn\\;C:\\Panda3D-1.10.02\\python;C:\\Panda3D-1.10.02\\python\\Scripts;C:\\Panda3D-1.10.02\\bin;C:\\Panda3D-1.11.0-x64-py2\\python;C:\\Panda3D-1.11.0-x64-py2\\python\\Scripts;C:\\Panda3D-1.11.0-x64-py2\\bin;C:\\Users\\Philip\\AppData\\Local\\GitHubDesktop\\bin;C:\\Panda3D-1.9.0\\python;C:\\Panda3D-1.9.0\\python\\Scripts;C:\\Panda3D-1.9.0\\bin;C:\\Panda3D-1.10.0-x64\\python;C:\\Panda3D-1.10.0-x64\\python\\Scripts;C:\\Panda3D-1.10.0-x64\\bin;C:\\Users\\Philip\\AppData\\Local\\atom\\bin;C:\\Panda3D-1.10.0\\python;C:\\Panda3D-1.10.0\\python\\Scripts;C:\\Panda3D-1.10.0\\bin;C:\\Panda3D-1.11.0-x64\\python;C:\\Panda3D-1.11.0-x64\\python\\Scripts;C:\\Panda3D-1.11.0-x64\\bin', 'PROGRAMFILES(X86)': 'C:\\Program Files (x86)', 'COMSPEC': 'C:\\WINDOWS\\system32\\cmd.exe', 'KMP_BLOCKTIME': '0', 'PPYTHON_PATH': '"C:\\Panda3D-1.11.0-x64\\python\\ppython.exe"', 'TEMP': 'C:\\Users\\Philip\\AppData\\Local\\Temp', 'COMMONPROGRAMFILES(X86)': 'C:\\Program Files (x86)\\Common Files', 'PROCESSOR_ARCHITECTURE': 'AMD64', 'ALLUSERSPROFILE': 'C:\\ProgramData', 'LOCALAPPDATA': 'C:\\Users\\Philip\\AppData\\Local', 'HOMEPATH': '\\Users\\Philip', 'USERDOMAIN_ROAMINGPROFILE': 'PHILIP-JR', 'PROGRAMW6432': 'C:\\Program Files', 'USERNAME': 'Philip', 'LOGONSERVER': '\\\\MicrosoftAccount', 'PROMPT': '$P$G', 'SESSIONNAME': 'Console', 'PROGRAMDATA': 'C:\\ProgramData', 'PATHEXT': '.COM;.EXE;.BAT;.CMD;.VBS;.VBE;.JS;.JSE;.WSF;.WSH;.MSC', 'TTOFF_LOGIN_TOKEN': 'dev', 'FP_NO_HOST_CHECK': 'NO', 'WINDIR': 'C:\\WINDOWS', 'OMP_WAIT_POLICY': 'PASSIVE', 'APPDATA': 'C:\\Users\\Philip\\AppData\\Roaming', 'HOMEDRIVE': 'C:', 'SYSTEMDRIVE': 'C:', 'NUMBER_OF_PROCESSORS': '8', 'PROCESSOR_LEVEL': '6', 'CIOENGINE': 'C:\\cio-panda3d', 'COMMONPROGRAMW6432': 'C:\\Program Files\\Common Files', 'OS': 'Windows_NT', 'PUBLIC': 'C:\\Users\\Public', 'USERPROFILE': 'C:\\Users\\Philip'}
:12-16-2020 18:12:30 TTOffLauncher: isTestServer: 0
:12-16-2020 18:12:30 TTOffLauncher: Game Server 127.0.0.1
:12-16-2020 18:12:30 TTOffLauncher: Starting Toontown Online... 
:12-16-2020 18:12:30 TTOffLauncher: foreground: Launcher now operating in foreground
useTTOffSpecificLogin=True
:12-16-2020 18:12:30 TTOffLauncher: maybeStartGame: starting game
:12-16-2020 18:12:30 TTOffLauncher: Starting Toontown Online...
:12-16-2020 18:12:30 TTOffLauncher: background: Launcher now operating in background
ToontownStart: Polling for game2 to finish...
ToontownStart: Game2 is finished.
ToontownStart: Starting the game.
ToontownStart: setting default font
:12-16-2020 18:12:30 TTOffLauncher: setting panda error code to 7
Known pipe types:
  wglGraphicsPipe
(all display modules loaded.)
:12-16-2020 18:12:31 ToonBase: Default graphics pipe is wglGraphicsPipe (OpenGL).
:12-16-2020 18:12:31 ToonBase: Successfully opened window of type wglGraphicsWindow (OpenGL)
:12-16-2020 18:12:31 ShowBase: __dev__ == False
:12-16-2020 18:12:31 TTOffLauncher: setting panda error code to 11
:12-16-2020 18:12:31 TTOffLauncher: setting panda error code to 0
ToontownStart: Loading default gui sounds
ToontownStart: serverVersion:  tto-dev
:12-16-2020 18:12:31 Loader: starting bulk load of block 'init'
:12-16-2020 18:12:32 :nativenet(error): Buffered_DatagramConnection Constructor rbufsize = 4096000 wbufsize = 4096000 write_flush_point = 1400
:12-16-2020 18:12:32 OTPClientRepository: Using connect method 'http'
:12-16-2020 18:12:32 TTOffLauncher: getRegistry ('DEPLOYMENT', None)
:12-16-2020 18:12:32 TTOffLauncher: checking env
:12-16-2020 18:12:32 TTOffLauncher: getRegistry ('GAME_DEPLOYMENT', None)
:12-16-2020 18:12:32 TTOffLauncher: checking env
:12-16-2020 18:12:32 OTPClientRepository: reg_deployment=
:12-16-2020 18:12:32 OTPClientRepository: required-login auto.
:12-16-2020 18:12:32 OTPClientRepository: loginInterface: LoginTTOffAccount
:12-16-2020 18:12:32 TTOffLauncher: getNeedPwForSecretKey using ttoff-specific-login
:12-16-2020 18:12:32 Loader: At end of block 'init', expected 138, loaded 7, duration=1.52503766046
:12-16-2020 18:12:32 OTPClientRepository: Connecting to gameserver directly (no proxy).
:12-16-2020 18:12:32 OTPClientRepository: Connecting to //127.0.0.1:7198 via HTTP interface.
:12-16-2020 18:12:32 TTOffLauncher: Stopping mini task manager.
:12-16-2020 18:12:32 OTPClientRepository: Successfully connected to //127.0.0.1:7198.
:12-16-2020 18:12:32 TTOffLauncher: Setting Disconnect Details normal
{401000001: <toontown.distributed.ToontownDistrict.ToontownDistrict instance at 0x00000000030C3908>}
:12-16-2020 18:12:34 StateData: AvatarChooser.enter
:12-16-2020 18:12:34 DisplayOptions: settingsFullScreen = False, embedded = False width=800 height=600
:12-16-2020 18:12:34 StateData: calling self.displayOptions.restrictToEmbedded(False)
:12-16-2020 18:12:35 OTPClientRepository: ================
:12-16-2020 18:12:35 OTPClientRepository: Chose avatar id: 100000006
:12-16-2020 18:12:35 OTPClientRepository: Chose avatar name: Relentless
:12-16-2020 18:12:35 OTPClientRepository: Chose avatar dna: ('css', 'ms', 'm', 'm', 26, 0, 26, 26, 86, 27, 75, 27, 50, 27)
:12-16-2020 18:12:35 OTPClientRepository: Chose avatar position: 4
:12-16-2020 18:12:35 OTPClientRepository: isPaid: 1
:12-16-2020 18:12:35 OTPClientRepository: freeTimeLeft: 0
:12-16-2020 18:12:35 OTPClientRepository: allowSecretChat: True
:12-16-2020 18:12:35 OTPClientRepository: ================
:12-16-2020 18:12:35 Loader: starting bulk load of block 'localAvatarPlayGame'
:12-16-2020 18:12:36 ToontownTimeManager(warning): error parsing date string=
local
:12-16-2020 18:12:36 NewsPageButtonManager(warning): Should not get here. NewsPageButtonManager.exitOff
:12-16-2020 18:12:36 :pnmimage:png(warning): iCCP: known incorrect sRGB profile
:12-16-2020 18:12:38 OTPClientRepository: Entering shard 401000001
:12-16-2020 18:12:38 StreetSign: Street sign url is https://ttoffline.com/images/
:12-16-2020 18:12:40 StreetSign: Street Sign is up to date
:12-16-2020 18:12:40 TimeManager: Clock sync: TimeManager.announceGenerate
:12-16-2020 18:12:40 NewsManager: setHolidayId: Starting Holiday 7
:12-16-2020 18:12:40 InGameNewsMgr: latestIssue=2013-08-22 16:49:46.000003-07:00
cpu info: GenuineIntel|        Intel(R) Core(TM) i7-3820 CPU @ 3.60GHz|132823|0|3.601,3.601|4,8 cpus
:12-16-2020 18:12:41 OTPClientRepository: No sync from TimeManager.
:12-16-2020 18:12:41 OTPClientRepository: gotTimeSync
:12-16-2020 18:12:41 Loader: At end of block 'localAvatarPlayGame', expected 400, loaded 15, duration=5.58433922399
:12-16-2020 18:12:41 TimeManager: Clock sync roundtrip took 1120.160 ms
:12-16-2020 18:12:41 TimeManager: AI time delta is -0:01 from server delta
:12-16-2020 18:12:41 TimeManager: Local clock uncertainty +/- 0.560 s
:12-16-2020 18:12:41 PlayGame: QA-REGRESSION: NEIGHBORHOODS: Visit Toontown Central
:12-16-2020 18:12:41 Loader: starting bulk load of block 'hood'
:12-16-2020 18:12:42 DistributedObject(warning): no loader.getInteractiveProp self.interactiveProp is None
:12-16-2020 18:12:42 DistributedObject(warning): no loader.getInteractiveProp self.interactiveProp is None
:12-16-2020 18:12:42 DistributedObject(warning): no loader.getInteractiveProp self.interactiveProp is None
:12-16-2020 18:12:42 DistributedObject(warning): no loader.getInteractiveProp self.interactiveProp is None
:12-16-2020 18:12:42 DistributedObject(warning): no loader.getInteractiveProp self.interactiveProp is None
:12-16-2020 18:12:42 DistributedToon: calling LocalAvatar.startchat
:12-16-2020 18:12:42 Loader: At end of block 'hood', expected 8, loaded 7, duration=1.59823320128
:12-16-2020 18:12:44 Teleport(debug): teleportInDone: walk
adding timeout task
adding timeout task
:12-16-2020 18:17:31 GarbageCollect(warning): garbage found, reverting gc threshold
frame rate: 126.1 fps|0.004d|4 avs||307|308||0x0000|0x0000|631.7MB|617.4MB|16302.1MB|537|nt.2.6.2|3.601,3.601|4,8 cpus|OpenGL
:12-16-2020 18:18:23 OTPClientRepository: Sending heartbeat mid-frame.
:12-16-2020 18:20:44 OTPClientRepository: Sending heartbeat mid-frame.
:12-16-2020 18:21:55 OTPClientRepository: Sending heartbeat mid-frame.
adding timeout task
adding timeout task
frame rate: 9.8 fps|0.001d|4 avs||607|608||0x0000|0x0000|644.3MB|629.9MB|16302.1MB|591|nt.2.6.2|3.601,3.601|4,8 cpus|OpenGL
:12-16-2020 18:22:55 OTPClientRepository: Sending heartbeat mid-frame.
:12-16-2020 18:25:07 OTPClientRepository: Sending heartbeat mid-frame.
:12-16-2020 18:25:37 OTPClientRepository: Sending heartbeat mid-frame.
:12-16-2020 18:26:28 OTPClientRepository: Sending heartbeat mid-frame.
frame rate: 9.8 fps|0.001d|4 avs||907|908||0x0000|0x0000|644.3MB|629.9MB|16302.1MB|591|nt.2.6.2|3.601,3.601|4,8 cpus|OpenGL
:12-16-2020 18:29:20 OTPClientRepository: Sending heartbeat mid-frame.
:12-16-2020 18:30:11 OTPClientRepository: Sending heartbeat mid-frame.
:12-16-2020 18:31:01 OTPClientRepository: Sending heartbeat mid-frame.
