

Starting Toontown Online...
Current time: Fri Nov 22 15:01:27 2019 Arabian Standard Time
sys.path =  ['', 'C:\\Panda3D-1.11.0-x64\\python\\python27.zip', 'C:\\Panda3D-1.11.0-x64', 'C:\\Panda3D-1.11.0-x64\\python\\DLLs', 'C:\\Panda3D-1.11.0-x64\\python\\lib', 'C:\\Panda3D-1.11.0-x64\\python\\lib\\plat-win', 'C:\\Panda3D-1.11.0-x64\\python\\lib\\lib-tk', 'C:\\Panda3D-1.11.0-x64\\python', 'C:\\Panda3D-1.11.0-x64\\bin', 'C:\\Panda3D-1.11.0-x64\\python\\lib\\site-packages']
sys.argv =  ['C:\\Users\\alyaz\\Documents\\GitHub\\Toontown-School-House\\toontown\\launcher\\TTOffQuickStartLauncher.py']
generating standard configrc
os.environ =  {'TMP': 'C:\\Users\\alyaz\\AppData\\Local\\Temp', 'COMPUTERNAME': 'DESKTOP-5K6UCTT', 'USERDOMAIN': 'DESKTOP-5K6UCTT', 'INTEL_DEV_REDIST': 'C:\\Program Files (x86)\\Common Files\\Intel\\Shared Libraries\\', 'PSMODULEPATH': 'C:\\Program Files\\WindowsPowerShell\\Modules;C:\\WINDOWS\\system32\\WindowsPowerShell\\v1.0\\Modules', 'COMMONPROGRAMFILES': 'C:\\Program Files\\Common Files', 'PROCESSOR_IDENTIFIER': 'Intel64 Family 6 Model 94 Stepping 3, GenuineIntel', 'LOGONSERVER': '\\\\DESKTOP-5K6UCTT', 'VBOX_MSI_INSTALL_PATH': 'C:\\Program Files\\Oracle\\VirtualBox\\', 'PROGRAMFILES': 'C:\\Program Files', 'PROCESSOR_REVISION': '5e03', 'PATH': 'C:\\Panda3D-1.11.0-x64\\panda3d\\..\\bin;C:\\Program Files (x86)\\Common Files\\Intel\\Shared Libraries\\redist\\intel64\\compiler;C:\\Program Files (x86)\\Razer Chroma SDK\\bin;C:\\Program Files\\Razer Chroma SDK\\bin;C:\\ProgramData\\Oracle\\Java\\javapath;C:\\Program Files (x86)\\Intel\\iCLS Client\\;C:\\Program Files\\Intel\\iCLS Client\\;C:\\Windows\\system32;C:\\Windows;C:\\Windows\\System32\\Wbem;C:\\Windows\\System32\\WindowsPowerShell\\v1.0\\;C:\\Program Files (x86)\\Intel\\Intel(R) Management Engine Components\\DAL;C:\\Program Files\\Intel\\Intel(R) Management Engine Components\\DAL;C:\\Program Files (x86)\\Intel\\Intel(R) Management Engine Components\\IPT;C:\\Program Files\\Intel\\Intel(R) Management Engine Components\\IPT;C:\\Program Files (x86)\\NVIDIA Corporation\\PhysX\\Common;C:\\WINDOWS\\system32;C:\\WINDOWS;C:\\WINDOWS\\System32\\Wbem;C:\\WINDOWS\\System32\\WindowsPowerShell\\v1.0\\;C:\\Program Files (x86)\\Windows Live\\Shared;C:\\Program Files\\Intel\\WiFi\\bin\\;C:\\Program Files\\Common Files\\Intel\\WirelessCommon\\;C:\\Program Files (x86)\\Gpg4win\\..\\GnuPG\\bin;C:\\WINDOWS\\system32\\config\\systemprofile\\AppData\\Local\\Microsoft\\WindowsApps;C:\\WINDOWS\\system32;C:\\WINDOWS;C:\\WINDOWS\\System32\\Wbem;C:\\WINDOWS\\System32\\WindowsPowerShell\\v1.0\\;C:\\WINDOWS\\System32\\OpenSSH\\;C:\\Program Files\\NVIDIA Corporation\\NVIDIA NvDLISR;C:\\Program Files\\Git\\cmd;C:\\Program Files\\PuTTY\\;C:\\Program Files (x86)\\QuickTime\\QTSystem\\;C:\\Panda3D-1.11.0-x64\\bin;C:\\Users\\alyaz\\AppData\\Local\\Programs\\Python\\Python37-32\\Scripts;C:\\Users\\alyaz\\AppData\\Local\\Programs\\Python\\Python37-32;C:\\Users\\alyaz\\AppData\\Local\\Microsoft\\WindowsApps;C:\\Users\\NSI\\AppData\\Local\\GitHubDesktop\\bin;C:\\Users\\alyaz\\AppData\\Local\\Programs\\Microsoft VS Code\\bin;C:\\Users\\alyaz\\AppData\\Local\\atom\\bin;C:\\Panda3D-1.11.0\\python;C:\\Panda3D-1.11.0\\python\\Scripts;C:\\Panda3D-1.11.0\\bin;C:\\Panda3D-1.11.0-x64\\python;C:\\Panda3D-1.11.0-x64\\python\\Scripts;C:\\Panda3D-1.11.0-x64\\bin;F:\\Python3\\TTSH\\TTSH-py3\\Panda3D-1.11.0-x64\\python;F:\\Python3\\TTSH\\TTSH-py3\\Panda3D-1.11.0-x64\\python\\Scripts;F:\\Python3\\TTSH\\TTSH-py3\\Panda3D-1.11.0-x64\\bin;F:\\Panda3D-1.10.4.1-x64\\python;F:\\Panda3D-1.10.4.1-x64\\python\\Scripts;F:\\Panda3D-1.10.4.1-x64\\bin;C:\\Panda3D-1.10.4.1-x64\\python;C:\\Panda3D-1.10.4.1-x64\\python\\Scripts;C:\\Panda3D-1.10.4.1-x64\\bin;C:\\Panda3D-1.10.0-x64\\python;C:\\Panda3D-1.10.0-x64\\python\\Scripts;C:\\Panda3D-1.10.0-x64\\bin;F:\\PYTHON-3\\TOONTOWN-SOURCES\\CorporateClash-python3\\Panda3D-1.10.0-x64\\python;F:\\PYTHON-3', 'SYSTEMROOT': 'C:\\WINDOWS', 'MIC_LD_LIBRARY_PATH': 'C:\\Program Files (x86)\\Common Files\\Intel\\Shared Libraries\\compiler\\lib\\mic', 'COMSPEC': 'C:\\WINDOWS\\system32\\cmd.exe', 'DRIVERDATA': 'C:\\Windows\\System32\\Drivers\\DriverData', 'PPYTHON_PATH': '"C:\\Panda3D-1.11.0-x64\\python\\ppython.exe"', 'TEMP': 'C:\\Users\\alyaz\\AppData\\Local\\Temp', 'COMMONPROGRAMFILES(X86)': 'C:\\Program Files (x86)\\Common Files', 'PROCESSOR_ARCHITECTURE': 'AMD64', 'PROGRAMFILES(X86)': 'C:\\Program Files (x86)', 'ALLUSERSPROFILE': 'C:\\ProgramData', 'LOCALAPPDATA': 'C:\\Users\\alyaz\\AppData\\Local', 'FPS_BROWSER_USER_PROFILE_STRING': 'Default', 'HOMEPATH': '\\Users\\alyaz', 'USERDOMAIN_ROAMINGPROFILE': 'DESKTOP-5K6UCTT', 'PROGRAMW6432': 'C:\\Program Files', 'USERNAME': 'alyaz', 'TOONIVERSAL_P3D': 'C:\\Users\\alyaz\\Desktop\\Panda3D-1.11.0\\python\\ppython', 'PROMPT': '$P$G', 'SESSIONNAME': 'Console', 'PROGRAMDATA': 'C:\\ProgramData', 'ONEDRIVE': 'C:\\Users\\alyaz\\OneDrive', 'FPS_BROWSER_APP_PROFILE_STRING': 'Internet Explorer', 'PATHEXT': '.COM;.EXE;.BAT;.CMD;.VBS;.VBE;.JS;.JSE;.WSF;.WSH;.MSC', 'TTOFF_LOGIN_TOKEN': 'dev', 'ASL.LOG': 'Destination=file', 'WINDIR': 'C:\\WINDOWS', 'APPDATA': 'C:\\Users\\alyaz\\AppData\\Roaming', 'HOMEDRIVE': 'C:', 'SYSTEMDRIVE': 'C:', 'NUMBER_OF_PROCESSORS': '8', 'PROCESSOR_LEVEL': '6', 'COMMONPROGRAMW6432': 'C:\\Program Files\\Common Files', 'OS': 'Windows_NT', 'PUBLIC': 'C:\\Users\\Public', 'USERPROFILE': 'C:\\Users\\alyaz'}
:11-22-2019 15:01:27 TTOffLauncher: isTestServer: 0
:11-22-2019 15:01:27 TTOffLauncher: Game Server 127.0.0.1
:11-22-2019 15:01:27 TTOffLauncher: Starting Toontown Online... 
:11-22-2019 15:01:27 TTOffLauncher: foreground: Launcher now operating in foreground
useTTOffSpecificLogin=True
:11-22-2019 15:01:27 TTOffLauncher: maybeStartGame: starting game
:11-22-2019 15:01:27 TTOffLauncher: Starting Toontown Online...
:11-22-2019 15:01:27 TTOffLauncher: background: Launcher now operating in background
ToontownStart: Polling for game2 to finish...
ToontownStart: Game2 is finished.
ToontownStart: Starting the game.
ToontownStart: setting default font
:11-22-2019 15:01:27 TTOffLauncher: setting panda error code to 7
Known pipe types:
  wglGraphicsPipe
(all display modules loaded.)
:11-22-2019 15:01:27 ToonBase: Default graphics pipe is wglGraphicsPipe (OpenGL).
:11-22-2019 15:01:27 ToonBase: Successfully opened window of type wglGraphicsWindow (OpenGL)
:11-22-2019 15:01:27 ShowBase: __dev__ == False
:11-22-2019 15:01:28 TTOffLauncher: setting panda error code to 11
:11-22-2019 15:01:28 TTOffLauncher: setting panda error code to 0
ToontownStart: Loading default gui sounds
ToontownStart: serverVersion:  tto-dev
:11-22-2019 15:01:28 Loader: starting bulk load of block 'init'
:11-22-2019 15:01:29 :nativenet(error): Buffered_DatagramConnection Constructor rbufsize = 4096000 wbufsize = 4096000 write_flush_point = 1400
:11-22-2019 15:01:29 OTPClientRepository: Using connect method 'http'
:11-22-2019 15:01:29 TTOffLauncher: getRegistry ('DEPLOYMENT', None)
:11-22-2019 15:01:29 TTOffLauncher: checking env
:11-22-2019 15:01:29 TTOffLauncher: getRegistry ('GAME_DEPLOYMENT', None)
:11-22-2019 15:01:29 TTOffLauncher: checking env
:11-22-2019 15:01:29 OTPClientRepository: reg_deployment=
:11-22-2019 15:01:29 OTPClientRepository: required-login auto.
:11-22-2019 15:01:29 OTPClientRepository: loginInterface: LoginTTOffAccount
:11-22-2019 15:01:29 TTOffLauncher: getNeedPwForSecretKey using ttoff-specific-login
:11-22-2019 15:01:29 Loader: At end of block 'init', expected 138, loaded 8, duration=1.68563956799
:11-22-2019 15:01:29 OTPClientRepository: Connecting to gameserver directly (no proxy).
:11-22-2019 15:01:29 OTPClientRepository: Connecting to //127.0.0.1:7198 via HTTP interface.
:11-22-2019 15:01:29 TTOffLauncher: Stopping mini task manager.
:11-22-2019 15:01:29 OTPClientRepository: Successfully connected to //127.0.0.1:7198.
:11-22-2019 15:01:29 TTOffLauncher: Setting Disconnect Details normal
{401000001: <toontown.distributed.ToontownDistrict.ToontownDistrict instance at 0x000000001D5B1448>}
:11-22-2019 15:01:30 StateData: AvatarChooser.enter
:11-22-2019 15:01:30 DisplayOptions: settingsFullScreen = False, embedded = False width=800 height=600
:11-22-2019 15:01:30 StateData: calling self.displayOptions.restrictToEmbedded(False)
:11-22-2019 15:01:39 OTPClientRepository: ================
:11-22-2019 15:01:39 OTPClientRepository: Chose avatar id: 100000001
:11-22-2019 15:01:39 OTPClientRepository: Chose avatar name: Aeterna
:11-22-2019 15:01:39 OTPClientRepository: Chose avatar dna: ('css', 'ms', 'm', 'f', 26, 0, 21, 26, 3, 11, 3, 11, 8, 12)
:11-22-2019 15:01:39 OTPClientRepository: Chose avatar position: 1
:11-22-2019 15:01:39 OTPClientRepository: isPaid: 1
:11-22-2019 15:01:39 OTPClientRepository: freeTimeLeft: 0
:11-22-2019 15:01:39 OTPClientRepository: allowSecretChat: True
:11-22-2019 15:01:39 OTPClientRepository: ================
:11-22-2019 15:01:39 Loader: starting bulk load of block 'localAvatarPlayGame'
:11-22-2019 15:01:40 OTPClientRepository: Sending heartbeat mid-frame.
:11-22-2019 15:01:40 ToontownTimeManager(warning): error parsing date string=
local
:11-22-2019 15:01:40 NewsPageButtonManager(warning): Should not get here. NewsPageButtonManager.exitOff
:11-22-2019 15:01:40 :pnmimage:png(warning): iCCP: known incorrect sRGB profile
:11-22-2019 15:01:42 OTPClientRepository: Entering shard 401000001
:11-22-2019 15:01:42 StreetSign: Street sign url is https://ttoffline.com/images/
:11-22-2019 15:01:44 StreetSign: Street Sign is up to date
:11-22-2019 15:01:44 TimeManager: Clock sync: TimeManager.announceGenerate
:11-22-2019 15:01:44 InGameNewsMgr: latestIssue=2013-08-22 16:49:46.000003-07:00
cpu info: GenuineIntel|Intel(R) Core(TM) i7-6820HK CPU @ 2.70GHz|329443|0|2.701,2.701|4,8 cpus
:11-22-2019 15:01:45 OTPClientRepository: No sync from TimeManager.
:11-22-2019 15:01:45 OTPClientRepository: gotTimeSync
:11-22-2019 15:01:45 Loader: At end of block 'localAvatarPlayGame', expected 400, loaded 14, duration=5.82919933365
:11-22-2019 15:01:45 TimeManager: Clock sync roundtrip took 1092.048 ms
:11-22-2019 15:01:45 TimeManager: AI time delta is -0:01 from server delta
:11-22-2019 15:01:45 TimeManager: Local clock uncertainty +/- 0.546 s
:11-22-2019 15:01:45 PlayGame: QA-REGRESSION: NEIGHBORHOODS: Visit Lawbot HQ
:11-22-2019 15:01:45 Loader: starting bulk load of block 'hood'
:11-22-2019 15:01:46 LawbotCogHQLoader: loadPlaceGeom: 13000
:11-22-2019 15:01:46 DistributedObject: DistributedSuitPlanner 401002979: generating
:11-22-2019 15:01:46 DistributedToon: calling LocalAvatar.startchat
:11-22-2019 15:01:46 :loader(error): Couldn't load file phase_4/models/questmap/cog_hq_lawbot_maps.bam: not found on model path (currently: "/;/c/Users/alyaz/Documents/GitHub/Toontown-School-House/toontown/launcher;/c/Panda3D-1.11.0-x64/etc/..;/c/Panda3D-1.11.0-x64/etc/../models")
:11-22-2019 15:01:46 Loader: At end of block 'hood', expected 2, loaded 4, duration=0.948425188526
:11-22-2019 15:01:47 Teleport(debug): teleportInDone: walk
:11-22-2019 15:01:47 :loader(error): Couldn't load file phase_4/models/questmap/cog_hq_lawbot_maps.bam: not found on model path (currently: "/;/c/Users/alyaz/Documents/GitHub/Toontown-School-House/toontown/launcher;/c/Panda3D-1.11.0-x64/etc/..;/c/Panda3D-1.11.0-x64/etc/../models")
:11-22-2019 15:02:05 TTOffMagicWordManager: 0 0 1000 0 -90 0 is set as the starting point!
:11-22-2019 15:02:30 TTOffMagicWordManager: 0 0 1000 0 -90 0 is set as the starting point!
:11-22-2019 15:02:33 TTOffMagicWordManager: Point 0 0 500 0 -90 0 with a duration of 3 was added!
:11-22-2019 15:02:38 TTOffMagicWordManager: Presto!
:11-22-2019 15:02:44 TTOffMagicWordManager: Presto!
:11-22-2019 15:02:59 TTOffMagicWordManager: Abracadabra!
:11-22-2019 15:03:00 ShtikerBook: QA-REGRESSION: SHTICKERBOOK: Open
:11-22-2019 15:03:01 ShtikerBook: QA-REGRESSION: SHTICKERBOOK: Close
:11-22-2019 15:03:03 :loader(error): Couldn't load file phase_4/models/questmap/cog_hq_lawbot_maps.bam: not found on model path (currently: "/;/c/Users/alyaz/Documents/GitHub/Toontown-School-House/toontown/launcher;/c/Panda3D-1.11.0-x64/etc/..;/c/Panda3D-1.11.0-x64/etc/../models")
:11-22-2019 15:03:06 TTOffMagicWordManager: Presto!
:11-22-2019 15:03:07 ShtikerBook: QA-REGRESSION: SHTICKERBOOK: Open
:11-22-2019 15:03:07 ShtikerBook: QA-REGRESSION: SHTICKERBOOK: Close
:11-22-2019 15:03:09 :loader(error): Couldn't load file phase_4/models/questmap/cog_hq_lawbot_maps.bam: not found on model path (currently: "/;/c/Users/alyaz/Documents/GitHub/Toontown-School-House/toontown/launcher;/c/Panda3D-1.11.0-x64/etc/..;/c/Panda3D-1.11.0-x64/etc/../models")
:11-22-2019 15:03:15 TTOffMagicWordManager: Alakazam!
:11-22-2019 15:03:16 ShtikerBook: QA-REGRESSION: SHTICKERBOOK: Open
:11-22-2019 15:03:17 ShtikerBook: QA-REGRESSION: SHTICKERBOOK: Close
:11-22-2019 15:03:19 :loader(error): Couldn't load file phase_4/models/questmap/cog_hq_lawbot_maps.bam: not found on model path (currently: "/;/c/Users/alyaz/Documents/GitHub/Toontown-School-House/toontown/launcher;/c/Panda3D-1.11.0-x64/etc/..;/c/Panda3D-1.11.0-x64/etc/../models")
:11-22-2019 15:03:40 TTOffMagicWordManager: 0 0 90000 0 -90 10 is set as the starting point!
:11-22-2019 15:03:41 TTOffMagicWordManager: Aeterna's laff has been set to 137.
:11-22-2019 15:03:43 TTOffMagicWordManager: Alakazam!
:11-22-2019 15:03:45 ShtikerBook: QA-REGRESSION: SHTICKERBOOK: Open
:11-22-2019 15:03:46 ShtikerBook: QA-REGRESSION: SHTICKERBOOK: Close
:11-22-2019 15:03:47 :loader(error): Couldn't load file phase_4/models/questmap/cog_hq_lawbot_maps.bam: not found on model path (currently: "/;/c/Users/alyaz/Documents/GitHub/Toontown-School-House/toontown/launcher;/c/Panda3D-1.11.0-x64/etc/..;/c/Panda3D-1.11.0-x64/etc/../models")
:11-22-2019 15:03:48 ShtikerBook: QA-REGRESSION: SHTICKERBOOK: Open
:11-22-2019 15:03:48 ShtikerBook: QA-REGRESSION: SHTICKERBOOK: Close
:11-22-2019 15:03:50 :loader(error): Couldn't load file phase_4/models/questmap/cog_hq_lawbot_maps.bam: not found on model path (currently: "/;/c/Users/alyaz/Documents/GitHub/Toontown-School-House/toontown/launcher;/c/Panda3D-1.11.0-x64/etc/..;/c/Panda3D-1.11.0-x64/etc/../models")
:11-22-2019 15:03:55 TTOffMagicWordManager: Voila!
:11-22-2019 15:03:55 ShtikerBook: QA-REGRESSION: SHTICKERBOOK: Open
:11-22-2019 15:03:55 ShtikerBook: QA-REGRESSION: SHTICKERBOOK: Close
:11-22-2019 15:03:57 :loader(error): Couldn't load file phase_4/models/questmap/cog_hq_lawbot_maps.bam: not found on model path (currently: "/;/c/Users/alyaz/Documents/GitHub/Toontown-School-House/toontown/launcher;/c/Panda3D-1.11.0-x64/etc/..;/c/Panda3D-1.11.0-x64/etc/../models")
:11-22-2019 15:04:00 LawbotHQExterior: QA-REGRESSION: COGBATTLE: Enter Battle
Battle Event localtoon-battle-event-3
:11-22-2019 15:04:01 TTOffMagicWordManager: Voila!
:11-22-2019 15:04:12 TTOffMagicWordManager: Alakazam!
:11-22-2019 15:04:21 TTOffMagicWordManager: 0 0 1000 0 -90 0 is set as the starting point!
:11-22-2019 15:04:34 TTOffMagicWordManager: Point 0 0 90000 0 -90 0 with a duration of 10 was added!
:11-22-2019 15:04:36 TTOffMagicWordManager: Abracadabra!
chooseFireOpenShot <function avatarCloseUpThrowShot at 0x00000000132D63C8>
chooseFireOpenShot <function avatarCloseUpThreeQuarterLeftFireShot at 0x00000000132D6E48>
:11-22-2019 15:05:06 TTOffMagicWordManager: Aeterna's laff has been set to 137.
:11-22-2019 15:05:13 TTOffMagicWordManager: Successfully skipped Battle movie!
Warning: NodePath.remove() is deprecated.  Use remove_node() instead.
chooseFireOpenShot <function suitGroupThreeQuarterLeftBehindShot at 0x00000000132D6208>
chooseFireOpenShot <function allGroupLowShot at 0x00000000132D5F28>
Warning: NodePath.remove() is deprecated.  Use remove_node() instead.
:11-22-2019 15:05:22 TTOffMagicWordManager: Successfully skipped Battle movie!
:11-22-2019 15:05:24 :loader(error): Couldn't load file phase_4/models/questmap/cog_hq_lawbot_maps.bam: not found on model path (currently: "/;/c/Users/alyaz/Documents/GitHub/Toontown-School-House/toontown/launcher;/c/Panda3D-1.11.0-x64/etc/..;/c/Panda3D-1.11.0-x64/etc/../models")
:11-22-2019 15:05:30 TTOffMagicWordManager: [x0, y0, z1000, h0, p-90, r0]
 [x0, y0, z500, h0, p-90, r0, dur3]
 [x0, y0, z90000, h0, p-90, r0, dur10]
:11-22-2019 15:05:42 TTOffMagicWordManager: Abracadabra!
:11-22-2019 15:06:28 GarbageCollect(warning): garbage found, reverting gc threshold
:11-22-2019 15:06:32 TTOffMagicWordManager: Voila!
:11-22-2019 15:06:33 ShtikerBook: QA-REGRESSION: SHTICKERBOOK: Open
:11-22-2019 15:06:33 ShtikerBook: QA-REGRESSION: SHTICKERBOOK: Close
:11-22-2019 15:06:35 :loader(error): Couldn't load file phase_4/models/questmap/cog_hq_lawbot_maps.bam: not found on model path (currently: "/;/c/Users/alyaz/Documents/GitHub/Toontown-School-House/toontown/launcher;/c/Panda3D-1.11.0-x64/etc/..;/c/Panda3D-1.11.0-x64/etc/../models")
:11-22-2019 15:06:38 ShtikerBook: QA-REGRESSION: SHTICKERBOOK: Open
:11-22-2019 15:06:38 ShtikerBook: QA-REGRESSION: SHTICKERBOOK: Close
:11-22-2019 15:06:39 :loader(error): Couldn't load file phase_4/models/questmap/cog_hq_lawbot_maps.bam: not found on model path (currently: "/;/c/Users/alyaz/Documents/GitHub/Toontown-School-House/toontown/launcher;/c/Panda3D-1.11.0-x64/etc/..;/c/Panda3D-1.11.0-x64/etc/../models")
frame rate: 136.9 fps|0.003d|10 avs||314|315||0x0000|0x0000|655.2MB|753.0MB|32703.7MB|485|nt.2.6.2|2.701,2.701|4,8 cpus|OpenGL
:11-22-2019 15:06:51 TTOffMagicWordManager: Run mode has been toggled.
:11-22-2019 15:06:56 LawbotHQExterior: QA-REGRESSION: COGBATTLE: Enter Battle
Battle Event localtoon-battle-event-9
:11-22-2019 15:07:00 TTOffMagicWordManager: Ta-da!
:11-22-2019 15:07:16 TTOffMagicWordManager: Abracadabra!
chooseFireOpenShot <function avatarCloseUpThrowShot at 0x00000000132D63C8>
chooseFireOpenShot <function allGroupLowShot at 0x00000000132D5F28>
Warning: NodePath.remove() is deprecated.  Use remove_node() instead.
:11-22-2019 15:07:59 :loader(error): Couldn't load file phase_4/models/questmap/cog_hq_lawbot_maps.bam: not found on model path (currently: "/;/c/Users/alyaz/Documents/GitHub/Toontown-School-House/toontown/launcher;/c/Panda3D-1.11.0-x64/etc/..;/c/Panda3D-1.11.0-x64/etc/../models")
:11-22-2019 15:07:59 LawbotHQExterior(warning): fsm.request('walk') returned 0 (zone id 13010, avatar pos LPoint3f(241.84, -326.834, -68.3671)).
:11-22-2019 15:08:55 TTOffMagicWordManager: Voila!
:11-22-2019 15:09:31 LawbotHQExterior: QA-REGRESSION: COGBATTLE: Enter Battle
Battle Event localtoon-battle-event-15
