

Starting Toontown Online...
Current time: Fri Mar  6 06:36:33 2020 Eastern Standard Time
sys.path =  ['', 'C:\\Panda3D-1.11.0-x64\\python\\python27.zip', 'C:\\Panda3D-1.11.0-x64', 'C:\\Panda3D-1.11.0-x64\\python\\DLLs', 'C:\\Panda3D-1.11.0-x64\\python\\lib', 'C:\\Panda3D-1.11.0-x64\\python\\lib\\plat-win', 'C:\\Panda3D-1.11.0-x64\\python\\lib\\lib-tk', 'C:\\Panda3D-1.11.0-x64\\python', 'C:\\Panda3D-1.11.0-x64\\bin', 'C:\\Panda3D-1.11.0-x64\\python\\lib\\site-packages']
sys.argv =  ['D:\\hollybae\\Aly\\Toontown-School-House\\toontown\\launcher\\TTOffQuickStartLauncher.py']
generating standard configrc
os.environ =  {'TMP': 'C:\\Users\\holla\\AppData\\Local\\Temp', 'COMPUTERNAME': 'HOLLYBAES-PC', 'USERDOMAIN': 'HOLLYBAES-PC', 'INTEL_DEV_REDIST': 'C:\\Program Files (x86)\\Common Files\\Intel\\Shared Libraries\\', 'PSMODULEPATH': 'C:\\Program Files\\WindowsPowerShell\\Modules;C:\\WINDOWS\\system32\\WindowsPowerShell\\v1.0\\Modules', 'COMMONPROGRAMFILES': 'C:\\Program Files\\Common Files', 'PROCESSOR_IDENTIFIER': 'Intel64 Family 6 Model 158 Stepping 10, GenuineIntel', 'VBOX_MSI_INSTALL_PATH': 'C:\\Program Files\\Oracle\\VirtualBox\\', 'PROGRAMFILES': 'C:\\Program Files', 'PROCESSOR_REVISION': '9e0a', 'PATH': 'C:\\Panda3D-1.11.0-x64\\panda3d\\..\\bin;C:\\Program Files (x86)\\Razer\\ChromaBroadcast\\bin;C:\\Program Files\\Razer\\ChromaBroadcast\\bin;C:\\Program Files (x86)\\Common Files\\Intel\\Shared Libraries\\redist\\intel64_win\\compiler;C:\\Program Files (x86)\\Common Files\\Oracle\\Java\\javapath;C:\\Program Files (x86)\\Common Files\\Intel\\Shared Libraries\\redist\\intel64\\compiler;C:\\WINDOWS\\system32;C:\\WINDOWS;C:\\WINDOWS\\System32\\Wbem;C:\\WINDOWS\\System32\\WindowsPowerShell\\v1.0\\;C:\\WINDOWS\\System32\\OpenSSH\\;C:\\Program Files\\NVIDIA Corporation\\NVIDIA NGX;C:\\Program Files (x86)\\NVIDIA Corporation\\PhysX\\Common;C:\\Program Files\\NVIDIA Corporation\\NVIDIA NvDLISR;C:\\WINDOWS\\system32;C:\\WINDOWS;C:\\WINDOWS\\System32\\Wbem;C:\\WINDOWS\\System32\\WindowsPowerShell\\v1.0\\;C:\\WINDOWS\\System32\\OpenSSH\\;D:\\hollybae\\ffmpeg-4.1.3-win64-static\\ffmpeg-4.1.3-win64-static\\bin;C:\\Program Files\\dotnet\\;C:\\WINDOWS\\system32\\config\\systemprofile\\AppData\\Local\\Microsoft\\WindowsApps;C:\\Program Files (x86)\\QuickTime\\QTSystem\\;C:\\Users\\holla\\AppData\\Local\\Microsoft\\WindowsApps;C:\\Panda3D-1.10.4.1-x64\\python;C:\\Panda3D-1.10.4.1-x64\\python\\Scripts;C:\\Panda3D-1.10.4.1-x64\\bin;C:\\Panda3D-1.11.0-x64\\python;C:\\Panda3D-1.11.0-x64\\python\\Scripts;C:\\Panda3D-1.11.0-x64\\bin', 'SYSTEMROOT': 'C:\\WINDOWS', 'MIC_LD_LIBRARY_PATH': 'C:\\Program Files (x86)\\Common Files\\Intel\\Shared Libraries\\compiler\\lib\\intel64_win_mic', 'COMSPEC': 'C:\\WINDOWS\\system32\\cmd.exe', 'DRIVERDATA': 'C:\\Windows\\System32\\Drivers\\DriverData', 'PPYTHON_PATH': '"C:\\Panda3D-1.11.0-x64\\python\\ppython.exe"', 'TEMP': 'C:\\Users\\holla\\AppData\\Local\\Temp', 'COMMONPROGRAMFILES(X86)': 'C:\\Program Files (x86)\\Common Files', 'PROCESSOR_ARCHITECTURE': 'AMD64', 'PROGRAMFILES(X86)': 'C:\\Program Files (x86)', 'ALLUSERSPROFILE': 'C:\\ProgramData', 'LOCALAPPDATA': 'C:\\Users\\holla\\AppData\\Local', 'FPS_BROWSER_USER_PROFILE_STRING': 'Default', 'HOMEPATH': '\\Users\\holla', 'USERDOMAIN_ROAMINGPROFILE': 'HOLLYBAES-PC', 'PROGRAMW6432': 'C:\\Program Files', 'USERNAME': 'holla', 'LOGONSERVER': '\\\\HOLLYBAES-PC', 'PROMPT': '$P$G', 'SESSIONNAME': 'Console', 'PROGRAMDATA': 'C:\\ProgramData', 'ONEDRIVE': 'C:\\Users\\holla\\OneDrive - University of Guelph', 'FPS_BROWSER_APP_PROFILE_STRING': 'Internet Explorer', 'PATHEXT': '.COM;.EXE;.BAT;.CMD;.VBS;.VBE;.JS;.JSE;.WSF;.WSH;.MSC', 'TTOFF_LOGIN_TOKEN': 'dev', 'ONEDRIVECOMMERCIAL': 'C:\\Users\\holla\\OneDrive - University of Guelph', 'WINDIR': 'C:\\WINDOWS', 'APPDATA': 'C:\\Users\\holla\\AppData\\Roaming', 'HOMEDRIVE': 'C:', 'SYSTEMDRIVE': 'C:', 'NUMBER_OF_PROCESSORS': '12', 'PROCESSOR_LEVEL': '6', 'RG_GPU_FRAMEWORK_ENGINE_RESOURCEDIR': 'C:\\Program Files\\Red Giant\\RGFX', 'COMMONPROGRAMW6432': 'C:\\Program Files\\Common Files', 'OS': 'Windows_NT', 'PUBLIC': 'C:\\Users\\Public', 'USERPROFILE': 'C:\\Users\\holla'}
:03-06-2020 06:36:33 TTOffLauncher: isTestServer: 0
:03-06-2020 06:36:33 TTOffLauncher: Game Server 127.0.0.1
:03-06-2020 06:36:33 TTOffLauncher: Starting Toontown Online... 
:03-06-2020 06:36:33 TTOffLauncher: foreground: Launcher now operating in foreground
useTTOffSpecificLogin=True
:03-06-2020 06:36:33 TTOffLauncher: maybeStartGame: starting game
:03-06-2020 06:36:33 TTOffLauncher: Starting Toontown Online...
:03-06-2020 06:36:33 TTOffLauncher: background: Launcher now operating in background
ToontownStart: Polling for game2 to finish...
ToontownStart: Game2 is finished.
ToontownStart: Starting the game.
ToontownStart: setting default font
:03-06-2020 06:36:33 TTOffLauncher: setting panda error code to 7
Known pipe types:
  wglGraphicsPipe
(all display modules loaded.)
:03-06-2020 06:36:33 ToonBase: Default graphics pipe is wglGraphicsPipe (OpenGL).
:03-06-2020 06:36:33 ToonBase: Successfully opened window of type wglGraphicsWindow (OpenGL)
:03-06-2020 06:36:33 ShowBase: __dev__ == False
:03-06-2020 06:36:33 TTOffLauncher: setting panda error code to 11
:03-06-2020 06:36:34 TTOffLauncher: setting panda error code to 0
ToontownStart: Loading default gui sounds
ToontownStart: serverVersion:  tto-dev
:03-06-2020 06:36:34 Loader: starting bulk load of block 'init'
:03-06-2020 06:36:36 :nativenet(error): Buffered_DatagramConnection Constructor rbufsize = 4096000 wbufsize = 4096000 write_flush_point = 1400
:03-06-2020 06:36:36 OTPClientRepository: Using connect method 'http'
:03-06-2020 06:36:37 TTOffLauncher: getRegistry ('DEPLOYMENT', None)
:03-06-2020 06:36:37 TTOffLauncher: checking env
:03-06-2020 06:36:37 TTOffLauncher: getRegistry ('GAME_DEPLOYMENT', None)
:03-06-2020 06:36:37 TTOffLauncher: checking env
:03-06-2020 06:36:37 OTPClientRepository: reg_deployment=
:03-06-2020 06:36:37 OTPClientRepository: required-login auto.
:03-06-2020 06:36:37 OTPClientRepository: loginInterface: LoginTTOffAccount
:03-06-2020 06:36:37 TTOffLauncher: getNeedPwForSecretKey using ttoff-specific-login
:03-06-2020 06:36:37 Loader: At end of block 'init', expected 138, loaded 9, duration=3.479076
:03-06-2020 06:36:37 OTPClientRepository: Connecting to gameserver directly (no proxy).
:03-06-2020 06:36:37 OTPClientRepository: Connecting to //127.0.0.1:7198 via HTTP interface.
:03-06-2020 06:36:37 TTOffLauncher: Stopping mini task manager.
:03-06-2020 06:36:37 OTPClientRepository: Successfully connected to //127.0.0.1:7198.
:03-06-2020 06:36:37 TTOffLauncher: Setting Disconnect Details normal
{401000001: <toontown.distributed.ToontownDistrict.ToontownDistrict instance at 0x000000001DA16748>}
{401000001: <toontown.distributed.ToontownDistrict.ToontownDistrict instance at 0x000000001DA16748>}
:03-06-2020 06:36:50 StateData: AvatarChooser.enter
:03-06-2020 06:36:50 DisplayOptions: settingsFullScreen = False, embedded = False width=800 height=600
:03-06-2020 06:36:50 StateData: calling self.displayOptions.restrictToEmbedded(False)
:03-06-2020 06:36:54 OTPClientRepository: ================
:03-06-2020 06:36:54 OTPClientRepository: Chose avatar id: 100000014
:03-06-2020 06:36:54 OTPClientRepository: Chose avatar name: Hollybae
:03-06-2020 06:36:54 OTPClientRepository: Chose avatar dna: ('css', 'ms', 'm', 'm', 16, 0, 16, 16, 113, 27, 18, 27, 7, 21)
:03-06-2020 06:36:54 OTPClientRepository: Chose avatar position: 5
:03-06-2020 06:36:54 OTPClientRepository: isPaid: 1
:03-06-2020 06:36:54 OTPClientRepository: freeTimeLeft: 0
:03-06-2020 06:36:54 OTPClientRepository: allowSecretChat: True
:03-06-2020 06:36:54 OTPClientRepository: ================
:03-06-2020 06:36:54 Loader: starting bulk load of block 'localAvatarPlayGame'
:03-06-2020 06:36:55 ToontownTimeManager(warning): error parsing date string=
local
:03-06-2020 06:36:55 NewsPageButtonManager(warning): Should not get here. NewsPageButtonManager.exitOff
:03-06-2020 06:36:55 :pnmimage:png(warning): iCCP: known incorrect sRGB profile
:03-06-2020 06:36:57 OTPClientRepository: Sending heartbeat mid-frame.
:03-06-2020 06:36:58 OTPClientRepository: Entering shard 401000001
:03-06-2020 06:36:58 StreetSign: Street sign url is https://ttoffline.com/images/
:03-06-2020 06:36:59 StreetSign: Street Sign is up to date
:03-06-2020 06:36:59 TimeManager: Clock sync: TimeManager.announceGenerate
:03-06-2020 06:36:59 InGameNewsMgr: latestIssue=2013-08-22 16:49:46.000003-07:00
cpu info: GenuineIntel|Intel(R) Core(TM) i7-8700K CPU @ 3.70GHz|591594|0|3.701,3.701|6,12 cpus
:03-06-2020 06:37:00 OTPClientRepository: No sync from TimeManager.
:03-06-2020 06:37:00 OTPClientRepository: gotTimeSync
:03-06-2020 06:37:00 Loader: At end of block 'localAvatarPlayGame', expected 400, loaded 17, duration=6.3739709
:03-06-2020 06:37:00 TimeManager: Clock sync roundtrip took 1511.221 ms
:03-06-2020 06:37:00 TimeManager: AI time delta is -0:01 from server delta
:03-06-2020 06:37:00 TimeManager: Local clock uncertainty +/- 0.756 s
:03-06-2020 06:37:00 PlayGame: QA-REGRESSION: NEIGHBORHOODS: Visit Lawbot HQ
:03-06-2020 06:37:00 Loader: starting bulk load of block 'hood'
:03-06-2020 06:37:02 LawbotCogHQLoader: loadPlaceGeom: 13000
:03-06-2020 06:37:02 DistributedObject: DistributedSuitPlanner 401002972: generating
:03-06-2020 06:37:02 DistributedToon: calling LocalAvatar.startchat
:03-06-2020 06:37:02 :loader(error): Couldn't load file phase_4/models/questmap/cog_hq_lawbot_maps.bam: not found on model path (currently: "/;/d/hollybae/Aly/Toontown-School-House/toontown/launcher;/c/Panda3D-1.11.0-x64/etc/..;/c/Panda3D-1.11.0-x64/etc/../models")
:03-06-2020 06:37:02 Loader: At end of block 'hood', expected 2, loaded 9, duration=1.9776362
:03-06-2020 06:37:04 Teleport(debug): teleportInDone: walk
:03-06-2020 06:37:04 :loader(error): Couldn't load file phase_4/models/questmap/cog_hq_lawbot_maps.bam: not found on model path (currently: "/;/d/hollybae/Aly/Toontown-School-House/toontown/launcher;/c/Panda3D-1.11.0-x64/etc/..;/c/Panda3D-1.11.0-x64/etc/../models")
:03-06-2020 06:37:29 TTOffMagicWordManager: Run mode has been toggled.
:03-06-2020 06:37:36 LawbotCogHQLoader: loadPlaceGeom: 13100
:03-06-2020 06:37:36 LawbotCogHQLoader: QA-REGRESSION: COGHQ: Visit LawbotLobby
:03-06-2020 06:37:36 LawbotHQExterior: Unloading Place (13000). Fsm in final
:03-06-2020 06:37:36 DistributedObject: DistributedSuitPlanner 401002972: disabling
:03-06-2020 06:37:36 DistributedToon: calling LocalAvatar.startchat
:03-06-2020 06:37:36 :loader(error): Couldn't load file phase_4/models/questmap/cog_hq_lawbot_maps.bam: not found on model path (currently: "/;/d/hollybae/Aly/Toontown-School-House/toontown/launcher;/c/Panda3D-1.11.0-x64/etc/..;/c/Panda3D-1.11.0-x64/etc/../models")
:03-06-2020 06:37:37 :loader(error): Couldn't load file phase_4/models/questmap/cog_hq_lawbot_maps.bam: not found on model path (currently: "/;/d/hollybae/Aly/Toontown-School-House/toontown/launcher;/c/Panda3D-1.11.0-x64/etc/..;/c/Panda3D-1.11.0-x64/etc/../models")
:03-06-2020 06:37:49 LawbotCogHQLoader: loadPlaceGeom: 61000
:03-06-2020 06:37:49 LawbotCogHQLoader(warning): loadPlaceGeom: unclassified zone 61000
:03-06-2020 06:37:49 CogHQLobby: Unloading Place (13100). Fsm in final
:03-06-2020 06:37:50 DistributedLawbotBoss(warning): Not a collision node: LawbotCourtroom3.egg/-PandaNode/CR3/interior/CR3_Floor
:03-06-2020 06:37:50 DistributedToon: calling LocalAvatar.startchat
:03-06-2020 06:37:50 LawbotHQBossBattle(warning): fsm.request('movie') returned 0 (zone id 61000, avatar pos LPoint3f(-0.363562, -126.204, 0.193903)).
:03-06-2020 06:38:03 TTOffMagicWordManager: Restarting Scale Round
:03-06-2020 06:38:04 TTOffMagicWordManager: Run mode has been toggled.
:03-06-2020 06:38:07 TTOffMagicWordManager: Ta-da!
:03-06-2020 06:38:09 TTOffMagicWordManager: Gave Hollybae an infinite amount of pies
:03-06-2020 06:38:11 LawbotHQBossBattle(warning): fsm.request('finalBattle') returned 0 (zone id 61000, avatar pos LPoint3f(-3, 0, 0)).
:03-06-2020 06:38:11 TTOffMagicWordManager: Restarting Scale Round
:03-06-2020 06:39:28 LawbotHQBossBattle(warning): fsm.request('finalBattle') returned 0 (zone id 61000, avatar pos LPoint3f(-54.2514, 6.05178, 0)).
:03-06-2020 06:39:28 TTOffMagicWordManager: Restarting Scale Round
:03-06-2020 06:39:38 LawbotHQBossBattle(warning): fsm.request('finalBattle') returned 0 (zone id 61000, avatar pos LPoint3f(-54.0146, 16.7342, -0.000218153)).
:03-06-2020 06:39:38 TTOffMagicWordManager: Restarting Scale Round
:03-06-2020 06:39:44 LawbotHQBossBattle(warning): fsm.request('finalBattle') returned 0 (zone id 61000, avatar pos LPoint3f(-42.3792, 15.3309, 0)).
:03-06-2020 06:39:44 TTOffMagicWordManager: Restarting Scale Round
:03-06-2020 06:41:34 GarbageCollect(warning): garbage found, reverting gc threshold
frame rate: 276.6 fps|0.001d|12 avs||324|324||0x0000|0x0000|966.8MB|1140.9MB|16235.6MB|558|nt.2.6.2|3.701,3.701|6,12 cpus|OpenGL
frame rate: 241.4 fps|0.001d|12 avs||624|624||0x0000|0x0000|1275.7MB|1450.4MB|16235.6MB|663|nt.2.6.2|3.701,3.701|6,12 cpus|OpenGL
:03-06-2020 06:48:04 :linmath(warning): Tried to invert singular LMatrix3.
frame rate: 253.3 fps|0.000d|12 avs||924|924||0x0000|0x0000|1593.6MB|1769.1MB|16235.6MB|771|nt.2.6.2|3.701,3.701|6,12 cpus|OpenGL
