

Starting Toontown Online...
Current time: Sat Feb 22 15:09:27 2020 Eastern Standard Time
sys.path =  ['', 'C:\\Panda3D-1.11.0-x64\\python\\python27.zip', 'C:\\Panda3D-1.11.0-x64', 'C:\\Panda3D-1.11.0-x64\\python\\DLLs', 'C:\\Panda3D-1.11.0-x64\\python\\lib', 'C:\\Panda3D-1.11.0-x64\\python\\lib\\plat-win', 'C:\\Panda3D-1.11.0-x64\\python\\lib\\lib-tk', 'C:\\Panda3D-1.11.0-x64\\python', 'C:\\Panda3D-1.11.0-x64\\bin', 'C:\\Panda3D-1.11.0-x64\\python\\lib\\site-packages']
sys.argv =  ['D:\\hollybae\\Aly\\Toontown-School-House\\toontown\\launcher\\TTOffQuickStartLauncher.py']
generating standard configrc
os.environ =  {'TMP': 'C:\\Users\\holla\\AppData\\Local\\Temp', 'COMPUTERNAME': 'HOLLYBAES-PC', 'USERDOMAIN': 'HOLLYBAES-PC', 'INTEL_DEV_REDIST': 'C:\\Program Files (x86)\\Common Files\\Intel\\Shared Libraries\\', 'PSMODULEPATH': 'C:\\Program Files\\WindowsPowerShell\\Modules;C:\\WINDOWS\\system32\\WindowsPowerShell\\v1.0\\Modules', 'COMMONPROGRAMFILES': 'C:\\Program Files\\Common Files', 'PROCESSOR_IDENTIFIER': 'Intel64 Family 6 Model 158 Stepping 10, GenuineIntel', 'VBOX_MSI_INSTALL_PATH': 'C:\\Program Files\\Oracle\\VirtualBox\\', 'PROGRAMFILES': 'C:\\Program Files', 'PROCESSOR_REVISION': '9e0a', 'PATH': 'C:\\Panda3D-1.11.0-x64\\panda3d\\..\\bin;C:\\Program Files (x86)\\Razer\\ChromaBroadcast\\bin;C:\\Program Files\\Razer\\ChromaBroadcast\\bin;C:\\Program Files (x86)\\Common Files\\Intel\\Shared Libraries\\redist\\intel64_win\\compiler;C:\\Program Files (x86)\\Common Files\\Oracle\\Java\\javapath;C:\\Program Files (x86)\\Common Files\\Intel\\Shared Libraries\\redist\\intel64\\compiler;C:\\WINDOWS\\system32;C:\\WINDOWS;C:\\WINDOWS\\System32\\Wbem;C:\\WINDOWS\\System32\\WindowsPowerShell\\v1.0\\;C:\\WINDOWS\\System32\\OpenSSH\\;C:\\Program Files\\NVIDIA Corporation\\NVIDIA NGX;C:\\Program Files (x86)\\NVIDIA Corporation\\PhysX\\Common;C:\\Program Files\\NVIDIA Corporation\\NVIDIA NvDLISR;C:\\WINDOWS\\system32;C:\\WINDOWS;C:\\WINDOWS\\System32\\Wbem;C:\\WINDOWS\\System32\\WindowsPowerShell\\v1.0\\;C:\\WINDOWS\\System32\\OpenSSH\\;D:\\hollybae\\ffmpeg-4.1.3-win64-static\\ffmpeg-4.1.3-win64-static\\bin;C:\\Program Files\\dotnet\\;C:\\WINDOWS\\system32\\config\\systemprofile\\AppData\\Local\\Microsoft\\WindowsApps;C:\\Program Files (x86)\\QuickTime\\QTSystem\\;C:\\Users\\holla\\AppData\\Local\\Microsoft\\WindowsApps;C:\\Panda3D-1.10.4.1-x64\\python;C:\\Panda3D-1.10.4.1-x64\\python\\Scripts;C:\\Panda3D-1.10.4.1-x64\\bin;C:\\Panda3D-1.11.0-x64\\python;C:\\Panda3D-1.11.0-x64\\python\\Scripts;C:\\Panda3D-1.11.0-x64\\bin', 'SYSTEMROOT': 'C:\\WINDOWS', 'MIC_LD_LIBRARY_PATH': 'C:\\Program Files (x86)\\Common Files\\Intel\\Shared Libraries\\compiler\\lib\\intel64_win_mic', 'COMSPEC': 'C:\\WINDOWS\\system32\\cmd.exe', 'DRIVERDATA': 'C:\\Windows\\System32\\Drivers\\DriverData', 'PPYTHON_PATH': '"C:\\Panda3D-1.11.0-x64\\python\\ppython.exe"', 'TEMP': 'C:\\Users\\holla\\AppData\\Local\\Temp', 'COMMONPROGRAMFILES(X86)': 'C:\\Program Files (x86)\\Common Files', 'PROCESSOR_ARCHITECTURE': 'AMD64', 'PROGRAMFILES(X86)': 'C:\\Program Files (x86)', 'ALLUSERSPROFILE': 'C:\\ProgramData', 'LOCALAPPDATA': 'C:\\Users\\holla\\AppData\\Local', 'FPS_BROWSER_USER_PROFILE_STRING': 'Default', 'HOMEPATH': '\\Users\\holla', 'USERDOMAIN_ROAMINGPROFILE': 'HOLLYBAES-PC', 'PROGRAMW6432': 'C:\\Program Files', 'USERNAME': 'holla', 'LOGONSERVER': '\\\\HOLLYBAES-PC', 'PROMPT': '$P$G', 'SESSIONNAME': 'Console', 'PROGRAMDATA': 'C:\\ProgramData', 'ONEDRIVE': 'C:\\Users\\holla\\OneDrive - University of Guelph', 'FPS_BROWSER_APP_PROFILE_STRING': 'Internet Explorer', 'PATHEXT': '.COM;.EXE;.BAT;.CMD;.VBS;.VBE;.JS;.JSE;.WSF;.WSH;.MSC', 'TTOFF_LOGIN_TOKEN': 'dev', 'ONEDRIVECOMMERCIAL': 'C:\\Users\\holla\\OneDrive - University of Guelph', 'WINDIR': 'C:\\WINDOWS', 'APPDATA': 'C:\\Users\\holla\\AppData\\Roaming', 'HOMEDRIVE': 'C:', 'SYSTEMDRIVE': 'C:', 'NUMBER_OF_PROCESSORS': '12', 'PROCESSOR_LEVEL': '6', 'RG_GPU_FRAMEWORK_ENGINE_RESOURCEDIR': 'C:\\Program Files\\Red Giant\\RGFX', 'COMMONPROGRAMW6432': 'C:\\Program Files\\Common Files', 'OS': 'Windows_NT', 'PUBLIC': 'C:\\Users\\Public', 'USERPROFILE': 'C:\\Users\\holla'}
:02-22-2020 15:09:27 TTOffLauncher: isTestServer: 0
:02-22-2020 15:09:27 TTOffLauncher: Game Server 127.0.0.1
:02-22-2020 15:09:27 TTOffLauncher: Starting Toontown Online... 
:02-22-2020 15:09:27 TTOffLauncher: foreground: Launcher now operating in foreground
useTTOffSpecificLogin=True
:02-22-2020 15:09:27 TTOffLauncher: maybeStartGame: starting game
:02-22-2020 15:09:27 TTOffLauncher: Starting Toontown Online...
:02-22-2020 15:09:27 TTOffLauncher: background: Launcher now operating in background
ToontownStart: Polling for game2 to finish...
ToontownStart: Game2 is finished.
ToontownStart: Starting the game.
ToontownStart: setting default font
:02-22-2020 15:09:27 TTOffLauncher: setting panda error code to 7
Known pipe types:
  wglGraphicsPipe
(all display modules loaded.)
:02-22-2020 15:09:28 ToonBase: Default graphics pipe is wglGraphicsPipe (OpenGL).
:02-22-2020 15:09:28 ToonBase: Successfully opened window of type wglGraphicsWindow (OpenGL)
:02-22-2020 15:09:28 ShowBase: __dev__ == False
:02-22-2020 15:09:28 TTOffLauncher: setting panda error code to 11
:02-22-2020 15:09:28 TTOffLauncher: setting panda error code to 0
ToontownStart: Loading default gui sounds
ToontownStart: serverVersion:  tto-dev
:02-22-2020 15:09:28 Loader: starting bulk load of block 'init'
:02-22-2020 15:09:38 :nativenet(error): Buffered_DatagramConnection Constructor rbufsize = 4096000 wbufsize = 4096000 write_flush_point = 1400
:02-22-2020 15:09:38 OTPClientRepository: Using connect method 'http'
:02-22-2020 15:09:44 TTOffLauncher: getRegistry ('DEPLOYMENT', None)
:02-22-2020 15:09:44 TTOffLauncher: checking env
:02-22-2020 15:09:44 TTOffLauncher: getRegistry ('GAME_DEPLOYMENT', None)
:02-22-2020 15:09:44 TTOffLauncher: checking env
:02-22-2020 15:09:44 OTPClientRepository: reg_deployment=
:02-22-2020 15:09:44 OTPClientRepository: required-login auto.
:02-22-2020 15:09:44 OTPClientRepository: loginInterface: LoginTTOffAccount
:02-22-2020 15:09:44 TTOffLauncher: getNeedPwForSecretKey using ttoff-specific-login
:02-22-2020 15:09:44 Loader: At end of block 'init', expected 138, loaded 13, duration=15.2857926
:02-22-2020 15:09:44 OTPClientRepository: Connecting to gameserver directly (no proxy).
:02-22-2020 15:09:44 OTPClientRepository: Connecting to //127.0.0.1:7198 via HTTP interface.
:02-22-2020 15:09:44 TTOffLauncher: Stopping mini task manager.
:02-22-2020 15:09:44 OTPClientRepository: Successfully connected to //127.0.0.1:7198.
:02-22-2020 15:09:44 TTOffLauncher: Setting Disconnect Details normal
{401000001: <toontown.distributed.ToontownDistrict.ToontownDistrict instance at 0x000000001DB90788>}
:02-22-2020 15:09:45 StateData: AvatarChooser.enter
:02-22-2020 15:09:45 DisplayOptions: settingsFullScreen = False, embedded = False width=800 height=600
:02-22-2020 15:09:45 StateData: calling self.displayOptions.restrictToEmbedded(False)
:02-22-2020 15:09:55 MakeAToon: QA-REGRESSION: MAKEATOON: Starting Make A Toon
:02-22-2020 15:10:17 NameShop: QA-REGRESSION: SKIPTUTORIAL: Skip Tutorial
:02-22-2020 15:10:17 NameShop(warning): No dislId, using 0
:02-22-2020 15:10:17 MakeAToon: QA-REGRESSION: MAKEATOON: Creating A Toon
:02-22-2020 15:10:18 Loader: starting bulk load of block 'localAvatarPlayGame'
:02-22-2020 15:10:18 ToontownTimeManager(warning): error parsing date string=
local
:02-22-2020 15:10:19 NewsPageButtonManager(warning): Should not get here. NewsPageButtonManager.exitOff
:02-22-2020 15:10:19 :pnmimage:png(warning): iCCP: known incorrect sRGB profile
:02-22-2020 15:10:21 OTPClientRepository: Entering shard 401000001
:02-22-2020 15:10:21 StreetSign: Street sign url is https://ttoffline.com/images/
:02-22-2020 15:10:22 StreetSign: Street Sign is up to date
:02-22-2020 15:10:22 TimeManager: Clock sync: TimeManager.announceGenerate
:02-22-2020 15:10:22 NewsManager: setHolidayId: Starting Holiday 19
:02-22-2020 15:10:22 InGameNewsMgr: latestIssue=2013-08-22 16:49:46.000003-07:00
cpu info: GenuineIntel|Intel(R) Core(TM) i7-8700K CPU @ 3.70GHz|591594|0|3.701,3.701|6,12 cpus
:02-22-2020 15:10:24 OTPClientRepository: No sync from TimeManager.
:02-22-2020 15:10:24 OTPClientRepository: gotTimeSync
:02-22-2020 15:10:24 Loader: At end of block 'localAvatarPlayGame', expected 400, loaded 14, duration=6.2407698
:02-22-2020 15:10:24 OTPClientRepository: Sending heartbeat mid-frame.
:02-22-2020 15:10:24 TimeManager: Clock sync roundtrip took 2060.721 ms
:02-22-2020 15:10:24 TimeManager: AI time delta is -0:02 from server delta
:02-22-2020 15:10:24 TimeManager: Local clock uncertainty +/- 1.031 s
:02-22-2020 15:10:24 TimeManager: Uncertainty is too high, trying again.
:02-22-2020 15:10:24 Loader(warning): Tried to end a block ('localAvatarPlayGame'), but not in one
:02-22-2020 15:10:24 TimeManager: Clock sync roundtrip took 210.039 ms
:02-22-2020 15:10:24 TimeManager: AI time delta is -0:00 from server delta
:02-22-2020 15:10:24 ClockDelta: previous delta at 0.995 s, +/- 1.031 s.
:02-22-2020 15:10:24 ClockDelta: new delta at 0.032 s, +/- 0.105 s.
:02-22-2020 15:10:24 ClockDelta: intersection at 0.050 s, +/- 0.086 s.
:02-22-2020 15:10:24 TimeManager: Local clock uncertainty +/- 0.086 s
:02-22-2020 15:10:24 QuietZoneState: Requesting AI redirect from zone 0.
:02-22-2020 15:10:24 QuietZoneState: Redirecting to zone 22000.
:02-22-2020 15:10:24 PlayGame: QA-REGRESSION: NEIGHBORHOODS: Visit Toontown Central
:02-22-2020 15:10:24 Loader: starting bulk load of block 'hood'
:02-22-2020 15:10:27 DistributedObject(warning): no loader.getInteractiveProp self.interactiveProp is None
:02-22-2020 15:10:27 DistributedObject(warning): no loader.getInteractiveProp self.interactiveProp is None
:02-22-2020 15:10:27 DistributedObject(warning): no loader.getInteractiveProp self.interactiveProp is None
:02-22-2020 15:10:27 DistributedObject(warning): no loader.getInteractiveProp self.interactiveProp is None
:02-22-2020 15:10:27 DistributedObject(warning): no loader.getInteractiveProp self.interactiveProp is None
:02-22-2020 15:10:27 DistributedToon: calling LocalAvatar.startchat
:02-22-2020 15:10:27 Loader: At end of block 'hood', expected 8, loaded 14, duration=3.0457632
:02-22-2020 15:10:29 Teleport(debug): teleportInDone: popup
local
:02-22-2020 15:10:38 TTOffMagicWordManager: Changed Tricky's name to Kenzie Rewritten!
:02-22-2020 15:10:41 TTOffMagicWordManager: Set Kenzie Rewritten's nametag style successfully.
:02-22-2020 15:10:50 TTOffMagicWordManager: Set Kenzie Rewritten's nametag style successfully.
:02-22-2020 15:10:57 TTOffMagicWordManager: Abracadabra!
:02-22-2020 15:10:59 TTOffMagicWordManager: Uh-oh! This Magic Word doesn't exist!
:02-22-2020 15:11:03 TTOffMagicWordManager: Alakazam!
:02-22-2020 15:11:05 TTOffMagicWordManager: Ta-da!
:02-22-2020 15:11:07 TTOffMagicWordManager: Ta-da!
:02-22-2020 15:11:24 TTOffMagicWordManager: Alakazam!
:02-22-2020 15:11:26 TTOffMagicWordManager: Presto!
:02-22-2020 15:11:28 TTOffMagicWordManager: Presto!
:02-22-2020 15:11:49 TTOffMagicWordManager: Alakazam!
:02-22-2020 15:11:51 TTOffMagicWordManager: Abracadabra!
:02-22-2020 15:11:53 TTOffMagicWordManager: This command takes at least 1 argument!
:02-22-2020 15:11:54 TTOffMagicWordManager: This command takes at least 1 argument!
:02-22-2020 15:11:55 TTOffMagicWordManager: Uh-oh! This Magic Word doesn't exist!
:02-22-2020 15:12:00 TTOffMagicWordManager: This command takes at least 1 argument!
:02-22-2020 15:12:01 TTOffMagicWordManager: This command takes at least 1 argument!
:02-22-2020 15:12:02 TTOffMagicWordManager: Presto!
:02-22-2020 15:12:03 TTOffMagicWordManager: Abracadabra!
:02-22-2020 15:12:04 TTOffMagicWordManager: Abracadabra!
:02-22-2020 15:12:05 TTOffMagicWordManager: Alakazam!
:02-22-2020 15:12:06 TTOffMagicWordManager: This command takes at least 1 argument!
:02-22-2020 15:12:07 TTOffMagicWordManager: Voila!
:02-22-2020 15:12:08 TTOffMagicWordManager: Abracadabra!
:02-22-2020 15:12:09 TTOffMagicWordManager: Abracadabra!
:02-22-2020 15:12:10 TTOffMagicWordManager: Abracadabra!
:02-22-2020 15:12:11 TTOffMagicWordManager: Abracadabra!
:02-22-2020 15:12:12 TTOffMagicWordManager: Voila!
:02-22-2020 15:12:13 TTOffMagicWordManager: Voila!
:02-22-2020 15:12:14 TTOffMagicWordManager: Voila!
:02-22-2020 15:12:15 TTOffMagicWordManager: Voila!
:02-22-2020 15:12:16 TTOffMagicWordManager: Abracadabra!
:02-22-2020 15:12:17 TTOffMagicWordManager: Presto!
:02-22-2020 15:12:18 TTOffMagicWordManager: Voila!
:02-22-2020 15:12:19 TTOffMagicWordManager: Abracadabra!
:02-22-2020 15:12:20 TTOffMagicWordManager: Abracadabra!
:02-22-2020 15:12:21 TTOffMagicWordManager: Alakazam!
:02-22-2020 15:12:22 TTOffMagicWordManager: Voila!
:02-22-2020 15:12:23 TTOffMagicWordManager: Voila!
:02-22-2020 15:12:24 TTOffMagicWordManager: Alakazam!
:02-22-2020 15:12:25 TTOffMagicWordManager: Alakazam!
:02-22-2020 15:12:26 TTOffMagicWordManager: Abracadabra!
:02-22-2020 15:12:27 TTOffMagicWordManager: Alakazam!
:02-22-2020 15:12:28 TTOffMagicWordManager: Ta-da!
:02-22-2020 15:12:28 TTOffMagicWordManager: Ta-da!
:02-22-2020 15:12:29 TTOffMagicWordManager: Abracadabra!
:02-22-2020 15:12:31 TTOffMagicWordManager: Alakazam!
:02-22-2020 15:12:33 TTOffMagicWordManager: Alakazam!
:02-22-2020 15:12:34 TTOffMagicWordManager: Invalid shirt color specified!
:02-22-2020 15:12:35 TTOffMagicWordManager: Invalid shirt color specified!
:02-22-2020 15:12:37 TTOffMagicWordManager: Invalid shirt color specified!
:02-22-2020 15:12:38 TTOffMagicWordManager: Ta-da!
:02-22-2020 15:12:38 TTOffMagicWordManager: Invalid shirt color specified!
:02-22-2020 15:12:40 TTOffMagicWordManager: Invalid shirt color specified!
:02-22-2020 15:12:41 TTOffMagicWordManager: Invalid shirt color specified!
:02-22-2020 15:12:42 TTOffMagicWordManager: Voila!
:02-22-2020 15:12:43 TTOffMagicWordManager: Invalid shirt color specified!
:02-22-2020 15:12:44 TTOffMagicWordManager: Abracadabra!
:02-22-2020 15:12:45 TTOffMagicWordManager: Invalid shirt color specified!
:02-22-2020 15:12:46 TTOffMagicWordManager: Abracadabra!
:02-22-2020 15:12:47 TTOffMagicWordManager: Invalid shirt color specified!
:02-22-2020 15:12:48 TTOffMagicWordManager: Alakazam!
:02-22-2020 15:12:49 TTOffMagicWordManager: Presto!
:02-22-2020 15:12:50 TTOffMagicWordManager: Presto!
:02-22-2020 15:12:52 TTOffMagicWordManager: Alakazam!
:02-22-2020 15:12:53 TTOffMagicWordManager: Alakazam!
:02-22-2020 15:12:54 TTOffMagicWordManager: Abracadabra!
:02-22-2020 15:12:55 TTOffMagicWordManager: Alakazam!
:02-22-2020 15:12:56 TTOffMagicWordManager: Alakazam!
:02-22-2020 15:12:57 TTOffMagicWordManager: Presto!
:02-22-2020 15:12:58 TTOffMagicWordManager: Alakazam!
:02-22-2020 15:12:59 TTOffMagicWordManager: Abracadabra!
:02-22-2020 15:13:00 TTOffMagicWordManager: Abracadabra!
:02-22-2020 15:13:40 TTOffMagicWordManager: Ta-da!
:02-22-2020 15:13:41 TTOffMagicWordManager: Abracadabra!
:02-22-2020 15:13:43 TTOffMagicWordManager: Alakazam!
:02-22-2020 15:13:43 TTOffMagicWordManager: This command takes at least 1 argument!
:02-22-2020 15:13:45 TTOffMagicWordManager: Abracadabra!
:02-22-2020 15:13:46 TTOffMagicWordManager: Alakazam!
:02-22-2020 15:13:46 TTOffMagicWordManager: Abracadabra!
:02-22-2020 15:13:47 TTOffMagicWordManager: Presto!
:02-22-2020 15:13:48 TTOffMagicWordManager: Voila!
:02-22-2020 15:13:49 TTOffMagicWordManager: Ta-da!
:02-22-2020 15:13:50 TTOffMagicWordManager: Ta-da!
:02-22-2020 15:13:51 TTOffMagicWordManager: Abracadabra!
:02-22-2020 15:13:52 TTOffMagicWordManager: Abracadabra!
:02-22-2020 15:13:53 TTOffMagicWordManager: Alakazam!
:02-22-2020 15:13:54 TTOffMagicWordManager: Alakazam!
:02-22-2020 15:13:55 TTOffMagicWordManager: Ta-da!
:02-22-2020 15:13:56 TTOffMagicWordManager: Abracadabra!
:02-22-2020 15:13:57 TTOffMagicWordManager: Presto!
:02-22-2020 15:13:57 TTOffMagicWordManager: Presto!
:02-22-2020 15:13:58 TTOffMagicWordManager: Ta-da!
:02-22-2020 15:14:00 TTOffMagicWordManager: Alakazam!
:02-22-2020 15:14:01 TTOffMagicWordManager: Abracadabra!
:02-22-2020 15:14:04 TTOffMagicWordManager: Abracadabra!
:02-22-2020 15:14:05 TTOffMagicWordManager: Presto!
:02-22-2020 15:14:08 TTOffMagicWordManager: Presto!
:02-22-2020 15:14:11 TTOffMagicWordManager: Ta-da!
:02-22-2020 15:14:12 TTOffMagicWordManager: Presto!
:02-22-2020 15:14:13 TTOffMagicWordManager: Alakazam!
:02-22-2020 15:14:14 TTOffMagicWordManager: Voila!
:02-22-2020 15:14:16 TTOffMagicWordManager: Abracadabra!
:02-22-2020 15:14:17 TTOffMagicWordManager: Ta-da!
:02-22-2020 15:14:19 TTOffMagicWordManager: Alakazam!
:02-22-2020 15:14:20 TTOffMagicWordManager: Abracadabra!
:02-22-2020 15:14:22 TTOffMagicWordManager: Ta-da!
:02-22-2020 15:14:23 TTOffMagicWordManager: Presto!
:02-22-2020 15:14:24 TTOffMagicWordManager: Abracadabra!
:02-22-2020 15:14:25 TTOffMagicWordManager: Voila!
:02-22-2020 15:14:26 TTOffMagicWordManager: Alakazam!
:02-22-2020 15:14:27 TTOffMagicWordManager: Voila!
:02-22-2020 15:14:29 TTOffMagicWordManager: Ta-da!
:02-22-2020 15:14:30 GarbageCollect(warning): garbage found, reverting gc threshold
:02-22-2020 15:14:30 TTOffMagicWordManager: Voila!
:02-22-2020 15:14:31 TTOffMagicWordManager: Ta-da!
:02-22-2020 15:14:32 TTOffMagicWordManager: Invalid shirt color specified!
:02-22-2020 15:14:33 TTOffMagicWordManager: Invalid shirt color specified!
:02-22-2020 15:14:34 TTOffMagicWordManager: Ta-da!
:02-22-2020 15:14:35 TTOffMagicWordManager: Invalid shirt color specified!
:02-22-2020 15:14:36 TTOffMagicWordManager: Invalid shirt color specified!
:02-22-2020 15:14:37 TTOffMagicWordManager: Invalid shirt color specified!
:02-22-2020 15:14:38 TTOffMagicWordManager: Invalid shirt color specified!
:02-22-2020 15:14:58 TTOffMagicWordManager: Presto!
frame rate: 322.5 fps|0.000d|4 avs||352|354||0x0000|0x0000|1313.8MB|1379.8MB|16235.6MB|639|nt.2.6.2|3.701,3.701|6,12 cpus|OpenGL
:02-22-2020 15:15:27 TTOffMagicWordManager: Abracadabra!
:02-22-2020 15:15:27 TTOffMagicWordManager: Voila!
:02-22-2020 15:15:28 TTOffMagicWordManager: Alakazam!
:02-22-2020 15:15:29 TTOffMagicWordManager: Presto!
:02-22-2020 15:15:29 TTOffMagicWordManager: This command takes at least 1 argument!
:02-22-2020 15:15:30 TTOffMagicWordManager: This command takes at least 1 argument!
:02-22-2020 15:15:31 TTOffMagicWordManager: Abracadabra!
:02-22-2020 15:15:32 TTOffMagicWordManager: Abracadabra!
:02-22-2020 15:15:33 TTOffMagicWordManager: Presto!
:02-22-2020 15:15:34 TTOffMagicWordManager: Ta-da!
:02-22-2020 15:15:51 TTOffMagicWordManager: Alakazam!
:02-22-2020 15:15:52 TTOffMagicWordManager: Alakazam!
:02-22-2020 15:15:52 TTOffMagicWordManager: Alakazam!
:02-22-2020 15:15:53 TTOffMagicWordManager: Ta-da!
:02-22-2020 15:15:54 TTOffMagicWordManager: Abracadabra!
:02-22-2020 15:15:54 TTOffMagicWordManager: Alakazam!
:02-22-2020 15:15:55 TTOffMagicWordManager: Presto!
:02-22-2020 15:15:56 TTOffMagicWordManager: Ta-da!
:02-22-2020 15:15:57 TTOffMagicWordManager: Ta-da!
:02-22-2020 15:16:03 TTOffMagicWordManager: Alakazam!
:02-22-2020 15:16:05 TTOffMagicWordManager: Abracadabra!
:02-22-2020 15:16:05 TTOffMagicWordManager: Abracadabra!
:02-22-2020 15:16:07 TTOffMagicWordManager: Voila!
:02-22-2020 15:16:08 TTOffMagicWordManager: Alakazam!
:02-22-2020 15:16:09 TTOffMagicWordManager: Alakazam!
:02-22-2020 15:16:10 TTOffMagicWordManager: Voila!
:02-22-2020 15:16:11 TTOffMagicWordManager: Presto!
:02-22-2020 15:16:12 TTOffMagicWordManager: Abracadabra!
:02-22-2020 15:16:13 TTOffMagicWordManager: Presto!
:02-22-2020 15:16:13 TTOffMagicWordManager: Alakazam!
:02-22-2020 15:16:14 TTOffMagicWordManager: Alakazam!
:02-22-2020 15:16:16 TTOffMagicWordManager: Alakazam!
:02-22-2020 15:16:17 TTOffMagicWordManager: Ta-da!
:02-22-2020 15:16:18 TTOffMagicWordManager: Ta-da!
:02-22-2020 15:16:19 TTOffMagicWordManager: Presto!
:02-22-2020 15:16:20 TTOffMagicWordManager: Alakazam!
:02-22-2020 15:16:21 TTOffMagicWordManager: Ta-da!
:02-22-2020 15:16:22 TTOffMagicWordManager: Abracadabra!
:02-22-2020 15:16:23 TTOffMagicWordManager: Presto!
:02-22-2020 15:16:24 TTOffMagicWordManager: Abracadabra!
:02-22-2020 15:16:24 TTOffMagicWordManager: Voila!
:02-22-2020 15:16:25 TTOffMagicWordManager: Ta-da!
:02-22-2020 15:16:37 TTOffMagicWordManager: Alakazam!
:02-22-2020 15:16:41 TTOffMagicWordManager: Ta-da!
:02-22-2020 15:16:43 TTOffMagicWordManager: Presto!
:02-22-2020 15:16:44 TTOffMagicWordManager: Alakazam!
:02-22-2020 15:16:45 TTOffMagicWordManager: Ta-da!
:02-22-2020 15:16:45 TTOffMagicWordManager: Alakazam!
:02-22-2020 15:16:46 TTOffMagicWordManager: Alakazam!
:02-22-2020 15:16:47 TTOffMagicWordManager: Voila!
:02-22-2020 15:16:47 TTOffMagicWordManager: Abracadabra!
:02-22-2020 15:16:48 TTOffMagicWordManager: Presto!
:02-22-2020 15:16:49 TTOffMagicWordManager: Abracadabra!
:02-22-2020 15:16:50 TTOffMagicWordManager: Abracadabra!
:02-22-2020 15:16:51 TTOffMagicWordManager: Voila!
:02-22-2020 15:16:52 TTOffMagicWordManager: Abracadabra!
:02-22-2020 15:16:53 TTOffMagicWordManager: Voila!
:02-22-2020 15:16:54 TTOffMagicWordManager: Alakazam!
:02-22-2020 15:16:55 TTOffMagicWordManager: Abracadabra!
:02-22-2020 15:16:55 TTOffMagicWordManager: Abracadabra!
:02-22-2020 15:17:03 TTOffMagicWordManager: Presto!
:02-22-2020 15:18:00 TTOffMagicWordManager: This command takes at least 1 argument!
:02-22-2020 15:18:59 TTOffMagicWordManager: Voila!
:02-22-2020 15:19:01 TTOffMagicWordManager: Ta-da!
:02-22-2020 15:19:01 TTOffMagicWordManager: Voila!
:02-22-2020 15:19:02 TTOffMagicWordManager: Ta-da!
:02-22-2020 15:19:03 TTOffMagicWordManager: Voila!
:02-22-2020 15:19:03 TTOffMagicWordManager: Voila!
:02-22-2020 15:19:04 TTOffMagicWordManager: This command takes at least 1 argument!
:02-22-2020 15:19:04 TTOffMagicWordManager: Abracadabra!
:02-22-2020 15:19:05 TTOffMagicWordManager: Abracadabra!
:02-22-2020 15:19:06 TTOffMagicWordManager: Alakazam!
:02-22-2020 15:19:06 TTOffMagicWordManager: Abracadabra!
:02-22-2020 15:19:08 TTOffMagicWordManager: Abracadabra!
:02-22-2020 15:19:08 TTOffMagicWordManager: Alakazam!
:02-22-2020 15:19:10 TTOffMagicWordManager: Abracadabra!
:02-22-2020 15:19:10 TTOffMagicWordManager: Presto!
:02-22-2020 15:19:11 TTOffMagicWordManager: Alakazam!
:02-22-2020 15:19:12 TTOffMagicWordManager: Alakazam!
:02-22-2020 15:19:13 TTOffMagicWordManager: Presto!
:02-22-2020 15:19:14 TTOffMagicWordManager: Ta-da!
:02-22-2020 15:19:15 TTOffMagicWordManager: Ta-da!
:02-22-2020 15:19:16 TTOffMagicWordManager: Voila!
:02-22-2020 15:19:17 TTOffMagicWordManager: Voila!
:02-22-2020 15:19:18 TTOffMagicWordManager: Presto!
:02-22-2020 15:19:19 TTOffMagicWordManager: Ta-da!
:02-22-2020 15:19:20 TTOffMagicWordManager: Voila!
:02-22-2020 15:19:21 TTOffMagicWordManager: Ta-da!
:02-22-2020 15:19:21 TTOffMagicWordManager: Ta-da!
:02-22-2020 15:19:22 TTOffMagicWordManager: Ta-da!
:02-22-2020 15:19:27 TTOffMagicWordManager: Ta-da!
:02-22-2020 15:19:44 TTOffMagicWordManager: Invalid shirt color specified!
:02-22-2020 15:19:45 TTOffMagicWordManager: Invalid shirt color specified!
:02-22-2020 15:19:46 TTOffMagicWordManager: Invalid shirt color specified!
:02-22-2020 15:19:47 TTOffMagicWordManager: Ta-da!
:02-22-2020 15:19:49 TTOffMagicWordManager: Abracadabra!
:02-22-2020 15:19:50 TTOffMagicWordManager: Ta-da!
:02-22-2020 15:19:53 TTOffMagicWordManager: Invalid shirt color specified!
:02-22-2020 15:19:55 TTOffMagicWordManager: Voila!
:02-22-2020 15:19:56 TTOffMagicWordManager: Ta-da!
:02-22-2020 15:19:59 TTOffMagicWordManager: Ta-da!
:02-22-2020 15:20:00 TTOffMagicWordManager: Alakazam!
:02-22-2020 15:20:01 TTOffMagicWordManager: Presto!
:02-22-2020 15:20:02 TTOffMagicWordManager: Abracadabra!
frame rate: 296.9 fps|0.000d|4 avs||652|654||0x0000|0x0000|1902.6MB|1989.9MB|16235.6MB|1141|nt.2.6.2|3.701,3.701|6,12 cpus|OpenGL
:02-22-2020 15:20:36 TTOffMagicWordManager: Ta-da!
:02-22-2020 15:20:40 TTOffMagicWordManager: Alakazam!
:02-22-2020 15:20:41 TTOffMagicWordManager: Presto!
:02-22-2020 15:20:50 TTOffMagicWordManager: Ta-da!
:02-22-2020 15:20:50 TTOffMagicWordManager: This command takes at least 1 argument!
:02-22-2020 15:20:51 TTOffMagicWordManager: Ta-da!
:02-22-2020 15:20:52 TTOffMagicWordManager: Presto!
:02-22-2020 15:20:53 TTOffMagicWordManager: Abracadabra!
:02-22-2020 15:20:54 TTOffMagicWordManager: Alakazam!
:02-22-2020 15:20:54 TTOffMagicWordManager: Voila!
:02-22-2020 15:20:55 TTOffMagicWordManager: Abracadabra!
:02-22-2020 15:20:56 TTOffMagicWordManager: Abracadabra!
:02-22-2020 15:20:57 TTOffMagicWordManager: Ta-da!
:02-22-2020 15:20:58 TTOffMagicWordManager: Ta-da!
:02-22-2020 15:20:58 TTOffMagicWordManager: Presto!
:02-22-2020 15:20:59 TTOffMagicWordManager: Alakazam!
:02-22-2020 15:21:00 TTOffMagicWordManager: Alakazam!
:02-22-2020 15:21:01 TTOffMagicWordManager: Ta-da!
:02-22-2020 15:21:02 TTOffMagicWordManager: Abracadabra!
:02-22-2020 15:21:02 TTOffMagicWordManager: Abracadabra!
:02-22-2020 15:21:03 TTOffMagicWordManager: Presto!
:02-22-2020 15:21:04 TTOffMagicWordManager: Presto!
:02-22-2020 15:21:14 OTPClientRepository: Sending heartbeat mid-frame.
:02-22-2020 15:21:14 TTOffMagicWordManager: Maxed out Kenzie Rewritten's stats.
:02-22-2020 15:21:17 TTOffMagicWordManager: Kenzie Rewritten's laff has been set to 137.
:02-22-2020 15:21:21 TTOffMagicWordManager: Kenzie Rewritten's laff has been set to 137.
:02-22-2020 15:21:22 TTOffMagicWordManager: Restocked 999 unites successfully!
:02-22-2020 15:21:28 TTOffMagicWordManager: Kenzie Rewritten's max laff has been set to 137.
:02-22-2020 15:21:34 ToonBase: User closed main window.
:02-22-2020 15:21:34 TimeManager: Client disconnect reason 2.
:02-22-2020 15:21:34 Playground: Unloading Place (22000). Fsm in final
:02-22-2020 15:21:34 OTPClientRepository(warning): unclean exit, abandoning shard
ignoring InputState-forward
:02-22-2020 15:21:34 OTPClientRepository: sending clientLogout
:02-22-2020 15:21:34 LocalAvatar(warning): redundant call to stopUpdateSmartCamera
:02-22-2020 15:21:34 OTPClientRepository: Sent disconnect message to server
:02-22-2020 15:21:34 OTPClientRepository: Closing connection to server.
:02-22-2020 15:21:34 OTPClientRepository: Exiting cleanly
:02-22-2020 15:21:34 ToonBase: Exiting Toontown: errorCode = None
:02-22-2020 15:21:34 TTOffLauncher: setting panda error code to 0
:02-22-2020 15:21:34 TTOffLauncher: Normal exit.
