

Starting Toontown Online...
Current time: Sat Oct 31 18:17:53 2020 Eastern Standard Time
sys.path =  ['', 'C:\\Panda3D-1.11.0-x64\\python\\python27.zip', 'C:\\Panda3D-1.11.0-x64', 'C:\\Panda3D-1.11.0-x64\\python\\DLLs', 'C:\\Panda3D-1.11.0-x64\\python\\lib', 'C:\\Panda3D-1.11.0-x64\\python\\lib\\plat-win', 'C:\\Panda3D-1.11.0-x64\\python\\lib\\lib-tk', 'C:\\Panda3D-1.11.0-x64\\python', 'C:\\Panda3D-1.11.0-x64\\bin', 'C:\\Panda3D-1.11.0-x64\\python\\lib\\site-packages']
sys.argv =  ['D:\\hollybae\\Aly\\Toontown-School-House\\toontown\\launcher\\TTOffQuickStartLauncher.py']
generating standard configrc
os.environ =  {'TMP': 'C:\\Users\\holla\\AppData\\Local\\Temp', 'ONEDRIVECONSUMER': 'C:\\Users\\holla\\OneDrive', 'COMPUTERNAME': 'HOLLYBAES-PC', 'USERDOMAIN': 'HOLLYBAES-PC', 'INTEL_DEV_REDIST': 'C:\\Program Files (x86)\\Common Files\\Intel\\Shared Libraries\\', 'PSMODULEPATH': '%ProgramFiles%\\WindowsPowerShell\\Modules;C:\\WINDOWS\\system32\\WindowsPowerShell\\v1.0\\Modules', 'COMMONPROGRAMFILES': 'C:\\Program Files\\Common Files', 'PROCESSOR_IDENTIFIER': 'Intel64 Family 6 Model 158 Stepping 10, GenuineIntel', 'PROGRAMFILES': 'C:\\Program Files', 'PROCESSOR_REVISION': '9e0a', 'SYSTEMROOT': 'C:\\WINDOWS', 'PATH': 'C:\\Panda3D-1.11.0-x64\\panda3d\\..\\bin;C:\\Program Files (x86)\\Razer\\ChromaBroadcast\\bin;C:\\Program Files\\Razer\\ChromaBroadcast\\bin;C:\\Program Files (x86)\\Common Files\\Intel\\Shared Libraries\\redist\\intel64\\compiler;C:\\Program Files (x86)\\Common Files\\Oracle\\Java\\javapath;C:\\WINDOWS\\system32;C:\\WINDOWS;C:\\WINDOWS\\System32\\Wbem;C:\\WINDOWS\\System32\\WindowsPowerShell\\v1.0\\;C:\\WINDOWS\\System32\\OpenSSH\\;C:\\Program Files (x86)\\NVIDIA Corporation\\PhysX\\Common;C:\\Program Files\\NVIDIA Corporation\\NVIDIA NvDLISR;C:\\WINDOWS\\system32\\config\\systemprofile\\AppData\\Local\\Microsoft\\WindowsApps;C:\\Users\\holla\\AppData\\Local\\Microsoft\\WindowsApps;C:\\Panda3D-1.11.0-x64\\python;C:\\Panda3D-1.11.0-x64\\python\\Scripts;C:\\Panda3D-1.11.0-x64\\bin', 'MIC_LD_LIBRARY_PATH': 'C:\\Program Files (x86)\\Common Files\\Intel\\Shared Libraries\\compiler\\lib\\mic', 'DRIVERDATA': 'C:\\Windows\\System32\\Drivers\\DriverData', 'PPYTHON_PATH': '"C:\\Panda3D-1.11.0-x64\\python\\ppython.exe"', 'TEMP': 'C:\\Users\\holla\\AppData\\Local\\Temp', 'COMMONPROGRAMFILES(X86)': 'C:\\Program Files (x86)\\Common Files', 'PROCESSOR_ARCHITECTURE': 'AMD64', 'PROGRAMFILES(X86)': 'C:\\Program Files (x86)', 'ALLUSERSPROFILE': 'C:\\ProgramData', 'LOCALAPPDATA': 'C:\\Users\\holla\\AppData\\Local', 'HOMEPATH': '\\Users\\holla', 'USERDOMAIN_ROAMINGPROFILE': 'HOLLYBAES-PC', 'PROGRAMW6432': 'C:\\Program Files', 'USERNAME': 'holla', 'LOGONSERVER': '\\\\HOLLYBAES-PC', 'PROMPT': '$P$G', 'COMSPEC': 'C:\\WINDOWS\\system32\\cmd.exe', 'PROGRAMDATA': 'C:\\ProgramData', 'ONEDRIVE': 'C:\\Users\\holla\\OneDrive', 'PATHEXT': '.COM;.EXE;.BAT;.CMD;.VBS;.VBE;.JS;.JSE;.WSF;.WSH;.MSC', 'TTOFF_LOGIN_TOKEN': 'dev', 'WINDIR': 'C:\\WINDOWS', 'APPDATA': 'C:\\Users\\holla\\AppData\\Roaming', 'HOMEDRIVE': 'C:', 'SYSTEMDRIVE': 'C:', 'NUMBER_OF_PROCESSORS': '12', 'PROCESSOR_LEVEL': '6', 'RG_GPU_FRAMEWORK_ENGINE_RESOURCEDIR': '%ProgramFiles%\\Red Giant\\RGFX', 'COMMONPROGRAMW6432': 'C:\\Program Files\\Common Files', 'OS': 'Windows_NT', 'PUBLIC': 'C:\\Users\\Public', 'USERPROFILE': 'C:\\Users\\holla'}
:10-31-2020 18:17:53 TTOffLauncher: isTestServer: 0
:10-31-2020 18:17:53 TTOffLauncher: Game Server 127.0.0.1
:10-31-2020 18:17:53 TTOffLauncher: Starting Toontown Online... 
:10-31-2020 18:17:53 TTOffLauncher: foreground: Launcher now operating in foreground
useTTOffSpecificLogin=True
:10-31-2020 18:17:53 TTOffLauncher: maybeStartGame: starting game
:10-31-2020 18:17:53 TTOffLauncher: Starting Toontown Online...
:10-31-2020 18:17:53 TTOffLauncher: background: Launcher now operating in background
ToontownStart: Polling for game2 to finish...
ToontownStart: Game2 is finished.
ToontownStart: Starting the game.
ToontownStart: setting default font
:10-31-2020 18:17:53 TTOffLauncher: setting panda error code to 7
Known pipe types:
  wglGraphicsPipe
(all display modules loaded.)
:10-31-2020 18:17:53 ToonBase: Default graphics pipe is wglGraphicsPipe (OpenGL).
:10-31-2020 18:17:53 ToonBase: Successfully opened window of type wglGraphicsWindow (OpenGL)
:10-31-2020 18:17:53 ShowBase: __dev__ == False
:10-31-2020 18:17:54 TTOffLauncher: setting panda error code to 11
:10-31-2020 18:17:54 TTOffLauncher: setting panda error code to 0
ToontownStart: Loading default gui sounds
ToontownStart: serverVersion:  tto-dev
:10-31-2020 18:17:54 Loader: starting bulk load of block 'init'
:10-31-2020 18:17:54 :nativenet(error): Buffered_DatagramConnection Constructor rbufsize = 4096000 wbufsize = 4096000 write_flush_point = 1400
:10-31-2020 18:17:54 OTPClientRepository: Using connect method 'http'
:10-31-2020 18:17:55 TTOffLauncher: getRegistry ('DEPLOYMENT', None)
:10-31-2020 18:17:55 TTOffLauncher: checking env
:10-31-2020 18:17:55 TTOffLauncher: getRegistry ('GAME_DEPLOYMENT', None)
:10-31-2020 18:17:55 TTOffLauncher: checking env
:10-31-2020 18:17:55 OTPClientRepository: reg_deployment=
:10-31-2020 18:17:55 OTPClientRepository: required-login auto.
:10-31-2020 18:17:55 OTPClientRepository: loginInterface: LoginTTOffAccount
:10-31-2020 18:17:55 TTOffLauncher: getNeedPwForSecretKey using ttoff-specific-login
:10-31-2020 18:17:55 Loader: At end of block 'init', expected 138, loaded 7, duration=1.5237197
:10-31-2020 18:17:55 OTPClientRepository: Connecting to gameserver directly (no proxy).
:10-31-2020 18:17:55 OTPClientRepository: Connecting to //127.0.0.1:7198 via HTTP interface.
:10-31-2020 18:17:55 TTOffLauncher: Stopping mini task manager.
:10-31-2020 18:17:55 OTPClientRepository: Successfully connected to //127.0.0.1:7198.
:10-31-2020 18:17:55 TTOffLauncher: Setting Disconnect Details normal
{401000001: <toontown.distributed.ToontownDistrict.ToontownDistrict instance at 0x000000001A401A48>}
:10-31-2020 18:17:56 StateData: AvatarChooser.enter
:10-31-2020 18:17:56 DisplayOptions: settingsFullScreen = False, embedded = False width=800 height=600
:10-31-2020 18:17:56 StateData: calling self.displayOptions.restrictToEmbedded(False)
:10-31-2020 18:19:26 OTPClientRepository: ================
:10-31-2020 18:19:26 OTPClientRepository: Chose avatar id: 100000014
:10-31-2020 18:19:26 OTPClientRepository: Chose avatar name: Holland
:10-31-2020 18:19:26 OTPClientRepository: Chose avatar dna: ('css', 'ms', 'm', 'm', 16, 0, 16, 16, 113, 27, 99, 27, 7, 21)
:10-31-2020 18:19:26 OTPClientRepository: Chose avatar position: 5
:10-31-2020 18:19:26 OTPClientRepository: isPaid: 1
:10-31-2020 18:19:26 OTPClientRepository: freeTimeLeft: 0
:10-31-2020 18:19:26 OTPClientRepository: allowSecretChat: True
:10-31-2020 18:19:26 OTPClientRepository: ================
:10-31-2020 18:19:26 Loader: starting bulk load of block 'localAvatarPlayGame'
:10-31-2020 18:19:26 ToontownTimeManager(warning): error parsing date string=
local
:10-31-2020 18:19:26 NewsPageButtonManager(warning): Should not get here. NewsPageButtonManager.exitOff
:10-31-2020 18:19:26 :pnmimage:png(warning): iCCP: known incorrect sRGB profile
:10-31-2020 18:19:28 OTPClientRepository: Entering shard 401000001
:10-31-2020 18:19:28 StreetSign: Street sign url is https://ttoffline.com/images/
:10-31-2020 18:19:29 StreetSign: Street Sign is up to date
:10-31-2020 18:19:29 TimeManager: Clock sync: TimeManager.announceGenerate
:10-31-2020 18:19:29 NewsManager: setHolidayId: Starting Holiday 20
:10-31-2020 18:19:29 InGameNewsMgr: latestIssue=2013-08-22 16:49:46.000003-07:00
cpu info: GenuineIntel|Intel(R) Core(TM) i7-8700K CPU @ 3.70GHz|591594|0|3.696,3.696|6,12 cpus
:10-31-2020 18:19:30 OTPClientRepository: No sync from TimeManager.
:10-31-2020 18:19:30 OTPClientRepository: gotTimeSync
:10-31-2020 18:19:30 Loader: At end of block 'localAvatarPlayGame', expected 400, loaded 9, duration=4.1979345
:10-31-2020 18:19:30 TimeManager: Clock sync roundtrip took 1073.222 ms
:10-31-2020 18:19:30 TimeManager: AI time delta is -0:01 from server delta
:10-31-2020 18:19:30 TimeManager: Local clock uncertainty +/- 0.537 s
:10-31-2020 18:19:30 PlayGame: QA-REGRESSION: NEIGHBORHOODS: Visit Lawbot HQ
:10-31-2020 18:19:30 Loader: starting bulk load of block 'hood'
:10-31-2020 18:19:31 LawbotCogHQLoader: loadPlaceGeom: 13000
:10-31-2020 18:19:31 DistributedObject: DistributedSuitPlanner 401002972: generating
:10-31-2020 18:19:31 DistributedToon: calling LocalAvatar.startchat
:10-31-2020 18:19:31 :loader(error): Couldn't load file phase_4/models/questmap/cog_hq_lawbot_maps.bam: not found on model path (currently: "/;/d/hollybae/Aly/Toontown-School-House/toontown/launcher;/c/Panda3D-1.11.0-x64/etc/..;/c/Panda3D-1.11.0-x64/etc/../models")
:10-31-2020 18:19:31 Loader: At end of block 'hood', expected 2, loaded 4, duration=0.9010807
:10-31-2020 18:19:32 Teleport(debug): teleportInDone: walk
:10-31-2020 18:19:32 :loader(error): Couldn't load file phase_4/models/questmap/cog_hq_lawbot_maps.bam: not found on model path (currently: "/;/d/hollybae/Aly/Toontown-School-House/toontown/launcher;/c/Panda3D-1.11.0-x64/etc/..;/c/Panda3D-1.11.0-x64/etc/../models")
:10-31-2020 18:19:34 TTOffMagicWordManager: Uh-oh! This Magic Word doesn't exist!
:10-31-2020 18:19:35 TTOffMagicWordManager: God mode enabled for Holland!
:10-31-2020 18:19:41 TTOffMagicWordManager: Gave Holland an infinite amount of pies
:10-31-2020 18:19:42 LawbotCogHQLoader: loadPlaceGeom: 13100
:10-31-2020 18:19:42 LawbotCogHQLoader: QA-REGRESSION: COGHQ: Visit LawbotLobby
:10-31-2020 18:19:42 LawbotHQExterior: Unloading Place (13000). Fsm in final
:10-31-2020 18:19:42 DistributedObject: DistributedSuitPlanner 401002972: disabling
:10-31-2020 18:19:42 DistributedToon: calling LocalAvatar.startchat
:10-31-2020 18:19:42 :loader(error): Couldn't load file phase_4/models/questmap/cog_hq_lawbot_maps.bam: not found on model path (currently: "/;/d/hollybae/Aly/Toontown-School-House/toontown/launcher;/c/Panda3D-1.11.0-x64/etc/..;/c/Panda3D-1.11.0-x64/etc/../models")
:10-31-2020 18:19:43 :loader(error): Couldn't load file phase_4/models/questmap/cog_hq_lawbot_maps.bam: not found on model path (currently: "/;/d/hollybae/Aly/Toontown-School-House/toontown/launcher;/c/Panda3D-1.11.0-x64/etc/..;/c/Panda3D-1.11.0-x64/etc/../models")
:10-31-2020 18:19:47 TTOffMagicWordManager: Run mode has been toggled.
:10-31-2020 18:19:55 LawbotCogHQLoader: loadPlaceGeom: 61000
:10-31-2020 18:19:55 LawbotCogHQLoader(warning): loadPlaceGeom: unclassified zone 61000
:10-31-2020 18:19:55 CogHQLobby: Unloading Place (13100). Fsm in final
:10-31-2020 18:19:56 DistributedLawbotBoss(warning): Not a collision node: LawbotCourtroom3.egg/-PandaNode/CR3/interior/CR3_Floor
:10-31-2020 18:19:56 DistributedToon: calling LocalAvatar.startchat
:10-31-2020 18:19:56 LawbotHQBossBattle(warning): fsm.request('movie') returned 0 (zone id 61000, avatar pos LPoint3f(-0.363562, -126.204, 0.193903)).
:10-31-2020 18:20:10 LawbotHQBossBattle(warning): fsm.request('movie') returned 0 (zone id 61000, avatar pos LPoint3f(-0.363562, -126.204, 0.193903)).
Battle Event localtoon-battle-event-3
:10-31-2020 18:20:48 Actor(warning): called actor.removeNode() on actor without calling cleanup()
:10-31-2020 18:20:48 Actor(warning): called actor.removeNode() on actor without calling cleanup()
:10-31-2020 18:20:48 Actor(warning): called actor.removeNode() on actor without calling cleanup()
:10-31-2020 18:20:48 Actor(warning): called actor.removeNode() on actor without calling cleanup()
:10-31-2020 18:20:48 Actor(warning): called actor.removeNode() on actor without calling cleanup()
:10-31-2020 18:20:48 Actor(warning): called actor.removeNode() on actor without calling cleanup()
:10-31-2020 18:20:48 Actor(warning): called actor.removeNode() on actor without calling cleanup()
:10-31-2020 18:20:48 Actor(warning): called actor.removeNode() on actor without calling cleanup()
:10-31-2020 18:20:48 Actor(warning): called actor.removeNode() on actor without calling cleanup()
:10-31-2020 18:20:48 Actor(warning): called actor.removeNode() on actor without calling cleanup()
:10-31-2020 18:20:48 Actor(warning): called actor.removeNode() on actor without calling cleanup()
:10-31-2020 18:20:48 Actor(warning): called actor.removeNode() on actor without calling cleanup()
:10-31-2020 18:20:48 LawbotHQBossBattle(warning): fsm.request('finalBattle') returned 0 (zone id 61000, avatar pos LPoint3f(-3, 0, 0)).
:10-31-2020 18:20:48 TTOffMagicWordManager: Entering Cannon Round
:10-31-2020 18:20:51 LawbotHQBossBattle(warning): fsm.request('finalBattle') returned 0 (zone id 61000, avatar pos LPoint3f(-2.798, 58, -0.00031662)).
:10-31-2020 18:20:51 TTOffMagicWordManager: Restarting Scale Round
:10-31-2020 18:20:56 TTOffMagicWordManager: Voila!
:10-31-2020 18:22:54 GarbageCollect(warning): garbage found, reverting gc threshold
adding timeout task
adding timeout task
frame rate: 205.7 fps|0.000d|14 avs||394|394||0x0000|0x0000|643.0MB|776.4MB|32619.6MB|474|nt.2.6.2|3.696,3.696|6,12 cpus|OpenGL
adding timeout task
adding timeout task
frame rate: 167.9 fps|0.001d|14 avs||694|694||0x0000|0x0000|655.1MB|788.4MB|32619.6MB|511|nt.2.6.2|3.696,3.696|6,12 cpus|OpenGL
frame rate: 189.5 fps|0.001d|14 avs||994|994||0x0000|0x0000|666.8MB|800.1MB|32619.6MB|557|nt.2.6.2|3.696,3.696|6,12 cpus|OpenGL
:10-31-2020 18:36:47 TTOffMagicWordManager: -10 53 5 -13 30 0 is set as the starting point!
:10-31-2020 18:36:55 TTOffMagicWordManager: Point -10 53 27 -13 -10 0 with a duration of 1 was added!
:10-31-2020 18:37:01 TTOffMagicWordManager: Successfully cleared all camera points!
:10-31-2020 18:37:11 TTOffMagicWordManager: Point -10 53 27 -13 -10 0 with a duration of 0 was added!
:10-31-2020 18:37:14 TTOffMagicWordManager: Presto!
:10-31-2020 18:37:18 TTOffMagicWordManager: Ta-da!
:10-31-2020 18:37:24 TTOffMagicWordManager: Successfully cleared all camera points!
:10-31-2020 18:37:28 TTOffMagicWordManager: Point -10 53 27 -13 -10 0 with a duration of 0 was added!
:10-31-2020 18:37:31 TTOffMagicWordManager: Voila!
:10-31-2020 18:37:34 TTOffMagicWordManager: Successfully cleared all camera points!
:10-31-2020 18:37:44 TTOffMagicWordManager: Invalid command! Please use ~camera startpoint or ~camera addpoint.
:10-31-2020 18:37:50 TTOffMagicWordManager: Point -10 53 27 -13 -10 0 with a duration of 0 was added!
:10-31-2020 18:38:36 TTOffMagicWordManager: Presto!
:10-31-2020 18:38:46 ToonBase: User closed main window.
:10-31-2020 18:38:46 TimeManager: Client disconnect reason 2.
:10-31-2020 18:38:46 LawbotHQBossBattle: Unloading Place (61000). Fsm in final
:10-31-2020 18:38:46 OTPClientRepository(warning): unclean exit, abandoning shard
ignoring InputState-forward
:10-31-2020 18:38:46 OTPClientRepository: sending clientLogout
:10-31-2020 18:38:46 LocalAvatar(warning): redundant call to stopUpdateSmartCamera
:10-31-2020 18:38:46 OTPClientRepository: Sent disconnect message to server
:10-31-2020 18:38:46 OTPClientRepository: Closing connection to server.
:10-31-2020 18:38:46 OTPClientRepository: Exiting cleanly
:10-31-2020 18:38:46 ToonBase: Exiting Toontown: errorCode = None
:10-31-2020 18:38:46 TTOffLauncher: setting panda error code to 0
:10-31-2020 18:38:46 TTOffLauncher: Normal exit.
