

Starting Toontown Online...
Current time: Mon Mar  9 02:49:53 2020 Eastern Standard Time
sys.path =  ['', 'C:\\Panda3D-1.11.0-x64\\python\\python27.zip', 'C:\\Panda3D-1.11.0-x64', 'C:\\Panda3D-1.11.0-x64\\python\\DLLs', 'C:\\Panda3D-1.11.0-x64\\python\\lib', 'C:\\Panda3D-1.11.0-x64\\python\\lib\\plat-win', 'C:\\Panda3D-1.11.0-x64\\python\\lib\\lib-tk', 'C:\\Panda3D-1.11.0-x64\\python', 'C:\\Panda3D-1.11.0-x64\\bin', 'C:\\Panda3D-1.11.0-x64\\python\\lib\\site-packages']
sys.argv =  ['D:\\hollybae\\Aly\\Toontown-School-House\\toontown\\launcher\\TTOffQuickStartLauncher.py']
generating standard configrc
os.environ =  {'TMP': 'C:\\Users\\holla\\AppData\\Local\\Temp', 'COMPUTERNAME': 'HOLLYBAES-PC', 'USERDOMAIN': 'HOLLYBAES-PC', 'INTEL_DEV_REDIST': 'C:\\Program Files (x86)\\Common Files\\Intel\\Shared Libraries\\', 'PSMODULEPATH': 'C:\\Program Files\\WindowsPowerShell\\Modules;C:\\WINDOWS\\system32\\WindowsPowerShell\\v1.0\\Modules', 'COMMONPROGRAMFILES': 'C:\\Program Files\\Common Files', 'PROCESSOR_IDENTIFIER': 'Intel64 Family 6 Model 158 Stepping 10, GenuineIntel', 'VBOX_MSI_INSTALL_PATH': 'C:\\Program Files\\Oracle\\VirtualBox\\', 'PROGRAMFILES': 'C:\\Program Files', 'PROCESSOR_REVISION': '9e0a', 'PATH': 'C:\\Panda3D-1.11.0-x64\\panda3d\\..\\bin;C:\\Program Files (x86)\\Razer\\ChromaBroadcast\\bin;C:\\Program Files\\Razer\\ChromaBroadcast\\bin;C:\\Program Files (x86)\\Common Files\\Intel\\Shared Libraries\\redist\\intel64_win\\compiler;C:\\Program Files (x86)\\Common Files\\Oracle\\Java\\javapath;C:\\Program Files (x86)\\Common Files\\Intel\\Shared Libraries\\redist\\intel64\\compiler;C:\\WINDOWS\\system32;C:\\WINDOWS;C:\\WINDOWS\\System32\\Wbem;C:\\WINDOWS\\System32\\WindowsPowerShell\\v1.0\\;C:\\WINDOWS\\System32\\OpenSSH\\;C:\\Program Files\\NVIDIA Corporation\\NVIDIA NGX;C:\\Program Files (x86)\\NVIDIA Corporation\\PhysX\\Common;C:\\Program Files\\NVIDIA Corporation\\NVIDIA NvDLISR;C:\\WINDOWS\\system32;C:\\WINDOWS;C:\\WINDOWS\\System32\\Wbem;C:\\WINDOWS\\System32\\WindowsPowerShell\\v1.0\\;C:\\WINDOWS\\System32\\OpenSSH\\;D:\\hollybae\\ffmpeg-4.1.3-win64-static\\ffmpeg-4.1.3-win64-static\\bin;C:\\Program Files\\dotnet\\;C:\\WINDOWS\\system32\\config\\systemprofile\\AppData\\Local\\Microsoft\\WindowsApps;C:\\Program Files (x86)\\QuickTime\\QTSystem\\;C:\\Users\\holla\\AppData\\Local\\Microsoft\\WindowsApps;C:\\Panda3D-1.10.4.1-x64\\python;C:\\Panda3D-1.10.4.1-x64\\python\\Scripts;C:\\Panda3D-1.10.4.1-x64\\bin;C:\\Panda3D-1.11.0-x64\\python;C:\\Panda3D-1.11.0-x64\\python\\Scripts;C:\\Panda3D-1.11.0-x64\\bin', 'SYSTEMROOT': 'C:\\WINDOWS', 'MIC_LD_LIBRARY_PATH': 'C:\\Program Files (x86)\\Common Files\\Intel\\Shared Libraries\\compiler\\lib\\intel64_win_mic', 'COMSPEC': 'C:\\WINDOWS\\system32\\cmd.exe', 'DRIVERDATA': 'C:\\Windows\\System32\\Drivers\\DriverData', 'PPYTHON_PATH': '"C:\\Panda3D-1.11.0-x64\\python\\ppython.exe"', 'TEMP': 'C:\\Users\\holla\\AppData\\Local\\Temp', 'COMMONPROGRAMFILES(X86)': 'C:\\Program Files (x86)\\Common Files', 'PROCESSOR_ARCHITECTURE': 'AMD64', 'PROGRAMFILES(X86)': 'C:\\Program Files (x86)', 'ALLUSERSPROFILE': 'C:\\ProgramData', 'LOCALAPPDATA': 'C:\\Users\\holla\\AppData\\Local', 'FPS_BROWSER_USER_PROFILE_STRING': 'Default', 'HOMEPATH': '\\Users\\holla', 'USERDOMAIN_ROAMINGPROFILE': 'HOLLYBAES-PC', 'PROGRAMW6432': 'C:\\Program Files', 'USERNAME': 'holla', 'LOGONSERVER': '\\\\HOLLYBAES-PC', 'PROMPT': '$P$G', 'SESSIONNAME': 'Console', 'PROGRAMDATA': 'C:\\ProgramData', 'ONEDRIVE': 'C:\\Users\\holla\\OneDrive - University of Guelph', 'FPS_BROWSER_APP_PROFILE_STRING': 'Internet Explorer', 'PATHEXT': '.COM;.EXE;.BAT;.CMD;.VBS;.VBE;.JS;.JSE;.WSF;.WSH;.MSC', 'TTOFF_LOGIN_TOKEN': 'dev', 'ONEDRIVECOMMERCIAL': 'C:\\Users\\holla\\OneDrive - University of Guelph', 'WINDIR': 'C:\\WINDOWS', 'APPDATA': 'C:\\Users\\holla\\AppData\\Roaming', 'HOMEDRIVE': 'C:', 'SYSTEMDRIVE': 'C:', 'NUMBER_OF_PROCESSORS': '12', 'PROCESSOR_LEVEL': '6', 'RG_GPU_FRAMEWORK_ENGINE_RESOURCEDIR': 'C:\\Program Files\\Red Giant\\RGFX', 'COMMONPROGRAMW6432': 'C:\\Program Files\\Common Files', 'OS': 'Windows_NT', 'PUBLIC': 'C:\\Users\\Public', 'USERPROFILE': 'C:\\Users\\holla'}
:03-09-2020 02:49:53 TTOffLauncher: isTestServer: 0
:03-09-2020 02:49:53 TTOffLauncher: Game Server 127.0.0.1
:03-09-2020 02:49:53 TTOffLauncher: Starting Toontown Online... 
:03-09-2020 02:49:53 TTOffLauncher: foreground: Launcher now operating in foreground
useTTOffSpecificLogin=True
:03-09-2020 02:49:53 TTOffLauncher: maybeStartGame: starting game
:03-09-2020 02:49:53 TTOffLauncher: Starting Toontown Online...
:03-09-2020 02:49:53 TTOffLauncher: background: Launcher now operating in background
ToontownStart: Polling for game2 to finish...
ToontownStart: Game2 is finished.
ToontownStart: Starting the game.
ToontownStart: setting default font
:03-09-2020 02:49:53 TTOffLauncher: setting panda error code to 7
Known pipe types:
  wglGraphicsPipe
(all display modules loaded.)
:03-09-2020 02:49:53 ToonBase: Default graphics pipe is wglGraphicsPipe (OpenGL).
:03-09-2020 02:49:54 ToonBase: Successfully opened window of type wglGraphicsWindow (OpenGL)
:03-09-2020 02:49:54 ShowBase: __dev__ == False
:03-09-2020 02:49:54 TTOffLauncher: setting panda error code to 11
:03-09-2020 02:49:54 TTOffLauncher: setting panda error code to 0
ToontownStart: Loading default gui sounds
ToontownStart: serverVersion:  tto-dev
:03-09-2020 02:49:54 Loader: starting bulk load of block 'init'
:03-09-2020 02:49:57 :nativenet(error): Buffered_DatagramConnection Constructor rbufsize = 4096000 wbufsize = 4096000 write_flush_point = 1400
:03-09-2020 02:49:57 OTPClientRepository: Using connect method 'http'
:03-09-2020 02:49:59 TTOffLauncher: getRegistry ('DEPLOYMENT', None)
:03-09-2020 02:49:59 TTOffLauncher: checking env
:03-09-2020 02:49:59 TTOffLauncher: getRegistry ('GAME_DEPLOYMENT', None)
:03-09-2020 02:49:59 TTOffLauncher: checking env
:03-09-2020 02:49:59 OTPClientRepository: reg_deployment=
:03-09-2020 02:49:59 OTPClientRepository: required-login auto.
:03-09-2020 02:49:59 OTPClientRepository: loginInterface: LoginTTOffAccount
:03-09-2020 02:49:59 TTOffLauncher: getNeedPwForSecretKey using ttoff-specific-login
:03-09-2020 02:49:59 Loader: At end of block 'init', expected 138, loaded 10, duration=4.9583209
:03-09-2020 02:49:59 OTPClientRepository: Connecting to gameserver directly (no proxy).
:03-09-2020 02:49:59 OTPClientRepository: Connecting to //127.0.0.1:7198 via HTTP interface.
:03-09-2020 02:49:59 TTOffLauncher: Stopping mini task manager.
:03-09-2020 02:49:59 OTPClientRepository: Successfully connected to //127.0.0.1:7198.
:03-09-2020 02:49:59 TTOffLauncher: Setting Disconnect Details normal
{401000001: <toontown.distributed.ToontownDistrict.ToontownDistrict instance at 0x000000001D4AA7C8>}
{401000001: <toontown.distributed.ToontownDistrict.ToontownDistrict instance at 0x000000001D4AA7C8>}
:03-09-2020 02:50:08 StateData: AvatarChooser.enter
:03-09-2020 02:50:08 DisplayOptions: settingsFullScreen = False, embedded = False width=800 height=600
:03-09-2020 02:50:08 StateData: calling self.displayOptions.restrictToEmbedded(False)
:03-09-2020 02:50:10 OTPClientRepository: ================
:03-09-2020 02:50:10 OTPClientRepository: Chose avatar id: 100000014
:03-09-2020 02:50:10 OTPClientRepository: Chose avatar name: Hollybae
:03-09-2020 02:50:10 OTPClientRepository: Chose avatar dna: ('css', 'ms', 'm', 'm', 16, 0, 16, 16, 113, 27, 18, 27, 7, 21)
:03-09-2020 02:50:10 OTPClientRepository: Chose avatar position: 5
:03-09-2020 02:50:10 OTPClientRepository: isPaid: 1
:03-09-2020 02:50:10 OTPClientRepository: freeTimeLeft: 0
:03-09-2020 02:50:10 OTPClientRepository: allowSecretChat: True
:03-09-2020 02:50:10 OTPClientRepository: ================
:03-09-2020 02:50:10 Loader: starting bulk load of block 'localAvatarPlayGame'
:03-09-2020 02:50:11 ToontownTimeManager(warning): error parsing date string=
local
:03-09-2020 02:50:11 NewsPageButtonManager(warning): Should not get here. NewsPageButtonManager.exitOff
:03-09-2020 02:50:11 :pnmimage:png(warning): iCCP: known incorrect sRGB profile
:03-09-2020 02:50:14 OTPClientRepository: Entering shard 401000001
:03-09-2020 02:50:14 StreetSign: Street sign url is https://ttoffline.com/images/
:03-09-2020 02:50:15 StreetSign: Street Sign is up to date
:03-09-2020 02:50:15 TimeManager: Clock sync: TimeManager.announceGenerate
:03-09-2020 02:50:15 InGameNewsMgr: latestIssue=2013-08-22 16:49:46.000003-07:00
cpu info: GenuineIntel|Intel(R) Core(TM) i7-8700K CPU @ 3.70GHz|591594|0|3.701,3.701|6,12 cpus
:03-09-2020 02:50:17 OTPClientRepository: No sync from TimeManager.
:03-09-2020 02:50:17 OTPClientRepository: gotTimeSync
:03-09-2020 02:50:17 Loader: At end of block 'localAvatarPlayGame', expected 400, loaded 17, duration=6.8637248
:03-09-2020 02:50:17 TimeManager: Clock sync roundtrip took 1592.363 ms
:03-09-2020 02:50:17 TimeManager: AI time delta is -0:02 from server delta
:03-09-2020 02:50:17 TimeManager: Local clock uncertainty +/- 0.796 s
:03-09-2020 02:50:17 PlayGame: QA-REGRESSION: NEIGHBORHOODS: Visit Lawbot HQ
:03-09-2020 02:50:17 Loader: starting bulk load of block 'hood'
:03-09-2020 02:50:18 LawbotCogHQLoader: loadPlaceGeom: 13000
:03-09-2020 02:50:19 DistributedObject: DistributedSuitPlanner 401002972: generating
:03-09-2020 02:50:19 OTPClientRepository: Sending heartbeat mid-frame.
:03-09-2020 02:50:19 DistributedToon: calling LocalAvatar.startchat
:03-09-2020 02:50:19 :loader(error): Couldn't load file phase_4/models/questmap/cog_hq_lawbot_maps.bam: not found on model path (currently: "/;/d/hollybae/Aly/Toontown-School-House/toontown/launcher;/c/Panda3D-1.11.0-x64/etc/..;/c/Panda3D-1.11.0-x64/etc/../models")
:03-09-2020 02:50:19 Loader: At end of block 'hood', expected 2, loaded 10, duration=2.0673935
:03-09-2020 02:50:21 Teleport(debug): teleportInDone: walk
:03-09-2020 02:50:21 :loader(error): Couldn't load file phase_4/models/questmap/cog_hq_lawbot_maps.bam: not found on model path (currently: "/;/d/hollybae/Aly/Toontown-School-House/toontown/launcher;/c/Panda3D-1.11.0-x64/etc/..;/c/Panda3D-1.11.0-x64/etc/../models")
:03-09-2020 02:50:35 ShtikerBook: QA-REGRESSION: SHTICKERBOOK: Open
:03-09-2020 02:50:36 ShtikerBook: QA-REGRESSION: SHTICKERBOOK: Close
:03-09-2020 02:50:41 TimeManager: Client disconnect reason 1.
:03-09-2020 02:50:41 LawbotHQExterior: Unloading Place (13000). Fsm in final
:03-09-2020 02:50:41 OTPClientRepository: Exiting shard
:03-09-2020 02:50:41 DistributedObject: DistributedSuitPlanner 401002972: disabling
ignoring InputState-forward
:03-09-2020 02:50:41 OTPClientRepository: sending clientLogout
:03-09-2020 02:50:41 LocalAvatar(warning): redundant call to stopUpdateSmartCamera
:03-09-2020 02:50:41 OTPClientRepository(warning): Disable failed. DistObj 100000014 is not in dictionary, ownerView=True
:03-09-2020 02:50:42 StateData: AvatarChooser.enter
:03-09-2020 02:50:42 DisplayOptions: settingsFullScreen = False, embedded = False width=800 height=600
:03-09-2020 02:50:42 StateData: calling self.displayOptions.restrictToEmbedded(False)
:03-09-2020 02:51:06 OTPClientRepository: ================
:03-09-2020 02:51:06 OTPClientRepository: Chose avatar id: 100000014
:03-09-2020 02:51:06 OTPClientRepository: Chose avatar name: Hollybae
:03-09-2020 02:51:06 OTPClientRepository: Chose avatar dna: ('css', 'ms', 'm', 'm', 16, 0, 16, 16, 113, 27, 18, 27, 7, 21)
:03-09-2020 02:51:06 OTPClientRepository: Chose avatar position: 5
:03-09-2020 02:51:06 OTPClientRepository: isPaid: 1
:03-09-2020 02:51:06 OTPClientRepository: freeTimeLeft: 0
:03-09-2020 02:51:06 OTPClientRepository: allowSecretChat: True
:03-09-2020 02:51:06 OTPClientRepository: ================
:03-09-2020 02:51:06 Loader: starting bulk load of block 'localAvatarPlayGame'
local
:03-09-2020 02:51:07 NewsPageButtonManager(warning): Should not get here. NewsPageButtonManager.exitOff
:03-09-2020 02:51:07 :pnmimage:png(warning): iCCP: known incorrect sRGB profile
:03-09-2020 02:51:08 OTPClientRepository: Entering shard 401000001
:03-09-2020 02:51:08 TimeManager: Clock sync: TimeManager.announceGenerate
:03-09-2020 02:51:08 InGameNewsMgr: latestIssue=2013-08-22 16:49:46.000003-07:00
cpu info: GenuineIntel|Intel(R) Core(TM) i7-8700K CPU @ 3.70GHz|591594|0|3.701,3.701|6,12 cpus
:03-09-2020 02:51:08 OTPClientRepository: No sync from TimeManager.
:03-09-2020 02:51:08 OTPClientRepository: gotTimeSync
:03-09-2020 02:51:08 Loader: At end of block 'localAvatarPlayGame', expected 400, loaded 10, duration=2.252375
:03-09-2020 02:51:08 TimeManager: Clock sync roundtrip took 60.960 ms
:03-09-2020 02:51:08 TimeManager: AI time delta is -0:00 from server delta
:03-09-2020 02:51:08 ClockDelta: previous delta at -0.373 s, +/- 0.811 s.
:03-09-2020 02:51:08 ClockDelta: new delta at -1.121 s, +/- 0.030 s.
:03-09-2020 02:51:08 ClockDelta: intersection at -1.121 s, +/- 0.030 s.
:03-09-2020 02:51:08 TimeManager: Local clock uncertainty +/- 0.030 s
:03-09-2020 02:51:08 PlayGame: QA-REGRESSION: NEIGHBORHOODS: Visit Lawbot HQ
:03-09-2020 02:51:08 Loader: starting bulk load of block 'hood'
:03-09-2020 02:51:09 LawbotCogHQLoader: loadPlaceGeom: 13000
:03-09-2020 02:51:09 OTPClientRepository: Sending heartbeat mid-frame.
:03-09-2020 02:51:09 DistributedObject: DistributedSuitPlanner 401002972: generating
:03-09-2020 02:51:09 DistributedToon: calling LocalAvatar.startchat
:03-09-2020 02:51:09 :loader(error): Couldn't load file phase_4/models/questmap/cog_hq_lawbot_maps.bam: not found on model path (currently: "/;/d/hollybae/Aly/Toontown-School-House/toontown/launcher;/c/Panda3D-1.11.0-x64/etc/..;/c/Panda3D-1.11.0-x64/etc/../models")
:03-09-2020 02:51:09 Loader: At end of block 'hood', expected 2, loaded 4, duration=0.9722137
:03-09-2020 02:51:11 Teleport(debug): teleportInDone: walk
:03-09-2020 02:51:11 :loader(error): Couldn't load file phase_4/models/questmap/cog_hq_lawbot_maps.bam: not found on model path (currently: "/;/d/hollybae/Aly/Toontown-School-House/toontown/launcher;/c/Panda3D-1.11.0-x64/etc/..;/c/Panda3D-1.11.0-x64/etc/../models")
:03-09-2020 02:51:12 ShtikerBook: QA-REGRESSION: SHTICKERBOOK: Open
:03-09-2020 02:51:12 ShtikerBook: QA-REGRESSION: SHTICKERBOOK: Close
:03-09-2020 02:51:14 :loader(error): Couldn't load file phase_4/models/questmap/cog_hq_lawbot_maps.bam: not found on model path (currently: "/;/d/hollybae/Aly/Toontown-School-House/toontown/launcher;/c/Panda3D-1.11.0-x64/etc/..;/c/Panda3D-1.11.0-x64/etc/../models")
:03-09-2020 02:51:16 ShtikerBook: QA-REGRESSION: SHTICKERBOOK: Open
:03-09-2020 02:51:17 ShtikerBook: QA-REGRESSION: SHTICKERBOOK: Close
:03-09-2020 02:51:23 TimeManager: Client disconnect reason 1.
:03-09-2020 02:51:23 LawbotHQExterior: Unloading Place (13000). Fsm in final
:03-09-2020 02:51:23 OTPClientRepository: Exiting shard
:03-09-2020 02:51:23 DistributedObject: DistributedSuitPlanner 401002972: disabling
ignoring InputState-forward
:03-09-2020 02:51:23 OTPClientRepository: sending clientLogout
:03-09-2020 02:51:23 LocalAvatar(warning): redundant call to stopUpdateSmartCamera
:03-09-2020 02:51:23 OTPClientRepository(warning): Disable failed. DistObj 100000014 is not in dictionary, ownerView=True
:03-09-2020 02:51:24 StateData: AvatarChooser.enter
:03-09-2020 02:51:24 DisplayOptions: settingsFullScreen = False, embedded = False width=800 height=600
:03-09-2020 02:51:24 StateData: calling self.displayOptions.restrictToEmbedded(False)
:03-09-2020 02:51:32 OTPClientRepository: ================
:03-09-2020 02:51:32 OTPClientRepository: Chose avatar id: 100000014
:03-09-2020 02:51:32 OTPClientRepository: Chose avatar name: Hollybae
:03-09-2020 02:51:32 OTPClientRepository: Chose avatar dna: ('css', 'ms', 'm', 'm', 16, 0, 16, 16, 113, 27, 18, 27, 7, 21)
:03-09-2020 02:51:32 OTPClientRepository: Chose avatar position: 5
:03-09-2020 02:51:32 OTPClientRepository: isPaid: 1
:03-09-2020 02:51:32 OTPClientRepository: freeTimeLeft: 0
:03-09-2020 02:51:32 OTPClientRepository: allowSecretChat: True
:03-09-2020 02:51:32 OTPClientRepository: ================
:03-09-2020 02:51:32 Loader: starting bulk load of block 'localAvatarPlayGame'
local
:03-09-2020 02:51:32 NewsPageButtonManager(warning): Should not get here. NewsPageButtonManager.exitOff
:03-09-2020 02:51:32 :pnmimage:png(warning): iCCP: known incorrect sRGB profile
:03-09-2020 02:51:34 OTPClientRepository: Entering shard 401000001
:03-09-2020 02:51:34 TimeManager: Clock sync: TimeManager.announceGenerate
:03-09-2020 02:51:34 InGameNewsMgr: latestIssue=2013-08-22 16:49:46.000003-07:00
cpu info: GenuineIntel|Intel(R) Core(TM) i7-8700K CPU @ 3.70GHz|591594|0|3.701,3.701|6,12 cpus
:03-09-2020 02:51:34 OTPClientRepository: No sync from TimeManager.
:03-09-2020 02:51:34 OTPClientRepository: gotTimeSync
:03-09-2020 02:51:34 Loader: At end of block 'localAvatarPlayGame', expected 400, loaded 9, duration=2.1390616
:03-09-2020 02:51:34 TimeManager: Clock sync roundtrip took 64.745 ms
:03-09-2020 02:51:34 TimeManager: AI time delta is -0:00 from server delta
:03-09-2020 02:51:34 ClockDelta: previous delta at -1.121 s, +/- 0.038 s.
:03-09-2020 02:51:34 ClockDelta: new delta at -1.125 s, +/- 0.032 s.
:03-09-2020 02:51:34 ClockDelta: intersection at -1.125 s, +/- 0.032 s.
:03-09-2020 02:51:34 TimeManager: Local clock uncertainty +/- 0.032 s
:03-09-2020 02:51:34 PlayGame: QA-REGRESSION: NEIGHBORHOODS: Visit Lawbot HQ
:03-09-2020 02:51:34 Loader: starting bulk load of block 'hood'
:03-09-2020 02:51:35 LawbotCogHQLoader: loadPlaceGeom: 13000
:03-09-2020 02:51:35 DistributedObject: DistributedSuitPlanner 401002972: generating
:03-09-2020 02:51:35 DistributedToon: calling LocalAvatar.startchat
:03-09-2020 02:51:35 :loader(error): Couldn't load file phase_4/models/questmap/cog_hq_lawbot_maps.bam: not found on model path (currently: "/;/d/hollybae/Aly/Toontown-School-House/toontown/launcher;/c/Panda3D-1.11.0-x64/etc/..;/c/Panda3D-1.11.0-x64/etc/../models")
:03-09-2020 02:51:35 Loader: At end of block 'hood', expected 2, loaded 4, duration=0.9895219
:03-09-2020 02:51:36 Teleport(debug): teleportInDone: walk
:03-09-2020 02:51:36 :loader(error): Couldn't load file phase_4/models/questmap/cog_hq_lawbot_maps.bam: not found on model path (currently: "/;/d/hollybae/Aly/Toontown-School-House/toontown/launcher;/c/Panda3D-1.11.0-x64/etc/..;/c/Panda3D-1.11.0-x64/etc/../models")
:03-09-2020 02:51:45 TTOffMagicWordManager: This Magic Word doesn't exist! Did you mean toggleoobe?
:03-09-2020 02:51:52 TTOffMagicWordManager: Oobe mode has been toggled.
:03-09-2020 02:52:18 ToonBase: User closed main window.
:03-09-2020 02:52:18 TimeManager: Client disconnect reason 2.
:03-09-2020 02:52:18 DistributedObject: DistributedSuitPlanner 401002972: disabling
:03-09-2020 02:52:18 LawbotHQExterior: Unloading Place (13000). Fsm in final
:03-09-2020 02:52:18 OTPClientRepository(warning): unclean exit, abandoning shard
ignoring InputState-forward
:03-09-2020 02:52:18 OTPClientRepository: sending clientLogout
:03-09-2020 02:52:19 LocalAvatar(warning): redundant call to stopUpdateSmartCamera
:03-09-2020 02:52:19 OTPClientRepository: Sent disconnect message to server
:03-09-2020 02:52:19 OTPClientRepository: Closing connection to server.
:03-09-2020 02:52:19 OTPClientRepository: Exiting cleanly
:03-09-2020 02:52:19 ToonBase: Exiting Toontown: errorCode = None
:03-09-2020 02:52:19 TTOffLauncher: setting panda error code to 0
:03-09-2020 02:52:19 TTOffLauncher: Normal exit.
