

Starting Toontown Online...
Current time: Tue Dec  3 16:21:52 2019 Eastern Standard Time
sys.path =  ['', 'C:\\Panda3D-1.11.0-x64\\python\\python27.zip', 'C:\\Panda3D-1.11.0-x64', 'C:\\Panda3D-1.11.0-x64\\python\\DLLs', 'C:\\Panda3D-1.11.0-x64\\python\\lib', 'C:\\Panda3D-1.11.0-x64\\python\\lib\\plat-win', 'C:\\Panda3D-1.11.0-x64\\python\\lib\\lib-tk', 'C:\\Panda3D-1.11.0-x64\\python', 'C:\\Panda3D-1.11.0-x64\\bin', 'C:\\Panda3D-1.11.0-x64\\python\\lib\\site-packages']
sys.argv =  ['D:\\hollybae\\Aly\\Toontown-School-House\\toontown\\launcher\\TTOffQuickStartLauncher.py']
generating standard configrc
os.environ =  {'TMP': 'C:\\Users\\holla\\AppData\\Local\\Temp', 'COMPUTERNAME': 'HOLLYBAES-PC', 'USERDOMAIN': 'HOLLYBAES-PC', 'INTEL_DEV_REDIST': 'C:\\Program Files (x86)\\Common Files\\Intel\\Shared Libraries\\', 'PSMODULEPATH': 'C:\\Program Files\\WindowsPowerShell\\Modules;C:\\WINDOWS\\system32\\WindowsPowerShell\\v1.0\\Modules', 'COMMONPROGRAMFILES': 'C:\\Program Files\\Common Files', 'PROCESSOR_IDENTIFIER': 'Intel64 Family 6 Model 158 Stepping 10, GenuineIntel', 'VBOX_MSI_INSTALL_PATH': 'C:\\Program Files\\Oracle\\VirtualBox\\', 'PROGRAMFILES': 'C:\\Program Files', 'PROCESSOR_REVISION': '9e0a', 'PATH': 'C:\\Panda3D-1.11.0-x64\\panda3d\\..\\bin;C:\\Program Files (x86)\\Razer\\ChromaBroadcast\\bin;C:\\Program Files\\Razer\\ChromaBroadcast\\bin;C:\\Program Files (x86)\\Common Files\\Intel\\Shared Libraries\\redist\\intel64_win\\compiler;C:\\Program Files (x86)\\Common Files\\Oracle\\Java\\javapath;C:\\Program Files (x86)\\Common Files\\Intel\\Shared Libraries\\redist\\intel64\\compiler;C:\\WINDOWS\\system32;C:\\WINDOWS;C:\\WINDOWS\\System32\\Wbem;C:\\WINDOWS\\System32\\WindowsPowerShell\\v1.0\\;C:\\WINDOWS\\System32\\OpenSSH\\;C:\\Program Files\\NVIDIA Corporation\\NVIDIA NGX;C:\\Program Files (x86)\\NVIDIA Corporation\\PhysX\\Common;C:\\Program Files\\NVIDIA Corporation\\NVIDIA NvDLISR;C:\\WINDOWS\\system32;C:\\WINDOWS;C:\\WINDOWS\\System32\\Wbem;C:\\WINDOWS\\System32\\WindowsPowerShell\\v1.0\\;C:\\WINDOWS\\System32\\OpenSSH\\;D:\\hollybae\\ffmpeg-4.1.3-win64-static\\ffmpeg-4.1.3-win64-static\\bin;C:\\Program Files\\dotnet\\;C:\\WINDOWS\\system32\\config\\systemprofile\\AppData\\Local\\Microsoft\\WindowsApps;C:\\Users\\holla\\AppData\\Local\\Microsoft\\WindowsApps;C:\\Panda3D-1.10.4.1-x64\\python;C:\\Panda3D-1.10.4.1-x64\\python\\Scripts;C:\\Panda3D-1.10.4.1-x64\\bin;C:\\Panda3D-1.11.0-x64\\python;C:\\Panda3D-1.11.0-x64\\python\\Scripts;C:\\Panda3D-1.11.0-x64\\bin', 'SYSTEMROOT': 'C:\\WINDOWS', 'MIC_LD_LIBRARY_PATH': 'C:\\Program Files (x86)\\Common Files\\Intel\\Shared Libraries\\compiler\\lib\\intel64_win_mic', 'COMSPEC': 'C:\\WINDOWS\\system32\\cmd.exe', 'DRIVERDATA': 'C:\\Windows\\System32\\Drivers\\DriverData', 'PPYTHON_PATH': '"C:\\Panda3D-1.11.0-x64\\python\\ppython.exe"', 'TEMP': 'C:\\Users\\holla\\AppData\\Local\\Temp', 'COMMONPROGRAMFILES(X86)': 'C:\\Program Files (x86)\\Common Files', 'PROCESSOR_ARCHITECTURE': 'AMD64', 'PROGRAMFILES(X86)': 'C:\\Program Files (x86)', 'ALLUSERSPROFILE': 'C:\\ProgramData', 'LOCALAPPDATA': 'C:\\Users\\holla\\AppData\\Local', 'FPS_BROWSER_USER_PROFILE_STRING': 'Default', 'HOMEPATH': '\\Users\\holla', 'USERDOMAIN_ROAMINGPROFILE': 'HOLLYBAES-PC', 'PROGRAMW6432': 'C:\\Program Files', 'USERNAME': 'holla', 'LOGONSERVER': '\\\\HOLLYBAES-PC', 'PROMPT': '$P$G', 'SESSIONNAME': 'Console', 'PROGRAMDATA': 'C:\\ProgramData', 'ONEDRIVE': 'C:\\Users\\holla\\OneDrive', 'FPS_BROWSER_APP_PROFILE_STRING': 'Internet Explorer', 'PATHEXT': '.COM;.EXE;.BAT;.CMD;.VBS;.VBE;.JS;.JSE;.WSF;.WSH;.MSC', 'TTOFF_LOGIN_TOKEN': 'dev', 'WINDIR': 'C:\\WINDOWS', 'APPDATA': 'C:\\Users\\holla\\AppData\\Roaming', 'HOMEDRIVE': 'C:', 'SYSTEMDRIVE': 'C:', 'NUMBER_OF_PROCESSORS': '12', 'PROCESSOR_LEVEL': '6', 'COMMONPROGRAMW6432': 'C:\\Program Files\\Common Files', 'OS': 'Windows_NT', 'PUBLIC': 'C:\\Users\\Public', 'USERPROFILE': 'C:\\Users\\holla'}
:12-03-2019 16:21:52 TTOffLauncher: isTestServer: 0
:12-03-2019 16:21:52 TTOffLauncher: Game Server 127.0.0.1
:12-03-2019 16:21:52 TTOffLauncher: Starting Toontown Online... 
:12-03-2019 16:21:52 TTOffLauncher: foreground: Launcher now operating in foreground
useTTOffSpecificLogin=True
:12-03-2019 16:21:52 TTOffLauncher: maybeStartGame: starting game
:12-03-2019 16:21:52 TTOffLauncher: Starting Toontown Online...
:12-03-2019 16:21:52 TTOffLauncher: background: Launcher now operating in background
ToontownStart: Polling for game2 to finish...
ToontownStart: Game2 is finished.
ToontownStart: Starting the game.
ToontownStart: setting default font
:12-03-2019 16:21:52 TTOffLauncher: setting panda error code to 7
Known pipe types:
  wglGraphicsPipe
(all display modules loaded.)
:12-03-2019 16:21:53 ToonBase: Default graphics pipe is wglGraphicsPipe (OpenGL).
:12-03-2019 16:21:53 ToonBase: Successfully opened window of type wglGraphicsWindow (OpenGL)
:12-03-2019 16:21:53 ShowBase: __dev__ == False
:12-03-2019 16:21:53 TTOffLauncher: setting panda error code to 11
:12-03-2019 16:21:53 TTOffLauncher: setting panda error code to 0
ToontownStart: Loading default gui sounds
ToontownStart: serverVersion:  tto-dev
:12-03-2019 16:21:54 Loader: starting bulk load of block 'init'
:12-03-2019 16:22:03 :nativenet(error): Buffered_DatagramConnection Constructor rbufsize = 4096000 wbufsize = 4096000 write_flush_point = 1400
:12-03-2019 16:22:03 OTPClientRepository: Using connect method 'http'
:12-03-2019 16:22:08 TTOffLauncher: getRegistry ('DEPLOYMENT', None)
:12-03-2019 16:22:08 TTOffLauncher: checking env
:12-03-2019 16:22:08 TTOffLauncher: getRegistry ('GAME_DEPLOYMENT', None)
:12-03-2019 16:22:08 TTOffLauncher: checking env
:12-03-2019 16:22:08 OTPClientRepository: reg_deployment=
:12-03-2019 16:22:08 OTPClientRepository: required-login auto.
:12-03-2019 16:22:08 OTPClientRepository: loginInterface: LoginTTOffAccount
:12-03-2019 16:22:08 TTOffLauncher: getNeedPwForSecretKey using ttoff-specific-login
:12-03-2019 16:22:08 Loader: At end of block 'init', expected 138, loaded 15, duration=14.5113133
:12-03-2019 16:22:08 OTPClientRepository: Connecting to gameserver directly (no proxy).
:12-03-2019 16:22:08 OTPClientRepository: Connecting to //127.0.0.1:7198 via HTTP interface.
:12-03-2019 16:22:08 TTOffLauncher: Stopping mini task manager.
:12-03-2019 16:22:08 OTPClientRepository: Successfully connected to //127.0.0.1:7198.
:12-03-2019 16:22:08 TTOffLauncher: Setting Disconnect Details normal
{401000001: <toontown.distributed.ToontownDistrict.ToontownDistrict instance at 0x0000000020581788>}
:12-03-2019 16:22:09 StateData: AvatarChooser.enter
:12-03-2019 16:22:09 DisplayOptions: settingsFullScreen = False, embedded = False width=800 height=600
:12-03-2019 16:22:09 StateData: calling self.displayOptions.restrictToEmbedded(False)
:12-03-2019 16:22:12 OTPClientRepository: ================
:12-03-2019 16:22:12 OTPClientRepository: Chose avatar id: 100000014
:12-03-2019 16:22:12 OTPClientRepository: Chose avatar name: Hollybae
:12-03-2019 16:22:12 OTPClientRepository: Chose avatar dna: ('css', 'ms', 'm', 'm', 16, 0, 16, 16, 113, 27, 18, 27, 7, 21)
:12-03-2019 16:22:12 OTPClientRepository: Chose avatar position: 5
:12-03-2019 16:22:12 OTPClientRepository: isPaid: 1
:12-03-2019 16:22:12 OTPClientRepository: freeTimeLeft: 0
:12-03-2019 16:22:12 OTPClientRepository: allowSecretChat: True
:12-03-2019 16:22:12 OTPClientRepository: ================
:12-03-2019 16:22:12 Loader: starting bulk load of block 'localAvatarPlayGame'
:12-03-2019 16:22:13 ToontownTimeManager(warning): error parsing date string=
local
:12-03-2019 16:22:14 NewsPageButtonManager(warning): Should not get here. NewsPageButtonManager.exitOff
:12-03-2019 16:22:14 :pnmimage:png(warning): iCCP: known incorrect sRGB profile
:12-03-2019 16:22:17 OTPClientRepository: Entering shard 401000001
:12-03-2019 16:22:17 StreetSign: Street sign url is https://ttoffline.com/images/
:12-03-2019 16:22:17 :downloader(error): Failed to resolve ttoffline.com: No such host is known. 
:12-03-2019 16:22:17 TimeManager: Clock sync: TimeManager.announceGenerate
:12-03-2019 16:22:17 InGameNewsMgr: latestIssue=2013-08-22 16:49:46.000003-07:00
cpu info: GenuineIntel|Intel(R) Core(TM) i7-8700K CPU @ 3.70GHz|591594|0|3.701,3.701|6,12 cpus
:12-03-2019 16:22:19 OTPClientRepository: No sync from TimeManager.
:12-03-2019 16:22:19 OTPClientRepository: gotTimeSync
:12-03-2019 16:22:19 Loader: At end of block 'localAvatarPlayGame', expected 400, loaded 24, duration=6.7356618
:12-03-2019 16:22:19 OTPClientRepository: Sending heartbeat mid-frame.
:12-03-2019 16:22:19 TimeManager: Clock sync roundtrip took 1886.003 ms
:12-03-2019 16:22:19 TimeManager: AI time delta is -0:02 from server delta
:12-03-2019 16:22:19 TimeManager: Local clock uncertainty +/- 0.943 s
:12-03-2019 16:22:19 PlayGame: QA-REGRESSION: NEIGHBORHOODS: Visit Lawbot HQ
:12-03-2019 16:22:19 Loader: starting bulk load of block 'hood'
:12-03-2019 16:22:23 LawbotCogHQLoader: loadPlaceGeom: 13000
:12-03-2019 16:22:24 DistributedObject: DistributedSuitPlanner 401002972: generating
:12-03-2019 16:22:24 DistributedToon: calling LocalAvatar.startchat
:12-03-2019 16:22:24 :loader(error): Couldn't load file phase_4/models/questmap/cog_hq_lawbot_maps.bam: not found on model path (currently: "/;/d/hollybae/Aly/Toontown-School-House/toontown/launcher;/c/Panda3D-1.11.0-x64/etc/..;/c/Panda3D-1.11.0-x64/etc/../models")
:12-03-2019 16:22:24 Loader: At end of block 'hood', expected 2, loaded 25, duration=5.3138365
:12-03-2019 16:22:25 Teleport(debug): teleportInDone: walk
:12-03-2019 16:22:26 :loader(error): Couldn't load file phase_4/models/questmap/cog_hq_lawbot_maps.bam: not found on model path (currently: "/;/d/hollybae/Aly/Toontown-School-House/toontown/launcher;/c/Panda3D-1.11.0-x64/etc/..;/c/Panda3D-1.11.0-x64/etc/../models")
Current position= (59.859,  115.780,  -68.367), H: -81.423, Zone: 13000,, Ver: tto-dev, , District: Toon Valley
:12-03-2019 16:24:12 LawbotCogHQLoader: loadPlaceGeom: 13100
:12-03-2019 16:24:12 LawbotCogHQLoader: QA-REGRESSION: COGHQ: Visit LawbotLobby
:12-03-2019 16:24:12 LawbotHQExterior: Unloading Place (13000). Fsm in final
:12-03-2019 16:24:12 DistributedObject: DistributedSuitPlanner 401002972: disabling
:12-03-2019 16:24:12 DistributedToon: calling LocalAvatar.startchat
:12-03-2019 16:24:12 :loader(error): Couldn't load file phase_4/models/questmap/cog_hq_lawbot_maps.bam: not found on model path (currently: "/;/d/hollybae/Aly/Toontown-School-House/toontown/launcher;/c/Panda3D-1.11.0-x64/etc/..;/c/Panda3D-1.11.0-x64/etc/../models")
:12-03-2019 16:24:14 :loader(error): Couldn't load file phase_4/models/questmap/cog_hq_lawbot_maps.bam: not found on model path (currently: "/;/d/hollybae/Aly/Toontown-School-House/toontown/launcher;/c/Panda3D-1.11.0-x64/etc/..;/c/Panda3D-1.11.0-x64/etc/../models")
:12-03-2019 16:24:33 LawbotCogHQLoader: loadPlaceGeom: 61000
:12-03-2019 16:24:33 LawbotCogHQLoader(warning): loadPlaceGeom: unclassified zone 61000
:12-03-2019 16:24:33 CogHQLobby: Unloading Place (13100). Fsm in final
:12-03-2019 16:24:33 DistributedLawbotBoss(warning): Not a collision node: LawbotCourtroom3.egg/-PandaNode/CR3/interior/CR3_Floor
:12-03-2019 16:24:34 DistributedToon: calling LocalAvatar.startchat
:12-03-2019 16:24:34 LawbotHQBossBattle(warning): fsm.request('movie') returned 0 (zone id 61000, avatar pos LPoint3f(-0.363562, -126.204, 0.193903)).
:12-03-2019 16:24:39 TTOffMagicWordManager: Restarting Scale Round
:12-03-2019 16:25:11 :linmath(warning): Tried to invert singular LMatrix3.
:12-03-2019 16:26:55 GarbageCollect(warning): garbage found, reverting gc threshold
frame rate: 260.0 fps|0.001d|12 avs||323|325||0x0000|0x0000|1002.1MB|1178.7MB|16235.6MB|401|nt.2.6.2|3.701,3.701|6,12 cpus|OpenGL
frame rate: 260.7 fps|0.000d|12 avs||623|625||0x0000|0x0000|1382.4MB|1559.7MB|16235.6MB|515|nt.2.6.2|3.701,3.701|6,12 cpus|OpenGL
frame rate: 260.7 fps|0.000d|12 avs||923|925||0x0000|0x0000|1740.3MB|1942.4MB|16235.6MB|848|nt.2.6.2|3.701,3.701|6,12 cpus|OpenGL
frame rate: 260.4 fps|0.000d|12 avs||1223|1225||0x0000|0x0000|2121.6MB|2324.4MB|16235.6MB|971|nt.2.6.2|3.701,3.701|6,12 cpus|OpenGL
frame rate: 259.4 fps|0.000d|12 avs||1523|1525||0x0000|0x0000|2501.9MB|2705.4MB|16235.6MB|1093|nt.2.6.2|3.701,3.701|6,12 cpus|OpenGL
:12-03-2019 16:52:17 TimeManager: Clock sync: timer
frame rate: 259.3 fps|0.000d|12 avs||1823|1825||0x0000|0x0000|2881.8MB|3086.1MB|16235.6MB|1498|nt.2.6.2|3.701,3.701|6,12 cpus|OpenGL
:12-03-2019 16:52:17 TimeManager: Clock sync roundtrip took 38.190 ms
:12-03-2019 16:52:17 TimeManager: AI time delta is -0:00 from server delta
:12-03-2019 16:52:17 ClockDelta: previous delta at 0.095 s, +/- 1.443 s.
:12-03-2019 16:52:17 ClockDelta: new delta at -0.845 s, +/- 0.019 s.
:12-03-2019 16:52:17 ClockDelta: intersection at -0.845 s, +/- 0.019 s.
:12-03-2019 16:52:17 TimeManager: Local clock uncertainty +/- 0.019 s
frame rate: 259.5 fps|0.000d|12 avs||2123|2125||0x0000|0x0000|3261.4MB|3466.3MB|16235.6MB|1612|nt.2.6.2|3.701,3.701|6,12 cpus|OpenGL
frame rate: 258.5 fps|0.000d|12 avs||2423|2425||0x0000|0x0000|3640.2MB|3846.0MB|16235.6MB|1725|nt.2.6.2|3.701,3.701|6,12 cpus|OpenGL
frame rate: 257.7 fps|0.000d|12 avs||2723|2725||0x0000|0x0000|4017.3MB|4223.7MB|16235.6MB|2129|nt.2.6.2|3.701,3.701|6,12 cpus|OpenGL
frame rate: 258.5 fps|0.000d|12 avs||3023|3025||0x0000|0x0000|4395.6MB|4602.8MB|16235.6MB|2250|nt.2.6.2|3.701,3.701|6,12 cpus|OpenGL
frame rate: 258.1 fps|0.000d|12 avs||3323|3325||0x0000|0x0000|4774.3MB|4982.3MB|16235.6MB|2372|nt.2.6.2|3.701,3.701|6,12 cpus|OpenGL
:12-03-2019 17:22:17 TimeManager: Clock sync: timer
frame rate: 258.9 fps|0.000d|12 avs||3623|3625||0x0000|0x0000|5153.0MB|5361.7MB|16235.6MB|2776|nt.2.6.2|3.701,3.701|6,12 cpus|OpenGL
:12-03-2019 17:22:17 TimeManager: Clock sync roundtrip took 32.292 ms
:12-03-2019 17:22:17 TimeManager: AI time delta is -0:00 from server delta
:12-03-2019 17:22:17 ClockDelta: previous delta at -0.845 s, +/- 0.519 s.
:12-03-2019 17:22:17 ClockDelta: new delta at -0.836 s, +/- 0.016 s.
:12-03-2019 17:22:17 ClockDelta: intersection at -0.836 s, +/- 0.016 s.
:12-03-2019 17:22:17 TimeManager: Local clock uncertainty +/- 0.016 s
frame rate: 258.1 fps|0.000d|12 avs||3923|3925||0x0000|0x0000|5531.5MB|5740.9MB|16235.6MB|2889|nt.2.6.2|3.701,3.701|6,12 cpus|OpenGL
frame rate: 258.7 fps|0.000d|12 avs||4223|4225||0x0000|0x0000|5910.0MB|6120.2MB|16235.6MB|3003|nt.2.6.2|3.701,3.701|6,12 cpus|OpenGL
frame rate: 259.2 fps|0.000d|12 avs||4523|4525||0x0000|0x0000|6289.5MB|6500.5MB|16235.6MB|3407|nt.2.6.2|3.701,3.701|6,12 cpus|OpenGL
frame rate: 258.7 fps|0.000d|12 avs||4823|4825||0x0000|0x0000|6668.7MB|6880.4MB|16235.6MB|3529|nt.2.6.2|3.701,3.701|6,12 cpus|OpenGL
:12-03-2019 17:43:37 TTOffMagicWordManager: Gave Hollybae an infinite amount of pies
adding timeout task
adding timeout task
frame rate: 322.7 fps|0.000d|12 avs||5123|5125||0x0000|0x0000|6967.2MB|7179.3MB|16235.6MB|3631|nt.2.6.2|3.701,3.701|6,12 cpus|OpenGL
:12-03-2019 17:52:17 TimeManager: Clock sync: timer
:12-03-2019 17:52:17 TimeManager: Clock sync roundtrip took 26.169 ms
:12-03-2019 17:52:17 TimeManager: AI time delta is -0:00 from server delta
:12-03-2019 17:52:17 ClockDelta: previous delta at -0.836 s, +/- 0.516 s.
:12-03-2019 17:52:17 ClockDelta: new delta at -0.837 s, +/- 0.013 s.
:12-03-2019 17:52:17 ClockDelta: intersection at -0.837 s, +/- 0.013 s.
:12-03-2019 17:52:17 TimeManager: Local clock uncertainty +/- 0.013 s
frame rate: 324.0 fps|0.000d|12 avs||5423|5425||0x0000|0x0000|7242.3MB|7455.5MB|16235.6MB|3982|nt.2.6.2|3.701,3.701|6,12 cpus|OpenGL
handling timeout
:12-03-2019 17:55:47 DistributedToon: closing shard...
:12-03-2019 17:55:47 LawbotHQBossBattle: Unloading Place (61000). Fsm in final
:12-03-2019 17:55:47 OTPClientRepository: Exiting shard
ignoring InputState-forward
:12-03-2019 17:55:47 OTPClientRepository: sending clientLogout
:12-03-2019 17:55:47 LocalAvatar(warning): redundant call to stopUpdateSmartCamera
:12-03-2019 17:55:47 OTPClientRepository(warning): Disable failed. DistObj 100000014 is not in dictionary, ownerView=True
:12-03-2019 18:25:51 StateData: AvatarChooser.enter
:12-03-2019 18:25:51 DisplayOptions: settingsFullScreen = False, embedded = False width=800 height=600
:12-03-2019 18:25:51 StateData: calling self.displayOptions.restrictToEmbedded(False)
:12-03-2019 18:25:52 OTPClientRepository: ================
:12-03-2019 18:25:52 OTPClientRepository: Chose avatar id: 100000014
:12-03-2019 18:25:52 OTPClientRepository: Chose avatar name: Hollybae
:12-03-2019 18:25:52 OTPClientRepository: Chose avatar dna: ('css', 'ms', 'm', 'm', 16, 0, 16, 16, 113, 27, 18, 27, 7, 21)
:12-03-2019 18:25:52 OTPClientRepository: Chose avatar position: 5
:12-03-2019 18:25:52 OTPClientRepository: isPaid: 1
:12-03-2019 18:25:52 OTPClientRepository: freeTimeLeft: 0
:12-03-2019 18:25:52 OTPClientRepository: allowSecretChat: True
:12-03-2019 18:25:52 OTPClientRepository: ================
:12-03-2019 18:25:52 Loader: starting bulk load of block 'localAvatarPlayGame'
local
:12-03-2019 18:25:52 NewsPageButtonManager(warning): Should not get here. NewsPageButtonManager.exitOff
:12-03-2019 18:25:53 :pnmimage:png(warning): iCCP: known incorrect sRGB profile
:12-03-2019 18:25:54 OTPClientRepository: Entering shard 401000001
:12-03-2019 18:25:54 TimeManager: Clock sync: TimeManager.announceGenerate
:12-03-2019 18:25:54 InGameNewsMgr: latestIssue=2013-08-22 16:49:46.000003-07:00
cpu info: GenuineIntel|Intel(R) Core(TM) i7-8700K CPU @ 3.70GHz|591594|0|3.701,3.701|6,12 cpus
:12-03-2019 18:25:54 OTPClientRepository: No sync from TimeManager.
:12-03-2019 18:25:54 OTPClientRepository: gotTimeSync
:12-03-2019 18:25:54 Loader: At end of block 'localAvatarPlayGame', expected 400, loaded 7, duration=1.6537973
:12-03-2019 18:25:54 TimeManager: Clock sync roundtrip took 50.027 ms
:12-03-2019 18:25:54 TimeManager: AI time delta is -0:00 from server delta
:12-03-2019 18:25:54 ClockDelta: previous delta at -0.837 s, +/- 0.573 s.
:12-03-2019 18:25:54 ClockDelta: new delta at -0.807 s, +/- 0.025 s.
:12-03-2019 18:25:54 ClockDelta: intersection at -0.807 s, +/- 0.025 s.
:12-03-2019 18:25:54 TimeManager: Local clock uncertainty +/- 0.025 s
:12-03-2019 18:25:54 PlayGame: QA-REGRESSION: NEIGHBORHOODS: Visit Lawbot HQ
:12-03-2019 18:25:54 Loader: starting bulk load of block 'hood'
:12-03-2019 18:25:54 LawbotCogHQLoader: loadPlaceGeom: 13000
:12-03-2019 18:25:54 DistributedObject: DistributedSuitPlanner 401002972: generating
:12-03-2019 18:25:54 DistributedToon: calling LocalAvatar.startchat
:12-03-2019 18:25:54 :loader(error): Couldn't load file phase_4/models/questmap/cog_hq_lawbot_maps.bam: not found on model path (currently: "/;/d/hollybae/Aly/Toontown-School-House/toontown/launcher;/c/Panda3D-1.11.0-x64/etc/..;/c/Panda3D-1.11.0-x64/etc/../models")
:12-03-2019 18:25:54 Loader: At end of block 'hood', expected 2, loaded 3, duration=0.6662519
:12-03-2019 18:25:56 Teleport(debug): teleportInDone: walk
:12-03-2019 18:25:56 :loader(error): Couldn't load file phase_4/models/questmap/cog_hq_lawbot_maps.bam: not found on model path (currently: "/;/d/hollybae/Aly/Toontown-School-House/toontown/launcher;/c/Panda3D-1.11.0-x64/etc/..;/c/Panda3D-1.11.0-x64/etc/../models")
:12-03-2019 18:28:53 TTOffMagicWordManager: Run mode has been toggled.
:12-03-2019 18:28:59 LawbotCogHQLoader: loadPlaceGeom: 13100
:12-03-2019 18:28:59 LawbotCogHQLoader: QA-REGRESSION: COGHQ: Visit LawbotLobby
:12-03-2019 18:28:59 LawbotHQExterior: Unloading Place (13000). Fsm in final
:12-03-2019 18:28:59 DistributedObject: DistributedSuitPlanner 401002972: disabling
:12-03-2019 18:28:59 DistributedToon: calling LocalAvatar.startchat
:12-03-2019 18:28:59 :loader(error): Couldn't load file phase_4/models/questmap/cog_hq_lawbot_maps.bam: not found on model path (currently: "/;/d/hollybae/Aly/Toontown-School-House/toontown/launcher;/c/Panda3D-1.11.0-x64/etc/..;/c/Panda3D-1.11.0-x64/etc/../models")
:12-03-2019 18:29:01 :loader(error): Couldn't load file phase_4/models/questmap/cog_hq_lawbot_maps.bam: not found on model path (currently: "/;/d/hollybae/Aly/Toontown-School-House/toontown/launcher;/c/Panda3D-1.11.0-x64/etc/..;/c/Panda3D-1.11.0-x64/etc/../models")
:12-03-2019 18:29:07 TTOffMagicWordManager: Run mode has been toggled.
:12-03-2019 18:29:10 TTOffMagicWordManager: Gave Hollybae an infinite amount of pies
:12-03-2019 18:29:15 LawbotCogHQLoader: loadPlaceGeom: 61001
:12-03-2019 18:29:15 LawbotCogHQLoader(warning): loadPlaceGeom: unclassified zone 61000
:12-03-2019 18:29:15 CogHQLobby: Unloading Place (13100). Fsm in final
:12-03-2019 18:29:15 DistributedLawbotBoss(warning): Not a collision node: LawbotCourtroom3.egg/-PandaNode/CR3/interior/CR3_Floor
:12-03-2019 18:29:15 DistributedToon: calling LocalAvatar.startchat
:12-03-2019 18:29:15 LawbotHQBossBattle(warning): fsm.request('movie') returned 0 (zone id 61001, avatar pos LPoint3f(-0.363562, -126.204, 0.193903)).
:12-03-2019 18:29:17 TTOffMagicWordManager: Restarting Scale Round
:12-03-2019 18:29:32 TTOffMagicWordManager: Alakazam!
frame rate: 286.9 fps|0.000d|12 avs||7740|7742||0x0000|0x0000|8593.6MB|8806.5MB|16235.6MB|4763|nt.2.6.2|3.701,3.701|6,12 cpus|OpenGL
adding timeout task
adding timeout task
frame rate: 230.3 fps|0.001d|12 avs||8040|8042||0x0000|0x0000|8843.4MB|9056.9MB|16235.6MB|4844|nt.2.6.2|3.701,3.701|6,12 cpus|OpenGL
frame rate: 222.9 fps|0.001d|12 avs||8340|8342||0x0000|0x0000|9146.1MB|9360.2MB|16235.6MB|4939|nt.2.6.2|3.701,3.701|6,12 cpus|OpenGL
adding timeout task
adding timeout task
frame rate: 293.7 fps|0.000d|12 avs||8640|8642||0x0000|0x0000|9421.7MB|9636.1MB|16235.6MB|5026|nt.2.6.2|3.701,3.701|6,12 cpus|OpenGL
frame rate: 9.7 fps|0.000d|12 avs||8940|8942||0x0000|0x0000|1891.0MB|9670.9MB|16235.6MB|5035|nt.2.6.2|3.701,3.701|6,12 cpus|OpenGL
:12-03-2019 18:55:54 TimeManager: Clock sync: timer
:12-03-2019 18:55:54 TimeManager: Clock sync roundtrip took 31.158 ms
:12-03-2019 18:55:54 TimeManager: AI time delta is -0:00 from server delta
:12-03-2019 18:55:54 ClockDelta: previous delta at -0.807 s, +/- 0.525 s.
:12-03-2019 18:55:54 ClockDelta: new delta at -0.835 s, +/- 0.016 s.
:12-03-2019 18:55:54 ClockDelta: intersection at -0.835 s, +/- 0.016 s.
:12-03-2019 18:55:54 TimeManager: Local clock uncertainty +/- 0.016 s
frame rate: 169.0 fps|0.001d|12 avs||9240|9242||0x0000|0x0000|1326.8MB|9707.2MB|16235.6MB|5056|nt.2.6.2|3.701,3.701|6,12 cpus|OpenGL
adding timeout task
adding timeout task
frame rate: 226.7 fps|0.001d|12 avs||9540|9542||0x0000|0x0000|1139.3MB|9926.3MB|16235.6MB|5141|nt.2.6.2|3.701,3.701|6,12 cpus|OpenGL
adding timeout task
adding timeout task
frame rate: 284.2 fps|0.000d|12 avs||9840|9842||0x0000|0x0000|617.9MB|10150.8MB|16235.6MB|5222|nt.2.6.2|3.701,3.701|6,12 cpus|OpenGL
:12-03-2019 19:10:14 TTOffMagicWordManager: Hollybae's laff has been set to 917.
:12-03-2019 19:10:18 ToonBase: User closed main window.
:12-03-2019 19:10:18 TimeManager: Client disconnect reason 2.
:12-03-2019 19:10:18 LawbotHQBossBattle: Unloading Place (61001). Fsm in final
:12-03-2019 19:10:18 OTPClientRepository(warning): unclean exit, abandoning shard
ignoring InputState-forward
:12-03-2019 19:10:18 OTPClientRepository: sending clientLogout
:12-03-2019 19:10:19 LocalAvatar(warning): redundant call to stopUpdateSmartCamera
:12-03-2019 19:10:19 OTPClientRepository: Sent disconnect message to server
:12-03-2019 19:10:19 OTPClientRepository: Closing connection to server.
:12-03-2019 19:10:19 OTPClientRepository: Exiting cleanly
:12-03-2019 19:10:19 ToonBase: Exiting Toontown: errorCode = None
:12-03-2019 19:10:19 TTOffLauncher: setting panda error code to 0
:12-03-2019 19:10:19 TTOffLauncher: Normal exit.
