

Starting Toontown Online...
Current time: Mon Sep 28 09:19:19 2020 Eastern Standard Time
sys.path =  ['', 'C:\\Panda3D-1.11.0-x64\\python\\python27.zip', 'C:\\Panda3D-1.11.0-x64', 'C:\\Panda3D-1.11.0-x64\\python\\DLLs', 'C:\\Panda3D-1.11.0-x64\\python\\lib', 'C:\\Panda3D-1.11.0-x64\\python\\lib\\plat-win', 'C:\\Panda3D-1.11.0-x64\\python\\lib\\lib-tk', 'C:\\Panda3D-1.11.0-x64\\python', 'C:\\Panda3D-1.11.0-x64\\bin', 'C:\\Panda3D-1.11.0-x64\\python\\lib\\site-packages']
sys.argv =  ['D:\\hollybae\\Aly\\Toontown-School-House\\toontown\\launcher\\TTOffQuickStartLauncher.py']
generating standard configrc
os.environ =  {'TMP': 'C:\\Users\\holla\\AppData\\Local\\Temp', 'ONEDRIVECONSUMER': 'C:\\Users\\holla\\OneDrive', 'COMPUTERNAME': 'HOLLYBAES-PC', 'USERDOMAIN': 'HOLLYBAES-PC', 'INTEL_DEV_REDIST': 'C:\\Program Files (x86)\\Common Files\\Intel\\Shared Libraries\\', 'PSMODULEPATH': 'C:\\Program Files\\WindowsPowerShell\\Modules;C:\\WINDOWS\\system32\\WindowsPowerShell\\v1.0\\Modules', 'COMMONPROGRAMFILES': 'C:\\Program Files\\Common Files', 'PROCESSOR_IDENTIFIER': 'Intel64 Family 6 Model 158 Stepping 10, GenuineIntel', 'PROGRAMFILES': 'C:\\Program Files', 'PROCESSOR_REVISION': '9e0a', 'PATH': 'C:\\Panda3D-1.11.0-x64\\panda3d\\..\\bin;C:\\Program Files (x86)\\Razer\\ChromaBroadcast\\bin;C:\\Program Files\\Razer\\ChromaBroadcast\\bin;C:\\Program Files (x86)\\Common Files\\Intel\\Shared Libraries\\redist\\intel64\\compiler;C:\\Program Files (x86)\\Common Files\\Oracle\\Java\\javapath;C:\\WINDOWS\\system32;C:\\WINDOWS;C:\\WINDOWS\\System32\\Wbem;C:\\WINDOWS\\System32\\WindowsPowerShell\\v1.0\\;C:\\WINDOWS\\System32\\OpenSSH\\;C:\\Program Files (x86)\\NVIDIA Corporation\\PhysX\\Common;C:\\Program Files\\NVIDIA Corporation\\NVIDIA NvDLISR;C:\\WINDOWS\\system32\\config\\systemprofile\\AppData\\Local\\Microsoft\\WindowsApps;C:\\Users\\holla\\AppData\\Local\\Microsoft\\WindowsApps;C:\\Panda3D-1.11.0-x64\\python;C:\\Panda3D-1.11.0-x64\\python\\Scripts;C:\\Panda3D-1.11.0-x64\\bin', 'SYSTEMROOT': 'C:\\WINDOWS', 'MIC_LD_LIBRARY_PATH': 'C:\\Program Files (x86)\\Common Files\\Intel\\Shared Libraries\\compiler\\lib\\mic', 'COMSPEC': 'C:\\WINDOWS\\system32\\cmd.exe', 'DRIVERDATA': 'C:\\Windows\\System32\\Drivers\\DriverData', 'PPYTHON_PATH': '"C:\\Panda3D-1.11.0-x64\\python\\ppython.exe"', 'TEMP': 'C:\\Users\\holla\\AppData\\Local\\Temp', 'COMMONPROGRAMFILES(X86)': 'C:\\Program Files (x86)\\Common Files', 'PROCESSOR_ARCHITECTURE': 'AMD64', 'PROGRAMFILES(X86)': 'C:\\Program Files (x86)', 'ALLUSERSPROFILE': 'C:\\ProgramData', 'LOCALAPPDATA': 'C:\\Users\\holla\\AppData\\Local', 'FPS_BROWSER_USER_PROFILE_STRING': 'Default', 'HOMEPATH': '\\Users\\holla', 'USERDOMAIN_ROAMINGPROFILE': 'HOLLYBAES-PC', 'PROGRAMW6432': 'C:\\Program Files', 'USERNAME': 'holla', 'LOGONSERVER': '\\\\HOLLYBAES-PC', 'PROMPT': '$P$G', 'SESSIONNAME': 'Console', 'PROGRAMDATA': 'C:\\ProgramData', 'ONEDRIVE': 'C:\\Users\\holla\\OneDrive', 'FPS_BROWSER_APP_PROFILE_STRING': 'Internet Explorer', 'PATHEXT': '.COM;.EXE;.BAT;.CMD;.VBS;.VBE;.JS;.JSE;.WSF;.WSH;.MSC', 'TTOFF_LOGIN_TOKEN': 'dev', 'WINDIR': 'C:\\WINDOWS', 'APPDATA': 'C:\\Users\\holla\\AppData\\Roaming', 'HOMEDRIVE': 'C:', 'SYSTEMDRIVE': 'C:', 'NUMBER_OF_PROCESSORS': '12', 'PROCESSOR_LEVEL': '6', 'COMMONPROGRAMW6432': 'C:\\Program Files\\Common Files', 'OS': 'Windows_NT', 'PUBLIC': 'C:\\Users\\Public', 'USERPROFILE': 'C:\\Users\\holla'}
:09-28-2020 09:19:19 TTOffLauncher: isTestServer: 0
:09-28-2020 09:19:19 TTOffLauncher: Game Server 127.0.0.1
:09-28-2020 09:19:19 TTOffLauncher: Starting Toontown Online... 
:09-28-2020 09:19:19 TTOffLauncher: foreground: Launcher now operating in foreground
useTTOffSpecificLogin=True
:09-28-2020 09:19:19 TTOffLauncher: maybeStartGame: starting game
:09-28-2020 09:19:19 TTOffLauncher: Starting Toontown Online...
:09-28-2020 09:19:19 TTOffLauncher: background: Launcher now operating in background
ToontownStart: Polling for game2 to finish...
ToontownStart: Game2 is finished.
ToontownStart: Starting the game.
ToontownStart: setting default font
:09-28-2020 09:19:19 TTOffLauncher: setting panda error code to 7
Known pipe types:
  wglGraphicsPipe
(all display modules loaded.)
:09-28-2020 09:19:19 ToonBase: Default graphics pipe is wglGraphicsPipe (OpenGL).
:09-28-2020 09:19:19 ToonBase: Successfully opened window of type wglGraphicsWindow (OpenGL)
:09-28-2020 09:19:19 ShowBase: __dev__ == False
:09-28-2020 09:19:19 TTOffLauncher: setting panda error code to 11
:09-28-2020 09:19:19 TTOffLauncher: setting panda error code to 0
ToontownStart: Loading default gui sounds
ToontownStart: serverVersion:  tto-dev
:09-28-2020 09:19:19 Loader: starting bulk load of block 'init'
:09-28-2020 09:19:20 :nativenet(error): Buffered_DatagramConnection Constructor rbufsize = 4096000 wbufsize = 4096000 write_flush_point = 1400
:09-28-2020 09:19:20 OTPClientRepository: Using connect method 'http'
:09-28-2020 09:19:21 TTOffLauncher: getRegistry ('DEPLOYMENT', None)
:09-28-2020 09:19:21 TTOffLauncher: checking env
:09-28-2020 09:19:21 TTOffLauncher: getRegistry ('GAME_DEPLOYMENT', None)
:09-28-2020 09:19:21 TTOffLauncher: checking env
:09-28-2020 09:19:21 OTPClientRepository: reg_deployment=
:09-28-2020 09:19:21 OTPClientRepository: required-login auto.
:09-28-2020 09:19:21 OTPClientRepository: loginInterface: LoginTTOffAccount
:09-28-2020 09:19:21 TTOffLauncher: getNeedPwForSecretKey using ttoff-specific-login
:09-28-2020 09:19:21 Loader: At end of block 'init', expected 138, loaded 6, duration=1.2944684
:09-28-2020 09:19:21 OTPClientRepository: Connecting to gameserver directly (no proxy).
:09-28-2020 09:19:21 OTPClientRepository: Connecting to //127.0.0.1:7198 via HTTP interface.
:09-28-2020 09:19:21 TTOffLauncher: Stopping mini task manager.
:09-28-2020 09:19:21 OTPClientRepository: Successfully connected to //127.0.0.1:7198.
:09-28-2020 09:19:21 TTOffLauncher: Setting Disconnect Details normal
{401000001: <toontown.distributed.ToontownDistrict.ToontownDistrict instance at 0x000000001A720708>}
:09-28-2020 09:19:22 StateData: AvatarChooser.enter
:09-28-2020 09:19:22 DisplayOptions: settingsFullScreen = False, embedded = False width=800 height=600
:09-28-2020 09:19:22 StateData: calling self.displayOptions.restrictToEmbedded(False)
:09-28-2020 09:20:12 OTPClientRepository: ================
:09-28-2020 09:20:12 OTPClientRepository: Chose avatar id: 100000014
:09-28-2020 09:20:12 OTPClientRepository: Chose avatar name: Holland
:09-28-2020 09:20:12 OTPClientRepository: Chose avatar dna: ('css', 'ms', 'm', 'm', 16, 0, 16, 16, 113, 27, 99, 27, 7, 21)
:09-28-2020 09:20:12 OTPClientRepository: Chose avatar position: 5
:09-28-2020 09:20:12 OTPClientRepository: isPaid: 1
:09-28-2020 09:20:12 OTPClientRepository: freeTimeLeft: 0
:09-28-2020 09:20:12 OTPClientRepository: allowSecretChat: True
:09-28-2020 09:20:12 OTPClientRepository: ================
:09-28-2020 09:20:12 Loader: starting bulk load of block 'localAvatarPlayGame'
:09-28-2020 09:20:12 ToontownTimeManager(warning): error parsing date string=
local
:09-28-2020 09:20:12 NewsPageButtonManager(warning): Should not get here. NewsPageButtonManager.exitOff
:09-28-2020 09:20:13 :pnmimage:png(warning): iCCP: known incorrect sRGB profile
:09-28-2020 09:20:14 OTPClientRepository: Entering shard 401000001
:09-28-2020 09:20:14 StreetSign: Street sign url is https://ttoffline.com/images/
:09-28-2020 09:20:15 StreetSign: Street Sign is up to date
:09-28-2020 09:20:15 TimeManager: Clock sync: TimeManager.announceGenerate
:09-28-2020 09:20:15 NewsManager: setHolidayId: Starting Holiday 14
:09-28-2020 09:20:15 InGameNewsMgr: latestIssue=2013-08-22 16:49:46.000003-07:00
cpu info: GenuineIntel|Intel(R) Core(TM) i7-8700K CPU @ 3.70GHz|591594|0|3.696,3.696|6,12 cpus
:09-28-2020 09:20:16 OTPClientRepository: No sync from TimeManager.
:09-28-2020 09:20:16 OTPClientRepository: gotTimeSync
:09-28-2020 09:20:16 Loader: At end of block 'localAvatarPlayGame', expected 400, loaded 8, duration=4.1170942
:09-28-2020 09:20:16 TimeManager: Clock sync roundtrip took 1155.786 ms
:09-28-2020 09:20:16 TimeManager: AI time delta is -0:01 from server delta
:09-28-2020 09:20:16 TimeManager: Local clock uncertainty +/- 0.578 s
:09-28-2020 09:20:16 PlayGame: QA-REGRESSION: NEIGHBORHOODS: Visit Lawbot HQ
:09-28-2020 09:20:16 Loader: starting bulk load of block 'hood'
:09-28-2020 09:20:17 LawbotCogHQLoader: loadPlaceGeom: 13000
:09-28-2020 09:20:17 DistributedObject: DistributedSuitPlanner 401002972: generating
:09-28-2020 09:20:17 DistributedToon: calling LocalAvatar.startchat
:09-28-2020 09:20:17 :loader(error): Couldn't load file phase_4/models/questmap/cog_hq_lawbot_maps.bam: not found on model path (currently: "/;/d/hollybae/Aly/Toontown-School-House/toontown/launcher;/c/Panda3D-1.11.0-x64/etc/..;/c/Panda3D-1.11.0-x64/etc/../models")
:09-28-2020 09:20:17 Loader: At end of block 'hood', expected 2, loaded 4, duration=0.8823806
:09-28-2020 09:20:18 Teleport(debug): teleportInDone: walk
:09-28-2020 09:20:19 :loader(error): Couldn't load file phase_4/models/questmap/cog_hq_lawbot_maps.bam: not found on model path (currently: "/;/d/hollybae/Aly/Toontown-School-House/toontown/launcher;/c/Panda3D-1.11.0-x64/etc/..;/c/Panda3D-1.11.0-x64/etc/../models")
:09-28-2020 09:20:21 TTOffMagicWordManager: God mode enabled for Holland!
:09-28-2020 09:20:25 TTOffMagicWordManager: Gave Holland an infinite amount of pies
:09-28-2020 09:20:26 LawbotCogHQLoader: loadPlaceGeom: 13100
:09-28-2020 09:20:26 LawbotCogHQLoader: QA-REGRESSION: COGHQ: Visit LawbotLobby
:09-28-2020 09:20:26 LawbotHQExterior: Unloading Place (13000). Fsm in final
:09-28-2020 09:20:26 DistributedObject: DistributedSuitPlanner 401002972: disabling
:09-28-2020 09:20:26 DistributedToon: calling LocalAvatar.startchat
:09-28-2020 09:20:26 :loader(error): Couldn't load file phase_4/models/questmap/cog_hq_lawbot_maps.bam: not found on model path (currently: "/;/d/hollybae/Aly/Toontown-School-House/toontown/launcher;/c/Panda3D-1.11.0-x64/etc/..;/c/Panda3D-1.11.0-x64/etc/../models")
:09-28-2020 09:20:27 :loader(error): Couldn't load file phase_4/models/questmap/cog_hq_lawbot_maps.bam: not found on model path (currently: "/;/d/hollybae/Aly/Toontown-School-House/toontown/launcher;/c/Panda3D-1.11.0-x64/etc/..;/c/Panda3D-1.11.0-x64/etc/../models")
:09-28-2020 09:20:32 TTOffMagicWordManager: Presto!
:09-28-2020 09:20:34 TTOffMagicWordManager: Run mode has been toggled.
:09-28-2020 09:20:40 LawbotCogHQLoader: loadPlaceGeom: 61000
:09-28-2020 09:20:40 LawbotCogHQLoader(warning): loadPlaceGeom: unclassified zone 61000
:09-28-2020 09:20:40 CogHQLobby: Unloading Place (13100). Fsm in final
:09-28-2020 09:20:40 DistributedLawbotBoss(warning): Not a collision node: LawbotCourtroom3.egg/-PandaNode/CR3/interior/CR3_Floor
:09-28-2020 09:20:40 DistributedToon: calling LocalAvatar.startchat
:09-28-2020 09:20:40 LawbotHQBossBattle(warning): fsm.request('movie') returned 0 (zone id 61000, avatar pos LPoint3f(-0.363562, -126.204, 0.193903)).
:09-28-2020 09:20:54 LawbotHQBossBattle(warning): fsm.request('movie') returned 0 (zone id 61000, avatar pos LPoint3f(-0.363562, -126.204, 0.193903)).
:09-28-2020 09:21:06 Actor(warning): called actor.removeNode() on actor without calling cleanup()
:09-28-2020 09:21:06 Actor(warning): called actor.removeNode() on actor without calling cleanup()
:09-28-2020 09:21:06 Actor(warning): called actor.removeNode() on actor without calling cleanup()
:09-28-2020 09:21:06 Actor(warning): called actor.removeNode() on actor without calling cleanup()
:09-28-2020 09:21:06 Actor(warning): called actor.removeNode() on actor without calling cleanup()
:09-28-2020 09:21:06 Actor(warning): called actor.removeNode() on actor without calling cleanup()
:09-28-2020 09:21:06 Actor(warning): called actor.removeNode() on actor without calling cleanup()
:09-28-2020 09:21:06 Actor(warning): called actor.removeNode() on actor without calling cleanup()
:09-28-2020 09:21:06 Actor(warning): called actor.removeNode() on actor without calling cleanup()
:09-28-2020 09:21:06 Actor(warning): called actor.removeNode() on actor without calling cleanup()
:09-28-2020 09:21:06 Actor(warning): called actor.removeNode() on actor without calling cleanup()
:09-28-2020 09:21:06 Actor(warning): called actor.removeNode() on actor without calling cleanup()
:09-28-2020 09:21:06 TTOffMagicWordManager: Restarting Scale Round
:09-28-2020 09:21:15 TTOffMagicWordManager: Abracadabra!
:09-28-2020 09:21:23 TTOffMagicWordManager: Abracadabra!
:09-28-2020 09:21:36 TTOffMagicWordManager: Ta-da!
:09-28-2020 09:21:41 TTOffMagicWordManager: Alakazam!
:09-28-2020 09:21:46 TTOffMagicWordManager: Alakazam!
:09-28-2020 09:21:50 TTOffMagicWordManager: Voila!
:09-28-2020 09:21:59 TTOffMagicWordManager: Alakazam!
