

Starting Toontown Online...
Current time: Thu Nov 28 04:15:14 2019 Eastern Standard Time
sys.path =  ['', 'C:\\Panda3D-1.11.0-x64\\python\\python27.zip', 'C:\\Panda3D-1.11.0-x64', 'C:\\Panda3D-1.11.0-x64\\python\\DLLs', 'C:\\Panda3D-1.11.0-x64\\python\\lib', 'C:\\Panda3D-1.11.0-x64\\python\\lib\\plat-win', 'C:\\Panda3D-1.11.0-x64\\python\\lib\\lib-tk', 'C:\\Panda3D-1.11.0-x64\\python', 'C:\\Panda3D-1.11.0-x64\\bin', 'C:\\Panda3D-1.11.0-x64\\python\\lib\\site-packages']
sys.argv =  ['D:\\hollybae\\Aly\\Toontown-School-House\\toontown\\launcher\\TTOffQuickStartLauncher.py']
generating standard configrc
os.environ =  {'TMP': 'C:\\Users\\holla\\AppData\\Local\\Temp', 'COMPUTERNAME': 'HOLLYBAES-PC', 'USERDOMAIN': 'HOLLYBAES-PC', 'INTEL_DEV_REDIST': 'C:\\Program Files (x86)\\Common Files\\Intel\\Shared Libraries\\', 'PSMODULEPATH': 'C:\\Program Files\\WindowsPowerShell\\Modules;C:\\WINDOWS\\system32\\WindowsPowerShell\\v1.0\\Modules', 'COMMONPROGRAMFILES': 'C:\\Program Files\\Common Files', 'PROCESSOR_IDENTIFIER': 'Intel64 Family 6 Model 158 Stepping 10, GenuineIntel', 'VBOX_MSI_INSTALL_PATH': 'C:\\Program Files\\Oracle\\VirtualBox\\', 'PROGRAMFILES': 'C:\\Program Files', 'PROCESSOR_REVISION': '9e0a', 'PATH': 'C:\\Panda3D-1.11.0-x64\\panda3d\\..\\bin;C:\\Program Files (x86)\\Common Files\\Intel\\Shared Libraries\\redist\\intel64_win\\compiler;C:\\Program Files (x86)\\Common Files\\Oracle\\Java\\javapath;C:\\Program Files (x86)\\Common Files\\Intel\\Shared Libraries\\redist\\intel64\\compiler;C:\\WINDOWS\\system32;C:\\WINDOWS;C:\\WINDOWS\\System32\\Wbem;C:\\WINDOWS\\System32\\WindowsPowerShell\\v1.0\\;C:\\WINDOWS\\System32\\OpenSSH\\;C:\\Program Files\\NVIDIA Corporation\\NVIDIA NGX;C:\\Program Files (x86)\\NVIDIA Corporation\\PhysX\\Common;C:\\Program Files\\NVIDIA Corporation\\NVIDIA NvDLISR;C:\\WINDOWS\\system32;C:\\WINDOWS;C:\\WINDOWS\\System32\\Wbem;C:\\WINDOWS\\System32\\WindowsPowerShell\\v1.0\\;C:\\WINDOWS\\System32\\OpenSSH\\;D:\\hollybae\\ffmpeg-4.1.3-win64-static\\ffmpeg-4.1.3-win64-static\\bin;C:\\Program Files\\dotnet\\;C:\\Users\\holla\\AppData\\Local\\Microsoft\\WindowsApps;C:\\Panda3D-1.10.4.1-x64\\python;C:\\Panda3D-1.10.4.1-x64\\python\\Scripts;C:\\Panda3D-1.10.4.1-x64\\bin;C:\\Panda3D-1.11.0-x64\\python;C:\\Panda3D-1.11.0-x64\\python\\Scripts;C:\\Panda3D-1.11.0-x64\\bin', 'SYSTEMROOT': 'C:\\WINDOWS', 'MIC_LD_LIBRARY_PATH': 'C:\\Program Files (x86)\\Common Files\\Intel\\Shared Libraries\\compiler\\lib\\intel64_win_mic', 'COMSPEC': 'C:\\WINDOWS\\system32\\cmd.exe', 'DRIVERDATA': 'C:\\Windows\\System32\\Drivers\\DriverData', 'PPYTHON_PATH': '"C:\\Panda3D-1.11.0-x64\\python\\ppython.exe"', 'TEMP': 'C:\\Users\\holla\\AppData\\Local\\Temp', 'COMMONPROGRAMFILES(X86)': 'C:\\Program Files (x86)\\Common Files', 'PROCESSOR_ARCHITECTURE': 'AMD64', 'PROGRAMFILES(X86)': 'C:\\Program Files (x86)', 'ALLUSERSPROFILE': 'C:\\ProgramData', 'LOCALAPPDATA': 'C:\\Users\\holla\\AppData\\Local', 'FPS_BROWSER_USER_PROFILE_STRING': 'Default', 'HOMEPATH': '\\Users\\holla', 'USERDOMAIN_ROAMINGPROFILE': 'HOLLYBAES-PC', 'PROGRAMW6432': 'C:\\Program Files', 'USERNAME': 'holla', 'LOGONSERVER': '\\\\HOLLYBAES-PC', 'PROMPT': '$P$G', 'SESSIONNAME': 'Console', 'PROGRAMDATA': 'C:\\ProgramData', 'ONEDRIVE': 'C:\\Users\\holla\\OneDrive', 'FPS_BROWSER_APP_PROFILE_STRING': 'Internet Explorer', 'PATHEXT': '.COM;.EXE;.BAT;.CMD;.VBS;.VBE;.JS;.JSE;.WSF;.WSH;.MSC', 'TTOFF_LOGIN_TOKEN': 'dev', 'WINDIR': 'C:\\WINDOWS', 'APPDATA': 'C:\\Users\\holla\\AppData\\Roaming', 'HOMEDRIVE': 'C:', 'SYSTEMDRIVE': 'C:', 'NUMBER_OF_PROCESSORS': '12', 'PROCESSOR_LEVEL': '6', 'COMMONPROGRAMW6432': 'C:\\Program Files\\Common Files', 'OS': 'Windows_NT', 'PUBLIC': 'C:\\Users\\Public', 'USERPROFILE': 'C:\\Users\\holla'}
:11-28-2019 04:15:14 TTOffLauncher: isTestServer: 0
:11-28-2019 04:15:14 TTOffLauncher: Game Server 127.0.0.1
:11-28-2019 04:15:14 TTOffLauncher: Starting Toontown Online... 
:11-28-2019 04:15:14 TTOffLauncher: foreground: Launcher now operating in foreground
useTTOffSpecificLogin=True
:11-28-2019 04:15:14 TTOffLauncher: maybeStartGame: starting game
:11-28-2019 04:15:14 TTOffLauncher: Starting Toontown Online...
:11-28-2019 04:15:14 TTOffLauncher: background: Launcher now operating in background
ToontownStart: Polling for game2 to finish...
ToontownStart: Game2 is finished.
ToontownStart: Starting the game.
ToontownStart: setting default font
:11-28-2019 04:15:14 TTOffLauncher: setting panda error code to 7
Known pipe types:
  wglGraphicsPipe
(all display modules loaded.)
:11-28-2019 04:15:15 ToonBase: Default graphics pipe is wglGraphicsPipe (OpenGL).
:11-28-2019 04:15:15 ToonBase: Successfully opened window of type wglGraphicsWindow (OpenGL)
:11-28-2019 04:15:15 ShowBase: __dev__ == False
:11-28-2019 04:15:15 TTOffLauncher: setting panda error code to 11
:11-28-2019 04:15:15 TTOffLauncher: setting panda error code to 0
ToontownStart: Loading default gui sounds
ToontownStart: serverVersion:  tto-dev
:11-28-2019 04:15:15 Loader: starting bulk load of block 'init'
:11-28-2019 04:15:33 :nativenet(error): Buffered_DatagramConnection Constructor rbufsize = 4096000 wbufsize = 4096000 write_flush_point = 1400
:11-28-2019 04:15:33 OTPClientRepository: Using connect method 'http'
:11-28-2019 04:15:39 TTOffLauncher: getRegistry ('DEPLOYMENT', None)
:11-28-2019 04:15:39 TTOffLauncher: checking env
:11-28-2019 04:15:39 TTOffLauncher: getRegistry ('GAME_DEPLOYMENT', None)
:11-28-2019 04:15:39 TTOffLauncher: checking env
:11-28-2019 04:15:39 OTPClientRepository: reg_deployment=
:11-28-2019 04:15:39 OTPClientRepository: required-login auto.
:11-28-2019 04:15:39 OTPClientRepository: loginInterface: LoginTTOffAccount
:11-28-2019 04:15:39 TTOffLauncher: getNeedPwForSecretKey using ttoff-specific-login
:11-28-2019 04:15:40 Loader: At end of block 'init', expected 138, loaded 14, duration=24.2625715
:11-28-2019 04:15:40 OTPClientRepository: Connecting to gameserver directly (no proxy).
:11-28-2019 04:15:40 OTPClientRepository: Connecting to //127.0.0.1:7198 via HTTP interface.
:11-28-2019 04:15:40 TTOffLauncher: Stopping mini task manager.
:11-28-2019 04:15:40 OTPClientRepository: Successfully connected to //127.0.0.1:7198.
:11-28-2019 04:15:40 TTOffLauncher: Setting Disconnect Details normal
{401000001: <toontown.distributed.ToontownDistrict.ToontownDistrict instance at 0x000000001CDE8708>}
:11-28-2019 04:15:41 StateData: AvatarChooser.enter
:11-28-2019 04:15:41 DisplayOptions: settingsFullScreen = False, embedded = False width=800 height=600
:11-28-2019 04:15:41 StateData: calling self.displayOptions.restrictToEmbedded(False)
:11-28-2019 04:15:43 OTPClientRepository: ================
:11-28-2019 04:15:43 OTPClientRepository: Chose avatar id: 100000005
:11-28-2019 04:15:43 OTPClientRepository: Chose avatar name: Hollybae
:11-28-2019 04:15:43 OTPClientRepository: Chose avatar dna: ('css', 'ms', 'm', 'm', 16, 0, 16, 16, 113, 27, 100, 4, 7, 21)
:11-28-2019 04:15:43 OTPClientRepository: Chose avatar position: 0
:11-28-2019 04:15:43 OTPClientRepository: isPaid: 1
:11-28-2019 04:15:43 OTPClientRepository: freeTimeLeft: 0
:11-28-2019 04:15:43 OTPClientRepository: allowSecretChat: True
:11-28-2019 04:15:43 OTPClientRepository: ================
:11-28-2019 04:15:43 Loader: starting bulk load of block 'localAvatarPlayGame'
:11-28-2019 04:15:44 ToontownTimeManager(warning): error parsing date string=
local
:11-28-2019 04:15:44 NewsPageButtonManager(warning): Should not get here. NewsPageButtonManager.exitOff
:11-28-2019 04:15:44 :pnmimage:png(warning): iCCP: known incorrect sRGB profile
:11-28-2019 04:15:46 OTPClientRepository: Entering shard 401000001
:11-28-2019 04:15:46 StreetSign: Street sign url is https://ttoffline.com/images/
:11-28-2019 04:15:47 StreetSign: Street Sign is up to date
:11-28-2019 04:15:47 TimeManager: Clock sync: TimeManager.announceGenerate
:11-28-2019 04:15:47 InGameNewsMgr: latestIssue=2013-08-22 16:49:46.000003-07:00
cpu info: GenuineIntel|Intel(R) Core(TM) i7-8700K CPU @ 3.70GHz|591594|0|3.701,3.701|6,12 cpus
:11-28-2019 04:15:49 OTPClientRepository: No sync from TimeManager.
:11-28-2019 04:15:49 OTPClientRepository: gotTimeSync
:11-28-2019 04:15:49 Loader: At end of block 'localAvatarPlayGame', expected 400, loaded 17, duration=6.4812878
:11-28-2019 04:15:49 TimeManager: Clock sync roundtrip took 1867.197 ms
:11-28-2019 04:15:49 TimeManager: AI time delta is -0:02 from server delta
:11-28-2019 04:15:49 TimeManager: Local clock uncertainty +/- 0.934 s
:11-28-2019 04:15:49 PlayGame: QA-REGRESSION: NEIGHBORHOODS: Visit Lawbot HQ
:11-28-2019 04:15:49 Loader: starting bulk load of block 'hood'
:11-28-2019 04:15:50 OTPClientRepository: Sending heartbeat mid-frame.
:11-28-2019 04:15:51 LawbotCogHQLoader: loadPlaceGeom: 13000
:11-28-2019 04:15:51 DistributedObject: DistributedSuitPlanner 401002974: generating
:11-28-2019 04:15:51 DistributedToon: calling LocalAvatar.startchat
:11-28-2019 04:15:51 :loader(error): Couldn't load file phase_4/models/questmap/cog_hq_lawbot_maps.bam: not found on model path (currently: "/;/d/hollybae/Aly/Toontown-School-House/toontown/launcher;/c/Panda3D-1.11.0-x64/etc/..;/c/Panda3D-1.11.0-x64/etc/../models")
:11-28-2019 04:15:51 Loader: At end of block 'hood', expected 2, loaded 10, duration=2.1558952
:11-28-2019 04:15:53 Teleport(debug): teleportInDone: walk
:11-28-2019 04:15:53 :loader(error): Couldn't load file phase_4/models/questmap/cog_hq_lawbot_maps.bam: not found on model path (currently: "/;/d/hollybae/Aly/Toontown-School-House/toontown/launcher;/c/Panda3D-1.11.0-x64/etc/..;/c/Panda3D-1.11.0-x64/etc/../models")
:11-28-2019 04:15:59 TTOffMagicWordManager: Can't set Hollybae's max laff to 1338! Specify a value between 15 and 137.
:11-28-2019 04:16:04 TTOffMagicWordManager: Can't set Hollybae's max laff to 1337! Specify a value between 15 and 137.
:11-28-2019 04:16:32 LawbotCogHQLoader: loadPlaceGeom: 13100
:11-28-2019 04:16:32 LawbotCogHQLoader: QA-REGRESSION: COGHQ: Visit LawbotLobby
:11-28-2019 04:16:32 LawbotHQExterior: Unloading Place (13000). Fsm in final
:11-28-2019 04:16:32 DistributedObject: DistributedSuitPlanner 401002974: disabling
:11-28-2019 04:16:32 DistributedToon: calling LocalAvatar.startchat
:11-28-2019 04:16:32 :loader(error): Couldn't load file phase_4/models/questmap/cog_hq_lawbot_maps.bam: not found on model path (currently: "/;/d/hollybae/Aly/Toontown-School-House/toontown/launcher;/c/Panda3D-1.11.0-x64/etc/..;/c/Panda3D-1.11.0-x64/etc/../models")
:11-28-2019 04:16:34 :loader(error): Couldn't load file phase_4/models/questmap/cog_hq_lawbot_maps.bam: not found on model path (currently: "/;/d/hollybae/Aly/Toontown-School-House/toontown/launcher;/c/Panda3D-1.11.0-x64/etc/..;/c/Panda3D-1.11.0-x64/etc/../models")
:11-28-2019 04:16:35 TTOffMagicWordManager: Run mode has been toggled.
:11-28-2019 04:16:39 TTOffMagicWordManager: Run mode has been toggled.
:11-28-2019 04:16:43 TTOffMagicWordManager: Gave Hollybae an infinite amount of pies
:11-28-2019 04:16:44 LawbotCogHQLoader: loadPlaceGeom: 61000
:11-28-2019 04:16:44 LawbotCogHQLoader(warning): loadPlaceGeom: unclassified zone 61000
:11-28-2019 04:16:44 CogHQLobby: Unloading Place (13100). Fsm in final
:11-28-2019 04:16:45 DistributedLawbotBoss(warning): Not a collision node: LawbotCourtroom3.egg/-PandaNode/CR3/interior/CR3_Floor
:11-28-2019 04:16:45 DistributedToon: calling LocalAvatar.startchat
:11-28-2019 04:16:45 LawbotHQBossBattle(warning): fsm.request('movie') returned 0 (zone id 61000, avatar pos LPoint3f(-0.363562, -126.204, 0.193903)).
:11-28-2019 04:16:47 TTOffMagicWordManager: Restarting Scale Round
:11-28-2019 04:20:17 GarbageCollect(warning): garbage found, reverting gc threshold
frame rate: 216.4 fps|0.002d|13 avs||331|332||0x0000|0x0000|989.7MB|1158.6MB|16235.6MB|552|nt.2.6.2|3.701,3.701|6,12 cpus|OpenGL
frame rate: 222.6 fps|0.001d|13 avs||631|632||0x0000|0x0000|1297.8MB|1470.4MB|16235.6MB|632|nt.2.6.2|3.701,3.701|6,12 cpus|OpenGL
:11-28-2019 04:28:47 :linmath(warning): Tried to invert singular LMatrix3.
frame rate: 225.4 fps|0.001d|13 avs||931|932||0x0000|0x0000|1623.0MB|1796.1MB|16235.6MB|734|nt.2.6.2|3.701,3.701|6,12 cpus|OpenGL
:11-28-2019 04:31:51 OTPClientRepository: Sending heartbeat mid-frame.
frame rate: 217.0 fps|0.001d|13 avs||1231|1232||0x0000|0x0000|1939.6MB|2113.4MB|16235.6MB|835|nt.2.6.2|3.701,3.701|6,12 cpus|OpenGL
frame rate: 213.9 fps|0.001d|13 avs||1531|1532||0x0000|0x0000|2262.5MB|2437.0MB|16235.6MB|936|nt.2.6.2|3.701,3.701|6,12 cpus|OpenGL
:11-28-2019 04:45:46 TimeManager: Clock sync: timer
frame rate: 215.3 fps|0.001d|13 avs||1831|1832||0x0000|0x0000|2582.3MB|2757.6MB|16235.6MB|1036|nt.2.6.2|3.701,3.701|6,12 cpus|OpenGL
:11-28-2019 04:45:46 TimeManager: Clock sync roundtrip took 16.406 ms
:11-28-2019 04:45:46 TimeManager: AI time delta is -0:00 from server delta
:11-28-2019 04:45:46 ClockDelta: previous delta at -0.168 s, +/- 1.433 s.
:11-28-2019 04:45:46 ClockDelta: new delta at -1.074 s, +/- 0.008 s.
:11-28-2019 04:45:46 ClockDelta: intersection at -1.074 s, +/- 0.008 s.
:11-28-2019 04:45:46 TimeManager: Local clock uncertainty +/- 0.008 s
:11-28-2019 04:47:56 TTOffMagicWordManager: Hollybae's laff has been set to 87.
:11-28-2019 04:48:00 TTOffMagicWordManager: Maxed out Hollybae's stats.
:11-28-2019 04:48:07 TTOffMagicWordManager: Hollybae's laff has been set to 917.
frame rate: 217.2 fps|0.001d|13 avs||2131|2132||0x0000|0x0000|2266.1MB|3079.1MB|16235.6MB|1137|nt.2.6.2|3.701,3.701|6,12 cpus|OpenGL
:11-28-2019 04:53:11 OTPClientRepository: Sending heartbeat mid-frame.
frame rate: 284.5 fps|0.000d|13 avs||2431|2432||0x0000|0x0000|2559.9MB|3373.3MB|16235.6MB|1234|nt.2.6.2|3.701,3.701|6,12 cpus|OpenGL
:11-28-2019 04:58:00 TTOffMagicWordManager: Hollybae's laff has been set to 917.
frame rate: 196.9 fps|0.001d|13 avs||2731|2732||0x0000|0x0000|2863.0MB|3676.8MB|16235.6MB|1331|nt.2.6.2|3.701,3.701|6,12 cpus|OpenGL
:11-28-2019 05:01:36 TTOffMagicWordManager: Hollybae's laff has been set to 917.
:11-28-2019 05:01:43 TTOffMagicWordManager: Hollybae's laff has been set to 887.
:11-28-2019 05:01:51 TTOffMagicWordManager: Uh-oh! This Magic Word doesn't exist!
:11-28-2019 05:01:54 TTOffMagicWordManager: Hollybae's laff has been set to 837.
:11-28-2019 05:02:02 OTPClientRepository: Sending heartbeat mid-frame.
frame rate: 211.1 fps|0.001d|13 avs||3031|3032||0x0000|0x0000|2128.9MB|3988.8MB|16235.6MB|1440|nt.2.6.2|3.701,3.701|6,12 cpus|OpenGL
frame rate: 240.2 fps|0.001d|13 avs||3331|3332||0x0000|0x0000|2405.9MB|4264.9MB|16235.6MB|1540|nt.2.6.2|3.701,3.701|6,12 cpus|OpenGL
adding timeout task
adding timeout task
:11-28-2019 05:15:46 TimeManager: Clock sync: timer
:11-28-2019 05:15:46 TimeManager: Clock sync roundtrip took 19.867 ms
:11-28-2019 05:15:46 TimeManager: AI time delta is -0:00 from server delta
:11-28-2019 05:15:46 ClockDelta: previous delta at -1.074 s, +/- 0.508 s.
:11-28-2019 05:15:46 ClockDelta: new delta at -1.078 s, +/- 0.010 s.
:11-28-2019 05:15:46 ClockDelta: intersection at -1.078 s, +/- 0.010 s.
:11-28-2019 05:15:46 TimeManager: Local clock uncertainty +/- 0.010 s
frame rate: 208.6 fps|0.001d|13 avs||3631|3632||0x0000|0x0000|2677.8MB|4535.2MB|16235.6MB|1630|nt.2.6.2|3.701,3.701|6,12 cpus|OpenGL
adding timeout task
adding timeout task
frame rate: 279.2 fps|0.000d|13 avs||3931|3932||0x0000|0x0000|1785.0MB|4828.3MB|16235.6MB|1724|nt.2.6.2|3.701,3.701|6,12 cpus|OpenGL
frame rate: 230.2 fps|0.001d|13 avs||4231|4232||0x0000|0x0000|2342.0MB|5145.0MB|16235.6MB|1886|nt.2.6.2|3.701,3.701|6,12 cpus|OpenGL
frame rate: 263.7 fps|0.000d|13 avs||4531|4532||0x0000|0x0000|2647.7MB|5450.6MB|16235.6MB|2540|nt.2.6.2|3.701,3.701|6,12 cpus|OpenGL
frame rate: 280.6 fps|0.000d|13 avs||4831|4832||0x0000|0x0000|2929.0MB|5729.6MB|16235.6MB|2642|nt.2.6.2|3.701,3.701|6,12 cpus|OpenGL
adding timeout task
adding timeout task
frame rate: 204.4 fps|0.001d|13 avs||5131|5132||0x0000|0x0000|3222.4MB|6023.0MB|16235.6MB|2747|nt.2.6.2|3.701,3.701|6,12 cpus|OpenGL
:11-28-2019 05:42:26 ToonBase: User closed main window.
:11-28-2019 05:42:26 TimeManager: Client disconnect reason 2.
:11-28-2019 05:42:26 LawbotHQBossBattle: Unloading Place (61000). Fsm in final
:11-28-2019 05:42:26 OTPClientRepository(warning): unclean exit, abandoning shard
ignoring InputState-forward
:11-28-2019 05:42:26 OTPClientRepository: sending clientLogout
:11-28-2019 05:42:26 LocalAvatar(warning): redundant call to stopUpdateSmartCamera
:11-28-2019 05:42:26 OTPClientRepository: Sent disconnect message to server
:11-28-2019 05:42:26 OTPClientRepository: Closing connection to server.
:11-28-2019 05:42:26 OTPClientRepository: Exiting cleanly
:11-28-2019 05:42:26 ToonBase: Exiting Toontown: errorCode = None
:11-28-2019 05:42:26 TTOffLauncher: setting panda error code to 0
:11-28-2019 05:42:26 TTOffLauncher: Normal exit.
