

Starting Toontown Online...
Current time: Wed Nov 13 05:03:39 2019 Arabian Standard Time
sys.path =  ['', 'C:\\Panda3D-1.11.0-x64\\python\\python27.zip', 'C:\\Panda3D-1.11.0-x64', 'C:\\Panda3D-1.11.0-x64\\python\\DLLs', 'C:\\Panda3D-1.11.0-x64\\python\\lib', 'C:\\Panda3D-1.11.0-x64\\python\\lib\\plat-win', 'C:\\Panda3D-1.11.0-x64\\python\\lib\\lib-tk', 'C:\\Panda3D-1.11.0-x64\\python', 'C:\\Panda3D-1.11.0-x64\\bin', 'C:\\Panda3D-1.11.0-x64\\python\\lib\\site-packages']
sys.argv =  ['C:\\Users\\alyaz\\Documents\\GitHub\\Toontown-School-House\\toontown\\launcher\\TTOffQuickStartLauncher.py']
generating standard configrc
os.environ =  {'TMP': 'C:\\Users\\alyaz\\AppData\\Local\\Temp', 'COMPUTERNAME': 'DESKTOP-5K6UCTT', 'USERDOMAIN': 'DESKTOP-5K6UCTT', 'INTEL_DEV_REDIST': 'C:\\Program Files (x86)\\Common Files\\Intel\\Shared Libraries\\', 'PSMODULEPATH': 'C:\\Program Files\\WindowsPowerShell\\Modules;C:\\WINDOWS\\system32\\WindowsPowerShell\\v1.0\\Modules', 'COMMONPROGRAMFILES': 'C:\\Program Files\\Common Files', 'PROCESSOR_IDENTIFIER': 'Intel64 Family 6 Model 94 Stepping 3, GenuineIntel', 'LOGONSERVER': '\\\\DESKTOP-5K6UCTT', 'VBOX_MSI_INSTALL_PATH': 'C:\\Program Files\\Oracle\\VirtualBox\\', 'PROGRAMFILES': 'C:\\Program Files', 'PROCESSOR_REVISION': '5e03', 'PATH': 'C:\\Panda3D-1.11.0-x64\\panda3d\\..\\bin;C:\\Program Files (x86)\\Common Files\\Intel\\Shared Libraries\\redist\\intel64\\compiler;C:\\Program Files (x86)\\Razer Chroma SDK\\bin;C:\\Program Files\\Razer Chroma SDK\\bin;C:\\ProgramData\\Oracle\\Java\\javapath;C:\\Program Files (x86)\\Intel\\iCLS Client\\;C:\\Program Files\\Intel\\iCLS Client\\;C:\\Windows\\system32;C:\\Windows;C:\\Windows\\System32\\Wbem;C:\\Windows\\System32\\WindowsPowerShell\\v1.0\\;C:\\Program Files (x86)\\Intel\\Intel(R) Management Engine Components\\DAL;C:\\Program Files\\Intel\\Intel(R) Management Engine Components\\DAL;C:\\Program Files (x86)\\Intel\\Intel(R) Management Engine Components\\IPT;C:\\Program Files\\Intel\\Intel(R) Management Engine Components\\IPT;C:\\Program Files (x86)\\NVIDIA Corporation\\PhysX\\Common;C:\\WINDOWS\\system32;C:\\WINDOWS;C:\\WINDOWS\\System32\\Wbem;C:\\WINDOWS\\System32\\WindowsPowerShell\\v1.0\\;C:\\Program Files (x86)\\Windows Live\\Shared;C:\\Program Files\\Intel\\WiFi\\bin\\;C:\\Program Files\\Common Files\\Intel\\WirelessCommon\\;C:\\Program Files (x86)\\Gpg4win\\..\\GnuPG\\bin;C:\\WINDOWS\\system32\\config\\systemprofile\\AppData\\Local\\Microsoft\\WindowsApps;C:\\WINDOWS\\system32;C:\\WINDOWS;C:\\WINDOWS\\System32\\Wbem;C:\\WINDOWS\\System32\\WindowsPowerShell\\v1.0\\;C:\\WINDOWS\\System32\\OpenSSH\\;C:\\Program Files\\NVIDIA Corporation\\NVIDIA NvDLISR;C:\\Program Files\\Git\\cmd;C:\\Program Files\\PuTTY\\;C:\\Program Files (x86)\\QuickTime\\QTSystem\\;C:\\Panda3D-1.11.0-x64\\bin;C:\\Users\\alyaz\\AppData\\Local\\Programs\\Python\\Python37-32\\Scripts;C:\\Users\\alyaz\\AppData\\Local\\Programs\\Python\\Python37-32;C:\\Users\\alyaz\\AppData\\Local\\Microsoft\\WindowsApps;C:\\Users\\NSI\\AppData\\Local\\GitHubDesktop\\bin;C:\\Users\\alyaz\\AppData\\Local\\Programs\\Microsoft VS Code\\bin;C:\\Users\\alyaz\\AppData\\Local\\atom\\bin;C:\\Panda3D-1.11.0\\python;C:\\Panda3D-1.11.0\\python\\Scripts;C:\\Panda3D-1.11.0\\bin;C:\\Panda3D-1.11.0-x64\\python;C:\\Panda3D-1.11.0-x64\\python\\Scripts;C:\\Panda3D-1.11.0-x64\\bin;F:\\Python3\\TTSH\\TTSH-py3\\Panda3D-1.11.0-x64\\python;F:\\Python3\\TTSH\\TTSH-py3\\Panda3D-1.11.0-x64\\python\\Scripts;F:\\Python3\\TTSH\\TTSH-py3\\Panda3D-1.11.0-x64\\bin;F:\\Panda3D-1.10.4.1-x64\\python;F:\\Panda3D-1.10.4.1-x64\\python\\Scripts;F:\\Panda3D-1.10.4.1-x64\\bin;C:\\Panda3D-1.10.4.1-x64\\python;C:\\Panda3D-1.10.4.1-x64\\python\\Scripts;C:\\Panda3D-1.10.4.1-x64\\bin;C:\\Panda3D-1.10.0-x64\\python;C:\\Panda3D-1.10.0-x64\\python\\Scripts;C:\\Panda3D-1.10.0-x64\\bin;F:\\PYTHON-3\\TOONTOWN-SOURCES\\CorporateClash-python3\\Panda3D-1.10.0-x64\\python;F:\\PYTHON-3', 'SYSTEMROOT': 'C:\\WINDOWS', 'MIC_LD_LIBRARY_PATH': 'C:\\Program Files (x86)\\Common Files\\Intel\\Shared Libraries\\compiler\\lib\\mic', 'COMSPEC': 'C:\\WINDOWS\\system32\\cmd.exe', 'DRIVERDATA': 'C:\\Windows\\System32\\Drivers\\DriverData', 'PPYTHON_PATH': '"C:\\Panda3D-1.11.0-x64\\python\\ppython.exe"', 'TEMP': 'C:\\Users\\alyaz\\AppData\\Local\\Temp', 'COMMONPROGRAMFILES(X86)': 'C:\\Program Files (x86)\\Common Files', 'PROCESSOR_ARCHITECTURE': 'AMD64', 'PROGRAMFILES(X86)': 'C:\\Program Files (x86)', 'ALLUSERSPROFILE': 'C:\\ProgramData', 'LOCALAPPDATA': 'C:\\Users\\alyaz\\AppData\\Local', 'HOMEPATH': '\\Users\\alyaz', 'USERDOMAIN_ROAMINGPROFILE': 'DESKTOP-5K6UCTT', 'PROGRAMW6432': 'C:\\Program Files', 'USERNAME': 'alyaz', 'TOONIVERSAL_P3D': 'C:\\Users\\alyaz\\Desktop\\Panda3D-1.11.0\\python\\ppython', 'PROMPT': '$P$G', 'SESSIONNAME': 'Console', 'PROGRAMDATA': 'C:\\ProgramData', 'ONEDRIVE': 'C:\\Users\\alyaz\\OneDrive', 'PATHEXT': '.COM;.EXE;.BAT;.CMD;.VBS;.VBE;.JS;.JSE;.WSF;.WSH;.MSC', 'TTOFF_LOGIN_TOKEN': 'dev', 'ASL.LOG': 'Destination=file', 'WINDIR': 'C:\\WINDOWS', 'APPDATA': 'C:\\Users\\alyaz\\AppData\\Roaming', 'HOMEDRIVE': 'C:', 'SYSTEMDRIVE': 'C:', 'NUMBER_OF_PROCESSORS': '8', 'PROCESSOR_LEVEL': '6', 'COMMONPROGRAMW6432': 'C:\\Program Files\\Common Files', 'OS': 'Windows_NT', 'PUBLIC': 'C:\\Users\\Public', 'USERPROFILE': 'C:\\Users\\alyaz'}
:11-13-2019 05:03:39 TTOffLauncher: isTestServer: 0
:11-13-2019 05:03:39 TTOffLauncher: Game Server 127.0.0.1
:11-13-2019 05:03:39 TTOffLauncher: Starting Toontown Online... 
:11-13-2019 05:03:39 TTOffLauncher: foreground: Launcher now operating in foreground
useTTOffSpecificLogin=True
:11-13-2019 05:03:39 TTOffLauncher: maybeStartGame: starting game
:11-13-2019 05:03:39 TTOffLauncher: Starting Toontown Online...
:11-13-2019 05:03:39 TTOffLauncher: background: Launcher now operating in background
ToontownStart: Polling for game2 to finish...
ToontownStart: Game2 is finished.
ToontownStart: Starting the game.
ToontownStart: setting default font
:11-13-2019 05:03:40 TTOffLauncher: setting panda error code to 7
Known pipe types:
  wglGraphicsPipe
(all display modules loaded.)
:11-13-2019 05:03:40 ToonBase: Default graphics pipe is wglGraphicsPipe (OpenGL).
:11-13-2019 05:03:40 ToonBase: Successfully opened window of type wglGraphicsWindow (OpenGL)
:11-13-2019 05:03:40 ShowBase: __dev__ == False
:11-13-2019 05:03:40 TTOffLauncher: setting panda error code to 11
:11-13-2019 05:03:40 TTOffLauncher: setting panda error code to 0
ToontownStart: Loading default gui sounds
ToontownStart: serverVersion:  tto-dev
:11-13-2019 05:03:40 Loader: starting bulk load of block 'init'
:11-13-2019 05:03:41 :nativenet(error): Buffered_DatagramConnection Constructor rbufsize = 4096000 wbufsize = 4096000 write_flush_point = 1400
:11-13-2019 05:03:41 OTPClientRepository: Using connect method 'http'
:11-13-2019 05:03:42 TTOffLauncher: getRegistry ('DEPLOYMENT', None)
:11-13-2019 05:03:42 TTOffLauncher: checking env
:11-13-2019 05:03:42 TTOffLauncher: getRegistry ('GAME_DEPLOYMENT', None)
:11-13-2019 05:03:42 TTOffLauncher: checking env
:11-13-2019 05:03:42 OTPClientRepository: reg_deployment=
:11-13-2019 05:03:42 OTPClientRepository: required-login auto.
:11-13-2019 05:03:42 OTPClientRepository: loginInterface: LoginTTOffAccount
:11-13-2019 05:03:42 TTOffLauncher: getNeedPwForSecretKey using ttoff-specific-login
:11-13-2019 05:03:42 Loader: At end of block 'init', expected 138, loaded 8, duration=1.79879385509
:11-13-2019 05:03:42 OTPClientRepository: Connecting to gameserver directly (no proxy).
:11-13-2019 05:03:42 OTPClientRepository: Connecting to //127.0.0.1:7198 via HTTP interface.
:11-13-2019 05:03:42 TTOffLauncher: Stopping mini task manager.
:11-13-2019 05:03:42 OTPClientRepository: Successfully connected to //127.0.0.1:7198.
:11-13-2019 05:03:44 TTOffLauncher: Setting Disconnect Details normal
{401000001: <toontown.distributed.ToontownDistrict.ToontownDistrict instance at 0x000000001D585E08>}
:11-13-2019 05:03:46 StateData: AvatarChooser.enter
:11-13-2019 05:03:46 DisplayOptions: settingsFullScreen = False, embedded = False width=800 height=600
:11-13-2019 05:03:46 StateData: calling self.displayOptions.restrictToEmbedded(False)
:11-13-2019 05:03:47 OTPClientRepository: ================
:11-13-2019 05:03:47 OTPClientRepository: Chose avatar id: 100000001
:11-13-2019 05:03:47 OTPClientRepository: Chose avatar name: Aeterna
:11-13-2019 05:03:47 OTPClientRepository: Chose avatar dna: ('css', 'ms', 'm', 'f', 20, 0, 21, 20, 3, 11, 3, 11, 8, 27)
:11-13-2019 05:03:47 OTPClientRepository: Chose avatar position: 1
:11-13-2019 05:03:47 OTPClientRepository: isPaid: 1
:11-13-2019 05:03:47 OTPClientRepository: freeTimeLeft: 0
:11-13-2019 05:03:47 OTPClientRepository: allowSecretChat: True
:11-13-2019 05:03:47 OTPClientRepository: ================
:11-13-2019 05:03:48 Loader: starting bulk load of block 'localAvatarPlayGame'
:11-13-2019 05:03:48 ToontownTimeManager(warning): error parsing date string=
local
:11-13-2019 05:03:48 NewsPageButtonManager(warning): Should not get here. NewsPageButtonManager.exitOff
:11-13-2019 05:03:48 :pnmimage:png(warning): iCCP: known incorrect sRGB profile
:11-13-2019 05:03:50 OTPClientRepository: Entering shard 401000001
:11-13-2019 05:03:50 StreetSign: Street sign url is https://ttoffline.com/images/
:11-13-2019 05:03:52 StreetSign: Street Sign is up to date
:11-13-2019 05:03:52 OTPClientRepository: TimeManager is not present.
:11-13-2019 05:03:52 OTPClientRepository: gotTimeSync
:11-13-2019 05:03:52 Loader: At end of block 'localAvatarPlayGame', expected 400, loaded 13, duration=4.43869103222
:11-13-2019 05:03:52 LocalAvatar(warning): redundant call to stopUpdateSmartCamera
:11-13-2019 05:03:52 TimeManager: Clock sync: TimeManager.announceGenerate
Traceback (most recent call last):
  File "C:\Panda3D-1.11.0-x64\direct\distributed\ConnectionRepository.py", line 609, in readerPollUntilEmpty
    while self.readerPollOnce():
  File "C:\Panda3D-1.11.0-x64\direct\distributed\ConnectionRepository.py", line 616, in readerPollOnce
    self.handleDatagram(self.private__di)
  File "otp\distributed\OTPClientRepository.py", line 1838, in handleDatagram
    self.handler(msgType, di)
  File "toontown\hood\QuietZoneState.py", line 145, in handleWaitForQuietZoneResponse
    base.cr.handleQuietZoneGenerateWithRequired(di)
  File "toontown\distributed\ToontownClientRepository.py", line 962, in handleQuietZoneGenerateWithRequired
    distObj = self.generateWithRequiredFields(dclass, doId, di, parentId, zoneId)
  File "C:\Panda3D-1.11.0-x64\direct\distributed\ClientRepositoryBase.py", line 253, in generateWithRequiredFields
    distObj = classDef(self)
  File "toontown\ai\NewsManager.py", line 40, in __init__
    base.localAvatar.inventory.setInvasionCreditMultiplier(1)
AttributeError: 'LocalToon' object has no attribute 'inventory'
:11-13-2019 05:03:52 :task(error): Exception occurred in PythonTask readerPollTask-83654992
:11-13-2019 05:03:52 TTOffLauncher: setting panda error code to 12
:11-13-2019 05:03:52 TTOffLauncher(warning): Handling Python exception.
:11-13-2019 05:03:52 TimeManager: Client disconnect reason 3.
:11-13-2019 05:03:52 TimeManager: Client exception: toontown.ai.NewsManager:40, direct.distributed.ClientRepositoryBase:253, toontown.distributed.ToontownClientRepository:962, toontown.hood.QuietZoneState:145, AttributeError: 'LocalToon' object has no attribute 'inventory'
:11-13-2019 05:03:52 OTPClientRepository: Sent disconnect message to server
:11-13-2019 05:03:52 OTPClientRepository: Closing connection to server.
:11-13-2019 05:03:52 TTOffLauncher: Exception exit.

Traceback (most recent call last):
  File "otp\launcher\LauncherBase.py", line 1081, in mainLoop
    self._runTaskManager()
  File "otp\launcher\LauncherBase.py", line 1052, in _runTaskManager
    taskMgr.run()
  File "C:\Panda3D-1.11.0-x64\direct\task\Task.py", line 528, in run
    self.step()
  File "C:\Panda3D-1.11.0-x64\direct\task\Task.py", line 482, in step
    self.mgr.poll()
  File "C:\Panda3D-1.11.0-x64\direct\distributed\ConnectionRepository.py", line 609, in readerPollUntilEmpty
    while self.readerPollOnce():
  File "C:\Panda3D-1.11.0-x64\direct\distributed\ConnectionRepository.py", line 616, in readerPollOnce
    self.handleDatagram(self.private__di)
  File "otp\distributed\OTPClientRepository.py", line 1838, in handleDatagram
    self.handler(msgType, di)
  File "toontown\hood\QuietZoneState.py", line 145, in handleWaitForQuietZoneResponse
    base.cr.handleQuietZoneGenerateWithRequired(di)
  File "toontown\distributed\ToontownClientRepository.py", line 962, in handleQuietZoneGenerateWithRequired
    distObj = self.generateWithRequiredFields(dclass, doId, di, parentId, zoneId)
  File "C:\Panda3D-1.11.0-x64\direct\distributed\ClientRepositoryBase.py", line 253, in generateWithRequiredFields
    distObj = classDef(self)
  File "toontown\ai\NewsManager.py", line 40, in __init__
    base.localAvatar.inventory.setInvasionCreditMultiplier(1)
AttributeError: 'LocalToon' object has no attribute 'inventory'
