

Starting Toontown Online...
Current time: Sun Feb  9 02:46:14 2020 Eastern Standard Time
sys.path =  ['', 'C:\\Panda3D-1.11.0-x64\\python\\python27.zip', 'C:\\Panda3D-1.11.0-x64', 'C:\\Panda3D-1.11.0-x64\\python\\DLLs', 'C:\\Panda3D-1.11.0-x64\\python\\lib', 'C:\\Panda3D-1.11.0-x64\\python\\lib\\plat-win', 'C:\\Panda3D-1.11.0-x64\\python\\lib\\lib-tk', 'C:\\Panda3D-1.11.0-x64\\python', 'C:\\Panda3D-1.11.0-x64\\bin', 'C:\\Panda3D-1.11.0-x64\\python\\lib\\site-packages']
sys.argv =  ['D:\\hollybae\\Aly\\Toontown-School-House\\toontown\\launcher\\TTOffQuickStartLauncher.py']
generating standard configrc
os.environ =  {'TMP': 'C:\\Users\\holla\\AppData\\Local\\Temp', 'COMPUTERNAME': 'HOLLYBAES-PC', 'USERDOMAIN': 'HOLLYBAES-PC', 'INTEL_DEV_REDIST': 'C:\\Program Files (x86)\\Common Files\\Intel\\Shared Libraries\\', 'PSMODULEPATH': 'C:\\Program Files\\WindowsPowerShell\\Modules;C:\\WINDOWS\\system32\\WindowsPowerShell\\v1.0\\Modules', 'COMMONPROGRAMFILES': 'C:\\Program Files\\Common Files', 'PROCESSOR_IDENTIFIER': 'Intel64 Family 6 Model 158 Stepping 10, GenuineIntel', 'VBOX_MSI_INSTALL_PATH': 'C:\\Program Files\\Oracle\\VirtualBox\\', 'PROGRAMFILES': 'C:\\Program Files', 'PROCESSOR_REVISION': '9e0a', 'PATH': 'C:\\Panda3D-1.11.0-x64\\panda3d\\..\\bin;C:\\Program Files (x86)\\Razer\\ChromaBroadcast\\bin;C:\\Program Files\\Razer\\ChromaBroadcast\\bin;C:\\Program Files (x86)\\Common Files\\Intel\\Shared Libraries\\redist\\intel64_win\\compiler;C:\\Program Files (x86)\\Common Files\\Oracle\\Java\\javapath;C:\\Program Files (x86)\\Common Files\\Intel\\Shared Libraries\\redist\\intel64\\compiler;C:\\WINDOWS\\system32;C:\\WINDOWS;C:\\WINDOWS\\System32\\Wbem;C:\\WINDOWS\\System32\\WindowsPowerShell\\v1.0\\;C:\\WINDOWS\\System32\\OpenSSH\\;C:\\Program Files\\NVIDIA Corporation\\NVIDIA NGX;C:\\Program Files (x86)\\NVIDIA Corporation\\PhysX\\Common;C:\\Program Files\\NVIDIA Corporation\\NVIDIA NvDLISR;C:\\WINDOWS\\system32;C:\\WINDOWS;C:\\WINDOWS\\System32\\Wbem;C:\\WINDOWS\\System32\\WindowsPowerShell\\v1.0\\;C:\\WINDOWS\\System32\\OpenSSH\\;D:\\hollybae\\ffmpeg-4.1.3-win64-static\\ffmpeg-4.1.3-win64-static\\bin;C:\\Program Files\\dotnet\\;C:\\WINDOWS\\system32\\config\\systemprofile\\AppData\\Local\\Microsoft\\WindowsApps;C:\\Program Files (x86)\\QuickTime\\QTSystem\\;C:\\Users\\holla\\AppData\\Local\\Microsoft\\WindowsApps;C:\\Panda3D-1.10.4.1-x64\\python;C:\\Panda3D-1.10.4.1-x64\\python\\Scripts;C:\\Panda3D-1.10.4.1-x64\\bin;C:\\Panda3D-1.11.0-x64\\python;C:\\Panda3D-1.11.0-x64\\python\\Scripts;C:\\Panda3D-1.11.0-x64\\bin', 'SYSTEMROOT': 'C:\\WINDOWS', 'MIC_LD_LIBRARY_PATH': 'C:\\Program Files (x86)\\Common Files\\Intel\\Shared Libraries\\compiler\\lib\\intel64_win_mic', 'COMSPEC': 'C:\\WINDOWS\\system32\\cmd.exe', 'DRIVERDATA': 'C:\\Windows\\System32\\Drivers\\DriverData', 'PPYTHON_PATH': '"C:\\Panda3D-1.11.0-x64\\python\\ppython.exe"', 'TEMP': 'C:\\Users\\holla\\AppData\\Local\\Temp', 'COMMONPROGRAMFILES(X86)': 'C:\\Program Files (x86)\\Common Files', 'PROCESSOR_ARCHITECTURE': 'AMD64', 'PROGRAMFILES(X86)': 'C:\\Program Files (x86)', 'ALLUSERSPROFILE': 'C:\\ProgramData', 'LOCALAPPDATA': 'C:\\Users\\holla\\AppData\\Local', 'FPS_BROWSER_USER_PROFILE_STRING': 'Default', 'HOMEPATH': '\\Users\\holla', 'USERDOMAIN_ROAMINGPROFILE': 'HOLLYBAES-PC', 'PROGRAMW6432': 'C:\\Program Files', 'USERNAME': 'holla', 'LOGONSERVER': '\\\\HOLLYBAES-PC', 'PROMPT': '$P$G', 'SESSIONNAME': 'Console', 'PROGRAMDATA': 'C:\\ProgramData', 'ONEDRIVE': 'C:\\Users\\holla\\OneDrive - University of Guelph', 'FPS_BROWSER_APP_PROFILE_STRING': 'Internet Explorer', 'PATHEXT': '.COM;.EXE;.BAT;.CMD;.VBS;.VBE;.JS;.JSE;.WSF;.WSH;.MSC', 'TTOFF_LOGIN_TOKEN': 'dev', 'ONEDRIVECOMMERCIAL': 'C:\\Users\\holla\\OneDrive - University of Guelph', 'WINDIR': 'C:\\WINDOWS', 'APPDATA': 'C:\\Users\\holla\\AppData\\Roaming', 'HOMEDRIVE': 'C:', 'SYSTEMDRIVE': 'C:', 'NUMBER_OF_PROCESSORS': '12', 'PROCESSOR_LEVEL': '6', 'RG_GPU_FRAMEWORK_ENGINE_RESOURCEDIR': 'C:\\Program Files\\Red Giant\\RGFX', 'COMMONPROGRAMW6432': 'C:\\Program Files\\Common Files', 'OS': 'Windows_NT', 'PUBLIC': 'C:\\Users\\Public', 'USERPROFILE': 'C:\\Users\\holla'}
:02-09-2020 02:46:14 TTOffLauncher: isTestServer: 0
:02-09-2020 02:46:14 TTOffLauncher: Game Server 127.0.0.1
:02-09-2020 02:46:14 TTOffLauncher: Starting Toontown Online... 
:02-09-2020 02:46:14 TTOffLauncher: foreground: Launcher now operating in foreground
useTTOffSpecificLogin=True
:02-09-2020 02:46:14 TTOffLauncher: maybeStartGame: starting game
:02-09-2020 02:46:14 TTOffLauncher: Starting Toontown Online...
:02-09-2020 02:46:14 TTOffLauncher: background: Launcher now operating in background
ToontownStart: Polling for game2 to finish...
ToontownStart: Game2 is finished.
ToontownStart: Starting the game.
ToontownStart: setting default font
:02-09-2020 02:46:14 TTOffLauncher: setting panda error code to 7
Known pipe types:
  wglGraphicsPipe
(all display modules loaded.)
:02-09-2020 02:46:14 ToonBase: Default graphics pipe is wglGraphicsPipe (OpenGL).
:02-09-2020 02:46:14 :display:windisplay(warning): SetForegroundWindow() failed!
:02-09-2020 02:46:14 ToonBase: Successfully opened window of type wglGraphicsWindow (OpenGL)
:02-09-2020 02:46:14 ShowBase: __dev__ == False
:02-09-2020 02:46:14 TTOffLauncher: setting panda error code to 11
:02-09-2020 02:46:14 TTOffLauncher: setting panda error code to 0
ToontownStart: Loading default gui sounds
ToontownStart: serverVersion:  tto-dev
:02-09-2020 02:46:14 Loader: starting bulk load of block 'init'
:02-09-2020 02:46:15 :nativenet(error): Buffered_DatagramConnection Constructor rbufsize = 4096000 wbufsize = 4096000 write_flush_point = 1400
:02-09-2020 02:46:15 OTPClientRepository: Using connect method 'http'
:02-09-2020 02:46:15 TTOffLauncher: getRegistry ('DEPLOYMENT', None)
:02-09-2020 02:46:15 TTOffLauncher: checking env
:02-09-2020 02:46:15 TTOffLauncher: getRegistry ('GAME_DEPLOYMENT', None)
:02-09-2020 02:46:15 TTOffLauncher: checking env
:02-09-2020 02:46:15 OTPClientRepository: reg_deployment=
:02-09-2020 02:46:15 OTPClientRepository: required-login auto.
:02-09-2020 02:46:15 OTPClientRepository: loginInterface: LoginTTOffAccount
:02-09-2020 02:46:15 TTOffLauncher: getNeedPwForSecretKey using ttoff-specific-login
:02-09-2020 02:46:15 Loader: At end of block 'init', expected 138, loaded 4, duration=0.9715259
:02-09-2020 02:46:15 OTPClientRepository: Connecting to gameserver directly (no proxy).
:02-09-2020 02:46:15 OTPClientRepository: Connecting to //127.0.0.1:7198 via HTTP interface.
:02-09-2020 02:46:15 TTOffLauncher: Stopping mini task manager.
:02-09-2020 02:46:15 OTPClientRepository: Successfully connected to //127.0.0.1:7198.
:02-09-2020 02:46:15 TTOffLauncher: Setting Disconnect Details normal
{401000001: <toontown.distributed.ToontownDistrict.ToontownDistrict instance at 0x000000001C92E788>}
:02-09-2020 02:46:16 StateData: AvatarChooser.enter
:02-09-2020 02:46:16 DisplayOptions: settingsFullScreen = False, embedded = False width=800 height=600
:02-09-2020 02:46:16 StateData: calling self.displayOptions.restrictToEmbedded(False)
:02-09-2020 02:46:28 OTPClientRepository: ================
:02-09-2020 02:46:28 OTPClientRepository: Chose avatar id: 100000027
:02-09-2020 02:46:28 OTPClientRepository: Chose avatar name: Bubby
:02-09-2020 02:46:28 OTPClientRepository: Chose avatar dna: ('css', 'ms', 'm', 'm', 18, 0, 2, 18, 4, 2, 4, 2, 7, 1)
:02-09-2020 02:46:28 OTPClientRepository: Chose avatar position: 0
:02-09-2020 02:46:28 OTPClientRepository: isPaid: 1
:02-09-2020 02:46:28 OTPClientRepository: freeTimeLeft: 0
:02-09-2020 02:46:28 OTPClientRepository: allowSecretChat: True
:02-09-2020 02:46:28 OTPClientRepository: ================
:02-09-2020 02:46:28 Loader: starting bulk load of block 'localAvatarPlayGame'
:02-09-2020 02:46:29 ToontownTimeManager(warning): error parsing date string=
local
:02-09-2020 02:46:30 NewsPageButtonManager(warning): Should not get here. NewsPageButtonManager.exitOff
:02-09-2020 02:46:30 :pnmimage:png(warning): iCCP: known incorrect sRGB profile
:02-09-2020 02:46:32 OTPClientRepository: Entering shard 401000001
:02-09-2020 02:46:32 StreetSign: Street sign url is https://ttoffline.com/images/
:02-09-2020 02:46:33 StreetSign: Street Sign is up to date
:02-09-2020 02:46:33 TimeManager: Clock sync: TimeManager.announceGenerate
:02-09-2020 02:46:33 NewsManager: setHolidayId: Starting Holiday 20
:02-09-2020 02:46:33 InGameNewsMgr: latestIssue=2013-08-22 16:49:46.000003-07:00
cpu info: GenuineIntel|Intel(R) Core(TM) i7-8700K CPU @ 3.70GHz|591594|0|3.701,3.701|6,12 cpus
:02-09-2020 02:46:35 OTPClientRepository: No sync from TimeManager.
:02-09-2020 02:46:35 OTPClientRepository: gotTimeSync
:02-09-2020 02:46:35 Loader: At end of block 'localAvatarPlayGame', expected 400, loaded 17, duration=6.6189224
:02-09-2020 02:46:35 TimeManager: Clock sync roundtrip took 1803.184 ms
:02-09-2020 02:46:35 TimeManager: AI time delta is -0:02 from server delta
:02-09-2020 02:46:35 TimeManager: Local clock uncertainty +/- 0.902 s
:02-09-2020 02:46:35 PlayGame: QA-REGRESSION: NEIGHBORHOODS: Visit Lawbot HQ
:02-09-2020 02:46:35 Loader: starting bulk load of block 'hood'
:02-09-2020 02:46:36 OTPClientRepository: Sending heartbeat mid-frame.
:02-09-2020 02:46:37 LawbotCogHQLoader: loadPlaceGeom: 13000
:02-09-2020 02:46:37 DistributedObject: DistributedSuitPlanner 401002972: generating
:02-09-2020 02:46:37 DistributedToon: calling LocalAvatar.startchat
:02-09-2020 02:46:37 :loader(error): Couldn't load file phase_4/models/questmap/cog_hq_lawbot_maps.bam: not found on model path (currently: "/;/d/hollybae/Aly/Toontown-School-House/toontown/launcher;/c/Panda3D-1.11.0-x64/etc/..;/c/Panda3D-1.11.0-x64/etc/../models")
:02-09-2020 02:46:37 Loader: At end of block 'hood', expected 2, loaded 8, duration=1.8205834
:02-09-2020 02:46:38 Teleport(debug): teleportInDone: walk
:02-09-2020 02:46:39 :loader(error): Couldn't load file phase_4/models/questmap/cog_hq_lawbot_maps.bam: not found on model path (currently: "/;/d/hollybae/Aly/Toontown-School-House/toontown/launcher;/c/Panda3D-1.11.0-x64/etc/..;/c/Panda3D-1.11.0-x64/etc/../models")
:02-09-2020 02:46:46 TTOffMagicWordManager: Run mode has been toggled.
:02-09-2020 02:46:52 TTOffMagicWordManager: Abracadabra!
:02-09-2020 02:46:52 LawbotCogHQLoader: loadPlaceGeom: 13100
:02-09-2020 02:46:52 LawbotCogHQLoader: QA-REGRESSION: COGHQ: Visit LawbotLobby
:02-09-2020 02:46:53 LawbotHQExterior: Unloading Place (13000). Fsm in final
:02-09-2020 02:46:53 DistributedObject: DistributedSuitPlanner 401002972: disabling
:02-09-2020 02:46:53 DistributedToon: calling LocalAvatar.startchat
:02-09-2020 02:46:53 :loader(error): Couldn't load file phase_4/models/questmap/cog_hq_lawbot_maps.bam: not found on model path (currently: "/;/d/hollybae/Aly/Toontown-School-House/toontown/launcher;/c/Panda3D-1.11.0-x64/etc/..;/c/Panda3D-1.11.0-x64/etc/../models")
:02-09-2020 02:46:54 :loader(error): Couldn't load file phase_4/models/questmap/cog_hq_lawbot_maps.bam: not found on model path (currently: "/;/d/hollybae/Aly/Toontown-School-House/toontown/launcher;/c/Panda3D-1.11.0-x64/etc/..;/c/Panda3D-1.11.0-x64/etc/../models")
:02-09-2020 02:46:59 TTOffMagicWordManager: Run mode has been toggled.
:02-09-2020 02:47:01 TTOffMagicWordManager: You aren't in a CJ!
:02-09-2020 02:47:04 TTOffMagicWordManager: Gave Bubby an infinite amount of pies
:02-09-2020 02:47:06 LawbotCogHQLoader: loadPlaceGeom: 61000
:02-09-2020 02:47:06 LawbotCogHQLoader(warning): loadPlaceGeom: unclassified zone 61000
:02-09-2020 02:47:06 CogHQLobby: Unloading Place (13100). Fsm in final
:02-09-2020 02:47:07 DistributedLawbotBoss(warning): Not a collision node: LawbotCourtroom3.egg/-PandaNode/CR3/interior/CR3_Floor
:02-09-2020 02:47:07 DistributedToon: calling LocalAvatar.startchat
:02-09-2020 02:47:07 LawbotHQBossBattle(warning): fsm.request('movie') returned 0 (zone id 61000, avatar pos LPoint3f(-0.363562, -126.204, 0.193903)).
:02-09-2020 02:47:09 TTOffMagicWordManager: Restarting Scale Round
:02-09-2020 02:47:15 LawbotHQBossBattle(warning): fsm.request('finalBattle') returned 0 (zone id 61000, avatar pos LPoint3f(-41.3624, 14.5632, 0)).
:02-09-2020 02:47:15 TTOffMagicWordManager: Restarting Scale Round
:02-09-2020 02:47:15 :linmath(warning): Tried to invert singular LMatrix3.
:02-09-2020 02:51:14 GarbageCollect(warning): garbage found, reverting gc threshold
frame rate: 243.2 fps|0.001d|12 avs||317|318||0x0000|0x0000|1028.5MB|1166.5MB|16235.6MB|538|nt.2.6.2|3.701,3.701|6,12 cpus|OpenGL
:02-09-2020 02:53:04 LawbotHQBossBattle(warning): fsm.request('finalBattle') returned 0 (zone id 61000, avatar pos LPoint3f(-59.8294, -6.93278, 0)).
:02-09-2020 02:53:04 TTOffMagicWordManager: Restarting Scale Round
:02-09-2020 02:53:46 OTPClientRepository: Sending heartbeat mid-frame.
frame rate: 285.3 fps|0.001d|12 avs||617|618||0x0000|0x0000|1354.5MB|1493.6MB|16235.6MB|643|nt.2.6.2|3.701,3.701|6,12 cpus|OpenGL
:02-09-2020 02:58:28 TTOffMagicWordManager: LPoint3f(-31.6809, 73.8745, -0.00031729)
:02-09-2020 02:59:38 TTOffMagicWordManager: Alakazam!
:02-09-2020 03:00:00 NewsManager: setHolidayId: Ending Holiday 20
:02-09-2020 03:00:40 TTOffMagicWordManager: Voila!
:02-09-2020 03:00:51 TTOffMagicWordManager: Alakazam!
:02-09-2020 03:01:00 TTOffMagicWordManager: Voila!
:02-09-2020 03:01:27 TTOffMagicWordManager: Voila!
frame rate: 249.4 fps|0.001d|12 avs||917|918||0x0000|0x0000|1663.5MB|1803.6MB|16235.6MB|743|nt.2.6.2|3.701,3.701|6,12 cpus|OpenGL
:02-09-2020 03:01:39 TTOffMagicWordManager: Alakazam!
:02-09-2020 03:01:45 TTOffMagicWordManager: Alakazam!
:02-09-2020 03:01:50 TTOffMagicWordManager: Voila!
:02-09-2020 03:02:07 TTOffMagicWordManager: Ta-da!
:02-09-2020 03:02:19 TTOffMagicWordManager: Alakazam!
:02-09-2020 03:02:34 TTOffMagicWordManager: Voila!
:02-09-2020 03:02:56 TTOffMagicWordManager: Alakazam!
:02-09-2020 03:03:17 TTOffMagicWordManager: Alakazam!
:02-09-2020 03:03:33 TTOffMagicWordManager: Ta-da!
:02-09-2020 03:03:44 TTOffMagicWordManager: Ta-da!
:02-09-2020 03:04:09 TTOffMagicWordManager: Voila!
:02-09-2020 03:04:50 TTOffMagicWordManager: Voila!
:02-09-2020 03:05:09 TTOffMagicWordManager: Voila!
:02-09-2020 03:05:21 TTOffMagicWordManager: Ta-da!
:02-09-2020 03:05:52 TTOffMagicWordManager: Ta-da!
frame rate: 275.9 fps|0.000d|12 avs||1217|1218||0x0000|0x0000|2017.3MB|2157.7MB|16235.6MB|854|nt.2.6.2|3.701,3.701|6,12 cpus|OpenGL
:02-09-2020 03:06:43 TTOffMagicWordManager: Voila!
:02-09-2020 03:06:52 TTOffMagicWordManager: Voila!
:02-09-2020 03:07:08 TTOffMagicWordManager: Voila!
:02-09-2020 03:07:15 TTOffMagicWordManager: Abracadabra!
:02-09-2020 03:07:52 TTOffMagicWordManager: Voila!
:02-09-2020 03:07:53 TTOffMagicWordManager: Abracadabra!
:02-09-2020 03:08:02 TTOffMagicWordManager: Abracadabra!
:02-09-2020 03:08:11 TTOffMagicWordManager: Abracadabra!
:02-09-2020 03:08:20 TTOffMagicWordManager: Voila!
:02-09-2020 03:08:46 TTOffMagicWordManager: LPoint3f(-28.7871, 76.753, -0.000324127)
:02-09-2020 03:09:03 TTOffMagicWordManager: Alakazam!
:02-09-2020 03:09:12 TTOffMagicWordManager: Alakazam!
:02-09-2020 03:09:17 TTOffMagicWordManager: Ta-da!
:02-09-2020 03:09:27 TTOffMagicWordManager: Ta-da!
:02-09-2020 03:09:33 TTOffMagicWordManager: Abracadabra!
:02-09-2020 03:09:46 TTOffMagicWordManager: Abracadabra!
:02-09-2020 03:10:00 TTOffMagicWordManager: Alakazam!
:02-09-2020 03:10:11 TTOffMagicWordManager: Abracadabra!
:02-09-2020 03:10:26 TTOffMagicWordManager: Alakazam!
:02-09-2020 03:10:46 TTOffMagicWordManager: Voila!
:02-09-2020 03:11:01 TTOffMagicWordManager: Alakazam!
:02-09-2020 03:11:05 TTOffMagicWordManager: Ta-da!
:02-09-2020 03:11:12 TTOffMagicWordManager: Alakazam!
:02-09-2020 03:11:17 TTOffMagicWordManager: Presto!
:02-09-2020 03:11:25 TTOffMagicWordManager: Presto!
frame rate: 242.1 fps|0.001d|12 avs||1517|1518||0x0000|0x0000|2367.6MB|2508.9MB|16235.6MB|965|nt.2.6.2|3.701,3.701|6,12 cpus|OpenGL
:02-09-2020 03:11:35 TTOffMagicWordManager: Presto!
:02-09-2020 03:11:49 TTOffMagicWordManager: Abracadabra!
:02-09-2020 03:12:12 TTOffMagicWordManager: Ta-da!
:02-09-2020 03:12:21 TTOffMagicWordManager: Ta-da!
:02-09-2020 03:12:34 TTOffMagicWordManager: Voila!
:02-09-2020 03:12:44 TTOffMagicWordManager: Voila!
:02-09-2020 03:13:46 TTOffMagicWordManager: Voila!
:02-09-2020 03:13:54 TTOffMagicWordManager: Alakazam!
:02-09-2020 03:14:04 TTOffMagicWordManager: Presto!
:02-09-2020 03:14:13 TTOffMagicWordManager: Ta-da!
:02-09-2020 03:14:29 TTOffMagicWordManager: Abracadabra!
:02-09-2020 03:14:38 TTOffMagicWordManager: Voila!
:02-09-2020 03:14:47 TTOffMagicWordManager: Ta-da!
:02-09-2020 03:14:58 TTOffMagicWordManager: Ta-da!
:02-09-2020 03:15:07 TTOffMagicWordManager: Presto!
:02-09-2020 03:15:22 TTOffMagicWordManager: Abracadabra!
:02-09-2020 03:15:30 TTOffMagicWordManager: Abracadabra!
:02-09-2020 03:15:39 TTOffMagicWordManager: Abracadabra!
:02-09-2020 03:15:47 TTOffMagicWordManager: Alakazam!
:02-09-2020 03:15:54 TTOffMagicWordManager: Alakazam!
:02-09-2020 03:16:05 TTOffMagicWordManager: Alakazam!
:02-09-2020 03:16:21 TTOffMagicWordManager: Voila!
:02-09-2020 03:16:31 TTOffMagicWordManager: Ta-da!
:02-09-2020 03:16:32 TimeManager: Clock sync: timer
frame rate: 263.2 fps|0.001d|12 avs||1817|1818||0x0000|0x0000|2730.2MB|2872.1MB|16235.6MB|1099|nt.2.6.2|3.701,3.701|6,12 cpus|OpenGL
:02-09-2020 03:16:32 TimeManager: Clock sync roundtrip took 25.862 ms
:02-09-2020 03:16:32 TimeManager: AI time delta is -0:00 from server delta
:02-09-2020 03:16:32 ClockDelta: previous delta at -0.621 s, +/- 1.401 s.
:02-09-2020 03:16:32 ClockDelta: new delta at -1.493 s, +/- 0.013 s.
:02-09-2020 03:16:32 ClockDelta: intersection at -1.493 s, +/- 0.013 s.
:02-09-2020 03:16:32 TimeManager: Local clock uncertainty +/- 0.013 s
:02-09-2020 03:16:39 TTOffMagicWordManager: Alakazam!
:02-09-2020 03:16:49 TTOffMagicWordManager: Voila!
:02-09-2020 03:16:58 TTOffMagicWordManager: Presto!
:02-09-2020 03:17:12 TTOffMagicWordManager: Abracadabra!
:02-09-2020 03:17:20 TTOffMagicWordManager: Ta-da!
:02-09-2020 03:17:42 TTOffMagicWordManager: Abracadabra!
:02-09-2020 03:17:51 TTOffMagicWordManager: Abracadabra!
:02-09-2020 03:18:00 TTOffMagicWordManager: Presto!
:02-09-2020 03:18:11 TTOffMagicWordManager: Presto!
:02-09-2020 03:18:24 TTOffMagicWordManager: Alakazam!
:02-09-2020 03:18:35 TTOffMagicWordManager: Presto!
:02-09-2020 03:18:46 TTOffMagicWordManager: Ta-da!
:02-09-2020 03:19:02 TTOffMagicWordManager: Presto!
:02-09-2020 03:19:06 TTOffMagicWordManager: Abracadabra!
:02-09-2020 03:19:28 TTOffMagicWordManager: Abracadabra!
:02-09-2020 03:19:38 TTOffMagicWordManager: Voila!
:02-09-2020 03:19:46 TTOffMagicWordManager: Alakazam!
:02-09-2020 03:19:55 TTOffMagicWordManager: Ta-da!
:02-09-2020 03:20:01 TTOffMagicWordManager: Voila!
:02-09-2020 03:20:11 TTOffMagicWordManager: Abracadabra!
:02-09-2020 03:20:19 TTOffMagicWordManager: Presto!
:02-09-2020 03:20:28 TTOffMagicWordManager: Abracadabra!
:02-09-2020 03:20:36 TTOffMagicWordManager: Voila!
:02-09-2020 03:20:44 TTOffMagicWordManager: Presto!
:02-09-2020 03:20:59 TTOffMagicWordManager: Alakazam!
:02-09-2020 03:21:08 TTOffMagicWordManager: Abracadabra!
:02-09-2020 03:21:17 TTOffMagicWordManager: Alakazam!
:02-09-2020 03:21:25 TTOffMagicWordManager: Alakazam!
:02-09-2020 03:21:29 TTOffMagicWordManager: Voila!
frame rate: 225.0 fps|0.001d|12 avs||2117|2118||0x0000|0x0000|2551.3MB|3245.9MB|16235.6MB|1215|nt.2.6.2|3.701,3.701|6,12 cpus|OpenGL
:02-09-2020 03:21:41 TTOffMagicWordManager: Presto!
:02-09-2020 03:21:50 TTOffMagicWordManager: Presto!
:02-09-2020 03:21:58 TTOffMagicWordManager: Ta-da!
:02-09-2020 03:22:07 TTOffMagicWordManager: Presto!
:02-09-2020 03:22:24 TTOffMagicWordManager: Voila!
:02-09-2020 03:22:36 TTOffMagicWordManager: Ta-da!
:02-09-2020 03:22:45 TTOffMagicWordManager: Abracadabra!
:02-09-2020 03:22:52 TTOffMagicWordManager: Presto!
:02-09-2020 03:23:08 TTOffMagicWordManager: Voila!
:02-09-2020 03:23:19 TTOffMagicWordManager: Alakazam!
:02-09-2020 03:23:32 TTOffMagicWordManager: Ta-da!
:02-09-2020 03:23:41 TTOffMagicWordManager: Abracadabra!
:02-09-2020 03:23:55 TTOffMagicWordManager: Abracadabra!
:02-09-2020 03:24:03 TTOffMagicWordManager: Presto!
:02-09-2020 03:24:13 TTOffMagicWordManager: Voila!
:02-09-2020 03:24:23 TTOffMagicWordManager: Alakazam!
:02-09-2020 03:24:37 TTOffMagicWordManager: Abracadabra!
:02-09-2020 03:24:47 TTOffMagicWordManager: Presto!
:02-09-2020 03:24:56 TTOffMagicWordManager: Abracadabra!
:02-09-2020 03:25:08 TTOffMagicWordManager: Alakazam!
:02-09-2020 03:25:19 TTOffMagicWordManager: Abracadabra!
:02-09-2020 03:25:25 TTOffMagicWordManager: Abracadabra!
:02-09-2020 03:25:34 TTOffMagicWordManager: Alakazam!
:02-09-2020 03:25:48 TTOffMagicWordManager: Abracadabra!
:02-09-2020 03:26:04 TTOffMagicWordManager: Voila!
:02-09-2020 03:26:11 TTOffMagicWordManager: Voila!
:02-09-2020 03:26:25 TTOffMagicWordManager: Presto!
frame rate: 230.7 fps|0.001d|12 avs||2417|2418||0x0000|0x0000|2785.8MB|3613.9MB|16235.6MB|1330|nt.2.6.2|3.701,3.701|6,12 cpus|OpenGL
:02-09-2020 03:26:34 TTOffMagicWordManager: Voila!
:02-09-2020 03:26:45 TTOffMagicWordManager: Ta-da!
:02-09-2020 03:26:54 TTOffMagicWordManager: Voila!
:02-09-2020 03:27:05 TTOffMagicWordManager: Ta-da!
:02-09-2020 03:27:14 TTOffMagicWordManager: Presto!
:02-09-2020 03:27:34 TTOffMagicWordManager: Abracadabra!
:02-09-2020 03:27:45 TTOffMagicWordManager: Alakazam!
:02-09-2020 03:27:54 TTOffMagicWordManager: Voila!
:02-09-2020 03:27:57 TTOffMagicWordManager: Ta-da!
:02-09-2020 03:28:08 TTOffMagicWordManager: Abracadabra!
:02-09-2020 03:28:19 TTOffMagicWordManager: Abracadabra!
:02-09-2020 03:28:29 TTOffMagicWordManager: Voila!
:02-09-2020 03:28:47 TTOffMagicWordManager: Ta-da!
:02-09-2020 03:28:56 TTOffMagicWordManager: Presto!
:02-09-2020 03:29:07 TTOffMagicWordManager: Presto!
:02-09-2020 03:29:21 TTOffMagicWordManager: Abracadabra!
:02-09-2020 03:29:36 TTOffMagicWordManager: Ta-da!
:02-09-2020 03:29:45 TTOffMagicWordManager: Voila!
:02-09-2020 03:29:59 TTOffMagicWordManager: Alakazam!
:02-09-2020 03:30:09 TTOffMagicWordManager: Presto!
:02-09-2020 03:30:18 TTOffMagicWordManager: Alakazam!
:02-09-2020 03:30:29 TTOffMagicWordManager: Alakazam!
:02-09-2020 03:30:38 TTOffMagicWordManager: Presto!
:02-09-2020 03:30:45 TTOffMagicWordManager: Presto!
:02-09-2020 03:30:57 TTOffMagicWordManager: Presto!
:02-09-2020 03:31:04 TTOffMagicWordManager: Abracadabra!
:02-09-2020 03:31:10 TTOffMagicWordManager: Ta-da!
:02-09-2020 03:31:20 TTOffMagicWordManager: Presto!
frame rate: 251.9 fps|0.001d|12 avs||2717|2718||0x0000|0x0000|2515.3MB|4003.7MB|16235.6MB|1450|nt.2.6.2|3.701,3.701|6,12 cpus|OpenGL
:02-09-2020 03:31:47 TTOffMagicWordManager: Ta-da!
:02-09-2020 03:32:28 TTOffMagicWordManager: Ta-da!
:02-09-2020 03:32:36 TTOffMagicWordManager: Voila!
:02-09-2020 03:32:52 TTOffMagicWordManager: Abracadabra!
:02-09-2020 03:33:03 TTOffMagicWordManager: Abracadabra!
:02-09-2020 03:33:13 TTOffMagicWordManager: Abracadabra!
:02-09-2020 03:33:22 TTOffMagicWordManager: Abracadabra!
:02-09-2020 03:33:32 TTOffMagicWordManager: Ta-da!
:02-09-2020 03:33:44 TTOffMagicWordManager: Alakazam!
:02-09-2020 03:33:54 TTOffMagicWordManager: Voila!
:02-09-2020 03:34:04 TTOffMagicWordManager: Abracadabra!
:02-09-2020 03:34:15 TTOffMagicWordManager: Presto!
:02-09-2020 03:34:25 TTOffMagicWordManager: Alakazam!
:02-09-2020 03:34:40 LawbotHQBossBattle(warning): fsm.request('finalBattle') returned 0 (zone id 61000, avatar pos LPoint3f(-61.0014, 47.7154, -0.000322748)).
:02-09-2020 03:34:40 TTOffMagicWordManager: Restarting Scale Round
:02-09-2020 03:34:42 LawbotHQBossBattle(warning): fsm.request('finalBattle') returned 0 (zone id 61000, avatar pos LPoint3f(0.238794, -5.12886, 0)).
:02-09-2020 03:34:42 TTOffMagicWordManager: Restarting Scale Round
:02-09-2020 03:34:48 LawbotHQBossBattle(warning): fsm.request('finalBattle') returned 0 (zone id 61000, avatar pos LPoint3f(-48.2286, 23.4815, 0)).
:02-09-2020 03:34:48 TTOffMagicWordManager: Restarting Scale Round
:02-09-2020 03:34:57 TTOffMagicWordManager: Alakazam!
:02-09-2020 03:35:30 TTOffMagicWordManager: Voila!
:02-09-2020 03:35:39 TTOffMagicWordManager: Voila!
:02-09-2020 03:35:48 TTOffMagicWordManager: Alakazam!
:02-09-2020 03:35:58 TTOffMagicWordManager: Presto!
:02-09-2020 03:36:08 TTOffMagicWordManager: Presto!
:02-09-2020 03:36:25 TTOffMagicWordManager: Voila!
frame rate: 240.5 fps|0.001d|12 avs||3017|3018||0x0000|0x0000|2460.4MB|4357.9MB|16235.6MB|1568|nt.2.6.2|3.701,3.701|6,12 cpus|OpenGL
:02-09-2020 03:36:33 TTOffMagicWordManager: Presto!
:02-09-2020 03:36:54 TTOffMagicWordManager: Alakazam!
:02-09-2020 03:37:03 TTOffMagicWordManager: Presto!
:02-09-2020 03:37:10 TTOffMagicWordManager: Voila!
:02-09-2020 03:37:20 TTOffMagicWordManager: Ta-da!
:02-09-2020 03:37:31 TTOffMagicWordManager: Presto!
:02-09-2020 03:37:42 TTOffMagicWordManager: Abracadabra!
:02-09-2020 03:37:53 TTOffMagicWordManager: Presto!
:02-09-2020 03:38:03 TTOffMagicWordManager: Ta-da!
:02-09-2020 03:38:12 TTOffMagicWordManager: Presto!
:02-09-2020 03:38:21 TTOffMagicWordManager: Presto!
:02-09-2020 03:38:27 TTOffMagicWordManager: Ta-da!
:02-09-2020 03:38:36 TTOffMagicWordManager: Ta-da!
:02-09-2020 03:38:44 TTOffMagicWordManager: Abracadabra!
:02-09-2020 03:38:49 TTOffMagicWordManager: Presto!
:02-09-2020 03:38:59 TTOffMagicWordManager: Alakazam!
:02-09-2020 03:39:09 TTOffMagicWordManager: Presto!
:02-09-2020 03:39:18 TTOffMagicWordManager: Presto!
:02-09-2020 03:39:28 TTOffMagicWordManager: Voila!
:02-09-2020 03:39:36 TTOffMagicWordManager: Abracadabra!
:02-09-2020 03:39:42 TTOffMagicWordManager: Presto!
:02-09-2020 03:39:51 TTOffMagicWordManager: Voila!
:02-09-2020 03:40:00 TTOffMagicWordManager: Alakazam!
:02-09-2020 03:40:11 TTOffMagicWordManager: Abracadabra!
:02-09-2020 03:40:16 TTOffMagicWordManager: Ta-da!
:02-09-2020 03:40:28 TTOffMagicWordManager: Ta-da!
:02-09-2020 03:40:32 TTOffMagicWordManager: Ta-da!
:02-09-2020 03:40:43 TTOffMagicWordManager: Abracadabra!
:02-09-2020 03:40:53 TTOffMagicWordManager: Abracadabra!
:02-09-2020 03:41:03 TTOffMagicWordManager: Alakazam!
:02-09-2020 03:41:09 TTOffMagicWordManager: Voila!
:02-09-2020 03:41:19 TTOffMagicWordManager: Voila!
frame rate: 239.4 fps|0.001d|12 avs||3317|3318||0x0000|0x0000|2356.3MB|4682.0MB|16235.6MB|1672|nt.2.6.2|3.701,3.701|6,12 cpus|OpenGL
:02-09-2020 03:41:35 TTOffMagicWordManager: Presto!
:02-09-2020 03:41:44 TTOffMagicWordManager: Alakazam!
:02-09-2020 03:41:54 TTOffMagicWordManager: Abracadabra!
:02-09-2020 03:42:03 TTOffMagicWordManager: Presto!
:02-09-2020 03:42:12 TTOffMagicWordManager: Abracadabra!
:02-09-2020 03:42:18 TTOffMagicWordManager: Alakazam!
:02-09-2020 03:42:31 TTOffMagicWordManager: Voila!
:02-09-2020 03:42:40 TTOffMagicWordManager: Ta-da!
:02-09-2020 03:42:48 TTOffMagicWordManager: Presto!
:02-09-2020 03:42:57 TTOffMagicWordManager: Alakazam!
:02-09-2020 03:43:07 TTOffMagicWordManager: Alakazam!
:02-09-2020 03:43:16 TTOffMagicWordManager: Abracadabra!
:02-09-2020 03:43:25 TTOffMagicWordManager: Ta-da!
:02-09-2020 03:43:33 TTOffMagicWordManager: Voila!
:02-09-2020 03:43:40 LawbotHQBossBattle(warning): fsm.request('finalBattle') returned 0 (zone id 61000, avatar pos LPoint3f(-28.4347, 63.8975, -0.0003116)).
:02-09-2020 03:43:40 TTOffMagicWordManager: Restarting Scale Round
:02-09-2020 03:43:52 TTOffMagicWordManager: Presto!
:02-09-2020 03:43:54 LawbotHQBossBattle(warning): fsm.request('finalBattle') returned 0 (zone id 61000, avatar pos LPoint3f(-26.5949, 66.1705, -0.000324194)).
:02-09-2020 03:43:54 TTOffMagicWordManager: Restarting Scale Round
:02-09-2020 03:44:02 TTOffMagicWordManager: Ta-da!
:02-09-2020 03:44:14 TTOffMagicWordManager: Ta-da!
:02-09-2020 03:44:25 TTOffMagicWordManager: Voila!
:02-09-2020 03:44:34 TTOffMagicWordManager: Alakazam!
:02-09-2020 03:44:39 TTOffMagicWordManager: Abracadabra!
:02-09-2020 03:44:47 TTOffMagicWordManager: Presto!
:02-09-2020 03:44:56 TTOffMagicWordManager: Voila!
:02-09-2020 03:45:05 TTOffMagicWordManager: Presto!
:02-09-2020 03:45:14 TTOffMagicWordManager: Ta-da!
:02-09-2020 03:45:22 TTOffMagicWordManager: Voila!
:02-09-2020 03:45:32 TTOffMagicWordManager: Abracadabra!
:02-09-2020 03:45:41 TTOffMagicWordManager: Voila!
:02-09-2020 03:45:46 TTOffMagicWordManager: Alakazam!
:02-09-2020 03:45:55 TTOffMagicWordManager: Voila!
:02-09-2020 03:46:04 TTOffMagicWordManager: Abracadabra!
:02-09-2020 03:46:12 TTOffMagicWordManager: Presto!
:02-09-2020 03:46:22 TTOffMagicWordManager: Ta-da!
:02-09-2020 03:46:27 TTOffMagicWordManager: Voila!
:02-09-2020 03:46:32 TimeManager: Clock sync: timer
frame rate: 223.8 fps|0.001d|12 avs||3617|3618||0x0000|0x0000|2586.2MB|5012.8MB|16235.6MB|1780|nt.2.6.2|3.701,3.701|6,12 cpus|OpenGL
:02-09-2020 03:46:32 TimeManager: Clock sync roundtrip took 75.870 ms
:02-09-2020 03:46:32 TimeManager: AI time delta is -0:00 from server delta
:02-09-2020 03:46:32 ClockDelta: previous delta at -1.493 s, +/- 0.513 s.
:02-09-2020 03:46:32 ClockDelta: new delta at -1.486 s, +/- 0.038 s.
:02-09-2020 03:46:32 ClockDelta: intersection at -1.486 s, +/- 0.038 s.
:02-09-2020 03:46:32 TimeManager: Local clock uncertainty +/- 0.038 s
:02-09-2020 03:46:54 TTOffMagicWordManager: Voila!
:02-09-2020 03:47:19 TTOffMagicWordManager: Abracadabra!
:02-09-2020 03:47:29 TTOffMagicWordManager: Presto!
:02-09-2020 03:47:45 TTOffMagicWordManager: Ta-da!
:02-09-2020 03:47:51 TTOffMagicWordManager: Abracadabra!
:02-09-2020 03:48:10 TTOffMagicWordManager: Voila!
:02-09-2020 03:48:19 TTOffMagicWordManager: Ta-da!
:02-09-2020 03:48:28 TTOffMagicWordManager: Voila!
:02-09-2020 03:48:36 TTOffMagicWordManager: Presto!
:02-09-2020 03:48:43 TTOffMagicWordManager: Ta-da!
:02-09-2020 03:48:54 TTOffMagicWordManager: Voila!
:02-09-2020 03:49:02 TTOffMagicWordManager: Presto!
:02-09-2020 03:49:12 TTOffMagicWordManager: Abracadabra!
:02-09-2020 03:49:24 TTOffMagicWordManager: Alakazam!
:02-09-2020 03:49:34 TTOffMagicWordManager: Voila!
:02-09-2020 03:49:38 TTOffMagicWordManager: Presto!
frame rate: 252.2 fps|0.001d|12 avs||3917|3918||0x0000|0x0000|2528.1MB|5289.2MB|16235.6MB|1872|nt.2.6.2|3.701,3.701|6,12 cpus|OpenGL
:02-09-2020 03:51:38 TTOffMagicWordManager: Alakazam!
:02-09-2020 03:52:52 TTOffMagicWordManager: Voila!
:02-09-2020 03:53:09 TTOffMagicWordManager: Ta-da!
:02-09-2020 03:53:18 TTOffMagicWordManager: Presto!
:02-09-2020 03:53:27 TTOffMagicWordManager: Abracadabra!
:02-09-2020 03:54:00 TTOffMagicWordManager: Alakazam!
:02-09-2020 03:54:10 TTOffMagicWordManager: Ta-da!
:02-09-2020 03:54:22 TTOffMagicWordManager: Alakazam!
:02-09-2020 03:54:31 TTOffMagicWordManager: Presto!
:02-09-2020 03:54:49 TTOffMagicWordManager: Alakazam!
:02-09-2020 03:54:57 TTOffMagicWordManager: Presto!
:02-09-2020 03:55:23 TTOffMagicWordManager: Voila!
:02-09-2020 03:55:31 TTOffMagicWordManager: Ta-da!
:02-09-2020 03:55:41 TTOffMagicWordManager: Abracadabra!
:02-09-2020 03:55:58 TTOffMagicWordManager: Voila!
:02-09-2020 03:56:16 TTOffMagicWordManager: Abracadabra!
:02-09-2020 03:56:26 TTOffMagicWordManager: Ta-da!
frame rate: 227.9 fps|0.001d|12 avs||4217|4218||0x0000|0x0000|2826.8MB|5587.4MB|16235.6MB|2575|nt.2.6.2|3.701,3.701|6,12 cpus|OpenGL
:02-09-2020 03:56:34 TTOffMagicWordManager: Ta-da!
:02-09-2020 03:56:56 TTOffMagicWordManager: Voila!
:02-09-2020 03:57:05 TTOffMagicWordManager: Voila!
:02-09-2020 03:57:19 TTOffMagicWordManager: Voila!
:02-09-2020 03:57:28 TTOffMagicWordManager: Presto!
:02-09-2020 03:57:37 TTOffMagicWordManager: Ta-da!
:02-09-2020 03:57:47 TTOffMagicWordManager: Abracadabra!
:02-09-2020 03:58:08 TTOffMagicWordManager: Presto!
:02-09-2020 03:58:17 TTOffMagicWordManager: Presto!
:02-09-2020 03:58:25 TTOffMagicWordManager: Alakazam!
:02-09-2020 03:58:34 TTOffMagicWordManager: Abracadabra!
:02-09-2020 03:58:42 TTOffMagicWordManager: Presto!
:02-09-2020 03:58:51 TTOffMagicWordManager: Alakazam!
:02-09-2020 03:58:57 TTOffMagicWordManager: Presto!
:02-09-2020 03:59:09 TTOffMagicWordManager: Abracadabra!
:02-09-2020 03:59:48 TTOffMagicWordManager: Alakazam!
:02-09-2020 03:59:55 TTOffMagicWordManager: Ta-da!
:02-09-2020 04:00:03 TTOffMagicWordManager: Ta-da!
:02-09-2020 04:00:14 TTOffMagicWordManager: Abracadabra!
:02-09-2020 04:00:28 TTOffMagicWordManager: Abracadabra!
:02-09-2020 04:00:33 :linmath(warning): Tried to invert singular LMatrix3.
:02-09-2020 04:00:35 TTOffMagicWordManager: Alakazam!
:02-09-2020 04:00:44 TTOffMagicWordManager: Ta-da!
:02-09-2020 04:00:53 TTOffMagicWordManager: Voila!
:02-09-2020 04:01:02 TTOffMagicWordManager: Alakazam!
:02-09-2020 04:01:11 TTOffMagicWordManager: Presto!
:02-09-2020 04:01:20 TTOffMagicWordManager: Ta-da!
:02-09-2020 04:01:25 TTOffMagicWordManager: Alakazam!
frame rate: 215.9 fps|0.001d|12 avs||4517|4518||0x0000|0x0000|3383.8MB|5916.9MB|16235.6MB|2761|nt.2.6.2|3.701,3.701|6,12 cpus|OpenGL
:02-09-2020 04:01:34 TTOffMagicWordManager: Presto!
:02-09-2020 04:01:45 TTOffMagicWordManager: Abracadabra!
:02-09-2020 04:01:53 TTOffMagicWordManager: Presto!
:02-09-2020 04:02:02 TTOffMagicWordManager: Ta-da!
:02-09-2020 04:02:09 TTOffMagicWordManager: Voila!
:02-09-2020 04:02:19 TTOffMagicWordManager: Ta-da!
:02-09-2020 04:02:30 TTOffMagicWordManager: Ta-da!
:02-09-2020 04:02:38 TTOffMagicWordManager: Alakazam!
:02-09-2020 04:02:44 TTOffMagicWordManager: Abracadabra!
:02-09-2020 04:02:55 TTOffMagicWordManager: Abracadabra!
:02-09-2020 04:03:01 TTOffMagicWordManager: Ta-da!
:02-09-2020 04:03:11 TTOffMagicWordManager: Voila!
:02-09-2020 04:03:20 TTOffMagicWordManager: Voila!
:02-09-2020 04:03:29 TTOffMagicWordManager: Abracadabra!
:02-09-2020 04:03:34 TTOffMagicWordManager: Presto!
:02-09-2020 04:03:44 TTOffMagicWordManager: Presto!
:02-09-2020 04:03:53 TTOffMagicWordManager: Ta-da!
:02-09-2020 04:04:07 TTOffMagicWordManager: Ta-da!
:02-09-2020 04:04:18 TTOffMagicWordManager: Alakazam!
:02-09-2020 04:04:30 TTOffMagicWordManager: Ta-da!
:02-09-2020 04:04:38 TTOffMagicWordManager: Alakazam!
:02-09-2020 04:04:49 TTOffMagicWordManager: Ta-da!
:02-09-2020 04:05:00 TTOffMagicWordManager: Alakazam!
:02-09-2020 04:05:10 TTOffMagicWordManager: Voila!
:02-09-2020 04:05:22 TTOffMagicWordManager: Voila!
:02-09-2020 04:05:30 TTOffMagicWordManager: Voila!
:02-09-2020 04:05:40 TTOffMagicWordManager: Presto!
:02-09-2020 04:05:46 TTOffMagicWordManager: Alakazam!
:02-09-2020 04:05:55 TTOffMagicWordManager: Voila!
:02-09-2020 04:06:00 TTOffMagicWordManager: These arguments are of the wrong type!
:02-09-2020 04:06:00 TTOffMagicWordManager: Alakazam!
:02-09-2020 04:06:07 TTOffMagicWordManager: Presto!
:02-09-2020 04:06:19 TTOffMagicWordManager: Voila!
:02-09-2020 04:06:28 TTOffMagicWordManager: Abracadabra!
frame rate: 219.0 fps|0.001d|12 avs||4817|4818||0x0000|0x0000|3729.1MB|6262.5MB|16235.6MB|2870|nt.2.6.2|3.701,3.701|6,12 cpus|OpenGL
:02-09-2020 04:06:40 TTOffMagicWordManager: Alakazam!
:02-09-2020 04:06:50 TTOffMagicWordManager: Abracadabra!
:02-09-2020 04:06:55 TTOffMagicWordManager: Alakazam!
:02-09-2020 04:07:10 TTOffMagicWordManager: Alakazam!
:02-09-2020 04:07:19 TTOffMagicWordManager: Ta-da!
:02-09-2020 04:07:27 TTOffMagicWordManager: Abracadabra!
:02-09-2020 04:07:39 TTOffMagicWordManager: Voila!
:02-09-2020 04:07:47 TTOffMagicWordManager: Abracadabra!
:02-09-2020 04:07:55 TTOffMagicWordManager: Abracadabra!
:02-09-2020 04:08:05 TTOffMagicWordManager: Alakazam!
:02-09-2020 04:08:11 TTOffMagicWordManager: Ta-da!
:02-09-2020 04:08:23 TTOffMagicWordManager: Abracadabra!
:02-09-2020 04:08:33 TTOffMagicWordManager: Abracadabra!
:02-09-2020 04:08:41 TTOffMagicWordManager: Voila!
:02-09-2020 04:08:53 TTOffMagicWordManager: Abracadabra!
:02-09-2020 04:09:07 TTOffMagicWordManager: Ta-da!
:02-09-2020 04:09:16 TTOffMagicWordManager: Voila!
:02-09-2020 04:09:26 TTOffMagicWordManager: Ta-da!
:02-09-2020 04:09:34 TTOffMagicWordManager: Voila!
:02-09-2020 04:09:44 TTOffMagicWordManager: Alakazam!
:02-09-2020 04:09:49 TTOffMagicWordManager: Voila!
:02-09-2020 04:10:38 TTOffMagicWordManager: Alakazam!
:02-09-2020 04:10:47 TTOffMagicWordManager: Alakazam!
:02-09-2020 04:10:57 TTOffMagicWordManager: Abracadabra!
:02-09-2020 04:11:06 TTOffMagicWordManager: Voila!
:02-09-2020 04:11:16 TTOffMagicWordManager: Ta-da!
:02-09-2020 04:11:26 TTOffMagicWordManager: Voila!
frame rate: 219.0 fps|0.001d|12 avs||5117|5118||0x0000|0x0000|4059.1MB|6593.0MB|16235.6MB|2976|nt.2.6.2|3.701,3.701|6,12 cpus|OpenGL
:02-09-2020 04:11:39 TTOffMagicWordManager: Ta-da!
:02-09-2020 04:11:48 TTOffMagicWordManager: Alakazam!
:02-09-2020 04:11:56 TTOffMagicWordManager: Alakazam!
:02-09-2020 04:12:13 TTOffMagicWordManager: Voila!
:02-09-2020 04:12:22 TTOffMagicWordManager: Abracadabra!
:02-09-2020 04:12:36 TTOffMagicWordManager: Ta-da!
:02-09-2020 04:12:43 TTOffMagicWordManager: Voila!
:02-09-2020 04:12:55 TTOffMagicWordManager: Alakazam!
:02-09-2020 04:13:05 TTOffMagicWordManager: Presto!
:02-09-2020 04:13:17 TTOffMagicWordManager: Ta-da!
:02-09-2020 04:13:22 TTOffMagicWordManager: Presto!
:02-09-2020 04:13:25 TTOffMagicWordManager: Abracadabra!
:02-09-2020 04:13:35 TTOffMagicWordManager: Abracadabra!
:02-09-2020 04:13:46 TTOffMagicWordManager: Presto!
:02-09-2020 04:13:54 TTOffMagicWordManager: Presto!
:02-09-2020 04:14:04 TTOffMagicWordManager: Alakazam!
:02-09-2020 04:14:12 TTOffMagicWordManager: Ta-da!
:02-09-2020 04:14:21 TTOffMagicWordManager: Ta-da!
:02-09-2020 04:14:36 TTOffMagicWordManager: Abracadabra!
:02-09-2020 04:14:55 TTOffMagicWordManager: Voila!
:02-09-2020 04:15:07 TTOffMagicWordManager: Presto!
:02-09-2020 04:15:15 TTOffMagicWordManager: Voila!
:02-09-2020 04:15:20 TTOffMagicWordManager: Alakazam!
:02-09-2020 04:15:26 TTOffMagicWordManager: Ta-da!
:02-09-2020 04:15:39 TTOffMagicWordManager: Abracadabra!
:02-09-2020 04:15:44 TTOffMagicWordManager: Voila!
:02-09-2020 04:15:53 TTOffMagicWordManager: Ta-da!
:02-09-2020 04:16:02 TTOffMagicWordManager: Ta-da!
:02-09-2020 04:16:18 TTOffMagicWordManager: Voila!
:02-09-2020 04:16:31 TTOffMagicWordManager: Alakazam!
:02-09-2020 04:16:32 TimeManager: Clock sync: timer
:02-09-2020 04:16:32 TimeManager: Clock sync roundtrip took 36.738 ms
:02-09-2020 04:16:32 TimeManager: AI time delta is -0:00 from server delta
:02-09-2020 04:16:32 ClockDelta: previous delta at -1.486 s, +/- 0.538 s.
:02-09-2020 04:16:32 ClockDelta: new delta at -1.502 s, +/- 0.018 s.
:02-09-2020 04:16:32 ClockDelta: intersection at -1.502 s, +/- 0.018 s.
:02-09-2020 04:16:32 TimeManager: Local clock uncertainty +/- 0.018 s
frame rate: 223.1 fps|0.001d|12 avs||5417|5418||0x0000|0x0000|4411.6MB|6946.1MB|16235.6MB|3093|nt.2.6.2|3.701,3.701|6,12 cpus|OpenGL
:02-09-2020 04:16:40 TTOffMagicWordManager: Abracadabra!
:02-09-2020 04:16:47 TTOffMagicWordManager: Ta-da!
:02-09-2020 04:16:56 TTOffMagicWordManager: Abracadabra!
:02-09-2020 04:17:06 TTOffMagicWordManager: Voila!
:02-09-2020 04:17:12 TTOffMagicWordManager: Voila!
:02-09-2020 04:17:18 TTOffMagicWordManager: Presto!
:02-09-2020 04:17:25 TTOffMagicWordManager: Ta-da!
:02-09-2020 04:17:31 TTOffMagicWordManager: Voila!
:02-09-2020 04:17:44 TTOffMagicWordManager: Abracadabra!
:02-09-2020 04:18:00 TTOffMagicWordManager: Ta-da!
:02-09-2020 04:18:15 TTOffMagicWordManager: Abracadabra!
:02-09-2020 04:18:25 TTOffMagicWordManager: Presto!
:02-09-2020 04:18:33 TTOffMagicWordManager: Ta-da!
:02-09-2020 04:18:42 TTOffMagicWordManager: Abracadabra!
:02-09-2020 04:19:00 TTOffMagicWordManager: Presto!
:02-09-2020 04:19:06 TTOffMagicWordManager: Alakazam!
:02-09-2020 04:19:11 TTOffMagicWordManager: Abracadabra!
:02-09-2020 04:19:17 TTOffMagicWordManager: Alakazam!
:02-09-2020 04:19:24 TTOffMagicWordManager: Alakazam!
:02-09-2020 04:19:34 TTOffMagicWordManager: Voila!
:02-09-2020 04:19:43 TTOffMagicWordManager: Abracadabra!
:02-09-2020 04:19:50 TTOffMagicWordManager: Alakazam!
:02-09-2020 04:19:59 TTOffMagicWordManager: Abracadabra!
:02-09-2020 04:20:06 TTOffMagicWordManager: Ta-da!
:02-09-2020 04:20:11 TTOffMagicWordManager: Ta-da!
:02-09-2020 04:20:22 TTOffMagicWordManager: Alakazam!
:02-09-2020 04:20:35 TTOffMagicWordManager: Alakazam!
:02-09-2020 04:21:04 TTOffMagicWordManager: Abracadabra!
:02-09-2020 04:21:15 TTOffMagicWordManager: Voila!
:02-09-2020 04:21:20 :linmath(warning): Tried to invert singular LMatrix3.
:02-09-2020 04:21:25 TTOffMagicWordManager: Abracadabra!
:02-09-2020 04:21:31 TTOffMagicWordManager: Ta-da!
frame rate: 222.9 fps|0.001d|12 avs||5717|5718||0x0000|0x0000|4729.3MB|7301.6MB|16235.6MB|3205|nt.2.6.2|3.701,3.701|6,12 cpus|OpenGL
:02-09-2020 04:21:50 TTOffMagicWordManager: Voila!
:02-09-2020 04:22:08 TTOffMagicWordManager: Abracadabra!
:02-09-2020 04:22:16 TTOffMagicWordManager: Voila!
:02-09-2020 04:22:25 TTOffMagicWordManager: Alakazam!
:02-09-2020 04:22:34 TTOffMagicWordManager: Presto!
:02-09-2020 04:22:41 TTOffMagicWordManager: Abracadabra!
:02-09-2020 04:22:50 TTOffMagicWordManager: Alakazam!
:02-09-2020 04:22:59 TTOffMagicWordManager: Voila!
:02-09-2020 04:23:07 TTOffMagicWordManager: Presto!
:02-09-2020 04:23:16 TTOffMagicWordManager: Voila!
:02-09-2020 04:23:24 TTOffMagicWordManager: Presto!
:02-09-2020 04:23:34 TTOffMagicWordManager: Voila!
:02-09-2020 04:23:44 TTOffMagicWordManager: Alakazam!
:02-09-2020 04:23:53 TTOffMagicWordManager: Alakazam!
:02-09-2020 04:23:58 TTOffMagicWordManager: Ta-da!
:02-09-2020 04:24:06 TTOffMagicWordManager: Abracadabra!
:02-09-2020 04:24:20 TTOffMagicWordManager: Ta-da!
:02-09-2020 04:24:29 TTOffMagicWordManager: Alakazam!
:02-09-2020 04:25:00 TTOffMagicWordManager: Presto!
:02-09-2020 04:25:12 TTOffMagicWordManager: Voila!
:02-09-2020 04:25:35 TTOffMagicWordManager: Alakazam!
:02-09-2020 04:25:46 TTOffMagicWordManager: Presto!
:02-09-2020 04:25:55 TTOffMagicWordManager: Alakazam!
:02-09-2020 04:26:04 TTOffMagicWordManager: Alakazam!
:02-09-2020 04:26:14 TTOffMagicWordManager: Abracadabra!
:02-09-2020 04:26:23 TTOffMagicWordManager: Alakazam!
frame rate: 229.6 fps|0.001d|12 avs||6017|6018||0x0000|0x0000|4873.1MB|7653.0MB|16235.6MB|3316|nt.2.6.2|3.701,3.701|6,12 cpus|OpenGL
:02-09-2020 04:26:38 TTOffMagicWordManager: Alakazam!
:02-09-2020 04:26:42 TTOffMagicWordManager: Alakazam!
:02-09-2020 04:26:54 TTOffMagicWordManager: Voila!
:02-09-2020 04:26:59 TTOffMagicWordManager: Alakazam!
:02-09-2020 04:27:10 TTOffMagicWordManager: Voila!
:02-09-2020 04:27:13 TTOffMagicWordManager: Presto!
:02-09-2020 04:27:24 TTOffMagicWordManager: Alakazam!
:02-09-2020 04:27:33 TTOffMagicWordManager: Presto!
:02-09-2020 04:27:46 TTOffMagicWordManager: Presto!
:02-09-2020 04:27:55 TTOffMagicWordManager: Ta-da!
:02-09-2020 04:28:05 TTOffMagicWordManager: Abracadabra!
:02-09-2020 04:28:15 TTOffMagicWordManager: Alakazam!
:02-09-2020 04:28:24 TTOffMagicWordManager: Abracadabra!
:02-09-2020 04:28:30 TTOffMagicWordManager: Alakazam!
:02-09-2020 04:28:41 TTOffMagicWordManager: Ta-da!
:02-09-2020 04:28:50 TTOffMagicWordManager: Alakazam!
:02-09-2020 04:29:00 TTOffMagicWordManager: Alakazam!
:02-09-2020 04:29:10 TTOffMagicWordManager: Abracadabra!
:02-09-2020 04:29:15 TTOffMagicWordManager: Ta-da!
:02-09-2020 04:29:25 TTOffMagicWordManager: Presto!
:02-09-2020 04:29:35 TTOffMagicWordManager: Ta-da!
:02-09-2020 04:29:45 TTOffMagicWordManager: Presto!
:02-09-2020 04:29:54 TTOffMagicWordManager: Presto!
:02-09-2020 04:30:03 TTOffMagicWordManager: Voila!
:02-09-2020 04:30:20 TTOffMagicWordManager: Presto!
:02-09-2020 04:30:29 TTOffMagicWordManager: Presto!
:02-09-2020 04:30:39 TTOffMagicWordManager: Alakazam!
:02-09-2020 04:30:48 TTOffMagicWordManager: Alakazam!
:02-09-2020 04:31:03 ToonBase: User closed main window.
:02-09-2020 04:31:03 TimeManager: Client disconnect reason 2.
:02-09-2020 04:31:03 LawbotHQBossBattle: Unloading Place (61000). Fsm in final
:02-09-2020 04:31:03 OTPClientRepository(warning): unclean exit, abandoning shard
ignoring InputState-forward
:02-09-2020 04:31:03 OTPClientRepository: sending clientLogout
:02-09-2020 04:31:04 LocalAvatar(warning): redundant call to stopUpdateSmartCamera
:02-09-2020 04:31:04 OTPClientRepository: Sent disconnect message to server
:02-09-2020 04:31:04 OTPClientRepository: Closing connection to server.
:02-09-2020 04:31:04 OTPClientRepository: Exiting cleanly
:02-09-2020 04:31:04 ToonBase: Exiting Toontown: errorCode = None
:02-09-2020 04:31:04 TTOffLauncher: setting panda error code to 0
:02-09-2020 04:31:04 TTOffLauncher: Normal exit.
