

Starting Toontown Online...
Current time: Fri Mar 27 19:18:34 2020 Eastern Standard Time
sys.path =  ['', 'C:\\Panda3D-1.11.0-x64\\python\\python27.zip', 'C:\\Panda3D-1.11.0-x64', 'C:\\Panda3D-1.11.0-x64\\python\\DLLs', 'C:\\Panda3D-1.11.0-x64\\python\\lib', 'C:\\Panda3D-1.11.0-x64\\python\\lib\\plat-win', 'C:\\Panda3D-1.11.0-x64\\python\\lib\\lib-tk', 'C:\\Panda3D-1.11.0-x64\\python', 'C:\\Panda3D-1.11.0-x64\\bin', 'C:\\Panda3D-1.11.0-x64\\python\\lib\\site-packages']
sys.argv =  ['D:\\hollybae\\Aly\\Toontown-School-House\\toontown\\launcher\\TTOffQuickStartLauncher.py']
generating standard configrc
os.environ =  {'TMP': 'C:\\Users\\holla\\AppData\\Local\\Temp', 'COMPUTERNAME': 'HOLLYBAES-PC', 'USERDOMAIN': 'HOLLYBAES-PC', 'INTEL_DEV_REDIST': 'C:\\Program Files (x86)\\Common Files\\Intel\\Shared Libraries\\', 'PSMODULEPATH': 'C:\\Program Files\\WindowsPowerShell\\Modules;C:\\WINDOWS\\system32\\WindowsPowerShell\\v1.0\\Modules', 'COMMONPROGRAMFILES': 'C:\\Program Files\\Common Files', 'PROCESSOR_IDENTIFIER': 'Intel64 Family 6 Model 158 Stepping 10, GenuineIntel', 'VBOX_MSI_INSTALL_PATH': 'C:\\Program Files\\Oracle\\VirtualBox\\', 'PROGRAMFILES': 'C:\\Program Files', 'PROCESSOR_REVISION': '9e0a', 'PATH': 'C:\\Panda3D-1.11.0-x64\\panda3d\\..\\bin;C:\\Program Files (x86)\\Razer\\ChromaBroadcast\\bin;C:\\Program Files\\Razer\\ChromaBroadcast\\bin;C:\\Program Files (x86)\\Common Files\\Intel\\Shared Libraries\\redist\\intel64_win\\compiler;C:\\Program Files (x86)\\Common Files\\Oracle\\Java\\javapath;C:\\Program Files (x86)\\Common Files\\Intel\\Shared Libraries\\redist\\intel64\\compiler;C:\\WINDOWS\\system32;C:\\WINDOWS;C:\\WINDOWS\\System32\\Wbem;C:\\WINDOWS\\System32\\WindowsPowerShell\\v1.0\\;C:\\WINDOWS\\System32\\OpenSSH\\;C:\\Program Files\\NVIDIA Corporation\\NVIDIA NGX;C:\\Program Files (x86)\\NVIDIA Corporation\\PhysX\\Common;C:\\Program Files\\NVIDIA Corporation\\NVIDIA NvDLISR;C:\\WINDOWS\\system32;C:\\WINDOWS;C:\\WINDOWS\\System32\\Wbem;C:\\WINDOWS\\System32\\WindowsPowerShell\\v1.0\\;C:\\WINDOWS\\System32\\OpenSSH\\;D:\\hollybae\\ffmpeg-4.1.3-win64-static\\ffmpeg-4.1.3-win64-static\\bin;C:\\Program Files\\dotnet\\;C:\\WINDOWS\\system32\\config\\systemprofile\\AppData\\Local\\Microsoft\\WindowsApps;C:\\Program Files (x86)\\QuickTime\\QTSystem\\;C:\\Users\\holla\\AppData\\Local\\Microsoft\\WindowsApps;C:\\Panda3D-1.10.4.1-x64\\python;C:\\Panda3D-1.10.4.1-x64\\python\\Scripts;C:\\Panda3D-1.10.4.1-x64\\bin;C:\\Panda3D-1.11.0-x64\\python;C:\\Panda3D-1.11.0-x64\\python\\Scripts;C:\\Panda3D-1.11.0-x64\\bin', 'SYSTEMROOT': 'C:\\WINDOWS', 'MIC_LD_LIBRARY_PATH': 'C:\\Program Files (x86)\\Common Files\\Intel\\Shared Libraries\\compiler\\lib\\intel64_win_mic', 'COMSPEC': 'C:\\WINDOWS\\system32\\cmd.exe', 'DRIVERDATA': 'C:\\Windows\\System32\\Drivers\\DriverData', 'PPYTHON_PATH': '"C:\\Panda3D-1.11.0-x64\\python\\ppython.exe"', 'TEMP': 'C:\\Users\\holla\\AppData\\Local\\Temp', 'COMMONPROGRAMFILES(X86)': 'C:\\Program Files (x86)\\Common Files', 'PROCESSOR_ARCHITECTURE': 'AMD64', 'PROGRAMFILES(X86)': 'C:\\Program Files (x86)', 'ALLUSERSPROFILE': 'C:\\ProgramData', 'LOCALAPPDATA': 'C:\\Users\\holla\\AppData\\Local', 'FPS_BROWSER_USER_PROFILE_STRING': 'Default', 'HOMEPATH': '\\Users\\holla', 'USERDOMAIN_ROAMINGPROFILE': 'HOLLYBAES-PC', 'PROGRAMW6432': 'C:\\Program Files', 'USERNAME': 'holla', 'LOGONSERVER': '\\\\HOLLYBAES-PC', 'PROMPT': '$P$G', 'SESSIONNAME': 'Console', 'PROGRAMDATA': 'C:\\ProgramData', 'ONEDRIVE': 'C:\\Users\\holla\\OneDrive - University of Guelph', 'FPS_BROWSER_APP_PROFILE_STRING': 'Internet Explorer', 'PATHEXT': '.COM;.EXE;.BAT;.CMD;.VBS;.VBE;.JS;.JSE;.WSF;.WSH;.MSC', 'TTOFF_LOGIN_TOKEN': 'dev', 'ONEDRIVECOMMERCIAL': 'C:\\Users\\holla\\OneDrive - University of Guelph', 'WINDIR': 'C:\\WINDOWS', 'APPDATA': 'C:\\Users\\holla\\AppData\\Roaming', 'HOMEDRIVE': 'C:', 'SYSTEMDRIVE': 'C:', 'NUMBER_OF_PROCESSORS': '12', 'PROCESSOR_LEVEL': '6', 'RG_GPU_FRAMEWORK_ENGINE_RESOURCEDIR': 'C:\\Program Files\\Red Giant\\RGFX', 'COMMONPROGRAMW6432': 'C:\\Program Files\\Common Files', 'OS': 'Windows_NT', 'PUBLIC': 'C:\\Users\\Public', 'USERPROFILE': 'C:\\Users\\holla'}
:03-27-2020 19:18:34 TTOffLauncher: isTestServer: 0
:03-27-2020 19:18:34 TTOffLauncher: Game Server 127.0.0.1
:03-27-2020 19:18:34 TTOffLauncher: Starting Toontown Online... 
:03-27-2020 19:18:34 TTOffLauncher: foreground: Launcher now operating in foreground
useTTOffSpecificLogin=True
:03-27-2020 19:18:34 TTOffLauncher: maybeStartGame: starting game
:03-27-2020 19:18:34 TTOffLauncher: Starting Toontown Online...
:03-27-2020 19:18:34 TTOffLauncher: background: Launcher now operating in background
ToontownStart: Polling for game2 to finish...
ToontownStart: Game2 is finished.
ToontownStart: Starting the game.
ToontownStart: setting default font
:03-27-2020 19:18:34 TTOffLauncher: setting panda error code to 7
Known pipe types:
  wglGraphicsPipe
(all display modules loaded.)
:03-27-2020 19:18:35 ToonBase: Default graphics pipe is wglGraphicsPipe (OpenGL).
:03-27-2020 19:18:35 ToonBase: Successfully opened window of type wglGraphicsWindow (OpenGL)
:03-27-2020 19:18:35 ShowBase: __dev__ == False
:03-27-2020 19:18:35 TTOffLauncher: setting panda error code to 11
:03-27-2020 19:18:35 TTOffLauncher: setting panda error code to 0
ToontownStart: Loading default gui sounds
ToontownStart: serverVersion:  tto-dev
:03-27-2020 19:18:35 Loader: starting bulk load of block 'init'
:03-27-2020 19:18:39 :nativenet(error): Buffered_DatagramConnection Constructor rbufsize = 4096000 wbufsize = 4096000 write_flush_point = 1400
:03-27-2020 19:18:39 OTPClientRepository: Using connect method 'http'
:03-27-2020 19:18:41 TTOffLauncher: getRegistry ('DEPLOYMENT', None)
:03-27-2020 19:18:41 TTOffLauncher: checking env
:03-27-2020 19:18:41 TTOffLauncher: getRegistry ('GAME_DEPLOYMENT', None)
:03-27-2020 19:18:41 TTOffLauncher: checking env
:03-27-2020 19:18:41 OTPClientRepository: reg_deployment=
:03-27-2020 19:18:41 OTPClientRepository: required-login auto.
:03-27-2020 19:18:41 OTPClientRepository: loginInterface: LoginTTOffAccount
:03-27-2020 19:18:41 TTOffLauncher: getNeedPwForSecretKey using ttoff-specific-login
:03-27-2020 19:18:41 Loader: At end of block 'init', expected 138, loaded 10, duration=5.9453532
:03-27-2020 19:18:41 OTPClientRepository: Connecting to gameserver directly (no proxy).
:03-27-2020 19:18:41 OTPClientRepository: Connecting to //127.0.0.1:7198 via HTTP interface.
:03-27-2020 19:18:41 TTOffLauncher: Stopping mini task manager.
:03-27-2020 19:18:41 OTPClientRepository: Successfully connected to //127.0.0.1:7198.
:03-27-2020 19:18:41 TTOffLauncher: Setting Disconnect Details normal
{401000001: <toontown.distributed.ToontownDistrict.ToontownDistrict instance at 0x000000001D05C7C8>}
:03-27-2020 19:18:42 StateData: AvatarChooser.enter
:03-27-2020 19:18:42 DisplayOptions: settingsFullScreen = False, embedded = False width=800 height=600
:03-27-2020 19:18:42 StateData: calling self.displayOptions.restrictToEmbedded(False)
:03-27-2020 19:18:51 OTPClientRepository: ================
:03-27-2020 19:18:51 OTPClientRepository: Chose avatar id: 100000014
:03-27-2020 19:18:51 OTPClientRepository: Chose avatar name: Holly
:03-27-2020 19:18:51 OTPClientRepository: Chose avatar dna: ('css', 'ms', 'm', 'm', 16, 0, 16, 16, 113, 27, 99, 27, 7, 21)
:03-27-2020 19:18:51 OTPClientRepository: Chose avatar position: 5
:03-27-2020 19:18:51 OTPClientRepository: isPaid: 1
:03-27-2020 19:18:51 OTPClientRepository: freeTimeLeft: 0
:03-27-2020 19:18:51 OTPClientRepository: allowSecretChat: True
:03-27-2020 19:18:51 OTPClientRepository: ================
:03-27-2020 19:18:52 Loader: starting bulk load of block 'localAvatarPlayGame'
:03-27-2020 19:18:52 ToontownTimeManager(warning): error parsing date string=
local
:03-27-2020 19:18:53 NewsPageButtonManager(warning): Should not get here. NewsPageButtonManager.exitOff
:03-27-2020 19:18:53 :pnmimage:png(warning): iCCP: known incorrect sRGB profile
:03-27-2020 19:18:55 OTPClientRepository: Entering shard 401000001
:03-27-2020 19:18:55 StreetSign: Street sign url is https://ttoffline.com/images/
:03-27-2020 19:18:56 StreetSign: Street Sign is up to date
:03-27-2020 19:18:56 TimeManager: Clock sync: TimeManager.announceGenerate
:03-27-2020 19:18:56 InGameNewsMgr: latestIssue=2013-08-22 16:49:46.000003-07:00
cpu info: GenuineIntel|Intel(R) Core(TM) i7-8700K CPU @ 3.70GHz|591594|0|3.701,3.701|6,12 cpus
:03-27-2020 19:18:57 OTPClientRepository: No sync from TimeManager.
:03-27-2020 19:18:57 OTPClientRepository: gotTimeSync
:03-27-2020 19:18:57 Loader: At end of block 'localAvatarPlayGame', expected 400, loaded 15, duration=5.5594289
:03-27-2020 19:18:57 TimeManager: Clock sync roundtrip took 1125.236 ms
:03-27-2020 19:18:57 TimeManager: AI time delta is -0:01 from server delta
:03-27-2020 19:18:57 TimeManager: Local clock uncertainty +/- 0.563 s
:03-27-2020 19:18:57 PlayGame: QA-REGRESSION: NEIGHBORHOODS: Visit Lawbot HQ
:03-27-2020 19:18:57 Loader: starting bulk load of block 'hood'
:03-27-2020 19:18:58 LawbotCogHQLoader: loadPlaceGeom: 13000
:03-27-2020 19:18:59 DistributedObject: DistributedSuitPlanner 401002972: generating
:03-27-2020 19:18:59 DistributedToon: calling LocalAvatar.startchat
:03-27-2020 19:18:59 :loader(error): Couldn't load file phase_4/models/questmap/cog_hq_lawbot_maps.bam: not found on model path (currently: "/;/d/hollybae/Aly/Toontown-School-House/toontown/launcher;/c/Panda3D-1.11.0-x64/etc/..;/c/Panda3D-1.11.0-x64/etc/../models")
:03-27-2020 19:18:59 Loader: At end of block 'hood', expected 2, loaded 7, duration=1.5708172
:03-27-2020 19:19:00 Teleport(debug): teleportInDone: walk
:03-27-2020 19:19:00 :loader(error): Couldn't load file phase_4/models/questmap/cog_hq_lawbot_maps.bam: not found on model path (currently: "/;/d/hollybae/Aly/Toontown-School-House/toontown/launcher;/c/Panda3D-1.11.0-x64/etc/..;/c/Panda3D-1.11.0-x64/etc/../models")
:03-27-2020 19:19:15 TTOffMagicWordManager: Run mode has been toggled.
:03-27-2020 19:19:21 LawbotCogHQLoader: loadPlaceGeom: 13100
:03-27-2020 19:19:21 LawbotCogHQLoader: QA-REGRESSION: COGHQ: Visit LawbotLobby
:03-27-2020 19:19:21 LawbotHQExterior: Unloading Place (13000). Fsm in final
:03-27-2020 19:19:21 OTPClientRepository: Sending heartbeat mid-frame.
:03-27-2020 19:19:21 DistributedObject: DistributedSuitPlanner 401002972: disabling
:03-27-2020 19:19:21 DistributedToon: calling LocalAvatar.startchat
:03-27-2020 19:19:21 :loader(error): Couldn't load file phase_4/models/questmap/cog_hq_lawbot_maps.bam: not found on model path (currently: "/;/d/hollybae/Aly/Toontown-School-House/toontown/launcher;/c/Panda3D-1.11.0-x64/etc/..;/c/Panda3D-1.11.0-x64/etc/../models")
:03-27-2020 19:19:23 :loader(error): Couldn't load file phase_4/models/questmap/cog_hq_lawbot_maps.bam: not found on model path (currently: "/;/d/hollybae/Aly/Toontown-School-House/toontown/launcher;/c/Panda3D-1.11.0-x64/etc/..;/c/Panda3D-1.11.0-x64/etc/../models")
:03-27-2020 19:19:28 TTOffMagicWordManager: Run mode has been toggled.
:03-27-2020 19:19:31 TTOffMagicWordManager: Gave Holly an infinite amount of pies
:03-27-2020 19:19:32 TTOffMagicWordManager: Ta-da!
:03-27-2020 19:19:36 LawbotCogHQLoader: loadPlaceGeom: 61000
:03-27-2020 19:19:36 LawbotCogHQLoader(warning): loadPlaceGeom: unclassified zone 61000
:03-27-2020 19:19:36 CogHQLobby: Unloading Place (13100). Fsm in final
:03-27-2020 19:19:36 DistributedLawbotBoss(warning): Not a collision node: LawbotCourtroom3.egg/-PandaNode/CR3/interior/CR3_Floor
:03-27-2020 19:19:36 DistributedToon: calling LocalAvatar.startchat
:03-27-2020 19:19:36 LawbotHQBossBattle(warning): fsm.request('movie') returned 0 (zone id 61000, avatar pos LPoint3f(-0.363562, -126.204, 0.193903)).
:03-27-2020 19:19:51 LawbotHQBossBattle(warning): fsm.request('movie') returned 0 (zone id 61000, avatar pos LPoint3f(-0.363562, -126.204, 0.193903)).
:03-27-2020 19:20:12 Actor(warning): called actor.removeNode() on actor without calling cleanup()
:03-27-2020 19:20:12 Actor(warning): called actor.removeNode() on actor without calling cleanup()
:03-27-2020 19:20:12 Actor(warning): called actor.removeNode() on actor without calling cleanup()
:03-27-2020 19:20:12 Actor(warning): called actor.removeNode() on actor without calling cleanup()
:03-27-2020 19:20:12 Actor(warning): called actor.removeNode() on actor without calling cleanup()
:03-27-2020 19:20:12 Actor(warning): called actor.removeNode() on actor without calling cleanup()
:03-27-2020 19:20:12 Actor(warning): called actor.removeNode() on actor without calling cleanup()
:03-27-2020 19:20:12 Actor(warning): called actor.removeNode() on actor without calling cleanup()
:03-27-2020 19:20:12 Actor(warning): called actor.removeNode() on actor without calling cleanup()
:03-27-2020 19:20:12 Actor(warning): called actor.removeNode() on actor without calling cleanup()
:03-27-2020 19:20:12 Actor(warning): called actor.removeNode() on actor without calling cleanup()
:03-27-2020 19:20:12 Actor(warning): called actor.removeNode() on actor without calling cleanup()
:03-27-2020 19:20:12 TTOffMagicWordManager: Restarting Scale Round
:03-27-2020 19:20:20 LawbotHQBossBattle(warning): fsm.request('finalBattle') returned 0 (zone id 61000, avatar pos LPoint3f(0.358723, 16.2883, 0)).
:03-27-2020 19:20:20 TTOffMagicWordManager: Restarting Scale Round
:03-27-2020 19:20:30 LawbotHQBossBattle(warning): fsm.request('finalBattle') returned 0 (zone id 61000, avatar pos LPoint3f(-64.6362, 10.782, -0.000310316)).
:03-27-2020 19:20:30 TTOffMagicWordManager: Restarting Scale Round
:03-27-2020 19:20:39 LawbotHQBossBattle(warning): fsm.request('finalBattle') returned 0 (zone id 61000, avatar pos LPoint3f(-44.3356, 18.7686, 0)).
:03-27-2020 19:20:39 TTOffMagicWordManager: Restarting Scale Round
:03-27-2020 19:23:36 GarbageCollect(warning): garbage found, reverting gc threshold
frame rate: 230.9 fps|0.002d|12 avs||319|320||0x0000|0x0000|1043.7MB|1137.7MB|16235.6MB|592|nt.2.6.2|3.701,3.701|6,12 cpus|OpenGL
adding timeout task
adding timeout task
frame rate: 267.7 fps|0.000d|12 avs||619|620||0x0000|0x0000|1300.8MB|1395.3MB|16235.6MB|687|nt.2.6.2|3.701,3.701|6,12 cpus|OpenGL
:03-27-2020 19:30:46 :linmath(warning): Tried to invert singular LMatrix3.
frame rate: 234.9 fps|0.001d|12 avs||919|920||0x0000|0x0000|1590.8MB|1685.9MB|16235.6MB|790|nt.2.6.2|3.701,3.701|6,12 cpus|OpenGL
frame rate: 273.5 fps|0.000d|12 avs||1219|1220||0x0000|0x0000|1908.3MB|2003.7MB|16235.6MB|929|nt.2.6.2|3.701,3.701|6,12 cpus|OpenGL
adding timeout task
adding timeout task
frame rate: 286.6 fps|0.001d|12 avs||1519|1520||0x0000|0x0000|2244.9MB|2341.2MB|16235.6MB|1058|nt.2.6.2|3.701,3.701|6,12 cpus|OpenGL
:03-27-2020 19:48:55 TimeManager: Clock sync: timer
frame rate: 242.5 fps|0.001d|12 avs||1819|1820||0x0000|0x0000|2621.1MB|2718.1MB|16235.6MB|1183|nt.2.6.2|3.701,3.701|6,12 cpus|OpenGL
:03-27-2020 19:48:55 TimeManager: Clock sync roundtrip took 37.042 ms
:03-27-2020 19:48:55 TimeManager: AI time delta is -0:00 from server delta
:03-27-2020 19:48:55 ClockDelta: previous delta at -0.431 s, +/- 1.062 s.
:03-27-2020 19:48:55 ClockDelta: new delta at -0.967 s, +/- 0.019 s.
:03-27-2020 19:48:55 ClockDelta: intersection at -0.967 s, +/- 0.019 s.
:03-27-2020 19:48:55 TimeManager: Local clock uncertainty +/- 0.019 s
frame rate: 260.9 fps|0.001d|12 avs||2119|2120||0x0000|0x0000|2838.8MB|3068.4MB|16235.6MB|1302|nt.2.6.2|3.701,3.701|6,12 cpus|OpenGL
adding timeout task
adding timeout task
frame rate: 250.7 fps|0.001d|12 avs||2419|2420||0x0000|0x0000|2635.4MB|3426.7MB|16235.6MB|1423|nt.2.6.2|3.701,3.701|6,12 cpus|OpenGL
frame rate: 212.1 fps|0.001d|12 avs||2719|2720||0x0000|0x0000|2409.3MB|3802.6MB|16235.6MB|1548|nt.2.6.2|3.701,3.701|6,12 cpus|OpenGL
:03-27-2020 20:04:34 TTOffMagicWordManager: This Magic Word doesn't exist! Did you mean stunvp?
adding timeout task
adding timeout task
frame rate: 262.0 fps|0.001d|12 avs||3019|3020||0x0000|0x0000|2379.3MB|4148.5MB|16235.6MB|1695|nt.2.6.2|3.701,3.701|6,12 cpus|OpenGL
frame rate: 269.1 fps|0.001d|12 avs||3319|3320||0x0000|0x0000|2284.7MB|4454.2MB|16235.6MB|1819|nt.2.6.2|3.701,3.701|6,12 cpus|OpenGL
:03-27-2020 20:16:58 ToonBase: User closed main window.
:03-27-2020 20:16:58 TimeManager: Client disconnect reason 2.
adding timeout task
:03-27-2020 20:16:58 LawbotHQBossBattle: Unloading Place (61000). Fsm in final
:03-27-2020 20:16:59 OTPClientRepository(warning): unclean exit, abandoning shard
ignoring InputState-forward
:03-27-2020 20:16:59 OTPClientRepository: sending clientLogout
:03-27-2020 20:16:59 LocalAvatar(warning): redundant call to stopUpdateSmartCamera
:03-27-2020 20:16:59 OTPClientRepository: Sent disconnect message to server
:03-27-2020 20:16:59 OTPClientRepository: Closing connection to server.
:03-27-2020 20:16:59 OTPClientRepository: Exiting cleanly
:03-27-2020 20:16:59 ToonBase: Exiting Toontown: errorCode = None
:03-27-2020 20:16:59 TTOffLauncher: setting panda error code to 0
:03-27-2020 20:16:59 TTOffLauncher: Normal exit.
