

Starting Toontown Online...
Current time: Thu Dec 17 10:48:24 2020 Eastern Standard Time
sys.path =  ['', 'C:\\Panda3D-1.11.0-x64\\python\\python27.zip', 'C:\\Panda3D-1.11.0-x64', 'C:\\Panda3D-1.11.0-x64\\python\\DLLs', 'C:\\Panda3D-1.11.0-x64\\python\\lib', 'C:\\Panda3D-1.11.0-x64\\python\\lib\\plat-win', 'C:\\Panda3D-1.11.0-x64\\python\\lib\\lib-tk', 'C:\\Panda3D-1.11.0-x64\\python', 'C:\\Panda3D-1.11.0-x64\\bin', 'C:\\Panda3D-1.11.0-x64\\python\\lib\\site-packages']
sys.argv =  ['C:\\ToontownAnimationMaker\\Bumpys-ToontownOnline\\toontown\\launcher\\TTOffQuickStartLauncher.py']
generating standard configrc
os.environ =  {'TMP': 'C:\\Users\\Philip\\AppData\\Local\\Temp', 'COMPUTERNAME': 'PHILIP-JR', 'USERDOMAIN': 'PHILIP-JR', 'PSMODULEPATH': 'C:\\WINDOWS\\system32\\WindowsPowerShell\\v1.0\\Modules\\', 'COMMONPROGRAMFILES': 'C:\\Program Files\\Common Files', 'ADSK_3DSMAX_X64_2021': 'C:\\Program Files\\Autodesk\\3ds Max 2021\\', 'PROCESSOR_IDENTIFIER': 'Intel64 Family 6 Model 45 Stepping 7, GenuineIntel', 'PROGRAMFILES': 'C:\\Program Files', 'PROCESSOR_REVISION': '2d07', 'SYSTEMROOT': 'C:\\WINDOWS', 'PATH': 'C:\\Panda3D-1.11.0-x64\\panda3d\\..\\bin;C:\\Windows\\system32;C:\\Windows;C:\\Windows\\System32\\Wbem;C:\\Windows\\System32\\WindowsPowerShell\\v1.0\\;C:\\Program Files (x86)\\NVIDIA Corporation\\PhysX\\Common;C:\\Program Files\\Git\\cmd;C:\\WINDOWS\\system32;C:\\WINDOWS;C:\\WINDOWS\\System32\\Wbem;C:\\WINDOWS\\System32\\WindowsPowerShell\\v1.0\\;C:\\Program Files (x86)\\Windows Kits\\10\\Windows Performance Toolkit\\;C:\\Program Files\\dotnet\\;C:\\Program Files\\Common Files\\Autodesk Shared\\;C:\\Program Files\\Microsoft SQL Server\\120\\Tools\\Binn\\;C:\\Panda3D-1.10.02\\python;C:\\Panda3D-1.10.02\\python\\Scripts;C:\\Panda3D-1.10.02\\bin;C:\\Panda3D-1.11.0-x64-py2\\python;C:\\Panda3D-1.11.0-x64-py2\\python\\Scripts;C:\\Panda3D-1.11.0-x64-py2\\bin;C:\\Users\\Philip\\AppData\\Local\\GitHubDesktop\\bin;C:\\Panda3D-1.9.0\\python;C:\\Panda3D-1.9.0\\python\\Scripts;C:\\Panda3D-1.9.0\\bin;C:\\Panda3D-1.10.0-x64\\python;C:\\Panda3D-1.10.0-x64\\python\\Scripts;C:\\Panda3D-1.10.0-x64\\bin;C:\\Users\\Philip\\AppData\\Local\\atom\\bin;C:\\Panda3D-1.10.0\\python;C:\\Panda3D-1.10.0\\python\\Scripts;C:\\Panda3D-1.10.0\\bin;C:\\Panda3D-1.11.0-x64\\python;C:\\Panda3D-1.11.0-x64\\python\\Scripts;C:\\Panda3D-1.11.0-x64\\bin', 'PROGRAMFILES(X86)': 'C:\\Program Files (x86)', 'COMSPEC': 'C:\\WINDOWS\\system32\\cmd.exe', 'KMP_BLOCKTIME': '0', 'PPYTHON_PATH': '"C:\\Panda3D-1.11.0-x64\\python\\ppython.exe"', 'TEMP': 'C:\\Users\\Philip\\AppData\\Local\\Temp', 'COMMONPROGRAMFILES(X86)': 'C:\\Program Files (x86)\\Common Files', 'PROCESSOR_ARCHITECTURE': 'AMD64', 'ALLUSERSPROFILE': 'C:\\ProgramData', 'LOCALAPPDATA': 'C:\\Users\\Philip\\AppData\\Local', 'HOMEPATH': '\\Users\\Philip', 'USERDOMAIN_ROAMINGPROFILE': 'PHILIP-JR', 'PROGRAMW6432': 'C:\\Program Files', 'USERNAME': 'Philip', 'LOGONSERVER': '\\\\MicrosoftAccount', 'PROMPT': '$P$G', 'SESSIONNAME': 'Console', 'PROGRAMDATA': 'C:\\ProgramData', 'PATHEXT': '.COM;.EXE;.BAT;.CMD;.VBS;.VBE;.JS;.JSE;.WSF;.WSH;.MSC', 'TTOFF_LOGIN_TOKEN': 'dev', 'FP_NO_HOST_CHECK': 'NO', 'WINDIR': 'C:\\WINDOWS', 'OMP_WAIT_POLICY': 'PASSIVE', 'APPDATA': 'C:\\Users\\Philip\\AppData\\Roaming', 'HOMEDRIVE': 'C:', 'SYSTEMDRIVE': 'C:', 'NUMBER_OF_PROCESSORS': '8', 'PROCESSOR_LEVEL': '6', 'CIOENGINE': 'C:\\cio-panda3d', 'COMMONPROGRAMW6432': 'C:\\Program Files\\Common Files', 'OS': 'Windows_NT', 'PUBLIC': 'C:\\Users\\Public', 'USERPROFILE': 'C:\\Users\\Philip'}
:12-17-2020 10:48:24 TTOffLauncher: isTestServer: 0
:12-17-2020 10:48:24 TTOffLauncher: Game Server 127.0.0.1
:12-17-2020 10:48:24 TTOffLauncher: Starting Toontown Online... 
:12-17-2020 10:48:24 TTOffLauncher: foreground: Launcher now operating in foreground
useTTOffSpecificLogin=True
:12-17-2020 10:48:24 TTOffLauncher: maybeStartGame: starting game
:12-17-2020 10:48:24 TTOffLauncher: Starting Toontown Online...
:12-17-2020 10:48:24 TTOffLauncher: background: Launcher now operating in background
ToontownStart: Polling for game2 to finish...
ToontownStart: Game2 is finished.
ToontownStart: Starting the game.
ToontownStart: setting default font
:12-17-2020 10:48:24 TTOffLauncher: setting panda error code to 7
Known pipe types:
  wglGraphicsPipe
(all display modules loaded.)
:12-17-2020 10:48:24 ToonBase: Default graphics pipe is wglGraphicsPipe (OpenGL).
:12-17-2020 10:48:25 ToonBase: Successfully opened window of type wglGraphicsWindow (OpenGL)
:12-17-2020 10:48:25 ShowBase: __dev__ == False
:12-17-2020 10:48:25 TTOffLauncher: setting panda error code to 11
:12-17-2020 10:48:25 TTOffLauncher: setting panda error code to 0
ToontownStart: Loading default gui sounds
ToontownStart: serverVersion:  tto-dev
:12-17-2020 10:48:25 Loader: starting bulk load of block 'init'
:12-17-2020 10:48:25 :nativenet(error): Buffered_DatagramConnection Constructor rbufsize = 4096000 wbufsize = 4096000 write_flush_point = 1400
:12-17-2020 10:48:25 OTPClientRepository: Using connect method 'http'
:12-17-2020 10:48:26 TTOffLauncher: getRegistry ('DEPLOYMENT', None)
:12-17-2020 10:48:26 TTOffLauncher: checking env
:12-17-2020 10:48:26 TTOffLauncher: getRegistry ('GAME_DEPLOYMENT', None)
:12-17-2020 10:48:26 TTOffLauncher: checking env
:12-17-2020 10:48:26 OTPClientRepository: reg_deployment=
:12-17-2020 10:48:26 OTPClientRepository: required-login auto.
:12-17-2020 10:48:26 OTPClientRepository: loginInterface: LoginTTOffAccount
:12-17-2020 10:48:26 TTOffLauncher: getNeedPwForSecretKey using ttoff-specific-login
:12-17-2020 10:48:26 Loader: At end of block 'init', expected 138, loaded 5, duration=1.13557194967
:12-17-2020 10:48:26 OTPClientRepository: Connecting to gameserver directly (no proxy).
:12-17-2020 10:48:26 OTPClientRepository: Connecting to //127.0.0.1:7198 via HTTP interface.
:12-17-2020 10:48:26 TTOffLauncher: Stopping mini task manager.
:12-17-2020 10:48:26 OTPClientRepository: Successfully connected to //127.0.0.1:7198.
:12-17-2020 10:48:26 TTOffLauncher: Setting Disconnect Details normal
{401000001: <toontown.distributed.ToontownDistrict.ToontownDistrict instance at 0x00000000030C3908>}
:12-17-2020 10:48:27 StateData: AvatarChooser.enter
:12-17-2020 10:48:27 DisplayOptions: settingsFullScreen = False, embedded = False width=800 height=600
:12-17-2020 10:48:27 StateData: calling self.displayOptions.restrictToEmbedded(False)
:12-17-2020 10:48:28 OTPClientRepository: ================
:12-17-2020 10:48:28 OTPClientRepository: Chose avatar id: 100000006
:12-17-2020 10:48:28 OTPClientRepository: Chose avatar name: Relentless
:12-17-2020 10:48:28 OTPClientRepository: Chose avatar dna: ('css', 'ms', 'm', 'm', 26, 0, 26, 26, 86, 27, 75, 27, 50, 27)
:12-17-2020 10:48:28 OTPClientRepository: Chose avatar position: 4
:12-17-2020 10:48:28 OTPClientRepository: isPaid: 1
:12-17-2020 10:48:28 OTPClientRepository: freeTimeLeft: 0
:12-17-2020 10:48:28 OTPClientRepository: allowSecretChat: True
:12-17-2020 10:48:28 OTPClientRepository: ================
:12-17-2020 10:48:28 Loader: starting bulk load of block 'localAvatarPlayGame'
:12-17-2020 10:48:28 ToontownTimeManager(warning): error parsing date string=
local
:12-17-2020 10:48:29 NewsPageButtonManager(warning): Should not get here. NewsPageButtonManager.exitOff
:12-17-2020 10:48:29 :pnmimage:png(warning): iCCP: known incorrect sRGB profile
:12-17-2020 10:48:31 OTPClientRepository: Entering shard 401000001
:12-17-2020 10:48:31 StreetSign: Street sign url is https://ttoffline.com/images/
:12-17-2020 10:48:32 StreetSign: Street Sign is up to date
:12-17-2020 10:48:32 TimeManager: Clock sync: TimeManager.announceGenerate
:12-17-2020 10:48:32 InGameNewsMgr: latestIssue=2013-08-22 16:49:46.000003-07:00
cpu info: GenuineIntel|        Intel(R) Core(TM) i7-3820 CPU @ 3.60GHz|132823|0|3.601,3.601|4,8 cpus
:12-17-2020 10:48:33 OTPClientRepository: No sync from TimeManager.
:12-17-2020 10:48:33 OTPClientRepository: gotTimeSync
:12-17-2020 10:48:33 Loader: At end of block 'localAvatarPlayGame', expected 400, loaded 12, duration=4.89318140962
:12-17-2020 10:48:33 TimeManager: Clock sync roundtrip took 1112.959 ms
:12-17-2020 10:48:33 TimeManager: AI time delta is -0:01 from server delta
:12-17-2020 10:48:33 TimeManager: Local clock uncertainty +/- 0.557 s
:12-17-2020 10:48:33 PlayGame: QA-REGRESSION: NEIGHBORHOODS: Visit Toontown Central
:12-17-2020 10:48:33 Loader: starting bulk load of block 'hood'
:12-17-2020 10:48:34 DistributedObject(warning): no loader.getInteractiveProp self.interactiveProp is None
:12-17-2020 10:48:34 DistributedObject(warning): no loader.getInteractiveProp self.interactiveProp is None
:12-17-2020 10:48:34 DistributedObject(warning): no loader.getInteractiveProp self.interactiveProp is None
:12-17-2020 10:48:34 DistributedObject(warning): no loader.getInteractiveProp self.interactiveProp is None
:12-17-2020 10:48:34 DistributedObject(warning): no loader.getInteractiveProp self.interactiveProp is None
:12-17-2020 10:48:34 DistributedToon: calling LocalAvatar.startchat
:12-17-2020 10:48:34 Loader: At end of block 'hood', expected 8, loaded 6, duration=1.39025333767
:12-17-2020 10:48:36 Teleport(debug): teleportInDone: walk
:12-17-2020 10:50:13 TTOffMagicWordManager: Oobe mode has been toggled.
:12-17-2020 10:53:25 GarbageCollect(warning): garbage found, reverting gc threshold
frame rate: 147.8 fps|0.002d|4 avs||306|306||0x0000|0x0000|663.1MB|649.5MB|16302.1MB|486|nt.2.6.2|3.601,3.601|4,8 cpus|OpenGL
:12-17-2020 10:54:45 BulletinBoard(warning): changing oobeEnabled from True to False
:12-17-2020 10:54:45 BulletinBoard: update: posting oobeEnabled
:12-17-2020 10:54:45 TTOffMagicWordManager: Oobe mode has been toggled.
frame rate: 143.6 fps|0.001d|4 avs||606|606||0x0000|0x0000|710.3MB|696.7MB|16302.1MB|498|nt.2.6.2|3.601,3.601|4,8 cpus|OpenGL
:12-17-2020 11:02:27 ToonBase: User closed main window.
:12-17-2020 11:02:27 TimeManager: Client disconnect reason 2.
:12-17-2020 11:02:27 Playground: Unloading Place (2000). Fsm in final
:12-17-2020 11:02:27 OTPClientRepository(warning): unclean exit, abandoning shard
ignoring InputState-forward
:12-17-2020 11:02:27 OTPClientRepository: sending clientLogout
:12-17-2020 11:02:27 LocalAvatar(warning): redundant call to stopUpdateSmartCamera
:12-17-2020 11:02:27 OTPClientRepository: Sent disconnect message to server
:12-17-2020 11:02:27 OTPClientRepository: Closing connection to server.
:12-17-2020 11:02:27 OTPClientRepository: Exiting cleanly
:12-17-2020 11:02:27 ToonBase: Exiting Toontown: errorCode = None
:12-17-2020 11:02:27 TTOffLauncher: setting panda error code to 0
:12-17-2020 11:02:27 TTOffLauncher: Normal exit.
