

Starting Toontown Online...
Current time: Thu Dec  5 21:46:37 2019 Eastern Standard Time
sys.path =  ['', 'C:\\Panda3D-1.11.0-x64\\python\\python27.zip', 'C:\\Panda3D-1.11.0-x64', 'C:\\Panda3D-1.11.0-x64\\python\\DLLs', 'C:\\Panda3D-1.11.0-x64\\python\\lib', 'C:\\Panda3D-1.11.0-x64\\python\\lib\\plat-win', 'C:\\Panda3D-1.11.0-x64\\python\\lib\\lib-tk', 'C:\\Panda3D-1.11.0-x64\\python', 'C:\\Panda3D-1.11.0-x64\\bin', 'C:\\Panda3D-1.11.0-x64\\python\\lib\\site-packages']
sys.argv =  ['D:\\hollybae\\Aly\\Toontown-School-House\\toontown\\launcher\\TTOffQuickStartLauncher.py']
generating standard configrc
os.environ =  {'TMP': 'C:\\Users\\holla\\AppData\\Local\\Temp', 'COMPUTERNAME': 'HOLLYBAES-PC', 'USERDOMAIN': 'HOLLYBAES-PC', 'INTEL_DEV_REDIST': 'C:\\Program Files (x86)\\Common Files\\Intel\\Shared Libraries\\', 'PSMODULEPATH': 'C:\\Program Files\\WindowsPowerShell\\Modules;C:\\WINDOWS\\system32\\WindowsPowerShell\\v1.0\\Modules', 'COMMONPROGRAMFILES': 'C:\\Program Files\\Common Files', 'PROCESSOR_IDENTIFIER': 'Intel64 Family 6 Model 158 Stepping 10, GenuineIntel', 'VBOX_MSI_INSTALL_PATH': 'C:\\Program Files\\Oracle\\VirtualBox\\', 'PROGRAMFILES': 'C:\\Program Files', 'PROCESSOR_REVISION': '9e0a', 'PATH': 'C:\\Panda3D-1.11.0-x64\\panda3d\\..\\bin;C:\\Program Files (x86)\\Razer\\ChromaBroadcast\\bin;C:\\Program Files\\Razer\\ChromaBroadcast\\bin;C:\\Program Files (x86)\\Common Files\\Intel\\Shared Libraries\\redist\\intel64_win\\compiler;C:\\Program Files (x86)\\Common Files\\Oracle\\Java\\javapath;C:\\Program Files (x86)\\Common Files\\Intel\\Shared Libraries\\redist\\intel64\\compiler;C:\\WINDOWS\\system32;C:\\WINDOWS;C:\\WINDOWS\\System32\\Wbem;C:\\WINDOWS\\System32\\WindowsPowerShell\\v1.0\\;C:\\WINDOWS\\System32\\OpenSSH\\;C:\\Program Files\\NVIDIA Corporation\\NVIDIA NGX;C:\\Program Files (x86)\\NVIDIA Corporation\\PhysX\\Common;C:\\Program Files\\NVIDIA Corporation\\NVIDIA NvDLISR;C:\\WINDOWS\\system32;C:\\WINDOWS;C:\\WINDOWS\\System32\\Wbem;C:\\WINDOWS\\System32\\WindowsPowerShell\\v1.0\\;C:\\WINDOWS\\System32\\OpenSSH\\;D:\\hollybae\\ffmpeg-4.1.3-win64-static\\ffmpeg-4.1.3-win64-static\\bin;C:\\Program Files\\dotnet\\;C:\\WINDOWS\\system32\\config\\systemprofile\\AppData\\Local\\Microsoft\\WindowsApps;C:\\Users\\holla\\AppData\\Local\\Microsoft\\WindowsApps;C:\\Panda3D-1.10.4.1-x64\\python;C:\\Panda3D-1.10.4.1-x64\\python\\Scripts;C:\\Panda3D-1.10.4.1-x64\\bin;C:\\Panda3D-1.11.0-x64\\python;C:\\Panda3D-1.11.0-x64\\python\\Scripts;C:\\Panda3D-1.11.0-x64\\bin', 'SYSTEMROOT': 'C:\\WINDOWS', 'MIC_LD_LIBRARY_PATH': 'C:\\Program Files (x86)\\Common Files\\Intel\\Shared Libraries\\compiler\\lib\\intel64_win_mic', 'COMSPEC': 'C:\\WINDOWS\\system32\\cmd.exe', 'DRIVERDATA': 'C:\\Windows\\System32\\Drivers\\DriverData', 'PPYTHON_PATH': '"C:\\Panda3D-1.11.0-x64\\python\\ppython.exe"', 'TEMP': 'C:\\Users\\holla\\AppData\\Local\\Temp', 'COMMONPROGRAMFILES(X86)': 'C:\\Program Files (x86)\\Common Files', 'PROCESSOR_ARCHITECTURE': 'AMD64', 'PROGRAMFILES(X86)': 'C:\\Program Files (x86)', 'ALLUSERSPROFILE': 'C:\\ProgramData', 'LOCALAPPDATA': 'C:\\Users\\holla\\AppData\\Local', 'FPS_BROWSER_USER_PROFILE_STRING': 'Default', 'HOMEPATH': '\\Users\\holla', 'USERDOMAIN_ROAMINGPROFILE': 'HOLLYBAES-PC', 'PROGRAMW6432': 'C:\\Program Files', 'USERNAME': 'holla', 'LOGONSERVER': '\\\\HOLLYBAES-PC', 'PROMPT': '$P$G', 'SESSIONNAME': 'Console', 'PROGRAMDATA': 'C:\\ProgramData', 'ONEDRIVE': 'C:\\Users\\holla\\OneDrive', 'FPS_BROWSER_APP_PROFILE_STRING': 'Internet Explorer', 'PATHEXT': '.COM;.EXE;.BAT;.CMD;.VBS;.VBE;.JS;.JSE;.WSF;.WSH;.MSC', 'TTOFF_LOGIN_TOKEN': 'dev', 'WINDIR': 'C:\\WINDOWS', 'APPDATA': 'C:\\Users\\holla\\AppData\\Roaming', 'HOMEDRIVE': 'C:', 'SYSTEMDRIVE': 'C:', 'NUMBER_OF_PROCESSORS': '12', 'PROCESSOR_LEVEL': '6', 'COMMONPROGRAMW6432': 'C:\\Program Files\\Common Files', 'OS': 'Windows_NT', 'PUBLIC': 'C:\\Users\\Public', 'USERPROFILE': 'C:\\Users\\holla'}
:12-05-2019 21:46:37 TTOffLauncher: isTestServer: 0
:12-05-2019 21:46:37 TTOffLauncher: Game Server 127.0.0.1
:12-05-2019 21:46:37 TTOffLauncher: Starting Toontown Online... 
:12-05-2019 21:46:37 TTOffLauncher: foreground: Launcher now operating in foreground
useTTOffSpecificLogin=True
:12-05-2019 21:46:37 TTOffLauncher: maybeStartGame: starting game
:12-05-2019 21:46:37 TTOffLauncher: Starting Toontown Online...
:12-05-2019 21:46:37 TTOffLauncher: background: Launcher now operating in background
ToontownStart: Polling for game2 to finish...
ToontownStart: Game2 is finished.
ToontownStart: Starting the game.
ToontownStart: setting default font
:12-05-2019 21:46:37 TTOffLauncher: setting panda error code to 7
Known pipe types:
  wglGraphicsPipe
(all display modules loaded.)
:12-05-2019 21:46:37 ToonBase: Default graphics pipe is wglGraphicsPipe (OpenGL).
:12-05-2019 21:46:38 ToonBase: Successfully opened window of type wglGraphicsWindow (OpenGL)
:12-05-2019 21:46:38 ShowBase: __dev__ == False
:12-05-2019 21:46:38 TTOffLauncher: setting panda error code to 11
:12-05-2019 21:46:38 TTOffLauncher: setting panda error code to 0
ToontownStart: Loading default gui sounds
ToontownStart: serverVersion:  tto-dev
:12-05-2019 21:46:38 Loader: starting bulk load of block 'init'
:12-05-2019 21:46:42 :nativenet(error): Buffered_DatagramConnection Constructor rbufsize = 4096000 wbufsize = 4096000 write_flush_point = 1400
:12-05-2019 21:46:42 OTPClientRepository: Using connect method 'http'
:12-05-2019 21:46:45 TTOffLauncher: getRegistry ('DEPLOYMENT', None)
:12-05-2019 21:46:45 TTOffLauncher: checking env
:12-05-2019 21:46:45 TTOffLauncher: getRegistry ('GAME_DEPLOYMENT', None)
:12-05-2019 21:46:45 TTOffLauncher: checking env
:12-05-2019 21:46:45 OTPClientRepository: reg_deployment=
:12-05-2019 21:46:45 OTPClientRepository: required-login auto.
:12-05-2019 21:46:45 OTPClientRepository: loginInterface: LoginTTOffAccount
:12-05-2019 21:46:45 TTOffLauncher: getNeedPwForSecretKey using ttoff-specific-login
:12-05-2019 21:46:45 Loader: At end of block 'init', expected 138, loaded 9, duration=6.8664113
:12-05-2019 21:46:45 OTPClientRepository: Connecting to gameserver directly (no proxy).
:12-05-2019 21:46:45 OTPClientRepository: Connecting to //127.0.0.1:7198 via HTTP interface.
:12-05-2019 21:46:45 TTOffLauncher: Stopping mini task manager.
:12-05-2019 21:46:45 OTPClientRepository: Successfully connected to //127.0.0.1:7198.
:12-05-2019 21:46:45 TTOffLauncher: Setting Disconnect Details normal
{401000001: <toontown.distributed.ToontownDistrict.ToontownDistrict instance at 0x000000001D093708>}
{401000001: <toontown.distributed.ToontownDistrict.ToontownDistrict instance at 0x000000001D093708>}
:12-05-2019 21:46:56 StateData: AvatarChooser.enter
:12-05-2019 21:46:56 DisplayOptions: settingsFullScreen = False, embedded = False width=800 height=600
:12-05-2019 21:46:56 StateData: calling self.displayOptions.restrictToEmbedded(False)
:12-05-2019 21:47:00 OTPClientRepository: ================
:12-05-2019 21:47:00 OTPClientRepository: Chose avatar id: 100000001
:12-05-2019 21:47:00 OTPClientRepository: Chose avatar name: Aeterna
:12-05-2019 21:47:00 OTPClientRepository: Chose avatar dna: ('css', 'ms', 'm', 'f', 26, 0, 21, 26, 3, 11, 3, 11, 8, 12)
:12-05-2019 21:47:00 OTPClientRepository: Chose avatar position: 1
:12-05-2019 21:47:00 OTPClientRepository: isPaid: 1
:12-05-2019 21:47:00 OTPClientRepository: freeTimeLeft: 0
:12-05-2019 21:47:00 OTPClientRepository: allowSecretChat: True
:12-05-2019 21:47:00 OTPClientRepository: ================
:12-05-2019 21:47:00 Loader: starting bulk load of block 'localAvatarPlayGame'
:12-05-2019 21:47:00 ToontownTimeManager(warning): error parsing date string=
local
:12-05-2019 21:47:01 NewsPageButtonManager(warning): Should not get here. NewsPageButtonManager.exitOff
:12-05-2019 21:47:01 :pnmimage:png(warning): iCCP: known incorrect sRGB profile
:12-05-2019 21:47:03 OTPClientRepository: Entering shard 401000001
:12-05-2019 21:47:03 StreetSign: Street sign url is https://ttoffline.com/images/
:12-05-2019 21:47:04 StreetSign: Street Sign is up to date
:12-05-2019 21:47:04 TimeManager: Clock sync: TimeManager.announceGenerate
:12-05-2019 21:47:04 InGameNewsMgr: latestIssue=2013-08-22 16:49:46.000003-07:00
cpu info: GenuineIntel|Intel(R) Core(TM) i7-8700K CPU @ 3.70GHz|591594|0|3.701,3.701|6,12 cpus
:12-05-2019 21:47:05 OTPClientRepository: No sync from TimeManager.
:12-05-2019 21:47:05 OTPClientRepository: gotTimeSync
:12-05-2019 21:47:05 Loader: At end of block 'localAvatarPlayGame', expected 400, loaded 14, duration=5.2513136
:12-05-2019 21:47:05 OTPClientRepository: Sending heartbeat mid-frame.
:12-05-2019 21:47:05 TimeManager: Clock sync roundtrip took 1133.945 ms
:12-05-2019 21:47:05 TimeManager: AI time delta is -0:01 from server delta
:12-05-2019 21:47:05 TimeManager: Local clock uncertainty +/- 0.567 s
:12-05-2019 21:47:05 PlayGame: QA-REGRESSION: NEIGHBORHOODS: Visit Lawbot HQ
:12-05-2019 21:47:05 Loader: starting bulk load of block 'hood'
:12-05-2019 21:47:06 LawbotCogHQLoader: loadPlaceGeom: 13000
:12-05-2019 21:47:06 DistributedObject: DistributedSuitPlanner 401002972: generating
:12-05-2019 21:47:06 DistributedToon: calling LocalAvatar.startchat
:12-05-2019 21:47:06 :loader(error): Couldn't load file phase_4/models/questmap/cog_hq_lawbot_maps.bam: not found on model path (currently: "/;/d/hollybae/Aly/Toontown-School-House/toontown/launcher;/c/Panda3D-1.11.0-x64/etc/..;/c/Panda3D-1.11.0-x64/etc/../models")
:12-05-2019 21:47:06 Loader: At end of block 'hood', expected 2, loaded 7, duration=1.4521756
:12-05-2019 21:47:08 Teleport(debug): teleportInDone: walk
:12-05-2019 21:47:08 :loader(error): Couldn't load file phase_4/models/questmap/cog_hq_lawbot_maps.bam: not found on model path (currently: "/;/d/hollybae/Aly/Toontown-School-House/toontown/launcher;/c/Panda3D-1.11.0-x64/etc/..;/c/Panda3D-1.11.0-x64/etc/../models")
local
:12-05-2019 21:48:02 ShtikerBook: QA-REGRESSION: SHTICKERBOOK: Open
:12-05-2019 21:48:03 ShtikerBook: QA-REGRESSION: SHTICKERBOOK: Close
:12-05-2019 21:48:09 TimeManager: Client disconnect reason 1.
:12-05-2019 21:48:09 LawbotHQExterior: Unloading Place (13000). Fsm in final
:12-05-2019 21:48:09 OTPClientRepository: Exiting shard
:12-05-2019 21:48:09 DistributedObject: DistributedSuitPlanner 401002972: disabling
ignoring InputState-forward
:12-05-2019 21:48:09 OTPClientRepository: sending clientLogout
:12-05-2019 21:48:09 LocalAvatar(warning): redundant call to stopUpdateSmartCamera
:12-05-2019 21:48:09 OTPClientRepository(warning): Disable failed. DistObj 100000001 is not in dictionary, ownerView=True
:12-05-2019 21:48:10 StateData: AvatarChooser.enter
:12-05-2019 21:48:10 DisplayOptions: settingsFullScreen = False, embedded = False width=800 height=600
:12-05-2019 21:48:10 StateData: calling self.displayOptions.restrictToEmbedded(False)
:12-05-2019 21:48:11 OTPClientRepository: ================
:12-05-2019 21:48:11 OTPClientRepository: Chose avatar id: 100000014
:12-05-2019 21:48:11 OTPClientRepository: Chose avatar name: Hollybae
:12-05-2019 21:48:11 OTPClientRepository: Chose avatar dna: ('css', 'ms', 'm', 'm', 16, 0, 16, 16, 113, 27, 18, 27, 7, 21)
:12-05-2019 21:48:11 OTPClientRepository: Chose avatar position: 5
:12-05-2019 21:48:11 OTPClientRepository: isPaid: 1
:12-05-2019 21:48:11 OTPClientRepository: freeTimeLeft: 0
:12-05-2019 21:48:11 OTPClientRepository: allowSecretChat: True
:12-05-2019 21:48:11 OTPClientRepository: ================
:12-05-2019 21:48:11 Loader: starting bulk load of block 'localAvatarPlayGame'
local
:12-05-2019 21:48:12 NewsPageButtonManager(warning): Should not get here. NewsPageButtonManager.exitOff
:12-05-2019 21:48:12 :pnmimage:png(warning): iCCP: known incorrect sRGB profile
:12-05-2019 21:48:13 OTPClientRepository: Entering shard 401000001
:12-05-2019 21:48:13 TimeManager: Clock sync: TimeManager.announceGenerate
:12-05-2019 21:48:13 InGameNewsMgr: latestIssue=2013-08-22 16:49:46.000003-07:00
cpu info: GenuineIntel|Intel(R) Core(TM) i7-8700K CPU @ 3.70GHz|591594|0|3.701,3.701|6,12 cpus
:12-05-2019 21:48:13 OTPClientRepository: No sync from TimeManager.
:12-05-2019 21:48:13 OTPClientRepository: gotTimeSync
:12-05-2019 21:48:13 Loader: At end of block 'localAvatarPlayGame', expected 400, loaded 8, duration=1.8148437
:12-05-2019 21:48:13 TimeManager: Clock sync roundtrip took 47.512 ms
:12-05-2019 21:48:13 TimeManager: AI time delta is -0:00 from server delta
:12-05-2019 21:48:13 ClockDelta: previous delta at -0.367 s, +/- 0.586 s.
:12-05-2019 21:48:13 ClockDelta: new delta at -0.945 s, +/- 0.024 s.
:12-05-2019 21:48:13 ClockDelta: intersection at -0.937 s, +/- 0.016 s.
:12-05-2019 21:48:13 TimeManager: Local clock uncertainty +/- 0.016 s
:12-05-2019 21:48:13 PlayGame: QA-REGRESSION: NEIGHBORHOODS: Visit Lawbot HQ
:12-05-2019 21:48:13 Loader: starting bulk load of block 'hood'
:12-05-2019 21:48:14 LawbotCogHQLoader: loadPlaceGeom: 13000
:12-05-2019 21:48:14 DistributedObject: DistributedSuitPlanner 401002972: generating
:12-05-2019 21:48:14 DistributedToon: calling LocalAvatar.startchat
:12-05-2019 21:48:14 :loader(error): Couldn't load file phase_4/models/questmap/cog_hq_lawbot_maps.bam: not found on model path (currently: "/;/d/hollybae/Aly/Toontown-School-House/toontown/launcher;/c/Panda3D-1.11.0-x64/etc/..;/c/Panda3D-1.11.0-x64/etc/../models")
:12-05-2019 21:48:14 Loader: At end of block 'hood', expected 2, loaded 3, duration=0.7405592
:12-05-2019 21:48:15 Teleport(debug): teleportInDone: walk
:12-05-2019 21:48:15 :loader(error): Couldn't load file phase_4/models/questmap/cog_hq_lawbot_maps.bam: not found on model path (currently: "/;/d/hollybae/Aly/Toontown-School-House/toontown/launcher;/c/Panda3D-1.11.0-x64/etc/..;/c/Panda3D-1.11.0-x64/etc/../models")
:12-05-2019 21:48:17 TTOffMagicWordManager: Run mode has been toggled.
:12-05-2019 21:48:23 TTOffMagicWordManager: Ta-da!
:12-05-2019 21:48:23 LawbotCogHQLoader: loadPlaceGeom: 13100
:12-05-2019 21:48:23 LawbotCogHQLoader: QA-REGRESSION: COGHQ: Visit LawbotLobby
:12-05-2019 21:48:23 LawbotHQExterior: Unloading Place (13000). Fsm in final
:12-05-2019 21:48:23 DistributedObject: DistributedSuitPlanner 401002972: disabling
:12-05-2019 21:48:23 DistributedToon: calling LocalAvatar.startchat
:12-05-2019 21:48:23 :loader(error): Couldn't load file phase_4/models/questmap/cog_hq_lawbot_maps.bam: not found on model path (currently: "/;/d/hollybae/Aly/Toontown-School-House/toontown/launcher;/c/Panda3D-1.11.0-x64/etc/..;/c/Panda3D-1.11.0-x64/etc/../models")
:12-05-2019 21:48:25 :loader(error): Couldn't load file phase_4/models/questmap/cog_hq_lawbot_maps.bam: not found on model path (currently: "/;/d/hollybae/Aly/Toontown-School-House/toontown/launcher;/c/Panda3D-1.11.0-x64/etc/..;/c/Panda3D-1.11.0-x64/etc/../models")
:12-05-2019 21:48:26 TTOffMagicWordManager: Gave Hollybae an infinite amount of pies
:12-05-2019 21:48:38 LawbotCogHQLoader: loadPlaceGeom: 61000
:12-05-2019 21:48:38 LawbotCogHQLoader(warning): loadPlaceGeom: unclassified zone 61000
:12-05-2019 21:48:38 CogHQLobby: Unloading Place (13100). Fsm in final
:12-05-2019 21:48:39 DistributedLawbotBoss(warning): Not a collision node: LawbotCourtroom3.egg/-PandaNode/CR3/interior/CR3_Floor
:12-05-2019 21:48:39 DistributedToon: calling LocalAvatar.startchat
:12-05-2019 21:48:39 LawbotHQBossBattle(warning): fsm.request('movie') returned 0 (zone id 61000, avatar pos LPoint3f(-0.363562, -126.204, 0.193903)).
:12-05-2019 21:48:42 TTOffMagicWordManager: Restarting Scale Round
:12-05-2019 21:48:45 :linmath(warning): Tried to invert singular LMatrix3.
:12-05-2019 21:48:55 TTOffMagicWordManager: Run mode has been toggled.
:12-05-2019 21:51:38 GarbageCollect(warning): garbage found, reverting gc threshold
frame rate: 198.2 fps|0.001d|13 avs||395|396||0x0000|0x0000|1107.1MB|1283.9MB|16235.6MB|691|nt.2.6.2|3.701,3.701|6,12 cpus|OpenGL
:12-05-2019 21:54:36 ToonBase: User closed main window.
:12-05-2019 21:54:36 TimeManager: Client disconnect reason 2.
:12-05-2019 21:54:36 LawbotHQBossBattle: Unloading Place (61000). Fsm in final
:12-05-2019 21:54:36 OTPClientRepository(warning): unclean exit, abandoning shard
ignoring InputState-forward
:12-05-2019 21:54:36 OTPClientRepository: sending clientLogout
:12-05-2019 21:54:36 LocalAvatar(warning): redundant call to stopUpdateSmartCamera
:12-05-2019 21:54:36 OTPClientRepository: Sent disconnect message to server
:12-05-2019 21:54:36 OTPClientRepository: Closing connection to server.
:12-05-2019 21:54:36 OTPClientRepository: Exiting cleanly
:12-05-2019 21:54:36 ToonBase: Exiting Toontown: errorCode = None
:12-05-2019 21:54:36 TTOffLauncher: setting panda error code to 0
:12-05-2019 21:54:36 TTOffLauncher: Normal exit.
