

Starting Toontown Online...
Current time: Thu Nov 21 05:41:50 2019 Arabian Standard Time
sys.path =  ['', 'C:\\Panda3D-1.11.0-x64\\python\\python27.zip', 'C:\\Panda3D-1.11.0-x64', 'C:\\Panda3D-1.11.0-x64\\python\\DLLs', 'C:\\Panda3D-1.11.0-x64\\python\\lib', 'C:\\Panda3D-1.11.0-x64\\python\\lib\\plat-win', 'C:\\Panda3D-1.11.0-x64\\python\\lib\\lib-tk', 'C:\\Panda3D-1.11.0-x64\\python', 'C:\\Panda3D-1.11.0-x64\\bin', 'C:\\Panda3D-1.11.0-x64\\python\\lib\\site-packages']
sys.argv =  ['C:\\Users\\alyaz\\Documents\\GitHub\\Toontown-School-House\\toontown\\launcher\\TTOffQuickStartLauncher.py']
generating standard configrc
os.environ =  {'TMP': 'C:\\Users\\alyaz\\AppData\\Local\\Temp', 'COMPUTERNAME': 'DESKTOP-5K6UCTT', 'USERDOMAIN': 'DESKTOP-5K6UCTT', 'INTEL_DEV_REDIST': 'C:\\Program Files (x86)\\Common Files\\Intel\\Shared Libraries\\', 'PSMODULEPATH': 'C:\\Program Files\\WindowsPowerShell\\Modules;C:\\WINDOWS\\system32\\WindowsPowerShell\\v1.0\\Modules', 'COMMONPROGRAMFILES': 'C:\\Program Files\\Common Files', 'PROCESSOR_IDENTIFIER': 'Intel64 Family 6 Model 94 Stepping 3, GenuineIntel', 'LOGONSERVER': '\\\\DESKTOP-5K6UCTT', 'VBOX_MSI_INSTALL_PATH': 'C:\\Program Files\\Oracle\\VirtualBox\\', 'PROGRAMFILES': 'C:\\Program Files', 'PROCESSOR_REVISION': '5e03', 'PATH': 'C:\\Panda3D-1.11.0-x64\\panda3d\\..\\bin;C:\\Program Files (x86)\\Common Files\\Intel\\Shared Libraries\\redist\\intel64\\compiler;C:\\Program Files (x86)\\Razer Chroma SDK\\bin;C:\\Program Files\\Razer Chroma SDK\\bin;C:\\ProgramData\\Oracle\\Java\\javapath;C:\\Program Files (x86)\\Intel\\iCLS Client\\;C:\\Program Files\\Intel\\iCLS Client\\;C:\\Windows\\system32;C:\\Windows;C:\\Windows\\System32\\Wbem;C:\\Windows\\System32\\WindowsPowerShell\\v1.0\\;C:\\Program Files (x86)\\Intel\\Intel(R) Management Engine Components\\DAL;C:\\Program Files\\Intel\\Intel(R) Management Engine Components\\DAL;C:\\Program Files (x86)\\Intel\\Intel(R) Management Engine Components\\IPT;C:\\Program Files\\Intel\\Intel(R) Management Engine Components\\IPT;C:\\Program Files (x86)\\NVIDIA Corporation\\PhysX\\Common;C:\\WINDOWS\\system32;C:\\WINDOWS;C:\\WINDOWS\\System32\\Wbem;C:\\WINDOWS\\System32\\WindowsPowerShell\\v1.0\\;C:\\Program Files (x86)\\Windows Live\\Shared;C:\\Program Files\\Intel\\WiFi\\bin\\;C:\\Program Files\\Common Files\\Intel\\WirelessCommon\\;C:\\Program Files (x86)\\Gpg4win\\..\\GnuPG\\bin;C:\\WINDOWS\\system32\\config\\systemprofile\\AppData\\Local\\Microsoft\\WindowsApps;C:\\WINDOWS\\system32;C:\\WINDOWS;C:\\WINDOWS\\System32\\Wbem;C:\\WINDOWS\\System32\\WindowsPowerShell\\v1.0\\;C:\\WINDOWS\\System32\\OpenSSH\\;C:\\Program Files\\NVIDIA Corporation\\NVIDIA NvDLISR;C:\\Program Files\\Git\\cmd;C:\\Program Files\\PuTTY\\;C:\\Program Files (x86)\\QuickTime\\QTSystem\\;C:\\Panda3D-1.11.0-x64\\bin;C:\\Users\\alyaz\\AppData\\Local\\Programs\\Python\\Python37-32\\Scripts;C:\\Users\\alyaz\\AppData\\Local\\Programs\\Python\\Python37-32;C:\\Users\\alyaz\\AppData\\Local\\Microsoft\\WindowsApps;C:\\Users\\NSI\\AppData\\Local\\GitHubDesktop\\bin;C:\\Users\\alyaz\\AppData\\Local\\Programs\\Microsoft VS Code\\bin;C:\\Users\\alyaz\\AppData\\Local\\atom\\bin;C:\\Panda3D-1.11.0\\python;C:\\Panda3D-1.11.0\\python\\Scripts;C:\\Panda3D-1.11.0\\bin;C:\\Panda3D-1.11.0-x64\\python;C:\\Panda3D-1.11.0-x64\\python\\Scripts;C:\\Panda3D-1.11.0-x64\\bin;F:\\Python3\\TTSH\\TTSH-py3\\Panda3D-1.11.0-x64\\python;F:\\Python3\\TTSH\\TTSH-py3\\Panda3D-1.11.0-x64\\python\\Scripts;F:\\Python3\\TTSH\\TTSH-py3\\Panda3D-1.11.0-x64\\bin;F:\\Panda3D-1.10.4.1-x64\\python;F:\\Panda3D-1.10.4.1-x64\\python\\Scripts;F:\\Panda3D-1.10.4.1-x64\\bin;C:\\Panda3D-1.10.4.1-x64\\python;C:\\Panda3D-1.10.4.1-x64\\python\\Scripts;C:\\Panda3D-1.10.4.1-x64\\bin;C:\\Panda3D-1.10.0-x64\\python;C:\\Panda3D-1.10.0-x64\\python\\Scripts;C:\\Panda3D-1.10.0-x64\\bin;F:\\PYTHON-3\\TOONTOWN-SOURCES\\CorporateClash-python3\\Panda3D-1.10.0-x64\\python;F:\\PYTHON-3', 'SYSTEMROOT': 'C:\\WINDOWS', 'MIC_LD_LIBRARY_PATH': 'C:\\Program Files (x86)\\Common Files\\Intel\\Shared Libraries\\compiler\\lib\\mic', 'COMSPEC': 'C:\\WINDOWS\\system32\\cmd.exe', 'DRIVERDATA': 'C:\\Windows\\System32\\Drivers\\DriverData', 'PPYTHON_PATH': '"C:\\Panda3D-1.11.0-x64\\python\\ppython.exe"', 'TEMP': 'C:\\Users\\alyaz\\AppData\\Local\\Temp', 'COMMONPROGRAMFILES(X86)': 'C:\\Program Files (x86)\\Common Files', 'PROCESSOR_ARCHITECTURE': 'AMD64', 'PROGRAMFILES(X86)': 'C:\\Program Files (x86)', 'ALLUSERSPROFILE': 'C:\\ProgramData', 'LOCALAPPDATA': 'C:\\Users\\alyaz\\AppData\\Local', 'FPS_BROWSER_USER_PROFILE_STRING': 'Default', 'HOMEPATH': '\\Users\\alyaz', 'USERDOMAIN_ROAMINGPROFILE': 'DESKTOP-5K6UCTT', 'PROGRAMW6432': 'C:\\Program Files', 'USERNAME': 'alyaz', 'TOONIVERSAL_P3D': 'C:\\Users\\alyaz\\Desktop\\Panda3D-1.11.0\\python\\ppython', 'PROMPT': '$P$G', 'SESSIONNAME': 'Console', 'PROGRAMDATA': 'C:\\ProgramData', 'ONEDRIVE': 'C:\\Users\\alyaz\\OneDrive', 'FPS_BROWSER_APP_PROFILE_STRING': 'Internet Explorer', 'PATHEXT': '.COM;.EXE;.BAT;.CMD;.VBS;.VBE;.JS;.JSE;.WSF;.WSH;.MSC', 'TTOFF_LOGIN_TOKEN': 'dev', 'ASL.LOG': 'Destination=file', 'WINDIR': 'C:\\WINDOWS', 'APPDATA': 'C:\\Users\\alyaz\\AppData\\Roaming', 'HOMEDRIVE': 'C:', 'SYSTEMDRIVE': 'C:', 'NUMBER_OF_PROCESSORS': '8', 'PROCESSOR_LEVEL': '6', 'COMMONPROGRAMW6432': 'C:\\Program Files\\Common Files', 'OS': 'Windows_NT', 'PUBLIC': 'C:\\Users\\Public', 'USERPROFILE': 'C:\\Users\\alyaz'}
:11-21-2019 05:41:50 TTOffLauncher: isTestServer: 0
:11-21-2019 05:41:50 TTOffLauncher: Game Server 127.0.0.1
:11-21-2019 05:41:50 TTOffLauncher: Starting Toontown Online... 
:11-21-2019 05:41:50 TTOffLauncher: foreground: Launcher now operating in foreground
useTTOffSpecificLogin=True
:11-21-2019 05:41:50 TTOffLauncher: maybeStartGame: starting game
:11-21-2019 05:41:50 TTOffLauncher: Starting Toontown Online...
:11-21-2019 05:41:50 TTOffLauncher: background: Launcher now operating in background
ToontownStart: Polling for game2 to finish...
ToontownStart: Game2 is finished.
ToontownStart: Starting the game.
ToontownStart: setting default font
:11-21-2019 05:41:50 TTOffLauncher: setting panda error code to 7
Known pipe types:
  wglGraphicsPipe
(all display modules loaded.)
:11-21-2019 05:41:50 ToonBase: Default graphics pipe is wglGraphicsPipe (OpenGL).
:11-21-2019 05:41:50 ToonBase: Successfully opened window of type wglGraphicsWindow (OpenGL)
:11-21-2019 05:41:50 ShowBase: __dev__ == False
:11-21-2019 05:41:50 TTOffLauncher: setting panda error code to 11
:11-21-2019 05:41:50 TTOffLauncher: setting panda error code to 0
ToontownStart: Loading default gui sounds
ToontownStart: serverVersion:  tto-dev
:11-21-2019 05:41:50 Loader: starting bulk load of block 'init'
:11-21-2019 05:41:53 :nativenet(error): Buffered_DatagramConnection Constructor rbufsize = 4096000 wbufsize = 4096000 write_flush_point = 1400
:11-21-2019 05:41:53 OTPClientRepository: Using connect method 'http'
:11-21-2019 05:41:56 TTOffLauncher: getRegistry ('DEPLOYMENT', None)
:11-21-2019 05:41:56 TTOffLauncher: checking env
:11-21-2019 05:41:56 TTOffLauncher: getRegistry ('GAME_DEPLOYMENT', None)
:11-21-2019 05:41:56 TTOffLauncher: checking env
:11-21-2019 05:41:56 OTPClientRepository: reg_deployment=
:11-21-2019 05:41:56 OTPClientRepository: required-login auto.
:11-21-2019 05:41:56 OTPClientRepository: loginInterface: LoginTTOffAccount
:11-21-2019 05:41:56 TTOffLauncher: getNeedPwForSecretKey using ttoff-specific-login
:11-21-2019 05:41:56 Loader: At end of block 'init', expected 138, loaded 9, duration=5.42624714927
:11-21-2019 05:41:56 OTPClientRepository: Connecting to gameserver directly (no proxy).
:11-21-2019 05:41:56 OTPClientRepository: Connecting to //127.0.0.1:7198 via HTTP interface.
:11-21-2019 05:41:56 TTOffLauncher: Stopping mini task manager.
:11-21-2019 05:41:56 OTPClientRepository: Successfully connected to //127.0.0.1:7198.
:11-21-2019 05:41:56 TTOffLauncher: Setting Disconnect Details normal
{401000001: <toontown.distributed.ToontownDistrict.ToontownDistrict instance at 0x000000001C8772C8>}
:11-21-2019 05:41:57 StateData: AvatarChooser.enter
:11-21-2019 05:41:57 DisplayOptions: settingsFullScreen = False, embedded = False width=800 height=600
:11-21-2019 05:41:57 StateData: calling self.displayOptions.restrictToEmbedded(False)
:11-21-2019 05:41:59 OTPClientRepository: ================
:11-21-2019 05:41:59 OTPClientRepository: Chose avatar id: 100000001
:11-21-2019 05:41:59 OTPClientRepository: Chose avatar name: Aeterna
:11-21-2019 05:41:59 OTPClientRepository: Chose avatar dna: ('css', 'ms', 'm', 'f', 26, 0, 21, 26, 3, 11, 3, 11, 8, 12)
:11-21-2019 05:41:59 OTPClientRepository: Chose avatar position: 1
:11-21-2019 05:41:59 OTPClientRepository: isPaid: 1
:11-21-2019 05:41:59 OTPClientRepository: freeTimeLeft: 0
:11-21-2019 05:41:59 OTPClientRepository: allowSecretChat: True
:11-21-2019 05:41:59 OTPClientRepository: ================
:11-21-2019 05:41:59 Loader: starting bulk load of block 'localAvatarPlayGame'
:11-21-2019 05:42:00 ToontownTimeManager(warning): error parsing date string=
local
:11-21-2019 05:42:00 NewsPageButtonManager(warning): Should not get here. NewsPageButtonManager.exitOff
:11-21-2019 05:42:00 :pnmimage:png(warning): iCCP: known incorrect sRGB profile
:11-21-2019 05:42:02 OTPClientRepository: Entering shard 401000001
:11-21-2019 05:42:02 StreetSign: Street sign url is https://ttoffline.com/images/
:11-21-2019 05:42:04 StreetSign: Street Sign is up to date
:11-21-2019 05:42:04 TimeManager: Clock sync: TimeManager.announceGenerate
:11-21-2019 05:42:04 NewsManager: setHolidayId: Starting Holiday 7
:11-21-2019 05:42:04 InGameNewsMgr: latestIssue=2013-08-22 16:49:46.000003-07:00
cpu info: GenuineIntel|Intel(R) Core(TM) i7-6820HK CPU @ 2.70GHz|329443|0|2.701,2.701|4,8 cpus
:11-21-2019 05:42:05 OTPClientRepository: No sync from TimeManager.
:11-21-2019 05:42:05 OTPClientRepository: gotTimeSync
:11-21-2019 05:42:05 Loader: At end of block 'localAvatarPlayGame', expected 400, loaded 14, duration=6.15630333328
:11-21-2019 05:42:05 TimeManager: Clock sync roundtrip took 1095.429 ms
:11-21-2019 05:42:05 TimeManager: AI time delta is -0:01 from server delta
:11-21-2019 05:42:05 TimeManager: Local clock uncertainty +/- 0.548 s
:11-21-2019 05:42:05 PlayGame: QA-REGRESSION: NEIGHBORHOODS: Visit Lawbot HQ
:11-21-2019 05:42:05 Loader: starting bulk load of block 'hood'
:11-21-2019 05:42:06 OTPClientRepository: Sending heartbeat mid-frame.
:11-21-2019 05:42:06 LawbotCogHQLoader: loadPlaceGeom: 13000
:11-21-2019 05:42:06 DistributedObject: DistributedSuitPlanner 401002972: generating
:11-21-2019 05:42:06 DistributedToon: calling LocalAvatar.startchat
:11-21-2019 05:42:06 :loader(error): Couldn't load file phase_4/models/questmap/cog_hq_lawbot_maps.bam: not found on model path (currently: "/;/c/Users/alyaz/Documents/GitHub/Toontown-School-House/toontown/launcher;/c/Panda3D-1.11.0-x64/etc/..;/c/Panda3D-1.11.0-x64/etc/../models")
:11-21-2019 05:42:06 Loader: At end of block 'hood', expected 2, loaded 4, duration=0.865649212367
:11-21-2019 05:42:08 Teleport(debug): teleportInDone: walk
:11-21-2019 05:42:08 :loader(error): Couldn't load file phase_4/models/questmap/cog_hq_lawbot_maps.bam: not found on model path (currently: "/;/c/Users/alyaz/Documents/GitHub/Toontown-School-House/toontown/launcher;/c/Panda3D-1.11.0-x64/etc/..;/c/Panda3D-1.11.0-x64/etc/../models")
:11-21-2019 05:42:09 TTOffMagicWordManager: Run mode has been toggled.
:11-21-2019 05:42:17 LawbotCogHQLoader: loadPlaceGeom: 13100
:11-21-2019 05:42:17 LawbotCogHQLoader: QA-REGRESSION: COGHQ: Visit LawbotLobby
:11-21-2019 05:42:17 LawbotHQExterior: Unloading Place (13000). Fsm in final
:11-21-2019 05:42:17 DistributedObject: DistributedSuitPlanner 401002972: disabling
:11-21-2019 05:42:17 DistributedToon: calling LocalAvatar.startchat
:11-21-2019 05:42:17 :loader(error): Couldn't load file phase_4/models/questmap/cog_hq_lawbot_maps.bam: not found on model path (currently: "/;/c/Users/alyaz/Documents/GitHub/Toontown-School-House/toontown/launcher;/c/Panda3D-1.11.0-x64/etc/..;/c/Panda3D-1.11.0-x64/etc/../models")
:11-21-2019 05:42:18 :loader(error): Couldn't load file phase_4/models/questmap/cog_hq_lawbot_maps.bam: not found on model path (currently: "/;/c/Users/alyaz/Documents/GitHub/Toontown-School-House/toontown/launcher;/c/Panda3D-1.11.0-x64/etc/..;/c/Panda3D-1.11.0-x64/etc/../models")
:11-21-2019 05:42:24 TTOffMagicWordManager: Run mode has been toggled.
:11-21-2019 05:42:30 LawbotCogHQLoader: loadPlaceGeom: 61000
:11-21-2019 05:42:30 LawbotCogHQLoader(warning): loadPlaceGeom: unclassified zone 61000
:11-21-2019 05:42:30 CogHQLobby: Unloading Place (13100). Fsm in final
:11-21-2019 05:42:30 DistributedLawbotBoss(warning): Not a collision node: LawbotCourtroom3.egg/-PandaNode/CR3/interior/CR3_Floor
:11-21-2019 05:42:30 DistributedToon: calling LocalAvatar.startchat
:11-21-2019 05:42:30 LawbotHQBossBattle(warning): fsm.request('movie') returned 0 (zone id 61000, avatar pos LPoint3f(-0.363562, -126.204, 0.193903)).
:11-21-2019 05:42:45 LawbotHQBossBattle(warning): fsm.request('movie') returned 0 (zone id 61000, avatar pos LPoint3f(-0.363562, -126.204, 0.193903)).
:11-21-2019 05:42:50 Actor(warning): called actor.removeNode() on actor without calling cleanup()
:11-21-2019 05:42:50 Actor(warning): called actor.removeNode() on actor without calling cleanup()
:11-21-2019 05:42:50 Actor(warning): called actor.removeNode() on actor without calling cleanup()
:11-21-2019 05:42:50 Actor(warning): called actor.removeNode() on actor without calling cleanup()
:11-21-2019 05:42:50 Actor(warning): called actor.removeNode() on actor without calling cleanup()
:11-21-2019 05:42:50 Actor(warning): called actor.removeNode() on actor without calling cleanup()
:11-21-2019 05:42:50 Actor(warning): called actor.removeNode() on actor without calling cleanup()
:11-21-2019 05:42:50 Actor(warning): called actor.removeNode() on actor without calling cleanup()
:11-21-2019 05:42:50 Actor(warning): called actor.removeNode() on actor without calling cleanup()
:11-21-2019 05:42:50 Actor(warning): called actor.removeNode() on actor without calling cleanup()
:11-21-2019 05:42:50 Actor(warning): called actor.removeNode() on actor without calling cleanup()
:11-21-2019 05:42:50 Actor(warning): called actor.removeNode() on actor without calling cleanup()
:11-21-2019 05:42:50 TTOffMagicWordManager: Restarting Scale Round
