

Starting Toontown Online...
Current time: Sat Dec  7 14:53:36 2019 Eastern Standard Time
sys.path =  ['', 'C:\\Panda3D-1.11.0-x64\\python\\python27.zip', 'C:\\Panda3D-1.11.0-x64', 'C:\\Panda3D-1.11.0-x64\\python\\DLLs', 'C:\\Panda3D-1.11.0-x64\\python\\lib', 'C:\\Panda3D-1.11.0-x64\\python\\lib\\plat-win', 'C:\\Panda3D-1.11.0-x64\\python\\lib\\lib-tk', 'C:\\Panda3D-1.11.0-x64\\python', 'C:\\Panda3D-1.11.0-x64\\bin', 'C:\\Panda3D-1.11.0-x64\\python\\lib\\site-packages']
sys.argv =  ['D:\\hollybae\\Aly\\Toontown-School-House\\toontown\\launcher\\TTOffQuickStartLauncher.py']
generating standard configrc
os.environ =  {'TMP': 'C:\\Users\\holla\\AppData\\Local\\Temp', 'COMPUTERNAME': 'HOLLYBAES-PC', 'USERDOMAIN': 'HOLLYBAES-PC', 'INTEL_DEV_REDIST': 'C:\\Program Files (x86)\\Common Files\\Intel\\Shared Libraries\\', 'PSMODULEPATH': 'C:\\Program Files\\WindowsPowerShell\\Modules;C:\\WINDOWS\\system32\\WindowsPowerShell\\v1.0\\Modules', 'COMMONPROGRAMFILES': 'C:\\Program Files\\Common Files', 'PROCESSOR_IDENTIFIER': 'Intel64 Family 6 Model 158 Stepping 10, GenuineIntel', 'VBOX_MSI_INSTALL_PATH': 'C:\\Program Files\\Oracle\\VirtualBox\\', 'PROGRAMFILES': 'C:\\Program Files', 'PROCESSOR_REVISION': '9e0a', 'PATH': 'C:\\Panda3D-1.11.0-x64\\panda3d\\..\\bin;C:\\Program Files (x86)\\Razer\\ChromaBroadcast\\bin;C:\\Program Files\\Razer\\ChromaBroadcast\\bin;C:\\Program Files (x86)\\Common Files\\Intel\\Shared Libraries\\redist\\intel64_win\\compiler;C:\\Program Files (x86)\\Common Files\\Oracle\\Java\\javapath;C:\\Program Files (x86)\\Common Files\\Intel\\Shared Libraries\\redist\\intel64\\compiler;C:\\WINDOWS\\system32;C:\\WINDOWS;C:\\WINDOWS\\System32\\Wbem;C:\\WINDOWS\\System32\\WindowsPowerShell\\v1.0\\;C:\\WINDOWS\\System32\\OpenSSH\\;C:\\Program Files\\NVIDIA Corporation\\NVIDIA NGX;C:\\Program Files (x86)\\NVIDIA Corporation\\PhysX\\Common;C:\\Program Files\\NVIDIA Corporation\\NVIDIA NvDLISR;C:\\WINDOWS\\system32;C:\\WINDOWS;C:\\WINDOWS\\System32\\Wbem;C:\\WINDOWS\\System32\\WindowsPowerShell\\v1.0\\;C:\\WINDOWS\\System32\\OpenSSH\\;D:\\hollybae\\ffmpeg-4.1.3-win64-static\\ffmpeg-4.1.3-win64-static\\bin;C:\\Program Files\\dotnet\\;C:\\WINDOWS\\system32\\config\\systemprofile\\AppData\\Local\\Microsoft\\WindowsApps;C:\\Program Files (x86)\\QuickTime\\QTSystem\\;C:\\Users\\holla\\AppData\\Local\\Microsoft\\WindowsApps;C:\\Panda3D-1.10.4.1-x64\\python;C:\\Panda3D-1.10.4.1-x64\\python\\Scripts;C:\\Panda3D-1.10.4.1-x64\\bin;C:\\Panda3D-1.11.0-x64\\python;C:\\Panda3D-1.11.0-x64\\python\\Scripts;C:\\Panda3D-1.11.0-x64\\bin', 'SYSTEMROOT': 'C:\\WINDOWS', 'MIC_LD_LIBRARY_PATH': 'C:\\Program Files (x86)\\Common Files\\Intel\\Shared Libraries\\compiler\\lib\\intel64_win_mic', 'COMSPEC': 'C:\\WINDOWS\\system32\\cmd.exe', 'DRIVERDATA': 'C:\\Windows\\System32\\Drivers\\DriverData', 'PPYTHON_PATH': '"C:\\Panda3D-1.11.0-x64\\python\\ppython.exe"', 'TEMP': 'C:\\Users\\holla\\AppData\\Local\\Temp', 'COMMONPROGRAMFILES(X86)': 'C:\\Program Files (x86)\\Common Files', 'PROCESSOR_ARCHITECTURE': 'AMD64', 'PROGRAMFILES(X86)': 'C:\\Program Files (x86)', 'ALLUSERSPROFILE': 'C:\\ProgramData', 'LOCALAPPDATA': 'C:\\Users\\holla\\AppData\\Local', 'FPS_BROWSER_USER_PROFILE_STRING': 'Default', 'HOMEPATH': '\\Users\\holla', 'USERDOMAIN_ROAMINGPROFILE': 'HOLLYBAES-PC', 'PROGRAMW6432': 'C:\\Program Files', 'USERNAME': 'holla', 'LOGONSERVER': '\\\\HOLLYBAES-PC', 'PROMPT': '$P$G', 'SESSIONNAME': 'Console', 'PROGRAMDATA': 'C:\\ProgramData', 'ONEDRIVE': 'C:\\Users\\holla\\OneDrive', 'FPS_BROWSER_APP_PROFILE_STRING': 'Internet Explorer', 'PATHEXT': '.COM;.EXE;.BAT;.CMD;.VBS;.VBE;.JS;.JSE;.WSF;.WSH;.MSC', 'TTOFF_LOGIN_TOKEN': 'dev', 'WINDIR': 'C:\\WINDOWS', 'APPDATA': 'C:\\Users\\holla\\AppData\\Roaming', 'HOMEDRIVE': 'C:', 'SYSTEMDRIVE': 'C:', 'NUMBER_OF_PROCESSORS': '12', 'PROCESSOR_LEVEL': '6', 'COMMONPROGRAMW6432': 'C:\\Program Files\\Common Files', 'OS': 'Windows_NT', 'PUBLIC': 'C:\\Users\\Public', 'USERPROFILE': 'C:\\Users\\holla'}
:12-07-2019 14:53:36 TTOffLauncher: isTestServer: 0
:12-07-2019 14:53:36 TTOffLauncher: Game Server 127.0.0.1
:12-07-2019 14:53:36 TTOffLauncher: Starting Toontown Online... 
:12-07-2019 14:53:36 TTOffLauncher: foreground: Launcher now operating in foreground
useTTOffSpecificLogin=True
:12-07-2019 14:53:36 TTOffLauncher: maybeStartGame: starting game
:12-07-2019 14:53:36 TTOffLauncher: Starting Toontown Online...
:12-07-2019 14:53:36 TTOffLauncher: background: Launcher now operating in background
ToontownStart: Polling for game2 to finish...
ToontownStart: Game2 is finished.
ToontownStart: Starting the game.
ToontownStart: setting default font
:12-07-2019 14:53:36 TTOffLauncher: setting panda error code to 7
Known pipe types:
  wglGraphicsPipe
(all display modules loaded.)
:12-07-2019 14:53:37 ToonBase: Default graphics pipe is wglGraphicsPipe (OpenGL).
:12-07-2019 14:53:37 ToonBase: Successfully opened window of type wglGraphicsWindow (OpenGL)
:12-07-2019 14:53:37 ShowBase: __dev__ == False
:12-07-2019 14:53:37 TTOffLauncher: setting panda error code to 11
:12-07-2019 14:53:37 TTOffLauncher: setting panda error code to 0
ToontownStart: Loading default gui sounds
ToontownStart: serverVersion:  tto-dev
:12-07-2019 14:53:37 Loader: starting bulk load of block 'init'
:12-07-2019 14:53:42 :nativenet(error): Buffered_DatagramConnection Constructor rbufsize = 4096000 wbufsize = 4096000 write_flush_point = 1400
:12-07-2019 14:53:42 OTPClientRepository: Using connect method 'http'
:12-07-2019 14:53:46 TTOffLauncher: getRegistry ('DEPLOYMENT', None)
:12-07-2019 14:53:46 TTOffLauncher: checking env
:12-07-2019 14:53:46 TTOffLauncher: getRegistry ('GAME_DEPLOYMENT', None)
:12-07-2019 14:53:46 TTOffLauncher: checking env
:12-07-2019 14:53:46 OTPClientRepository: reg_deployment=
:12-07-2019 14:53:46 OTPClientRepository: required-login auto.
:12-07-2019 14:53:46 OTPClientRepository: loginInterface: LoginTTOffAccount
:12-07-2019 14:53:46 TTOffLauncher: getNeedPwForSecretKey using ttoff-specific-login
:12-07-2019 14:53:46 Loader: At end of block 'init', expected 138, loaded 12, duration=9.2195685
:12-07-2019 14:53:46 OTPClientRepository: Connecting to gameserver directly (no proxy).
:12-07-2019 14:53:46 OTPClientRepository: Connecting to //127.0.0.1:7198 via HTTP interface.
:12-07-2019 14:53:46 TTOffLauncher: Stopping mini task manager.
:12-07-2019 14:53:46 OTPClientRepository: Successfully connected to //127.0.0.1:7198.
:12-07-2019 14:53:46 TTOffLauncher: Setting Disconnect Details normal
{401000001: <toontown.distributed.ToontownDistrict.ToontownDistrict instance at 0x000000001D540748>}
:12-07-2019 14:53:47 StateData: AvatarChooser.enter
:12-07-2019 14:53:47 DisplayOptions: settingsFullScreen = False, embedded = False width=800 height=600
:12-07-2019 14:53:47 StateData: calling self.displayOptions.restrictToEmbedded(False)
:12-07-2019 14:53:51 OTPClientRepository: ================
:12-07-2019 14:53:51 OTPClientRepository: Chose avatar id: 100000014
:12-07-2019 14:53:51 OTPClientRepository: Chose avatar name: Hollybae
:12-07-2019 14:53:51 OTPClientRepository: Chose avatar dna: ('css', 'ms', 'm', 'm', 16, 0, 16, 16, 113, 27, 18, 27, 7, 21)
:12-07-2019 14:53:51 OTPClientRepository: Chose avatar position: 5
:12-07-2019 14:53:51 OTPClientRepository: isPaid: 1
:12-07-2019 14:53:51 OTPClientRepository: freeTimeLeft: 0
:12-07-2019 14:53:51 OTPClientRepository: allowSecretChat: True
:12-07-2019 14:53:51 OTPClientRepository: ================
:12-07-2019 14:53:51 Loader: starting bulk load of block 'localAvatarPlayGame'
:12-07-2019 14:53:52 ToontownTimeManager(warning): error parsing date string=
local
:12-07-2019 14:53:52 NewsPageButtonManager(warning): Should not get here. NewsPageButtonManager.exitOff
:12-07-2019 14:53:53 :pnmimage:png(warning): iCCP: known incorrect sRGB profile
:12-07-2019 14:53:54 OTPClientRepository: Entering shard 401000001
:12-07-2019 14:53:54 StreetSign: Street sign url is https://ttoffline.com/images/
:12-07-2019 14:53:56 StreetSign: Street Sign is up to date
:12-07-2019 14:53:56 TimeManager: Clock sync: TimeManager.announceGenerate
:12-07-2019 14:53:56 NewsManager: setHolidayId: Starting Holiday 20
:12-07-2019 14:53:56 InGameNewsMgr: latestIssue=2013-08-22 16:49:46.000003-07:00
cpu info: GenuineIntel|Intel(R) Core(TM) i7-8700K CPU @ 3.70GHz|591594|0|3.701,3.701|6,12 cpus
:12-07-2019 14:53:58 OTPClientRepository: No sync from TimeManager.
:12-07-2019 14:53:58 OTPClientRepository: gotTimeSync
:12-07-2019 14:53:58 Loader: At end of block 'localAvatarPlayGame', expected 400, loaded 14, duration=6.4046073
:12-07-2019 14:53:58 OTPClientRepository: Sending heartbeat mid-frame.
:12-07-2019 14:53:58 TimeManager: Clock sync roundtrip took 1859.272 ms
:12-07-2019 14:53:58 TimeManager: AI time delta is -0:02 from server delta
:12-07-2019 14:53:58 TimeManager: Local clock uncertainty +/- 0.930 s
:12-07-2019 14:53:58 PlayGame: QA-REGRESSION: NEIGHBORHOODS: Visit Lawbot HQ
:12-07-2019 14:53:58 Loader: starting bulk load of block 'hood'
:12-07-2019 14:53:59 LawbotCogHQLoader: loadPlaceGeom: 13000
:12-07-2019 14:53:59 DistributedObject: DistributedSuitPlanner 401002972: generating
:12-07-2019 14:53:59 DistributedToon: calling LocalAvatar.startchat
:12-07-2019 14:53:59 :loader(error): Couldn't load file phase_4/models/questmap/cog_hq_lawbot_maps.bam: not found on model path (currently: "/;/d/hollybae/Aly/Toontown-School-House/toontown/launcher;/c/Panda3D-1.11.0-x64/etc/..;/c/Panda3D-1.11.0-x64/etc/../models")
:12-07-2019 14:54:00 Loader: At end of block 'hood', expected 2, loaded 7, duration=1.6056506
:12-07-2019 14:54:01 Teleport(debug): teleportInDone: walk
:12-07-2019 14:54:01 :loader(error): Couldn't load file phase_4/models/questmap/cog_hq_lawbot_maps.bam: not found on model path (currently: "/;/d/hollybae/Aly/Toontown-School-House/toontown/launcher;/c/Panda3D-1.11.0-x64/etc/..;/c/Panda3D-1.11.0-x64/etc/../models")
:12-07-2019 14:54:13 TTOffMagicWordManager: Ta-da!
:12-07-2019 14:54:16 TTOffMagicWordManager: Run mode has been toggled.
:12-07-2019 14:54:22 LawbotCogHQLoader: loadPlaceGeom: 13100
:12-07-2019 14:54:22 LawbotCogHQLoader: QA-REGRESSION: COGHQ: Visit LawbotLobby
:12-07-2019 14:54:22 LawbotHQExterior: Unloading Place (13000). Fsm in final
:12-07-2019 14:54:22 DistributedObject: DistributedSuitPlanner 401002972: disabling
:12-07-2019 14:54:22 DistributedToon: calling LocalAvatar.startchat
:12-07-2019 14:54:22 :loader(error): Couldn't load file phase_4/models/questmap/cog_hq_lawbot_maps.bam: not found on model path (currently: "/;/d/hollybae/Aly/Toontown-School-House/toontown/launcher;/c/Panda3D-1.11.0-x64/etc/..;/c/Panda3D-1.11.0-x64/etc/../models")
:12-07-2019 14:54:23 :loader(error): Couldn't load file phase_4/models/questmap/cog_hq_lawbot_maps.bam: not found on model path (currently: "/;/d/hollybae/Aly/Toontown-School-House/toontown/launcher;/c/Panda3D-1.11.0-x64/etc/..;/c/Panda3D-1.11.0-x64/etc/../models")
:12-07-2019 14:54:32 TTOffMagicWordManager: Gave Hollybae an infinite amount of pies
:12-07-2019 14:54:33 TTOffMagicWordManager: Run mode has been toggled.
:12-07-2019 14:54:36 LawbotCogHQLoader: loadPlaceGeom: 61000
:12-07-2019 14:54:36 LawbotCogHQLoader(warning): loadPlaceGeom: unclassified zone 61000
:12-07-2019 14:54:36 CogHQLobby: Unloading Place (13100). Fsm in final
:12-07-2019 14:54:37 DistributedLawbotBoss(warning): Not a collision node: LawbotCourtroom3.egg/-PandaNode/CR3/interior/CR3_Floor
:12-07-2019 14:54:37 DistributedToon: calling LocalAvatar.startchat
:12-07-2019 14:54:37 LawbotHQBossBattle(warning): fsm.request('movie') returned 0 (zone id 61000, avatar pos LPoint3f(-0.363562, -126.204, 0.193903)).
:12-07-2019 14:54:42 TTOffMagicWordManager: Restarting Scale Round
:12-07-2019 14:58:38 GarbageCollect(warning): garbage found, reverting gc threshold
frame rate: 257.1 fps|0.001d|13 avs||317|318||0x0000|0x0000|967.2MB|1136.6MB|16235.6MB|560|nt.2.6.2|3.701,3.701|6,12 cpus|OpenGL
:12-07-2019 15:00:00 NewsManager: setHolidayId: Ending Holiday 20
:12-07-2019 15:00:05 NewsManager: setHolidayId: Starting Holiday 19
:12-07-2019 15:02:44 :linmath(warning): Tried to invert singular LMatrix3.
frame rate: 225.0 fps|0.001d|13 avs||617|618||0x0000|0x0000|1277.8MB|1450.7MB|16235.6MB|663|nt.2.6.2|3.701,3.701|6,12 cpus|OpenGL
frame rate: 219.4 fps|0.001d|13 avs||917|918||0x0000|0x0000|1619.8MB|1793.4MB|16235.6MB|773|nt.2.6.2|3.701,3.701|6,12 cpus|OpenGL
adding timeout task
adding timeout task
frame rate: 217.6 fps|0.001d|13 avs||1217|1218||0x0000|0x0000|1299.7MB|2071.2MB|16235.6MB|899|nt.2.6.2|3.701,3.701|6,12 cpus|OpenGL
adding timeout task
adding timeout task
frame rate: 263.4 fps|0.000d|13 avs||1517|1518||0x0000|0x0000|1503.8MB|2352.9MB|16235.6MB|993|nt.2.6.2|3.701,3.701|6,12 cpus|OpenGL
adding timeout task
adding timeout task
:12-07-2019 15:23:54 TimeManager: Clock sync: timer
frame rate: 270.3 fps|0.000d|13 avs||1817|1818||0x0000|0x0000|1550.3MB|2626.0MB|16235.6MB|1088|nt.2.6.2|3.701,3.701|6,12 cpus|OpenGL
:12-07-2019 15:23:54 TimeManager: Clock sync roundtrip took 63.963 ms
:12-07-2019 15:23:54 TimeManager: AI time delta is -0:00 from server delta
:12-07-2019 15:23:54 ClockDelta: previous delta at -0.209 s, +/- 1.429 s.
:12-07-2019 15:23:54 ClockDelta: new delta at -1.122 s, +/- 0.032 s.
:12-07-2019 15:23:54 ClockDelta: intersection at -1.122 s, +/- 0.032 s.
:12-07-2019 15:23:54 TimeManager: Local clock uncertainty +/- 0.032 s
frame rate: 258.1 fps|0.001d|13 avs||2117|2118||0x0000|0x0000|1819.3MB|2896.6MB|16235.6MB|1556|nt.2.6.2|3.701,3.701|6,12 cpus|OpenGL
adding timeout task
adding timeout task
frame rate: 256.8 fps|0.001d|13 avs||2417|2418||0x0000|0x0000|2084.0MB|3165.1MB|16235.6MB|1647|nt.2.6.2|3.701,3.701|6,12 cpus|OpenGL
frame rate: 237.9 fps|0.001d|13 avs||2717|2718||0x0000|0x0000|2362.0MB|3444.8MB|16235.6MB|1745|nt.2.6.2|3.701,3.701|6,12 cpus|OpenGL
:12-07-2019 15:40:45 TTOffMagicWordManager: Abracadabra!
frame rate: 535.3 fps|0.000d|13 avs||3262|3018||0x0000|0x0000|2938.7MB|4021.7MB|16235.6MB|1988|nt.2.6.2|3.701,3.701|6,12 cpus|OpenGL
frame rate: 603.6 fps|0.000d|13 avs||3862|3318||0x0000|0x0000|2680.8MB|4627.6MB|16235.6MB|2204|nt.2.6.2|3.701,3.701|6,12 cpus|OpenGL
:12-07-2019 15:58:42 TTOffMagicWordManager: Presto!
:12-07-2019 16:04:45 ToonBase: User closed main window.
:12-07-2019 16:04:45 TimeManager: Client disconnect reason 2.
:12-07-2019 16:04:46 LawbotHQBossBattle: Unloading Place (61000). Fsm in final
:12-07-2019 16:04:46 OTPClientRepository(warning): unclean exit, abandoning shard
ignoring InputState-forward
:12-07-2019 16:04:46 OTPClientRepository: sending clientLogout
:12-07-2019 16:04:46 LocalAvatar(warning): redundant call to stopUpdateSmartCamera
:12-07-2019 16:04:46 OTPClientRepository: Sent disconnect message to server
:12-07-2019 16:04:46 OTPClientRepository: Closing connection to server.
:12-07-2019 16:04:46 OTPClientRepository: Exiting cleanly
:12-07-2019 16:04:46 ToonBase: Exiting Toontown: errorCode = None
:12-07-2019 16:04:46 TTOffLauncher: setting panda error code to 0
:12-07-2019 16:04:46 TTOffLauncher: Normal exit.
