

Starting Toontown Online...
Current time: Wed Nov 13 05:05:43 2019 Arabian Standard Time
sys.path =  ['', 'C:\\Panda3D-1.11.0-x64\\python\\python27.zip', 'C:\\Panda3D-1.11.0-x64', 'C:\\Panda3D-1.11.0-x64\\python\\DLLs', 'C:\\Panda3D-1.11.0-x64\\python\\lib', 'C:\\Panda3D-1.11.0-x64\\python\\lib\\plat-win', 'C:\\Panda3D-1.11.0-x64\\python\\lib\\lib-tk', 'C:\\Panda3D-1.11.0-x64\\python', 'C:\\Panda3D-1.11.0-x64\\bin', 'C:\\Panda3D-1.11.0-x64\\python\\lib\\site-packages']
sys.argv =  ['C:\\Users\\alyaz\\Documents\\GitHub\\Toontown-School-House\\toontown\\launcher\\TTOffQuickStartLauncher.py']
generating standard configrc
os.environ =  {'TMP': 'C:\\Users\\alyaz\\AppData\\Local\\Temp', 'COMPUTERNAME': 'DESKTOP-5K6UCTT', 'USERDOMAIN': 'DESKTOP-5K6UCTT', 'INTEL_DEV_REDIST': 'C:\\Program Files (x86)\\Common Files\\Intel\\Shared Libraries\\', 'PSMODULEPATH': 'C:\\Program Files\\WindowsPowerShell\\Modules;C:\\WINDOWS\\system32\\WindowsPowerShell\\v1.0\\Modules', 'COMMONPROGRAMFILES': 'C:\\Program Files\\Common Files', 'PROCESSOR_IDENTIFIER': 'Intel64 Family 6 Model 94 Stepping 3, GenuineIntel', 'LOGONSERVER': '\\\\DESKTOP-5K6UCTT', 'VBOX_MSI_INSTALL_PATH': 'C:\\Program Files\\Oracle\\VirtualBox\\', 'PROGRAMFILES': 'C:\\Program Files', 'PROCESSOR_REVISION': '5e03', 'PATH': 'C:\\Panda3D-1.11.0-x64\\panda3d\\..\\bin;C:\\Program Files (x86)\\Common Files\\Intel\\Shared Libraries\\redist\\intel64\\compiler;C:\\Program Files (x86)\\Razer Chroma SDK\\bin;C:\\Program Files\\Razer Chroma SDK\\bin;C:\\ProgramData\\Oracle\\Java\\javapath;C:\\Program Files (x86)\\Intel\\iCLS Client\\;C:\\Program Files\\Intel\\iCLS Client\\;C:\\Windows\\system32;C:\\Windows;C:\\Windows\\System32\\Wbem;C:\\Windows\\System32\\WindowsPowerShell\\v1.0\\;C:\\Program Files (x86)\\Intel\\Intel(R) Management Engine Components\\DAL;C:\\Program Files\\Intel\\Intel(R) Management Engine Components\\DAL;C:\\Program Files (x86)\\Intel\\Intel(R) Management Engine Components\\IPT;C:\\Program Files\\Intel\\Intel(R) Management Engine Components\\IPT;C:\\Program Files (x86)\\NVIDIA Corporation\\PhysX\\Common;C:\\WINDOWS\\system32;C:\\WINDOWS;C:\\WINDOWS\\System32\\Wbem;C:\\WINDOWS\\System32\\WindowsPowerShell\\v1.0\\;C:\\Program Files (x86)\\Windows Live\\Shared;C:\\Program Files\\Intel\\WiFi\\bin\\;C:\\Program Files\\Common Files\\Intel\\WirelessCommon\\;C:\\Program Files (x86)\\Gpg4win\\..\\GnuPG\\bin;C:\\WINDOWS\\system32\\config\\systemprofile\\AppData\\Local\\Microsoft\\WindowsApps;C:\\WINDOWS\\system32;C:\\WINDOWS;C:\\WINDOWS\\System32\\Wbem;C:\\WINDOWS\\System32\\WindowsPowerShell\\v1.0\\;C:\\WINDOWS\\System32\\OpenSSH\\;C:\\Program Files\\NVIDIA Corporation\\NVIDIA NvDLISR;C:\\Program Files\\Git\\cmd;C:\\Program Files\\PuTTY\\;C:\\Program Files (x86)\\QuickTime\\QTSystem\\;C:\\Panda3D-1.11.0-x64\\bin;C:\\Users\\alyaz\\AppData\\Local\\Programs\\Python\\Python37-32\\Scripts;C:\\Users\\alyaz\\AppData\\Local\\Programs\\Python\\Python37-32;C:\\Users\\alyaz\\AppData\\Local\\Microsoft\\WindowsApps;C:\\Users\\NSI\\AppData\\Local\\GitHubDesktop\\bin;C:\\Users\\alyaz\\AppData\\Local\\Programs\\Microsoft VS Code\\bin;C:\\Users\\alyaz\\AppData\\Local\\atom\\bin;C:\\Panda3D-1.11.0\\python;C:\\Panda3D-1.11.0\\python\\Scripts;C:\\Panda3D-1.11.0\\bin;C:\\Panda3D-1.11.0-x64\\python;C:\\Panda3D-1.11.0-x64\\python\\Scripts;C:\\Panda3D-1.11.0-x64\\bin;F:\\Python3\\TTSH\\TTSH-py3\\Panda3D-1.11.0-x64\\python;F:\\Python3\\TTSH\\TTSH-py3\\Panda3D-1.11.0-x64\\python\\Scripts;F:\\Python3\\TTSH\\TTSH-py3\\Panda3D-1.11.0-x64\\bin;F:\\Panda3D-1.10.4.1-x64\\python;F:\\Panda3D-1.10.4.1-x64\\python\\Scripts;F:\\Panda3D-1.10.4.1-x64\\bin;C:\\Panda3D-1.10.4.1-x64\\python;C:\\Panda3D-1.10.4.1-x64\\python\\Scripts;C:\\Panda3D-1.10.4.1-x64\\bin;C:\\Panda3D-1.10.0-x64\\python;C:\\Panda3D-1.10.0-x64\\python\\Scripts;C:\\Panda3D-1.10.0-x64\\bin;F:\\PYTHON-3\\TOONTOWN-SOURCES\\CorporateClash-python3\\Panda3D-1.10.0-x64\\python;F:\\PYTHON-3', 'SYSTEMROOT': 'C:\\WINDOWS', 'MIC_LD_LIBRARY_PATH': 'C:\\Program Files (x86)\\Common Files\\Intel\\Shared Libraries\\compiler\\lib\\mic', 'COMSPEC': 'C:\\WINDOWS\\system32\\cmd.exe', 'DRIVERDATA': 'C:\\Windows\\System32\\Drivers\\DriverData', 'PPYTHON_PATH': '"C:\\Panda3D-1.11.0-x64\\python\\ppython.exe"', 'TEMP': 'C:\\Users\\alyaz\\AppData\\Local\\Temp', 'COMMONPROGRAMFILES(X86)': 'C:\\Program Files (x86)\\Common Files', 'PROCESSOR_ARCHITECTURE': 'AMD64', 'PROGRAMFILES(X86)': 'C:\\Program Files (x86)', 'ALLUSERSPROFILE': 'C:\\ProgramData', 'LOCALAPPDATA': 'C:\\Users\\alyaz\\AppData\\Local', 'HOMEPATH': '\\Users\\alyaz', 'USERDOMAIN_ROAMINGPROFILE': 'DESKTOP-5K6UCTT', 'PROGRAMW6432': 'C:\\Program Files', 'USERNAME': 'alyaz', 'TOONIVERSAL_P3D': 'C:\\Users\\alyaz\\Desktop\\Panda3D-1.11.0\\python\\ppython', 'PROMPT': '$P$G', 'SESSIONNAME': 'Console', 'PROGRAMDATA': 'C:\\ProgramData', 'ONEDRIVE': 'C:\\Users\\alyaz\\OneDrive', 'PATHEXT': '.COM;.EXE;.BAT;.CMD;.VBS;.VBE;.JS;.JSE;.WSF;.WSH;.MSC', 'TTOFF_LOGIN_TOKEN': 'dev', 'ASL.LOG': 'Destination=file', 'WINDIR': 'C:\\WINDOWS', 'APPDATA': 'C:\\Users\\alyaz\\AppData\\Roaming', 'HOMEDRIVE': 'C:', 'SYSTEMDRIVE': 'C:', 'NUMBER_OF_PROCESSORS': '8', 'PROCESSOR_LEVEL': '6', 'COMMONPROGRAMW6432': 'C:\\Program Files\\Common Files', 'OS': 'Windows_NT', 'PUBLIC': 'C:\\Users\\Public', 'USERPROFILE': 'C:\\Users\\alyaz'}
:11-13-2019 05:05:43 TTOffLauncher: isTestServer: 0
:11-13-2019 05:05:43 TTOffLauncher: Game Server 127.0.0.1
:11-13-2019 05:05:43 TTOffLauncher: Starting Toontown Online... 
:11-13-2019 05:05:43 TTOffLauncher: foreground: Launcher now operating in foreground
useTTOffSpecificLogin=True
:11-13-2019 05:05:43 TTOffLauncher: maybeStartGame: starting game
:11-13-2019 05:05:43 TTOffLauncher: Starting Toontown Online...
:11-13-2019 05:05:43 TTOffLauncher: background: Launcher now operating in background
ToontownStart: Polling for game2 to finish...
ToontownStart: Game2 is finished.
ToontownStart: Starting the game.
ToontownStart: setting default font
:11-13-2019 05:05:44 TTOffLauncher: setting panda error code to 7
Known pipe types:
  wglGraphicsPipe
(all display modules loaded.)
:11-13-2019 05:05:44 ToonBase: Default graphics pipe is wglGraphicsPipe (OpenGL).
:11-13-2019 05:05:44 ToonBase: Successfully opened window of type wglGraphicsWindow (OpenGL)
:11-13-2019 05:05:44 ShowBase: __dev__ == False
:11-13-2019 05:05:44 TTOffLauncher: setting panda error code to 11
:11-13-2019 05:05:44 TTOffLauncher: setting panda error code to 0
ToontownStart: Loading default gui sounds
ToontownStart: serverVersion:  tto-dev
:11-13-2019 05:05:44 Loader: starting bulk load of block 'init'
:11-13-2019 05:05:45 :nativenet(error): Buffered_DatagramConnection Constructor rbufsize = 4096000 wbufsize = 4096000 write_flush_point = 1400
:11-13-2019 05:05:45 OTPClientRepository: Using connect method 'http'
:11-13-2019 05:05:46 TTOffLauncher: getRegistry ('DEPLOYMENT', None)
:11-13-2019 05:05:46 TTOffLauncher: checking env
:11-13-2019 05:05:46 TTOffLauncher: getRegistry ('GAME_DEPLOYMENT', None)
:11-13-2019 05:05:46 TTOffLauncher: checking env
:11-13-2019 05:05:46 OTPClientRepository: reg_deployment=
:11-13-2019 05:05:46 OTPClientRepository: required-login auto.
:11-13-2019 05:05:46 OTPClientRepository: loginInterface: LoginTTOffAccount
:11-13-2019 05:05:46 TTOffLauncher: getNeedPwForSecretKey using ttoff-specific-login
:11-13-2019 05:05:46 Loader: At end of block 'init', expected 138, loaded 6, duration=1.37307424225
:11-13-2019 05:05:46 OTPClientRepository: Connecting to gameserver directly (no proxy).
:11-13-2019 05:05:46 OTPClientRepository: Connecting to //127.0.0.1:7198 via HTTP interface.
:11-13-2019 05:05:46 TTOffLauncher: Stopping mini task manager.
:11-13-2019 05:05:46 OTPClientRepository: Successfully connected to //127.0.0.1:7198.
:11-13-2019 05:05:46 TTOffLauncher: Setting Disconnect Details normal
{401000001: <toontown.distributed.ToontownDistrict.ToontownDistrict instance at 0x000000001C3CE088>}
:11-13-2019 05:05:47 StateData: AvatarChooser.enter
:11-13-2019 05:05:47 DisplayOptions: settingsFullScreen = False, embedded = False width=800 height=600
:11-13-2019 05:05:47 StateData: calling self.displayOptions.restrictToEmbedded(False)
:11-13-2019 05:05:48 OTPClientRepository: ================
:11-13-2019 05:05:48 OTPClientRepository: Chose avatar id: 100000001
:11-13-2019 05:05:48 OTPClientRepository: Chose avatar name: Aeterna
:11-13-2019 05:05:48 OTPClientRepository: Chose avatar dna: ('css', 'ms', 'm', 'f', 20, 0, 21, 20, 3, 11, 3, 11, 8, 27)
:11-13-2019 05:05:48 OTPClientRepository: Chose avatar position: 1
:11-13-2019 05:05:48 OTPClientRepository: isPaid: 1
:11-13-2019 05:05:48 OTPClientRepository: freeTimeLeft: 0
:11-13-2019 05:05:48 OTPClientRepository: allowSecretChat: True
:11-13-2019 05:05:48 OTPClientRepository: ================
:11-13-2019 05:05:48 Loader: starting bulk load of block 'localAvatarPlayGame'
:11-13-2019 05:05:49 ToontownTimeManager(warning): error parsing date string=
local
:11-13-2019 05:05:49 NewsPageButtonManager(warning): Should not get here. NewsPageButtonManager.exitOff
:11-13-2019 05:05:49 :pnmimage:png(warning): iCCP: known incorrect sRGB profile
:11-13-2019 05:05:51 OTPClientRepository: Entering shard 401000001
:11-13-2019 05:05:51 StreetSign: Street sign url is https://ttoffline.com/images/
:11-13-2019 05:05:52 StreetSign: Street Sign is up to date
:11-13-2019 05:05:52 TimeManager: Clock sync: TimeManager.announceGenerate
:11-13-2019 05:05:52 InGameNewsMgr: latestIssue=2013-08-22 16:49:46.000003-07:00
cpu info: GenuineIntel|Intel(R) Core(TM) i7-6820HK CPU @ 2.70GHz|329443|0|2.701,2.701|4,8 cpus
:11-13-2019 05:05:53 OTPClientRepository: No sync from TimeManager.
:11-13-2019 05:05:53 OTPClientRepository: gotTimeSync
:11-13-2019 05:05:53 Loader: At end of block 'localAvatarPlayGame', expected 400, loaded 12, duration=5.31997766231
:11-13-2019 05:05:53 TimeManager: Clock sync roundtrip took 1092.246 ms
:11-13-2019 05:05:53 TimeManager: AI time delta is -0:01 from server delta
:11-13-2019 05:05:53 TimeManager: Local clock uncertainty +/- 0.546 s
:11-13-2019 05:05:53 QuietZoneState: Requesting AI redirect from zone 22000.
:11-13-2019 05:05:54 QuietZoneState: Redirecting to zone 22000.
:11-13-2019 05:05:54 PlayGame: QA-REGRESSION: NEIGHBORHOODS: Visit Toontown Central
:11-13-2019 05:05:54 Loader: starting bulk load of block 'hood'
:11-13-2019 05:05:55 DistributedObject(warning): no loader.getInteractiveProp self.interactiveProp is None
:11-13-2019 05:05:55 DistributedObject(warning): no loader.getInteractiveProp self.interactiveProp is None
:11-13-2019 05:05:55 DistributedObject(warning): no loader.getInteractiveProp self.interactiveProp is None
:11-13-2019 05:05:55 DistributedObject(warning): no loader.getInteractiveProp self.interactiveProp is None
:11-13-2019 05:05:55 DistributedObject(warning): no loader.getInteractiveProp self.interactiveProp is None
:11-13-2019 05:05:55 DistributedToon: calling LocalAvatar.startchat
:11-13-2019 05:05:55 Loader: At end of block 'hood', expected 8, loaded 6, duration=1.39852622565
:11-13-2019 05:05:56 Teleport(debug): teleportInDone: walk
:11-13-2019 05:05:57 ShtikerBook: QA-REGRESSION: SHTICKERBOOK: Open
OnscreenText.configure: mayChange == 0
OnscreenText.configure: mayChange == 0
OnscreenText.configure: mayChange == 0
OnscreenText.configure: mayChange == 0
:11-13-2019 05:05:58 ShtikerBook: QA-REGRESSION: SHTICKERBOOK: Close
:11-13-2019 05:06:04 Playground: Unloading Place (22000). Fsm in final
:11-13-2019 05:06:04 PlayGame: QA-REGRESSION: NEIGHBORHOODS: Visit Lawbot HQ
:11-13-2019 05:06:04 Loader: starting bulk load of block 'hood'
:11-13-2019 05:06:04 LawbotCogHQLoader: loadPlaceGeom: 13000
:11-13-2019 05:06:04 DistributedObject: DistributedSuitPlanner 401002977: generating
:11-13-2019 05:06:04 DistributedToon: calling LocalAvatar.startchat
:11-13-2019 05:06:04 :loader(error): Couldn't load file phase_4/models/questmap/cog_hq_lawbot_maps.bam: not found on model path (currently: "/;/c/Users/alyaz/Documents/GitHub/Toontown-School-House/toontown/launcher;/c/Panda3D-1.11.0-x64/etc/..;/c/Panda3D-1.11.0-x64/etc/../models")
:11-13-2019 05:06:04 Loader: At end of block 'hood', expected 2, loaded 3, duration=0.803436591682
:11-13-2019 05:06:06 Teleport(debug): teleportInDone: walk
:11-13-2019 05:06:06 :loader(error): Couldn't load file phase_4/models/questmap/cog_hq_lawbot_maps.bam: not found on model path (currently: "/;/c/Users/alyaz/Documents/GitHub/Toontown-School-House/toontown/launcher;/c/Panda3D-1.11.0-x64/etc/..;/c/Panda3D-1.11.0-x64/etc/../models")
:11-13-2019 05:06:08 TTOffMagicWordManager: Run mode has been toggled.
:11-13-2019 05:06:17 LawbotCogHQLoader: loadPlaceGeom: 13100
:11-13-2019 05:06:17 LawbotCogHQLoader: QA-REGRESSION: COGHQ: Visit LawbotLobby
:11-13-2019 05:06:17 LawbotHQExterior: Unloading Place (13000). Fsm in final
:11-13-2019 05:06:17 DistributedObject: DistributedSuitPlanner 401002977: disabling
:11-13-2019 05:06:17 DistributedToon: calling LocalAvatar.startchat
:11-13-2019 05:06:17 :loader(error): Couldn't load file phase_4/models/questmap/cog_hq_lawbot_maps.bam: not found on model path (currently: "/;/c/Users/alyaz/Documents/GitHub/Toontown-School-House/toontown/launcher;/c/Panda3D-1.11.0-x64/etc/..;/c/Panda3D-1.11.0-x64/etc/../models")
:11-13-2019 05:06:19 :loader(error): Couldn't load file phase_4/models/questmap/cog_hq_lawbot_maps.bam: not found on model path (currently: "/;/c/Users/alyaz/Documents/GitHub/Toontown-School-House/toontown/launcher;/c/Panda3D-1.11.0-x64/etc/..;/c/Panda3D-1.11.0-x64/etc/../models")
:11-13-2019 05:06:31 LawbotCogHQLoader: loadPlaceGeom: 61000
:11-13-2019 05:06:31 LawbotCogHQLoader(warning): loadPlaceGeom: unclassified zone 61000
:11-13-2019 05:06:31 CogHQLobby: Unloading Place (13100). Fsm in final
:11-13-2019 05:06:31 DistributedLawbotBoss(warning): Not a collision node: LawbotCourtroom3.egg/-PandaNode/CR3/interior/CR3_Floor
:11-13-2019 05:06:32 DistributedToon: calling LocalAvatar.startchat
:11-13-2019 05:06:32 LawbotHQBossBattle(warning): fsm.request('movie') returned 0 (zone id 61000, avatar pos LPoint3f(-0.363562, -126.204, 0.193903)).
:11-13-2019 05:06:35 TTOffMagicWordManager: Ta-da!
:11-13-2019 05:06:46 OTPClientRepository: Sending heartbeat mid-frame.
:11-13-2019 05:06:46 LawbotHQBossBattle(warning): fsm.request('movie') returned 0 (zone id 61000, avatar pos LPoint3f(-0.363562, -126.204, 0.193903)).
:11-13-2019 05:06:51 TTOffMagicWordManager: Uh-oh! This Magic Word doesn't exist!
:11-13-2019 05:06:54 TTOffMagicWordManager: Presto!
Battle Event localtoon-battle-event-3
:11-13-2019 05:07:22 TTOffMagicWordManager: Skipping current round...
:11-13-2019 05:07:58 Actor(warning): no part named head-front*!
:11-13-2019 05:08:00 TTOffMagicWordManager: Run mode has been toggled.
:11-13-2019 05:08:16 LawbotHQBossBattle(warning): fsm.request('crane') returned 0 (zone id 61000, avatar pos LPoint3f(-80.0681, 6.60077, 0)).
:11-13-2019 05:08:16 Actor(warning): no part named head-front*!
:11-13-2019 05:08:37 LawbotHQBossBattle(warning): fsm.request('crane') returned 0 (zone id 61000, avatar pos LPoint3f(-80.0524, 6.60045, 0)).
:11-13-2019 05:08:37 Actor(warning): no part named head-front*!
:11-13-2019 05:08:40 Actor(warning): no part named head-front*!
:11-13-2019 05:08:41 LawbotHQBossBattle(warning): fsm.request('crane') returned 0 (zone id 61000, avatar pos LPoint3f(-80.0524, 6.60045, 0)).
:11-13-2019 05:08:41 Actor(warning): no part named head-front*!
:11-13-2019 05:08:43 Actor(warning): no part named head-front*!
:11-13-2019 05:08:44 LawbotHQBossBattle(warning): fsm.request('crane') returned 0 (zone id 61000, avatar pos LPoint3f(-80.2719, 6.61235, 0)).
:11-13-2019 05:08:44 Actor(warning): no part named head-front*!
:11-13-2019 05:08:47 Actor(warning): no part named head-front*!
:11-13-2019 05:08:48 LawbotHQBossBattle(warning): fsm.request('crane') returned 0 (zone id 61000, avatar pos LPoint3f(-80.6084, 6.66234, 0)).
:11-13-2019 05:08:48 Actor(warning): no part named head-front*!
:11-13-2019 05:08:51 Actor(warning): no part named head-front*!
:11-13-2019 05:08:52 LawbotHQBossBattle(warning): fsm.request('crane') returned 0 (zone id 61000, avatar pos LPoint3f(-80.6084, 6.66234, 0)).
:11-13-2019 05:08:52 Actor(warning): no part named head-front*!
:11-13-2019 05:08:54 Actor(warning): no part named head-front*!
:11-13-2019 05:08:55 LawbotHQBossBattle(warning): fsm.request('crane') returned 0 (zone id 61000, avatar pos LPoint3f(-80.3032, 6.61536, 0)).
:11-13-2019 05:08:55 Actor(warning): no part named head-front*!
:11-13-2019 05:08:58 Actor(warning): no part named head-front*!
:11-13-2019 05:08:59 LawbotHQBossBattle(warning): fsm.request('crane') returned 0 (zone id 61000, avatar pos LPoint3f(-80.0471, 6.60036, 0)).
:11-13-2019 05:08:59 Actor(warning): no part named head-front*!
:11-13-2019 05:09:01 Actor(warning): no part named head-front*!
:11-13-2019 05:09:02 LawbotHQBossBattle(warning): fsm.request('crane') returned 0 (zone id 61000, avatar pos LPoint3f(-79.7229, 6.61282, 0)).
:11-13-2019 05:09:02 Actor(warning): no part named head-front*!
:11-13-2019 05:09:05 Actor(warning): no part named head-front*!
:11-13-2019 05:09:06 LawbotHQBossBattle(warning): fsm.request('crane') returned 0 (zone id 61000, avatar pos LPoint3f(-79.4739, 6.64649, 0)).
:11-13-2019 05:09:06 Actor(warning): no part named head-front*!
:11-13-2019 05:09:06 OTPClientRepository: Sending heartbeat mid-frame.
:11-13-2019 05:09:08 Actor(warning): no part named head-front*!
:11-13-2019 05:09:09 LawbotHQBossBattle(warning): fsm.request('finalBattle') returned 0 (zone id 61000, avatar pos LPoint3f(2.89228, 0.796668, 0)).
Traceback (most recent call last):
  File "C:\Panda3D-1.11.0-x64\direct\distributed\ConnectionRepository.py", line 609, in readerPollUntilEmpty
    while self.readerPollOnce():
  File "C:\Panda3D-1.11.0-x64\direct\distributed\ConnectionRepository.py", line 616, in readerPollOnce
    self.handleDatagram(self.private__di)
  File "otp\distributed\OTPClientRepository.py", line 1838, in handleDatagram
    self.handler(msgType, di)
  File "otp\distributed\OTPClientRepository.py", line 1437, in handlePlayGame
    self.handleGenerateWithRequired(di)
  File "otp\distributed\OTPClientRepository.py", line 1923, in handleGenerateWithRequired
    return self.__doGenerate(doId, parentId, zoneId, classId, di, other)
  File "otp\distributed\OTPClientRepository.py", line 1987, in __doGenerate
    distObj = self.generateWithRequiredFields(dclass, doId, di, parentId, zoneId)
  File "C:\Panda3D-1.11.0-x64\direct\distributed\ClientRepositoryBase.py", line 264, in generateWithRequiredFields
    distObj.updateRequiredFields(dclass, di)
  File "C:\Panda3D-1.11.0-x64\direct\distributed\DistributedObject.py", line 342, in updateRequiredFields
    self.announceGenerate()
  File "toontown\suit\DistributedLawbotBossSuit.py", line 50, in announceGenerate
    self.attackEvidenceA = self.getEvidence(True)
  File "toontown\suit\DistributedLawbotBossSuit.py", line 237, in getEvidence
    sphere = CollisionSphere(center.getX(), center.getY(), center.getZ(), radius)
NameError: global name 'CollisionSphere' is not defined
:11-13-2019 05:09:24 :task(error): Exception occurred in PythonTask readerPollTask-80344272
:11-13-2019 05:09:24 TTOffLauncher: setting panda error code to 12
:11-13-2019 05:09:24 TTOffLauncher(warning): Handling Python exception.
:11-13-2019 05:09:24 TimeManager: Client disconnect reason 3.
:11-13-2019 05:09:24 TimeManager: Client exception: toontown.suit.DistributedLawbotBossSuit:236, toontown.suit.DistributedLawbotBossSuit:50, direct.distributed.DistributedObject:342, direct.distributed.ClientRepositoryBase:264, NameError: global name 'CollisionSphere' is not defined
:11-13-2019 05:09:24 OTPClientRepository: Sent disconnect message to server
:11-13-2019 05:09:24 OTPClientRepository: Closing connection to server.
:11-13-2019 05:09:24 TTOffLauncher: Exception exit.

Traceback (most recent call last):
  File "otp\launcher\LauncherBase.py", line 1081, in mainLoop
    self._runTaskManager()
  File "otp\launcher\LauncherBase.py", line 1052, in _runTaskManager
    taskMgr.run()
  File "C:\Panda3D-1.11.0-x64\direct\task\Task.py", line 528, in run
    self.step()
  File "C:\Panda3D-1.11.0-x64\direct\task\Task.py", line 482, in step
    self.mgr.poll()
  File "C:\Panda3D-1.11.0-x64\direct\distributed\ConnectionRepository.py", line 609, in readerPollUntilEmpty
    while self.readerPollOnce():
  File "C:\Panda3D-1.11.0-x64\direct\distributed\ConnectionRepository.py", line 616, in readerPollOnce
    self.handleDatagram(self.private__di)
  File "otp\distributed\OTPClientRepository.py", line 1838, in handleDatagram
    self.handler(msgType, di)
  File "otp\distributed\OTPClientRepository.py", line 1437, in handlePlayGame
    self.handleGenerateWithRequired(di)
  File "otp\distributed\OTPClientRepository.py", line 1923, in handleGenerateWithRequired
    return self.__doGenerate(doId, parentId, zoneId, classId, di, other)
  File "otp\distributed\OTPClientRepository.py", line 1987, in __doGenerate
    distObj = self.generateWithRequiredFields(dclass, doId, di, parentId, zoneId)
  File "C:\Panda3D-1.11.0-x64\direct\distributed\ClientRepositoryBase.py", line 264, in generateWithRequiredFields
    distObj.updateRequiredFields(dclass, di)
  File "C:\Panda3D-1.11.0-x64\direct\distributed\DistributedObject.py", line 342, in updateRequiredFields
    self.announceGenerate()
  File "toontown\suit\DistributedLawbotBossSuit.py", line 50, in announceGenerate
    self.attackEvidenceA = self.getEvidence(True)
  File "toontown\suit\DistributedLawbotBossSuit.py", line 237, in getEvidence
    sphere = CollisionSphere(center.getX(), center.getY(), center.getZ(), radius)
NameError: global name 'CollisionSphere' is not defined
