

Starting Toontown Online...
Current time: Wed Feb 26 18:53:30 2020 Eastern Standard Time
sys.path =  ['', 'C:\\Panda3D-1.11.0-x64\\python\\python27.zip', 'C:\\Panda3D-1.11.0-x64', 'C:\\Panda3D-1.11.0-x64\\python\\DLLs', 'C:\\Panda3D-1.11.0-x64\\python\\lib', 'C:\\Panda3D-1.11.0-x64\\python\\lib\\plat-win', 'C:\\Panda3D-1.11.0-x64\\python\\lib\\lib-tk', 'C:\\Panda3D-1.11.0-x64\\python', 'C:\\Panda3D-1.11.0-x64\\bin', 'C:\\Panda3D-1.11.0-x64\\python\\lib\\site-packages']
sys.argv =  ['D:\\hollybae\\Aly\\Toontown-School-House\\toontown\\launcher\\TTOffQuickStartLauncher.py']
generating standard configrc
os.environ =  {'TMP': 'C:\\Users\\holla\\AppData\\Local\\Temp', 'COMPUTERNAME': 'HOLLYBAES-PC', 'USERDOMAIN': 'HOLLYBAES-PC', 'INTEL_DEV_REDIST': 'C:\\Program Files (x86)\\Common Files\\Intel\\Shared Libraries\\', 'PSMODULEPATH': 'C:\\Program Files\\WindowsPowerShell\\Modules;C:\\WINDOWS\\system32\\WindowsPowerShell\\v1.0\\Modules', 'COMMONPROGRAMFILES': 'C:\\Program Files\\Common Files', 'PROCESSOR_IDENTIFIER': 'Intel64 Family 6 Model 158 Stepping 10, GenuineIntel', 'VBOX_MSI_INSTALL_PATH': 'C:\\Program Files\\Oracle\\VirtualBox\\', 'PROGRAMFILES': 'C:\\Program Files', 'PROCESSOR_REVISION': '9e0a', 'PATH': 'C:\\Panda3D-1.11.0-x64\\panda3d\\..\\bin;C:\\Program Files (x86)\\Razer\\ChromaBroadcast\\bin;C:\\Program Files\\Razer\\ChromaBroadcast\\bin;C:\\Program Files (x86)\\Common Files\\Intel\\Shared Libraries\\redist\\intel64_win\\compiler;C:\\Program Files (x86)\\Common Files\\Oracle\\Java\\javapath;C:\\Program Files (x86)\\Common Files\\Intel\\Shared Libraries\\redist\\intel64\\compiler;C:\\WINDOWS\\system32;C:\\WINDOWS;C:\\WINDOWS\\System32\\Wbem;C:\\WINDOWS\\System32\\WindowsPowerShell\\v1.0\\;C:\\WINDOWS\\System32\\OpenSSH\\;C:\\Program Files\\NVIDIA Corporation\\NVIDIA NGX;C:\\Program Files (x86)\\NVIDIA Corporation\\PhysX\\Common;C:\\Program Files\\NVIDIA Corporation\\NVIDIA NvDLISR;C:\\WINDOWS\\system32;C:\\WINDOWS;C:\\WINDOWS\\System32\\Wbem;C:\\WINDOWS\\System32\\WindowsPowerShell\\v1.0\\;C:\\WINDOWS\\System32\\OpenSSH\\;D:\\hollybae\\ffmpeg-4.1.3-win64-static\\ffmpeg-4.1.3-win64-static\\bin;C:\\Program Files\\dotnet\\;C:\\WINDOWS\\system32\\config\\systemprofile\\AppData\\Local\\Microsoft\\WindowsApps;C:\\Program Files (x86)\\QuickTime\\QTSystem\\;C:\\Users\\holla\\AppData\\Local\\Microsoft\\WindowsApps;C:\\Panda3D-1.10.4.1-x64\\python;C:\\Panda3D-1.10.4.1-x64\\python\\Scripts;C:\\Panda3D-1.10.4.1-x64\\bin;C:\\Panda3D-1.11.0-x64\\python;C:\\Panda3D-1.11.0-x64\\python\\Scripts;C:\\Panda3D-1.11.0-x64\\bin', 'SYSTEMROOT': 'C:\\WINDOWS', 'MIC_LD_LIBRARY_PATH': 'C:\\Program Files (x86)\\Common Files\\Intel\\Shared Libraries\\compiler\\lib\\intel64_win_mic', 'COMSPEC': 'C:\\WINDOWS\\system32\\cmd.exe', 'DRIVERDATA': 'C:\\Windows\\System32\\Drivers\\DriverData', 'PPYTHON_PATH': '"C:\\Panda3D-1.11.0-x64\\python\\ppython.exe"', 'TEMP': 'C:\\Users\\holla\\AppData\\Local\\Temp', 'COMMONPROGRAMFILES(X86)': 'C:\\Program Files (x86)\\Common Files', 'PROCESSOR_ARCHITECTURE': 'AMD64', 'PROGRAMFILES(X86)': 'C:\\Program Files (x86)', 'ALLUSERSPROFILE': 'C:\\ProgramData', 'LOCALAPPDATA': 'C:\\Users\\holla\\AppData\\Local', 'FPS_BROWSER_USER_PROFILE_STRING': 'Default', 'HOMEPATH': '\\Users\\holla', 'USERDOMAIN_ROAMINGPROFILE': 'HOLLYBAES-PC', 'PROGRAMW6432': 'C:\\Program Files', 'USERNAME': 'holla', 'LOGONSERVER': '\\\\HOLLYBAES-PC', 'PROMPT': '$P$G', 'SESSIONNAME': 'Console', 'PROGRAMDATA': 'C:\\ProgramData', 'ONEDRIVE': 'C:\\Users\\holla\\OneDrive - University of Guelph', 'FPS_BROWSER_APP_PROFILE_STRING': 'Internet Explorer', 'PATHEXT': '.COM;.EXE;.BAT;.CMD;.VBS;.VBE;.JS;.JSE;.WSF;.WSH;.MSC', 'TTOFF_LOGIN_TOKEN': 'dev', 'ONEDRIVECOMMERCIAL': 'C:\\Users\\holla\\OneDrive - University of Guelph', 'WINDIR': 'C:\\WINDOWS', 'APPDATA': 'C:\\Users\\holla\\AppData\\Roaming', 'HOMEDRIVE': 'C:', 'SYSTEMDRIVE': 'C:', 'NUMBER_OF_PROCESSORS': '12', 'PROCESSOR_LEVEL': '6', 'RG_GPU_FRAMEWORK_ENGINE_RESOURCEDIR': 'C:\\Program Files\\Red Giant\\RGFX', 'COMMONPROGRAMW6432': 'C:\\Program Files\\Common Files', 'OS': 'Windows_NT', 'PUBLIC': 'C:\\Users\\Public', 'USERPROFILE': 'C:\\Users\\holla'}
:02-26-2020 18:53:30 TTOffLauncher: isTestServer: 0
:02-26-2020 18:53:30 TTOffLauncher: Game Server 127.0.0.1
:02-26-2020 18:53:30 TTOffLauncher: Starting Toontown Online... 
:02-26-2020 18:53:30 TTOffLauncher: foreground: Launcher now operating in foreground
useTTOffSpecificLogin=True
:02-26-2020 18:53:30 TTOffLauncher: maybeStartGame: starting game
:02-26-2020 18:53:30 TTOffLauncher: Starting Toontown Online...
:02-26-2020 18:53:30 TTOffLauncher: background: Launcher now operating in background
ToontownStart: Polling for game2 to finish...
ToontownStart: Game2 is finished.
ToontownStart: Starting the game.
ToontownStart: setting default font
:02-26-2020 18:53:30 TTOffLauncher: setting panda error code to 7
Known pipe types:
  wglGraphicsPipe
(all display modules loaded.)
:02-26-2020 18:53:30 ToonBase: Default graphics pipe is wglGraphicsPipe (OpenGL).
:02-26-2020 18:53:30 ToonBase: Successfully opened window of type wglGraphicsWindow (OpenGL)
:02-26-2020 18:53:30 ShowBase: __dev__ == False
:02-26-2020 18:53:30 TTOffLauncher: setting panda error code to 11
:02-26-2020 18:53:30 TTOffLauncher: setting panda error code to 0
ToontownStart: Loading default gui sounds
ToontownStart: serverVersion:  tto-dev
:02-26-2020 18:53:30 Loader: starting bulk load of block 'init'
:02-26-2020 18:53:31 :nativenet(error): Buffered_DatagramConnection Constructor rbufsize = 4096000 wbufsize = 4096000 write_flush_point = 1400
:02-26-2020 18:53:31 OTPClientRepository: Using connect method 'http'
:02-26-2020 18:53:31 TTOffLauncher: getRegistry ('DEPLOYMENT', None)
:02-26-2020 18:53:31 TTOffLauncher: checking env
:02-26-2020 18:53:31 TTOffLauncher: getRegistry ('GAME_DEPLOYMENT', None)
:02-26-2020 18:53:31 TTOffLauncher: checking env
:02-26-2020 18:53:31 OTPClientRepository: reg_deployment=
:02-26-2020 18:53:31 OTPClientRepository: required-login auto.
:02-26-2020 18:53:31 OTPClientRepository: loginInterface: LoginTTOffAccount
:02-26-2020 18:53:31 TTOffLauncher: getNeedPwForSecretKey using ttoff-specific-login
:02-26-2020 18:53:31 Loader: At end of block 'init', expected 138, loaded 4, duration=1.0001958
:02-26-2020 18:53:31 OTPClientRepository: Connecting to gameserver directly (no proxy).
:02-26-2020 18:53:31 OTPClientRepository: Connecting to //127.0.0.1:7198 via HTTP interface.
:02-26-2020 18:53:31 TTOffLauncher: Stopping mini task manager.
:02-26-2020 18:53:31 OTPClientRepository: Successfully connected to //127.0.0.1:7198.
:02-26-2020 18:53:31 TTOffLauncher: Setting Disconnect Details normal
{401000001: <toontown.distributed.ToontownDistrict.ToontownDistrict instance at 0x000000001CA46548>}
:02-26-2020 18:53:32 StateData: AvatarChooser.enter
:02-26-2020 18:53:32 DisplayOptions: settingsFullScreen = False, embedded = False width=800 height=600
:02-26-2020 18:53:32 StateData: calling self.displayOptions.restrictToEmbedded(False)
:02-26-2020 18:53:33 OTPClientRepository: ================
:02-26-2020 18:53:33 OTPClientRepository: Chose avatar id: 100000014
:02-26-2020 18:53:33 OTPClientRepository: Chose avatar name: Hollybae
:02-26-2020 18:53:33 OTPClientRepository: Chose avatar dna: ('css', 'ms', 'm', 'm', 16, 0, 16, 16, 113, 27, 18, 27, 7, 21)
:02-26-2020 18:53:33 OTPClientRepository: Chose avatar position: 5
:02-26-2020 18:53:33 OTPClientRepository: isPaid: 1
:02-26-2020 18:53:33 OTPClientRepository: freeTimeLeft: 0
:02-26-2020 18:53:33 OTPClientRepository: allowSecretChat: True
:02-26-2020 18:53:33 OTPClientRepository: ================
:02-26-2020 18:53:33 Loader: starting bulk load of block 'localAvatarPlayGame'
:02-26-2020 18:53:33 ToontownTimeManager(warning): error parsing date string=
local
:02-26-2020 18:53:33 NewsPageButtonManager(warning): Should not get here. NewsPageButtonManager.exitOff
:02-26-2020 18:53:33 :pnmimage:png(warning): iCCP: known incorrect sRGB profile
:02-26-2020 18:53:35 OTPClientRepository: Entering shard 401000001
:02-26-2020 18:53:35 StreetSign: Street sign url is https://ttoffline.com/images/
:02-26-2020 18:53:36 StreetSign: Street Sign is up to date
:02-26-2020 18:53:36 TimeManager: Clock sync: TimeManager.announceGenerate
:02-26-2020 18:53:36 NewsManager: setHolidayId: Starting Holiday 7
:02-26-2020 18:53:36 InGameNewsMgr: latestIssue=2013-08-22 16:49:46.000003-07:00
cpu info: GenuineIntel|Intel(R) Core(TM) i7-8700K CPU @ 3.70GHz|591594|0|3.701,3.701|6,12 cpus
:02-26-2020 18:53:37 OTPClientRepository: No sync from TimeManager.
:02-26-2020 18:53:37 OTPClientRepository: gotTimeSync
:02-26-2020 18:53:37 Loader: At end of block 'localAvatarPlayGame', expected 400, loaded 8, duration=4.0063756
:02-26-2020 18:53:37 TimeManager: Clock sync roundtrip took 1092.984 ms
:02-26-2020 18:53:37 TimeManager: AI time delta is -0:01 from server delta
:02-26-2020 18:53:37 TimeManager: Local clock uncertainty +/- 0.547 s
:02-26-2020 18:53:37 PlayGame: QA-REGRESSION: NEIGHBORHOODS: Visit Lawbot HQ
:02-26-2020 18:53:37 Loader: starting bulk load of block 'hood'
:02-26-2020 18:53:38 LawbotCogHQLoader: loadPlaceGeom: 13000
:02-26-2020 18:53:38 DistributedObject: DistributedSuitPlanner 401002972: generating
:02-26-2020 18:53:38 DistributedToon: calling LocalAvatar.startchat
:02-26-2020 18:53:38 :loader(error): Couldn't load file phase_4/models/questmap/cog_hq_lawbot_maps.bam: not found on model path (currently: "/;/d/hollybae/Aly/Toontown-School-House/toontown/launcher;/c/Panda3D-1.11.0-x64/etc/..;/c/Panda3D-1.11.0-x64/etc/../models")
:02-26-2020 18:53:38 Loader: At end of block 'hood', expected 2, loaded 5, duration=1.0420403
:02-26-2020 18:53:40 Teleport(debug): teleportInDone: walk
:02-26-2020 18:53:40 :loader(error): Couldn't load file phase_4/models/questmap/cog_hq_lawbot_maps.bam: not found on model path (currently: "/;/d/hollybae/Aly/Toontown-School-House/toontown/launcher;/c/Panda3D-1.11.0-x64/etc/..;/c/Panda3D-1.11.0-x64/etc/../models")
:02-26-2020 18:53:41 TTOffMagicWordManager: Gave Hollybae an infinite amount of pies
:02-26-2020 18:54:01 TimeManager: Clock sync: user hotkey
:02-26-2020 18:54:01 TimeManager: Clock sync roundtrip took 53.032 ms
:02-26-2020 18:54:01 TimeManager: AI time delta is -0:00 from server delta
:02-26-2020 18:54:01 ClockDelta: previous delta at -0.974 s, +/- 0.553 s.
:02-26-2020 18:54:01 ClockDelta: new delta at -1.480 s, +/- 0.027 s.
:02-26-2020 18:54:01 ClockDelta: intersection at -1.480 s, +/- 0.027 s.
:02-26-2020 18:54:01 TimeManager: Local clock uncertainty +/- 0.027 s
