

Starting Toontown Online...
Current time: Fri Feb 28 07:31:27 2020 Eastern Standard Time
sys.path =  ['', 'C:\\Panda3D-1.11.0-x64\\python\\python27.zip', 'C:\\Panda3D-1.11.0-x64', 'C:\\Panda3D-1.11.0-x64\\python\\DLLs', 'C:\\Panda3D-1.11.0-x64\\python\\lib', 'C:\\Panda3D-1.11.0-x64\\python\\lib\\plat-win', 'C:\\Panda3D-1.11.0-x64\\python\\lib\\lib-tk', 'C:\\Panda3D-1.11.0-x64\\python', 'C:\\Panda3D-1.11.0-x64\\bin', 'C:\\Panda3D-1.11.0-x64\\python\\lib\\site-packages']
sys.argv =  ['D:\\hollybae\\Aly\\Toontown-School-House\\toontown\\launcher\\TTOffQuickStartLauncher.py']
generating standard configrc
os.environ =  {'TMP': 'C:\\Users\\holla\\AppData\\Local\\Temp', 'COMPUTERNAME': 'HOLLYBAES-PC', 'USERDOMAIN': 'HOLLYBAES-PC', 'INTEL_DEV_REDIST': 'C:\\Program Files (x86)\\Common Files\\Intel\\Shared Libraries\\', 'PSMODULEPATH': 'C:\\Program Files\\WindowsPowerShell\\Modules;C:\\WINDOWS\\system32\\WindowsPowerShell\\v1.0\\Modules', 'COMMONPROGRAMFILES': 'C:\\Program Files\\Common Files', 'PROCESSOR_IDENTIFIER': 'Intel64 Family 6 Model 158 Stepping 10, GenuineIntel', 'VBOX_MSI_INSTALL_PATH': 'C:\\Program Files\\Oracle\\VirtualBox\\', 'PROGRAMFILES': 'C:\\Program Files', 'PROCESSOR_REVISION': '9e0a', 'PATH': 'C:\\Panda3D-1.11.0-x64\\panda3d\\..\\bin;C:\\Program Files (x86)\\Razer\\ChromaBroadcast\\bin;C:\\Program Files\\Razer\\ChromaBroadcast\\bin;C:\\Program Files (x86)\\Common Files\\Intel\\Shared Libraries\\redist\\intel64_win\\compiler;C:\\Program Files (x86)\\Common Files\\Oracle\\Java\\javapath;C:\\Program Files (x86)\\Common Files\\Intel\\Shared Libraries\\redist\\intel64\\compiler;C:\\WINDOWS\\system32;C:\\WINDOWS;C:\\WINDOWS\\System32\\Wbem;C:\\WINDOWS\\System32\\WindowsPowerShell\\v1.0\\;C:\\WINDOWS\\System32\\OpenSSH\\;C:\\Program Files\\NVIDIA Corporation\\NVIDIA NGX;C:\\Program Files (x86)\\NVIDIA Corporation\\PhysX\\Common;C:\\Program Files\\NVIDIA Corporation\\NVIDIA NvDLISR;C:\\WINDOWS\\system32;C:\\WINDOWS;C:\\WINDOWS\\System32\\Wbem;C:\\WINDOWS\\System32\\WindowsPowerShell\\v1.0\\;C:\\WINDOWS\\System32\\OpenSSH\\;D:\\hollybae\\ffmpeg-4.1.3-win64-static\\ffmpeg-4.1.3-win64-static\\bin;C:\\Program Files\\dotnet\\;C:\\WINDOWS\\system32\\config\\systemprofile\\AppData\\Local\\Microsoft\\WindowsApps;C:\\Program Files (x86)\\QuickTime\\QTSystem\\;C:\\Users\\holla\\AppData\\Local\\Microsoft\\WindowsApps;C:\\Panda3D-1.10.4.1-x64\\python;C:\\Panda3D-1.10.4.1-x64\\python\\Scripts;C:\\Panda3D-1.10.4.1-x64\\bin;C:\\Panda3D-1.11.0-x64\\python;C:\\Panda3D-1.11.0-x64\\python\\Scripts;C:\\Panda3D-1.11.0-x64\\bin', 'SYSTEMROOT': 'C:\\WINDOWS', 'MIC_LD_LIBRARY_PATH': 'C:\\Program Files (x86)\\Common Files\\Intel\\Shared Libraries\\compiler\\lib\\intel64_win_mic', 'COMSPEC': 'C:\\WINDOWS\\system32\\cmd.exe', 'DRIVERDATA': 'C:\\Windows\\System32\\Drivers\\DriverData', 'PPYTHON_PATH': '"C:\\Panda3D-1.11.0-x64\\python\\ppython.exe"', 'TEMP': 'C:\\Users\\holla\\AppData\\Local\\Temp', 'COMMONPROGRAMFILES(X86)': 'C:\\Program Files (x86)\\Common Files', 'PROCESSOR_ARCHITECTURE': 'AMD64', 'PROGRAMFILES(X86)': 'C:\\Program Files (x86)', 'ALLUSERSPROFILE': 'C:\\ProgramData', 'LOCALAPPDATA': 'C:\\Users\\holla\\AppData\\Local', 'FPS_BROWSER_USER_PROFILE_STRING': 'Default', 'HOMEPATH': '\\Users\\holla', 'USERDOMAIN_ROAMINGPROFILE': 'HOLLYBAES-PC', 'PROGRAMW6432': 'C:\\Program Files', 'USERNAME': 'holla', 'LOGONSERVER': '\\\\HOLLYBAES-PC', 'PROMPT': '$P$G', 'SESSIONNAME': 'Console', 'PROGRAMDATA': 'C:\\ProgramData', 'ONEDRIVE': 'C:\\Users\\holla\\OneDrive - University of Guelph', 'FPS_BROWSER_APP_PROFILE_STRING': 'Internet Explorer', 'PATHEXT': '.COM;.EXE;.BAT;.CMD;.VBS;.VBE;.JS;.JSE;.WSF;.WSH;.MSC', 'TTOFF_LOGIN_TOKEN': 'dev', 'ONEDRIVECOMMERCIAL': 'C:\\Users\\holla\\OneDrive - University of Guelph', 'WINDIR': 'C:\\WINDOWS', 'APPDATA': 'C:\\Users\\holla\\AppData\\Roaming', 'HOMEDRIVE': 'C:', 'SYSTEMDRIVE': 'C:', 'NUMBER_OF_PROCESSORS': '12', 'PROCESSOR_LEVEL': '6', 'RG_GPU_FRAMEWORK_ENGINE_RESOURCEDIR': 'C:\\Program Files\\Red Giant\\RGFX', 'COMMONPROGRAMW6432': 'C:\\Program Files\\Common Files', 'OS': 'Windows_NT', 'PUBLIC': 'C:\\Users\\Public', 'USERPROFILE': 'C:\\Users\\holla'}
:02-28-2020 07:31:27 TTOffLauncher: isTestServer: 0
:02-28-2020 07:31:27 TTOffLauncher: Game Server 127.0.0.1
:02-28-2020 07:31:27 TTOffLauncher: Starting Toontown Online... 
:02-28-2020 07:31:27 TTOffLauncher: foreground: Launcher now operating in foreground
useTTOffSpecificLogin=True
:02-28-2020 07:31:27 TTOffLauncher: maybeStartGame: starting game
:02-28-2020 07:31:27 TTOffLauncher: Starting Toontown Online...
:02-28-2020 07:31:27 TTOffLauncher: background: Launcher now operating in background
ToontownStart: Polling for game2 to finish...
ToontownStart: Game2 is finished.
ToontownStart: Starting the game.
ToontownStart: setting default font
:02-28-2020 07:31:27 TTOffLauncher: setting panda error code to 7
Known pipe types:
  wglGraphicsPipe
(all display modules loaded.)
:02-28-2020 07:31:28 ToonBase: Default graphics pipe is wglGraphicsPipe (OpenGL).
:02-28-2020 07:31:28 ToonBase: Successfully opened window of type wglGraphicsWindow (OpenGL)
:02-28-2020 07:31:28 ShowBase: __dev__ == False
:02-28-2020 07:31:28 TTOffLauncher: setting panda error code to 11
:02-28-2020 07:31:28 TTOffLauncher: setting panda error code to 0
ToontownStart: Loading default gui sounds
ToontownStart: serverVersion:  tto-dev
:02-28-2020 07:31:28 Loader: starting bulk load of block 'init'
:02-28-2020 07:31:28 :nativenet(error): Buffered_DatagramConnection Constructor rbufsize = 4096000 wbufsize = 4096000 write_flush_point = 1400
:02-28-2020 07:31:28 OTPClientRepository: Using connect method 'http'
:02-28-2020 07:31:29 TTOffLauncher: getRegistry ('DEPLOYMENT', None)
:02-28-2020 07:31:29 TTOffLauncher: checking env
:02-28-2020 07:31:29 TTOffLauncher: getRegistry ('GAME_DEPLOYMENT', None)
:02-28-2020 07:31:29 TTOffLauncher: checking env
:02-28-2020 07:31:29 OTPClientRepository: reg_deployment=
:02-28-2020 07:31:29 OTPClientRepository: required-login auto.
:02-28-2020 07:31:29 OTPClientRepository: loginInterface: LoginTTOffAccount
:02-28-2020 07:31:29 TTOffLauncher: getNeedPwForSecretKey using ttoff-specific-login
:02-28-2020 07:31:29 Loader: At end of block 'init', expected 138, loaded 4, duration=0.993763
:02-28-2020 07:31:29 OTPClientRepository: Connecting to gameserver directly (no proxy).
:02-28-2020 07:31:29 OTPClientRepository: Connecting to //127.0.0.1:7198 via HTTP interface.
:02-28-2020 07:31:29 TTOffLauncher: Stopping mini task manager.
:02-28-2020 07:31:29 OTPClientRepository: Successfully connected to //127.0.0.1:7198.
:02-28-2020 07:31:29 TTOffLauncher: Setting Disconnect Details normal
{401000001: <toontown.distributed.ToontownDistrict.ToontownDistrict instance at 0x000000001CDD6788>}
:02-28-2020 07:31:30 StateData: AvatarChooser.enter
:02-28-2020 07:31:30 DisplayOptions: settingsFullScreen = False, embedded = False width=800 height=600
:02-28-2020 07:31:30 StateData: calling self.displayOptions.restrictToEmbedded(False)
:02-28-2020 07:32:00 OTPClientRepository: ================
:02-28-2020 07:32:00 OTPClientRepository: Chose avatar id: 100000014
:02-28-2020 07:32:00 OTPClientRepository: Chose avatar name: Hollybae
:02-28-2020 07:32:00 OTPClientRepository: Chose avatar dna: ('css', 'ms', 'm', 'm', 16, 0, 16, 16, 113, 27, 18, 27, 7, 21)
:02-28-2020 07:32:00 OTPClientRepository: Chose avatar position: 5
:02-28-2020 07:32:00 OTPClientRepository: isPaid: 1
:02-28-2020 07:32:00 OTPClientRepository: freeTimeLeft: 0
:02-28-2020 07:32:00 OTPClientRepository: allowSecretChat: True
:02-28-2020 07:32:00 OTPClientRepository: ================
:02-28-2020 07:32:01 Loader: starting bulk load of block 'localAvatarPlayGame'
:02-28-2020 07:32:01 ToontownTimeManager(warning): error parsing date string=
local
:02-28-2020 07:32:01 NewsPageButtonManager(warning): Should not get here. NewsPageButtonManager.exitOff
:02-28-2020 07:32:01 :pnmimage:png(warning): iCCP: known incorrect sRGB profile
:02-28-2020 07:32:03 OTPClientRepository: Entering shard 401000001
:02-28-2020 07:32:03 StreetSign: Street sign url is https://ttoffline.com/images/
:02-28-2020 07:32:04 StreetSign: Street Sign is up to date
:02-28-2020 07:32:04 TimeManager: Clock sync: TimeManager.announceGenerate
:02-28-2020 07:32:04 InGameNewsMgr: latestIssue=2013-08-22 16:49:46.000003-07:00
cpu info: GenuineIntel|Intel(R) Core(TM) i7-8700K CPU @ 3.70GHz|591594|0|3.701,3.701|6,12 cpus
:02-28-2020 07:32:05 OTPClientRepository: No sync from TimeManager.
:02-28-2020 07:32:05 OTPClientRepository: gotTimeSync
:02-28-2020 07:32:05 Loader: At end of block 'localAvatarPlayGame', expected 400, loaded 8, duration=4.0525539
:02-28-2020 07:32:05 TimeManager: Clock sync roundtrip took 1091.946 ms
:02-28-2020 07:32:05 TimeManager: AI time delta is -0:01 from server delta
:02-28-2020 07:32:05 TimeManager: Local clock uncertainty +/- 0.546 s
:02-28-2020 07:32:05 PlayGame: QA-REGRESSION: NEIGHBORHOODS: Visit Lawbot HQ
:02-28-2020 07:32:05 Loader: starting bulk load of block 'hood'
:02-28-2020 07:32:05 LawbotCogHQLoader: loadPlaceGeom: 13000
:02-28-2020 07:32:06 DistributedObject: DistributedSuitPlanner 401002972: generating
:02-28-2020 07:32:06 DistributedToon: calling LocalAvatar.startchat
:02-28-2020 07:32:06 :loader(error): Couldn't load file phase_4/models/questmap/cog_hq_lawbot_maps.bam: not found on model path (currently: "/;/d/hollybae/Aly/Toontown-School-House/toontown/launcher;/c/Panda3D-1.11.0-x64/etc/..;/c/Panda3D-1.11.0-x64/etc/../models")
:02-28-2020 07:32:06 Loader: At end of block 'hood', expected 2, loaded 3, duration=0.7854349
:02-28-2020 07:32:07 Teleport(debug): teleportInDone: walk
:02-28-2020 07:32:07 :loader(error): Couldn't load file phase_4/models/questmap/cog_hq_lawbot_maps.bam: not found on model path (currently: "/;/d/hollybae/Aly/Toontown-School-House/toontown/launcher;/c/Panda3D-1.11.0-x64/etc/..;/c/Panda3D-1.11.0-x64/etc/../models")
:02-28-2020 07:32:09 TTOffMagicWordManager: Run mode has been toggled.
:02-28-2020 07:32:14 TTOffMagicWordManager: Abracadabra!
:02-28-2020 07:32:14 LawbotCogHQLoader: loadPlaceGeom: 13100
:02-28-2020 07:32:14 LawbotCogHQLoader: QA-REGRESSION: COGHQ: Visit LawbotLobby
:02-28-2020 07:32:14 LawbotHQExterior: Unloading Place (13000). Fsm in final
:02-28-2020 07:32:14 DistributedObject: DistributedSuitPlanner 401002972: disabling
:02-28-2020 07:32:14 DistributedToon: calling LocalAvatar.startchat
:02-28-2020 07:32:14 :loader(error): Couldn't load file phase_4/models/questmap/cog_hq_lawbot_maps.bam: not found on model path (currently: "/;/d/hollybae/Aly/Toontown-School-House/toontown/launcher;/c/Panda3D-1.11.0-x64/etc/..;/c/Panda3D-1.11.0-x64/etc/../models")
:02-28-2020 07:32:16 :loader(error): Couldn't load file phase_4/models/questmap/cog_hq_lawbot_maps.bam: not found on model path (currently: "/;/d/hollybae/Aly/Toontown-School-House/toontown/launcher;/c/Panda3D-1.11.0-x64/etc/..;/c/Panda3D-1.11.0-x64/etc/../models")
:02-28-2020 07:32:20 TTOffMagicWordManager: Run mode has been toggled.
:02-28-2020 07:32:23 TTOffMagicWordManager: Gave Hollybae an infinite amount of pies
:02-28-2020 07:32:25 TTOffMagicWordManager: You aren't in a CJ!
:02-28-2020 07:32:28 LawbotCogHQLoader: loadPlaceGeom: 61000
:02-28-2020 07:32:28 LawbotCogHQLoader(warning): loadPlaceGeom: unclassified zone 61000
:02-28-2020 07:32:28 CogHQLobby: Unloading Place (13100). Fsm in final
:02-28-2020 07:32:28 DistributedLawbotBoss(warning): Not a collision node: LawbotCourtroom3.egg/-PandaNode/CR3/interior/CR3_Floor
:02-28-2020 07:32:28 DistributedToon: calling LocalAvatar.startchat
:02-28-2020 07:32:28 LawbotHQBossBattle(warning): fsm.request('movie') returned 0 (zone id 61000, avatar pos LPoint3f(-0.363562, -126.204, 0.193903)).
:02-28-2020 07:32:29 TTOffMagicWordManager: Restarting Scale Round
:02-28-2020 07:32:33 LawbotHQBossBattle(warning): fsm.request('finalBattle') returned 0 (zone id 61000, avatar pos LPoint3f(-35.9841, -2.53767, 0)).
:02-28-2020 07:32:33 TTOffMagicWordManager: Restarting Scale Round
:02-28-2020 07:32:43 TTOffMagicWordManager: Voila!
:02-28-2020 07:32:55 TTOffMagicWordManager: Voila!
:02-28-2020 07:33:06 TTOffMagicWordManager: Abracadabra!
:02-28-2020 07:33:18 TTOffMagicWordManager: Abracadabra!
:02-28-2020 07:33:47 TTOffMagicWordManager: Voila!
:02-28-2020 07:33:56 TTOffMagicWordManager: Alakazam!
:02-28-2020 07:34:10 TTOffMagicWordManager: Voila!
:02-28-2020 07:34:29 TTOffMagicWordManager: Presto!
:02-28-2020 07:34:41 TTOffMagicWordManager: Presto!
:02-28-2020 07:35:13 TTOffMagicWordManager: Hollybae's laff has been set to 127.
:02-28-2020 07:35:26 TTOffMagicWordManager: Abracadabra!
:02-28-2020 07:36:27 TTOffMagicWordManager: Alakazam!
:02-28-2020 07:36:28 GarbageCollect(warning): garbage found, reverting gc threshold
:02-28-2020 07:36:42 TTOffMagicWordManager: Voila!
:02-28-2020 07:36:59 TTOffMagicWordManager: Ta-da!
frame rate: 222.2 fps|0.001d|13 avs||334|335||0x0000|0x0000|1224.3MB|1396.3MB|16235.6MB|631|nt.2.6.2|3.701,3.701|6,12 cpus|OpenGL
:02-28-2020 07:37:37 TTOffMagicWordManager: Abracadabra!
:02-28-2020 07:37:50 TTOffMagicWordManager: Ta-da!
:02-28-2020 07:38:08 TTOffMagicWordManager: Abracadabra!
:02-28-2020 07:38:30 TTOffMagicWordManager: Voila!
:02-28-2020 07:38:46 TTOffMagicWordManager: Abracadabra!
:02-28-2020 07:39:04 TTOffMagicWordManager: Abracadabra!
:02-28-2020 07:39:21 TTOffMagicWordManager: Presto!
:02-28-2020 07:39:32 TTOffMagicWordManager: Presto!
:02-28-2020 07:39:51 TTOffMagicWordManager: Presto!
:02-28-2020 07:40:17 TTOffMagicWordManager: Voila!
:02-28-2020 07:40:30 TTOffMagicWordManager: Alakazam!
:02-28-2020 07:40:46 ToonBase: User closed main window.
:02-28-2020 07:40:46 TimeManager: Client disconnect reason 2.
:02-28-2020 07:40:47 LawbotHQBossBattle: Unloading Place (61000). Fsm in final
:02-28-2020 07:40:47 OTPClientRepository(warning): unclean exit, abandoning shard
ignoring InputState-forward
:02-28-2020 07:40:47 OTPClientRepository: sending clientLogout
:02-28-2020 07:40:47 LocalAvatar(warning): redundant call to stopUpdateSmartCamera
:02-28-2020 07:40:47 OTPClientRepository: Sent disconnect message to server
:02-28-2020 07:40:47 OTPClientRepository: Closing connection to server.
:02-28-2020 07:40:47 OTPClientRepository: Exiting cleanly
:02-28-2020 07:40:47 ToonBase: Exiting Toontown: errorCode = None
:02-28-2020 07:40:47 TTOffLauncher: setting panda error code to 0
:02-28-2020 07:40:47 TTOffLauncher: Normal exit.
