

Starting Toontown Online...
Current time: Sun Nov 24 08:51:55 2019 Arabian Standard Time
sys.path =  ['', 'C:\\Panda3D-1.11.0-x64\\python\\python27.zip', 'C:\\Panda3D-1.11.0-x64', 'C:\\Panda3D-1.11.0-x64\\python\\DLLs', 'C:\\Panda3D-1.11.0-x64\\python\\lib', 'C:\\Panda3D-1.11.0-x64\\python\\lib\\plat-win', 'C:\\Panda3D-1.11.0-x64\\python\\lib\\lib-tk', 'C:\\Panda3D-1.11.0-x64\\python', 'C:\\Panda3D-1.11.0-x64\\bin', 'C:\\Panda3D-1.11.0-x64\\python\\lib\\site-packages']
sys.argv =  ['C:\\Users\\alyaz\\Documents\\GitHub\\Toontown-School-House\\toontown\\launcher\\TTOffQuickStartLauncher.py']
generating standard configrc
os.environ =  {'TMP': 'C:\\Users\\alyaz\\AppData\\Local\\Temp', 'COMPUTERNAME': 'DESKTOP-5K6UCTT', 'USERDOMAIN': 'DESKTOP-5K6UCTT', 'INTEL_DEV_REDIST': 'C:\\Program Files (x86)\\Common Files\\Intel\\Shared Libraries\\', 'PSMODULEPATH': 'C:\\Program Files\\WindowsPowerShell\\Modules;C:\\WINDOWS\\system32\\WindowsPowerShell\\v1.0\\Modules', 'COMMONPROGRAMFILES': 'C:\\Program Files\\Common Files', 'PROCESSOR_IDENTIFIER': 'Intel64 Family 6 Model 94 Stepping 3, GenuineIntel', 'LOGONSERVER': '\\\\DESKTOP-5K6UCTT', 'VBOX_MSI_INSTALL_PATH': 'C:\\Program Files\\Oracle\\VirtualBox\\', 'PROGRAMFILES': 'C:\\Program Files', 'PROCESSOR_REVISION': '5e03', 'PATH': 'C:\\Panda3D-1.11.0-x64\\panda3d\\..\\bin;C:\\Program Files (x86)\\Common Files\\Intel\\Shared Libraries\\redist\\intel64\\compiler;C:\\Program Files (x86)\\Razer Chroma SDK\\bin;C:\\Program Files\\Razer Chroma SDK\\bin;C:\\ProgramData\\Oracle\\Java\\javapath;C:\\Program Files (x86)\\Intel\\iCLS Client\\;C:\\Program Files\\Intel\\iCLS Client\\;C:\\Windows\\system32;C:\\Windows;C:\\Windows\\System32\\Wbem;C:\\Windows\\System32\\WindowsPowerShell\\v1.0\\;C:\\Program Files (x86)\\Intel\\Intel(R) Management Engine Components\\DAL;C:\\Program Files\\Intel\\Intel(R) Management Engine Components\\DAL;C:\\Program Files (x86)\\Intel\\Intel(R) Management Engine Components\\IPT;C:\\Program Files\\Intel\\Intel(R) Management Engine Components\\IPT;C:\\Program Files (x86)\\NVIDIA Corporation\\PhysX\\Common;C:\\WINDOWS\\system32;C:\\WINDOWS;C:\\WINDOWS\\System32\\Wbem;C:\\WINDOWS\\System32\\WindowsPowerShell\\v1.0\\;C:\\Program Files (x86)\\Windows Live\\Shared;C:\\Program Files\\Intel\\WiFi\\bin\\;C:\\Program Files\\Common Files\\Intel\\WirelessCommon\\;C:\\Program Files (x86)\\Gpg4win\\..\\GnuPG\\bin;C:\\WINDOWS\\system32\\config\\systemprofile\\AppData\\Local\\Microsoft\\WindowsApps;C:\\WINDOWS\\system32;C:\\WINDOWS;C:\\WINDOWS\\System32\\Wbem;C:\\WINDOWS\\System32\\WindowsPowerShell\\v1.0\\;C:\\WINDOWS\\System32\\OpenSSH\\;C:\\Program Files\\NVIDIA Corporation\\NVIDIA NvDLISR;C:\\Program Files\\Git\\cmd;C:\\Program Files\\PuTTY\\;C:\\Program Files (x86)\\QuickTime\\QTSystem\\;C:\\Panda3D-1.11.0-x64\\bin;C:\\Users\\alyaz\\AppData\\Local\\Programs\\Python\\Python37-32\\Scripts;C:\\Users\\alyaz\\AppData\\Local\\Programs\\Python\\Python37-32;C:\\Users\\alyaz\\AppData\\Local\\Microsoft\\WindowsApps;C:\\Users\\NSI\\AppData\\Local\\GitHubDesktop\\bin;C:\\Users\\alyaz\\AppData\\Local\\Programs\\Microsoft VS Code\\bin;C:\\Users\\alyaz\\AppData\\Local\\atom\\bin;C:\\Panda3D-1.11.0\\python;C:\\Panda3D-1.11.0\\python\\Scripts;C:\\Panda3D-1.11.0\\bin;C:\\Panda3D-1.11.0-x64\\python;C:\\Panda3D-1.11.0-x64\\python\\Scripts;C:\\Panda3D-1.11.0-x64\\bin;F:\\Python3\\TTSH\\TTSH-py3\\Panda3D-1.11.0-x64\\python;F:\\Python3\\TTSH\\TTSH-py3\\Panda3D-1.11.0-x64\\python\\Scripts;F:\\Python3\\TTSH\\TTSH-py3\\Panda3D-1.11.0-x64\\bin;F:\\Panda3D-1.10.4.1-x64\\python;F:\\Panda3D-1.10.4.1-x64\\python\\Scripts;F:\\Panda3D-1.10.4.1-x64\\bin;C:\\Panda3D-1.10.4.1-x64\\python;C:\\Panda3D-1.10.4.1-x64\\python\\Scripts;C:\\Panda3D-1.10.4.1-x64\\bin;C:\\Panda3D-1.10.0-x64\\python;C:\\Panda3D-1.10.0-x64\\python\\Scripts;C:\\Panda3D-1.10.0-x64\\bin;F:\\PYTHON-3\\TOONTOWN-SOURCES\\CorporateClash-python3\\Panda3D-1.10.0-x64\\python;F:\\PYTHON-3', 'SYSTEMROOT': 'C:\\WINDOWS', 'MIC_LD_LIBRARY_PATH': 'C:\\Program Files (x86)\\Common Files\\Intel\\Shared Libraries\\compiler\\lib\\mic', 'COMSPEC': 'C:\\WINDOWS\\system32\\cmd.exe', 'DRIVERDATA': 'C:\\Windows\\System32\\Drivers\\DriverData', 'PPYTHON_PATH': '"C:\\Panda3D-1.11.0-x64\\python\\ppython.exe"', 'TEMP': 'C:\\Users\\alyaz\\AppData\\Local\\Temp', 'COMMONPROGRAMFILES(X86)': 'C:\\Program Files (x86)\\Common Files', 'PROCESSOR_ARCHITECTURE': 'AMD64', 'PROGRAMFILES(X86)': 'C:\\Program Files (x86)', 'ALLUSERSPROFILE': 'C:\\ProgramData', 'LOCALAPPDATA': 'C:\\Users\\alyaz\\AppData\\Local', 'FPS_BROWSER_USER_PROFILE_STRING': 'Default', 'HOMEPATH': '\\Users\\alyaz', 'USERDOMAIN_ROAMINGPROFILE': 'DESKTOP-5K6UCTT', 'PROGRAMW6432': 'C:\\Program Files', 'USERNAME': 'alyaz', 'TOONIVERSAL_P3D': 'C:\\Users\\alyaz\\Desktop\\Panda3D-1.11.0\\python\\ppython', 'PROMPT': '$P$G', 'SESSIONNAME': 'Console', 'PROGRAMDATA': 'C:\\ProgramData', 'ONEDRIVE': 'C:\\Users\\alyaz\\OneDrive', 'FPS_BROWSER_APP_PROFILE_STRING': 'Internet Explorer', 'PATHEXT': '.COM;.EXE;.BAT;.CMD;.VBS;.VBE;.JS;.JSE;.WSF;.WSH;.MSC', 'TTOFF_LOGIN_TOKEN': 'dev', 'ASL.LOG': 'Destination=file', 'WINDIR': 'C:\\WINDOWS', 'APPDATA': 'C:\\Users\\alyaz\\AppData\\Roaming', 'HOMEDRIVE': 'C:', 'SYSTEMDRIVE': 'C:', 'NUMBER_OF_PROCESSORS': '8', 'PROCESSOR_LEVEL': '6', 'COMMONPROGRAMW6432': 'C:\\Program Files\\Common Files', 'OS': 'Windows_NT', 'PUBLIC': 'C:\\Users\\Public', 'USERPROFILE': 'C:\\Users\\alyaz'}
:11-24-2019 08:51:55 TTOffLauncher: isTestServer: 0
:11-24-2019 08:51:55 TTOffLauncher: Game Server 127.0.0.1
:11-24-2019 08:51:55 TTOffLauncher: Starting Toontown Online... 
:11-24-2019 08:51:55 TTOffLauncher: foreground: Launcher now operating in foreground
useTTOffSpecificLogin=True
:11-24-2019 08:51:55 TTOffLauncher: maybeStartGame: starting game
:11-24-2019 08:51:55 TTOffLauncher: Starting Toontown Online...
:11-24-2019 08:51:55 TTOffLauncher: background: Launcher now operating in background
ToontownStart: Polling for game2 to finish...
ToontownStart: Game2 is finished.
ToontownStart: Starting the game.
ToontownStart: setting default font
:11-24-2019 08:51:55 TTOffLauncher: setting panda error code to 7
Known pipe types:
  wglGraphicsPipe
(all display modules loaded.)
:11-24-2019 08:51:55 ToonBase: Default graphics pipe is wglGraphicsPipe (OpenGL).
:11-24-2019 08:51:55 ToonBase: Successfully opened window of type wglGraphicsWindow (OpenGL)
:11-24-2019 08:51:55 ShowBase: __dev__ == False
:11-24-2019 08:51:56 TTOffLauncher: setting panda error code to 11
:11-24-2019 08:51:56 TTOffLauncher: setting panda error code to 0
ToontownStart: Loading default gui sounds
ToontownStart: serverVersion:  tto-dev
:11-24-2019 08:51:56 Loader: starting bulk load of block 'init'
:11-24-2019 08:52:00 :nativenet(error): Buffered_DatagramConnection Constructor rbufsize = 4096000 wbufsize = 4096000 write_flush_point = 1400
:11-24-2019 08:52:00 OTPClientRepository: Using connect method 'http'
:11-24-2019 08:52:05 TTOffLauncher: getRegistry ('DEPLOYMENT', None)
:11-24-2019 08:52:05 TTOffLauncher: checking env
:11-24-2019 08:52:05 TTOffLauncher: getRegistry ('GAME_DEPLOYMENT', None)
:11-24-2019 08:52:05 TTOffLauncher: checking env
:11-24-2019 08:52:05 OTPClientRepository: reg_deployment=
:11-24-2019 08:52:05 OTPClientRepository: required-login auto.
:11-24-2019 08:52:05 OTPClientRepository: loginInterface: LoginTTOffAccount
:11-24-2019 08:52:05 TTOffLauncher: getNeedPwForSecretKey using ttoff-specific-login
:11-24-2019 08:52:05 Loader: At end of block 'init', expected 138, loaded 10, duration=9.81502873586
:11-24-2019 08:52:05 OTPClientRepository: Connecting to gameserver directly (no proxy).
:11-24-2019 08:52:05 OTPClientRepository: Connecting to //127.0.0.1:7198 via HTTP interface.
:11-24-2019 08:52:05 TTOffLauncher: Stopping mini task manager.
:11-24-2019 08:52:05 OTPClientRepository: Successfully connected to //127.0.0.1:7198.
:11-24-2019 08:52:05 TTOffLauncher: Setting Disconnect Details normal
{401000001: <toontown.distributed.ToontownDistrict.ToontownDistrict instance at 0x000000001CD525C8>}
:11-24-2019 08:52:07 StateData: AvatarChooser.enter
:11-24-2019 08:52:07 DisplayOptions: settingsFullScreen = False, embedded = False width=800 height=600
:11-24-2019 08:52:07 StateData: calling self.displayOptions.restrictToEmbedded(False)
:11-24-2019 08:52:18 OTPClientRepository: ================
:11-24-2019 08:52:18 OTPClientRepository: Chose avatar id: 100000001
:11-24-2019 08:52:18 OTPClientRepository: Chose avatar name: Aeterna
:11-24-2019 08:52:18 OTPClientRepository: Chose avatar dna: ('css', 'ms', 'm', 'f', 26, 0, 21, 26, 3, 11, 3, 11, 8, 12)
:11-24-2019 08:52:18 OTPClientRepository: Chose avatar position: 1
:11-24-2019 08:52:18 OTPClientRepository: isPaid: 1
:11-24-2019 08:52:18 OTPClientRepository: freeTimeLeft: 0
:11-24-2019 08:52:18 OTPClientRepository: allowSecretChat: True
:11-24-2019 08:52:18 OTPClientRepository: ================
:11-24-2019 08:52:18 Loader: starting bulk load of block 'localAvatarPlayGame'
:11-24-2019 08:52:19 ToontownTimeManager(warning): error parsing date string=
local
:11-24-2019 08:52:20 NewsPageButtonManager(warning): Should not get here. NewsPageButtonManager.exitOff
:11-24-2019 08:52:20 :pnmimage:png(warning): iCCP: known incorrect sRGB profile
:11-24-2019 08:52:22 OTPClientRepository: Entering shard 401000001
:11-24-2019 08:52:22 StreetSign: Street sign url is https://ttoffline.com/images/
:11-24-2019 08:52:24 StreetSign: Street Sign is up to date
:11-24-2019 08:52:24 TimeManager: Clock sync: TimeManager.announceGenerate
:11-24-2019 08:52:24 NewsManager: setHolidayId: Starting Holiday 19
:11-24-2019 08:52:24 InGameNewsMgr: latestIssue=2013-08-22 16:49:46.000003-07:00
cpu info: GenuineIntel|Intel(R) Core(TM) i7-6820HK CPU @ 2.70GHz|329443|0|2.701,2.701|4,8 cpus
:11-24-2019 08:52:25 OTPClientRepository: No sync from TimeManager.
:11-24-2019 08:52:25 OTPClientRepository: gotTimeSync
:11-24-2019 08:52:25 Loader: At end of block 'localAvatarPlayGame', expected 400, loaded 20, duration=7.17324697283
:11-24-2019 08:52:25 TimeManager: Clock sync roundtrip took 1170.636 ms
:11-24-2019 08:52:25 TimeManager: AI time delta is -0:01 from server delta
:11-24-2019 08:52:25 TimeManager: Local clock uncertainty +/- 0.585 s
:11-24-2019 08:52:25 PlayGame: QA-REGRESSION: NEIGHBORHOODS: Visit Lawbot HQ
:11-24-2019 08:52:25 Loader: starting bulk load of block 'hood'
:11-24-2019 08:52:26 OTPClientRepository: Sending heartbeat mid-frame.
:11-24-2019 08:52:27 LawbotCogHQLoader: loadPlaceGeom: 13000
:11-24-2019 08:52:27 DistributedObject: DistributedSuitPlanner 401002975: generating
:11-24-2019 08:52:27 DistributedToon: calling LocalAvatar.startchat
:11-24-2019 08:52:27 :loader(error): Couldn't load file phase_4/models/questmap/cog_hq_lawbot_maps.bam: not found on model path (currently: "/;/c/Users/alyaz/Documents/GitHub/Toontown-School-House/toontown/launcher;/c/Panda3D-1.11.0-x64/etc/..;/c/Panda3D-1.11.0-x64/etc/../models")
:11-24-2019 08:52:27 Loader: At end of block 'hood', expected 2, loaded 7, duration=1.49202641713
:11-24-2019 08:52:28 Teleport(debug): teleportInDone: walk
:11-24-2019 08:52:28 :loader(error): Couldn't load file phase_4/models/questmap/cog_hq_lawbot_maps.bam: not found on model path (currently: "/;/c/Users/alyaz/Documents/GitHub/Toontown-School-House/toontown/launcher;/c/Panda3D-1.11.0-x64/etc/..;/c/Panda3D-1.11.0-x64/etc/../models")
:11-24-2019 08:52:30 TTOffMagicWordManager: Run mode has been toggled.
:11-24-2019 08:52:39 LawbotCogHQLoader: loadPlaceGeom: 13100
:11-24-2019 08:52:39 LawbotCogHQLoader: QA-REGRESSION: COGHQ: Visit LawbotLobby
:11-24-2019 08:52:39 LawbotHQExterior: Unloading Place (13000). Fsm in final
:11-24-2019 08:52:39 DistributedObject: DistributedSuitPlanner 401002975: disabling
:11-24-2019 08:52:39 DistributedToon: calling LocalAvatar.startchat
:11-24-2019 08:52:39 :loader(error): Couldn't load file phase_4/models/questmap/cog_hq_lawbot_maps.bam: not found on model path (currently: "/;/c/Users/alyaz/Documents/GitHub/Toontown-School-House/toontown/launcher;/c/Panda3D-1.11.0-x64/etc/..;/c/Panda3D-1.11.0-x64/etc/../models")
:11-24-2019 08:52:41 :loader(error): Couldn't load file phase_4/models/questmap/cog_hq_lawbot_maps.bam: not found on model path (currently: "/;/c/Users/alyaz/Documents/GitHub/Toontown-School-House/toontown/launcher;/c/Panda3D-1.11.0-x64/etc/..;/c/Panda3D-1.11.0-x64/etc/../models")
:11-24-2019 08:52:52 LawbotCogHQLoader: loadPlaceGeom: 61000
:11-24-2019 08:52:52 LawbotCogHQLoader(warning): loadPlaceGeom: unclassified zone 61000
:11-24-2019 08:52:52 CogHQLobby: Unloading Place (13100). Fsm in final
:11-24-2019 08:52:53 DistributedLawbotBoss(warning): Not a collision node: LawbotCourtroom3.egg/-PandaNode/CR3/interior/CR3_Floor
:11-24-2019 08:52:53 DistributedToon: calling LocalAvatar.startchat
:11-24-2019 08:52:53 LawbotHQBossBattle(warning): fsm.request('movie') returned 0 (zone id 61000, avatar pos LPoint3f(-0.363562, -126.204, 0.193903)).
:11-24-2019 08:52:54 TTOffMagicWordManager: Restarting Scale Round
:11-24-2019 08:52:58 TTOffMagicWordManager: Gave Aeterna an infinite amount of pies
:11-24-2019 08:53:00 TTOffMagicWordManager: Run mode has been toggled.
:11-24-2019 08:55:11 :linmath(warning): Tried to invert singular LMatrix3.
:11-24-2019 08:56:56 GarbageCollect(warning): garbage found, reverting gc threshold
frame rate: 134.6 fps|0.003d|13 avs||326|327||0x0000|0x0000|878.2MB|966.2MB|32703.7MB|449|nt.2.6.2|2.701,2.701|4,8 cpus|OpenGL
frame rate: 160.1 fps|0.001d|13 avs||626|627||0x0000|0x0000|1105.4MB|1193.8MB|32703.7MB|508|nt.2.6.2|2.701,2.701|4,8 cpus|OpenGL
cam pos =  LPoint3f(0, -9.7125, 3.2375) , cam hpr =  LVecBase3f(0, 0, 0)
cam pos =  LPoint3f(0, -9.7125, 3.2375) , cam hpr =  LVecBase3f(0, 0, 0)
cam pos =  LPoint3f(0, -9.7125, 3.2375) , cam hpr =  LVecBase3f(0, 0, 0)
cam pos =  LPoint3f(0, -9.7125, 3.2375) , cam hpr =  LVecBase3f(0, 0, 0)
cam pos =  LPoint3f(0, -9.7125, 3.2375) , cam hpr =  LVecBase3f(0, 0, 0)
cam pos =  LPoint3f(0, -9.7125, 3.2375) , cam hpr =  LVecBase3f(0, 0, 0)
cam pos =  LPoint3f(0, -9.7125, 3.2375) , cam hpr =  LVecBase3f(0, 0, 0)
cam pos =  LPoint3f(0, -9.7125, 3.2375) , cam hpr =  LVecBase3f(0, 0, 0)
cam pos =  LPoint3f(0, -9.7125, 3.2375) , cam hpr =  LVecBase3f(0, 0, 0)
cam pos =  LPoint3f(0, -9.7125, 3.2375) , cam hpr =  LVecBase3f(0, 0, 0)
cam pos =  LPoint3f(0, -9.7125, 3.2375) , cam hpr =  LVecBase3f(0, 0, 0)
cam pos =  LPoint3f(0, -9.7125, 3.2375) , cam hpr =  LVecBase3f(0, 0, 0)
cam pos =  LPoint3f(0, -9.7125, 3.2375) , cam hpr =  LVecBase3f(0, 0, 0)
cam pos =  LPoint3f(0, -9.7125, 3.2375) , cam hpr =  LVecBase3f(0, 0, 0)
cam pos =  LPoint3f(0, -9.7125, 3.2375) , cam hpr =  LVecBase3f(0, 0, 0)
cam pos =  LPoint3f(0, -9.7125, 3.2375) , cam hpr =  LVecBase3f(0, 0, 0)
cam pos =  LPoint3f(0, -9.7125, 3.2375) , cam hpr =  LVecBase3f(0, 0, 0)
frame rate: 120.8 fps|0.002d|13 avs||926|927||0x0000|0x0000|1361.2MB|1456.2MB|32703.7MB|602|nt.2.6.2|2.701,2.701|4,8 cpus|OpenGL
cam pos =  LPoint3f(0, -9.7125, 3.2375) , cam hpr =  LVecBase3f(0, 0, 0)
cam pos =  LPoint3f(0, -9.7125, 3.2375) , cam hpr =  LVecBase3f(0, 0, 0)
cam pos =  LPoint3f(0, -9.7125, 3.2375) , cam hpr =  LVecBase3f(0, 0, 0)
cam pos =  LPoint3f(0, -9.7125, 3.2375) , cam hpr =  LVecBase3f(0, 0, 0)
cam pos =  LPoint3f(0, -9.7125, 3.2375) , cam hpr =  LVecBase3f(0, 0, 0)
cam pos =  LPoint3f(0, -9.7125, 3.2375) , cam hpr =  LVecBase3f(0, 0, 0)
cam pos =  LPoint3f(0, -9.7125, 3.2375) , cam hpr =  LVecBase3f(0, 0, 0)
cam pos =  LPoint3f(0, -9.7125, 3.2375) , cam hpr =  LVecBase3f(0, 0, 0)
cam pos =  LPoint3f(0, -9.7125, 3.2375) , cam hpr =  LVecBase3f(0, 0, 0)
cam pos =  LPoint3f(0, -9.7125, 3.2375) , cam hpr =  LVecBase3f(0, 0, 0)
cam pos =  LPoint3f(0, -9.7125, 3.2375) , cam hpr =  LVecBase3f(0, 0, 0)
cam pos =  LPoint3f(0, -9.7125, 3.2375) , cam hpr =  LVecBase3f(0, 0, 0)
cam pos =  LPoint3f(0, -9.7125, 3.2375) , cam hpr =  LVecBase3f(0, 0, 0)
cam pos =  LPoint3f(0, -9.7125, 3.2375) , cam hpr =  LVecBase3f(0, 0, 0)
cam pos =  LPoint3f(0, -9.7125, 3.2375) , cam hpr =  LVecBase3f(0, 0, 0)
cam pos =  LPoint3f(0, -9.7125, 3.2375) , cam hpr =  LVecBase3f(0, 0, 0)
cam pos =  LPoint3f(0, -9.7125, 3.2375) , cam hpr =  LVecBase3f(0, 0, 0)
cam pos =  LPoint3f(0, -9.7125, 3.2375) , cam hpr =  LVecBase3f(0, 0, 0)
cam pos =  LPoint3f(0, -9.7125, 3.2375) , cam hpr =  LVecBase3f(0, 0, 0)
cam pos =  LPoint3f(0, -9.7125, 3.2375) , cam hpr =  LVecBase3f(0, 0, 0)
cam pos =  LPoint3f(0, -9.7125, 3.2375) , cam hpr =  LVecBase3f(0, 0, 0)
cam pos =  LPoint3f(0, -9.7125, 3.2375) , cam hpr =  LVecBase3f(0, 0, 0)
cam pos =  LPoint3f(0, -9.7125, 3.2375) , cam hpr =  LVecBase3f(0, 0, 0)
cam pos =  LPoint3f(0, -9.7125, 3.2375) , cam hpr =  LVecBase3f(0, 0, 0)
cam pos =  LPoint3f(0, -9.7125, 3.2375) , cam hpr =  LVecBase3f(0, 0, 0)
cam pos =  LPoint3f(0, -9.7125, 3.2375) , cam hpr =  LVecBase3f(0, 0, 0)
cam pos =  LPoint3f(0, -9.7125, 3.2375) , cam hpr =  LVecBase3f(0, 0, 0)
cam pos =  LPoint3f(0, -9.7125, 3.2375) , cam hpr =  LVecBase3f(0, 0, 0)
cam pos =  LPoint3f(0, -9.7125, 3.2375) , cam hpr =  LVecBase3f(0, 0, 0)
cam pos =  LPoint3f(0, -9.7125, 3.2375) , cam hpr =  LVecBase3f(0, 0, 0)
cam pos =  LPoint3f(0, -9.7125, 3.2375) , cam hpr =  LVecBase3f(0, 0, 0)
cam pos =  LPoint3f(0, -9.7125, 3.2375) , cam hpr =  LVecBase3f(0, 0, 0)
cam pos =  LPoint3f(0, -9.7125, 3.2375) , cam hpr =  LVecBase3f(0, 0, 0)
cam pos =  LPoint3f(0, -9.7125, 3.2375) , cam hpr =  LVecBase3f(0, 0, 0)
cam pos =  LPoint3f(0, -9.7125, 3.2375) , cam hpr =  LVecBase3f(0, 0, 0)
cam pos =  LPoint3f(0, -9.7125, 3.2375) , cam hpr =  LVecBase3f(0, 0, 0)
cam pos =  LPoint3f(0, -9.7125, 3.2375) , cam hpr =  LVecBase3f(0, 0, 0)
cam pos =  LPoint3f(0, -9.7125, 3.2375) , cam hpr =  LVecBase3f(0, 0, 0)
cam pos =  LPoint3f(0, -9.7125, 3.2375) , cam hpr =  LVecBase3f(0, 0, 0)
cam pos =  LPoint3f(0, -9.7125, 3.2375) , cam hpr =  LVecBase3f(0, 0, 0)
cam pos =  LPoint3f(0, -9.7125, 3.2375) , cam hpr =  LVecBase3f(0, 0, 0)
cam pos =  LPoint3f(0, -9.7125, 3.2375) , cam hpr =  LVecBase3f(0, 0, 0)
cam pos =  LPoint3f(0, -9.7125, 3.2375) , cam hpr =  LVecBase3f(0, 0, 0)
cam pos =  LPoint3f(0, -9.7125, 3.2375) , cam hpr =  LVecBase3f(0, 0, 0)
cam pos =  LPoint3f(0, -9.7125, 3.2375) , cam hpr =  LVecBase3f(0, 0, 0)
cam pos =  LPoint3f(0, -9.7125, 3.2375) , cam hpr =  LVecBase3f(0, 0, 0)
cam pos =  LPoint3f(0, -9.7125, 3.2375) , cam hpr =  LVecBase3f(0, 0, 0)
frame rate: 122.5 fps|0.002d|13 avs||1226|1227||0x0000|0x0000|1587.8MB|1683.2MB|32703.7MB|661|nt.2.6.2|2.701,2.701|4,8 cpus|OpenGL
cam pos =  LPoint3f(0, -9.7125, 3.2375) , cam hpr =  LVecBase3f(0, 0, 0)
cam pos =  LPoint3f(0, -9.7125, 3.2375) , cam hpr =  LVecBase3f(0, 0, 0)
cam pos =  LPoint3f(0, -9.7125, 3.2375) , cam hpr =  LVecBase3f(0, 0, 0)
cam pos =  LPoint3f(0, -9.7125, 3.2375) , cam hpr =  LVecBase3f(0, 0, 0)
cam pos =  LPoint3f(0, -9.7125, 3.2375) , cam hpr =  LVecBase3f(0, 0, 0)
cam pos =  LPoint3f(0, -9.7125, 3.2375) , cam hpr =  LVecBase3f(0, 0, 0)
cam pos =  LPoint3f(0, -9.7125, 3.2375) , cam hpr =  LVecBase3f(0, 0, 0)
cam pos =  LPoint3f(0, -9.7125, 3.2375) , cam hpr =  LVecBase3f(0, 0, 0)
cam pos =  LPoint3f(0, -9.7125, 3.2375) , cam hpr =  LVecBase3f(0, 0, 0)
cam pos =  LPoint3f(0, -9.7125, 3.2375) , cam hpr =  LVecBase3f(0, 0, 0)
cam pos =  LPoint3f(0, -9.7125, 3.2375) , cam hpr =  LVecBase3f(0, 0, 0)
cam pos =  LPoint3f(0, -9.7125, 3.2375) , cam hpr =  LVecBase3f(0, 0, 0)
cam pos =  LPoint3f(0, -9.7125, 3.2375) , cam hpr =  LVecBase3f(0, 0, 0)
cam pos =  LPoint3f(0, -9.7125, 3.2375) , cam hpr =  LVecBase3f(0, 0, 0)
cam pos =  LPoint3f(0, -9.7125, 3.2375) , cam hpr =  LVecBase3f(0, 0, 0)
cam pos =  LPoint3f(0, -9.7125, 3.2375) , cam hpr =  LVecBase3f(0, 0, 0)
cam pos =  LPoint3f(0, -9.7125, 3.2375) , cam hpr =  LVecBase3f(0, 0, 0)
cam pos =  LPoint3f(0, -9.7125, 3.2375) , cam hpr =  LVecBase3f(0, 0, 0)
cam pos =  LPoint3f(0, -9.7125, 3.2375) , cam hpr =  LVecBase3f(0, 0, 0)
cam pos =  LPoint3f(0, -9.7125, 3.2375) , cam hpr =  LVecBase3f(0, 0, 0)
cam pos =  LPoint3f(0, -9.7125, 3.2375) , cam hpr =  LVecBase3f(0, 0, 0)
cam pos =  LPoint3f(0, -9.7125, 3.2375) , cam hpr =  LVecBase3f(0, 0, 0)
cam pos =  LPoint3f(0, -9.7125, 3.2375) , cam hpr =  LVecBase3f(0, 0, 0)
cam pos =  LPoint3f(0, -9.7125, 3.2375) , cam hpr =  LVecBase3f(0, 0, 0)
cam pos =  LPoint3f(0, -9.7125, 3.2375) , cam hpr =  LVecBase3f(0, 0, 0)
cam pos =  LPoint3f(0, -9.7125, 3.2375) , cam hpr =  LVecBase3f(0, 0, 0)
cam pos =  LPoint3f(0, -9.7125, 3.2375) , cam hpr =  LVecBase3f(0, 0, 0)
cam pos =  LPoint3f(0, -9.7125, 3.2375) , cam hpr =  LVecBase3f(0, 0, 0)
cam pos =  LPoint3f(0, -9.7125, 3.2375) , cam hpr =  LVecBase3f(0, 0, 0)
cam pos =  LPoint3f(0, -9.7125, 3.2375) , cam hpr =  LVecBase3f(0, 0, 0)
cam pos =  LPoint3f(0, -9.7125, 3.2375) , cam hpr =  LVecBase3f(0, 0, 0)
cam pos =  LPoint3f(0, -9.7125, 3.2375) , cam hpr =  LVecBase3f(0, 0, 0)
cam pos =  LPoint3f(0, -9.7125, 3.2375) , cam hpr =  LVecBase3f(0, 0, 0)
cam pos =  LPoint3f(0, -9.7125, 3.2375) , cam hpr =  LVecBase3f(0, 0, 0)
cam pos =  LPoint3f(0, -9.7125, 3.2375) , cam hpr =  LVecBase3f(0, 0, 0)
cam pos =  LPoint3f(0, -9.7125, 3.2375) , cam hpr =  LVecBase3f(0, 0, 0)
cam pos =  LPoint3f(0, -9.7125, 3.2375) , cam hpr =  LVecBase3f(0, 0, 0)
cam pos =  LPoint3f(0, -9.7125, 3.2375) , cam hpr =  LVecBase3f(0, 0, 0)
cam pos =  LPoint3f(0, -9.7125, 3.2375) , cam hpr =  LVecBase3f(0, 0, 0)
cam pos =  LPoint3f(0, -9.7125, 3.2375) , cam hpr =  LVecBase3f(0, 0, 0)
frame rate: 122.4 fps|0.002d|13 avs||1526|1527||0x0000|0x0000|1812.4MB|1908.1MB|32703.7MB|718|nt.2.6.2|2.701,2.701|4,8 cpus|OpenGL
cam pos =  LPoint3f(0, -9.7125, 3.2375) , cam hpr =  LVecBase3f(0, 0, 0)
cam pos =  LPoint3f(0, -9.7125, 3.2375) , cam hpr =  LVecBase3f(0, 0, 0)
cam pos =  LPoint3f(0, -9.7125, 3.2375) , cam hpr =  LVecBase3f(0, 0, 0)
cam pos =  LPoint3f(0, -9.7125, 3.2375) , cam hpr =  LVecBase3f(0, 0, 0)
cam pos =  LPoint3f(0, -9.7125, 3.2375) , cam hpr =  LVecBase3f(0, 0, 0)
cam pos =  LPoint3f(0, -9.7125, 3.2375) , cam hpr =  LVecBase3f(0, 0, 0)
cam pos =  LPoint3f(0, -9.7125, 3.2375) , cam hpr =  LVecBase3f(0, 0, 0)
cam pos =  LPoint3f(0, -9.7125, 3.2375) , cam hpr =  LVecBase3f(0, 0, 0)
cam pos =  LPoint3f(0, -9.7125, 3.2375) , cam hpr =  LVecBase3f(0, 0, 0)
cam pos =  LPoint3f(0, -9.7125, 3.2375) , cam hpr =  LVecBase3f(0, 0, 0)
cam pos =  LPoint3f(0, -9.7125, 3.2375) , cam hpr =  LVecBase3f(0, 0, 0)
cam pos =  LPoint3f(0, -9.7125, 3.2375) , cam hpr =  LVecBase3f(0, 0, 0)
cam pos =  LPoint3f(0, -9.7125, 3.2375) , cam hpr =  LVecBase3f(0, 0, 0)
cam pos =  LPoint3f(0, -9.7125, 3.2375) , cam hpr =  LVecBase3f(0, 0, 0)
cam pos =  LPoint3f(0, -9.7125, 3.2375) , cam hpr =  LVecBase3f(0, 0, 0)
cam pos =  LPoint3f(0, -9.7125, 3.2375) , cam hpr =  LVecBase3f(0, 0, 0)
cam pos =  LPoint3f(0, -9.7125, 3.2375) , cam hpr =  LVecBase3f(0, 0, 0)
cam pos =  LPoint3f(0, -9.7125, 3.2375) , cam hpr =  LVecBase3f(0, 0, 0)
cam pos =  LPoint3f(0, -9.7125, 3.2375) , cam hpr =  LVecBase3f(0, 0, 0)
cam pos =  LPoint3f(0, -9.7125, 3.2375) , cam hpr =  LVecBase3f(0, 0, 0)
cam pos =  LPoint3f(0, -9.7125, 3.2375) , cam hpr =  LVecBase3f(0, 0, 0)
cam pos =  LPoint3f(0, -9.7125, 3.2375) , cam hpr =  LVecBase3f(0, 0, 0)
cam pos =  LPoint3f(0, -9.7125, 3.2375) , cam hpr =  LVecBase3f(0, 0, 0)
cam pos =  LPoint3f(0, -9.7125, 3.2375) , cam hpr =  LVecBase3f(0, 0, 0)
cam pos =  LPoint3f(0, -9.7125, 3.2375) , cam hpr =  LVecBase3f(0, 0, 0)
cam pos =  LPoint3f(0, -9.7125, 3.2375) , cam hpr =  LVecBase3f(0, 0, 0)
cam pos =  LPoint3f(0, -9.7125, 3.2375) , cam hpr =  LVecBase3f(0, 0, 0)
cam pos =  LPoint3f(0, -9.7125, 3.2375) , cam hpr =  LVecBase3f(0, 0, 0)
cam pos =  LPoint3f(0, -9.7125, 3.2375) , cam hpr =  LVecBase3f(0, 0, 0)
cam pos =  LPoint3f(0, -9.7125, 3.2375) , cam hpr =  LVecBase3f(0, 0, 0)
:11-24-2019 09:20:58 OTPClientRepository: Sending heartbeat mid-frame.
cam pos =  LPoint3f(0, -9.7125, 3.2375) , cam hpr =  LVecBase3f(0, 0, 0)
cam pos =  LPoint3f(0, -9.7125, 3.2375) , cam hpr =  LVecBase3f(0, 0, 0)
cam pos =  LPoint3f(0, -9.7125, 3.2375) , cam hpr =  LVecBase3f(0, 0, 0)
cam pos =  LPoint3f(0, -9.7125, 3.2375) , cam hpr =  LVecBase3f(0, 0, 0)
cam pos =  LPoint3f(0, -9.7125, 3.2375) , cam hpr =  LVecBase3f(0, 0, 0)
cam pos =  LPoint3f(0, -9.7125, 3.2375) , cam hpr =  LVecBase3f(0, 0, 0)
cam pos =  LPoint3f(0, -9.7125, 3.2375) , cam hpr =  LVecBase3f(0, 0, 0)
cam pos =  LPoint3f(0, -9.7125, 3.2375) , cam hpr =  LVecBase3f(0, 0, 0)
:11-24-2019 09:22:22 TimeManager: Clock sync: timer
frame rate: 118.0 fps|0.002d|13 avs||1826|1827||0x0000|0x0000|2035.9MB|2132.0MB|32703.7MB|776|nt.2.6.2|2.701,2.701|4,8 cpus|OpenGL
:11-24-2019 09:22:22 TimeManager: Clock sync roundtrip took 52.135 ms
:11-24-2019 09:22:22 TimeManager: AI time delta is -0:00 from server delta
:11-24-2019 09:22:22 ClockDelta: previous delta at -0.952 s, +/- 1.085 s.
:11-24-2019 09:22:22 ClockDelta: new delta at -1.483 s, +/- 0.026 s.
:11-24-2019 09:22:22 ClockDelta: intersection at -1.483 s, +/- 0.026 s.
:11-24-2019 09:22:22 TimeManager: Local clock uncertainty +/- 0.026 s
cam pos =  LPoint3f(0, -9.7125, 3.2375) , cam hpr =  LVecBase3f(0, 0, 0)
cam pos =  LPoint3f(0, -9.7125, 3.2375) , cam hpr =  LVecBase3f(0, 0, 0)
cam pos =  LPoint3f(0, -9.7125, 3.2375) , cam hpr =  LVecBase3f(0, 0, 0)
cam pos =  LPoint3f(0, -9.7125, 3.2375) , cam hpr =  LVecBase3f(0, 0, 0)
cam pos =  LPoint3f(0, -9.7125, 3.2375) , cam hpr =  LVecBase3f(0, 0, 0)
cam pos =  LPoint3f(0, -9.7125, 3.2375) , cam hpr =  LVecBase3f(0, 0, 0)
cam pos =  LPoint3f(0, -9.7125, 3.2375) , cam hpr =  LVecBase3f(0, 0, 0)
cam pos =  LPoint3f(0, -9.7125, 3.2375) , cam hpr =  LVecBase3f(0, 0, 0)
cam pos =  LPoint3f(0, -9.7125, 3.2375) , cam hpr =  LVecBase3f(0, 0, 0)
cam pos =  LPoint3f(0, -9.7125, 3.2375) , cam hpr =  LVecBase3f(0, 0, 0)
cam pos =  LPoint3f(0, -9.7125, 3.2375) , cam hpr =  LVecBase3f(0, 0, 0)
cam pos =  LPoint3f(0, -9.7125, 3.2375) , cam hpr =  LVecBase3f(0, 0, 0)
cam pos =  LPoint3f(0, -9.7125, 3.2375) , cam hpr =  LVecBase3f(0, 0, 0)
cam pos =  LPoint3f(0, -9.7125, 3.2375) , cam hpr =  LVecBase3f(0, 0, 0)
cam pos =  LPoint3f(0, -9.7125, 3.2375) , cam hpr =  LVecBase3f(0, 0, 0)
cam pos =  LPoint3f(0, -9.7125, 3.2375) , cam hpr =  LVecBase3f(0, 0, 0)
cam pos =  LPoint3f(0, -9.7125, 3.2375) , cam hpr =  LVecBase3f(0, 0, 0)
cam pos =  LPoint3f(0, -9.7125, 3.2375) , cam hpr =  LVecBase3f(0, 0, 0)
cam pos =  LPoint3f(0, -9.7125, 3.2375) , cam hpr =  LVecBase3f(0, 0, 0)
cam pos =  LPoint3f(0, -9.7125, 3.2375) , cam hpr =  LVecBase3f(0, 0, 0)
cam pos =  LPoint3f(0, -9.7125, 3.2375) , cam hpr =  LVecBase3f(0, 0, 0)
cam pos =  LPoint3f(0, -9.7125, 3.2375) , cam hpr =  LVecBase3f(0, 0, 0)
cam pos =  LPoint3f(0, -9.7125, 3.2375) , cam hpr =  LVecBase3f(0, 0, 0)
cam pos =  LPoint3f(0, -9.7125, 3.2375) , cam hpr =  LVecBase3f(0, 0, 0)
cam pos =  LPoint3f(0, -9.7125, 3.2375) , cam hpr =  LVecBase3f(0, 0, 0)
cam pos =  LPoint3f(0, -9.7125, 3.2375) , cam hpr =  LVecBase3f(0, 0, 0)
cam pos =  LPoint3f(0, -9.7125, 3.2375) , cam hpr =  LVecBase3f(0, 0, 0)
cam pos =  LPoint3f(0, -9.7125, 3.2375) , cam hpr =  LVecBase3f(0, 0, 0)
cam pos =  LPoint3f(0, -9.7125, 3.2375) , cam hpr =  LVecBase3f(0, 0, 0)
cam pos =  LPoint3f(0, -9.7125, 3.2375) , cam hpr =  LVecBase3f(0, 0, 0)
cam pos =  LPoint3f(0, -9.7125, 3.2375) , cam hpr =  LVecBase3f(0, 0, 0)
cam pos =  LPoint3f(0, -9.7125, 3.2375) , cam hpr =  LVecBase3f(0, 0, 0)
cam pos =  LPoint3f(0, -9.7125, 3.2375) , cam hpr =  LVecBase3f(0, 0, 0)
cam pos =  LPoint3f(0, -9.7125, 3.2375) , cam hpr =  LVecBase3f(0, 0, 0)
frame rate: 121.8 fps|0.002d|13 avs||2126|2127||0x0000|0x0000|2269.5MB|2366.1MB|32703.7MB|836|nt.2.6.2|2.701,2.701|4,8 cpus|OpenGL
cam pos =  LPoint3f(0, -9.7125, 3.2375) , cam hpr =  LVecBase3f(0, 0, 0)
cam pos =  LPoint3f(0, -9.7125, 3.2375) , cam hpr =  LVecBase3f(0, 0, 0)
cam pos =  LPoint3f(0, -9.7125, 3.2375) , cam hpr =  LVecBase3f(0, 0, 0)
cam pos =  LPoint3f(0, -9.7125, 3.2375) , cam hpr =  LVecBase3f(0, 0, 0)
cam pos =  LPoint3f(0, -9.7125, 3.2375) , cam hpr =  LVecBase3f(0, 0, 0)
cam pos =  LPoint3f(0, -9.7125, 3.2375) , cam hpr =  LVecBase3f(0, 0, 0)
cam pos =  LPoint3f(0, -9.7125, 3.2375) , cam hpr =  LVecBase3f(0, 0, 0)
cam pos =  LPoint3f(0, -9.7125, 3.2375) , cam hpr =  LVecBase3f(0, 0, 0)
cam pos =  LPoint3f(0, -9.7125, 3.2375) , cam hpr =  LVecBase3f(0, 0, 0)
cam pos =  LPoint3f(0, -9.7125, 3.2375) , cam hpr =  LVecBase3f(0, 0, 0)
cam pos =  LPoint3f(0, -9.7125, 3.2375) , cam hpr =  LVecBase3f(0, 0, 0)
cam pos =  LPoint3f(0, -9.7125, 3.2375) , cam hpr =  LVecBase3f(0, 0, 0)
cam pos =  LPoint3f(0, -9.7125, 3.2375) , cam hpr =  LVecBase3f(0, 0, 0)
