

Starting Toontown Online...
Current time: Tue Sep 29 12:52:11 2020 Eastern Standard Time
sys.path =  ['', 'C:\\Panda3D-1.11.0-x64\\python\\python27.zip', 'C:\\Panda3D-1.11.0-x64', 'C:\\Panda3D-1.11.0-x64\\python\\DLLs', 'C:\\Panda3D-1.11.0-x64\\python\\lib', 'C:\\Panda3D-1.11.0-x64\\python\\lib\\plat-win', 'C:\\Panda3D-1.11.0-x64\\python\\lib\\lib-tk', 'C:\\Panda3D-1.11.0-x64\\python', 'C:\\Panda3D-1.11.0-x64\\bin', 'C:\\Panda3D-1.11.0-x64\\python\\lib\\site-packages']
sys.argv =  ['D:\\hollybae\\Aly\\Toontown-School-House\\toontown\\launcher\\TTOffQuickStartLauncher.py']
generating standard configrc
os.environ =  {'TMP': 'C:\\Users\\holla\\AppData\\Local\\Temp', 'ONEDRIVECONSUMER': 'C:\\Users\\holla\\OneDrive', 'COMPUTERNAME': 'HOLLYBAES-PC', 'USERDOMAIN': 'HOLLYBAES-PC', 'INTEL_DEV_REDIST': 'C:\\Program Files (x86)\\Common Files\\Intel\\Shared Libraries\\', 'PSMODULEPATH': 'C:\\Program Files\\WindowsPowerShell\\Modules;C:\\WINDOWS\\system32\\WindowsPowerShell\\v1.0\\Modules', 'COMMONPROGRAMFILES': 'C:\\Program Files\\Common Files', 'PROCESSOR_IDENTIFIER': 'Intel64 Family 6 Model 158 Stepping 10, GenuineIntel', 'PROGRAMFILES': 'C:\\Program Files', 'PROCESSOR_REVISION': '9e0a', 'PATH': 'C:\\Panda3D-1.11.0-x64\\panda3d\\..\\bin;C:\\Program Files (x86)\\Razer\\ChromaBroadcast\\bin;C:\\Program Files\\Razer\\ChromaBroadcast\\bin;C:\\Program Files (x86)\\Common Files\\Intel\\Shared Libraries\\redist\\intel64\\compiler;C:\\Program Files (x86)\\Common Files\\Oracle\\Java\\javapath;C:\\WINDOWS\\system32;C:\\WINDOWS;C:\\WINDOWS\\System32\\Wbem;C:\\WINDOWS\\System32\\WindowsPowerShell\\v1.0\\;C:\\WINDOWS\\System32\\OpenSSH\\;C:\\Program Files (x86)\\NVIDIA Corporation\\PhysX\\Common;C:\\Program Files\\NVIDIA Corporation\\NVIDIA NvDLISR;C:\\WINDOWS\\system32\\config\\systemprofile\\AppData\\Local\\Microsoft\\WindowsApps;C:\\Users\\holla\\AppData\\Local\\Microsoft\\WindowsApps;C:\\Panda3D-1.11.0-x64\\python;C:\\Panda3D-1.11.0-x64\\python\\Scripts;C:\\Panda3D-1.11.0-x64\\bin', 'SYSTEMROOT': 'C:\\WINDOWS', 'MIC_LD_LIBRARY_PATH': 'C:\\Program Files (x86)\\Common Files\\Intel\\Shared Libraries\\compiler\\lib\\mic', 'COMSPEC': 'C:\\WINDOWS\\system32\\cmd.exe', 'DRIVERDATA': 'C:\\Windows\\System32\\Drivers\\DriverData', 'PPYTHON_PATH': '"C:\\Panda3D-1.11.0-x64\\python\\ppython.exe"', 'TEMP': 'C:\\Users\\holla\\AppData\\Local\\Temp', 'COMMONPROGRAMFILES(X86)': 'C:\\Program Files (x86)\\Common Files', 'PROCESSOR_ARCHITECTURE': 'AMD64', 'PROGRAMFILES(X86)': 'C:\\Program Files (x86)', 'ALLUSERSPROFILE': 'C:\\ProgramData', 'LOCALAPPDATA': 'C:\\Users\\holla\\AppData\\Local', 'FPS_BROWSER_USER_PROFILE_STRING': 'Default', 'HOMEPATH': '\\Users\\holla', 'USERDOMAIN_ROAMINGPROFILE': 'HOLLYBAES-PC', 'PROGRAMW6432': 'C:\\Program Files', 'USERNAME': 'holla', 'LOGONSERVER': '\\\\HOLLYBAES-PC', 'PROMPT': '$P$G', 'SESSIONNAME': 'Console', 'PROGRAMDATA': 'C:\\ProgramData', 'ONEDRIVE': 'C:\\Users\\holla\\OneDrive', 'FPS_BROWSER_APP_PROFILE_STRING': 'Internet Explorer', 'PATHEXT': '.COM;.EXE;.BAT;.CMD;.VBS;.VBE;.JS;.JSE;.WSF;.WSH;.MSC', 'TTOFF_LOGIN_TOKEN': 'dev', 'WINDIR': 'C:\\WINDOWS', 'APPDATA': 'C:\\Users\\holla\\AppData\\Roaming', 'HOMEDRIVE': 'C:', 'SYSTEMDRIVE': 'C:', 'NUMBER_OF_PROCESSORS': '12', 'PROCESSOR_LEVEL': '6', 'COMMONPROGRAMW6432': 'C:\\Program Files\\Common Files', 'OS': 'Windows_NT', 'PUBLIC': 'C:\\Users\\Public', 'USERPROFILE': 'C:\\Users\\holla'}
:09-29-2020 12:52:11 TTOffLauncher: isTestServer: 0
:09-29-2020 12:52:11 TTOffLauncher: Game Server 127.0.0.1
:09-29-2020 12:52:11 TTOffLauncher: Starting Toontown Online... 
:09-29-2020 12:52:11 TTOffLauncher: foreground: Launcher now operating in foreground
useTTOffSpecificLogin=True
:09-29-2020 12:52:11 TTOffLauncher: maybeStartGame: starting game
:09-29-2020 12:52:11 TTOffLauncher: Starting Toontown Online...
:09-29-2020 12:52:11 TTOffLauncher: background: Launcher now operating in background
ToontownStart: Polling for game2 to finish...
ToontownStart: Game2 is finished.
ToontownStart: Starting the game.
ToontownStart: setting default font
:09-29-2020 12:52:11 TTOffLauncher: setting panda error code to 7
Known pipe types:
  wglGraphicsPipe
(all display modules loaded.)
:09-29-2020 12:52:11 ToonBase: Default graphics pipe is wglGraphicsPipe (OpenGL).
:09-29-2020 12:52:11 :display:windisplay(warning): SetForegroundWindow() failed!
:09-29-2020 12:52:12 ToonBase: Successfully opened window of type wglGraphicsWindow (OpenGL)
:09-29-2020 12:52:12 ShowBase: __dev__ == False
:09-29-2020 12:52:12 TTOffLauncher: setting panda error code to 11
:09-29-2020 12:52:12 TTOffLauncher: setting panda error code to 0
ToontownStart: Loading default gui sounds
ToontownStart: serverVersion:  tto-dev
:09-29-2020 12:52:12 Loader: starting bulk load of block 'init'
:09-29-2020 12:52:19 :nativenet(error): Buffered_DatagramConnection Constructor rbufsize = 4096000 wbufsize = 4096000 write_flush_point = 1400
:09-29-2020 12:52:19 OTPClientRepository: Using connect method 'http'
:09-29-2020 12:52:30 TTOffLauncher: getRegistry ('DEPLOYMENT', None)
:09-29-2020 12:52:30 TTOffLauncher: checking env
:09-29-2020 12:52:30 TTOffLauncher: getRegistry ('GAME_DEPLOYMENT', None)
:09-29-2020 12:52:30 TTOffLauncher: checking env
:09-29-2020 12:52:30 OTPClientRepository: reg_deployment=
:09-29-2020 12:52:30 OTPClientRepository: required-login auto.
:09-29-2020 12:52:30 OTPClientRepository: loginInterface: LoginTTOffAccount
:09-29-2020 12:52:30 TTOffLauncher: getNeedPwForSecretKey using ttoff-specific-login
:09-29-2020 12:52:30 Loader: At end of block 'init', expected 138, loaded 12, duration=18.1997158
:09-29-2020 12:52:30 OTPClientRepository: Connecting to gameserver directly (no proxy).
:09-29-2020 12:52:30 OTPClientRepository: Connecting to //127.0.0.1:7198 via HTTP interface.
:09-29-2020 12:52:30 TTOffLauncher: Stopping mini task manager.
:09-29-2020 12:52:30 OTPClientRepository: Successfully connected to //127.0.0.1:7198.
:09-29-2020 12:52:30 TTOffLauncher: Setting Disconnect Details normal
{401000001: <toontown.distributed.ToontownDistrict.ToontownDistrict instance at 0x00000000193A4748>}
:09-29-2020 12:52:32 StateData: AvatarChooser.enter
:09-29-2020 12:52:32 DisplayOptions: settingsFullScreen = False, embedded = False width=800 height=600
:09-29-2020 12:52:32 StateData: calling self.displayOptions.restrictToEmbedded(False)
:09-29-2020 12:52:55 OTPClientRepository: ================
:09-29-2020 12:52:55 OTPClientRepository: Chose avatar id: 100000014
:09-29-2020 12:52:55 OTPClientRepository: Chose avatar name: Holland
:09-29-2020 12:52:55 OTPClientRepository: Chose avatar dna: ('css', 'ms', 'm', 'm', 16, 0, 16, 16, 113, 27, 99, 27, 7, 21)
:09-29-2020 12:52:55 OTPClientRepository: Chose avatar position: 5
:09-29-2020 12:52:55 OTPClientRepository: isPaid: 1
:09-29-2020 12:52:55 OTPClientRepository: freeTimeLeft: 0
:09-29-2020 12:52:55 OTPClientRepository: allowSecretChat: True
:09-29-2020 12:52:55 OTPClientRepository: ================
:09-29-2020 12:52:55 Loader: starting bulk load of block 'localAvatarPlayGame'
:09-29-2020 12:52:56 ToontownTimeManager(warning): error parsing date string=
local
:09-29-2020 12:52:56 NewsPageButtonManager(warning): Should not get here. NewsPageButtonManager.exitOff
:09-29-2020 12:52:56 :pnmimage:png(warning): iCCP: known incorrect sRGB profile
:09-29-2020 12:52:59 OTPClientRepository: Entering shard 401000001
:09-29-2020 12:52:59 StreetSign: Street sign url is https://ttoffline.com/images/
:09-29-2020 12:53:00 StreetSign: Street Sign is up to date
:09-29-2020 12:53:00 OTPClientRepository: Sending heartbeat mid-frame.
:09-29-2020 12:53:00 TimeManager: Clock sync: TimeManager.announceGenerate
:09-29-2020 12:53:00 InGameNewsMgr: latestIssue=2013-08-22 16:49:46.000003-07:00
cpu info: GenuineIntel|Intel(R) Core(TM) i7-8700K CPU @ 3.70GHz|591594|0|3.696,3.696|6,12 cpus
:09-29-2020 12:53:02 OTPClientRepository: No sync from TimeManager.
:09-29-2020 12:53:02 OTPClientRepository: gotTimeSync
:09-29-2020 12:53:02 Loader: At end of block 'localAvatarPlayGame', expected 400, loaded 20, duration=6.7344925
:09-29-2020 12:53:02 TimeManager: Clock sync roundtrip took 1208.050 ms
:09-29-2020 12:53:02 TimeManager: AI time delta is -0:02 from server delta
:09-29-2020 12:53:02 TimeManager: Local clock uncertainty +/- 0.604 s
:09-29-2020 12:53:02 PlayGame: QA-REGRESSION: NEIGHBORHOODS: Visit Lawbot HQ
:09-29-2020 12:53:02 Loader: starting bulk load of block 'hood'
:09-29-2020 12:53:04 LawbotCogHQLoader: loadPlaceGeom: 13000
:09-29-2020 12:53:04 DistributedObject: DistributedSuitPlanner 401002972: generating
:09-29-2020 12:53:04 DistributedToon: calling LocalAvatar.startchat
:09-29-2020 12:53:04 :loader(error): Couldn't load file phase_4/models/questmap/cog_hq_lawbot_maps.bam: not found on model path (currently: "/;/d/hollybae/Aly/Toontown-School-House/toontown/launcher;/c/Panda3D-1.11.0-x64/etc/..;/c/Panda3D-1.11.0-x64/etc/../models")
:09-29-2020 12:53:04 Loader: At end of block 'hood', expected 2, loaded 13, duration=2.7961955
:09-29-2020 12:53:06 Teleport(debug): teleportInDone: walk
:09-29-2020 12:53:06 :loader(error): Couldn't load file phase_4/models/questmap/cog_hq_lawbot_maps.bam: not found on model path (currently: "/;/d/hollybae/Aly/Toontown-School-House/toontown/launcher;/c/Panda3D-1.11.0-x64/etc/..;/c/Panda3D-1.11.0-x64/etc/../models")
:09-29-2020 12:53:08 TTOffMagicWordManager: God mode enabled for Holland!
:09-29-2020 12:53:14 LawbotCogHQLoader: loadPlaceGeom: 13100
:09-29-2020 12:53:14 LawbotCogHQLoader: QA-REGRESSION: COGHQ: Visit LawbotLobby
:09-29-2020 12:53:14 LawbotHQExterior: Unloading Place (13000). Fsm in final
:09-29-2020 12:53:14 DistributedObject: DistributedSuitPlanner 401002972: disabling
:09-29-2020 12:53:14 DistributedToon: calling LocalAvatar.startchat
:09-29-2020 12:53:14 :loader(error): Couldn't load file phase_4/models/questmap/cog_hq_lawbot_maps.bam: not found on model path (currently: "/;/d/hollybae/Aly/Toontown-School-House/toontown/launcher;/c/Panda3D-1.11.0-x64/etc/..;/c/Panda3D-1.11.0-x64/etc/../models")
:09-29-2020 12:53:15 :loader(error): Couldn't load file phase_4/models/questmap/cog_hq_lawbot_maps.bam: not found on model path (currently: "/;/d/hollybae/Aly/Toontown-School-House/toontown/launcher;/c/Panda3D-1.11.0-x64/etc/..;/c/Panda3D-1.11.0-x64/etc/../models")
:09-29-2020 12:53:28 LawbotCogHQLoader: loadPlaceGeom: 61000
:09-29-2020 12:53:28 LawbotCogHQLoader(warning): loadPlaceGeom: unclassified zone 61000
:09-29-2020 12:53:28 CogHQLobby: Unloading Place (13100). Fsm in final
:09-29-2020 12:53:28 DistributedLawbotBoss(warning): Not a collision node: LawbotCourtroom3.egg/-PandaNode/CR3/interior/CR3_Floor
:09-29-2020 12:53:28 DistributedToon: calling LocalAvatar.startchat
:09-29-2020 12:53:29 LawbotHQBossBattle(warning): fsm.request('movie') returned 0 (zone id 61000, avatar pos LPoint3f(-0.363562, -126.204, 0.193903)).
:09-29-2020 12:53:43 LawbotHQBossBattle(warning): fsm.request('movie') returned 0 (zone id 61000, avatar pos LPoint3f(-0.363562, -126.204, 0.193903)).
:09-29-2020 12:53:45 TTOffMagicWordManager: Gave Holland an infinite amount of pies
:09-29-2020 12:53:47 TTOffMagicWordManager: Run mode has been toggled.
:09-29-2020 12:54:06 Actor(warning): called actor.removeNode() on actor without calling cleanup()
:09-29-2020 12:54:06 Actor(warning): called actor.removeNode() on actor without calling cleanup()
:09-29-2020 12:54:06 Actor(warning): called actor.removeNode() on actor without calling cleanup()
:09-29-2020 12:54:06 Actor(warning): called actor.removeNode() on actor without calling cleanup()
:09-29-2020 12:54:06 Actor(warning): called actor.removeNode() on actor without calling cleanup()
:09-29-2020 12:54:06 Actor(warning): called actor.removeNode() on actor without calling cleanup()
:09-29-2020 12:54:06 Actor(warning): called actor.removeNode() on actor without calling cleanup()
:09-29-2020 12:54:06 Actor(warning): called actor.removeNode() on actor without calling cleanup()
:09-29-2020 12:54:06 Actor(warning): called actor.removeNode() on actor without calling cleanup()
:09-29-2020 12:54:06 Actor(warning): called actor.removeNode() on actor without calling cleanup()
:09-29-2020 12:54:06 Actor(warning): called actor.removeNode() on actor without calling cleanup()
:09-29-2020 12:54:06 Actor(warning): called actor.removeNode() on actor without calling cleanup()
:09-29-2020 12:54:06 TTOffMagicWordManager: Restarting Scale Round
:09-29-2020 12:54:09 LawbotHQBossBattle(warning): fsm.request('finalBattle') returned 0 (zone id 61000, avatar pos LPoint3f(-2.98953, -0.504892, 0)).
:09-29-2020 12:54:09 TTOffMagicWordManager: Restarting Scale Round
:09-29-2020 12:57:13 GarbageCollect(warning): garbage found, reverting gc threshold
frame rate: 162.6 fps|0.001d|13 avs||347|347||0x0000|0x0000|690.3MB|807.7MB|32619.6MB|499|nt.2.6.2|3.696,3.696|6,12 cpus|OpenGL
frame rate: 150.3 fps|0.001d|13 avs||647|647||0x0000|0x0000|709.8MB|826.9MB|32619.6MB|504|nt.2.6.2|3.696,3.696|6,12 cpus|OpenGL
adding timeout task
adding timeout task
adding timeout task
adding timeout task
frame rate: 100.3 fps|0.002d|13 avs||947|947||0x0000|0x0000|724.2MB|841.2MB|32619.6MB|507|nt.2.6.2|3.696,3.696|6,12 cpus|OpenGL
