

Starting Toontown Online...
Current time: Sun Dec 29 07:04:26 2019 Eastern Standard Time
sys.path =  ['', 'C:\\Panda3D-1.11.0-x64\\python\\python27.zip', 'C:\\Panda3D-1.11.0-x64', 'C:\\Panda3D-1.11.0-x64\\python\\DLLs', 'C:\\Panda3D-1.11.0-x64\\python\\lib', 'C:\\Panda3D-1.11.0-x64\\python\\lib\\plat-win', 'C:\\Panda3D-1.11.0-x64\\python\\lib\\lib-tk', 'C:\\Panda3D-1.11.0-x64\\python', 'C:\\Panda3D-1.11.0-x64\\bin', 'C:\\Panda3D-1.11.0-x64\\python\\lib\\site-packages']
sys.argv =  ['D:\\hollybae\\Aly\\Toontown-School-House\\toontown\\launcher\\TTOffQuickStartLauncher.py']
generating standard configrc
os.environ =  {'TMP': 'C:\\Users\\holla\\AppData\\Local\\Temp', 'COMPUTERNAME': 'HOLLYBAES-PC', 'USERDOMAIN': 'HOLLYBAES-PC', 'INTEL_DEV_REDIST': 'C:\\Program Files (x86)\\Common Files\\Intel\\Shared Libraries\\', 'PSMODULEPATH': 'C:\\Program Files\\WindowsPowerShell\\Modules;C:\\WINDOWS\\system32\\WindowsPowerShell\\v1.0\\Modules', 'COMMONPROGRAMFILES': 'C:\\Program Files\\Common Files', 'PROCESSOR_IDENTIFIER': 'Intel64 Family 6 Model 158 Stepping 10, GenuineIntel', 'VBOX_MSI_INSTALL_PATH': 'C:\\Program Files\\Oracle\\VirtualBox\\', 'PROGRAMFILES': 'C:\\Program Files', 'PROCESSOR_REVISION': '9e0a', 'PATH': 'C:\\Panda3D-1.11.0-x64\\panda3d\\..\\bin;C:\\Program Files (x86)\\Razer\\ChromaBroadcast\\bin;C:\\Program Files\\Razer\\ChromaBroadcast\\bin;C:\\Program Files (x86)\\Common Files\\Intel\\Shared Libraries\\redist\\intel64_win\\compiler;C:\\Program Files (x86)\\Common Files\\Oracle\\Java\\javapath;C:\\Program Files (x86)\\Common Files\\Intel\\Shared Libraries\\redist\\intel64\\compiler;C:\\WINDOWS\\system32;C:\\WINDOWS;C:\\WINDOWS\\System32\\Wbem;C:\\WINDOWS\\System32\\WindowsPowerShell\\v1.0\\;C:\\WINDOWS\\System32\\OpenSSH\\;C:\\Program Files\\NVIDIA Corporation\\NVIDIA NGX;C:\\Program Files (x86)\\NVIDIA Corporation\\PhysX\\Common;C:\\Program Files\\NVIDIA Corporation\\NVIDIA NvDLISR;C:\\WINDOWS\\system32;C:\\WINDOWS;C:\\WINDOWS\\System32\\Wbem;C:\\WINDOWS\\System32\\WindowsPowerShell\\v1.0\\;C:\\WINDOWS\\System32\\OpenSSH\\;D:\\hollybae\\ffmpeg-4.1.3-win64-static\\ffmpeg-4.1.3-win64-static\\bin;C:\\Program Files\\dotnet\\;C:\\WINDOWS\\system32\\config\\systemprofile\\AppData\\Local\\Microsoft\\WindowsApps;C:\\Program Files (x86)\\QuickTime\\QTSystem\\;C:\\Users\\holla\\AppData\\Local\\Microsoft\\WindowsApps;C:\\Panda3D-1.10.4.1-x64\\python;C:\\Panda3D-1.10.4.1-x64\\python\\Scripts;C:\\Panda3D-1.10.4.1-x64\\bin;C:\\Panda3D-1.11.0-x64\\python;C:\\Panda3D-1.11.0-x64\\python\\Scripts;C:\\Panda3D-1.11.0-x64\\bin', 'SYSTEMROOT': 'C:\\WINDOWS', 'MIC_LD_LIBRARY_PATH': 'C:\\Program Files (x86)\\Common Files\\Intel\\Shared Libraries\\compiler\\lib\\intel64_win_mic', 'COMSPEC': 'C:\\WINDOWS\\system32\\cmd.exe', 'DRIVERDATA': 'C:\\Windows\\System32\\Drivers\\DriverData', 'PPYTHON_PATH': '"C:\\Panda3D-1.11.0-x64\\python\\ppython.exe"', 'TEMP': 'C:\\Users\\holla\\AppData\\Local\\Temp', 'COMMONPROGRAMFILES(X86)': 'C:\\Program Files (x86)\\Common Files', 'PROCESSOR_ARCHITECTURE': 'AMD64', 'PROGRAMFILES(X86)': 'C:\\Program Files (x86)', 'ALLUSERSPROFILE': 'C:\\ProgramData', 'LOCALAPPDATA': 'C:\\Users\\holla\\AppData\\Local', 'FPS_BROWSER_USER_PROFILE_STRING': 'Default', 'HOMEPATH': '\\Users\\holla', 'USERDOMAIN_ROAMINGPROFILE': 'HOLLYBAES-PC', 'PROGRAMW6432': 'C:\\Program Files', 'USERNAME': 'holla', 'LOGONSERVER': '\\\\HOLLYBAES-PC', 'PROMPT': '$P$G', 'SESSIONNAME': 'Console', 'PROGRAMDATA': 'C:\\ProgramData', 'ONEDRIVE': 'C:\\Users\\holla\\OneDrive', 'FPS_BROWSER_APP_PROFILE_STRING': 'Internet Explorer', 'PATHEXT': '.COM;.EXE;.BAT;.CMD;.VBS;.VBE;.JS;.JSE;.WSF;.WSH;.MSC', 'TTOFF_LOGIN_TOKEN': 'dev', 'WINDIR': 'C:\\WINDOWS', 'APPDATA': 'C:\\Users\\holla\\AppData\\Roaming', 'HOMEDRIVE': 'C:', 'SYSTEMDRIVE': 'C:', 'NUMBER_OF_PROCESSORS': '12', 'PROCESSOR_LEVEL': '6', 'COMMONPROGRAMW6432': 'C:\\Program Files\\Common Files', 'OS': 'Windows_NT', 'PUBLIC': 'C:\\Users\\Public', 'USERPROFILE': 'C:\\Users\\holla'}
:12-29-2019 07:04:26 TTOffLauncher: isTestServer: 0
:12-29-2019 07:04:26 TTOffLauncher: Game Server 127.0.0.1
:12-29-2019 07:04:26 TTOffLauncher: Starting Toontown Online... 
:12-29-2019 07:04:26 TTOffLauncher: foreground: Launcher now operating in foreground
useTTOffSpecificLogin=True
:12-29-2019 07:04:26 TTOffLauncher: maybeStartGame: starting game
:12-29-2019 07:04:26 TTOffLauncher: Starting Toontown Online...
:12-29-2019 07:04:26 TTOffLauncher: background: Launcher now operating in background
ToontownStart: Polling for game2 to finish...
ToontownStart: Game2 is finished.
ToontownStart: Starting the game.
ToontownStart: setting default font
:12-29-2019 07:04:26 TTOffLauncher: setting panda error code to 7
Known pipe types:
  wglGraphicsPipe
(all display modules loaded.)
:12-29-2019 07:04:26 ToonBase: Default graphics pipe is wglGraphicsPipe (OpenGL).
:12-29-2019 07:04:27 ToonBase: Successfully opened window of type wglGraphicsWindow (OpenGL)
:12-29-2019 07:04:27 ShowBase: __dev__ == False
:12-29-2019 07:04:27 TTOffLauncher: setting panda error code to 11
:12-29-2019 07:04:27 TTOffLauncher: setting panda error code to 0
ToontownStart: Loading default gui sounds
ToontownStart: serverVersion:  tto-dev
:12-29-2019 07:04:27 Loader: starting bulk load of block 'init'
:12-29-2019 07:04:31 :nativenet(error): Buffered_DatagramConnection Constructor rbufsize = 4096000 wbufsize = 4096000 write_flush_point = 1400
:12-29-2019 07:04:31 OTPClientRepository: Using connect method 'http'
:12-29-2019 07:04:34 TTOffLauncher: getRegistry ('DEPLOYMENT', None)
:12-29-2019 07:04:34 TTOffLauncher: checking env
:12-29-2019 07:04:34 TTOffLauncher: getRegistry ('GAME_DEPLOYMENT', None)
:12-29-2019 07:04:34 TTOffLauncher: checking env
:12-29-2019 07:04:34 OTPClientRepository: reg_deployment=
:12-29-2019 07:04:34 OTPClientRepository: required-login auto.
:12-29-2019 07:04:34 OTPClientRepository: loginInterface: LoginTTOffAccount
:12-29-2019 07:04:34 TTOffLauncher: getNeedPwForSecretKey using ttoff-specific-login
:12-29-2019 07:04:34 Loader: At end of block 'init', expected 138, loaded 10, duration=7.2813385
:12-29-2019 07:04:34 OTPClientRepository: Connecting to gameserver directly (no proxy).
:12-29-2019 07:04:34 OTPClientRepository: Connecting to //127.0.0.1:7198 via HTTP interface.
:12-29-2019 07:04:34 TTOffLauncher: Stopping mini task manager.
:12-29-2019 07:04:34 OTPClientRepository: Successfully connected to //127.0.0.1:7198.
:12-29-2019 07:04:34 TTOffLauncher: Setting Disconnect Details normal
{401000001: <toontown.distributed.ToontownDistrict.ToontownDistrict instance at 0x000000001DF1D748>}
:12-29-2019 07:04:35 StateData: AvatarChooser.enter
:12-29-2019 07:04:35 DisplayOptions: settingsFullScreen = False, embedded = False width=800 height=600
:12-29-2019 07:04:35 StateData: calling self.displayOptions.restrictToEmbedded(False)
:12-29-2019 07:04:37 OTPClientRepository: ================
:12-29-2019 07:04:37 OTPClientRepository: Chose avatar id: 100000014
:12-29-2019 07:04:37 OTPClientRepository: Chose avatar name: Hollybae
:12-29-2019 07:04:37 OTPClientRepository: Chose avatar dna: ('css', 'ms', 'm', 'm', 16, 0, 16, 16, 113, 27, 18, 27, 7, 21)
:12-29-2019 07:04:37 OTPClientRepository: Chose avatar position: 5
:12-29-2019 07:04:37 OTPClientRepository: isPaid: 1
:12-29-2019 07:04:37 OTPClientRepository: freeTimeLeft: 0
:12-29-2019 07:04:37 OTPClientRepository: allowSecretChat: True
:12-29-2019 07:04:37 OTPClientRepository: ================
:12-29-2019 07:04:37 Loader: starting bulk load of block 'localAvatarPlayGame'
:12-29-2019 07:04:37 ToontownTimeManager(warning): error parsing date string=
local
:12-29-2019 07:04:38 NewsPageButtonManager(warning): Should not get here. NewsPageButtonManager.exitOff
:12-29-2019 07:04:38 :pnmimage:png(warning): iCCP: known incorrect sRGB profile
:12-29-2019 07:04:39 OTPClientRepository: Entering shard 401000001
:12-29-2019 07:04:39 StreetSign: Street sign url is https://ttoffline.com/images/
:12-29-2019 07:04:41 StreetSign: Street Sign is up to date
:12-29-2019 07:04:41 TimeManager: Clock sync: TimeManager.announceGenerate
:12-29-2019 07:04:41 InGameNewsMgr: latestIssue=2013-08-22 16:49:46.000003-07:00
cpu info: GenuineIntel|Intel(R) Core(TM) i7-8700K CPU @ 3.70GHz|591594|0|3.701,3.701|6,12 cpus
:12-29-2019 07:04:43 OTPClientRepository: No sync from TimeManager.
:12-29-2019 07:04:43 OTPClientRepository: gotTimeSync
:12-29-2019 07:04:43 Loader: At end of block 'localAvatarPlayGame', expected 400, loaded 12, duration=5.8349141
:12-29-2019 07:04:43 TimeManager: Clock sync roundtrip took 1699.916 ms
:12-29-2019 07:04:43 TimeManager: AI time delta is -0:02 from server delta
:12-29-2019 07:04:43 TimeManager: Local clock uncertainty +/- 0.850 s
:12-29-2019 07:04:43 PlayGame: QA-REGRESSION: NEIGHBORHOODS: Visit Lawbot HQ
:12-29-2019 07:04:43 Loader: starting bulk load of block 'hood'
:12-29-2019 07:04:44 LawbotCogHQLoader: loadPlaceGeom: 13000
:12-29-2019 07:04:44 OTPClientRepository: Sending heartbeat mid-frame.
:12-29-2019 07:04:44 DistributedObject: DistributedSuitPlanner 401002972: generating
:12-29-2019 07:04:44 DistributedToon: calling LocalAvatar.startchat
:12-29-2019 07:04:44 :loader(error): Couldn't load file phase_4/models/questmap/cog_hq_lawbot_maps.bam: not found on model path (currently: "/;/d/hollybae/Aly/Toontown-School-House/toontown/launcher;/c/Panda3D-1.11.0-x64/etc/..;/c/Panda3D-1.11.0-x64/etc/../models")
:12-29-2019 07:04:44 Loader: At end of block 'hood', expected 2, loaded 6, duration=1.4241521
:12-29-2019 07:04:46 Teleport(debug): teleportInDone: walk
:12-29-2019 07:04:46 :loader(error): Couldn't load file phase_4/models/questmap/cog_hq_lawbot_maps.bam: not found on model path (currently: "/;/d/hollybae/Aly/Toontown-School-House/toontown/launcher;/c/Panda3D-1.11.0-x64/etc/..;/c/Panda3D-1.11.0-x64/etc/../models")
:12-29-2019 07:04:51 TTOffMagicWordManager: Run mode has been toggled.
:12-29-2019 07:04:56 TTOffMagicWordManager: Alakazam!
:12-29-2019 07:04:57 LawbotCogHQLoader: loadPlaceGeom: 13100
:12-29-2019 07:04:57 LawbotCogHQLoader: QA-REGRESSION: COGHQ: Visit LawbotLobby
:12-29-2019 07:04:57 LawbotHQExterior: Unloading Place (13000). Fsm in final
:12-29-2019 07:04:57 DistributedObject: DistributedSuitPlanner 401002972: disabling
:12-29-2019 07:04:57 DistributedToon: calling LocalAvatar.startchat
:12-29-2019 07:04:57 :loader(error): Couldn't load file phase_4/models/questmap/cog_hq_lawbot_maps.bam: not found on model path (currently: "/;/d/hollybae/Aly/Toontown-School-House/toontown/launcher;/c/Panda3D-1.11.0-x64/etc/..;/c/Panda3D-1.11.0-x64/etc/../models")
:12-29-2019 07:04:58 :loader(error): Couldn't load file phase_4/models/questmap/cog_hq_lawbot_maps.bam: not found on model path (currently: "/;/d/hollybae/Aly/Toontown-School-House/toontown/launcher;/c/Panda3D-1.11.0-x64/etc/..;/c/Panda3D-1.11.0-x64/etc/../models")
:12-29-2019 07:05:04 TTOffMagicWordManager: Gave Hollybae an infinite amount of pies
:12-29-2019 07:05:06 TTOffMagicWordManager: Run mode has been toggled.
:12-29-2019 07:05:11 LawbotCogHQLoader: loadPlaceGeom: 61000
:12-29-2019 07:05:11 LawbotCogHQLoader(warning): loadPlaceGeom: unclassified zone 61000
:12-29-2019 07:05:11 CogHQLobby: Unloading Place (13100). Fsm in final
:12-29-2019 07:05:11 DistributedLawbotBoss(warning): Not a collision node: LawbotCourtroom3.egg/-PandaNode/CR3/interior/CR3_Floor
:12-29-2019 07:05:11 DistributedToon: calling LocalAvatar.startchat
:12-29-2019 07:05:11 LawbotHQBossBattle(warning): fsm.request('movie') returned 0 (zone id 61000, avatar pos LPoint3f(-0.363562, -126.204, 0.193903)).
:12-29-2019 07:05:18 TTOffMagicWordManager: Restarting Scale Round
:12-29-2019 07:05:21 LawbotHQBossBattle(warning): fsm.request('finalBattle') returned 0 (zone id 61000, avatar pos LPoint3f(-32.5742, 21.5803, 0)).
:12-29-2019 07:05:21 TTOffMagicWordManager: Restarting Scale Round
:12-29-2019 07:05:26 :linmath(warning): Tried to invert singular LMatrix3.
:12-29-2019 07:05:33 TTOffMagicWordManager: Abracadabra!
:12-29-2019 07:05:53 TTOffMagicWordManager: Alakazam!
:12-29-2019 07:06:03 TTOffMagicWordManager: Voila!
:12-29-2019 07:06:27 TTOffMagicWordManager: Voila!
:12-29-2019 07:06:43 TTOffMagicWordManager: Alakazam!
:12-29-2019 07:08:03 TTOffMagicWordManager: Abracadabra!
:12-29-2019 07:08:12 TTOffMagicWordManager: Alakazam!
:12-29-2019 07:08:23 TTOffMagicWordManager: Ta-da!
:12-29-2019 07:08:29 TTOffMagicWordManager: Voila!
:12-29-2019 07:09:27 GarbageCollect(warning): garbage found, reverting gc threshold
frame rate: 278.2 fps|0.001d|13 avs||312|313||0x0000|0x0000|966.4MB|1138.8MB|16235.6MB|568|nt.2.6.2|3.701,3.701|6,12 cpus|OpenGL
:12-29-2019 07:10:01 TTOffMagicWordManager: Alakazam!
:12-29-2019 07:10:35 TTOffMagicWordManager: Abracadabra!
:12-29-2019 07:12:06 TTOffMagicWordManager: Abracadabra!
:12-29-2019 07:12:25 TTOffMagicWordManager: Ta-da!
:12-29-2019 07:12:35 TTOffMagicWordManager: Alakazam!
:12-29-2019 07:13:48 TTOffMagicWordManager: Alakazam!
frame rate: 280.8 fps|0.001d|13 avs||612|613||0x0000|0x0000|1251.7MB|1424.7MB|16235.6MB|662|nt.2.6.2|3.701,3.701|6,12 cpus|OpenGL
adding timeout task
adding timeout task
frame rate: 284.6 fps|0.000d|13 avs||912|913||0x0000|0x0000|1512.1MB|1685.7MB|16235.6MB|752|nt.2.6.2|3.701,3.701|6,12 cpus|OpenGL
:12-29-2019 07:22:03 TTOffMagicWordManager: Abracadabra!
:12-29-2019 07:22:14 TTOffMagicWordManager: Presto!
:12-29-2019 07:23:07 TTOffMagicWordManager: Abracadabra!
:12-29-2019 07:23:17 TTOffMagicWordManager: Presto!
:12-29-2019 07:23:54 TTOffMagicWordManager: Ta-da!
:12-29-2019 07:24:11 TTOffMagicWordManager: Ta-da!
:12-29-2019 07:24:22 TTOffMagicWordManager: Abracadabra!
frame rate: 228.2 fps|0.001d|13 avs||1212|1213||0x0000|0x0000|1812.4MB|1986.4MB|16235.6MB|852|nt.2.6.2|3.701,3.701|6,12 cpus|OpenGL
:12-29-2019 07:24:43 TTOffMagicWordManager: Abracadabra!
:12-29-2019 07:24:54 TTOffMagicWordManager: Ta-da!
:12-29-2019 07:25:10 TTOffMagicWordManager: Alakazam!
:12-29-2019 07:25:23 TTOffMagicWordManager: Alakazam!
:12-29-2019 07:25:36 TTOffMagicWordManager: Alakazam!
:12-29-2019 07:25:58 TTOffMagicWordManager: Presto!
:12-29-2019 07:26:10 TTOffMagicWordManager: Abracadabra!
:12-29-2019 07:26:22 TTOffMagicWordManager: Abracadabra!
:12-29-2019 07:27:00 TTOffMagicWordManager: Presto!
:12-29-2019 07:27:21 TTOffMagicWordManager: Abracadabra!
:12-29-2019 07:28:02 TTOffMagicWordManager: Voila!
:12-29-2019 07:28:25 TTOffMagicWordManager: Presto!
:12-29-2019 07:28:38 TTOffMagicWordManager: Abracadabra!
:12-29-2019 07:28:55 TTOffMagicWordManager: Presto!
:12-29-2019 07:29:14 TTOffMagicWordManager: Ta-da!
:12-29-2019 07:29:32 TTOffMagicWordManager: Voila!
frame rate: 218.7 fps|0.001d|13 avs||1512|1513||0x0000|0x0000|2146.0MB|2320.9MB|16235.6MB|960|nt.2.6.2|3.701,3.701|6,12 cpus|OpenGL
:12-29-2019 07:29:47 TTOffMagicWordManager: Voila!
:12-29-2019 07:30:06 TTOffMagicWordManager: Ta-da!
:12-29-2019 07:30:21 TTOffMagicWordManager: Ta-da!
:12-29-2019 07:30:33 TTOffMagicWordManager: Abracadabra!
:12-29-2019 07:30:59 TTOffMagicWordManager: Presto!
:12-29-2019 07:31:19 TTOffMagicWordManager: Voila!
:12-29-2019 07:31:28 TTOffMagicWordManager: Alakazam!
:12-29-2019 07:32:02 TTOffMagicWordManager: Presto!
:12-29-2019 07:32:15 TTOffMagicWordManager: Abracadabra!
:12-29-2019 07:32:28 TTOffMagicWordManager: Voila!
:12-29-2019 07:32:33 TTOffMagicWordManager: Alakazam!
:12-29-2019 07:32:47 TTOffMagicWordManager: Alakazam!
:12-29-2019 07:33:01 TTOffMagicWordManager: Alakazam!
:12-29-2019 07:33:17 TTOffMagicWordManager: Voila!
:12-29-2019 07:33:22 TTOffMagicWordManager: Abracadabra!
:12-29-2019 07:33:34 TTOffMagicWordManager: Alakazam!
:12-29-2019 07:33:43 TTOffMagicWordManager: Voila!
:12-29-2019 07:34:01 TTOffMagicWordManager: Voila!
:12-29-2019 07:34:10 TTOffMagicWordManager: Ta-da!
:12-29-2019 07:34:16 TTOffMagicWordManager: Ta-da!
:12-29-2019 07:34:31 TTOffMagicWordManager: Ta-da!
:12-29-2019 07:34:39 TimeManager: Clock sync: timer
frame rate: 221.3 fps|0.001d|13 avs||1812|1813||0x0000|0x0000|2490.7MB|2666.2MB|16235.6MB|1083|nt.2.6.2|3.701,3.701|6,12 cpus|OpenGL
:12-29-2019 07:34:39 TimeManager: Clock sync roundtrip took 19.770 ms
:12-29-2019 07:34:39 TimeManager: AI time delta is -0:00 from server delta
:12-29-2019 07:34:39 ClockDelta: previous delta at -0.403 s, +/- 1.349 s.
:12-29-2019 07:34:39 ClockDelta: new delta at -1.248 s, +/- 0.010 s.
:12-29-2019 07:34:39 ClockDelta: intersection at -1.248 s, +/- 0.010 s.
:12-29-2019 07:34:39 TimeManager: Local clock uncertainty +/- 0.010 s
:12-29-2019 07:34:43 TTOffMagicWordManager: Presto!
:12-29-2019 07:34:53 TTOffMagicWordManager: Presto!
:12-29-2019 07:35:30 TTOffMagicWordManager: Ta-da!
:12-29-2019 07:35:47 TTOffMagicWordManager: Presto!
:12-29-2019 07:36:03 TTOffMagicWordManager: Alakazam!
:12-29-2019 07:36:12 TTOffMagicWordManager: Abracadabra!
:12-29-2019 07:36:28 TTOffMagicWordManager: Presto!
:12-29-2019 07:36:37 TTOffMagicWordManager: Abracadabra!
:12-29-2019 07:36:47 TTOffMagicWordManager: Presto!
:12-29-2019 07:36:57 TTOffMagicWordManager: Abracadabra!
:12-29-2019 07:37:26 TTOffMagicWordManager: Ta-da!
:12-29-2019 07:37:37 TTOffMagicWordManager: Presto!
:12-29-2019 07:37:49 TTOffMagicWordManager: Voila!
:12-29-2019 07:38:03 TTOffMagicWordManager: Voila!
:12-29-2019 07:38:24 TTOffMagicWordManager: Ta-da!
frame rate: 258.0 fps|0.001d|13 avs||2112|2113||0x0000|0x0000|2797.1MB|2973.8MB|16235.6MB|1197|nt.2.6.2|3.701,3.701|6,12 cpus|OpenGL
:12-29-2019 07:40:07 TTOffMagicWordManager: Alakazam!
:12-29-2019 07:40:20 TTOffMagicWordManager: Alakazam!
:12-29-2019 07:40:52 TTOffMagicWordManager: Abracadabra!
:12-29-2019 07:41:02 TTOffMagicWordManager: Abracadabra!
:12-29-2019 07:41:21 TTOffMagicWordManager: Alakazam!
adding timeout task
adding timeout task
:12-29-2019 07:44:24 TTOffMagicWordManager: Abracadabra!
frame rate: 238.7 fps|0.001d|13 avs||2412|2413||0x0000|0x0000|2417.5MB|3267.8MB|16235.6MB|1295|nt.2.6.2|3.701,3.701|6,12 cpus|OpenGL
:12-29-2019 07:46:03 TTOffMagicWordManager: Voila!
:12-29-2019 07:46:36 TTOffMagicWordManager: Voila!
:12-29-2019 07:46:36 OTPClientRepository: Sending heartbeat mid-frame.
:12-29-2019 07:46:57 TTOffMagicWordManager: Presto!
:12-29-2019 07:47:15 TTOffMagicWordManager: Ta-da!
:12-29-2019 07:47:43 TTOffMagicWordManager: Voila!
:12-29-2019 07:47:54 TTOffMagicWordManager: Ta-da!
:12-29-2019 07:49:12 TTOffMagicWordManager: Ta-da!
:12-29-2019 07:49:17 TTOffMagicWordManager: Ta-da!
:12-29-2019 07:49:27 TTOffMagicWordManager: Voila!
frame rate: 234.3 fps|0.001d|13 avs||2712|2713||0x0000|0x0000|2161.7MB|3578.9MB|16235.6MB|1398|nt.2.6.2|3.701,3.701|6,12 cpus|OpenGL
adding timeout task
adding timeout task
frame rate: 209.9 fps|0.001d|13 avs||3012|3013||0x0000|0x0000|2374.2MB|3847.7MB|16235.6MB|1493|nt.2.6.2|3.701,3.701|6,12 cpus|OpenGL
:12-29-2019 07:55:07 TTOffMagicWordManager: Hollybae's laff has been set to 671.
:12-29-2019 07:55:42 TTOffMagicWordManager: Hollybae's laff has been set to 671.
:12-29-2019 07:55:44 TTOffMagicWordManager: Ta-da!
:12-29-2019 07:56:12 TTOffMagicWordManager: Presto!
:12-29-2019 07:56:25 TTOffMagicWordManager: Alakazam!
:12-29-2019 07:56:40 TTOffMagicWordManager: Ta-da!
:12-29-2019 07:57:18 TTOffMagicWordManager: Alakazam!
:12-29-2019 07:57:28 TTOffMagicWordManager: Abracadabra!
:12-29-2019 07:57:47 TTOffMagicWordManager: Voila!
:12-29-2019 07:57:58 TTOffMagicWordManager: Voila!
:12-29-2019 07:58:15 TTOffMagicWordManager: Abracadabra!
:12-29-2019 07:58:59 TTOffMagicWordManager: Alakazam!
:12-29-2019 07:59:10 TTOffMagicWordManager: Presto!
frame rate: 280.8 fps|0.000d|13 avs||3312|3313||0x0000|0x0000|2454.0MB|4194.4MB|16235.6MB|1605|nt.2.6.2|3.701,3.701|6,12 cpus|OpenGL
:12-29-2019 08:02:42 TTOffMagicWordManager: Presto!
:12-29-2019 08:02:59 TTOffMagicWordManager: Abracadabra!
:12-29-2019 08:04:39 TimeManager: Clock sync: timer
frame rate: 274.7 fps|0.001d|13 avs||3612|3613||0x0000|0x0000|2409.9MB|4529.7MB|16235.6MB|1714|nt.2.6.2|3.701,3.701|6,12 cpus|OpenGL
:12-29-2019 08:04:40 TimeManager: Clock sync roundtrip took 35.847 ms
:12-29-2019 08:04:40 TimeManager: AI time delta is -0:00 from server delta
:12-29-2019 08:04:40 ClockDelta: previous delta at -1.248 s, +/- 0.510 s.
:12-29-2019 08:04:40 ClockDelta: new delta at -1.257 s, +/- 0.018 s.
:12-29-2019 08:04:40 ClockDelta: intersection at -1.257 s, +/- 0.018 s.
:12-29-2019 08:04:40 TimeManager: Local clock uncertainty +/- 0.018 s
:12-29-2019 08:04:41 TTOffMagicWordManager: Presto!
:12-29-2019 08:05:22 TTOffMagicWordManager: Alakazam!
:12-29-2019 08:05:38 TTOffMagicWordManager: Alakazam!
:12-29-2019 08:05:52 TTOffMagicWordManager: Presto!
:12-29-2019 08:06:03 TTOffMagicWordManager: Abracadabra!
:12-29-2019 08:06:24 TTOffMagicWordManager: Presto!
:12-29-2019 08:06:34 TTOffMagicWordManager: Ta-da!
:12-29-2019 08:06:48 TTOffMagicWordManager: Presto!
