

Starting Toontown Online...
Current time: Sat Oct 31 19:17:23 2020 Eastern Standard Time
sys.path =  ['', 'C:\\Panda3D-1.11.0-x64\\python\\python27.zip', 'C:\\Panda3D-1.11.0-x64', 'C:\\Panda3D-1.11.0-x64\\python\\DLLs', 'C:\\Panda3D-1.11.0-x64\\python\\lib', 'C:\\Panda3D-1.11.0-x64\\python\\lib\\plat-win', 'C:\\Panda3D-1.11.0-x64\\python\\lib\\lib-tk', 'C:\\Panda3D-1.11.0-x64\\python', 'C:\\Panda3D-1.11.0-x64\\bin', 'C:\\Panda3D-1.11.0-x64\\python\\lib\\site-packages']
sys.argv =  ['D:\\hollybae\\Aly\\Toontown-School-House\\toontown\\launcher\\TTOffQuickStartLauncher.py']
generating standard configrc
os.environ =  {'TMP': 'C:\\Users\\holla\\AppData\\Local\\Temp', 'ONEDRIVECONSUMER': 'C:\\Users\\holla\\OneDrive', 'COMPUTERNAME': 'HOLLYBAES-PC', 'USERDOMAIN': 'HOLLYBAES-PC', 'INTEL_DEV_REDIST': 'C:\\Program Files (x86)\\Common Files\\Intel\\Shared Libraries\\', 'PSMODULEPATH': '%ProgramFiles%\\WindowsPowerShell\\Modules;C:\\WINDOWS\\system32\\WindowsPowerShell\\v1.0\\Modules', 'COMMONPROGRAMFILES': 'C:\\Program Files\\Common Files', 'PROCESSOR_IDENTIFIER': 'Intel64 Family 6 Model 158 Stepping 10, GenuineIntel', 'PROGRAMFILES': 'C:\\Program Files', 'PROCESSOR_REVISION': '9e0a', 'SYSTEMROOT': 'C:\\WINDOWS', 'PATH': 'C:\\Panda3D-1.11.0-x64\\panda3d\\..\\bin;C:\\Program Files (x86)\\Razer\\ChromaBroadcast\\bin;C:\\Program Files\\Razer\\ChromaBroadcast\\bin;C:\\Program Files (x86)\\Common Files\\Intel\\Shared Libraries\\redist\\intel64\\compiler;C:\\Program Files (x86)\\Common Files\\Oracle\\Java\\javapath;C:\\WINDOWS\\system32;C:\\WINDOWS;C:\\WINDOWS\\System32\\Wbem;C:\\WINDOWS\\System32\\WindowsPowerShell\\v1.0\\;C:\\WINDOWS\\System32\\OpenSSH\\;C:\\Program Files (x86)\\NVIDIA Corporation\\PhysX\\Common;C:\\Program Files\\NVIDIA Corporation\\NVIDIA NvDLISR;C:\\WINDOWS\\system32\\config\\systemprofile\\AppData\\Local\\Microsoft\\WindowsApps;C:\\Users\\holla\\AppData\\Local\\Microsoft\\WindowsApps;C:\\Panda3D-1.11.0-x64\\python;C:\\Panda3D-1.11.0-x64\\python\\Scripts;C:\\Panda3D-1.11.0-x64\\bin', 'MIC_LD_LIBRARY_PATH': 'C:\\Program Files (x86)\\Common Files\\Intel\\Shared Libraries\\compiler\\lib\\mic', 'DRIVERDATA': 'C:\\Windows\\System32\\Drivers\\DriverData', 'PPYTHON_PATH': '"C:\\Panda3D-1.11.0-x64\\python\\ppython.exe"', 'TEMP': 'C:\\Users\\holla\\AppData\\Local\\Temp', 'COMMONPROGRAMFILES(X86)': 'C:\\Program Files (x86)\\Common Files', 'PROCESSOR_ARCHITECTURE': 'AMD64', 'PROGRAMFILES(X86)': 'C:\\Program Files (x86)', 'ALLUSERSPROFILE': 'C:\\ProgramData', 'LOCALAPPDATA': 'C:\\Users\\holla\\AppData\\Local', 'HOMEPATH': '\\Users\\holla', 'USERDOMAIN_ROAMINGPROFILE': 'HOLLYBAES-PC', 'PROGRAMW6432': 'C:\\Program Files', 'USERNAME': 'holla', 'LOGONSERVER': '\\\\HOLLYBAES-PC', 'PROMPT': '$P$G', 'COMSPEC': 'C:\\WINDOWS\\system32\\cmd.exe', 'PROGRAMDATA': 'C:\\ProgramData', 'ONEDRIVE': 'C:\\Users\\holla\\OneDrive', 'PATHEXT': '.COM;.EXE;.BAT;.CMD;.VBS;.VBE;.JS;.JSE;.WSF;.WSH;.MSC', 'TTOFF_LOGIN_TOKEN': 'dev', 'WINDIR': 'C:\\WINDOWS', 'APPDATA': 'C:\\Users\\holla\\AppData\\Roaming', 'HOMEDRIVE': 'C:', 'SYSTEMDRIVE': 'C:', 'NUMBER_OF_PROCESSORS': '12', 'PROCESSOR_LEVEL': '6', 'RG_GPU_FRAMEWORK_ENGINE_RESOURCEDIR': '%ProgramFiles%\\Red Giant\\RGFX', 'COMMONPROGRAMW6432': 'C:\\Program Files\\Common Files', 'OS': 'Windows_NT', 'PUBLIC': 'C:\\Users\\Public', 'USERPROFILE': 'C:\\Users\\holla'}
:10-31-2020 19:17:23 TTOffLauncher: isTestServer: 0
:10-31-2020 19:17:23 TTOffLauncher: Game Server 127.0.0.1
:10-31-2020 19:17:23 TTOffLauncher: Starting Toontown Online... 
:10-31-2020 19:17:23 TTOffLauncher: foreground: Launcher now operating in foreground
useTTOffSpecificLogin=True
:10-31-2020 19:17:23 TTOffLauncher: maybeStartGame: starting game
:10-31-2020 19:17:23 TTOffLauncher: Starting Toontown Online...
:10-31-2020 19:17:23 TTOffLauncher: background: Launcher now operating in background
ToontownStart: Polling for game2 to finish...
ToontownStart: Game2 is finished.
ToontownStart: Starting the game.
ToontownStart: setting default font
:10-31-2020 19:17:23 TTOffLauncher: setting panda error code to 7
Known pipe types:
  wglGraphicsPipe
(all display modules loaded.)
:10-31-2020 19:17:24 ToonBase: Default graphics pipe is wglGraphicsPipe (OpenGL).
:10-31-2020 19:17:25 ToonBase: Successfully opened window of type wglGraphicsWindow (OpenGL)
:10-31-2020 19:17:25 ShowBase: __dev__ == False
:10-31-2020 19:17:25 TTOffLauncher: setting panda error code to 11
:10-31-2020 19:17:25 TTOffLauncher: setting panda error code to 0
ToontownStart: Loading default gui sounds
ToontownStart: serverVersion:  tto-dev
:10-31-2020 19:17:25 Loader: starting bulk load of block 'init'
:10-31-2020 19:17:27 :nativenet(error): Buffered_DatagramConnection Constructor rbufsize = 4096000 wbufsize = 4096000 write_flush_point = 1400
:10-31-2020 19:17:27 OTPClientRepository: Using connect method 'http'
:10-31-2020 19:17:28 TTOffLauncher: getRegistry ('DEPLOYMENT', None)
:10-31-2020 19:17:28 TTOffLauncher: checking env
:10-31-2020 19:17:28 TTOffLauncher: getRegistry ('GAME_DEPLOYMENT', None)
:10-31-2020 19:17:28 TTOffLauncher: checking env
:10-31-2020 19:17:28 OTPClientRepository: reg_deployment=
:10-31-2020 19:17:28 OTPClientRepository: required-login auto.
:10-31-2020 19:17:28 OTPClientRepository: loginInterface: LoginTTOffAccount
:10-31-2020 19:17:28 TTOffLauncher: getNeedPwForSecretKey using ttoff-specific-login
:10-31-2020 19:17:28 Loader: At end of block 'init', expected 138, loaded 9, duration=2.615094
:10-31-2020 19:17:28 OTPClientRepository: Connecting to gameserver directly (no proxy).
:10-31-2020 19:17:28 OTPClientRepository: Connecting to //127.0.0.1:7198 via HTTP interface.
:10-31-2020 19:17:28 TTOffLauncher: Stopping mini task manager.
:10-31-2020 19:17:28 OTPClientRepository: Successfully connected to //127.0.0.1:7198.
:10-31-2020 19:17:28 TTOffLauncher: Setting Disconnect Details normal
{401000001: <toontown.distributed.ToontownDistrict.ToontownDistrict instance at 0x000000001AA40A08>}
:10-31-2020 19:17:29 StateData: AvatarChooser.enter
:10-31-2020 19:17:29 DisplayOptions: settingsFullScreen = False, embedded = False width=800 height=600
:10-31-2020 19:17:29 StateData: calling self.displayOptions.restrictToEmbedded(False)
:10-31-2020 19:18:38 OTPClientRepository: ================
:10-31-2020 19:18:38 OTPClientRepository: Chose avatar id: 100000014
:10-31-2020 19:18:38 OTPClientRepository: Chose avatar name: Holland
:10-31-2020 19:18:38 OTPClientRepository: Chose avatar dna: ('css', 'ms', 'm', 'm', 16, 0, 16, 16, 113, 27, 99, 27, 7, 21)
:10-31-2020 19:18:38 OTPClientRepository: Chose avatar position: 5
:10-31-2020 19:18:38 OTPClientRepository: isPaid: 1
:10-31-2020 19:18:38 OTPClientRepository: freeTimeLeft: 0
:10-31-2020 19:18:38 OTPClientRepository: allowSecretChat: True
:10-31-2020 19:18:38 OTPClientRepository: ================
Assertion failed: index_array[(size_t)other_slot] == (int)last at line 274 of D:\Gustavo\git\ttoff\panda3d\built_x64\include\simpleHashMap.I
Assertion failed: _states.remove(this) at line 1874 of D:\Gustavo\git\ttoff\panda3d\panda\src\pgraph\transformState.cxx
Assertion failed: index_array[(size_t)other_slot] == (int)last at line 274 of D:\Gustavo\git\ttoff\panda3d\built_x64\include\simpleHashMap.I
Assertion failed: _states.remove(this) at line 1874 of D:\Gustavo\git\ttoff\panda3d\panda\src\pgraph\transformState.cxx
Assertion failed: index_array[(size_t)other_slot] == (int)last at line 274 of D:\Gustavo\git\ttoff\panda3d\built_x64\include\simpleHashMap.I
Assertion failed: _states.remove(this) at line 1874 of D:\Gustavo\git\ttoff\panda3d\panda\src\pgraph\transformState.cxx
Assertion failed: index_array[(size_t)other_slot] == (int)last at line 274 of D:\Gustavo\git\ttoff\panda3d\built_x64\include\simpleHashMap.I
Assertion failed: _states.remove(this) at line 1874 of D:\Gustavo\git\ttoff\panda3d\panda\src\pgraph\transformState.cxx
Assertion failed: index_array[(size_t)other_slot] == (int)last at line 274 of D:\Gustavo\git\ttoff\panda3d\built_x64\include\simpleHashMap.I
Assertion failed: _states.remove(this) at line 1874 of D:\Gustavo\git\ttoff\panda3d\panda\src\pgraph\transformState.cxx
Assertion failed: index_array[(size_t)other_slot] == (int)last at line 274 of D:\Gustavo\git\ttoff\panda3d\built_x64\include\simpleHashMap.I
Assertion failed: _states.remove(this) at line 1874 of D:\Gustavo\git\ttoff\panda3d\panda\src\pgraph\transformState.cxx
Assertion failed: index_array[(size_t)other_slot] == (int)last at line 274 of D:\Gustavo\git\ttoff\panda3d\built_x64\include\simpleHashMap.I
Assertion failed: _states.remove(this) at line 1874 of D:\Gustavo\git\ttoff\panda3d\panda\src\pgraph\transformState.cxx
Assertion failed: _states.get_num_entries() == size at line 1223 of D:\Gustavo\git\ttoff\panda3d\panda\src\pgraph\transformState.cxx
Traceback (most recent call last):
  File "C:\Panda3D-1.11.0-x64\direct\showbase\ShowBase.py", line 1985, in __garbageCollectStates
    TransformState.garbageCollect()
AssertionError: index_array[(size_t)other_slot] == (int)last at line 274 of D:\Gustavo\git\ttoff\panda3d\built_x64\include\simpleHashMap.I
:10-31-2020 19:18:38 :task(error): Exception occurred in PythonTask garbageCollectStates
:10-31-2020 19:18:38 TTOffLauncher: setting panda error code to 12
:10-31-2020 19:18:38 TTOffLauncher(warning): Handling Python exception.
:10-31-2020 19:18:38 OTPClientRepository: Sent disconnect message to server
:10-31-2020 19:18:38 OTPClientRepository: Closing connection to server.
:10-31-2020 19:18:38 TTOffLauncher: Exception exit.

Traceback (most recent call last):
  File "otp\launcher\LauncherBase.py", line 1081, in mainLoop
    self._runTaskManager()
  File "otp\launcher\LauncherBase.py", line 1052, in _runTaskManager
    taskMgr.run()
  File "C:\Panda3D-1.11.0-x64\direct\task\Task.py", line 528, in run
    self.step()
  File "C:\Panda3D-1.11.0-x64\direct\task\Task.py", line 482, in step
    self.mgr.poll()
  File "C:\Panda3D-1.11.0-x64\direct\showbase\ShowBase.py", line 1985, in __garbageCollectStates
    TransformState.garbageCollect()
AssertionError: index_array[(size_t)other_slot] == (int)last at line 274 of D:\Gustavo\git\ttoff\panda3d\built_x64\include\simpleHashMap.I
