

Starting Toontown Online...
Current time: Tue Nov  3 05:28:05 2020 Eastern Standard Time
sys.path =  ['', 'C:\\Panda3D-1.11.0-x64\\python\\python27.zip', 'C:\\Panda3D-1.11.0-x64', 'C:\\Panda3D-1.11.0-x64\\python\\DLLs', 'C:\\Panda3D-1.11.0-x64\\python\\lib', 'C:\\Panda3D-1.11.0-x64\\python\\lib\\plat-win', 'C:\\Panda3D-1.11.0-x64\\python\\lib\\lib-tk', 'C:\\Panda3D-1.11.0-x64\\python', 'C:\\Panda3D-1.11.0-x64\\bin', 'C:\\Panda3D-1.11.0-x64\\python\\lib\\site-packages']
sys.argv =  ['D:\\hollybae\\Aly\\Toontown-School-House\\toontown\\launcher\\TTOffQuickStartLauncher.py']
generating standard configrc
os.environ =  {'TMP': 'C:\\Users\\holla\\AppData\\Local\\Temp', 'ONEDRIVECONSUMER': 'C:\\Users\\holla\\OneDrive', 'COMPUTERNAME': 'HOLLYBAES-PC', 'USERDOMAIN': 'HOLLYBAES-PC', 'INTEL_DEV_REDIST': 'C:\\Program Files (x86)\\Common Files\\Intel\\Shared Libraries\\', 'PSMODULEPATH': '%ProgramFiles%\\WindowsPowerShell\\Modules;C:\\WINDOWS\\system32\\WindowsPowerShell\\v1.0\\Modules', 'COMMONPROGRAMFILES': 'C:\\Program Files\\Common Files', 'PROCESSOR_IDENTIFIER': 'Intel64 Family 6 Model 158 Stepping 10, GenuineIntel', 'PROGRAMFILES': 'C:\\Program Files', 'PROCESSOR_REVISION': '9e0a', 'SYSTEMROOT': 'C:\\WINDOWS', 'PATH': 'C:\\Panda3D-1.11.0-x64\\panda3d\\..\\bin;C:\\Program Files (x86)\\Razer\\ChromaBroadcast\\bin;C:\\Program Files\\Razer\\ChromaBroadcast\\bin;C:\\Program Files (x86)\\Common Files\\Intel\\Shared Libraries\\redist\\intel64\\compiler;C:\\Program Files (x86)\\Common Files\\Oracle\\Java\\javapath;C:\\WINDOWS\\system32;C:\\WINDOWS;C:\\WINDOWS\\System32\\Wbem;C:\\WINDOWS\\System32\\WindowsPowerShell\\v1.0\\;C:\\WINDOWS\\System32\\OpenSSH\\;C:\\Program Files (x86)\\NVIDIA Corporation\\PhysX\\Common;C:\\Program Files\\NVIDIA Corporation\\NVIDIA NvDLISR;C:\\WINDOWS\\system32\\config\\systemprofile\\AppData\\Local\\Microsoft\\WindowsApps;C:\\Users\\holla\\AppData\\Local\\Microsoft\\WindowsApps;C:\\Panda3D-1.11.0-x64\\python;C:\\Panda3D-1.11.0-x64\\python\\Scripts;C:\\Panda3D-1.11.0-x64\\bin', 'MIC_LD_LIBRARY_PATH': 'C:\\Program Files (x86)\\Common Files\\Intel\\Shared Libraries\\compiler\\lib\\mic', 'DRIVERDATA': 'C:\\Windows\\System32\\Drivers\\DriverData', 'PPYTHON_PATH': '"C:\\Panda3D-1.11.0-x64\\python\\ppython.exe"', 'TEMP': 'C:\\Users\\holla\\AppData\\Local\\Temp', 'COMMONPROGRAMFILES(X86)': 'C:\\Program Files (x86)\\Common Files', 'PROCESSOR_ARCHITECTURE': 'AMD64', 'PROGRAMFILES(X86)': 'C:\\Program Files (x86)', 'ALLUSERSPROFILE': 'C:\\ProgramData', 'LOCALAPPDATA': 'C:\\Users\\holla\\AppData\\Local', 'HOMEPATH': '\\Users\\holla', 'USERDOMAIN_ROAMINGPROFILE': 'HOLLYBAES-PC', 'PROGRAMW6432': 'C:\\Program Files', 'USERNAME': 'holla', 'LOGONSERVER': '\\\\HOLLYBAES-PC', 'PROMPT': '$P$G', 'COMSPEC': 'C:\\WINDOWS\\system32\\cmd.exe', 'PROGRAMDATA': 'C:\\ProgramData', 'ONEDRIVE': 'C:\\Users\\holla\\OneDrive', 'PATHEXT': '.COM;.EXE;.BAT;.CMD;.VBS;.VBE;.JS;.JSE;.WSF;.WSH;.MSC', 'TTOFF_LOGIN_TOKEN': 'dev', 'WINDIR': 'C:\\WINDOWS', 'APPDATA': 'C:\\Users\\holla\\AppData\\Roaming', 'HOMEDRIVE': 'C:', 'SYSTEMDRIVE': 'C:', 'NUMBER_OF_PROCESSORS': '12', 'PROCESSOR_LEVEL': '6', 'RG_GPU_FRAMEWORK_ENGINE_RESOURCEDIR': '%ProgramFiles%\\Red Giant\\RGFX', 'COMMONPROGRAMW6432': 'C:\\Program Files\\Common Files', 'OS': 'Windows_NT', 'PUBLIC': 'C:\\Users\\Public', 'USERPROFILE': 'C:\\Users\\holla'}
:11-03-2020 05:28:05 TTOffLauncher: isTestServer: 0
:11-03-2020 05:28:05 TTOffLauncher: Game Server 127.0.0.1
:11-03-2020 05:28:05 TTOffLauncher: Starting Toontown Online... 
:11-03-2020 05:28:05 TTOffLauncher: foreground: Launcher now operating in foreground
useTTOffSpecificLogin=True
:11-03-2020 05:28:05 TTOffLauncher: maybeStartGame: starting game
:11-03-2020 05:28:05 TTOffLauncher: Starting Toontown Online...
:11-03-2020 05:28:05 TTOffLauncher: background: Launcher now operating in background
ToontownStart: Polling for game2 to finish...
ToontownStart: Game2 is finished.
ToontownStart: Starting the game.
ToontownStart: setting default font
:11-03-2020 05:28:05 TTOffLauncher: setting panda error code to 7
Known pipe types:
  wglGraphicsPipe
(all display modules loaded.)
:11-03-2020 05:28:06 ToonBase: Default graphics pipe is wglGraphicsPipe (OpenGL).
:11-03-2020 05:28:06 ToonBase: Successfully opened window of type wglGraphicsWindow (OpenGL)
:11-03-2020 05:28:06 ShowBase: __dev__ == False
:11-03-2020 05:28:06 TTOffLauncher: setting panda error code to 11
:11-03-2020 05:28:06 TTOffLauncher: setting panda error code to 0
ToontownStart: Loading default gui sounds
ToontownStart: serverVersion:  tto-dev
:11-03-2020 05:28:06 Loader: starting bulk load of block 'init'
:11-03-2020 05:28:07 :nativenet(error): Buffered_DatagramConnection Constructor rbufsize = 4096000 wbufsize = 4096000 write_flush_point = 1400
:11-03-2020 05:28:07 OTPClientRepository: Using connect method 'http'
:11-03-2020 05:28:07 TTOffLauncher: getRegistry ('DEPLOYMENT', None)
:11-03-2020 05:28:07 TTOffLauncher: checking env
:11-03-2020 05:28:07 TTOffLauncher: getRegistry ('GAME_DEPLOYMENT', None)
:11-03-2020 05:28:07 TTOffLauncher: checking env
:11-03-2020 05:28:07 OTPClientRepository: reg_deployment=
:11-03-2020 05:28:07 OTPClientRepository: required-login auto.
:11-03-2020 05:28:07 OTPClientRepository: loginInterface: LoginTTOffAccount
:11-03-2020 05:28:07 TTOffLauncher: getNeedPwForSecretKey using ttoff-specific-login
:11-03-2020 05:28:07 Loader: At end of block 'init', expected 138, loaded 7, duration=1.578548
:11-03-2020 05:28:07 OTPClientRepository: Connecting to gameserver directly (no proxy).
:11-03-2020 05:28:07 OTPClientRepository: Connecting to //127.0.0.1:7198 via HTTP interface.
:11-03-2020 05:28:07 TTOffLauncher: Stopping mini task manager.
:11-03-2020 05:28:07 OTPClientRepository: Successfully connected to //127.0.0.1:7198.
:11-03-2020 05:28:07 TTOffLauncher: Setting Disconnect Details normal
{401000001: <toontown.distributed.ToontownDistrict.ToontownDistrict instance at 0x0000000019F739C8>}
:11-03-2020 05:28:08 StateData: AvatarChooser.enter
:11-03-2020 05:28:08 DisplayOptions: settingsFullScreen = False, embedded = False width=800 height=600
:11-03-2020 05:28:08 StateData: calling self.displayOptions.restrictToEmbedded(False)
:11-03-2020 05:28:44 OTPClientRepository: ================
:11-03-2020 05:28:44 OTPClientRepository: Chose avatar id: 100000039
:11-03-2020 05:28:44 OTPClientRepository: Chose avatar name: Bae-Con FYB
:11-03-2020 05:28:44 OTPClientRepository: Chose avatar dna: ('sss', 'ss', 's', 'f', 1, 0, 1, 1, 0, 21, 0, 21, 5, 21)
:11-03-2020 05:28:44 OTPClientRepository: Chose avatar position: 2
:11-03-2020 05:28:44 OTPClientRepository: isPaid: 1
:11-03-2020 05:28:44 OTPClientRepository: freeTimeLeft: 0
:11-03-2020 05:28:44 OTPClientRepository: allowSecretChat: True
:11-03-2020 05:28:44 OTPClientRepository: ================
:11-03-2020 05:28:44 Loader: starting bulk load of block 'localAvatarPlayGame'
:11-03-2020 05:28:44 ToontownTimeManager(warning): error parsing date string=
local
:11-03-2020 05:28:44 NewsPageButtonManager(warning): Should not get here. NewsPageButtonManager.exitOff
:11-03-2020 05:28:45 :pnmimage:png(warning): iCCP: known incorrect sRGB profile
:11-03-2020 05:28:46 OTPClientRepository: Entering shard 401000001
:11-03-2020 05:28:46 StreetSign: Street sign url is https://ttoffline.com/images/
:11-03-2020 05:28:47 StreetSign: Street Sign is up to date
:11-03-2020 05:28:47 TimeManager: Clock sync: TimeManager.announceGenerate
:11-03-2020 05:28:47 InGameNewsMgr: latestIssue=2013-08-22 16:49:46.000003-07:00
cpu info: GenuineIntel|Intel(R) Core(TM) i7-8700K CPU @ 3.70GHz|591594|0|3.696,3.696|6,12 cpus
:11-03-2020 05:28:48 OTPClientRepository: No sync from TimeManager.
:11-03-2020 05:28:48 OTPClientRepository: gotTimeSync
:11-03-2020 05:28:48 Loader: At end of block 'localAvatarPlayGame', expected 400, loaded 11, duration=4.530035
:11-03-2020 05:28:48 OTPClientRepository: Sending heartbeat mid-frame.
:11-03-2020 05:28:48 TimeManager: Clock sync roundtrip took 1073.632 ms
:11-03-2020 05:28:48 TimeManager: AI time delta is -0:01 from server delta
:11-03-2020 05:28:48 TimeManager: Local clock uncertainty +/- 0.537 s
:11-03-2020 05:28:48 PlayGame: QA-REGRESSION: NEIGHBORHOODS: Visit Lawbot HQ
:11-03-2020 05:28:48 Loader: starting bulk load of block 'hood'
:11-03-2020 05:28:49 LawbotCogHQLoader: loadPlaceGeom: 13000
:11-03-2020 05:28:49 DistributedObject: DistributedSuitPlanner 401002972: generating
:11-03-2020 05:28:49 DistributedToon: calling LocalAvatar.startchat
:11-03-2020 05:28:49 :loader(error): Couldn't load file phase_4/models/questmap/cog_hq_lawbot_maps.bam: not found on model path (currently: "/;/d/hollybae/Aly/Toontown-School-House/toontown/launcher;/c/Panda3D-1.11.0-x64/etc/..;/c/Panda3D-1.11.0-x64/etc/../models")
:11-03-2020 05:28:49 Loader: At end of block 'hood', expected 2, loaded 4, duration=1.0761834
:11-03-2020 05:28:51 Teleport(debug): teleportInDone: walk
:11-03-2020 05:28:51 :loader(error): Couldn't load file phase_4/models/questmap/cog_hq_lawbot_maps.bam: not found on model path (currently: "/;/d/hollybae/Aly/Toontown-School-House/toontown/launcher;/c/Panda3D-1.11.0-x64/etc/..;/c/Panda3D-1.11.0-x64/etc/../models")
:11-03-2020 05:28:51 TTOffMagicWordManager: God mode enabled for Bae-Con FYB!
:11-03-2020 05:28:58 LawbotCogHQLoader: loadPlaceGeom: 13100
:11-03-2020 05:28:58 LawbotCogHQLoader: QA-REGRESSION: COGHQ: Visit LawbotLobby
:11-03-2020 05:28:58 LawbotHQExterior: Unloading Place (13000). Fsm in final
:11-03-2020 05:28:58 DistributedObject: DistributedSuitPlanner 401002972: disabling
:11-03-2020 05:28:58 DistributedToon: calling LocalAvatar.startchat
:11-03-2020 05:28:58 :loader(error): Couldn't load file phase_4/models/questmap/cog_hq_lawbot_maps.bam: not found on model path (currently: "/;/d/hollybae/Aly/Toontown-School-House/toontown/launcher;/c/Panda3D-1.11.0-x64/etc/..;/c/Panda3D-1.11.0-x64/etc/../models")
local
:11-03-2020 05:29:00 :loader(error): Couldn't load file phase_4/models/questmap/cog_hq_lawbot_maps.bam: not found on model path (currently: "/;/d/hollybae/Aly/Toontown-School-House/toontown/launcher;/c/Panda3D-1.11.0-x64/etc/..;/c/Panda3D-1.11.0-x64/etc/../models")
:11-03-2020 05:29:06 TTOffMagicWordManager: Run mode has been toggled.
:11-03-2020 05:29:07 TTOffMagicWordManager: Gave Bae-Con FYB an infinite amount of pies
:11-03-2020 05:29:12 LawbotCogHQLoader: loadPlaceGeom: 61000
:11-03-2020 05:29:12 LawbotCogHQLoader(warning): loadPlaceGeom: unclassified zone 61000
:11-03-2020 05:29:12 CogHQLobby: Unloading Place (13100). Fsm in final
:11-03-2020 05:29:12 DistributedLawbotBoss(warning): Not a collision node: LawbotCourtroom3.egg/-PandaNode/CR3/interior/CR3_Floor
:11-03-2020 05:29:12 DistributedToon: calling LocalAvatar.startchat
:11-03-2020 05:29:12 LawbotHQBossBattle(warning): fsm.request('movie') returned 0 (zone id 61000, avatar pos LPoint3f(-0.363562, -126.204, 0.193903)).
:11-03-2020 05:29:27 LawbotHQBossBattle(warning): fsm.request('movie') returned 0 (zone id 61000, avatar pos LPoint3f(-0.363562, -126.204, 0.193903)).
:11-03-2020 05:29:28 Actor(warning): called actor.removeNode() on actor without calling cleanup()
:11-03-2020 05:29:28 Actor(warning): called actor.removeNode() on actor without calling cleanup()
:11-03-2020 05:29:28 Actor(warning): called actor.removeNode() on actor without calling cleanup()
:11-03-2020 05:29:28 Actor(warning): called actor.removeNode() on actor without calling cleanup()
:11-03-2020 05:29:28 Actor(warning): called actor.removeNode() on actor without calling cleanup()
:11-03-2020 05:29:28 Actor(warning): called actor.removeNode() on actor without calling cleanup()
:11-03-2020 05:29:28 Actor(warning): called actor.removeNode() on actor without calling cleanup()
:11-03-2020 05:29:28 Actor(warning): called actor.removeNode() on actor without calling cleanup()
:11-03-2020 05:29:28 Actor(warning): called actor.removeNode() on actor without calling cleanup()
:11-03-2020 05:29:28 Actor(warning): called actor.removeNode() on actor without calling cleanup()
:11-03-2020 05:29:28 Actor(warning): called actor.removeNode() on actor without calling cleanup()
:11-03-2020 05:29:28 Actor(warning): called actor.removeNode() on actor without calling cleanup()
:11-03-2020 05:29:28 TTOffMagicWordManager: Restarting Scale Round
:11-03-2020 05:33:06 GarbageCollect(warning): garbage found, reverting gc threshold
:11-03-2020 05:33:18 :linmath(warning): Tried to invert singular LMatrix3.
frame rate: 147.2 fps|0.001d|12 avs||340|340||0x0000|0x0000|673.2MB|809.4MB|32619.6MB|473|nt.2.6.2|3.696,3.696|6,12 cpus|OpenGL
