

Starting Toontown Online...
Current time: Wed Nov 13 03:39:32 2019 Arabian Standard Time
sys.path =  ['', 'C:\\Panda3D-1.11.0-x64\\python\\python27.zip', 'C:\\Panda3D-1.11.0-x64', 'C:\\Panda3D-1.11.0-x64\\python\\DLLs', 'C:\\Panda3D-1.11.0-x64\\python\\lib', 'C:\\Panda3D-1.11.0-x64\\python\\lib\\plat-win', 'C:\\Panda3D-1.11.0-x64\\python\\lib\\lib-tk', 'C:\\Panda3D-1.11.0-x64\\python', 'C:\\Panda3D-1.11.0-x64\\bin', 'C:\\Panda3D-1.11.0-x64\\python\\lib\\site-packages']
sys.argv =  ['C:\\Users\\alyaz\\Documents\\GitHub\\Toontown-School-House\\toontown\\launcher\\TTOffQuickStartLauncher.py']
generating standard configrc
os.environ =  {'TMP': 'C:\\Users\\alyaz\\AppData\\Local\\Temp', 'COMPUTERNAME': 'DESKTOP-5K6UCTT', 'USERDOMAIN': 'DESKTOP-5K6UCTT', 'INTEL_DEV_REDIST': 'C:\\Program Files (x86)\\Common Files\\Intel\\Shared Libraries\\', 'PSMODULEPATH': 'C:\\Program Files\\WindowsPowerShell\\Modules;C:\\WINDOWS\\system32\\WindowsPowerShell\\v1.0\\Modules', 'COMMONPROGRAMFILES': 'C:\\Program Files\\Common Files', 'PROCESSOR_IDENTIFIER': 'Intel64 Family 6 Model 94 Stepping 3, GenuineIntel', 'LOGONSERVER': '\\\\DESKTOP-5K6UCTT', 'VBOX_MSI_INSTALL_PATH': 'C:\\Program Files\\Oracle\\VirtualBox\\', 'PROGRAMFILES': 'C:\\Program Files', 'PROCESSOR_REVISION': '5e03', 'PATH': 'C:\\Panda3D-1.11.0-x64\\panda3d\\..\\bin;C:\\Program Files (x86)\\Common Files\\Intel\\Shared Libraries\\redist\\intel64\\compiler;C:\\Program Files (x86)\\Razer Chroma SDK\\bin;C:\\Program Files\\Razer Chroma SDK\\bin;C:\\ProgramData\\Oracle\\Java\\javapath;C:\\Program Files (x86)\\Intel\\iCLS Client\\;C:\\Program Files\\Intel\\iCLS Client\\;C:\\Windows\\system32;C:\\Windows;C:\\Windows\\System32\\Wbem;C:\\Windows\\System32\\WindowsPowerShell\\v1.0\\;C:\\Program Files (x86)\\Intel\\Intel(R) Management Engine Components\\DAL;C:\\Program Files\\Intel\\Intel(R) Management Engine Components\\DAL;C:\\Program Files (x86)\\Intel\\Intel(R) Management Engine Components\\IPT;C:\\Program Files\\Intel\\Intel(R) Management Engine Components\\IPT;C:\\Program Files (x86)\\NVIDIA Corporation\\PhysX\\Common;C:\\WINDOWS\\system32;C:\\WINDOWS;C:\\WINDOWS\\System32\\Wbem;C:\\WINDOWS\\System32\\WindowsPowerShell\\v1.0\\;C:\\Program Files (x86)\\Windows Live\\Shared;C:\\Program Files\\Intel\\WiFi\\bin\\;C:\\Program Files\\Common Files\\Intel\\WirelessCommon\\;C:\\Program Files (x86)\\Gpg4win\\..\\GnuPG\\bin;C:\\WINDOWS\\system32\\config\\systemprofile\\AppData\\Local\\Microsoft\\WindowsApps;C:\\WINDOWS\\system32;C:\\WINDOWS;C:\\WINDOWS\\System32\\Wbem;C:\\WINDOWS\\System32\\WindowsPowerShell\\v1.0\\;C:\\WINDOWS\\System32\\OpenSSH\\;C:\\Program Files\\NVIDIA Corporation\\NVIDIA NvDLISR;C:\\Program Files\\Git\\cmd;C:\\Program Files\\PuTTY\\;C:\\Program Files (x86)\\QuickTime\\QTSystem\\;C:\\Panda3D-1.11.0-x64\\bin;C:\\Users\\alyaz\\AppData\\Local\\Programs\\Python\\Python37-32\\Scripts;C:\\Users\\alyaz\\AppData\\Local\\Programs\\Python\\Python37-32;C:\\Users\\alyaz\\AppData\\Local\\Microsoft\\WindowsApps;C:\\Users\\NSI\\AppData\\Local\\GitHubDesktop\\bin;C:\\Users\\alyaz\\AppData\\Local\\Programs\\Microsoft VS Code\\bin;C:\\Users\\alyaz\\AppData\\Local\\atom\\bin;C:\\Panda3D-1.11.0\\python;C:\\Panda3D-1.11.0\\python\\Scripts;C:\\Panda3D-1.11.0\\bin;C:\\Panda3D-1.11.0-x64\\python;C:\\Panda3D-1.11.0-x64\\python\\Scripts;C:\\Panda3D-1.11.0-x64\\bin;F:\\Python3\\TTSH\\TTSH-py3\\Panda3D-1.11.0-x64\\python;F:\\Python3\\TTSH\\TTSH-py3\\Panda3D-1.11.0-x64\\python\\Scripts;F:\\Python3\\TTSH\\TTSH-py3\\Panda3D-1.11.0-x64\\bin;F:\\Panda3D-1.10.4.1-x64\\python;F:\\Panda3D-1.10.4.1-x64\\python\\Scripts;F:\\Panda3D-1.10.4.1-x64\\bin;C:\\Panda3D-1.10.4.1-x64\\python;C:\\Panda3D-1.10.4.1-x64\\python\\Scripts;C:\\Panda3D-1.10.4.1-x64\\bin;C:\\Panda3D-1.10.0-x64\\python;C:\\Panda3D-1.10.0-x64\\python\\Scripts;C:\\Panda3D-1.10.0-x64\\bin;F:\\PYTHON-3\\TOONTOWN-SOURCES\\CorporateClash-python3\\Panda3D-1.10.0-x64\\python;F:\\PYTHON-3', 'SYSTEMROOT': 'C:\\WINDOWS', 'MIC_LD_LIBRARY_PATH': 'C:\\Program Files (x86)\\Common Files\\Intel\\Shared Libraries\\compiler\\lib\\mic', 'COMSPEC': 'C:\\WINDOWS\\system32\\cmd.exe', 'DRIVERDATA': 'C:\\Windows\\System32\\Drivers\\DriverData', 'PPYTHON_PATH': '"C:\\Panda3D-1.11.0-x64\\python\\ppython.exe"', 'TEMP': 'C:\\Users\\alyaz\\AppData\\Local\\Temp', 'COMMONPROGRAMFILES(X86)': 'C:\\Program Files (x86)\\Common Files', 'PROCESSOR_ARCHITECTURE': 'AMD64', 'PROGRAMFILES(X86)': 'C:\\Program Files (x86)', 'ALLUSERSPROFILE': 'C:\\ProgramData', 'LOCALAPPDATA': 'C:\\Users\\alyaz\\AppData\\Local', 'HOMEPATH': '\\Users\\alyaz', 'USERDOMAIN_ROAMINGPROFILE': 'DESKTOP-5K6UCTT', 'PROGRAMW6432': 'C:\\Program Files', 'USERNAME': 'alyaz', 'TOONIVERSAL_P3D': 'C:\\Users\\alyaz\\Desktop\\Panda3D-1.11.0\\python\\ppython', 'PROMPT': '$P$G', 'SESSIONNAME': 'Console', 'PROGRAMDATA': 'C:\\ProgramData', 'ONEDRIVE': 'C:\\Users\\alyaz\\OneDrive', 'PATHEXT': '.COM;.EXE;.BAT;.CMD;.VBS;.VBE;.JS;.JSE;.WSF;.WSH;.MSC', 'TTOFF_LOGIN_TOKEN': 'dev', 'ASL.LOG': 'Destination=file', 'WINDIR': 'C:\\WINDOWS', 'APPDATA': 'C:\\Users\\alyaz\\AppData\\Roaming', 'HOMEDRIVE': 'C:', 'SYSTEMDRIVE': 'C:', 'NUMBER_OF_PROCESSORS': '8', 'PROCESSOR_LEVEL': '6', 'COMMONPROGRAMW6432': 'C:\\Program Files\\Common Files', 'OS': 'Windows_NT', 'PUBLIC': 'C:\\Users\\Public', 'USERPROFILE': 'C:\\Users\\alyaz'}
:11-13-2019 03:39:32 TTOffLauncher: isTestServer: 0
:11-13-2019 03:39:32 TTOffLauncher: Game Server 127.0.0.1
:11-13-2019 03:39:32 TTOffLauncher: Starting Toontown Online... 
:11-13-2019 03:39:32 TTOffLauncher: foreground: Launcher now operating in foreground
useTTOffSpecificLogin=True
:11-13-2019 03:39:32 TTOffLauncher: maybeStartGame: starting game
:11-13-2019 03:39:32 TTOffLauncher: Starting Toontown Online...
:11-13-2019 03:39:32 TTOffLauncher: background: Launcher now operating in background
ToontownStart: Polling for game2 to finish...
ToontownStart: Game2 is finished.
ToontownStart: Starting the game.
ToontownStart: setting default font
:11-13-2019 03:39:32 TTOffLauncher: setting panda error code to 7
Known pipe types:
  wglGraphicsPipe
(all display modules loaded.)
:11-13-2019 03:39:32 ToonBase: Default graphics pipe is wglGraphicsPipe (OpenGL).
:11-13-2019 03:39:33 ToonBase: Successfully opened window of type wglGraphicsWindow (OpenGL)
:11-13-2019 03:39:33 ShowBase: __dev__ == False
:11-13-2019 03:39:33 TTOffLauncher: setting panda error code to 11
:11-13-2019 03:39:33 TTOffLauncher: setting panda error code to 0
ToontownStart: Loading default gui sounds
ToontownStart: serverVersion:  tto-dev
:11-13-2019 03:39:33 Loader: starting bulk load of block 'init'
:11-13-2019 03:39:38 :nativenet(error): Buffered_DatagramConnection Constructor rbufsize = 4096000 wbufsize = 4096000 write_flush_point = 1400
:11-13-2019 03:39:38 OTPClientRepository: Using connect method 'http'
:11-13-2019 03:39:43 TTOffLauncher: getRegistry ('DEPLOYMENT', None)
:11-13-2019 03:39:43 TTOffLauncher: checking env
:11-13-2019 03:39:43 TTOffLauncher: getRegistry ('GAME_DEPLOYMENT', None)
:11-13-2019 03:39:43 TTOffLauncher: checking env
:11-13-2019 03:39:43 OTPClientRepository: reg_deployment=
:11-13-2019 03:39:43 OTPClientRepository: required-login auto.
:11-13-2019 03:39:43 OTPClientRepository: loginInterface: LoginTTOffAccount
:11-13-2019 03:39:43 TTOffLauncher: getNeedPwForSecretKey using ttoff-specific-login
:11-13-2019 03:39:43 Loader: At end of block 'init', expected 138, loaded 11, duration=10.1682014078
:11-13-2019 03:39:43 OTPClientRepository: Connecting to gameserver directly (no proxy).
:11-13-2019 03:39:43 OTPClientRepository: Connecting to //127.0.0.1:7198 via HTTP interface.
:11-13-2019 03:39:43 TTOffLauncher: Stopping mini task manager.
:11-13-2019 03:39:43 OTPClientRepository: Successfully connected to //127.0.0.1:7198.
:11-13-2019 03:39:43 TTOffLauncher: Setting Disconnect Details normal
{401000001: <toontown.distributed.ToontownDistrict.ToontownDistrict instance at 0x000000001BD7CD88>}
:11-13-2019 03:39:44 StateData: AvatarChooser.enter
:11-13-2019 03:39:44 DisplayOptions: settingsFullScreen = False, embedded = False width=800 height=600
:11-13-2019 03:39:44 StateData: calling self.displayOptions.restrictToEmbedded(False)
:11-13-2019 03:40:01 OTPClientRepository: ================
:11-13-2019 03:40:01 OTPClientRepository: Chose avatar id: 100000001
:11-13-2019 03:40:01 OTPClientRepository: Chose avatar name: Aeterna
:11-13-2019 03:40:01 OTPClientRepository: Chose avatar dna: ('css', 'ms', 'm', 'f', 20, 0, 21, 20, 3, 11, 0, 11, 8, 27)
:11-13-2019 03:40:01 OTPClientRepository: Chose avatar position: 1
:11-13-2019 03:40:01 OTPClientRepository: isPaid: 1
:11-13-2019 03:40:01 OTPClientRepository: freeTimeLeft: 0
:11-13-2019 03:40:01 OTPClientRepository: allowSecretChat: True
:11-13-2019 03:40:01 OTPClientRepository: ================
:11-13-2019 03:40:01 Loader: starting bulk load of block 'localAvatarPlayGame'
:11-13-2019 03:40:02 ToontownTimeManager(warning): error parsing date string=
local
:11-13-2019 03:40:02 NewsPageButtonManager(warning): Should not get here. NewsPageButtonManager.exitOff
:11-13-2019 03:40:02 :pnmimage:png(warning): iCCP: known incorrect sRGB profile
:11-13-2019 03:40:03 OTPClientRepository: Sending heartbeat mid-frame.
:11-13-2019 03:40:05 OTPClientRepository: Entering shard 401000001
:11-13-2019 03:40:05 StreetSign: Street sign url is https://ttoffline.com/images/
:11-13-2019 03:40:08 StreetSign: Street Sign is up to date
:11-13-2019 03:40:08 TimeManager: Clock sync: TimeManager.announceGenerate
:11-13-2019 03:40:08 InGameNewsMgr: latestIssue=2013-08-22 16:49:46.000003-07:00
cpu info: GenuineIntel|Intel(R) Core(TM) i7-6820HK CPU @ 2.70GHz|329443|0|2.701,2.701|4,8 cpus
:11-13-2019 03:40:09 OTPClientRepository: No sync from TimeManager.
:11-13-2019 03:40:09 OTPClientRepository: gotTimeSync
:11-13-2019 03:40:09 Loader: At end of block 'localAvatarPlayGame', expected 400, loaded 19, duration=8.19880775008
:11-13-2019 03:40:09 TimeManager: Clock sync roundtrip took 1156.676 ms
:11-13-2019 03:40:09 TimeManager: AI time delta is -0:01 from server delta
:11-13-2019 03:40:09 TimeManager: Local clock uncertainty +/- 0.578 s
:11-13-2019 03:40:09 QuietZoneState: Requesting AI redirect from zone 22000.
:11-13-2019 03:40:09 QuietZoneState: Redirecting to zone 22000.
:11-13-2019 03:40:09 PlayGame: QA-REGRESSION: NEIGHBORHOODS: Visit Toontown Central
:11-13-2019 03:40:09 Loader: starting bulk load of block 'hood'
:11-13-2019 03:40:11 DistributedObject(warning): no loader.getInteractiveProp self.interactiveProp is None
:11-13-2019 03:40:11 DistributedObject(warning): no loader.getInteractiveProp self.interactiveProp is None
:11-13-2019 03:40:11 DistributedObject(warning): no loader.getInteractiveProp self.interactiveProp is None
:11-13-2019 03:40:11 DistributedObject(warning): no loader.getInteractiveProp self.interactiveProp is None
:11-13-2019 03:40:11 DistributedObject(warning): no loader.getInteractiveProp self.interactiveProp is None
:11-13-2019 03:40:12 DistributedToon: calling LocalAvatar.startchat
:11-13-2019 03:40:12 Loader: At end of block 'hood', expected 8, loaded 13, duration=2.83345126448
:11-13-2019 03:40:13 Teleport(debug): teleportInDone: walk
:11-13-2019 03:40:13 OTPClientRepository: Sending heartbeat mid-frame.
:11-13-2019 03:41:11 TTOffMagicWordManager: Uh-oh! This Magic Word doesn't exist!
:11-13-2019 03:41:16 TTOffMagicWordManager: Voila!
:11-13-2019 03:41:35 OTPClientRepository(warning): Server is booting us out (153): The session object with id 100000001 has been unexpectedly deleted.
:11-13-2019 03:41:35 OTPClientRepository(warning): Lost connection to gameserver.
:11-13-2019 03:41:35 Playground: Unloading Place (22000). Fsm in final
:11-13-2019 03:41:35 OTPClientRepository(warning): unclean exit, abandoning shard
ignoring InputState-forward
:11-13-2019 03:41:35 OTPClientRepository: sending clientLogout
:11-13-2019 03:41:35 LocalAvatar(warning): redundant call to stopUpdateSmartCamera
:11-13-2019 03:41:35 TTOffLauncher: New Disconnect Details: 153 - The district you were playing on has been reset.  Everyone who was playing on that district has been disconnected.  However, you should be able to connect again and go right back into the game. 
:11-13-2019 03:41:35 OTPClientRepository(warning): Lost connection to server. Notifying user.
:11-13-2019 03:41:35 OTPClientRepository(warning): Disable failed. DistObj 401003127 is not in dictionary, ownerView=False
:11-13-2019 03:41:35 OTPClientRepository(warning): Disable failed. DistObj 401003121 is not in dictionary, ownerView=False
:11-13-2019 03:41:35 OTPClientRepository(warning): Disable failed. DistObj 401003122 is not in dictionary, ownerView=False
:11-13-2019 03:41:35 OTPClientRepository(warning): Disable failed. DistObj 401003143 is not in dictionary, ownerView=False
:11-13-2019 03:41:35 OTPClientRepository(warning): Disable failed. DistObj 401003146 is not in dictionary, ownerView=False
:11-13-2019 03:41:35 OTPClientRepository(warning): Disable failed. DistObj 401003751 is not in dictionary, ownerView=False
:11-13-2019 03:41:35 OTPClientRepository(warning): Disable failed. DistObj 401003158 is not in dictionary, ownerView=False
:11-13-2019 03:41:35 OTPClientRepository(warning): Disable failed. DistObj 401003161 is not in dictionary, ownerView=False
:11-13-2019 03:41:35 OTPClientRepository(warning): Disable failed. DistObj 401003164 is not in dictionary, ownerView=False
:11-13-2019 03:41:35 OTPClientRepository(warning): Disable failed. DistObj 401003166 is not in dictionary, ownerView=False
:11-13-2019 03:41:35 OTPClientRepository(warning): Disable failed. DistObj 401003173 is not in dictionary, ownerView=False
:11-13-2019 03:41:35 OTPClientRepository(warning): Disable failed. DistObj 401003182 is not in dictionary, ownerView=False
:11-13-2019 03:41:35 OTPClientRepository(warning): Disable failed. DistObj 401003188 is not in dictionary, ownerView=False
:11-13-2019 03:41:35 OTPClientRepository(warning): Disable failed. DistObj 401003194 is not in dictionary, ownerView=False
:11-13-2019 03:41:35 OTPClientRepository(warning): Disable failed. DistObj 401003747 is not in dictionary, ownerView=False
:11-13-2019 03:41:35 OTPClientRepository(warning): Disable failed. DistObj 401003763 is not in dictionary, ownerView=False
:11-13-2019 03:41:35 OTPClientRepository(warning): Disable failed. DistObj 401003741 is not in dictionary, ownerView=False
:11-13-2019 03:41:35 OTPClientRepository(warning): Disable failed. DistObj 401003745 is not in dictionary, ownerView=False
:11-13-2019 03:41:35 OTPClientRepository(warning): Disable failed. DistObj 401003750 is not in dictionary, ownerView=False
:11-13-2019 03:41:35 OTPClientRepository(warning): Disable failed. DistObj 401003753 is not in dictionary, ownerView=False
:11-13-2019 03:41:35 OTPClientRepository(warning): Disable failed. DistObj 401003756 is not in dictionary, ownerView=False
:11-13-2019 03:41:35 OTPClientRepository(warning): Disable failed. DistObj 401003757 is not in dictionary, ownerView=False
:11-13-2019 03:41:35 OTPClientRepository(warning): Disable failed. DistObj 401003760 is not in dictionary, ownerView=False
:11-13-2019 03:41:35 OTPClientRepository(warning): Disable failed. DistObj 401003764 is not in dictionary, ownerView=False
:11-13-2019 03:41:35 OTPClientRepository(warning): Disable failed. DistObj 401003766 is not in dictionary, ownerView=False
:11-13-2019 03:41:35 OTPClientRepository(warning): Disable failed. DistObj 401003770 is not in dictionary, ownerView=False
:11-13-2019 03:41:35 :downloader(warning): Windows error code: 10053
:11-13-2019 03:41:35 OTPClientRepository(warning): Lost connection to gameserver.
:11-13-2019 03:42:02 OTPClientRepository: Connecting to gameserver directly (no proxy).
:11-13-2019 03:42:02 OTPClientRepository: Connecting to //127.0.0.1:7198 via HTTP interface.
:11-13-2019 03:42:02 OTPClientRepository: Successfully connected to //127.0.0.1:7198.
:11-13-2019 03:42:02 TTOffLauncher: Setting Disconnect Details normal
{401000001: <toontown.distributed.ToontownDistrict.ToontownDistrict instance at 0x000000001C022888>}
:11-13-2019 03:42:03 StateData: AvatarChooser.enter
:11-13-2019 03:42:03 DisplayOptions: settingsFullScreen = False, embedded = False width=800 height=600
:11-13-2019 03:42:03 StateData: calling self.displayOptions.restrictToEmbedded(False)
:11-13-2019 03:42:04 OTPClientRepository: ================
:11-13-2019 03:42:04 OTPClientRepository: Chose avatar id: 100000001
:11-13-2019 03:42:04 OTPClientRepository: Chose avatar name: Aeterna
:11-13-2019 03:42:04 OTPClientRepository: Chose avatar dna: ('css', 'ms', 'm', 'f', 20, 0, 21, 20, 3, 11, 3, 11, 8, 27)
:11-13-2019 03:42:04 OTPClientRepository: Chose avatar position: 1
:11-13-2019 03:42:04 OTPClientRepository: isPaid: 1
:11-13-2019 03:42:04 OTPClientRepository: freeTimeLeft: 0
:11-13-2019 03:42:04 OTPClientRepository: allowSecretChat: True
:11-13-2019 03:42:04 OTPClientRepository: ================
:11-13-2019 03:42:04 Loader: starting bulk load of block 'localAvatarPlayGame'
local
:11-13-2019 03:42:05 NewsPageButtonManager(warning): Should not get here. NewsPageButtonManager.exitOff
:11-13-2019 03:42:05 :pnmimage:png(warning): iCCP: known incorrect sRGB profile
:11-13-2019 03:42:07 OTPClientRepository: Entering shard 401000001
:11-13-2019 03:42:07 TimeManager: Clock sync: TimeManager.announceGenerate
:11-13-2019 03:42:07 InGameNewsMgr: latestIssue=2013-08-22 16:49:46.000003-07:00
cpu info: GenuineIntel|Intel(R) Core(TM) i7-6820HK CPU @ 2.70GHz|329443|0|2.701,2.701|4,8 cpus
:11-13-2019 03:42:07 OTPClientRepository: No sync from TimeManager.
:11-13-2019 03:42:07 OTPClientRepository: gotTimeSync
:11-13-2019 03:42:07 Loader: At end of block 'localAvatarPlayGame', expected 400, loaded 11, duration=2.40652225954
:11-13-2019 03:42:07 TimeManager: Clock sync roundtrip took 86.052 ms
:11-13-2019 03:42:07 TimeManager: AI time delta is -0:00 from server delta
:11-13-2019 03:42:07 ClockDelta: previous delta at -0.952 s, +/- 0.611 s.
:11-13-2019 03:42:07 ClockDelta: new delta at 123.278 s, +/- 0.043 s.
:11-13-2019 03:42:07 ClockDelta: discarding previous delta.
:11-13-2019 03:42:07 TimeManager: Local clock uncertainty +/- 0.043 s
:11-13-2019 03:42:07 QuietZoneState: Requesting AI redirect from zone 22000.
