

Starting Toontown Online...
Current time: Sat Nov 30 23:55:36 2019 Eastern Standard Time
sys.path =  ['', 'C:\\Panda3D-1.11.0-x64\\python\\python27.zip', 'C:\\Panda3D-1.11.0-x64', 'C:\\Panda3D-1.11.0-x64\\python\\DLLs', 'C:\\Panda3D-1.11.0-x64\\python\\lib', 'C:\\Panda3D-1.11.0-x64\\python\\lib\\plat-win', 'C:\\Panda3D-1.11.0-x64\\python\\lib\\lib-tk', 'C:\\Panda3D-1.11.0-x64\\python', 'C:\\Panda3D-1.11.0-x64\\bin', 'C:\\Panda3D-1.11.0-x64\\python\\lib\\site-packages']
sys.argv =  ['D:\\hollybae\\Aly\\Toontown-School-House\\toontown\\launcher\\TTOffQuickStartLauncher.py']
generating standard configrc
os.environ =  {'TMP': 'C:\\Users\\holla\\AppData\\Local\\Temp', 'COMPUTERNAME': 'HOLLYBAES-PC', 'USERDOMAIN': 'HOLLYBAES-PC', 'INTEL_DEV_REDIST': 'C:\\Program Files (x86)\\Common Files\\Intel\\Shared Libraries\\', 'PSMODULEPATH': 'C:\\Program Files\\WindowsPowerShell\\Modules;C:\\WINDOWS\\system32\\WindowsPowerShell\\v1.0\\Modules', 'COMMONPROGRAMFILES': 'C:\\Program Files\\Common Files', 'PROCESSOR_IDENTIFIER': 'Intel64 Family 6 Model 158 Stepping 10, GenuineIntel', 'VBOX_MSI_INSTALL_PATH': 'C:\\Program Files\\Oracle\\VirtualBox\\', 'PROGRAMFILES': 'C:\\Program Files', 'PROCESSOR_REVISION': '9e0a', 'PATH': 'C:\\Panda3D-1.11.0-x64\\panda3d\\..\\bin;C:\\Program Files (x86)\\Razer\\ChromaBroadcast\\bin;C:\\Program Files\\Razer\\ChromaBroadcast\\bin;C:\\Program Files (x86)\\Common Files\\Intel\\Shared Libraries\\redist\\intel64_win\\compiler;C:\\Program Files (x86)\\Common Files\\Oracle\\Java\\javapath;C:\\Program Files (x86)\\Common Files\\Intel\\Shared Libraries\\redist\\intel64\\compiler;C:\\WINDOWS\\system32;C:\\WINDOWS;C:\\WINDOWS\\System32\\Wbem;C:\\WINDOWS\\System32\\WindowsPowerShell\\v1.0\\;C:\\WINDOWS\\System32\\OpenSSH\\;C:\\Program Files\\NVIDIA Corporation\\NVIDIA NGX;C:\\Program Files (x86)\\NVIDIA Corporation\\PhysX\\Common;C:\\Program Files\\NVIDIA Corporation\\NVIDIA NvDLISR;C:\\WINDOWS\\system32;C:\\WINDOWS;C:\\WINDOWS\\System32\\Wbem;C:\\WINDOWS\\System32\\WindowsPowerShell\\v1.0\\;C:\\WINDOWS\\System32\\OpenSSH\\;D:\\hollybae\\ffmpeg-4.1.3-win64-static\\ffmpeg-4.1.3-win64-static\\bin;C:\\Program Files\\dotnet\\;C:\\WINDOWS\\system32\\config\\systemprofile\\AppData\\Local\\Microsoft\\WindowsApps;C:\\Users\\holla\\AppData\\Local\\Microsoft\\WindowsApps;C:\\Panda3D-1.10.4.1-x64\\python;C:\\Panda3D-1.10.4.1-x64\\python\\Scripts;C:\\Panda3D-1.10.4.1-x64\\bin;C:\\Panda3D-1.11.0-x64\\python;C:\\Panda3D-1.11.0-x64\\python\\Scripts;C:\\Panda3D-1.11.0-x64\\bin', 'SYSTEMROOT': 'C:\\WINDOWS', 'MIC_LD_LIBRARY_PATH': 'C:\\Program Files (x86)\\Common Files\\Intel\\Shared Libraries\\compiler\\lib\\intel64_win_mic', 'COMSPEC': 'C:\\WINDOWS\\system32\\cmd.exe', 'DRIVERDATA': 'C:\\Windows\\System32\\Drivers\\DriverData', 'PPYTHON_PATH': '"C:\\Panda3D-1.11.0-x64\\python\\ppython.exe"', 'TEMP': 'C:\\Users\\holla\\AppData\\Local\\Temp', 'COMMONPROGRAMFILES(X86)': 'C:\\Program Files (x86)\\Common Files', 'PROCESSOR_ARCHITECTURE': 'AMD64', 'PROGRAMFILES(X86)': 'C:\\Program Files (x86)', 'ALLUSERSPROFILE': 'C:\\ProgramData', 'LOCALAPPDATA': 'C:\\Users\\holla\\AppData\\Local', 'FPS_BROWSER_USER_PROFILE_STRING': 'Default', 'HOMEPATH': '\\Users\\holla', 'USERDOMAIN_ROAMINGPROFILE': 'HOLLYBAES-PC', 'PROGRAMW6432': 'C:\\Program Files', 'USERNAME': 'holla', 'LOGONSERVER': '\\\\HOLLYBAES-PC', 'PROMPT': '$P$G', 'SESSIONNAME': 'Console', 'PROGRAMDATA': 'C:\\ProgramData', 'ONEDRIVE': 'C:\\Users\\holla\\OneDrive', 'FPS_BROWSER_APP_PROFILE_STRING': 'Internet Explorer', 'PATHEXT': '.COM;.EXE;.BAT;.CMD;.VBS;.VBE;.JS;.JSE;.WSF;.WSH;.MSC', 'TTOFF_LOGIN_TOKEN': 'dev', 'WINDIR': 'C:\\WINDOWS', 'APPDATA': 'C:\\Users\\holla\\AppData\\Roaming', 'HOMEDRIVE': 'C:', 'SYSTEMDRIVE': 'C:', 'NUMBER_OF_PROCESSORS': '12', 'PROCESSOR_LEVEL': '6', 'COMMONPROGRAMW6432': 'C:\\Program Files\\Common Files', 'OS': 'Windows_NT', 'PUBLIC': 'C:\\Users\\Public', 'USERPROFILE': 'C:\\Users\\holla'}
:11-30-2019 23:55:36 TTOffLauncher: isTestServer: 0
:11-30-2019 23:55:36 TTOffLauncher: Game Server 127.0.0.1
:11-30-2019 23:55:36 TTOffLauncher: Starting Toontown Online... 
:11-30-2019 23:55:36 TTOffLauncher: foreground: Launcher now operating in foreground
useTTOffSpecificLogin=True
:11-30-2019 23:55:36 TTOffLauncher: maybeStartGame: starting game
:11-30-2019 23:55:36 TTOffLauncher: Starting Toontown Online...
:11-30-2019 23:55:36 TTOffLauncher: background: Launcher now operating in background
ToontownStart: Polling for game2 to finish...
ToontownStart: Game2 is finished.
ToontownStart: Starting the game.
ToontownStart: setting default font
:11-30-2019 23:55:36 TTOffLauncher: setting panda error code to 7
Known pipe types:
  wglGraphicsPipe
(all display modules loaded.)
:11-30-2019 23:55:36 ToonBase: Default graphics pipe is wglGraphicsPipe (OpenGL).
:11-30-2019 23:55:36 ToonBase: Successfully opened window of type wglGraphicsWindow (OpenGL)
:11-30-2019 23:55:36 ShowBase: __dev__ == False
:11-30-2019 23:55:36 TTOffLauncher: setting panda error code to 11
:11-30-2019 23:55:36 TTOffLauncher: setting panda error code to 0
ToontownStart: Loading default gui sounds
ToontownStart: serverVersion:  tto-dev
:11-30-2019 23:55:36 Loader: starting bulk load of block 'init'
:11-30-2019 23:55:40 :nativenet(error): Buffered_DatagramConnection Constructor rbufsize = 4096000 wbufsize = 4096000 write_flush_point = 1400
:11-30-2019 23:55:40 OTPClientRepository: Using connect method 'http'
:11-30-2019 23:55:43 TTOffLauncher: getRegistry ('DEPLOYMENT', None)
:11-30-2019 23:55:43 TTOffLauncher: checking env
:11-30-2019 23:55:43 TTOffLauncher: getRegistry ('GAME_DEPLOYMENT', None)
:11-30-2019 23:55:43 TTOffLauncher: checking env
:11-30-2019 23:55:43 OTPClientRepository: reg_deployment=
:11-30-2019 23:55:43 OTPClientRepository: required-login auto.
:11-30-2019 23:55:43 OTPClientRepository: loginInterface: LoginTTOffAccount
:11-30-2019 23:55:43 TTOffLauncher: getNeedPwForSecretKey using ttoff-specific-login
:11-30-2019 23:55:43 Loader: At end of block 'init', expected 138, loaded 9, duration=6.6105167
:11-30-2019 23:55:43 OTPClientRepository: Connecting to gameserver directly (no proxy).
:11-30-2019 23:55:43 OTPClientRepository: Connecting to //127.0.0.1:7198 via HTTP interface.
:11-30-2019 23:55:43 TTOffLauncher: Stopping mini task manager.
:11-30-2019 23:55:43 OTPClientRepository: Successfully connected to //127.0.0.1:7198.
:11-30-2019 23:55:43 TTOffLauncher: Setting Disconnect Details normal
{401000001: <toontown.distributed.ToontownDistrict.ToontownDistrict instance at 0x000000001CC82788>}
:11-30-2019 23:55:44 StateData: AvatarChooser.enter
:11-30-2019 23:55:44 DisplayOptions: settingsFullScreen = False, embedded = False width=800 height=600
:11-30-2019 23:55:44 StateData: calling self.displayOptions.restrictToEmbedded(False)
:11-30-2019 23:55:45 OTPClientRepository: ================
:11-30-2019 23:55:45 OTPClientRepository: Chose avatar id: 100000005
:11-30-2019 23:55:45 OTPClientRepository: Chose avatar name: Hollybae
:11-30-2019 23:55:45 OTPClientRepository: Chose avatar dna: ('css', 'ms', 'm', 'm', 16, 0, 16, 16, 113, 27, 100, 4, 7, 21)
:11-30-2019 23:55:45 OTPClientRepository: Chose avatar position: 0
:11-30-2019 23:55:45 OTPClientRepository: isPaid: 1
:11-30-2019 23:55:45 OTPClientRepository: freeTimeLeft: 0
:11-30-2019 23:55:45 OTPClientRepository: allowSecretChat: True
:11-30-2019 23:55:45 OTPClientRepository: ================
:11-30-2019 23:55:45 Loader: starting bulk load of block 'localAvatarPlayGame'
:11-30-2019 23:55:46 ToontownTimeManager(warning): error parsing date string=
local
:11-30-2019 23:55:46 NewsPageButtonManager(warning): Should not get here. NewsPageButtonManager.exitOff
:11-30-2019 23:55:46 :pnmimage:png(warning): iCCP: known incorrect sRGB profile
:11-30-2019 23:55:47 OTPClientRepository: Entering shard 401000001
:11-30-2019 23:55:47 StreetSign: Street sign url is https://ttoffline.com/images/
:11-30-2019 23:55:48 StreetSign: Street Sign is up to date
:11-30-2019 23:55:48 TimeManager: Clock sync: TimeManager.announceGenerate
:11-30-2019 23:55:48 NewsManager: setHolidayId: Starting Holiday 19
:11-30-2019 23:55:48 InGameNewsMgr: latestIssue=2013-08-22 16:49:46.000003-07:00
cpu info: GenuineIntel|Intel(R) Core(TM) i7-8700K CPU @ 3.70GHz|591594|0|3.701,3.701|6,12 cpus
:11-30-2019 23:55:49 OTPClientRepository: No sync from TimeManager.
:11-30-2019 23:55:49 OTPClientRepository: gotTimeSync
:11-30-2019 23:55:49 Loader: At end of block 'localAvatarPlayGame', expected 400, loaded 8, duration=4.0196948
:11-30-2019 23:55:49 TimeManager: Clock sync roundtrip took 1058.591 ms
:11-30-2019 23:55:49 TimeManager: AI time delta is -0:01 from server delta
:11-30-2019 23:55:49 TimeManager: Local clock uncertainty +/- 0.529 s
:11-30-2019 23:55:49 PlayGame: QA-REGRESSION: NEIGHBORHOODS: Visit Lawbot HQ
:11-30-2019 23:55:49 Loader: starting bulk load of block 'hood'
:11-30-2019 23:55:50 LawbotCogHQLoader: loadPlaceGeom: 13000
:11-30-2019 23:55:50 DistributedObject: DistributedSuitPlanner 401002976: generating
:11-30-2019 23:55:50 DistributedToon: calling LocalAvatar.startchat
:11-30-2019 23:55:50 :loader(error): Couldn't load file phase_4/models/questmap/cog_hq_lawbot_maps.bam: not found on model path (currently: "/;/d/hollybae/Aly/Toontown-School-House/toontown/launcher;/c/Panda3D-1.11.0-x64/etc/..;/c/Panda3D-1.11.0-x64/etc/../models")
:11-30-2019 23:55:50 Loader: At end of block 'hood', expected 2, loaded 3, duration=0.7578808
:11-30-2019 23:55:52 Teleport(debug): teleportInDone: walk
:11-30-2019 23:55:52 :loader(error): Couldn't load file phase_4/models/questmap/cog_hq_lawbot_maps.bam: not found on model path (currently: "/;/d/hollybae/Aly/Toontown-School-House/toontown/launcher;/c/Panda3D-1.11.0-x64/etc/..;/c/Panda3D-1.11.0-x64/etc/../models")
:11-30-2019 23:55:54 ShtikerBook: QA-REGRESSION: SHTICKERBOOK: Open
OnscreenText.configure: mayChange == 0
OnscreenText.configure: mayChange == 0
OnscreenText.configure: mayChange == 0
OnscreenText.configure: mayChange == 0
:11-30-2019 23:55:59 ShtikerBook: QA-REGRESSION: SHTICKERBOOK: Close
:11-30-2019 23:56:04 LawbotHQExterior: Unloading Place (13000). Fsm in final
:11-30-2019 23:56:04 DistributedObject: DistributedSuitPlanner 401002976: disabling
:11-30-2019 23:56:04 QuietZoneState: Requesting AI redirect from zone 0.
:11-30-2019 23:56:04 QuietZoneState: Redirecting to zone 22000.
:11-30-2019 23:56:04 PlayGame: QA-REGRESSION: NEIGHBORHOODS: Visit Toontown Central
:11-30-2019 23:56:04 Loader: starting bulk load of block 'hood'
:11-30-2019 23:56:06 DistributedObject(warning): no loader.getInteractiveProp self.interactiveProp is None
:11-30-2019 23:56:06 DistributedObject(warning): no loader.getInteractiveProp self.interactiveProp is None
:11-30-2019 23:56:06 DistributedObject(warning): no loader.getInteractiveProp self.interactiveProp is None
:11-30-2019 23:56:06 DistributedObject(warning): no loader.getInteractiveProp self.interactiveProp is None
:11-30-2019 23:56:06 DistributedObject(warning): no loader.getInteractiveProp self.interactiveProp is None
:11-30-2019 23:56:06 DistributedToon: calling LocalAvatar.startchat
:11-30-2019 23:56:07 Loader: At end of block 'hood', expected 8, loaded 11, duration=2.2618483
:11-30-2019 23:56:08 Teleport(debug): teleportInDone: walk
:11-30-2019 23:56:09 ShtikerBook: QA-REGRESSION: SHTICKERBOOK: Open
:11-30-2019 23:56:10 ShtikerBook: QA-REGRESSION: SHTICKERBOOK: Close
:11-30-2019 23:56:15 Playground: Unloading Place (22000). Fsm in final
:11-30-2019 23:56:15 PlayGame: QA-REGRESSION: NEIGHBORHOODS: Visit Toontown Central
:11-30-2019 23:56:15 Loader: starting bulk load of block 'hood'
:11-30-2019 23:56:15 DistributedObject(warning): no loader.getInteractiveProp self.interactiveProp is None
:11-30-2019 23:56:15 DistributedObject(warning): no loader.getInteractiveProp self.interactiveProp is None
:11-30-2019 23:56:15 DistributedObject(warning): no loader.getInteractiveProp self.interactiveProp is None
:11-30-2019 23:56:15 DistributedObject(warning): no loader.getInteractiveProp self.interactiveProp is None
:11-30-2019 23:56:15 DistributedObject(warning): no loader.getInteractiveProp self.interactiveProp is None
:11-30-2019 23:56:16 DistributedToon: calling LocalAvatar.startchat
:11-30-2019 23:56:16 Loader: At end of block 'hood', expected 8, loaded 1, duration=0.2588964
:11-30-2019 23:56:17 Teleport(debug): teleportInDone: walk
:11-30-2019 23:56:47 TTOffMagicWordManager: Gave Hollybae an infinite amount of pies
:11-30-2019 23:56:48 TTOffMagicWordManager: Ta-da!
:11-30-2019 23:57:57 ShtikerBook: QA-REGRESSION: SHTICKERBOOK: Open
OnscreenText.configure: mayChange == 0
OnscreenText.configure: mayChange == 0
OnscreenText.configure: mayChange == 0
OnscreenText.configure: mayChange == 0
:11-30-2019 23:57:58 ShtikerBook: QA-REGRESSION: SHTICKERBOOK: Close
:11-30-2019 23:58:03 Playground: Unloading Place (2000). Fsm in final
:11-30-2019 23:58:03 PlayGame: QA-REGRESSION: NEIGHBORHOODS: Visit Lawbot HQ
:11-30-2019 23:58:03 Loader: starting bulk load of block 'hood'
:11-30-2019 23:58:03 LawbotCogHQLoader: loadPlaceGeom: 13000
:11-30-2019 23:58:04 DistributedObject: DistributedSuitPlanner 401002976: generating
:11-30-2019 23:58:04 DistributedToon: calling LocalAvatar.startchat
:11-30-2019 23:58:04 :loader(error): Couldn't load file phase_4/models/questmap/cog_hq_lawbot_maps.bam: not found on model path (currently: "/;/d/hollybae/Aly/Toontown-School-House/toontown/launcher;/c/Panda3D-1.11.0-x64/etc/..;/c/Panda3D-1.11.0-x64/etc/../models")
:11-30-2019 23:58:04 Loader: At end of block 'hood', expected 2, loaded 1, duration=0.4081467
:11-30-2019 23:58:05 Teleport(debug): teleportInDone: walk
:11-30-2019 23:58:05 :loader(error): Couldn't load file phase_4/models/questmap/cog_hq_lawbot_maps.bam: not found on model path (currently: "/;/d/hollybae/Aly/Toontown-School-House/toontown/launcher;/c/Panda3D-1.11.0-x64/etc/..;/c/Panda3D-1.11.0-x64/etc/../models")
:11-30-2019 23:58:25 TTOffMagicWordManager: Hollybae's laff has been set to 837.
:12-01-2019 00:00:14 ShtikerBook: QA-REGRESSION: SHTICKERBOOK: Open
OnscreenText.configure: mayChange == 0
OnscreenText.configure: mayChange == 0
OnscreenText.configure: mayChange == 0
OnscreenText.configure: mayChange == 0
:12-01-2019 00:00:16 ShtikerBook: QA-REGRESSION: SHTICKERBOOK: Close
:12-01-2019 00:00:21 LawbotHQExterior: Unloading Place (13000). Fsm in final
:12-01-2019 00:00:21 DistributedObject: DistributedSuitPlanner 401002976: disabling
:12-01-2019 00:00:21 PlayGame: QA-REGRESSION: NEIGHBORHOODS: Visit Toontown Central
:12-01-2019 00:00:21 Loader: starting bulk load of block 'hood'
:12-01-2019 00:00:21 DistributedObject(warning): no loader.getInteractiveProp self.interactiveProp is None
:12-01-2019 00:00:21 DistributedObject(warning): no loader.getInteractiveProp self.interactiveProp is None
:12-01-2019 00:00:21 DistributedObject(warning): no loader.getInteractiveProp self.interactiveProp is None
:12-01-2019 00:00:21 DistributedObject(warning): no loader.getInteractiveProp self.interactiveProp is None
:12-01-2019 00:00:21 DistributedObject(warning): no loader.getInteractiveProp self.interactiveProp is None
:12-01-2019 00:00:22 DistributedToon: calling LocalAvatar.startchat
:12-01-2019 00:00:22 Loader: At end of block 'hood', expected 8, loaded 1, duration=0.4146809
:12-01-2019 00:00:23 Teleport(debug): teleportInDone: walk
:12-01-2019 00:00:37 GarbageCollect(warning): garbage found, reverting gc threshold
:12-01-2019 00:00:40 ShtikerBook: QA-REGRESSION: SHTICKERBOOK: Open
OnscreenText.configure: mayChange == 0
OnscreenText.configure: mayChange == 0
OnscreenText.configure: mayChange == 0
OnscreenText.configure: mayChange == 0
OnscreenText.configure: mayChange == 0
OnscreenText.configure: mayChange == 0
OnscreenText.configure: mayChange == 0
OnscreenText.configure: mayChange == 0
frame rate: 213.5 fps|0.004d|4 avs||310|311||0x0000|0x0000|1031.6MB|1156.7MB|16235.6MB|668|nt.2.6.2|3.701,3.701|6,12 cpus|OpenGL
:12-01-2019 00:00:49 ShtikerBook: QA-REGRESSION: SHTICKERBOOK: Close
:12-01-2019 00:00:54 Playground: Unloading Place (2000). Fsm in final
:12-01-2019 00:00:54 QuietZoneState: Requesting AI redirect from zone 0.
:12-01-2019 00:00:54 QuietZoneState: Redirecting to zone 22000.
:12-01-2019 00:00:54 PlayGame: QA-REGRESSION: NEIGHBORHOODS: Visit Toontown Central
:12-01-2019 00:00:54 Loader: starting bulk load of block 'hood'
:12-01-2019 00:00:55 DistributedObject(warning): no loader.getInteractiveProp self.interactiveProp is None
:12-01-2019 00:00:55 DistributedObject(warning): no loader.getInteractiveProp self.interactiveProp is None
:12-01-2019 00:00:55 DistributedObject(warning): no loader.getInteractiveProp self.interactiveProp is None
:12-01-2019 00:00:55 DistributedObject(warning): no loader.getInteractiveProp self.interactiveProp is None
:12-01-2019 00:00:55 DistributedObject(warning): no loader.getInteractiveProp self.interactiveProp is None
:12-01-2019 00:00:55 DistributedToon: calling LocalAvatar.startchat
:12-01-2019 00:00:55 Loader: At end of block 'hood', expected 8, loaded 1, duration=0.37068
:12-01-2019 00:00:56 Teleport(debug): teleportInDone: walk
:12-01-2019 00:01:00 DistributedToon: Suggesting resync for 100000009, with discrepency 0.2296494; local time is 324.0043366 and server time is 324.9889047.
:12-01-2019 00:01:00 ClockDelta: Got sync +/- 0.530 s, elapsed 0.440 s, from 100000009.
:12-01-2019 00:01:00 ClockDelta: previous delta at -0.985 s, +/- 0.616 s.
:12-01-2019 00:01:00 ClockDelta: new delta at -1.424 s, +/- 0.750 s.
:12-01-2019 00:01:00 ClockDelta: intersection at -1.137 s, +/- 0.463 s.
:12-01-2019 00:01:09 ToontownChatManager: QA-REGRESSION: CHAT: Speedchat
:12-01-2019 00:01:17 DistributedToon: QA-REGRESSION: VISITESTATE: Visit estate
:12-01-2019 00:01:21 Playground: Unloading Place (22000). Fsm in final
:12-01-2019 00:01:21 PlayGame: QA-REGRESSION: NEIGHBORHOODS: Visit your house
:12-01-2019 00:01:21 Loader: starting bulk load of block 'hood'
:12-01-2019 00:01:23 DistributedToon: calling LocalAvatar.startchat
:12-01-2019 00:01:23 Estate: remove estate-check-toon-underwater to TaskMgr in enterTeleportIn()
:12-01-2019 00:01:23 Loader: At end of block 'hood', expected 10, loaded 6, duration=1.2622022
:12-01-2019 00:01:24 Estate: add estate-check-toon-underwater to TaskMgr in teleportInDone()
:12-01-2019 00:01:24 Teleport(debug): teleportInDone: walk
:12-01-2019 00:01:29 Estate: remove estate-check-toon-underwater to TaskMgr in unload()
:12-01-2019 00:01:29 Estate: Unloading Place (61000). Fsm in final
:12-01-2019 00:01:30 DistributedToon: calling LocalAvatar.startchat
:12-01-2019 00:01:33 OTPClientRepository: Sending heartbeat mid-frame.
local
:12-01-2019 00:01:39 OTPClientRepository: Got query response for avatar 100000001.
:12-01-2019 00:01:43 CatalogScreen: QA-REGRESSION: CATALOG: Special item
:12-01-2019 00:01:46 CatalogItemPanel: QA-REGRESSION: CATALOG: Order item
:12-01-2019 00:01:48 CatalogItemPanel: QA-REGRESSION: CATALOG: Order item
:12-01-2019 00:01:49 CatalogItemPanel: QA-REGRESSION: CATALOG: Order item
:12-01-2019 00:01:51 CatalogItemPanel: QA-REGRESSION: CATALOG: Order item
:12-01-2019 00:01:52 CatalogItemPanel: QA-REGRESSION: CATALOG: Order item
:12-01-2019 00:01:54 CatalogScreen: QA-REGRESSION: CATALOG: New item
:12-01-2019 00:01:57 CatalogItemPanel: QA-REGRESSION: CATALOG: Order item
:12-01-2019 00:01:59 CatalogItemPanel: QA-REGRESSION: CATALOG: Order item
:12-01-2019 00:02:00 CatalogItemPanel: QA-REGRESSION: CATALOG: Order item
:12-01-2019 00:02:02 CatalogItemPanel: QA-REGRESSION: CATALOG: Order item
:12-01-2019 00:02:03 CatalogItemPanel: QA-REGRESSION: CATALOG: Order item
:12-01-2019 00:02:08 CatalogItemPanel: QA-REGRESSION: CATALOG: Order item
:12-01-2019 00:02:11 CatalogScreen: QA-REGRESSION: CATALOG: Special item
:12-01-2019 00:02:14 CatalogScreen: QA-REGRESSION: CATALOG: New item
:12-01-2019 00:02:26 ShtikerBook: QA-REGRESSION: SHTICKERBOOK: Open
OnscreenText.configure: mayChange == 0
OnscreenText.configure: mayChange == 0
OnscreenText.configure: mayChange == 0
OnscreenText.configure: mayChange == 0
:12-01-2019 00:02:27 ShtikerBook: QA-REGRESSION: SHTICKERBOOK: Close
:12-01-2019 00:02:33 House: Unloading Place (61004). Fsm in final
:12-01-2019 00:02:33 PlayGame: QA-REGRESSION: NEIGHBORHOODS: Visit Toontown Central
:12-01-2019 00:02:33 Loader: starting bulk load of block 'hood'
:12-01-2019 00:02:33 DistributedObject(warning): no loader.getInteractiveProp self.interactiveProp is None
:12-01-2019 00:02:33 DistributedObject(warning): no loader.getInteractiveProp self.interactiveProp is None
:12-01-2019 00:02:33 DistributedObject(warning): no loader.getInteractiveProp self.interactiveProp is None
:12-01-2019 00:02:33 DistributedObject(warning): no loader.getInteractiveProp self.interactiveProp is None
:12-01-2019 00:02:33 DistributedObject(warning): no loader.getInteractiveProp self.interactiveProp is None
:12-01-2019 00:02:33 DistributedToon: calling LocalAvatar.startchat
:12-01-2019 00:02:33 Loader: At end of block 'hood', expected 8, loaded 1, duration=0.3953759
:12-01-2019 00:02:35 Teleport(debug): teleportInDone: walk
:12-01-2019 00:04:18 ShtikerBook: QA-REGRESSION: SHTICKERBOOK: Open
OnscreenText.configure: mayChange == 0
OnscreenText.configure: mayChange == 0
OnscreenText.configure: mayChange == 0
OnscreenText.configure: mayChange == 0
OnscreenText.configure: mayChange == 0
OnscreenText.configure: mayChange == 0
OnscreenText.configure: mayChange == 0
OnscreenText.configure: mayChange == 0
:12-01-2019 00:04:23 ShtikerBook: QA-REGRESSION: SHTICKERBOOK: Close
:12-01-2019 00:04:28 Playground: Unloading Place (2000). Fsm in final
:12-01-2019 00:04:28 PlayGame: QA-REGRESSION: NEIGHBORHOODS: Visit Lawbot HQ
:12-01-2019 00:04:28 Loader: starting bulk load of block 'hood'
:12-01-2019 00:04:28 LawbotCogHQLoader: loadPlaceGeom: 13000
:12-01-2019 00:04:29 DistributedObject: DistributedSuitPlanner 401002976: generating
:12-01-2019 00:04:29 DistributedToon: calling LocalAvatar.startchat
:12-01-2019 00:04:29 :loader(error): Couldn't load file phase_4/models/questmap/cog_hq_lawbot_maps.bam: not found on model path (currently: "/;/d/hollybae/Aly/Toontown-School-House/toontown/launcher;/c/Panda3D-1.11.0-x64/etc/..;/c/Panda3D-1.11.0-x64/etc/../models")
:12-01-2019 00:04:29 Loader: At end of block 'hood', expected 2, loaded 2, duration=0.4670871
:12-01-2019 00:04:29 DistributedToon: Suggesting resync for 100000009, with discrepency 0.2498205; local time is 533.4253691 and server time is 534.562388722.
:12-01-2019 00:04:30 ClockDelta: Got sync +/- 0.140 s, elapsed 0.490 s, from 100000009.
:12-01-2019 00:04:30 ClockDelta: previous delta at -1.137 s, +/- 0.522 s.
:12-01-2019 00:04:30 ClockDelta: new delta at -1.634 s, +/- 0.385 s.
:12-01-2019 00:04:30 ClockDelta: intersection at -1.454 s, +/- 0.205 s.
:12-01-2019 00:04:30 Teleport(debug): teleportInDone: walk
:12-01-2019 00:04:30 :loader(error): Couldn't load file phase_4/models/questmap/cog_hq_lawbot_maps.bam: not found on model path (currently: "/;/d/hollybae/Aly/Toontown-School-House/toontown/launcher;/c/Panda3D-1.11.0-x64/etc/..;/c/Panda3D-1.11.0-x64/etc/../models")
:12-01-2019 00:04:35 TTOffMagicWordManager: Run mode has been toggled.
:12-01-2019 00:04:39 TTOffMagicWordManager: Run mode has been toggled.
:12-01-2019 00:04:54 TimeManager: Clock sync: user hotkey
:12-01-2019 00:04:55 TimeManager: Clock sync roundtrip took 71.560 ms
:12-01-2019 00:04:55 TimeManager: AI time delta is -0:00 from server delta
:12-01-2019 00:04:55 ClockDelta: previous delta at -1.454 s, +/- 0.212 s.
:12-01-2019 00:04:55 ClockDelta: new delta at -1.481 s, +/- 0.036 s.
:12-01-2019 00:04:55 ClockDelta: intersection at -1.481 s, +/- 0.036 s.
:12-01-2019 00:04:55 TimeManager: Local clock uncertainty +/- 0.036 s
:12-01-2019 00:04:56 TimeManager: Clock sync: user hotkey
:12-01-2019 00:04:56 TimeManager: Clock sync roundtrip took 9.836 ms
:12-01-2019 00:04:56 TimeManager: AI time delta is -0:00 from server delta
:12-01-2019 00:04:56 ClockDelta: previous delta at -1.481 s, +/- 0.036 s.
:12-01-2019 00:04:56 ClockDelta: new delta at -1.491 s, +/- 0.005 s.
:12-01-2019 00:04:56 ClockDelta: intersection at -1.491 s, +/- 0.005 s.
:12-01-2019 00:04:56 TimeManager: Local clock uncertainty +/- 0.005 s
:12-01-2019 00:04:56 TimeManager: Clock sync: user hotkey
:12-01-2019 00:04:56 TimeManager: Clock sync roundtrip took 9.328 ms
:12-01-2019 00:04:56 TimeManager: AI time delta is -0:00 from server delta
:12-01-2019 00:04:56 ClockDelta: previous delta at -1.491 s, +/- 0.005 s.
:12-01-2019 00:04:56 ClockDelta: new delta at -1.490 s, +/- 0.005 s.
:12-01-2019 00:04:56 ClockDelta: intersection at -1.490 s, +/- 0.004 s.
:12-01-2019 00:04:56 TimeManager: Local clock uncertainty +/- 0.004 s
:12-01-2019 00:04:56 TimeManager: Clock sync: user hotkey
:12-01-2019 00:04:56 TimeManager: Clock sync roundtrip took 71.119 ms
:12-01-2019 00:04:56 TimeManager: AI time delta is -0:00 from server delta
:12-01-2019 00:04:56 ClockDelta: previous delta at -1.490 s, +/- 0.004 s.
:12-01-2019 00:04:56 ClockDelta: new delta at -1.489 s, +/- 0.036 s.
:12-01-2019 00:04:56 ClockDelta: intersection at -1.490 s, +/- 0.004 s.
:12-01-2019 00:04:56 TimeManager: Local clock uncertainty +/- 0.005 s
:12-01-2019 00:04:57 TimeManager: Clock sync: user hotkey
:12-01-2019 00:04:57 TimeManager: Clock sync roundtrip took 42.251 ms
:12-01-2019 00:04:57 TimeManager: AI time delta is -0:00 from server delta
:12-01-2019 00:04:57 ClockDelta: previous delta at -1.490 s, +/- 0.005 s.
:12-01-2019 00:04:57 ClockDelta: new delta at -1.510 s, +/- 0.021 s.
:12-01-2019 00:04:57 ClockDelta: intersection at -1.492 s, +/- 0.003 s.
:12-01-2019 00:04:57 TimeManager: Local clock uncertainty +/- 0.003 s
frame rate: 132.2 fps|0.002d|12 avs||610|611||0x0000|0x0000|1467.9MB|1616.9MB|16235.6MB|831|nt.2.6.2|3.701,3.701|6,12 cpus|OpenGL
adding timeout task
adding timeout task
frame rate: 203.7 fps|0.000d|12 avs||910|911||0x0000|0x0000|1925.3MB|2075.2MB|16235.6MB|972|nt.2.6.2|3.701,3.701|6,12 cpus|OpenGL
:12-01-2019 00:11:11 LawbotCogHQLoader: loadPlaceGeom: 13100
:12-01-2019 00:11:11 LawbotCogHQLoader: QA-REGRESSION: COGHQ: Visit LawbotLobby
:12-01-2019 00:11:11 LawbotHQExterior: Unloading Place (13000). Fsm in final
:12-01-2019 00:11:11 DistributedObject: DistributedSuitPlanner 401002976: disabling
:12-01-2019 00:11:11 DistributedToon: calling LocalAvatar.startchat
:12-01-2019 00:11:11 :loader(error): Couldn't load file phase_4/models/questmap/cog_hq_lawbot_maps.bam: not found on model path (currently: "/;/d/hollybae/Aly/Toontown-School-House/toontown/launcher;/c/Panda3D-1.11.0-x64/etc/..;/c/Panda3D-1.11.0-x64/etc/../models")
:12-01-2019 00:11:12 :loader(error): Couldn't load file phase_4/models/questmap/cog_hq_lawbot_maps.bam: not found on model path (currently: "/;/d/hollybae/Aly/Toontown-School-House/toontown/launcher;/c/Panda3D-1.11.0-x64/etc/..;/c/Panda3D-1.11.0-x64/etc/../models")
:12-01-2019 00:11:24 ToonBase: User closed main window.
:12-01-2019 00:11:24 TimeManager: Client disconnect reason 2.
:12-01-2019 00:11:24 CogHQLobby: Unloading Place (13100). Fsm in final
:12-01-2019 00:11:24 OTPClientRepository(warning): unclean exit, abandoning shard
ignoring InputState-forward
:12-01-2019 00:11:24 OTPClientRepository: sending clientLogout
:12-01-2019 00:11:24 LocalAvatar(warning): redundant call to stopUpdateSmartCamera
:12-01-2019 00:11:24 OTPClientRepository: Sent disconnect message to server
:12-01-2019 00:11:24 OTPClientRepository: Closing connection to server.
:12-01-2019 00:11:24 OTPClientRepository: Exiting cleanly
:12-01-2019 00:11:24 ToonBase: Exiting Toontown: errorCode = None
:12-01-2019 00:11:24 TTOffLauncher: setting panda error code to 0
:12-01-2019 00:11:24 TTOffLauncher: Normal exit.
