

Starting Toontown Online...
Current time: Sat Dec  7 22:48:27 2019 Eastern Standard Time
sys.path =  ['', 'C:\\Panda3D-1.11.0-x64\\python\\python27.zip', 'C:\\Panda3D-1.11.0-x64', 'C:\\Panda3D-1.11.0-x64\\python\\DLLs', 'C:\\Panda3D-1.11.0-x64\\python\\lib', 'C:\\Panda3D-1.11.0-x64\\python\\lib\\plat-win', 'C:\\Panda3D-1.11.0-x64\\python\\lib\\lib-tk', 'C:\\Panda3D-1.11.0-x64\\python', 'C:\\Panda3D-1.11.0-x64\\bin', 'C:\\Panda3D-1.11.0-x64\\python\\lib\\site-packages']
sys.argv =  ['D:\\hollybae\\Aly\\Toontown-School-House\\toontown\\launcher\\TTOffQuickStartLauncher.py']
generating standard configrc
os.environ =  {'TMP': 'C:\\Users\\holla\\AppData\\Local\\Temp', 'COMPUTERNAME': 'HOLLYBAES-PC', 'USERDOMAIN': 'HOLLYBAES-PC', 'INTEL_DEV_REDIST': 'C:\\Program Files (x86)\\Common Files\\Intel\\Shared Libraries\\', 'PSMODULEPATH': 'C:\\Program Files\\WindowsPowerShell\\Modules;C:\\WINDOWS\\system32\\WindowsPowerShell\\v1.0\\Modules', 'COMMONPROGRAMFILES': 'C:\\Program Files\\Common Files', 'PROCESSOR_IDENTIFIER': 'Intel64 Family 6 Model 158 Stepping 10, GenuineIntel', 'VBOX_MSI_INSTALL_PATH': 'C:\\Program Files\\Oracle\\VirtualBox\\', 'PROGRAMFILES': 'C:\\Program Files', 'PROCESSOR_REVISION': '9e0a', 'PATH': 'C:\\Panda3D-1.11.0-x64\\panda3d\\..\\bin;C:\\Program Files (x86)\\Razer\\ChromaBroadcast\\bin;C:\\Program Files\\Razer\\ChromaBroadcast\\bin;C:\\Program Files (x86)\\Common Files\\Intel\\Shared Libraries\\redist\\intel64_win\\compiler;C:\\Program Files (x86)\\Common Files\\Oracle\\Java\\javapath;C:\\Program Files (x86)\\Common Files\\Intel\\Shared Libraries\\redist\\intel64\\compiler;C:\\WINDOWS\\system32;C:\\WINDOWS;C:\\WINDOWS\\System32\\Wbem;C:\\WINDOWS\\System32\\WindowsPowerShell\\v1.0\\;C:\\WINDOWS\\System32\\OpenSSH\\;C:\\Program Files\\NVIDIA Corporation\\NVIDIA NGX;C:\\Program Files (x86)\\NVIDIA Corporation\\PhysX\\Common;C:\\Program Files\\NVIDIA Corporation\\NVIDIA NvDLISR;C:\\WINDOWS\\system32;C:\\WINDOWS;C:\\WINDOWS\\System32\\Wbem;C:\\WINDOWS\\System32\\WindowsPowerShell\\v1.0\\;C:\\WINDOWS\\System32\\OpenSSH\\;D:\\hollybae\\ffmpeg-4.1.3-win64-static\\ffmpeg-4.1.3-win64-static\\bin;C:\\Program Files\\dotnet\\;C:\\WINDOWS\\system32\\config\\systemprofile\\AppData\\Local\\Microsoft\\WindowsApps;C:\\Program Files (x86)\\QuickTime\\QTSystem\\;C:\\Users\\holla\\AppData\\Local\\Microsoft\\WindowsApps;C:\\Panda3D-1.10.4.1-x64\\python;C:\\Panda3D-1.10.4.1-x64\\python\\Scripts;C:\\Panda3D-1.10.4.1-x64\\bin;C:\\Panda3D-1.11.0-x64\\python;C:\\Panda3D-1.11.0-x64\\python\\Scripts;C:\\Panda3D-1.11.0-x64\\bin', 'SYSTEMROOT': 'C:\\WINDOWS', 'MIC_LD_LIBRARY_PATH': 'C:\\Program Files (x86)\\Common Files\\Intel\\Shared Libraries\\compiler\\lib\\intel64_win_mic', 'COMSPEC': 'C:\\WINDOWS\\system32\\cmd.exe', 'DRIVERDATA': 'C:\\Windows\\System32\\Drivers\\DriverData', 'PPYTHON_PATH': '"C:\\Panda3D-1.11.0-x64\\python\\ppython.exe"', 'TEMP': 'C:\\Users\\holla\\AppData\\Local\\Temp', 'COMMONPROGRAMFILES(X86)': 'C:\\Program Files (x86)\\Common Files', 'PROCESSOR_ARCHITECTURE': 'AMD64', 'PROGRAMFILES(X86)': 'C:\\Program Files (x86)', 'ALLUSERSPROFILE': 'C:\\ProgramData', 'LOCALAPPDATA': 'C:\\Users\\holla\\AppData\\Local', 'FPS_BROWSER_USER_PROFILE_STRING': 'Default', 'HOMEPATH': '\\Users\\holla', 'USERDOMAIN_ROAMINGPROFILE': 'HOLLYBAES-PC', 'PROGRAMW6432': 'C:\\Program Files', 'USERNAME': 'holla', 'LOGONSERVER': '\\\\HOLLYBAES-PC', 'PROMPT': '$P$G', 'SESSIONNAME': 'Console', 'PROGRAMDATA': 'C:\\ProgramData', 'ONEDRIVE': 'C:\\Users\\holla\\OneDrive', 'FPS_BROWSER_APP_PROFILE_STRING': 'Internet Explorer', 'PATHEXT': '.COM;.EXE;.BAT;.CMD;.VBS;.VBE;.JS;.JSE;.WSF;.WSH;.MSC', 'TTOFF_LOGIN_TOKEN': 'dev', 'WINDIR': 'C:\\WINDOWS', 'APPDATA': 'C:\\Users\\holla\\AppData\\Roaming', 'HOMEDRIVE': 'C:', 'SYSTEMDRIVE': 'C:', 'NUMBER_OF_PROCESSORS': '12', 'PROCESSOR_LEVEL': '6', 'COMMONPROGRAMW6432': 'C:\\Program Files\\Common Files', 'OS': 'Windows_NT', 'PUBLIC': 'C:\\Users\\Public', 'USERPROFILE': 'C:\\Users\\holla'}
:12-07-2019 22:48:27 TTOffLauncher: isTestServer: 0
:12-07-2019 22:48:27 TTOffLauncher: Game Server 127.0.0.1
:12-07-2019 22:48:27 TTOffLauncher: Starting Toontown Online... 
:12-07-2019 22:48:27 TTOffLauncher: foreground: Launcher now operating in foreground
useTTOffSpecificLogin=True
:12-07-2019 22:48:27 TTOffLauncher: maybeStartGame: starting game
:12-07-2019 22:48:27 TTOffLauncher: Starting Toontown Online...
:12-07-2019 22:48:27 TTOffLauncher: background: Launcher now operating in background
ToontownStart: Polling for game2 to finish...
ToontownStart: Game2 is finished.
ToontownStart: Starting the game.
ToontownStart: setting default font
:12-07-2019 22:48:27 TTOffLauncher: setting panda error code to 7
Known pipe types:
  wglGraphicsPipe
(all display modules loaded.)
:12-07-2019 22:48:27 ToonBase: Default graphics pipe is wglGraphicsPipe (OpenGL).
:12-07-2019 22:48:27 ToonBase: Successfully opened window of type wglGraphicsWindow (OpenGL)
:12-07-2019 22:48:27 ShowBase: __dev__ == False
:12-07-2019 22:48:27 TTOffLauncher: setting panda error code to 11
:12-07-2019 22:48:27 TTOffLauncher: setting panda error code to 0
ToontownStart: Loading default gui sounds
ToontownStart: serverVersion:  tto-dev
:12-07-2019 22:48:27 Loader: starting bulk load of block 'init'
:12-07-2019 22:48:28 :nativenet(error): Buffered_DatagramConnection Constructor rbufsize = 4096000 wbufsize = 4096000 write_flush_point = 1400
:12-07-2019 22:48:28 OTPClientRepository: Using connect method 'http'
:12-07-2019 22:48:28 TTOffLauncher: getRegistry ('DEPLOYMENT', None)
:12-07-2019 22:48:28 TTOffLauncher: checking env
:12-07-2019 22:48:28 TTOffLauncher: getRegistry ('GAME_DEPLOYMENT', None)
:12-07-2019 22:48:28 TTOffLauncher: checking env
:12-07-2019 22:48:28 OTPClientRepository: reg_deployment=
:12-07-2019 22:48:28 OTPClientRepository: required-login auto.
:12-07-2019 22:48:28 OTPClientRepository: loginInterface: LoginTTOffAccount
:12-07-2019 22:48:28 TTOffLauncher: getNeedPwForSecretKey using ttoff-specific-login
:12-07-2019 22:48:28 Loader: At end of block 'init', expected 138, loaded 4, duration=0.9901537
:12-07-2019 22:48:28 OTPClientRepository: Connecting to gameserver directly (no proxy).
:12-07-2019 22:48:28 OTPClientRepository: Connecting to //127.0.0.1:7198 via HTTP interface.
:12-07-2019 22:48:28 TTOffLauncher: Stopping mini task manager.
:12-07-2019 22:48:28 OTPClientRepository: Successfully connected to //127.0.0.1:7198.
:12-07-2019 22:48:28 TTOffLauncher: Setting Disconnect Details normal
{401000001: <toontown.distributed.ToontownDistrict.ToontownDistrict instance at 0x000000001D53C748>}
:12-07-2019 22:48:29 StateData: AvatarChooser.enter
:12-07-2019 22:48:29 DisplayOptions: settingsFullScreen = False, embedded = False width=800 height=600
:12-07-2019 22:48:29 StateData: calling self.displayOptions.restrictToEmbedded(False)
:12-07-2019 22:48:30 OTPClientRepository: ================
:12-07-2019 22:48:30 OTPClientRepository: Chose avatar id: 100000014
:12-07-2019 22:48:30 OTPClientRepository: Chose avatar name: Hollybae
:12-07-2019 22:48:30 OTPClientRepository: Chose avatar dna: ('css', 'ms', 'm', 'm', 16, 0, 16, 16, 113, 27, 18, 27, 7, 21)
:12-07-2019 22:48:30 OTPClientRepository: Chose avatar position: 5
:12-07-2019 22:48:30 OTPClientRepository: isPaid: 1
:12-07-2019 22:48:30 OTPClientRepository: freeTimeLeft: 0
:12-07-2019 22:48:30 OTPClientRepository: allowSecretChat: True
:12-07-2019 22:48:30 OTPClientRepository: ================
:12-07-2019 22:48:30 Loader: starting bulk load of block 'localAvatarPlayGame'
:12-07-2019 22:48:31 ToontownTimeManager(warning): error parsing date string=
local
:12-07-2019 22:48:31 NewsPageButtonManager(warning): Should not get here. NewsPageButtonManager.exitOff
:12-07-2019 22:48:31 :pnmimage:png(warning): iCCP: known incorrect sRGB profile
:12-07-2019 22:48:32 OTPClientRepository: Entering shard 401000001
:12-07-2019 22:48:32 StreetSign: Street sign url is https://ttoffline.com/images/
:12-07-2019 22:48:33 StreetSign: Street Sign is up to date
:12-07-2019 22:48:33 TimeManager: Clock sync: TimeManager.announceGenerate
:12-07-2019 22:48:33 NewsManager: setHolidayId: Starting Holiday 20
:12-07-2019 22:48:33 InGameNewsMgr: latestIssue=2013-08-22 16:49:46.000003-07:00
cpu info: GenuineIntel|Intel(R) Core(TM) i7-8700K CPU @ 3.70GHz|591594|0|3.701,3.701|6,12 cpus
:12-07-2019 22:48:34 OTPClientRepository: No sync from TimeManager.
:12-07-2019 22:48:34 OTPClientRepository: gotTimeSync
:12-07-2019 22:48:34 Loader: At end of block 'localAvatarPlayGame', expected 400, loaded 8, duration=3.9441907
:12-07-2019 22:48:34 TimeManager: Clock sync roundtrip took 1066.999 ms
:12-07-2019 22:48:34 TimeManager: AI time delta is -0:01 from server delta
:12-07-2019 22:48:34 TimeManager: Local clock uncertainty +/- 0.534 s
:12-07-2019 22:48:34 PlayGame: QA-REGRESSION: NEIGHBORHOODS: Visit Lawbot HQ
:12-07-2019 22:48:34 Loader: starting bulk load of block 'hood'
:12-07-2019 22:48:35 LawbotCogHQLoader: loadPlaceGeom: 13000
:12-07-2019 22:48:35 DistributedObject: DistributedSuitPlanner 401002972: generating
:12-07-2019 22:48:35 DistributedToon: calling LocalAvatar.startchat
:12-07-2019 22:48:35 :loader(error): Couldn't load file phase_4/models/questmap/cog_hq_lawbot_maps.bam: not found on model path (currently: "/;/d/hollybae/Aly/Toontown-School-House/toontown/launcher;/c/Panda3D-1.11.0-x64/etc/..;/c/Panda3D-1.11.0-x64/etc/../models")
:12-07-2019 22:48:35 Loader: At end of block 'hood', expected 2, loaded 3, duration=0.7402824
:12-07-2019 22:48:36 Teleport(debug): teleportInDone: walk
:12-07-2019 22:48:36 :loader(error): Couldn't load file phase_4/models/questmap/cog_hq_lawbot_maps.bam: not found on model path (currently: "/;/d/hollybae/Aly/Toontown-School-House/toontown/launcher;/c/Panda3D-1.11.0-x64/etc/..;/c/Panda3D-1.11.0-x64/etc/../models")
:12-07-2019 22:48:37 TTOffMagicWordManager: Run mode has been toggled.
:12-07-2019 22:48:42 LawbotCogHQLoader: loadPlaceGeom: 13100
:12-07-2019 22:48:42 LawbotCogHQLoader: QA-REGRESSION: COGHQ: Visit LawbotLobby
:12-07-2019 22:48:42 LawbotHQExterior: Unloading Place (13000). Fsm in final
:12-07-2019 22:48:42 DistributedObject: DistributedSuitPlanner 401002972: disabling
:12-07-2019 22:48:42 DistributedToon: calling LocalAvatar.startchat
:12-07-2019 22:48:42 :loader(error): Couldn't load file phase_4/models/questmap/cog_hq_lawbot_maps.bam: not found on model path (currently: "/;/d/hollybae/Aly/Toontown-School-House/toontown/launcher;/c/Panda3D-1.11.0-x64/etc/..;/c/Panda3D-1.11.0-x64/etc/../models")
:12-07-2019 22:48:43 :loader(error): Couldn't load file phase_4/models/questmap/cog_hq_lawbot_maps.bam: not found on model path (currently: "/;/d/hollybae/Aly/Toontown-School-House/toontown/launcher;/c/Panda3D-1.11.0-x64/etc/..;/c/Panda3D-1.11.0-x64/etc/../models")
:12-07-2019 22:48:54 TTOffMagicWordManager: Run mode has been toggled.
:12-07-2019 22:48:55 TTOffMagicWordManager: Voila!
:12-07-2019 22:48:57 TTOffMagicWordManager: Gave Hollybae an infinite amount of pies
:12-07-2019 22:49:02 LawbotCogHQLoader: loadPlaceGeom: 61000
:12-07-2019 22:49:02 LawbotCogHQLoader(warning): loadPlaceGeom: unclassified zone 61000
:12-07-2019 22:49:02 CogHQLobby: Unloading Place (13100). Fsm in final
:12-07-2019 22:49:02 DistributedLawbotBoss(warning): Not a collision node: LawbotCourtroom3.egg/-PandaNode/CR3/interior/CR3_Floor
:12-07-2019 22:49:02 DistributedToon: calling LocalAvatar.startchat
:12-07-2019 22:49:02 LawbotHQBossBattle(warning): fsm.request('movie') returned 0 (zone id 61000, avatar pos LPoint3f(-0.363562, -126.204, 0.193903)).
:12-07-2019 22:49:03 TTOffMagicWordManager: Restarting Scale Round
:12-07-2019 22:49:04 :linmath(warning): Tried to invert singular LMatrix3.
:12-07-2019 22:49:15 TTOffMagicWordManager: Hollybae's laff has been set to 1237.
:12-07-2019 22:53:27 GarbageCollect(warning): garbage found, reverting gc threshold
frame rate: 217.3 fps|0.001d|13 avs||304|305||0x0000|0x0000|972.0MB|1145.2MB|16235.6MB|550|nt.2.6.2|3.701,3.701|6,12 cpus|OpenGL
frame rate: 221.8 fps|0.001d|13 avs||604|605||0x0000|0x0000|1273.4MB|1447.1MB|16235.6MB|652|nt.2.6.2|3.701,3.701|6,12 cpus|OpenGL
:12-07-2019 23:00:00 NewsManager: setHolidayId: Ending Holiday 20
:12-07-2019 23:00:05 NewsManager: setHolidayId: Starting Holiday 19
frame rate: 232.8 fps|0.001d|13 avs||904|905||0x0000|0x0000|1596.6MB|1771.1MB|16235.6MB|765|nt.2.6.2|3.701,3.701|6,12 cpus|OpenGL
adding timeout task
adding timeout task
frame rate: 257.4 fps|0.001d|13 avs||1204|1205||0x0000|0x0000|1907.6MB|2082.8MB|16235.6MB|868|nt.2.6.2|3.701,3.701|6,12 cpus|OpenGL
frame rate: 9.7 fps|0.002d|13 avs||1504|1505||0x0000|0x0000|2153.2MB|2328.8MB|16235.6MB|961|nt.2.6.2|3.701,3.701|6,12 cpus|OpenGL
adding timeout task
adding timeout task
:12-07-2019 23:18:32 TimeManager: Clock sync: timer
:12-07-2019 23:18:32 TimeManager: Clock sync roundtrip took 67.393 ms
:12-07-2019 23:18:32 TimeManager: AI time delta is -0:00 from server delta
:12-07-2019 23:18:32 ClockDelta: previous delta at -0.962 s, +/- 1.033 s.
:12-07-2019 23:18:32 ClockDelta: new delta at -1.467 s, +/- 0.034 s.
:12-07-2019 23:18:32 ClockDelta: intersection at -1.467 s, +/- 0.034 s.
:12-07-2019 23:18:32 TimeManager: Local clock uncertainty +/- 0.034 s
frame rate: 226.2 fps|0.001d|13 avs||1804|1805||0x0000|0x0000|1087.7MB|2565.3MB|16235.6MB|1045|nt.2.6.2|3.701,3.701|6,12 cpus|OpenGL
:12-07-2019 23:21:58 TTOffMagicWordManager: LPoint3f(-61.7843, 58.3653, -0.000295053)
cam pos =  LPoint3f(0, -9.7125, 3.2375) , cam hpr =  LVecBase3f(0, 0, 0)
:12-07-2019 23:22:46 TTOffMagicWordManager: Alakazam!
:12-07-2019 23:22:47 TTOffMagicWordManager: Abracadabra!
:12-07-2019 23:23:12 TTOffMagicWordManager: Alakazam!
:12-07-2019 23:23:26 TTOffMagicWordManager: Voila!
frame rate: 230.2 fps|0.001d|13 avs||2104|2105||0x0000|0x0000|1083.9MB|2872.6MB|16235.6MB|1150|nt.2.6.2|3.701,3.701|6,12 cpus|OpenGL
:12-07-2019 23:23:53 TTOffMagicWordManager: Abracadabra!
:12-07-2019 23:24:04 TTOffMagicWordManager: Abracadabra!
:12-07-2019 23:24:16 TTOffMagicWordManager: Voila!
:12-07-2019 23:24:46 TTOffMagicWordManager: Alakazam!
:12-07-2019 23:25:02 TTOffMagicWordManager: Abracadabra!
:12-07-2019 23:25:36 TTOffMagicWordManager: Ta-da!
:12-07-2019 23:26:12 TTOffMagicWordManager: Voila!
:12-07-2019 23:26:26 TTOffMagicWordManager: Alakazam!
:12-07-2019 23:26:38 TTOffMagicWordManager: Presto!
:12-07-2019 23:27:24 TTOffMagicWordManager: Abracadabra!
:12-07-2019 23:27:52 TTOffMagicWordManager: Abracadabra!
:12-07-2019 23:28:21 TTOffMagicWordManager: Voila!
frame rate: 253.3 fps|0.001d|13 avs||2404|2405||0x0000|0x0000|1361.8MB|3219.6MB|16235.6MB|1263|nt.2.6.2|3.701,3.701|6,12 cpus|OpenGL
:12-07-2019 23:29:13 TTOffMagicWordManager: Alakazam!
:12-07-2019 23:29:27 TTOffMagicWordManager: Abracadabra!
:12-07-2019 23:30:06 TTOffMagicWordManager: Ta-da!
:12-07-2019 23:30:18 TTOffMagicWordManager: Abracadabra!
:12-07-2019 23:30:34 TTOffMagicWordManager: Abracadabra!
:12-07-2019 23:30:49 TTOffMagicWordManager: Presto!
:12-07-2019 23:31:02 TTOffMagicWordManager: Alakazam!
:12-07-2019 23:31:18 TTOffMagicWordManager: Voila!
:12-07-2019 23:32:57 ToonBase: User closed main window.
:12-07-2019 23:32:57 TimeManager: Client disconnect reason 2.
:12-07-2019 23:32:58 LawbotHQBossBattle: Unloading Place (61000). Fsm in final
:12-07-2019 23:32:58 OTPClientRepository(warning): unclean exit, abandoning shard
ignoring InputState-forward
:12-07-2019 23:32:58 OTPClientRepository: sending clientLogout
:12-07-2019 23:32:58 LocalAvatar(warning): redundant call to stopUpdateSmartCamera
:12-07-2019 23:32:58 OTPClientRepository: Sent disconnect message to server
:12-07-2019 23:32:58 OTPClientRepository: Closing connection to server.
:12-07-2019 23:32:58 OTPClientRepository: Exiting cleanly
:12-07-2019 23:32:58 ToonBase: Exiting Toontown: errorCode = None
:12-07-2019 23:32:58 TTOffLauncher: setting panda error code to 0
:12-07-2019 23:32:58 TTOffLauncher: Normal exit.
