

Starting Toontown Online...
Current time: Wed Mar  4 14:20:44 2020 Eastern Standard Time
sys.path =  ['', 'C:\\Panda3D-1.11.0-x64\\python\\python27.zip', 'C:\\Panda3D-1.11.0-x64', 'C:\\Panda3D-1.11.0-x64\\python\\DLLs', 'C:\\Panda3D-1.11.0-x64\\python\\lib', 'C:\\Panda3D-1.11.0-x64\\python\\lib\\plat-win', 'C:\\Panda3D-1.11.0-x64\\python\\lib\\lib-tk', 'C:\\Panda3D-1.11.0-x64\\python', 'C:\\Panda3D-1.11.0-x64\\bin', 'C:\\Panda3D-1.11.0-x64\\python\\lib\\site-packages']
sys.argv =  ['D:\\hollybae\\Aly\\Toontown-School-House\\toontown\\launcher\\TTOffQuickStartLauncher.py']
generating standard configrc
os.environ =  {'TMP': 'C:\\Users\\holla\\AppData\\Local\\Temp', 'COMPUTERNAME': 'HOLLYBAES-PC', 'USERDOMAIN': 'HOLLYBAES-PC', 'INTEL_DEV_REDIST': 'C:\\Program Files (x86)\\Common Files\\Intel\\Shared Libraries\\', 'PSMODULEPATH': 'C:\\Program Files\\WindowsPowerShell\\Modules;C:\\WINDOWS\\system32\\WindowsPowerShell\\v1.0\\Modules', 'COMMONPROGRAMFILES': 'C:\\Program Files\\Common Files', 'PROCESSOR_IDENTIFIER': 'Intel64 Family 6 Model 158 Stepping 10, GenuineIntel', 'VBOX_MSI_INSTALL_PATH': 'C:\\Program Files\\Oracle\\VirtualBox\\', 'PROGRAMFILES': 'C:\\Program Files', 'PROCESSOR_REVISION': '9e0a', 'PATH': 'C:\\Panda3D-1.11.0-x64\\panda3d\\..\\bin;C:\\Program Files (x86)\\Razer\\ChromaBroadcast\\bin;C:\\Program Files\\Razer\\ChromaBroadcast\\bin;C:\\Program Files (x86)\\Common Files\\Intel\\Shared Libraries\\redist\\intel64_win\\compiler;C:\\Program Files (x86)\\Common Files\\Oracle\\Java\\javapath;C:\\Program Files (x86)\\Common Files\\Intel\\Shared Libraries\\redist\\intel64\\compiler;C:\\WINDOWS\\system32;C:\\WINDOWS;C:\\WINDOWS\\System32\\Wbem;C:\\WINDOWS\\System32\\WindowsPowerShell\\v1.0\\;C:\\WINDOWS\\System32\\OpenSSH\\;C:\\Program Files\\NVIDIA Corporation\\NVIDIA NGX;C:\\Program Files (x86)\\NVIDIA Corporation\\PhysX\\Common;C:\\Program Files\\NVIDIA Corporation\\NVIDIA NvDLISR;C:\\WINDOWS\\system32;C:\\WINDOWS;C:\\WINDOWS\\System32\\Wbem;C:\\WINDOWS\\System32\\WindowsPowerShell\\v1.0\\;C:\\WINDOWS\\System32\\OpenSSH\\;D:\\hollybae\\ffmpeg-4.1.3-win64-static\\ffmpeg-4.1.3-win64-static\\bin;C:\\Program Files\\dotnet\\;C:\\WINDOWS\\system32\\config\\systemprofile\\AppData\\Local\\Microsoft\\WindowsApps;C:\\Program Files (x86)\\QuickTime\\QTSystem\\;C:\\Users\\holla\\AppData\\Local\\Microsoft\\WindowsApps;C:\\Panda3D-1.10.4.1-x64\\python;C:\\Panda3D-1.10.4.1-x64\\python\\Scripts;C:\\Panda3D-1.10.4.1-x64\\bin;C:\\Panda3D-1.11.0-x64\\python;C:\\Panda3D-1.11.0-x64\\python\\Scripts;C:\\Panda3D-1.11.0-x64\\bin', 'SYSTEMROOT': 'C:\\WINDOWS', 'MIC_LD_LIBRARY_PATH': 'C:\\Program Files (x86)\\Common Files\\Intel\\Shared Libraries\\compiler\\lib\\intel64_win_mic', 'COMSPEC': 'C:\\WINDOWS\\system32\\cmd.exe', 'DRIVERDATA': 'C:\\Windows\\System32\\Drivers\\DriverData', 'PPYTHON_PATH': '"C:\\Panda3D-1.11.0-x64\\python\\ppython.exe"', 'TEMP': 'C:\\Users\\holla\\AppData\\Local\\Temp', 'COMMONPROGRAMFILES(X86)': 'C:\\Program Files (x86)\\Common Files', 'PROCESSOR_ARCHITECTURE': 'AMD64', 'PROGRAMFILES(X86)': 'C:\\Program Files (x86)', 'ALLUSERSPROFILE': 'C:\\ProgramData', 'LOCALAPPDATA': 'C:\\Users\\holla\\AppData\\Local', 'FPS_BROWSER_USER_PROFILE_STRING': 'Default', 'HOMEPATH': '\\Users\\holla', 'USERDOMAIN_ROAMINGPROFILE': 'HOLLYBAES-PC', 'PROGRAMW6432': 'C:\\Program Files', 'USERNAME': 'holla', 'LOGONSERVER': '\\\\HOLLYBAES-PC', 'PROMPT': '$P$G', 'SESSIONNAME': 'Console', 'PROGRAMDATA': 'C:\\ProgramData', 'ONEDRIVE': 'C:\\Users\\holla\\OneDrive - University of Guelph', 'FPS_BROWSER_APP_PROFILE_STRING': 'Internet Explorer', 'PATHEXT': '.COM;.EXE;.BAT;.CMD;.VBS;.VBE;.JS;.JSE;.WSF;.WSH;.MSC', 'TTOFF_LOGIN_TOKEN': 'dev', 'ONEDRIVECOMMERCIAL': 'C:\\Users\\holla\\OneDrive - University of Guelph', 'WINDIR': 'C:\\WINDOWS', 'APPDATA': 'C:\\Users\\holla\\AppData\\Roaming', 'HOMEDRIVE': 'C:', 'SYSTEMDRIVE': 'C:', 'NUMBER_OF_PROCESSORS': '12', 'PROCESSOR_LEVEL': '6', 'RG_GPU_FRAMEWORK_ENGINE_RESOURCEDIR': 'C:\\Program Files\\Red Giant\\RGFX', 'COMMONPROGRAMW6432': 'C:\\Program Files\\Common Files', 'OS': 'Windows_NT', 'PUBLIC': 'C:\\Users\\Public', 'USERPROFILE': 'C:\\Users\\holla'}
:03-04-2020 14:20:44 TTOffLauncher: isTestServer: 0
:03-04-2020 14:20:44 TTOffLauncher: Game Server 127.0.0.1
:03-04-2020 14:20:44 TTOffLauncher: Starting Toontown Online... 
:03-04-2020 14:20:44 TTOffLauncher: foreground: Launcher now operating in foreground
useTTOffSpecificLogin=True
:03-04-2020 14:20:44 TTOffLauncher: maybeStartGame: starting game
:03-04-2020 14:20:44 TTOffLauncher: Starting Toontown Online...
:03-04-2020 14:20:44 TTOffLauncher: background: Launcher now operating in background
ToontownStart: Polling for game2 to finish...
ToontownStart: Game2 is finished.
ToontownStart: Starting the game.
ToontownStart: setting default font
:03-04-2020 14:20:45 TTOffLauncher: setting panda error code to 7
Known pipe types:
  wglGraphicsPipe
(all display modules loaded.)
:03-04-2020 14:20:45 ToonBase: Default graphics pipe is wglGraphicsPipe (OpenGL).
:03-04-2020 14:20:45 ToonBase: Successfully opened window of type wglGraphicsWindow (OpenGL)
:03-04-2020 14:20:45 ShowBase: __dev__ == False
:03-04-2020 14:20:45 TTOffLauncher: setting panda error code to 11
:03-04-2020 14:20:46 TTOffLauncher: setting panda error code to 0
ToontownStart: Loading default gui sounds
ToontownStart: serverVersion:  tto-dev
:03-04-2020 14:20:46 Loader: starting bulk load of block 'init'
:03-04-2020 14:20:52 :nativenet(error): Buffered_DatagramConnection Constructor rbufsize = 4096000 wbufsize = 4096000 write_flush_point = 1400
:03-04-2020 14:20:52 OTPClientRepository: Using connect method 'http'
:03-04-2020 14:20:56 TTOffLauncher: getRegistry ('DEPLOYMENT', None)
:03-04-2020 14:20:56 TTOffLauncher: checking env
:03-04-2020 14:20:56 TTOffLauncher: getRegistry ('GAME_DEPLOYMENT', None)
:03-04-2020 14:20:56 TTOffLauncher: checking env
:03-04-2020 14:20:56 OTPClientRepository: reg_deployment=
:03-04-2020 14:20:56 OTPClientRepository: required-login auto.
:03-04-2020 14:20:56 OTPClientRepository: loginInterface: LoginTTOffAccount
:03-04-2020 14:20:56 TTOffLauncher: getNeedPwForSecretKey using ttoff-specific-login
:03-04-2020 14:20:56 Loader: At end of block 'init', expected 138, loaded 11, duration=10.1167948
:03-04-2020 14:20:56 OTPClientRepository: Connecting to gameserver directly (no proxy).
:03-04-2020 14:20:56 OTPClientRepository: Connecting to //127.0.0.1:7198 via HTTP interface.
:03-04-2020 14:20:56 TTOffLauncher: Stopping mini task manager.
:03-04-2020 14:20:56 OTPClientRepository: Successfully connected to //127.0.0.1:7198.
:03-04-2020 14:20:56 TTOffLauncher: Setting Disconnect Details normal
{401000001: <toontown.distributed.ToontownDistrict.ToontownDistrict instance at 0x000000001D656788>}
:03-04-2020 14:20:57 StateData: AvatarChooser.enter
:03-04-2020 14:20:57 DisplayOptions: settingsFullScreen = False, embedded = False width=800 height=600
:03-04-2020 14:20:57 StateData: calling self.displayOptions.restrictToEmbedded(False)
:03-04-2020 14:21:00 OTPClientRepository: ================
:03-04-2020 14:21:00 OTPClientRepository: Chose avatar id: 100000014
:03-04-2020 14:21:00 OTPClientRepository: Chose avatar name: Hollybae
:03-04-2020 14:21:00 OTPClientRepository: Chose avatar dna: ('css', 'ms', 'm', 'm', 16, 0, 16, 16, 113, 27, 18, 27, 7, 21)
:03-04-2020 14:21:00 OTPClientRepository: Chose avatar position: 5
:03-04-2020 14:21:00 OTPClientRepository: isPaid: 1
:03-04-2020 14:21:00 OTPClientRepository: freeTimeLeft: 0
:03-04-2020 14:21:00 OTPClientRepository: allowSecretChat: True
:03-04-2020 14:21:00 OTPClientRepository: ================
:03-04-2020 14:21:00 Loader: starting bulk load of block 'localAvatarPlayGame'
:03-04-2020 14:21:01 ToontownTimeManager(warning): error parsing date string=
local
:03-04-2020 14:21:01 NewsPageButtonManager(warning): Should not get here. NewsPageButtonManager.exitOff
:03-04-2020 14:21:01 :pnmimage:png(warning): iCCP: known incorrect sRGB profile
:03-04-2020 14:21:04 OTPClientRepository: Entering shard 401000001
:03-04-2020 14:21:04 StreetSign: Street sign url is https://ttoffline.com/images/
:03-04-2020 14:21:05 StreetSign: Street Sign is up to date
:03-04-2020 14:21:05 TimeManager: Clock sync: TimeManager.announceGenerate
:03-04-2020 14:21:05 NewsManager: setHolidayId: Starting Holiday 7
:03-04-2020 14:21:05 InGameNewsMgr: latestIssue=2013-08-22 16:49:46.000003-07:00
cpu info: GenuineIntel|Intel(R) Core(TM) i7-8700K CPU @ 3.70GHz|591594|0|3.701,3.701|6,12 cpus
:03-04-2020 14:21:07 OTPClientRepository: No sync from TimeManager.
:03-04-2020 14:21:07 OTPClientRepository: gotTimeSync
:03-04-2020 14:21:07 Loader: At end of block 'localAvatarPlayGame', expected 400, loaded 21, duration=7.3335816
:03-04-2020 14:21:07 OTPClientRepository: Sending heartbeat mid-frame.
:03-04-2020 14:21:07 TimeManager: Clock sync roundtrip took 1730.936 ms
:03-04-2020 14:21:07 TimeManager: AI time delta is -0:02 from server delta
:03-04-2020 14:21:07 TimeManager: Local clock uncertainty +/- 0.866 s
:03-04-2020 14:21:07 PlayGame: QA-REGRESSION: NEIGHBORHOODS: Visit Lawbot HQ
:03-04-2020 14:21:07 Loader: starting bulk load of block 'hood'
:03-04-2020 14:21:09 LawbotCogHQLoader: loadPlaceGeom: 13000
:03-04-2020 14:21:10 DistributedObject: DistributedSuitPlanner 401002972: generating
:03-04-2020 14:21:10 DistributedToon: calling LocalAvatar.startchat
:03-04-2020 14:21:10 :loader(error): Couldn't load file phase_4/models/questmap/cog_hq_lawbot_maps.bam: not found on model path (currently: "/;/d/hollybae/Aly/Toontown-School-House/toontown/launcher;/c/Panda3D-1.11.0-x64/etc/..;/c/Panda3D-1.11.0-x64/etc/../models")
:03-04-2020 14:21:10 Loader: At end of block 'hood', expected 2, loaded 15, duration=3.235057
:03-04-2020 14:21:12 Teleport(debug): teleportInDone: walk
:03-04-2020 14:21:12 :loader(error): Couldn't load file phase_4/models/questmap/cog_hq_lawbot_maps.bam: not found on model path (currently: "/;/d/hollybae/Aly/Toontown-School-House/toontown/launcher;/c/Panda3D-1.11.0-x64/etc/..;/c/Panda3D-1.11.0-x64/etc/../models")
:03-04-2020 14:21:32 TTOffMagicWordManager: Run mode has been toggled.
:03-04-2020 14:21:39 LawbotCogHQLoader: loadPlaceGeom: 13100
:03-04-2020 14:21:39 LawbotCogHQLoader: QA-REGRESSION: COGHQ: Visit LawbotLobby
:03-04-2020 14:21:39 LawbotHQExterior: Unloading Place (13000). Fsm in final
:03-04-2020 14:21:39 DistributedObject: DistributedSuitPlanner 401002972: disabling
:03-04-2020 14:21:39 DistributedToon: calling LocalAvatar.startchat
:03-04-2020 14:21:39 :loader(error): Couldn't load file phase_4/models/questmap/cog_hq_lawbot_maps.bam: not found on model path (currently: "/;/d/hollybae/Aly/Toontown-School-House/toontown/launcher;/c/Panda3D-1.11.0-x64/etc/..;/c/Panda3D-1.11.0-x64/etc/../models")
:03-04-2020 14:21:40 :loader(error): Couldn't load file phase_4/models/questmap/cog_hq_lawbot_maps.bam: not found on model path (currently: "/;/d/hollybae/Aly/Toontown-School-House/toontown/launcher;/c/Panda3D-1.11.0-x64/etc/..;/c/Panda3D-1.11.0-x64/etc/../models")
:03-04-2020 14:21:45 TTOffMagicWordManager: Run mode has been toggled.
:03-04-2020 14:21:47 TTOffMagicWordManager: Alakazam!
:03-04-2020 14:21:49 TTOffMagicWordManager: Gave Hollybae an infinite amount of pies
:03-04-2020 14:21:53 LawbotCogHQLoader: loadPlaceGeom: 61000
:03-04-2020 14:21:53 LawbotCogHQLoader(warning): loadPlaceGeom: unclassified zone 61000
:03-04-2020 14:21:53 CogHQLobby: Unloading Place (13100). Fsm in final
:03-04-2020 14:21:53 DistributedLawbotBoss(warning): Not a collision node: LawbotCourtroom3.egg/-PandaNode/CR3/interior/CR3_Floor
:03-04-2020 14:21:53 DistributedToon: calling LocalAvatar.startchat
:03-04-2020 14:21:53 LawbotHQBossBattle(warning): fsm.request('movie') returned 0 (zone id 61000, avatar pos LPoint3f(-0.363562, -126.204, 0.193903)).
:03-04-2020 14:22:08 LawbotHQBossBattle(warning): fsm.request('movie') returned 0 (zone id 61000, avatar pos LPoint3f(-0.363562, -126.204, 0.193903)).
Battle Event localtoon-battle-event-3
:03-04-2020 14:22:47 Actor(warning): called actor.removeNode() on actor without calling cleanup()
:03-04-2020 14:22:47 Actor(warning): called actor.removeNode() on actor without calling cleanup()
:03-04-2020 14:22:47 Actor(warning): called actor.removeNode() on actor without calling cleanup()
:03-04-2020 14:22:47 Actor(warning): called actor.removeNode() on actor without calling cleanup()
:03-04-2020 14:22:47 Actor(warning): called actor.removeNode() on actor without calling cleanup()
:03-04-2020 14:22:47 Actor(warning): called actor.removeNode() on actor without calling cleanup()
:03-04-2020 14:22:47 Actor(warning): called actor.removeNode() on actor without calling cleanup()
:03-04-2020 14:22:47 Actor(warning): called actor.removeNode() on actor without calling cleanup()
:03-04-2020 14:22:47 Actor(warning): called actor.removeNode() on actor without calling cleanup()
:03-04-2020 14:22:47 Actor(warning): called actor.removeNode() on actor without calling cleanup()
:03-04-2020 14:22:47 Actor(warning): called actor.removeNode() on actor without calling cleanup()
:03-04-2020 14:22:47 Actor(warning): called actor.removeNode() on actor without calling cleanup()
:03-04-2020 14:22:47 TTOffMagicWordManager: Restarting Scale Round
:03-04-2020 14:23:34 LawbotHQBossBattle(warning): fsm.request('finalBattle') returned 0 (zone id 61000, avatar pos LPoint3f(-26.117, 13.6373, -0.000312705)).
:03-04-2020 14:23:34 TTOffMagicWordManager: Restarting Scale Round
adding timeout task
adding timeout task
:03-04-2020 14:25:47 GarbageCollect(warning): garbage found, reverting gc threshold
frame rate: 236.4 fps|0.002d|13 avs||318|319||0x0000|0x0000|930.9MB|1129.1MB|16235.6MB|639|nt.2.6.2|3.701,3.701|6,12 cpus|OpenGL
:03-04-2020 14:27:42 TTOffMagicWordManager: Abracadabra!
:03-04-2020 14:28:25 TTOffMagicWordManager: Presto!
adding timeout task
adding timeout task
frame rate: 241.3 fps|0.001d|13 avs||618|619||0x0000|0x0000|1168.6MB|1366.8MB|16235.6MB|730|nt.2.6.2|3.701,3.701|6,12 cpus|OpenGL
adding timeout task
adding timeout task
:03-04-2020 14:35:16 TTOffMagicWordManager: Alakazam!
:03-04-2020 14:35:32 TTOffMagicWordManager: Presto!
:03-04-2020 14:35:53 TTOffMagicWordManager: Alakazam!
frame rate: 225.7 fps|0.001d|13 avs||918|919||0x0000|0x0000|1407.4MB|1606.1MB|16235.6MB|819|nt.2.6.2|3.701,3.701|6,12 cpus|OpenGL
:03-04-2020 14:36:05 TTOffMagicWordManager: Alakazam!
:03-04-2020 14:36:24 TTOffMagicWordManager: Presto!
:03-04-2020 14:36:29 :linmath(warning): Tried to invert singular LMatrix3.
:03-04-2020 14:36:36 TTOffMagicWordManager: Alakazam!
:03-04-2020 14:36:46 TTOffMagicWordManager: Voila!
:03-04-2020 14:38:22 TTOffMagicWordManager: Abracadabra!
:03-04-2020 14:38:54 TTOffMagicWordManager: Alakazam!
:03-04-2020 14:39:31 TTOffMagicWordManager: Presto!
:03-04-2020 14:40:09 TTOffMagicWordManager: Voila!
:03-04-2020 14:40:20 TTOffMagicWordManager: Presto!
:03-04-2020 14:40:31 TTOffMagicWordManager: Voila!
:03-04-2020 14:41:03 TTOffMagicWordManager: Alakazam!
frame rate: 267.3 fps|0.000d|13 avs||1218|1219||0x0000|0x0000|1685.8MB|1885.1MB|16235.6MB|909|nt.2.6.2|3.701,3.701|6,12 cpus|OpenGL
:03-04-2020 14:41:14 TTOffMagicWordManager: Alakazam!
:03-04-2020 14:41:19 TTOffMagicWordManager: Alakazam!
:03-04-2020 14:41:51 TTOffMagicWordManager: Alakazam!
:03-04-2020 14:42:03 TTOffMagicWordManager: Ta-da!
:03-04-2020 14:43:07 TTOffMagicWordManager: Presto!
:03-04-2020 14:43:15 TTOffMagicWordManager: Voila!
:03-04-2020 14:43:49 TTOffMagicWordManager: Abracadabra!
:03-04-2020 14:44:16 TTOffMagicWordManager: Abracadabra!
:03-04-2020 14:44:30 TTOffMagicWordManager: Voila!
:03-04-2020 14:44:44 TTOffMagicWordManager: Abracadabra!
:03-04-2020 14:45:45 TTOffMagicWordManager: Abracadabra!
frame rate: 239.0 fps|0.001d|13 avs||1518|1519||0x0000|0x0000|2007.7MB|2207.6MB|16235.6MB|1020|nt.2.6.2|3.701,3.701|6,12 cpus|OpenGL
:03-04-2020 14:46:12 TTOffMagicWordManager: Presto!
