

Starting Toontown Online...
Current time: Tue Dec  3 00:16:53 2019 Eastern Standard Time
sys.path =  ['', 'C:\\Panda3D-1.11.0-x64\\python\\python27.zip', 'C:\\Panda3D-1.11.0-x64', 'C:\\Panda3D-1.11.0-x64\\python\\DLLs', 'C:\\Panda3D-1.11.0-x64\\python\\lib', 'C:\\Panda3D-1.11.0-x64\\python\\lib\\plat-win', 'C:\\Panda3D-1.11.0-x64\\python\\lib\\lib-tk', 'C:\\Panda3D-1.11.0-x64\\python', 'C:\\Panda3D-1.11.0-x64\\bin', 'C:\\Panda3D-1.11.0-x64\\python\\lib\\site-packages']
sys.argv =  ['D:\\hollybae\\Aly\\Toontown-School-House\\toontown\\launcher\\TTOffQuickStartLauncher.py']
generating standard configrc
os.environ =  {'TMP': 'C:\\Users\\holla\\AppData\\Local\\Temp', 'COMPUTERNAME': 'HOLLYBAES-PC', 'USERDOMAIN': 'HOLLYBAES-PC', 'INTEL_DEV_REDIST': 'C:\\Program Files (x86)\\Common Files\\Intel\\Shared Libraries\\', 'PSMODULEPATH': 'C:\\Program Files\\WindowsPowerShell\\Modules;C:\\WINDOWS\\system32\\WindowsPowerShell\\v1.0\\Modules', 'COMMONPROGRAMFILES': 'C:\\Program Files\\Common Files', 'PROCESSOR_IDENTIFIER': 'Intel64 Family 6 Model 158 Stepping 10, GenuineIntel', 'VBOX_MSI_INSTALL_PATH': 'C:\\Program Files\\Oracle\\VirtualBox\\', 'PROGRAMFILES': 'C:\\Program Files', 'PROCESSOR_REVISION': '9e0a', 'PATH': 'C:\\Panda3D-1.11.0-x64\\panda3d\\..\\bin;C:\\Program Files (x86)\\Razer\\ChromaBroadcast\\bin;C:\\Program Files\\Razer\\ChromaBroadcast\\bin;C:\\Program Files (x86)\\Common Files\\Intel\\Shared Libraries\\redist\\intel64_win\\compiler;C:\\Program Files (x86)\\Common Files\\Oracle\\Java\\javapath;C:\\Program Files (x86)\\Common Files\\Intel\\Shared Libraries\\redist\\intel64\\compiler;C:\\WINDOWS\\system32;C:\\WINDOWS;C:\\WINDOWS\\System32\\Wbem;C:\\WINDOWS\\System32\\WindowsPowerShell\\v1.0\\;C:\\WINDOWS\\System32\\OpenSSH\\;C:\\Program Files\\NVIDIA Corporation\\NVIDIA NGX;C:\\Program Files (x86)\\NVIDIA Corporation\\PhysX\\Common;C:\\Program Files\\NVIDIA Corporation\\NVIDIA NvDLISR;C:\\WINDOWS\\system32;C:\\WINDOWS;C:\\WINDOWS\\System32\\Wbem;C:\\WINDOWS\\System32\\WindowsPowerShell\\v1.0\\;C:\\WINDOWS\\System32\\OpenSSH\\;D:\\hollybae\\ffmpeg-4.1.3-win64-static\\ffmpeg-4.1.3-win64-static\\bin;C:\\Program Files\\dotnet\\;C:\\WINDOWS\\system32\\config\\systemprofile\\AppData\\Local\\Microsoft\\WindowsApps;C:\\Users\\holla\\AppData\\Local\\Microsoft\\WindowsApps;C:\\Panda3D-1.10.4.1-x64\\python;C:\\Panda3D-1.10.4.1-x64\\python\\Scripts;C:\\Panda3D-1.10.4.1-x64\\bin;C:\\Panda3D-1.11.0-x64\\python;C:\\Panda3D-1.11.0-x64\\python\\Scripts;C:\\Panda3D-1.11.0-x64\\bin', 'SYSTEMROOT': 'C:\\WINDOWS', 'MIC_LD_LIBRARY_PATH': 'C:\\Program Files (x86)\\Common Files\\Intel\\Shared Libraries\\compiler\\lib\\intel64_win_mic', 'COMSPEC': 'C:\\WINDOWS\\system32\\cmd.exe', 'DRIVERDATA': 'C:\\Windows\\System32\\Drivers\\DriverData', 'PPYTHON_PATH': '"C:\\Panda3D-1.11.0-x64\\python\\ppython.exe"', 'TEMP': 'C:\\Users\\holla\\AppData\\Local\\Temp', 'COMMONPROGRAMFILES(X86)': 'C:\\Program Files (x86)\\Common Files', 'PROCESSOR_ARCHITECTURE': 'AMD64', 'PROGRAMFILES(X86)': 'C:\\Program Files (x86)', 'ALLUSERSPROFILE': 'C:\\ProgramData', 'LOCALAPPDATA': 'C:\\Users\\holla\\AppData\\Local', 'HOMEPATH': '\\Users\\holla', 'USERDOMAIN_ROAMINGPROFILE': 'HOLLYBAES-PC', 'PROGRAMW6432': 'C:\\Program Files', 'USERNAME': 'holla', 'LOGONSERVER': '\\\\HOLLYBAES-PC', 'PROMPT': '$P$G', 'SESSIONNAME': 'Console', 'PROGRAMDATA': 'C:\\ProgramData', 'ONEDRIVE': 'C:\\Users\\holla\\OneDrive', 'PATHEXT': '.COM;.EXE;.BAT;.CMD;.VBS;.VBE;.JS;.JSE;.WSF;.WSH;.MSC', 'TTOFF_LOGIN_TOKEN': 'dev', 'WINDIR': 'C:\\WINDOWS', 'APPDATA': 'C:\\Users\\holla\\AppData\\Roaming', 'HOMEDRIVE': 'C:', 'SYSTEMDRIVE': 'C:', 'NUMBER_OF_PROCESSORS': '12', 'PROCESSOR_LEVEL': '6', 'COMMONPROGRAMW6432': 'C:\\Program Files\\Common Files', 'OS': 'Windows_NT', 'PUBLIC': 'C:\\Users\\Public', 'USERPROFILE': 'C:\\Users\\holla'}
:12-03-2019 00:16:53 TTOffLauncher: isTestServer: 0
:12-03-2019 00:16:53 TTOffLauncher: Game Server 127.0.0.1
:12-03-2019 00:16:53 TTOffLauncher: Starting Toontown Online... 
:12-03-2019 00:16:53 TTOffLauncher: foreground: Launcher now operating in foreground
useTTOffSpecificLogin=True
:12-03-2019 00:16:53 TTOffLauncher: maybeStartGame: starting game
:12-03-2019 00:16:53 TTOffLauncher: Starting Toontown Online...
:12-03-2019 00:16:53 TTOffLauncher: background: Launcher now operating in background
ToontownStart: Polling for game2 to finish...
ToontownStart: Game2 is finished.
ToontownStart: Starting the game.
ToontownStart: setting default font
:12-03-2019 00:16:53 TTOffLauncher: setting panda error code to 7
Known pipe types:
  wglGraphicsPipe
(all display modules loaded.)
:12-03-2019 00:16:53 ToonBase: Default graphics pipe is wglGraphicsPipe (OpenGL).
:12-03-2019 00:16:53 ToonBase: Successfully opened window of type wglGraphicsWindow (OpenGL)
:12-03-2019 00:16:54 ShowBase: __dev__ == False
:12-03-2019 00:16:54 TTOffLauncher: setting panda error code to 11
:12-03-2019 00:16:54 TTOffLauncher: setting panda error code to 0
ToontownStart: Loading default gui sounds
ToontownStart: serverVersion:  tto-dev
:12-03-2019 00:16:54 Loader: starting bulk load of block 'init'
:12-03-2019 00:17:03 :nativenet(error): Buffered_DatagramConnection Constructor rbufsize = 4096000 wbufsize = 4096000 write_flush_point = 1400
:12-03-2019 00:17:03 OTPClientRepository: Using connect method 'http'
:12-03-2019 00:17:07 TTOffLauncher: getRegistry ('DEPLOYMENT', None)
:12-03-2019 00:17:07 TTOffLauncher: checking env
:12-03-2019 00:17:07 TTOffLauncher: getRegistry ('GAME_DEPLOYMENT', None)
:12-03-2019 00:17:07 TTOffLauncher: checking env
:12-03-2019 00:17:07 OTPClientRepository: reg_deployment=
:12-03-2019 00:17:07 OTPClientRepository: required-login auto.
:12-03-2019 00:17:07 OTPClientRepository: loginInterface: LoginTTOffAccount
:12-03-2019 00:17:07 TTOffLauncher: getNeedPwForSecretKey using ttoff-specific-login
:12-03-2019 00:17:08 Loader: At end of block 'init', expected 138, loaded 15, duration=13.5301791
:12-03-2019 00:17:08 OTPClientRepository: Connecting to gameserver directly (no proxy).
:12-03-2019 00:17:08 OTPClientRepository: Connecting to //127.0.0.1:7198 via HTTP interface.
:12-03-2019 00:17:08 TTOffLauncher: Stopping mini task manager.
:12-03-2019 00:17:08 OTPClientRepository: Successfully connected to //127.0.0.1:7198.
:12-03-2019 00:17:08 TTOffLauncher: Setting Disconnect Details normal
{401000001: <toontown.distributed.ToontownDistrict.ToontownDistrict instance at 0x000000001CFB36C8>}
:12-03-2019 00:17:09 StateData: AvatarChooser.enter
:12-03-2019 00:17:09 DisplayOptions: settingsFullScreen = False, embedded = False width=800 height=600
:12-03-2019 00:17:09 StateData: calling self.displayOptions.restrictToEmbedded(False)
:12-03-2019 00:17:23 OTPClientRepository: ================
:12-03-2019 00:17:23 OTPClientRepository: Chose avatar id: 100000014
:12-03-2019 00:17:23 OTPClientRepository: Chose avatar name: Hollybae
:12-03-2019 00:17:23 OTPClientRepository: Chose avatar dna: ('css', 'ms', 'm', 'm', 16, 0, 16, 16, 113, 27, 18, 27, 7, 21)
:12-03-2019 00:17:23 OTPClientRepository: Chose avatar position: 5
:12-03-2019 00:17:23 OTPClientRepository: isPaid: 1
:12-03-2019 00:17:23 OTPClientRepository: freeTimeLeft: 0
:12-03-2019 00:17:23 OTPClientRepository: allowSecretChat: True
:12-03-2019 00:17:23 OTPClientRepository: ================
:12-03-2019 00:17:23 Loader: starting bulk load of block 'localAvatarPlayGame'
:12-03-2019 00:17:24 ToontownTimeManager(warning): error parsing date string=
local
:12-03-2019 00:17:25 NewsPageButtonManager(warning): Should not get here. NewsPageButtonManager.exitOff
:12-03-2019 00:17:25 :pnmimage:png(warning): iCCP: known incorrect sRGB profile
:12-03-2019 00:17:27 OTPClientRepository: Entering shard 401000001
:12-03-2019 00:17:27 StreetSign: Street sign url is https://ttoffline.com/images/
:12-03-2019 00:17:29 StreetSign: Street Sign is up to date
:12-03-2019 00:17:29 OTPClientRepository: Sending heartbeat mid-frame.
:12-03-2019 00:17:29 TimeManager: Clock sync: TimeManager.announceGenerate
:12-03-2019 00:17:29 NewsManager: setHolidayId: Starting Holiday 14
:12-03-2019 00:17:29 InGameNewsMgr: latestIssue=2013-08-22 16:49:46.000003-07:00
cpu info: GenuineIntel|Intel(R) Core(TM) i7-8700K CPU @ 3.70GHz|591594|0|3.701,3.701|6,12 cpus
:12-03-2019 00:17:31 OTPClientRepository: No sync from TimeManager.
:12-03-2019 00:17:31 OTPClientRepository: gotTimeSync
:12-03-2019 00:17:31 Loader: At end of block 'localAvatarPlayGame', expected 400, loaded 22, duration=8.0454924
:12-03-2019 00:17:31 TimeManager: Clock sync roundtrip took 1887.587 ms
:12-03-2019 00:17:31 TimeManager: AI time delta is -0:02 from server delta
:12-03-2019 00:17:31 TimeManager: Local clock uncertainty +/- 0.944 s
:12-03-2019 00:17:31 PlayGame: QA-REGRESSION: NEIGHBORHOODS: Visit Lawbot HQ
:12-03-2019 00:17:31 Loader: starting bulk load of block 'hood'
:12-03-2019 00:17:33 LawbotCogHQLoader: loadPlaceGeom: 13000
:12-03-2019 00:17:34 DistributedObject: DistributedSuitPlanner 401002972: generating
:12-03-2019 00:17:34 DistributedToon: calling LocalAvatar.startchat
:12-03-2019 00:17:34 :loader(error): Couldn't load file phase_4/models/questmap/cog_hq_lawbot_maps.bam: not found on model path (currently: "/;/d/hollybae/Aly/Toontown-School-House/toontown/launcher;/c/Panda3D-1.11.0-x64/etc/..;/c/Panda3D-1.11.0-x64/etc/../models")
:12-03-2019 00:17:34 Loader: At end of block 'hood', expected 2, loaded 13, duration=2.7780573
:12-03-2019 00:17:35 Teleport(debug): teleportInDone: walk
:12-03-2019 00:17:36 :loader(error): Couldn't load file phase_4/models/questmap/cog_hq_lawbot_maps.bam: not found on model path (currently: "/;/d/hollybae/Aly/Toontown-School-House/toontown/launcher;/c/Panda3D-1.11.0-x64/etc/..;/c/Panda3D-1.11.0-x64/etc/../models")
:12-03-2019 00:17:37 TTOffMagicWordManager: Run mode has been toggled.
:12-03-2019 00:17:43 LawbotCogHQLoader: loadPlaceGeom: 13100
:12-03-2019 00:17:43 LawbotCogHQLoader: QA-REGRESSION: COGHQ: Visit LawbotLobby
:12-03-2019 00:17:43 LawbotHQExterior: Unloading Place (13000). Fsm in final
:12-03-2019 00:17:43 DistributedObject: DistributedSuitPlanner 401002972: disabling
:12-03-2019 00:17:43 DistributedToon: calling LocalAvatar.startchat
:12-03-2019 00:17:43 :loader(error): Couldn't load file phase_4/models/questmap/cog_hq_lawbot_maps.bam: not found on model path (currently: "/;/d/hollybae/Aly/Toontown-School-House/toontown/launcher;/c/Panda3D-1.11.0-x64/etc/..;/c/Panda3D-1.11.0-x64/etc/../models")
:12-03-2019 00:17:44 :loader(error): Couldn't load file phase_4/models/questmap/cog_hq_lawbot_maps.bam: not found on model path (currently: "/;/d/hollybae/Aly/Toontown-School-House/toontown/launcher;/c/Panda3D-1.11.0-x64/etc/..;/c/Panda3D-1.11.0-x64/etc/../models")
:12-03-2019 00:17:51 TTOffMagicWordManager: Uh-oh! This Magic Word doesn't exist!
:12-03-2019 00:17:52 TTOffMagicWordManager: Run mode has been toggled.
:12-03-2019 00:17:54 TTOffMagicWordManager: Gave Hollybae an infinite amount of pies
:12-03-2019 00:17:57 LawbotCogHQLoader: loadPlaceGeom: 61000
:12-03-2019 00:17:57 LawbotCogHQLoader(warning): loadPlaceGeom: unclassified zone 61000
:12-03-2019 00:17:57 CogHQLobby: Unloading Place (13100). Fsm in final
:12-03-2019 00:17:58 DistributedLawbotBoss(warning): Not a collision node: LawbotCourtroom3.egg/-PandaNode/CR3/interior/CR3_Floor
:12-03-2019 00:17:58 DistributedToon: calling LocalAvatar.startchat
:12-03-2019 00:17:58 OTPClientRepository: Sending heartbeat mid-frame.
:12-03-2019 00:17:58 LawbotHQBossBattle(warning): fsm.request('movie') returned 0 (zone id 61000, avatar pos LPoint3f(-0.363562, -126.204, 0.193903)).
:12-03-2019 00:18:12 LawbotHQBossBattle(warning): fsm.request('movie') returned 0 (zone id 61000, avatar pos LPoint3f(-0.363562, -126.204, 0.193903)).
:12-03-2019 00:18:13 Actor(warning): called actor.removeNode() on actor without calling cleanup()
:12-03-2019 00:18:13 Actor(warning): called actor.removeNode() on actor without calling cleanup()
:12-03-2019 00:18:13 Actor(warning): called actor.removeNode() on actor without calling cleanup()
:12-03-2019 00:18:13 Actor(warning): called actor.removeNode() on actor without calling cleanup()
:12-03-2019 00:18:13 Actor(warning): called actor.removeNode() on actor without calling cleanup()
:12-03-2019 00:18:13 Actor(warning): called actor.removeNode() on actor without calling cleanup()
:12-03-2019 00:18:13 Actor(warning): called actor.removeNode() on actor without calling cleanup()
:12-03-2019 00:18:13 Actor(warning): called actor.removeNode() on actor without calling cleanup()
:12-03-2019 00:18:13 Actor(warning): called actor.removeNode() on actor without calling cleanup()
:12-03-2019 00:18:13 Actor(warning): called actor.removeNode() on actor without calling cleanup()
:12-03-2019 00:18:13 Actor(warning): called actor.removeNode() on actor without calling cleanup()
:12-03-2019 00:18:13 Actor(warning): called actor.removeNode() on actor without calling cleanup()
:12-03-2019 00:18:13 TTOffMagicWordManager: Restarting Scale Round
:12-03-2019 00:19:55 :linmath(warning): Tried to invert singular LMatrix3.
:12-03-2019 00:20:40 TTOffMagicWordManager: Alakazam!
:12-03-2019 00:21:56 GarbageCollect(warning): garbage found, reverting gc threshold
frame rate: 265.4 fps|0.001d|12 avs||333|335||0x0000|0x0000|1042.6MB|1173.8MB|16235.6MB|622|nt.2.6.2|3.701,3.701|6,12 cpus|OpenGL
frame rate: 302.0 fps|0.000d|12 avs||633|635||0x0000|0x0000|1335.3MB|1467.0MB|16235.6MB|697|nt.2.6.2|3.701,3.701|6,12 cpus|OpenGL
frame rate: 227.1 fps|0.001d|12 avs||933|935||0x0000|0x0000|1657.9MB|1790.1MB|16235.6MB|799|nt.2.6.2|3.701,3.701|6,12 cpus|OpenGL
frame rate: 256.1 fps|0.001d|12 avs||1233|1235||0x0000|0x0000|1956.6MB|2089.5MB|16235.6MB|894|nt.2.6.2|3.701,3.701|6,12 cpus|OpenGL
frame rate: 263.6 fps|0.001d|12 avs||1533|1535||0x0000|0x0000|2297.7MB|2431.3MB|16235.6MB|1001|nt.2.6.2|3.701,3.701|6,12 cpus|OpenGL
adding timeout task
adding timeout task
:12-03-2019 00:47:27 TimeManager: Clock sync: timer
frame rate: 233.1 fps|0.001d|12 avs||1833|1835||0x0000|0x0000|2183.4MB|2760.9MB|16235.6MB|1109|nt.2.6.2|3.701,3.701|6,12 cpus|OpenGL
:12-03-2019 00:47:28 TimeManager: Clock sync roundtrip took 46.631 ms
:12-03-2019 00:47:28 TimeManager: AI time delta is -0:01 from server delta
:12-03-2019 00:47:28 ClockDelta: previous delta at 0.099 s, +/- 1.443 s.
:12-03-2019 00:47:28 ClockDelta: new delta at -0.813 s, +/- 0.023 s.
:12-03-2019 00:47:28 ClockDelta: intersection at -0.813 s, +/- 0.023 s.
:12-03-2019 00:47:28 TimeManager: Local clock uncertainty +/- 0.023 s
:12-03-2019 00:49:32 TTOffMagicWordManager: Hollybae's laff has been set to 1168.
:12-03-2019 00:50:07 TTOffMagicWordManager: Hollybae's laff has been set to 1214.
:12-03-2019 00:50:09 ToontownChatManager: QA-REGRESSION: CHAT: Speedchat
:12-03-2019 00:50:13 TTOffMagicWordManager: Restocked 999 unites successfully!
:12-03-2019 00:50:15 ToontownChatManager: QA-REGRESSION: CHAT: Speedchat
:12-03-2019 00:50:21 TTOffMagicWordManager: Hollybae's laff has been set to 1214.
frame rate: 245.6 fps|0.001d|12 avs||2133|2135||0x0000|0x0000|2396.5MB|3116.5MB|16235.6MB|1217|nt.2.6.2|3.701,3.701|6,12 cpus|OpenGL
adding timeout task
adding timeout task
frame rate: 9.8 fps|0.001d|12 avs||2434|2435||0x0000|0x0000|1547.2MB|3305.2MB|16235.6MB|1266|nt.2.6.2|3.701,3.701|6,12 cpus|OpenGL
frame rate: 9.8 fps|0.000d|12 avs||2734|2735||0x0000|0x0000|88.9MB|3316.6MB|16235.6MB|1269|nt.2.6.2|3.701,3.701|6,12 cpus|OpenGL
handling timeout
:12-03-2019 01:07:20 DistributedToon: closing shard...
:12-03-2019 01:07:20 LawbotHQBossBattle: Unloading Place (61000). Fsm in final
:12-03-2019 01:07:21 OTPClientRepository: Exiting shard
ignoring InputState-forward
:12-03-2019 01:07:21 OTPClientRepository: sending clientLogout
:12-03-2019 01:07:22 LocalAvatar(warning): redundant call to stopUpdateSmartCamera
:12-03-2019 01:10:07 ToonBase: User closed main window.
:12-03-2019 01:10:07 OTPClientRepository: Sent disconnect message to server
:12-03-2019 01:10:07 OTPClientRepository: Closing connection to server.
:12-03-2019 01:10:07 OTPClientRepository: Exiting cleanly
:12-03-2019 01:10:07 ToonBase: Exiting Toontown: errorCode = None
:12-03-2019 01:10:07 TTOffLauncher: setting panda error code to 0
:12-03-2019 01:10:07 TTOffLauncher: Normal exit.
