

Starting Toontown Online...
Current time: Mon Feb 24 12:22:33 2020 Eastern Standard Time
sys.path =  ['', 'C:\\Panda3D-1.11.0-x64\\python\\python27.zip', 'C:\\Panda3D-1.11.0-x64', 'C:\\Panda3D-1.11.0-x64\\python\\DLLs', 'C:\\Panda3D-1.11.0-x64\\python\\lib', 'C:\\Panda3D-1.11.0-x64\\python\\lib\\plat-win', 'C:\\Panda3D-1.11.0-x64\\python\\lib\\lib-tk', 'C:\\Panda3D-1.11.0-x64\\python', 'C:\\Panda3D-1.11.0-x64\\bin', 'C:\\Panda3D-1.11.0-x64\\python\\lib\\site-packages']
sys.argv =  ['D:\\hollybae\\Aly\\Toontown-School-House\\toontown\\launcher\\TTOffQuickStartLauncher.py']
generating standard configrc
os.environ =  {'TMP': 'C:\\Users\\holla\\AppData\\Local\\Temp', 'COMPUTERNAME': 'HOLLYBAES-PC', 'USERDOMAIN': 'HOLLYBAES-PC', 'INTEL_DEV_REDIST': 'C:\\Program Files (x86)\\Common Files\\Intel\\Shared Libraries\\', 'PSMODULEPATH': 'C:\\Program Files\\WindowsPowerShell\\Modules;C:\\WINDOWS\\system32\\WindowsPowerShell\\v1.0\\Modules', 'COMMONPROGRAMFILES': 'C:\\Program Files\\Common Files', 'PROCESSOR_IDENTIFIER': 'Intel64 Family 6 Model 158 Stepping 10, GenuineIntel', 'VBOX_MSI_INSTALL_PATH': 'C:\\Program Files\\Oracle\\VirtualBox\\', 'PROGRAMFILES': 'C:\\Program Files', 'PROCESSOR_REVISION': '9e0a', 'PATH': 'C:\\Panda3D-1.11.0-x64\\panda3d\\..\\bin;C:\\Program Files (x86)\\Razer\\ChromaBroadcast\\bin;C:\\Program Files\\Razer\\ChromaBroadcast\\bin;C:\\Program Files (x86)\\Common Files\\Intel\\Shared Libraries\\redist\\intel64_win\\compiler;C:\\Program Files (x86)\\Common Files\\Oracle\\Java\\javapath;C:\\Program Files (x86)\\Common Files\\Intel\\Shared Libraries\\redist\\intel64\\compiler;C:\\WINDOWS\\system32;C:\\WINDOWS;C:\\WINDOWS\\System32\\Wbem;C:\\WINDOWS\\System32\\WindowsPowerShell\\v1.0\\;C:\\WINDOWS\\System32\\OpenSSH\\;C:\\Program Files\\NVIDIA Corporation\\NVIDIA NGX;C:\\Program Files (x86)\\NVIDIA Corporation\\PhysX\\Common;C:\\Program Files\\NVIDIA Corporation\\NVIDIA NvDLISR;C:\\WINDOWS\\system32;C:\\WINDOWS;C:\\WINDOWS\\System32\\Wbem;C:\\WINDOWS\\System32\\WindowsPowerShell\\v1.0\\;C:\\WINDOWS\\System32\\OpenSSH\\;D:\\hollybae\\ffmpeg-4.1.3-win64-static\\ffmpeg-4.1.3-win64-static\\bin;C:\\Program Files\\dotnet\\;C:\\WINDOWS\\system32\\config\\systemprofile\\AppData\\Local\\Microsoft\\WindowsApps;C:\\Program Files (x86)\\QuickTime\\QTSystem\\;C:\\Users\\holla\\AppData\\Local\\Microsoft\\WindowsApps;C:\\Panda3D-1.10.4.1-x64\\python;C:\\Panda3D-1.10.4.1-x64\\python\\Scripts;C:\\Panda3D-1.10.4.1-x64\\bin;C:\\Panda3D-1.11.0-x64\\python;C:\\Panda3D-1.11.0-x64\\python\\Scripts;C:\\Panda3D-1.11.0-x64\\bin', 'SYSTEMROOT': 'C:\\WINDOWS', 'MIC_LD_LIBRARY_PATH': 'C:\\Program Files (x86)\\Common Files\\Intel\\Shared Libraries\\compiler\\lib\\intel64_win_mic', 'COMSPEC': 'C:\\WINDOWS\\system32\\cmd.exe', 'DRIVERDATA': 'C:\\Windows\\System32\\Drivers\\DriverData', 'PPYTHON_PATH': '"C:\\Panda3D-1.11.0-x64\\python\\ppython.exe"', 'TEMP': 'C:\\Users\\holla\\AppData\\Local\\Temp', 'COMMONPROGRAMFILES(X86)': 'C:\\Program Files (x86)\\Common Files', 'PROCESSOR_ARCHITECTURE': 'AMD64', 'PROGRAMFILES(X86)': 'C:\\Program Files (x86)', 'ALLUSERSPROFILE': 'C:\\ProgramData', 'LOCALAPPDATA': 'C:\\Users\\holla\\AppData\\Local', 'FPS_BROWSER_USER_PROFILE_STRING': 'Default', 'HOMEPATH': '\\Users\\holla', 'USERDOMAIN_ROAMINGPROFILE': 'HOLLYBAES-PC', 'PROGRAMW6432': 'C:\\Program Files', 'USERNAME': 'holla', 'LOGONSERVER': '\\\\HOLLYBAES-PC', 'PROMPT': '$P$G', 'SESSIONNAME': 'Console', 'PROGRAMDATA': 'C:\\ProgramData', 'ONEDRIVE': 'C:\\Users\\holla\\OneDrive - University of Guelph', 'FPS_BROWSER_APP_PROFILE_STRING': 'Internet Explorer', 'PATHEXT': '.COM;.EXE;.BAT;.CMD;.VBS;.VBE;.JS;.JSE;.WSF;.WSH;.MSC', 'TTOFF_LOGIN_TOKEN': 'dev', 'ONEDRIVECOMMERCIAL': 'C:\\Users\\holla\\OneDrive - University of Guelph', 'WINDIR': 'C:\\WINDOWS', 'APPDATA': 'C:\\Users\\holla\\AppData\\Roaming', 'HOMEDRIVE': 'C:', 'SYSTEMDRIVE': 'C:', 'NUMBER_OF_PROCESSORS': '12', 'PROCESSOR_LEVEL': '6', 'RG_GPU_FRAMEWORK_ENGINE_RESOURCEDIR': 'C:\\Program Files\\Red Giant\\RGFX', 'COMMONPROGRAMW6432': 'C:\\Program Files\\Common Files', 'OS': 'Windows_NT', 'PUBLIC': 'C:\\Users\\Public', 'USERPROFILE': 'C:\\Users\\holla'}
:02-24-2020 12:22:34 TTOffLauncher: isTestServer: 0
:02-24-2020 12:22:34 TTOffLauncher: Game Server 127.0.0.1
:02-24-2020 12:22:34 TTOffLauncher: Starting Toontown Online... 
:02-24-2020 12:22:34 TTOffLauncher: foreground: Launcher now operating in foreground
useTTOffSpecificLogin=True
:02-24-2020 12:22:34 TTOffLauncher: maybeStartGame: starting game
:02-24-2020 12:22:34 TTOffLauncher: Starting Toontown Online...
:02-24-2020 12:22:34 TTOffLauncher: background: Launcher now operating in background
ToontownStart: Polling for game2 to finish...
ToontownStart: Game2 is finished.
ToontownStart: Starting the game.
ToontownStart: setting default font
:02-24-2020 12:22:34 TTOffLauncher: setting panda error code to 7
Known pipe types:
  wglGraphicsPipe
(all display modules loaded.)
:02-24-2020 12:22:34 ToonBase: Default graphics pipe is wglGraphicsPipe (OpenGL).
:02-24-2020 12:22:34 ToonBase: Successfully opened window of type wglGraphicsWindow (OpenGL)
:02-24-2020 12:22:34 ShowBase: __dev__ == False
:02-24-2020 12:22:34 TTOffLauncher: setting panda error code to 11
:02-24-2020 12:22:34 TTOffLauncher: setting panda error code to 0
ToontownStart: Loading default gui sounds
ToontownStart: serverVersion:  tto-dev
:02-24-2020 12:22:34 Loader: starting bulk load of block 'init'
:02-24-2020 12:22:35 :nativenet(error): Buffered_DatagramConnection Constructor rbufsize = 4096000 wbufsize = 4096000 write_flush_point = 1400
:02-24-2020 12:22:35 OTPClientRepository: Using connect method 'http'
:02-24-2020 12:22:35 TTOffLauncher: getRegistry ('DEPLOYMENT', None)
:02-24-2020 12:22:35 TTOffLauncher: checking env
:02-24-2020 12:22:35 TTOffLauncher: getRegistry ('GAME_DEPLOYMENT', None)
:02-24-2020 12:22:35 TTOffLauncher: checking env
:02-24-2020 12:22:35 OTPClientRepository: reg_deployment=
:02-24-2020 12:22:35 OTPClientRepository: required-login auto.
:02-24-2020 12:22:35 OTPClientRepository: loginInterface: LoginTTOffAccount
:02-24-2020 12:22:35 TTOffLauncher: getNeedPwForSecretKey using ttoff-specific-login
:02-24-2020 12:22:35 Loader: At end of block 'init', expected 138, loaded 4, duration=0.989917
:02-24-2020 12:22:35 OTPClientRepository: Connecting to gameserver directly (no proxy).
:02-24-2020 12:22:35 OTPClientRepository: Connecting to //127.0.0.1:7198 via HTTP interface.
:02-24-2020 12:22:35 TTOffLauncher: Stopping mini task manager.
:02-24-2020 12:22:35 OTPClientRepository: Successfully connected to //127.0.0.1:7198.
:02-24-2020 12:22:35 TTOffLauncher: Setting Disconnect Details normal
{401000001: <toontown.distributed.ToontownDistrict.ToontownDistrict instance at 0x000000001DD16788>}
:02-24-2020 12:22:36 StateData: AvatarChooser.enter
:02-24-2020 12:22:36 DisplayOptions: settingsFullScreen = False, embedded = False width=800 height=600
:02-24-2020 12:22:36 StateData: calling self.displayOptions.restrictToEmbedded(False)
:02-24-2020 12:22:37 OTPClientRepository: ================
:02-24-2020 12:22:37 OTPClientRepository: Chose avatar id: 100000014
:02-24-2020 12:22:37 OTPClientRepository: Chose avatar name: Hollybae
:02-24-2020 12:22:37 OTPClientRepository: Chose avatar dna: ('css', 'ms', 'm', 'm', 16, 0, 16, 16, 113, 27, 18, 27, 7, 21)
:02-24-2020 12:22:37 OTPClientRepository: Chose avatar position: 5
:02-24-2020 12:22:37 OTPClientRepository: isPaid: 1
:02-24-2020 12:22:37 OTPClientRepository: freeTimeLeft: 0
:02-24-2020 12:22:37 OTPClientRepository: allowSecretChat: True
:02-24-2020 12:22:37 OTPClientRepository: ================
:02-24-2020 12:22:38 Loader: starting bulk load of block 'localAvatarPlayGame'
:02-24-2020 12:22:38 ToontownTimeManager(warning): error parsing date string=
local
:02-24-2020 12:22:38 NewsPageButtonManager(warning): Should not get here. NewsPageButtonManager.exitOff
:02-24-2020 12:22:38 :pnmimage:png(warning): iCCP: known incorrect sRGB profile
:02-24-2020 12:22:39 OTPClientRepository: Entering shard 401000001
:02-24-2020 12:22:39 StreetSign: Street sign url is https://ttoffline.com/images/
:02-24-2020 12:22:40 StreetSign: Street Sign is up to date
:02-24-2020 12:22:40 TimeManager: Clock sync: TimeManager.announceGenerate
:02-24-2020 12:22:40 NewsManager: setHolidayId: Starting Holiday 14
:02-24-2020 12:22:40 InGameNewsMgr: latestIssue=2013-08-22 16:49:46.000003-07:00
cpu info: GenuineIntel|Intel(R) Core(TM) i7-8700K CPU @ 3.70GHz|591594|0|3.701,3.701|6,12 cpus
:02-24-2020 12:22:41 OTPClientRepository: No sync from TimeManager.
:02-24-2020 12:22:41 OTPClientRepository: gotTimeSync
:02-24-2020 12:22:41 Loader: At end of block 'localAvatarPlayGame', expected 400, loaded 8, duration=3.9024511
:02-24-2020 12:22:41 TimeManager: Clock sync roundtrip took 1062.451 ms
:02-24-2020 12:22:41 TimeManager: AI time delta is -0:01 from server delta
:02-24-2020 12:22:41 TimeManager: Local clock uncertainty +/- 0.531 s
:02-24-2020 12:22:41 PlayGame: QA-REGRESSION: NEIGHBORHOODS: Visit Lawbot HQ
:02-24-2020 12:22:41 Loader: starting bulk load of block 'hood'
:02-24-2020 12:22:42 LawbotCogHQLoader: loadPlaceGeom: 13000
:02-24-2020 12:22:42 DistributedObject: DistributedSuitPlanner 401002972: generating
:02-24-2020 12:22:42 DistributedToon: calling LocalAvatar.startchat
:02-24-2020 12:22:42 :loader(error): Couldn't load file phase_4/models/questmap/cog_hq_lawbot_maps.bam: not found on model path (currently: "/;/d/hollybae/Aly/Toontown-School-House/toontown/launcher;/c/Panda3D-1.11.0-x64/etc/..;/c/Panda3D-1.11.0-x64/etc/../models")
:02-24-2020 12:22:42 Loader: At end of block 'hood', expected 2, loaded 3, duration=0.7643433
:02-24-2020 12:22:44 Teleport(debug): teleportInDone: walk
:02-24-2020 12:22:44 :loader(error): Couldn't load file phase_4/models/questmap/cog_hq_lawbot_maps.bam: not found on model path (currently: "/;/d/hollybae/Aly/Toontown-School-House/toontown/launcher;/c/Panda3D-1.11.0-x64/etc/..;/c/Panda3D-1.11.0-x64/etc/../models")
:02-24-2020 12:22:46 TTOffMagicWordManager: Run mode has been toggled.
:02-24-2020 12:22:52 LawbotCogHQLoader: loadPlaceGeom: 13100
:02-24-2020 12:22:52 LawbotCogHQLoader: QA-REGRESSION: COGHQ: Visit LawbotLobby
:02-24-2020 12:22:53 LawbotHQExterior: Unloading Place (13000). Fsm in final
:02-24-2020 12:22:53 DistributedObject: DistributedSuitPlanner 401002972: disabling
:02-24-2020 12:22:53 DistributedToon: calling LocalAvatar.startchat
:02-24-2020 12:22:53 :loader(error): Couldn't load file phase_4/models/questmap/cog_hq_lawbot_maps.bam: not found on model path (currently: "/;/d/hollybae/Aly/Toontown-School-House/toontown/launcher;/c/Panda3D-1.11.0-x64/etc/..;/c/Panda3D-1.11.0-x64/etc/../models")
:02-24-2020 12:22:54 :loader(error): Couldn't load file phase_4/models/questmap/cog_hq_lawbot_maps.bam: not found on model path (currently: "/;/d/hollybae/Aly/Toontown-School-House/toontown/launcher;/c/Panda3D-1.11.0-x64/etc/..;/c/Panda3D-1.11.0-x64/etc/../models")
:02-24-2020 12:23:06 TTOffMagicWordManager: Run mode has been toggled.
:02-24-2020 12:23:08 TTOffMagicWordManager: Gave Hollybae an infinite amount of pies
:02-24-2020 12:23:10 TTOffMagicWordManager: Abracadabra!
:02-24-2020 12:23:12 TTOffMagicWordManager: You aren't in a CJ!
:02-24-2020 12:23:14 LawbotCogHQLoader: loadPlaceGeom: 61000
:02-24-2020 12:23:14 LawbotCogHQLoader(warning): loadPlaceGeom: unclassified zone 61000
:02-24-2020 12:23:14 CogHQLobby: Unloading Place (13100). Fsm in final
:02-24-2020 12:23:15 DistributedLawbotBoss(warning): Not a collision node: LawbotCourtroom3.egg/-PandaNode/CR3/interior/CR3_Floor
:02-24-2020 12:23:15 DistributedToon: calling LocalAvatar.startchat
:02-24-2020 12:23:15 OTPClientRepository: Sending heartbeat mid-frame.
:02-24-2020 12:23:15 LawbotHQBossBattle(warning): fsm.request('movie') returned 0 (zone id 61000, avatar pos LPoint3f(-0.363562, -126.204, 0.193903)).
:02-24-2020 12:23:25 TTOffMagicWordManager: Restarting Scale Round
:02-24-2020 12:23:39 LawbotHQBossBattle(warning): fsm.request('finalBattle') returned 0 (zone id 61000, avatar pos LPoint3f(-2.91485, -4.97603, -0.000154601)).
:02-24-2020 12:23:39 TTOffMagicWordManager: Restarting Scale Round
:02-24-2020 12:23:45 TTOffMagicWordManager: Uh-oh! This Magic Word doesn't exist!
:02-24-2020 12:23:47 LawbotHQBossBattle(warning): fsm.request('finalBattle') returned 0 (zone id 61000, avatar pos LPoint3f(-56.6216, 20.4616, 0)).
:02-24-2020 12:23:47 TTOffMagicWordManager: Restarting Scale Round
:02-24-2020 12:27:34 GarbageCollect(warning): garbage found, reverting gc threshold
frame rate: 229.4 fps|0.001d|13 avs||305|305||0x0000|0x0000|983.6MB|1173.3MB|16235.6MB|571|nt.2.6.2|3.701,3.701|6,12 cpus|OpenGL
:02-24-2020 12:29:12 :linmath(warning): Tried to invert singular LMatrix3.
frame rate: 236.5 fps|0.001d|13 avs||605|605||0x0000|0x0000|1335.7MB|1528.2MB|16235.6MB|680|nt.2.6.2|3.701,3.701|6,12 cpus|OpenGL
frame rate: 293.3 fps|0.000d|13 avs||905|905||0x0000|0x0000|1684.5MB|1877.7MB|16235.6MB|788|nt.2.6.2|3.701,3.701|6,12 cpus|OpenGL
frame rate: 234.2 fps|0.001d|13 avs||1205|1205||0x0000|0x0000|2036.5MB|2230.6MB|16235.6MB|896|nt.2.6.2|3.701,3.701|6,12 cpus|OpenGL
:02-24-2020 12:45:36 OTPClientRepository: Sending heartbeat mid-frame.
:02-24-2020 12:46:36 OTPClientRepository: Sending heartbeat mid-frame.
frame rate: 231.8 fps|0.001d|13 avs||1505|1505||0x0000|0x0000|2363.7MB|2558.3MB|16235.6MB|1017|nt.2.6.2|3.701,3.701|6,12 cpus|OpenGL
:02-24-2020 12:50:50 ToonBase: User closed main window.
:02-24-2020 12:50:50 TimeManager: Client disconnect reason 2.
:02-24-2020 12:50:50 LawbotHQBossBattle: Unloading Place (61000). Fsm in final
:02-24-2020 12:50:50 OTPClientRepository(warning): unclean exit, abandoning shard
ignoring InputState-forward
:02-24-2020 12:50:50 OTPClientRepository: sending clientLogout
:02-24-2020 12:50:50 LocalAvatar(warning): redundant call to stopUpdateSmartCamera
:02-24-2020 12:50:50 OTPClientRepository: Sent disconnect message to server
:02-24-2020 12:50:50 OTPClientRepository: Closing connection to server.
:02-24-2020 12:50:50 OTPClientRepository: Exiting cleanly
:02-24-2020 12:50:50 ToonBase: Exiting Toontown: errorCode = None
:02-24-2020 12:50:50 TTOffLauncher: setting panda error code to 0
:02-24-2020 12:50:50 TTOffLauncher: Normal exit.
