

Starting Toontown Online...
Current time: Wed Oct 21 15:35:37 2020 Eastern Standard Time
sys.path =  ['', 'C:\\Panda3D-1.11.0-x64\\python\\python27.zip', 'C:\\Panda3D-1.11.0-x64', 'C:\\Panda3D-1.11.0-x64\\python\\DLLs', 'C:\\Panda3D-1.11.0-x64\\python\\lib', 'C:\\Panda3D-1.11.0-x64\\python\\lib\\plat-win', 'C:\\Panda3D-1.11.0-x64\\python\\lib\\lib-tk', 'C:\\Panda3D-1.11.0-x64\\python', 'C:\\Panda3D-1.11.0-x64\\bin', 'C:\\Panda3D-1.11.0-x64\\python\\lib\\site-packages']
sys.argv =  ['D:\\hollybae\\Aly\\Toontown-School-House\\toontown\\launcher\\TTOffQuickStartLauncher.py']
generating standard configrc
os.environ =  {'TMP': 'C:\\Users\\holla\\AppData\\Local\\Temp', 'ONEDRIVECONSUMER': 'C:\\Users\\holla\\OneDrive', 'COMPUTERNAME': 'HOLLYBAES-PC', 'USERDOMAIN': 'HOLLYBAES-PC', 'INTEL_DEV_REDIST': 'C:\\Program Files (x86)\\Common Files\\Intel\\Shared Libraries\\', 'PSMODULEPATH': 'C:\\Program Files\\WindowsPowerShell\\Modules;C:\\WINDOWS\\system32\\WindowsPowerShell\\v1.0\\Modules', 'COMMONPROGRAMFILES': 'C:\\Program Files\\Common Files', 'PROCESSOR_IDENTIFIER': 'Intel64 Family 6 Model 158 Stepping 10, GenuineIntel', 'PROGRAMFILES': 'C:\\Program Files', 'PROCESSOR_REVISION': '9e0a', 'PATH': 'C:\\Panda3D-1.11.0-x64\\panda3d\\..\\bin;C:\\Program Files (x86)\\Razer\\ChromaBroadcast\\bin;C:\\Program Files\\Razer\\ChromaBroadcast\\bin;C:\\Program Files (x86)\\Common Files\\Intel\\Shared Libraries\\redist\\intel64\\compiler;C:\\Program Files (x86)\\Common Files\\Oracle\\Java\\javapath;C:\\WINDOWS\\system32;C:\\WINDOWS;C:\\WINDOWS\\System32\\Wbem;C:\\WINDOWS\\System32\\WindowsPowerShell\\v1.0\\;C:\\WINDOWS\\System32\\OpenSSH\\;C:\\Program Files (x86)\\NVIDIA Corporation\\PhysX\\Common;C:\\Program Files\\NVIDIA Corporation\\NVIDIA NvDLISR;C:\\WINDOWS\\system32\\config\\systemprofile\\AppData\\Local\\Microsoft\\WindowsApps;C:\\Users\\holla\\AppData\\Local\\Microsoft\\WindowsApps;C:\\Panda3D-1.11.0-x64\\python;C:\\Panda3D-1.11.0-x64\\python\\Scripts;C:\\Panda3D-1.11.0-x64\\bin', 'SYSTEMROOT': 'C:\\WINDOWS', 'MIC_LD_LIBRARY_PATH': 'C:\\Program Files (x86)\\Common Files\\Intel\\Shared Libraries\\compiler\\lib\\mic', 'COMSPEC': 'C:\\WINDOWS\\system32\\cmd.exe', 'DRIVERDATA': 'C:\\Windows\\System32\\Drivers\\DriverData', 'PPYTHON_PATH': '"C:\\Panda3D-1.11.0-x64\\python\\ppython.exe"', 'TEMP': 'C:\\Users\\holla\\AppData\\Local\\Temp', 'COMMONPROGRAMFILES(X86)': 'C:\\Program Files (x86)\\Common Files', 'PROCESSOR_ARCHITECTURE': 'AMD64', 'PROGRAMFILES(X86)': 'C:\\Program Files (x86)', 'ALLUSERSPROFILE': 'C:\\ProgramData', 'LOCALAPPDATA': 'C:\\Users\\holla\\AppData\\Local', 'FPS_BROWSER_USER_PROFILE_STRING': 'Default', 'HOMEPATH': '\\Users\\holla', 'USERDOMAIN_ROAMINGPROFILE': 'HOLLYBAES-PC', 'PROGRAMW6432': 'C:\\Program Files', 'USERNAME': 'holla', 'LOGONSERVER': '\\\\HOLLYBAES-PC', 'PROMPT': '$P$G', 'SESSIONNAME': 'Console', 'PROGRAMDATA': 'C:\\ProgramData', 'ONEDRIVE': 'C:\\Users\\holla\\OneDrive', 'FPS_BROWSER_APP_PROFILE_STRING': 'Internet Explorer', 'PATHEXT': '.COM;.EXE;.BAT;.CMD;.VBS;.VBE;.JS;.JSE;.WSF;.WSH;.MSC', 'TTOFF_LOGIN_TOKEN': 'dev', 'WINDIR': 'C:\\WINDOWS', 'APPDATA': 'C:\\Users\\holla\\AppData\\Roaming', 'HOMEDRIVE': 'C:', 'SYSTEMDRIVE': 'C:', 'NUMBER_OF_PROCESSORS': '12', 'PROCESSOR_LEVEL': '6', 'RG_GPU_FRAMEWORK_ENGINE_RESOURCEDIR': 'C:\\Program Files\\Red Giant\\RGFX', 'COMMONPROGRAMW6432': 'C:\\Program Files\\Common Files', 'OS': 'Windows_NT', 'PUBLIC': 'C:\\Users\\Public', 'USERPROFILE': 'C:\\Users\\holla'}
:10-21-2020 15:35:37 TTOffLauncher: isTestServer: 0
:10-21-2020 15:35:37 TTOffLauncher: Game Server 127.0.0.1
:10-21-2020 15:35:37 TTOffLauncher: Starting Toontown Online... 
:10-21-2020 15:35:37 TTOffLauncher: foreground: Launcher now operating in foreground
useTTOffSpecificLogin=True
:10-21-2020 15:35:37 TTOffLauncher: maybeStartGame: starting game
:10-21-2020 15:35:37 TTOffLauncher: Starting Toontown Online...
:10-21-2020 15:35:37 TTOffLauncher: background: Launcher now operating in background
ToontownStart: Polling for game2 to finish...
ToontownStart: Game2 is finished.
ToontownStart: Starting the game.
ToontownStart: setting default font
:10-21-2020 15:35:37 TTOffLauncher: setting panda error code to 7
Known pipe types:
  wglGraphicsPipe
(all display modules loaded.)
:10-21-2020 15:35:37 ToonBase: Default graphics pipe is wglGraphicsPipe (OpenGL).
:10-21-2020 15:35:38 ToonBase: Successfully opened window of type wglGraphicsWindow (OpenGL)
:10-21-2020 15:35:38 ShowBase: __dev__ == False
:10-21-2020 15:35:38 TTOffLauncher: setting panda error code to 11
:10-21-2020 15:35:38 TTOffLauncher: setting panda error code to 0
ToontownStart: Loading default gui sounds
ToontownStart: serverVersion:  tto-dev
:10-21-2020 15:35:38 Loader: starting bulk load of block 'init'
:10-21-2020 15:35:40 :nativenet(error): Buffered_DatagramConnection Constructor rbufsize = 4096000 wbufsize = 4096000 write_flush_point = 1400
:10-21-2020 15:35:40 OTPClientRepository: Using connect method 'http'
:10-21-2020 15:35:41 TTOffLauncher: getRegistry ('DEPLOYMENT', None)
:10-21-2020 15:35:41 TTOffLauncher: checking env
:10-21-2020 15:35:41 TTOffLauncher: getRegistry ('GAME_DEPLOYMENT', None)
:10-21-2020 15:35:41 TTOffLauncher: checking env
:10-21-2020 15:35:41 OTPClientRepository: reg_deployment=
:10-21-2020 15:35:41 OTPClientRepository: required-login auto.
:10-21-2020 15:35:41 OTPClientRepository: loginInterface: LoginTTOffAccount
:10-21-2020 15:35:41 TTOffLauncher: getNeedPwForSecretKey using ttoff-specific-login
:10-21-2020 15:35:41 Loader: At end of block 'init', expected 138, loaded 10, duration=3.334737
:10-21-2020 15:35:41 OTPClientRepository: Connecting to gameserver directly (no proxy).
:10-21-2020 15:35:41 OTPClientRepository: Connecting to //127.0.0.1:7198 via HTTP interface.
:10-21-2020 15:35:41 TTOffLauncher: Stopping mini task manager.
:10-21-2020 15:35:41 OTPClientRepository: Successfully connected to //127.0.0.1:7198.
:10-21-2020 15:35:41 TTOffLauncher: Setting Disconnect Details normal
{401000001: <toontown.distributed.ToontownDistrict.ToontownDistrict instance at 0x000000001A9DDA08>}
:10-21-2020 15:35:43 StateData: AvatarChooser.enter
:10-21-2020 15:35:43 DisplayOptions: settingsFullScreen = False, embedded = False width=800 height=600
:10-21-2020 15:35:43 StateData: calling self.displayOptions.restrictToEmbedded(False)
:10-21-2020 15:35:47 OTPClientRepository: ================
:10-21-2020 15:35:47 OTPClientRepository: Chose avatar id: 100000046
:10-21-2020 15:35:47 OTPClientRepository: Chose avatar name: Aeterna
:10-21-2020 15:35:47 OTPClientRepository: Chose avatar dna: ('css', 'md', 'm', 'f', 77, 0, 0, 77, 3, 27, 3, 27, 63, 27)
:10-21-2020 15:35:47 OTPClientRepository: Chose avatar position: 1
:10-21-2020 15:35:47 OTPClientRepository: isPaid: 1
:10-21-2020 15:35:47 OTPClientRepository: freeTimeLeft: 0
:10-21-2020 15:35:47 OTPClientRepository: allowSecretChat: True
:10-21-2020 15:35:47 OTPClientRepository: ================
:10-21-2020 15:35:47 Loader: starting bulk load of block 'localAvatarPlayGame'
:10-21-2020 15:35:47 ToontownTimeManager(warning): error parsing date string=
local
:10-21-2020 15:35:48 NewsPageButtonManager(warning): Should not get here. NewsPageButtonManager.exitOff
:10-21-2020 15:35:48 :pnmimage:png(warning): iCCP: known incorrect sRGB profile
:10-21-2020 15:35:51 OTPClientRepository: Entering shard 401000001
:10-21-2020 15:35:51 StreetSign: Street sign url is https://ttoffline.com/images/
:10-21-2020 15:35:52 StreetSign: Street Sign is up to date
:10-21-2020 15:35:52 OTPClientRepository: Sending heartbeat mid-frame.
:10-21-2020 15:35:52 TimeManager: Clock sync: TimeManager.announceGenerate
:10-21-2020 15:35:52 NewsManager: setHolidayId: Starting Holiday 7
:10-21-2020 15:35:52 InGameNewsMgr: latestIssue=2013-08-22 16:49:46.000003-07:00
cpu info: GenuineIntel|Intel(R) Core(TM) i7-8700K CPU @ 3.70GHz|591594|0|3.696,3.696|6,12 cpus
:10-21-2020 15:35:53 OTPClientRepository: No sync from TimeManager.
:10-21-2020 15:35:53 OTPClientRepository: gotTimeSync
:10-21-2020 15:35:53 Loader: At end of block 'localAvatarPlayGame', expected 400, loaded 19, duration=6.3125466
:10-21-2020 15:35:53 TimeManager: Clock sync roundtrip took 1293.150 ms
:10-21-2020 15:35:53 TimeManager: AI time delta is -0:01 from server delta
:10-21-2020 15:35:53 TimeManager: Local clock uncertainty +/- 0.647 s
:10-21-2020 15:35:53 PlayGame: QA-REGRESSION: NEIGHBORHOODS: Visit Lawbot HQ
:10-21-2020 15:35:53 Loader: starting bulk load of block 'hood'
:10-21-2020 15:35:54 LawbotCogHQLoader: loadPlaceGeom: 13000
:10-21-2020 15:35:55 DistributedObject: DistributedSuitPlanner 401002972: generating
:10-21-2020 15:35:55 DistributedToon: calling LocalAvatar.startchat
:10-21-2020 15:35:55 :loader(error): Couldn't load file phase_4/models/questmap/cog_hq_lawbot_maps.bam: not found on model path (currently: "/;/d/hollybae/Aly/Toontown-School-House/toontown/launcher;/c/Panda3D-1.11.0-x64/etc/..;/c/Panda3D-1.11.0-x64/etc/../models")
:10-21-2020 15:35:55 Loader: At end of block 'hood', expected 2, loaded 9, duration=2.0227171
:10-21-2020 15:35:57 Teleport(debug): teleportInDone: walk
:10-21-2020 15:35:57 :loader(error): Couldn't load file phase_4/models/questmap/cog_hq_lawbot_maps.bam: not found on model path (currently: "/;/d/hollybae/Aly/Toontown-School-House/toontown/launcher;/c/Panda3D-1.11.0-x64/etc/..;/c/Panda3D-1.11.0-x64/etc/../models")
:10-21-2020 15:36:01 TTOffMagicWordManager: God mode enabled for Aeterna!
:10-21-2020 15:36:06 LawbotCogHQLoader: loadPlaceGeom: 13100
:10-21-2020 15:36:06 LawbotCogHQLoader: QA-REGRESSION: COGHQ: Visit LawbotLobby
:10-21-2020 15:36:06 LawbotHQExterior: Unloading Place (13000). Fsm in final
:10-21-2020 15:36:06 DistributedObject: DistributedSuitPlanner 401002972: disabling
:10-21-2020 15:36:06 DistributedToon: calling LocalAvatar.startchat
:10-21-2020 15:36:06 :loader(error): Couldn't load file phase_4/models/questmap/cog_hq_lawbot_maps.bam: not found on model path (currently: "/;/d/hollybae/Aly/Toontown-School-House/toontown/launcher;/c/Panda3D-1.11.0-x64/etc/..;/c/Panda3D-1.11.0-x64/etc/../models")
:10-21-2020 15:36:08 :loader(error): Couldn't load file phase_4/models/questmap/cog_hq_lawbot_maps.bam: not found on model path (currently: "/;/d/hollybae/Aly/Toontown-School-House/toontown/launcher;/c/Panda3D-1.11.0-x64/etc/..;/c/Panda3D-1.11.0-x64/etc/../models")
:10-21-2020 15:36:16 TTOffMagicWordManager: Run mode has been toggled.
:10-21-2020 15:36:20 TTOffMagicWordManager: Gave Aeterna an infinite amount of pies
:10-21-2020 15:36:20 LawbotCogHQLoader: loadPlaceGeom: 61000
:10-21-2020 15:36:20 LawbotCogHQLoader(warning): loadPlaceGeom: unclassified zone 61000
:10-21-2020 15:36:20 CogHQLobby: Unloading Place (13100). Fsm in final
:10-21-2020 15:36:21 DistributedLawbotBoss(warning): Not a collision node: LawbotCourtroom3.egg/-PandaNode/CR3/interior/CR3_Floor
:10-21-2020 15:36:21 DistributedToon: calling LocalAvatar.startchat
:10-21-2020 15:36:21 OTPClientRepository: Sending heartbeat mid-frame.
:10-21-2020 15:36:21 LawbotHQBossBattle(warning): fsm.request('movie') returned 0 (zone id 61000, avatar pos LPoint3f(-0.363562, -126.204, 0.193903)).
:10-21-2020 15:36:23 TTOffMagicWordManager: This Magic Word doesn't exist! Did you mean cannons?
:10-21-2020 15:36:25 LawbotHQBossBattle(warning): fsm.request('finalBattle') returned 0 (zone id 61000, avatar pos LPoint3f(-3, 0, 0)).
:10-21-2020 15:36:25 TTOffMagicWordManager: Entering Cannon Round
:10-21-2020 15:36:25 LawbotHQBossBattle(warning): fsm.request('finalBattle') returned 0 (zone id 61000, avatar pos LPoint3f(-2.798, 58, -0.000314713)).
:10-21-2020 15:36:25 TTOffMagicWordManager: Restarting Scale Round
:10-21-2020 15:36:42 TTOffMagicWordManager: Going ghost!
:10-21-2020 15:36:49 TTOffMagicWordManager: Voila!
:10-21-2020 15:37:17 TTOffMagicWordManager: -2 0 7 0 20 0 is set as the starting point!
:10-21-2020 15:37:24 TTOffMagicWordManager: Point -2 49 42 0 -20 0 with a duration of 5 was added!
:10-21-2020 15:37:26 TTOffMagicWordManager: Voila!
:10-21-2020 15:37:40 TTOffMagicWordManager: Voila!
:10-21-2020 15:37:47 TTOffMagicWordManager: Abracadabra!
:10-21-2020 15:37:56 ToonBase: User closed main window.
:10-21-2020 15:37:56 TimeManager: Client disconnect reason 2.
:10-21-2020 15:37:56 LawbotHQBossBattle: Unloading Place (61000). Fsm in final
:10-21-2020 15:37:56 OTPClientRepository(warning): unclean exit, abandoning shard
ignoring InputState-forward
:10-21-2020 15:37:56 OTPClientRepository: sending clientLogout
:10-21-2020 15:37:56 LocalAvatar(warning): redundant call to stopUpdateSmartCamera
:10-21-2020 15:37:56 OTPClientRepository: Sent disconnect message to server
:10-21-2020 15:37:56 OTPClientRepository: Closing connection to server.
:10-21-2020 15:37:56 OTPClientRepository: Exiting cleanly
:10-21-2020 15:37:56 ToonBase: Exiting Toontown: errorCode = None
:10-21-2020 15:37:56 TTOffLauncher: setting panda error code to 0
:10-21-2020 15:37:56 TTOffLauncher: Normal exit.
