

Starting Toontown Online...
Current time: Wed Mar  4 04:31:52 2020 Eastern Standard Time
sys.path =  ['', 'C:\\Panda3D-1.11.0-x64\\python\\python27.zip', 'C:\\Panda3D-1.11.0-x64', 'C:\\Panda3D-1.11.0-x64\\python\\DLLs', 'C:\\Panda3D-1.11.0-x64\\python\\lib', 'C:\\Panda3D-1.11.0-x64\\python\\lib\\plat-win', 'C:\\Panda3D-1.11.0-x64\\python\\lib\\lib-tk', 'C:\\Panda3D-1.11.0-x64\\python', 'C:\\Panda3D-1.11.0-x64\\bin', 'C:\\Panda3D-1.11.0-x64\\python\\lib\\site-packages']
sys.argv =  ['D:\\hollybae\\Aly\\Toontown-School-House\\toontown\\launcher\\TTOffQuickStartLauncher.py']
generating standard configrc
os.environ =  {'TMP': 'C:\\Users\\holla\\AppData\\Local\\Temp', 'COMPUTERNAME': 'HOLLYBAES-PC', 'USERDOMAIN': 'HOLLYBAES-PC', 'INTEL_DEV_REDIST': 'C:\\Program Files (x86)\\Common Files\\Intel\\Shared Libraries\\', 'PSMODULEPATH': 'C:\\Program Files\\WindowsPowerShell\\Modules;C:\\WINDOWS\\system32\\WindowsPowerShell\\v1.0\\Modules', 'COMMONPROGRAMFILES': 'C:\\Program Files\\Common Files', 'PROCESSOR_IDENTIFIER': 'Intel64 Family 6 Model 158 Stepping 10, GenuineIntel', 'VBOX_MSI_INSTALL_PATH': 'C:\\Program Files\\Oracle\\VirtualBox\\', 'PROGRAMFILES': 'C:\\Program Files', 'PROCESSOR_REVISION': '9e0a', 'PATH': 'C:\\Panda3D-1.11.0-x64\\panda3d\\..\\bin;C:\\Program Files (x86)\\Razer\\ChromaBroadcast\\bin;C:\\Program Files\\Razer\\ChromaBroadcast\\bin;C:\\Program Files (x86)\\Common Files\\Intel\\Shared Libraries\\redist\\intel64_win\\compiler;C:\\Program Files (x86)\\Common Files\\Oracle\\Java\\javapath;C:\\Program Files (x86)\\Common Files\\Intel\\Shared Libraries\\redist\\intel64\\compiler;C:\\WINDOWS\\system32;C:\\WINDOWS;C:\\WINDOWS\\System32\\Wbem;C:\\WINDOWS\\System32\\WindowsPowerShell\\v1.0\\;C:\\WINDOWS\\System32\\OpenSSH\\;C:\\Program Files\\NVIDIA Corporation\\NVIDIA NGX;C:\\Program Files (x86)\\NVIDIA Corporation\\PhysX\\Common;C:\\Program Files\\NVIDIA Corporation\\NVIDIA NvDLISR;C:\\WINDOWS\\system32;C:\\WINDOWS;C:\\WINDOWS\\System32\\Wbem;C:\\WINDOWS\\System32\\WindowsPowerShell\\v1.0\\;C:\\WINDOWS\\System32\\OpenSSH\\;D:\\hollybae\\ffmpeg-4.1.3-win64-static\\ffmpeg-4.1.3-win64-static\\bin;C:\\Program Files\\dotnet\\;C:\\WINDOWS\\system32\\config\\systemprofile\\AppData\\Local\\Microsoft\\WindowsApps;C:\\Program Files (x86)\\QuickTime\\QTSystem\\;C:\\Users\\holla\\AppData\\Local\\Microsoft\\WindowsApps;C:\\Panda3D-1.10.4.1-x64\\python;C:\\Panda3D-1.10.4.1-x64\\python\\Scripts;C:\\Panda3D-1.10.4.1-x64\\bin;C:\\Panda3D-1.11.0-x64\\python;C:\\Panda3D-1.11.0-x64\\python\\Scripts;C:\\Panda3D-1.11.0-x64\\bin', 'SYSTEMROOT': 'C:\\WINDOWS', 'MIC_LD_LIBRARY_PATH': 'C:\\Program Files (x86)\\Common Files\\Intel\\Shared Libraries\\compiler\\lib\\intel64_win_mic', 'COMSPEC': 'C:\\WINDOWS\\system32\\cmd.exe', 'DRIVERDATA': 'C:\\Windows\\System32\\Drivers\\DriverData', 'PPYTHON_PATH': '"C:\\Panda3D-1.11.0-x64\\python\\ppython.exe"', 'TEMP': 'C:\\Users\\holla\\AppData\\Local\\Temp', 'COMMONPROGRAMFILES(X86)': 'C:\\Program Files (x86)\\Common Files', 'PROCESSOR_ARCHITECTURE': 'AMD64', 'PROGRAMFILES(X86)': 'C:\\Program Files (x86)', 'ALLUSERSPROFILE': 'C:\\ProgramData', 'LOCALAPPDATA': 'C:\\Users\\holla\\AppData\\Local', 'FPS_BROWSER_USER_PROFILE_STRING': 'Default', 'HOMEPATH': '\\Users\\holla', 'USERDOMAIN_ROAMINGPROFILE': 'HOLLYBAES-PC', 'PROGRAMW6432': 'C:\\Program Files', 'USERNAME': 'holla', 'LOGONSERVER': '\\\\HOLLYBAES-PC', 'PROMPT': '$P$G', 'SESSIONNAME': 'Console', 'PROGRAMDATA': 'C:\\ProgramData', 'ONEDRIVE': 'C:\\Users\\holla\\OneDrive - University of Guelph', 'FPS_BROWSER_APP_PROFILE_STRING': 'Internet Explorer', 'PATHEXT': '.COM;.EXE;.BAT;.CMD;.VBS;.VBE;.JS;.JSE;.WSF;.WSH;.MSC', 'TTOFF_LOGIN_TOKEN': 'dev', 'ONEDRIVECOMMERCIAL': 'C:\\Users\\holla\\OneDrive - University of Guelph', 'WINDIR': 'C:\\WINDOWS', 'APPDATA': 'C:\\Users\\holla\\AppData\\Roaming', 'HOMEDRIVE': 'C:', 'SYSTEMDRIVE': 'C:', 'NUMBER_OF_PROCESSORS': '12', 'PROCESSOR_LEVEL': '6', 'RG_GPU_FRAMEWORK_ENGINE_RESOURCEDIR': 'C:\\Program Files\\Red Giant\\RGFX', 'COMMONPROGRAMW6432': 'C:\\Program Files\\Common Files', 'OS': 'Windows_NT', 'PUBLIC': 'C:\\Users\\Public', 'USERPROFILE': 'C:\\Users\\holla'}
:03-04-2020 04:31:52 TTOffLauncher: isTestServer: 0
:03-04-2020 04:31:52 TTOffLauncher: Game Server 127.0.0.1
:03-04-2020 04:31:52 TTOffLauncher: Starting Toontown Online... 
:03-04-2020 04:31:52 TTOffLauncher: foreground: Launcher now operating in foreground
useTTOffSpecificLogin=True
:03-04-2020 04:31:52 TTOffLauncher: maybeStartGame: starting game
:03-04-2020 04:31:52 TTOffLauncher: Starting Toontown Online...
:03-04-2020 04:31:52 TTOffLauncher: background: Launcher now operating in background
ToontownStart: Polling for game2 to finish...
ToontownStart: Game2 is finished.
ToontownStart: Starting the game.
ToontownStart: setting default font
:03-04-2020 04:31:53 TTOffLauncher: setting panda error code to 7
Known pipe types:
  wglGraphicsPipe
(all display modules loaded.)
:03-04-2020 04:31:53 ToonBase: Default graphics pipe is wglGraphicsPipe (OpenGL).
:03-04-2020 04:31:53 :display:windisplay(warning): SetForegroundWindow() failed!
:03-04-2020 04:31:53 ToonBase: Successfully opened window of type wglGraphicsWindow (OpenGL)
:03-04-2020 04:31:53 ShowBase: __dev__ == False
:03-04-2020 04:31:53 TTOffLauncher: setting panda error code to 11
:03-04-2020 04:31:54 TTOffLauncher: setting panda error code to 0
ToontownStart: Loading default gui sounds
ToontownStart: serverVersion:  tto-dev
:03-04-2020 04:31:54 Loader: starting bulk load of block 'init'
:03-04-2020 04:32:00 :nativenet(error): Buffered_DatagramConnection Constructor rbufsize = 4096000 wbufsize = 4096000 write_flush_point = 1400
:03-04-2020 04:32:00 OTPClientRepository: Using connect method 'http'
:03-04-2020 04:32:10 TTOffLauncher: getRegistry ('DEPLOYMENT', None)
:03-04-2020 04:32:10 TTOffLauncher: checking env
:03-04-2020 04:32:10 TTOffLauncher: getRegistry ('GAME_DEPLOYMENT', None)
:03-04-2020 04:32:10 TTOffLauncher: checking env
:03-04-2020 04:32:10 OTPClientRepository: reg_deployment=
:03-04-2020 04:32:10 OTPClientRepository: required-login auto.
:03-04-2020 04:32:10 OTPClientRepository: loginInterface: LoginTTOffAccount
:03-04-2020 04:32:10 TTOffLauncher: getNeedPwForSecretKey using ttoff-specific-login
:03-04-2020 04:32:10 Loader: At end of block 'init', expected 138, loaded 12, duration=16.1272944
:03-04-2020 04:32:10 OTPClientRepository: Connecting to gameserver directly (no proxy).
:03-04-2020 04:32:10 OTPClientRepository: Connecting to //127.0.0.1:7198 via HTTP interface.
:03-04-2020 04:32:10 TTOffLauncher: Stopping mini task manager.
:03-04-2020 04:32:10 OTPClientRepository: Successfully connected to //127.0.0.1:7198.
:03-04-2020 04:32:10 TTOffLauncher: Setting Disconnect Details normal
{401000001: <toontown.distributed.ToontownDistrict.ToontownDistrict instance at 0x000000001B86F788>}
:03-04-2020 04:32:11 StateData: AvatarChooser.enter
:03-04-2020 04:32:11 DisplayOptions: settingsFullScreen = False, embedded = False width=800 height=600
:03-04-2020 04:32:11 StateData: calling self.displayOptions.restrictToEmbedded(False)
:03-04-2020 04:32:47 OTPClientRepository: ================
:03-04-2020 04:32:47 OTPClientRepository: Chose avatar id: 100000014
:03-04-2020 04:32:47 OTPClientRepository: Chose avatar name: Hollybae
:03-04-2020 04:32:47 OTPClientRepository: Chose avatar dna: ('css', 'ms', 'm', 'm', 16, 0, 16, 16, 113, 27, 18, 27, 7, 21)
:03-04-2020 04:32:47 OTPClientRepository: Chose avatar position: 5
:03-04-2020 04:32:47 OTPClientRepository: isPaid: 1
:03-04-2020 04:32:47 OTPClientRepository: freeTimeLeft: 0
:03-04-2020 04:32:47 OTPClientRepository: allowSecretChat: True
:03-04-2020 04:32:47 OTPClientRepository: ================
:03-04-2020 04:32:48 Loader: starting bulk load of block 'localAvatarPlayGame'
:03-04-2020 04:32:48 ToontownTimeManager(warning): error parsing date string=
local
:03-04-2020 04:32:49 NewsPageButtonManager(warning): Should not get here. NewsPageButtonManager.exitOff
:03-04-2020 04:32:49 :pnmimage:png(warning): iCCP: known incorrect sRGB profile
:03-04-2020 04:32:50 OTPClientRepository: Sending heartbeat mid-frame.
:03-04-2020 04:32:52 OTPClientRepository: Entering shard 401000001
:03-04-2020 04:32:52 StreetSign: Street sign url is https://ttoffline.com/images/
:03-04-2020 04:32:54 StreetSign: Street Sign is up to date
:03-04-2020 04:32:54 TimeManager: Clock sync: TimeManager.announceGenerate
:03-04-2020 04:32:54 NewsManager: setHolidayId: Starting Holiday 7
:03-04-2020 04:32:54 InGameNewsMgr: latestIssue=2013-08-22 16:49:46.000003-07:00
cpu info: GenuineIntel|Intel(R) Core(TM) i7-8700K CPU @ 3.70GHz|591594|0|3.701,3.701|6,12 cpus
:03-04-2020 04:32:56 OTPClientRepository: No sync from TimeManager.
:03-04-2020 04:32:56 OTPClientRepository: gotTimeSync
:03-04-2020 04:32:56 Loader: At end of block 'localAvatarPlayGame', expected 400, loaded 23, duration=8.4735621
:03-04-2020 04:32:56 TimeManager: Clock sync roundtrip took 2102.182 ms
:03-04-2020 04:32:56 TimeManager: AI time delta is -0:02 from server delta
:03-04-2020 04:32:56 TimeManager: Local clock uncertainty +/- 1.051 s
:03-04-2020 04:32:56 TimeManager: Uncertainty is too high, trying again.
:03-04-2020 04:32:56 PlayGame: QA-REGRESSION: NEIGHBORHOODS: Visit Lawbot HQ
:03-04-2020 04:32:56 Loader: starting bulk load of block 'hood'
:03-04-2020 04:32:59 LawbotCogHQLoader: loadPlaceGeom: 13000
:03-04-2020 04:32:59 TimeManager: Clock sync roundtrip took 3200.654 ms
:03-04-2020 04:32:59 TimeManager: AI time delta is -0:03 from server delta
:03-04-2020 04:32:59 ClockDelta: previous delta at 0.405 s, +/- 1.052 s.
:03-04-2020 04:32:59 ClockDelta: new delta at 0.919 s, +/- 1.600 s.
:03-04-2020 04:32:59 ClockDelta: intersection at 0.405 s, +/- 1.052 s.
:03-04-2020 04:32:59 TimeManager: Local clock uncertainty +/- 1.053 s
:03-04-2020 04:32:59 TimeManager: Uncertainty is too high, trying again.
:03-04-2020 04:32:59 DistributedObject: DistributedSuitPlanner 401002972: generating
:03-04-2020 04:33:00 DistributedToon: calling LocalAvatar.startchat
:03-04-2020 04:33:00 :loader(error): Couldn't load file phase_4/models/questmap/cog_hq_lawbot_maps.bam: not found on model path (currently: "/;/d/hollybae/Aly/Toontown-School-House/toontown/launcher;/c/Panda3D-1.11.0-x64/etc/..;/c/Panda3D-1.11.0-x64/etc/../models")
:03-04-2020 04:33:00 Loader: At end of block 'hood', expected 2, loaded 17, duration=3.5236541
:03-04-2020 04:33:00 TimeManager: Clock sync roundtrip took 321.552 ms
:03-04-2020 04:33:00 TimeManager: AI time delta is -0:01 from server delta
:03-04-2020 04:33:00 ClockDelta: previous delta at 0.405 s, +/- 1.053 s.
:03-04-2020 04:33:00 ClockDelta: new delta at -0.488 s, +/- 0.161 s.
:03-04-2020 04:33:00 ClockDelta: intersection at -0.487 s, +/- 0.160 s.
:03-04-2020 04:33:00 TimeManager: Local clock uncertainty +/- 0.160 s
:03-04-2020 04:33:01 Teleport(debug): teleportInDone: walk
:03-04-2020 04:33:01 :loader(error): Couldn't load file phase_4/models/questmap/cog_hq_lawbot_maps.bam: not found on model path (currently: "/;/d/hollybae/Aly/Toontown-School-House/toontown/launcher;/c/Panda3D-1.11.0-x64/etc/..;/c/Panda3D-1.11.0-x64/etc/../models")
:03-04-2020 04:33:02 TTOffMagicWordManager: Run mode has been toggled.
:03-04-2020 04:33:09 LawbotCogHQLoader: loadPlaceGeom: 13100
:03-04-2020 04:33:09 LawbotCogHQLoader: QA-REGRESSION: COGHQ: Visit LawbotLobby
:03-04-2020 04:33:09 LawbotHQExterior: Unloading Place (13000). Fsm in final
:03-04-2020 04:33:09 DistributedObject: DistributedSuitPlanner 401002972: disabling
:03-04-2020 04:33:09 DistributedToon: calling LocalAvatar.startchat
:03-04-2020 04:33:09 :loader(error): Couldn't load file phase_4/models/questmap/cog_hq_lawbot_maps.bam: not found on model path (currently: "/;/d/hollybae/Aly/Toontown-School-House/toontown/launcher;/c/Panda3D-1.11.0-x64/etc/..;/c/Panda3D-1.11.0-x64/etc/../models")
:03-04-2020 04:33:11 :loader(error): Couldn't load file phase_4/models/questmap/cog_hq_lawbot_maps.bam: not found on model path (currently: "/;/d/hollybae/Aly/Toontown-School-House/toontown/launcher;/c/Panda3D-1.11.0-x64/etc/..;/c/Panda3D-1.11.0-x64/etc/../models")
:03-04-2020 04:33:13 TTOffMagicWordManager: Gave Hollybae an infinite amount of pies
:03-04-2020 04:33:25 LawbotCogHQLoader: loadPlaceGeom: 61000
:03-04-2020 04:33:25 LawbotCogHQLoader(warning): loadPlaceGeom: unclassified zone 61000
:03-04-2020 04:33:25 CogHQLobby: Unloading Place (13100). Fsm in final
:03-04-2020 04:33:26 DistributedLawbotBoss(warning): Not a collision node: LawbotCourtroom3.egg/-PandaNode/CR3/interior/CR3_Floor
:03-04-2020 04:33:26 DistributedToon: calling LocalAvatar.startchat
:03-04-2020 04:33:26 LawbotHQBossBattle(warning): fsm.request('movie') returned 0 (zone id 61000, avatar pos LPoint3f(-0.363562, -126.204, 0.193903)).
:03-04-2020 04:33:41 LawbotHQBossBattle(warning): fsm.request('movie') returned 0 (zone id 61000, avatar pos LPoint3f(-0.363562, -126.204, 0.193903)).
:03-04-2020 04:33:44 Actor(warning): called actor.removeNode() on actor without calling cleanup()
:03-04-2020 04:33:44 Actor(warning): called actor.removeNode() on actor without calling cleanup()
:03-04-2020 04:33:44 Actor(warning): called actor.removeNode() on actor without calling cleanup()
:03-04-2020 04:33:44 Actor(warning): called actor.removeNode() on actor without calling cleanup()
:03-04-2020 04:33:44 Actor(warning): called actor.removeNode() on actor without calling cleanup()
:03-04-2020 04:33:44 Actor(warning): called actor.removeNode() on actor without calling cleanup()
:03-04-2020 04:33:44 Actor(warning): called actor.removeNode() on actor without calling cleanup()
:03-04-2020 04:33:44 Actor(warning): called actor.removeNode() on actor without calling cleanup()
:03-04-2020 04:33:44 Actor(warning): called actor.removeNode() on actor without calling cleanup()
:03-04-2020 04:33:44 Actor(warning): called actor.removeNode() on actor without calling cleanup()
:03-04-2020 04:33:44 Actor(warning): called actor.removeNode() on actor without calling cleanup()
:03-04-2020 04:33:44 Actor(warning): called actor.removeNode() on actor without calling cleanup()
:03-04-2020 04:33:44 TTOffMagicWordManager: Restarting Scale Round
:03-04-2020 04:33:46 TTOffMagicWordManager: Run mode has been toggled.
:03-04-2020 04:33:48 TTOffMagicWordManager: Presto!
:03-04-2020 04:33:50 TTOffMagicWordManager: Gave Hollybae an infinite amount of pies
:03-04-2020 04:33:51 LawbotHQBossBattle(warning): fsm.request('finalBattle') returned 0 (zone id 61000, avatar pos LPoint3f(-3, 0, 0)).
:03-04-2020 04:33:51 TTOffMagicWordManager: Restarting Scale Round
:03-04-2020 04:36:55 GarbageCollect(warning): garbage found, reverting gc threshold
frame rate: 268.5 fps|0.001d|13 avs||358|360||0x0000|0x0000|1263.2MB|1439.4MB|16235.6MB|625|nt.2.6.2|3.701,3.701|6,12 cpus|OpenGL
:03-04-2020 04:37:58 :linmath(warning): Tried to invert singular LMatrix3.
:03-04-2020 04:42:39 TTOffMagicWordManager: LPoint3f(-51.8735, 22.327, -0.000307035)
frame rate: 262.9 fps|0.000d|13 avs||658|660||0x0000|0x0000|1536.2MB|1712.7MB|16235.6MB|715|nt.2.6.2|3.701,3.701|6,12 cpus|OpenGL
:03-04-2020 04:43:06 TTOffMagicWordManager: Ta-da!
:03-04-2020 04:43:17 TTOffMagicWordManager: Voila!
:03-04-2020 04:43:27 TTOffMagicWordManager: Voila!
:03-04-2020 04:43:38 TTOffMagicWordManager: Alakazam!
:03-04-2020 04:43:51 TTOffMagicWordManager: Abracadabra!
