

Starting Toontown Online...
Current time: Fri Nov 13 21:22:56 2020 Eastern Standard Time
sys.path =  ['', 'C:\\Panda3D-1.11.0-x64\\python\\python27.zip', 'C:\\Panda3D-1.11.0-x64', 'C:\\Panda3D-1.11.0-x64\\python\\DLLs', 'C:\\Panda3D-1.11.0-x64\\python\\lib', 'C:\\Panda3D-1.11.0-x64\\python\\lib\\plat-win', 'C:\\Panda3D-1.11.0-x64\\python\\lib\\lib-tk', 'C:\\Panda3D-1.11.0-x64\\python', 'C:\\Panda3D-1.11.0-x64\\bin', 'C:\\Panda3D-1.11.0-x64\\python\\lib\\site-packages']
sys.argv =  ['C:\\Ultimate TTSH Source Pack\\TTSH - Cinematic Edition\\toontown\\launcher\\TTOffQuickStartLauncher.py']
generating standard configrc
os.environ =  {'TMP': 'C:\\Users\\holla\\AppData\\Local\\Temp', 'ONEDRIVECONSUMER': 'C:\\Users\\holla\\OneDrive', 'COMPUTERNAME': 'HOLLYBAES-PC', 'USERDOMAIN': 'HOLLYBAES-PC', 'INTEL_DEV_REDIST': 'C:\\Program Files (x86)\\Common Files\\Intel\\Shared Libraries\\', 'PSMODULEPATH': '%ProgramFiles%\\WindowsPowerShell\\Modules;C:\\WINDOWS\\system32\\WindowsPowerShell\\v1.0\\Modules', 'COMMONPROGRAMFILES': 'C:\\Program Files\\Common Files', 'PROCESSOR_IDENTIFIER': 'Intel64 Family 6 Model 158 Stepping 10, GenuineIntel', 'PROGRAMFILES': 'C:\\Program Files', 'PROCESSOR_REVISION': '9e0a', 'SYSTEMROOT': 'C:\\WINDOWS', 'PATH': 'C:\\Panda3D-1.11.0-x64\\panda3d\\..\\bin;C:\\Program Files (x86)\\Razer\\ChromaBroadcast\\bin;C:\\Program Files\\Razer\\ChromaBroadcast\\bin;C:\\Program Files (x86)\\Common Files\\Intel\\Shared Libraries\\redist\\intel64\\compiler;C:\\Program Files (x86)\\Common Files\\Oracle\\Java\\javapath;C:\\WINDOWS\\system32;C:\\WINDOWS;C:\\WINDOWS\\System32\\Wbem;C:\\WINDOWS\\System32\\WindowsPowerShell\\v1.0\\;C:\\WINDOWS\\System32\\OpenSSH\\;C:\\Program Files (x86)\\NVIDIA Corporation\\PhysX\\Common;C:\\Program Files\\NVIDIA Corporation\\NVIDIA NvDLISR;C:\\WINDOWS\\system32\\config\\systemprofile\\AppData\\Local\\Microsoft\\WindowsApps;C:\\Users\\holla\\AppData\\Local\\Microsoft\\WindowsApps;C:\\Panda3D-1.11.0-x64\\python;C:\\Panda3D-1.11.0-x64\\python\\Scripts;C:\\Panda3D-1.11.0-x64\\bin', 'MIC_LD_LIBRARY_PATH': 'C:\\Program Files (x86)\\Common Files\\Intel\\Shared Libraries\\compiler\\lib\\mic', 'DRIVERDATA': 'C:\\Windows\\System32\\Drivers\\DriverData', 'PPYTHON_PATH': '"C:\\Panda3D-1.11.0-x64\\python\\ppython.exe"', 'TEMP': 'C:\\Users\\holla\\AppData\\Local\\Temp', 'COMMONPROGRAMFILES(X86)': 'C:\\Program Files (x86)\\Common Files', 'PROCESSOR_ARCHITECTURE': 'AMD64', 'PROGRAMFILES(X86)': 'C:\\Program Files (x86)', 'ALLUSERSPROFILE': 'C:\\ProgramData', 'LOCALAPPDATA': 'C:\\Users\\holla\\AppData\\Local', 'HOMEPATH': '\\Users\\holla', 'USERDOMAIN_ROAMINGPROFILE': 'HOLLYBAES-PC', 'PROGRAMW6432': 'C:\\Program Files', 'USERNAME': 'holla', 'LOGONSERVER': '\\\\HOLLYBAES-PC', 'PROMPT': '$P$G', 'COMSPEC': 'C:\\WINDOWS\\system32\\cmd.exe', 'PROGRAMDATA': 'C:\\ProgramData', 'ONEDRIVE': 'C:\\Users\\holla\\OneDrive', 'PATHEXT': '.COM;.EXE;.BAT;.CMD;.VBS;.VBE;.JS;.JSE;.WSF;.WSH;.MSC', 'TTOFF_LOGIN_TOKEN': 'dev', 'WINDIR': 'C:\\WINDOWS', 'APPDATA': 'C:\\Users\\holla\\AppData\\Roaming', 'HOMEDRIVE': 'C:', 'SYSTEMDRIVE': 'C:', 'NUMBER_OF_PROCESSORS': '12', 'PROCESSOR_LEVEL': '6', 'RG_GPU_FRAMEWORK_ENGINE_RESOURCEDIR': '%ProgramFiles%\\Red Giant\\RGFX', 'COMMONPROGRAMW6432': 'C:\\Program Files\\Common Files', 'OS': 'Windows_NT', 'PUBLIC': 'C:\\Users\\Public', 'USERPROFILE': 'C:\\Users\\holla'}
:11-13-2020 21:22:56 TTOffLauncher: isTestServer: 0
:11-13-2020 21:22:56 TTOffLauncher: Game Server 127.0.0.1
:11-13-2020 21:22:56 TTOffLauncher: Starting Toontown Online... 
:11-13-2020 21:22:56 TTOffLauncher: foreground: Launcher now operating in foreground
useTTOffSpecificLogin=True
:11-13-2020 21:22:56 TTOffLauncher: maybeStartGame: starting game
:11-13-2020 21:22:56 TTOffLauncher: Starting Toontown Online...
:11-13-2020 21:22:56 TTOffLauncher: background: Launcher now operating in background
ToontownStart: Polling for game2 to finish...
ToontownStart: Game2 is finished.
ToontownStart: Starting the game.
ToontownStart: setting default font
:11-13-2020 21:22:56 TTOffLauncher: setting panda error code to 7
Known pipe types:
  wglGraphicsPipe
(all display modules loaded.)
:11-13-2020 21:22:56 ToonBase: Default graphics pipe is wglGraphicsPipe (OpenGL).
:11-13-2020 21:22:56 ToonBase: Successfully opened window of type wglGraphicsWindow (OpenGL)
:11-13-2020 21:22:56 ShowBase: __dev__ == False
:11-13-2020 21:22:56 TTOffLauncher: setting panda error code to 11
:11-13-2020 21:22:56 TTOffLauncher: setting panda error code to 0
ToontownStart: Loading default gui sounds
ToontownStart: serverVersion:  tto-dev
:11-13-2020 21:22:56 Loader: starting bulk load of block 'init'
:11-13-2020 21:22:57 :nativenet(error): Buffered_DatagramConnection Constructor rbufsize = 4096000 wbufsize = 4096000 write_flush_point = 1400
:11-13-2020 21:22:57 OTPClientRepository: Using connect method 'http'
:11-13-2020 21:22:58 TTOffLauncher: getRegistry ('DEPLOYMENT', None)
:11-13-2020 21:22:58 TTOffLauncher: checking env
:11-13-2020 21:22:58 TTOffLauncher: getRegistry ('GAME_DEPLOYMENT', None)
:11-13-2020 21:22:58 TTOffLauncher: checking env
:11-13-2020 21:22:58 OTPClientRepository: reg_deployment=
:11-13-2020 21:22:58 OTPClientRepository: required-login auto.
:11-13-2020 21:22:58 OTPClientRepository: loginInterface: LoginTTOffAccount
:11-13-2020 21:22:58 TTOffLauncher: getNeedPwForSecretKey using ttoff-specific-login
:11-13-2020 21:22:58 Loader: At end of block 'init', expected 138, loaded 5, duration=1.1762591
:11-13-2020 21:22:58 OTPClientRepository: Connecting to gameserver directly (no proxy).
:11-13-2020 21:22:58 OTPClientRepository: Connecting to //127.0.0.1:7198 via HTTP interface.
:11-13-2020 21:22:58 TTOffLauncher: Stopping mini task manager.
:11-13-2020 21:22:58 OTPClientRepository: Successfully connected to //127.0.0.1:7198.
:11-13-2020 21:22:58 TTOffLauncher: Setting Disconnect Details normal
{401000001: <toontown.distributed.ToontownDistrict.ToontownDistrict instance at 0x000000001A5919C8>}
:11-13-2020 21:22:59 StateData: AvatarChooser.enter
:11-13-2020 21:22:59 DisplayOptions: settingsFullScreen = False, embedded = False width=800 height=600
:11-13-2020 21:22:59 StateData: calling self.displayOptions.restrictToEmbedded(False)
:11-13-2020 21:23:00 OTPClientRepository: ================
:11-13-2020 21:23:00 OTPClientRepository: Chose avatar id: 100000004
:11-13-2020 21:23:00 OTPClientRepository: Chose avatar name: Holland
:11-13-2020 21:23:00 OTPClientRepository: Chose avatar dna: ('css', 'ms', 'm', 'm', 16, 0, 16, 16, 113, 27, 100, 27, 7, 21)
:11-13-2020 21:23:00 OTPClientRepository: Chose avatar position: 3
:11-13-2020 21:23:00 OTPClientRepository: isPaid: 1
:11-13-2020 21:23:00 OTPClientRepository: freeTimeLeft: 0
:11-13-2020 21:23:00 OTPClientRepository: allowSecretChat: True
:11-13-2020 21:23:00 OTPClientRepository: ================
:11-13-2020 21:23:00 Loader: starting bulk load of block 'localAvatarPlayGame'
:11-13-2020 21:23:01 ToontownTimeManager(warning): error parsing date string=
local
:11-13-2020 21:23:01 NewsPageButtonManager(warning): Should not get here. NewsPageButtonManager.exitOff
:11-13-2020 21:23:01 :pnmimage:png(warning): iCCP: known incorrect sRGB profile
:11-13-2020 21:23:03 OTPClientRepository: Entering shard 401000001
:11-13-2020 21:23:03 StreetSign: Street sign url is https://ttoffline.com/images/
:11-13-2020 21:23:04 StreetSign: Street Sign is up to date
:11-13-2020 21:23:04 TimeManager: Clock sync: TimeManager.announceGenerate
:11-13-2020 21:23:04 InGameNewsMgr: latestIssue=2013-08-22 16:49:46.000003-07:00
cpu info: GenuineIntel|Intel(R) Core(TM) i7-8700K CPU @ 3.70GHz|591594|0|3.696,3.696|6,12 cpus
:11-13-2020 21:23:05 OTPClientRepository: No sync from TimeManager.
:11-13-2020 21:23:05 OTPClientRepository: gotTimeSync
:11-13-2020 21:23:05 Loader: At end of block 'localAvatarPlayGame', expected 400, loaded 10, duration=4.3502063
:11-13-2020 21:23:05 TimeManager: Clock sync roundtrip took 1067.011 ms
:11-13-2020 21:23:05 TimeManager: AI time delta is -0:01 from server delta
:11-13-2020 21:23:05 TimeManager: Local clock uncertainty +/- 0.534 s
:11-13-2020 21:23:05 PlayGame: QA-REGRESSION: NEIGHBORHOODS: Visit Lawbot HQ
:11-13-2020 21:23:05 Loader: starting bulk load of block 'hood'
:11-13-2020 21:23:05 LawbotCogHQLoader: loadPlaceGeom: 13000
:11-13-2020 21:23:05 DistributedObject: DistributedSuitPlanner 401002972: generating
:11-13-2020 21:23:05 DistributedToon: calling LocalAvatar.startchat
:11-13-2020 21:23:05 :loader(error): Couldn't load file phase_4/models/questmap/cog_hq_lawbot_maps.bam: not found on model path (currently: "/;/c/Ultimate TTSH Source Pack/TTSH - Cinematic Edition/toontown/launcher;/c/Panda3D-1.11.0-x64/etc/..;/c/Panda3D-1.11.0-x64/etc/../models")
:11-13-2020 21:23:05 Loader: At end of block 'hood', expected 2, loaded 2, duration=0.5819369
:11-13-2020 21:23:07 Teleport(debug): teleportInDone: walk
:11-13-2020 21:23:07 :loader(error): Couldn't load file phase_4/models/questmap/cog_hq_lawbot_maps.bam: not found on model path (currently: "/;/c/Ultimate TTSH Source Pack/TTSH - Cinematic Edition/toontown/launcher;/c/Panda3D-1.11.0-x64/etc/..;/c/Panda3D-1.11.0-x64/etc/../models")
:11-13-2020 21:23:07 TTOffMagicWordManager: God mode enabled for Holland!
:11-13-2020 21:23:12 TTOffMagicWordManager: Run mode has been toggled.
:11-13-2020 21:23:49 TTOffMagicWordManager: -101 -188 -25 -107 -5 0 is set as the starting point!
:11-13-2020 21:23:54 TTOffMagicWordManager: Abracadabra!
:11-13-2020 21:23:59 TTOffMagicWordManager: LPoint3f(-2.78348, -172.511, -28.6006)
:11-13-2020 21:24:00 TTOffMagicWordManager: LVecBase3f(-414.134, 0, 0)
:11-13-2020 21:25:11 TTOffMagicWordManager: Point -2 -188 -26 -80 5 0 with a duration of 3 was added!
:11-13-2020 21:25:40 TTOffMagicWordManager: Abracadabra!
:11-13-2020 21:25:55 TTOffMagicWordManager: This command takes at least 1 argument!
:11-13-2020 21:25:58 TTOffMagicWordManager: Presto!
:11-13-2020 21:27:57 GarbageCollect(warning): garbage found, reverting gc threshold
frame rate: 124.4 fps|0.005d|12 avs||306|306||0x0000|0x0000|633.9MB|693.8MB|32619.6MB|400|nt.2.6.2|3.696,3.696|6,12 cpus|OpenGL
adding timeout task
adding timeout task
frame rate: 135.3 fps|0.003d|13 avs||606|606||0x0000|0x0000|671.1MB|731.0MB|32619.6MB|441|nt.2.6.2|3.696,3.696|6,12 cpus|OpenGL
frame rate: 109.2 fps|0.003d|10 avs||906|906||0x0000|0x0000|668.6MB|765.3MB|32619.6MB|486|nt.2.6.2|3.696,3.696|6,12 cpus|OpenGL
handling timeout
:11-13-2020 21:38:23 DistributedToon: closing shard...
:11-13-2020 21:38:23 LawbotHQExterior: Unloading Place (13000). Fsm in final
:11-13-2020 21:38:23 OTPClientRepository: Exiting shard
:11-13-2020 21:38:23 DistributedObject: DistributedSuitPlanner 401002972: disabling
ignoring InputState-forward
:11-13-2020 21:38:24 OTPClientRepository: sending clientLogout
:11-13-2020 21:38:24 LocalAvatar(warning): redundant call to stopUpdateSmartCamera
:11-13-2020 21:38:24 OTPClientRepository(warning): Disable failed. DistObj 100000004 is not in dictionary, ownerView=True
