

Starting Toontown Online...
Current time: Mon Nov 25 23:03:17 2019 Eastern Standard Time
sys.path =  ['', 'C:\\Panda3D-1.11.0-x64\\python\\python27.zip', 'C:\\Panda3D-1.11.0-x64', 'C:\\Panda3D-1.11.0-x64\\python\\DLLs', 'C:\\Panda3D-1.11.0-x64\\python\\lib', 'C:\\Panda3D-1.11.0-x64\\python\\lib\\plat-win', 'C:\\Panda3D-1.11.0-x64\\python\\lib\\lib-tk', 'C:\\Panda3D-1.11.0-x64\\python', 'C:\\Panda3D-1.11.0-x64\\bin', 'C:\\Panda3D-1.11.0-x64\\python\\lib\\site-packages']
sys.argv =  ['D:\\hollybae\\Aly\\Toontown-School-House\\toontown\\launcher\\TTOffQuickStartLauncher.py']
generating standard configrc
os.environ =  {'TMP': 'C:\\Users\\holla\\AppData\\Local\\Temp', 'COMPUTERNAME': 'HOLLYBAES-PC', 'USERDOMAIN': 'HOLLYBAES-PC', 'INTEL_DEV_REDIST': 'C:\\Program Files (x86)\\Common Files\\Intel\\Shared Libraries\\', 'PSMODULEPATH': 'C:\\Program Files\\WindowsPowerShell\\Modules;C:\\WINDOWS\\system32\\WindowsPowerShell\\v1.0\\Modules', 'COMMONPROGRAMFILES': 'C:\\Program Files\\Common Files', 'PROCESSOR_IDENTIFIER': 'Intel64 Family 6 Model 158 Stepping 10, GenuineIntel', 'PROGRAMFILES': 'C:\\Program Files', 'PROCESSOR_REVISION': '9e0a', 'PATH': 'C:\\Panda3D-1.11.0-x64\\panda3d\\..\\bin;C:\\Program Files (x86)\\Common Files\\Intel\\Shared Libraries\\redist\\intel64_win\\compiler;C:\\Program Files (x86)\\Common Files\\Oracle\\Java\\javapath;C:\\Program Files (x86)\\Common Files\\Intel\\Shared Libraries\\redist\\intel64\\compiler;C:\\WINDOWS\\system32;C:\\WINDOWS;C:\\WINDOWS\\System32\\Wbem;C:\\WINDOWS\\System32\\WindowsPowerShell\\v1.0\\;C:\\WINDOWS\\System32\\OpenSSH\\;C:\\Program Files\\NVIDIA Corporation\\NVIDIA NGX;C:\\Program Files (x86)\\NVIDIA Corporation\\PhysX\\Common;C:\\Program Files\\NVIDIA Corporation\\NVIDIA NvDLISR;C:\\WINDOWS\\system32;C:\\WINDOWS;C:\\WINDOWS\\System32\\Wbem;C:\\WINDOWS\\System32\\WindowsPowerShell\\v1.0\\;C:\\WINDOWS\\System32\\OpenSSH\\;D:\\hollybae\\ffmpeg-4.1.3-win64-static\\ffmpeg-4.1.3-win64-static\\bin;C:\\Program Files\\dotnet\\;C:\\Users\\holla\\AppData\\Local\\Microsoft\\WindowsApps;C:\\Panda3D-1.10.4.1-x64\\python;C:\\Panda3D-1.10.4.1-x64\\python\\Scripts;C:\\Panda3D-1.10.4.1-x64\\bin;C:\\Panda3D-1.11.0-x64\\python;C:\\Panda3D-1.11.0-x64\\python\\Scripts;C:\\Panda3D-1.11.0-x64\\bin', 'SYSTEMROOT': 'C:\\WINDOWS', 'MIC_LD_LIBRARY_PATH': 'C:\\Program Files (x86)\\Common Files\\Intel\\Shared Libraries\\compiler\\lib\\intel64_win_mic', 'COMSPEC': 'C:\\WINDOWS\\system32\\cmd.exe', 'DRIVERDATA': 'C:\\Windows\\System32\\Drivers\\DriverData', 'PPYTHON_PATH': '"C:\\Panda3D-1.11.0-x64\\python\\ppython.exe"', 'TEMP': 'C:\\Users\\holla\\AppData\\Local\\Temp', 'COMMONPROGRAMFILES(X86)': 'C:\\Program Files (x86)\\Common Files', 'PROCESSOR_ARCHITECTURE': 'AMD64', 'PROGRAMFILES(X86)': 'C:\\Program Files (x86)', 'ALLUSERSPROFILE': 'C:\\ProgramData', 'LOCALAPPDATA': 'C:\\Users\\holla\\AppData\\Local', 'FPS_BROWSER_USER_PROFILE_STRING': 'Default', 'HOMEPATH': '\\Users\\holla', 'USERDOMAIN_ROAMINGPROFILE': 'HOLLYBAES-PC', 'PROGRAMW6432': 'C:\\Program Files', 'USERNAME': 'holla', 'LOGONSERVER': '\\\\HOLLYBAES-PC', 'PROMPT': '$P$G', 'SESSIONNAME': 'Console', 'PROGRAMDATA': 'C:\\ProgramData', 'ONEDRIVE': 'C:\\Users\\holla\\OneDrive', 'FPS_BROWSER_APP_PROFILE_STRING': 'Internet Explorer', 'PATHEXT': '.COM;.EXE;.BAT;.CMD;.VBS;.VBE;.JS;.JSE;.WSF;.WSH;.MSC', 'TTOFF_LOGIN_TOKEN': 'dev', 'WINDIR': 'C:\\WINDOWS', 'APPDATA': 'C:\\Users\\holla\\AppData\\Roaming', 'HOMEDRIVE': 'C:', 'SYSTEMDRIVE': 'C:', 'NUMBER_OF_PROCESSORS': '12', 'PROCESSOR_LEVEL': '6', 'COMMONPROGRAMW6432': 'C:\\Program Files\\Common Files', 'OS': 'Windows_NT', 'PUBLIC': 'C:\\Users\\Public', 'USERPROFILE': 'C:\\Users\\holla'}
:11-25-2019 23:03:17 TTOffLauncher: isTestServer: 0
:11-25-2019 23:03:17 TTOffLauncher: Game Server 127.0.0.1
:11-25-2019 23:03:17 TTOffLauncher: Starting Toontown Online... 
:11-25-2019 23:03:17 TTOffLauncher: foreground: Launcher now operating in foreground
useTTOffSpecificLogin=True
:11-25-2019 23:03:17 TTOffLauncher: maybeStartGame: starting game
:11-25-2019 23:03:17 TTOffLauncher: Starting Toontown Online...
:11-25-2019 23:03:17 TTOffLauncher: background: Launcher now operating in background
ToontownStart: Polling for game2 to finish...
ToontownStart: Game2 is finished.
ToontownStart: Starting the game.
ToontownStart: setting default font
:11-25-2019 23:03:17 TTOffLauncher: setting panda error code to 7
Known pipe types:
  wglGraphicsPipe
(all display modules loaded.)
:11-25-2019 23:03:18 ToonBase: Default graphics pipe is wglGraphicsPipe (OpenGL).
:11-25-2019 23:03:18 ToonBase: Successfully opened window of type wglGraphicsWindow (OpenGL)
:11-25-2019 23:03:18 ShowBase: __dev__ == False
:11-25-2019 23:03:18 TTOffLauncher: setting panda error code to 11
:11-25-2019 23:03:18 TTOffLauncher: setting panda error code to 0
ToontownStart: Loading default gui sounds
ToontownStart: serverVersion:  tto-dev
:11-25-2019 23:03:18 Loader: starting bulk load of block 'init'
:11-25-2019 23:03:25 :nativenet(error): Buffered_DatagramConnection Constructor rbufsize = 4096000 wbufsize = 4096000 write_flush_point = 1400
:11-25-2019 23:03:25 OTPClientRepository: Using connect method 'http'
:11-25-2019 23:03:31 TTOffLauncher: getRegistry ('DEPLOYMENT', None)
:11-25-2019 23:03:31 TTOffLauncher: checking env
:11-25-2019 23:03:31 TTOffLauncher: getRegistry ('GAME_DEPLOYMENT', None)
:11-25-2019 23:03:31 TTOffLauncher: checking env
:11-25-2019 23:03:31 OTPClientRepository: reg_deployment=
:11-25-2019 23:03:31 OTPClientRepository: required-login auto.
:11-25-2019 23:03:31 OTPClientRepository: loginInterface: LoginTTOffAccount
:11-25-2019 23:03:31 TTOffLauncher: getNeedPwForSecretKey using ttoff-specific-login
:11-25-2019 23:03:31 Loader: At end of block 'init', expected 138, loaded 11, duration=13.0779393
:11-25-2019 23:03:31 OTPClientRepository: Connecting to gameserver directly (no proxy).
:11-25-2019 23:03:31 OTPClientRepository: Connecting to //127.0.0.1:7198 via HTTP interface.
:11-25-2019 23:03:31 TTOffLauncher: Stopping mini task manager.
:11-25-2019 23:03:31 OTPClientRepository: Successfully connected to //127.0.0.1:7198.
:11-25-2019 23:03:31 TTOffLauncher: Setting Disconnect Details normal
{401000001: <toontown.distributed.ToontownDistrict.ToontownDistrict instance at 0x000000001D210748>}
:11-25-2019 23:03:32 StateData: AvatarChooser.enter
:11-25-2019 23:03:32 DisplayOptions: settingsFullScreen = False, embedded = False width=800 height=600
:11-25-2019 23:03:32 StateData: calling self.displayOptions.restrictToEmbedded(False)
:11-25-2019 23:03:41 OTPClientRepository: ================
:11-25-2019 23:03:41 OTPClientRepository: Chose avatar id: 100000005
:11-25-2019 23:03:41 OTPClientRepository: Chose avatar name: Hollybae
:11-25-2019 23:03:41 OTPClientRepository: Chose avatar dna: ('css', 'ms', 'm', 'm', 16, 0, 16, 16, 113, 27, 100, 4, 7, 21)
:11-25-2019 23:03:41 OTPClientRepository: Chose avatar position: 0
:11-25-2019 23:03:41 OTPClientRepository: isPaid: 1
:11-25-2019 23:03:41 OTPClientRepository: freeTimeLeft: 0
:11-25-2019 23:03:41 OTPClientRepository: allowSecretChat: True
:11-25-2019 23:03:41 OTPClientRepository: ================
:11-25-2019 23:03:41 OTPClientRepository: Sending heartbeat mid-frame.
:11-25-2019 23:03:41 Loader: starting bulk load of block 'localAvatarPlayGame'
:11-25-2019 23:03:42 ToontownTimeManager(warning): error parsing date string=
local
:11-25-2019 23:03:43 NewsPageButtonManager(warning): Should not get here. NewsPageButtonManager.exitOff
:11-25-2019 23:03:43 :pnmimage:png(warning): iCCP: known incorrect sRGB profile
:11-25-2019 23:03:45 OTPClientRepository: Entering shard 401000001
:11-25-2019 23:03:45 StreetSign: Street sign url is https://ttoffline.com/images/
:11-25-2019 23:03:46 StreetSign: Street Sign is up to date
:11-25-2019 23:03:46 TimeManager: Clock sync: TimeManager.announceGenerate
:11-25-2019 23:03:46 NewsManager: setHolidayId: Starting Holiday 14
:11-25-2019 23:03:46 InGameNewsMgr: latestIssue=2013-08-22 16:49:46.000003-07:00
cpu info: GenuineIntel|Intel(R) Core(TM) i7-8700K CPU @ 3.70GHz|591594|0|3.696,3.696|6,12 cpus
:11-25-2019 23:03:48 OTPClientRepository: No sync from TimeManager.
:11-25-2019 23:03:48 OTPClientRepository: gotTimeSync
:11-25-2019 23:03:48 Loader: At end of block 'localAvatarPlayGame', expected 400, loaded 17, duration=6.9332772
:11-25-2019 23:03:48 TimeManager: Clock sync roundtrip took 2238.449 ms
:11-25-2019 23:03:48 TimeManager: AI time delta is -0:02 from server delta
:11-25-2019 23:03:48 TimeManager: Local clock uncertainty +/- 1.120 s
:11-25-2019 23:03:48 TimeManager: Uncertainty is too high, trying again.
:11-25-2019 23:03:48 PlayGame: QA-REGRESSION: NEIGHBORHOODS: Visit Lawbot HQ
:11-25-2019 23:03:48 Loader: starting bulk load of block 'hood'
:11-25-2019 23:03:50 LawbotCogHQLoader: loadPlaceGeom: 13000
:11-25-2019 23:03:51 TimeManager: Clock sync roundtrip took 2531.246 ms
:11-25-2019 23:03:51 TimeManager: AI time delta is -0:03 from server delta
:11-25-2019 23:03:51 ClockDelta: previous delta at 0.335 s, +/- 1.120 s.
:11-25-2019 23:03:51 ClockDelta: new delta at 0.452 s, +/- 1.266 s.
:11-25-2019 23:03:51 ClockDelta: intersection at 0.335 s, +/- 1.120 s.
:11-25-2019 23:03:51 TimeManager: Local clock uncertainty +/- 1.121 s
:11-25-2019 23:03:51 TimeManager: Uncertainty is too high, trying again.
:11-25-2019 23:03:51 DistributedObject: DistributedSuitPlanner 401002978: generating
:11-25-2019 23:03:51 DistributedToon: calling LocalAvatar.startchat
:11-25-2019 23:03:51 :loader(error): Couldn't load file phase_4/models/questmap/cog_hq_lawbot_maps.bam: not found on model path (currently: "/;/d/hollybae/Aly/Toontown-School-House/toontown/launcher;/c/Panda3D-1.11.0-x64/etc/..;/c/Panda3D-1.11.0-x64/etc/../models")
:11-25-2019 23:03:51 Loader: At end of block 'hood', expected 2, loaded 13, duration=2.6790848
:11-25-2019 23:03:51 TimeManager: Clock sync roundtrip took 141.319 ms
:11-25-2019 23:03:51 TimeManager: AI time delta is -0:00 from server delta
:11-25-2019 23:03:51 ClockDelta: previous delta at 0.335 s, +/- 1.121 s.
:11-25-2019 23:03:51 ClockDelta: new delta at -0.723 s, +/- 0.071 s.
:11-25-2019 23:03:51 ClockDelta: intersection at -0.719 s, +/- 0.067 s.
:11-25-2019 23:03:51 TimeManager: Local clock uncertainty +/- 0.067 s
:11-25-2019 23:03:53 Teleport(debug): teleportInDone: walk
:11-25-2019 23:03:53 :loader(error): Couldn't load file phase_4/models/questmap/cog_hq_lawbot_maps.bam: not found on model path (currently: "/;/d/hollybae/Aly/Toontown-School-House/toontown/launcher;/c/Panda3D-1.11.0-x64/etc/..;/c/Panda3D-1.11.0-x64/etc/../models")
:11-25-2019 23:03:53 TTOffMagicWordManager: Run mode has been toggled.
:11-25-2019 23:03:59 LawbotCogHQLoader: loadPlaceGeom: 13100
:11-25-2019 23:03:59 LawbotCogHQLoader: QA-REGRESSION: COGHQ: Visit LawbotLobby
:11-25-2019 23:03:59 LawbotHQExterior: Unloading Place (13000). Fsm in final
:11-25-2019 23:03:59 DistributedObject: DistributedSuitPlanner 401002978: disabling
:11-25-2019 23:03:59 DistributedToon: calling LocalAvatar.startchat
:11-25-2019 23:03:59 :loader(error): Couldn't load file phase_4/models/questmap/cog_hq_lawbot_maps.bam: not found on model path (currently: "/;/d/hollybae/Aly/Toontown-School-House/toontown/launcher;/c/Panda3D-1.11.0-x64/etc/..;/c/Panda3D-1.11.0-x64/etc/../models")
:11-25-2019 23:04:00 :loader(error): Couldn't load file phase_4/models/questmap/cog_hq_lawbot_maps.bam: not found on model path (currently: "/;/d/hollybae/Aly/Toontown-School-House/toontown/launcher;/c/Panda3D-1.11.0-x64/etc/..;/c/Panda3D-1.11.0-x64/etc/../models")
:11-25-2019 23:04:03 TTOffMagicWordManager: Hollybae's laff has been set to 87.
:11-25-2019 23:04:07 TTOffMagicWordManager: Run mode has been toggled.
:11-25-2019 23:04:10 TTOffMagicWordManager: Gave Hollybae an infinite amount of pies
:11-25-2019 23:04:12 LawbotCogHQLoader: loadPlaceGeom: 61000
:11-25-2019 23:04:12 LawbotCogHQLoader(warning): loadPlaceGeom: unclassified zone 61000
:11-25-2019 23:04:12 CogHQLobby: Unloading Place (13100). Fsm in final
:11-25-2019 23:04:13 DistributedLawbotBoss(warning): Not a collision node: LawbotCourtroom3.egg/-PandaNode/CR3/interior/CR3_Floor
:11-25-2019 23:04:13 DistributedToon: calling LocalAvatar.startchat
:11-25-2019 23:04:13 LawbotHQBossBattle(warning): fsm.request('movie') returned 0 (zone id 61000, avatar pos LPoint3f(-0.363562, -126.204, 0.193903)).
:11-25-2019 23:04:28 LawbotHQBossBattle(warning): fsm.request('movie') returned 0 (zone id 61000, avatar pos LPoint3f(-0.363562, -126.204, 0.193903)).
:11-25-2019 23:04:32 Actor(warning): called actor.removeNode() on actor without calling cleanup()
:11-25-2019 23:04:32 Actor(warning): called actor.removeNode() on actor without calling cleanup()
:11-25-2019 23:04:32 Actor(warning): called actor.removeNode() on actor without calling cleanup()
:11-25-2019 23:04:32 Actor(warning): called actor.removeNode() on actor without calling cleanup()
:11-25-2019 23:04:32 Actor(warning): called actor.removeNode() on actor without calling cleanup()
:11-25-2019 23:04:32 Actor(warning): called actor.removeNode() on actor without calling cleanup()
:11-25-2019 23:04:32 Actor(warning): called actor.removeNode() on actor without calling cleanup()
:11-25-2019 23:04:32 Actor(warning): called actor.removeNode() on actor without calling cleanup()
:11-25-2019 23:04:32 Actor(warning): called actor.removeNode() on actor without calling cleanup()
:11-25-2019 23:04:32 Actor(warning): called actor.removeNode() on actor without calling cleanup()
:11-25-2019 23:04:32 Actor(warning): called actor.removeNode() on actor without calling cleanup()
:11-25-2019 23:04:32 Actor(warning): called actor.removeNode() on actor without calling cleanup()
:11-25-2019 23:04:32 TTOffMagicWordManager: Restarting Scale Round
:11-25-2019 23:08:19 GarbageCollect(warning): garbage found, reverting gc threshold
frame rate: 166.7 fps|0.002d|13 avs||326|328||0x0000|0x0000|936.0MB|1038.0MB|16235.8MB|534|nt.2.6.2|3.696,3.696|6,12 cpus|OpenGL
adding timeout task
adding timeout task
frame rate: 209.5 fps|0.001d|13 avs||626|628||0x0000|0x0000|1130.6MB|1256.3MB|16235.8MB|722|nt.2.6.2|3.696,3.696|6,12 cpus|OpenGL
frame rate: 169.5 fps|0.002d|13 avs||926|928||0x0000|0x0000|1401.7MB|1527.8MB|16235.8MB|828|nt.2.6.2|3.696,3.696|6,12 cpus|OpenGL
frame rate: 115.9 fps|0.002d|13 avs||1226|1228||0x0000|0x0000|1626.0MB|1752.9MB|16235.8MB|928|nt.2.6.2|3.696,3.696|6,12 cpus|OpenGL
:11-25-2019 23:24:43 TTOffMagicWordManager: Alakazam!
frame rate: 108.7 fps|0.002d|13 avs||1526|1528||0x0000|0x0000|1829.5MB|1956.6MB|16235.8MB|1004|nt.2.6.2|3.696,3.696|6,12 cpus|OpenGL
:11-25-2019 23:33:45 TimeManager: Clock sync: timer
:11-25-2019 23:33:45 TimeManager: Clock sync roundtrip took 11.180 ms
:11-25-2019 23:33:45 TimeManager: AI time delta is -0:00 from server delta
:11-25-2019 23:33:45 ClockDelta: previous delta at -0.719 s, +/- 0.565 s.
:11-25-2019 23:33:45 ClockDelta: new delta at -0.785 s, +/- 0.006 s.
:11-25-2019 23:33:45 ClockDelta: intersection at -0.785 s, +/- 0.006 s.
:11-25-2019 23:33:45 TimeManager: Local clock uncertainty +/- 0.006 s
frame rate: 107.9 fps|0.002d|13 avs||1826|1828||0x0000|0x0000|2063.4MB|2191.1MB|16235.8MB|1107|nt.2.6.2|3.696,3.696|6,12 cpus|OpenGL
frame rate: 142.4 fps|0.002d|13 avs||2126|2128||0x0000|0x0000|2061.1MB|2421.3MB|16235.8MB|1187|nt.2.6.2|3.696,3.696|6,12 cpus|OpenGL
frame rate: 123.5 fps|0.002d|13 avs||2426|2428||0x0000|0x0000|1836.3MB|2652.7MB|16235.8MB|1267|nt.2.6.2|3.696,3.696|6,12 cpus|OpenGL
frame rate: 144.1 fps|0.002d|13 avs||2726|2728||0x0000|0x0000|1968.1MB|2889.7MB|16235.8MB|1350|nt.2.6.2|3.696,3.696|6,12 cpus|OpenGL
adding timeout task
adding timeout task
frame rate: 141.2 fps|0.002d|13 avs||3026|3028||0x0000|0x0000|1996.5MB|3113.3MB|16235.8MB|1429|nt.2.6.2|3.696,3.696|6,12 cpus|OpenGL
frame rate: 120.3 fps|0.002d|13 avs||3326|3328||0x0000|0x0000|1992.3MB|3335.3MB|16235.8MB|1507|nt.2.6.2|3.696,3.696|6,12 cpus|OpenGL
:11-26-2019 00:00:59 :linmath(warning): Tried to invert singular LMatrix3.
:11-26-2019 00:03:45 TimeManager: Clock sync: timer
:11-26-2019 00:03:45 TimeManager: Clock sync roundtrip took 32.223 ms
:11-26-2019 00:03:45 TimeManager: AI time delta is -0:00 from server delta
:11-26-2019 00:03:45 ClockDelta: previous delta at -0.785 s, +/- 0.506 s.
:11-26-2019 00:03:45 ClockDelta: new delta at -0.789 s, +/- 0.016 s.
:11-26-2019 00:03:45 ClockDelta: intersection at -0.789 s, +/- 0.016 s.
:11-26-2019 00:03:45 TimeManager: Local clock uncertainty +/- 0.016 s
frame rate: 104.5 fps|0.003d|13 avs||3626|3628||0x0000|0x0000|1938.9MB|3567.4MB|16235.8MB|1598|nt.2.6.2|3.696,3.696|6,12 cpus|OpenGL
frame rate: 118.8 fps|0.002d|13 avs||3926|3928||0x0000|0x0000|1920.9MB|3818.9MB|16235.8MB|1696|nt.2.6.2|3.696,3.696|6,12 cpus|OpenGL
frame rate: 132.7 fps|0.002d|13 avs||4226|4228||0x0000|0x0000|2062.8MB|4053.1MB|16235.8MB|1830|nt.2.6.2|3.696,3.696|6,12 cpus|OpenGL
adding timeout task
adding timeout task
frame rate: 148.8 fps|0.002d|13 avs||4526|4528||0x0000|0x0000|2292.3MB|4281.7MB|16235.8MB|1909|nt.2.6.2|3.696,3.696|6,12 cpus|OpenGL
:11-26-2019 00:19:47 OTPClientRepository: Sending heartbeat mid-frame.
:11-26-2019 00:20:03 TTOffMagicWordManager: Hollybae's laff has been set to 86.
:11-26-2019 00:20:08 TTOffMagicWordManager: Hollybae's laff has been set to 87.
:11-26-2019 00:21:57 OTPClientRepository: Sending heartbeat mid-frame.
frame rate: 117.0 fps|0.003d|13 avs||4826|4828||0x0000|0x0000|2539.6MB|4528.3MB|16235.8MB|1994|nt.2.6.2|3.696,3.696|6,12 cpus|OpenGL
frame rate: 100.3 fps|0.003d|13 avs||5126|5128||0x0000|0x0000|2509.4MB|4784.7MB|16235.8MB|2487|nt.2.6.2|3.696,3.696|6,12 cpus|OpenGL
:11-26-2019 00:33:45 TimeManager: Clock sync: timer
frame rate: 110.9 fps|0.002d|13 avs||5426|5428||0x0000|0x0000|2746.7MB|5021.6MB|16235.8MB|2581|nt.2.6.2|3.696,3.696|6,12 cpus|OpenGL
:11-26-2019 00:33:45 TimeManager: Clock sync roundtrip took 88.000 ms
:11-26-2019 00:33:45 TimeManager: AI time delta is -0:00 from server delta
:11-26-2019 00:33:45 ClockDelta: previous delta at -0.789 s, +/- 0.516 s.
:11-26-2019 00:33:45 ClockDelta: new delta at -0.779 s, +/- 0.044 s.
:11-26-2019 00:33:45 ClockDelta: intersection at -0.779 s, +/- 0.044 s.
:11-26-2019 00:33:45 TimeManager: Local clock uncertainty +/- 0.044 s
frame rate: 118.2 fps|0.002d|13 avs||5726|5728||0x0000|0x0000|2994.4MB|5271.2MB|16235.8MB|2677|nt.2.6.2|3.696,3.696|6,12 cpus|OpenGL
frame rate: 126.9 fps|0.002d|13 avs||6026|6028||0x0000|0x0000|3247.7MB|5530.0MB|16235.8MB|2764|nt.2.6.2|3.696,3.696|6,12 cpus|OpenGL
frame rate: 140.1 fps|0.002d|13 avs||6326|6328||0x0000|0x0000|3277.8MB|5772.2MB|16235.8MB|2848|nt.2.6.2|3.696,3.696|6,12 cpus|OpenGL
:11-26-2019 00:49:14 ToonBase: User closed main window.
:11-26-2019 00:49:14 TimeManager: Client disconnect reason 2.
:11-26-2019 00:49:15 LawbotHQBossBattle: Unloading Place (61000). Fsm in final
:11-26-2019 00:49:15 OTPClientRepository(warning): unclean exit, abandoning shard
ignoring InputState-forward
:11-26-2019 00:49:15 OTPClientRepository: sending clientLogout
:11-26-2019 00:49:15 LocalAvatar(warning): redundant call to stopUpdateSmartCamera
:11-26-2019 00:49:15 OTPClientRepository: Sent disconnect message to server
:11-26-2019 00:49:15 OTPClientRepository: Closing connection to server.
:11-26-2019 00:49:15 OTPClientRepository: Exiting cleanly
:11-26-2019 00:49:15 ToonBase: Exiting Toontown: errorCode = None
:11-26-2019 00:49:15 TTOffLauncher: setting panda error code to 0
:11-26-2019 00:49:15 TTOffLauncher: Normal exit.
