

Starting Toontown Online...
Current time: Mon Feb 24 18:13:29 2020 Eastern Standard Time
sys.path =  ['', 'C:\\Panda3D-1.11.0-x64\\python\\python27.zip', 'C:\\Panda3D-1.11.0-x64', 'C:\\Panda3D-1.11.0-x64\\python\\DLLs', 'C:\\Panda3D-1.11.0-x64\\python\\lib', 'C:\\Panda3D-1.11.0-x64\\python\\lib\\plat-win', 'C:\\Panda3D-1.11.0-x64\\python\\lib\\lib-tk', 'C:\\Panda3D-1.11.0-x64\\python', 'C:\\Panda3D-1.11.0-x64\\bin', 'C:\\Panda3D-1.11.0-x64\\python\\lib\\site-packages']
sys.argv =  ['D:\\hollybae\\Aly\\Toontown-School-House\\toontown\\launcher\\TTOffQuickStartLauncher.py']
generating standard configrc
os.environ =  {'TMP': 'C:\\Users\\holla\\AppData\\Local\\Temp', 'COMPUTERNAME': 'HOLLYBAES-PC', 'USERDOMAIN': 'HOLLYBAES-PC', 'INTEL_DEV_REDIST': 'C:\\Program Files (x86)\\Common Files\\Intel\\Shared Libraries\\', 'PSMODULEPATH': 'C:\\Program Files\\WindowsPowerShell\\Modules;C:\\WINDOWS\\system32\\WindowsPowerShell\\v1.0\\Modules', 'COMMONPROGRAMFILES': 'C:\\Program Files\\Common Files', 'PROCESSOR_IDENTIFIER': 'Intel64 Family 6 Model 158 Stepping 10, GenuineIntel', 'VBOX_MSI_INSTALL_PATH': 'C:\\Program Files\\Oracle\\VirtualBox\\', 'PROGRAMFILES': 'C:\\Program Files', 'PROCESSOR_REVISION': '9e0a', 'PATH': 'C:\\Panda3D-1.11.0-x64\\panda3d\\..\\bin;C:\\Program Files (x86)\\Razer\\ChromaBroadcast\\bin;C:\\Program Files\\Razer\\ChromaBroadcast\\bin;C:\\Program Files (x86)\\Common Files\\Intel\\Shared Libraries\\redist\\intel64_win\\compiler;C:\\Program Files (x86)\\Common Files\\Oracle\\Java\\javapath;C:\\Program Files (x86)\\Common Files\\Intel\\Shared Libraries\\redist\\intel64\\compiler;C:\\WINDOWS\\system32;C:\\WINDOWS;C:\\WINDOWS\\System32\\Wbem;C:\\WINDOWS\\System32\\WindowsPowerShell\\v1.0\\;C:\\WINDOWS\\System32\\OpenSSH\\;C:\\Program Files\\NVIDIA Corporation\\NVIDIA NGX;C:\\Program Files (x86)\\NVIDIA Corporation\\PhysX\\Common;C:\\Program Files\\NVIDIA Corporation\\NVIDIA NvDLISR;C:\\WINDOWS\\system32;C:\\WINDOWS;C:\\WINDOWS\\System32\\Wbem;C:\\WINDOWS\\System32\\WindowsPowerShell\\v1.0\\;C:\\WINDOWS\\System32\\OpenSSH\\;D:\\hollybae\\ffmpeg-4.1.3-win64-static\\ffmpeg-4.1.3-win64-static\\bin;C:\\Program Files\\dotnet\\;C:\\WINDOWS\\system32\\config\\systemprofile\\AppData\\Local\\Microsoft\\WindowsApps;C:\\Program Files (x86)\\QuickTime\\QTSystem\\;C:\\Users\\holla\\AppData\\Local\\Microsoft\\WindowsApps;C:\\Panda3D-1.10.4.1-x64\\python;C:\\Panda3D-1.10.4.1-x64\\python\\Scripts;C:\\Panda3D-1.10.4.1-x64\\bin;C:\\Panda3D-1.11.0-x64\\python;C:\\Panda3D-1.11.0-x64\\python\\Scripts;C:\\Panda3D-1.11.0-x64\\bin', 'SYSTEMROOT': 'C:\\WINDOWS', 'MIC_LD_LIBRARY_PATH': 'C:\\Program Files (x86)\\Common Files\\Intel\\Shared Libraries\\compiler\\lib\\intel64_win_mic', 'COMSPEC': 'C:\\WINDOWS\\system32\\cmd.exe', 'DRIVERDATA': 'C:\\Windows\\System32\\Drivers\\DriverData', 'PPYTHON_PATH': '"C:\\Panda3D-1.11.0-x64\\python\\ppython.exe"', 'TEMP': 'C:\\Users\\holla\\AppData\\Local\\Temp', 'COMMONPROGRAMFILES(X86)': 'C:\\Program Files (x86)\\Common Files', 'PROCESSOR_ARCHITECTURE': 'AMD64', 'PROGRAMFILES(X86)': 'C:\\Program Files (x86)', 'ALLUSERSPROFILE': 'C:\\ProgramData', 'LOCALAPPDATA': 'C:\\Users\\holla\\AppData\\Local', 'FPS_BROWSER_USER_PROFILE_STRING': 'Default', 'HOMEPATH': '\\Users\\holla', 'USERDOMAIN_ROAMINGPROFILE': 'HOLLYBAES-PC', 'PROGRAMW6432': 'C:\\Program Files', 'USERNAME': 'holla', 'LOGONSERVER': '\\\\HOLLYBAES-PC', 'PROMPT': '$P$G', 'SESSIONNAME': 'Console', 'PROGRAMDATA': 'C:\\ProgramData', 'ONEDRIVE': 'C:\\Users\\holla\\OneDrive - University of Guelph', 'FPS_BROWSER_APP_PROFILE_STRING': 'Internet Explorer', 'PATHEXT': '.COM;.EXE;.BAT;.CMD;.VBS;.VBE;.JS;.JSE;.WSF;.WSH;.MSC', 'TTOFF_LOGIN_TOKEN': 'dev', 'ONEDRIVECOMMERCIAL': 'C:\\Users\\holla\\OneDrive - University of Guelph', 'WINDIR': 'C:\\WINDOWS', 'APPDATA': 'C:\\Users\\holla\\AppData\\Roaming', 'HOMEDRIVE': 'C:', 'SYSTEMDRIVE': 'C:', 'NUMBER_OF_PROCESSORS': '12', 'PROCESSOR_LEVEL': '6', 'RG_GPU_FRAMEWORK_ENGINE_RESOURCEDIR': 'C:\\Program Files\\Red Giant\\RGFX', 'COMMONPROGRAMW6432': 'C:\\Program Files\\Common Files', 'OS': 'Windows_NT', 'PUBLIC': 'C:\\Users\\Public', 'USERPROFILE': 'C:\\Users\\holla'}
:02-24-2020 18:13:29 TTOffLauncher: isTestServer: 0
:02-24-2020 18:13:29 TTOffLauncher: Game Server 127.0.0.1
:02-24-2020 18:13:29 TTOffLauncher: Starting Toontown Online... 
:02-24-2020 18:13:29 TTOffLauncher: foreground: Launcher now operating in foreground
useTTOffSpecificLogin=True
:02-24-2020 18:13:29 TTOffLauncher: maybeStartGame: starting game
:02-24-2020 18:13:29 TTOffLauncher: Starting Toontown Online...
:02-24-2020 18:13:29 TTOffLauncher: background: Launcher now operating in background
ToontownStart: Polling for game2 to finish...
ToontownStart: Game2 is finished.
ToontownStart: Starting the game.
ToontownStart: setting default font
:02-24-2020 18:13:29 TTOffLauncher: setting panda error code to 7
Known pipe types:
  wglGraphicsPipe
(all display modules loaded.)
:02-24-2020 18:13:30 ToonBase: Default graphics pipe is wglGraphicsPipe (OpenGL).
:02-24-2020 18:13:30 ToonBase: Successfully opened window of type wglGraphicsWindow (OpenGL)
:02-24-2020 18:13:30 ShowBase: __dev__ == False
:02-24-2020 18:13:30 TTOffLauncher: setting panda error code to 11
:02-24-2020 18:13:30 TTOffLauncher: setting panda error code to 0
ToontownStart: Loading default gui sounds
ToontownStart: serverVersion:  tto-dev
:02-24-2020 18:13:30 Loader: starting bulk load of block 'init'
:02-24-2020 18:13:33 :nativenet(error): Buffered_DatagramConnection Constructor rbufsize = 4096000 wbufsize = 4096000 write_flush_point = 1400
:02-24-2020 18:13:33 OTPClientRepository: Using connect method 'http'
:02-24-2020 18:13:34 TTOffLauncher: getRegistry ('DEPLOYMENT', None)
:02-24-2020 18:13:34 TTOffLauncher: checking env
:02-24-2020 18:13:34 TTOffLauncher: getRegistry ('GAME_DEPLOYMENT', None)
:02-24-2020 18:13:34 TTOffLauncher: checking env
:02-24-2020 18:13:34 OTPClientRepository: reg_deployment=
:02-24-2020 18:13:34 OTPClientRepository: required-login auto.
:02-24-2020 18:13:34 OTPClientRepository: loginInterface: LoginTTOffAccount
:02-24-2020 18:13:34 TTOffLauncher: getNeedPwForSecretKey using ttoff-specific-login
:02-24-2020 18:13:34 Loader: At end of block 'init', expected 138, loaded 10, duration=4.0960841
:02-24-2020 18:13:34 OTPClientRepository: Connecting to gameserver directly (no proxy).
:02-24-2020 18:13:34 OTPClientRepository: Connecting to //127.0.0.1:7198 via HTTP interface.
:02-24-2020 18:13:34 TTOffLauncher: Stopping mini task manager.
:02-24-2020 18:13:34 OTPClientRepository: Successfully connected to //127.0.0.1:7198.
:02-24-2020 18:13:34 TTOffLauncher: Setting Disconnect Details normal
{401000001: <toontown.distributed.ToontownDistrict.ToontownDistrict instance at 0x000000001C4F3788>}
{401000001: <toontown.distributed.ToontownDistrict.ToontownDistrict instance at 0x000000001C4F3788>}
:02-24-2020 18:13:50 StateData: AvatarChooser.enter
:02-24-2020 18:13:50 DisplayOptions: settingsFullScreen = False, embedded = False width=800 height=600
:02-24-2020 18:13:50 StateData: calling self.displayOptions.restrictToEmbedded(False)
:02-24-2020 18:14:28 OTPClientRepository: ================
:02-24-2020 18:14:28 OTPClientRepository: Chose avatar id: 100000014
:02-24-2020 18:14:28 OTPClientRepository: Chose avatar name: Hollybae
:02-24-2020 18:14:28 OTPClientRepository: Chose avatar dna: ('css', 'ms', 'm', 'm', 16, 0, 16, 16, 113, 27, 18, 27, 7, 21)
:02-24-2020 18:14:28 OTPClientRepository: Chose avatar position: 5
:02-24-2020 18:14:28 OTPClientRepository: isPaid: 1
:02-24-2020 18:14:28 OTPClientRepository: freeTimeLeft: 0
:02-24-2020 18:14:28 OTPClientRepository: allowSecretChat: True
:02-24-2020 18:14:28 OTPClientRepository: ================
:02-24-2020 18:14:28 Loader: starting bulk load of block 'localAvatarPlayGame'
:02-24-2020 18:14:29 ToontownTimeManager(warning): error parsing date string=
local
:02-24-2020 18:14:29 NewsPageButtonManager(warning): Should not get here. NewsPageButtonManager.exitOff
:02-24-2020 18:14:29 :pnmimage:png(warning): iCCP: known incorrect sRGB profile
:02-24-2020 18:14:31 OTPClientRepository: Entering shard 401000001
:02-24-2020 18:14:31 StreetSign: Street sign url is https://ttoffline.com/images/
:02-24-2020 18:14:32 StreetSign: Street Sign is up to date
:02-24-2020 18:14:32 TimeManager: Clock sync: TimeManager.announceGenerate
:02-24-2020 18:14:32 NewsManager: setHolidayId: Starting Holiday 14
:02-24-2020 18:14:32 InGameNewsMgr: latestIssue=2013-08-22 16:49:46.000003-07:00
cpu info: GenuineIntel|Intel(R) Core(TM) i7-8700K CPU @ 3.70GHz|591594|0|3.701,3.701|6,12 cpus
:02-24-2020 18:14:34 OTPClientRepository: No sync from TimeManager.
:02-24-2020 18:14:34 OTPClientRepository: gotTimeSync
:02-24-2020 18:14:34 Loader: At end of block 'localAvatarPlayGame', expected 400, loaded 13, duration=5.1572166
:02-24-2020 18:14:34 TimeManager: Clock sync roundtrip took 1138.504 ms
:02-24-2020 18:14:34 TimeManager: AI time delta is -0:02 from server delta
:02-24-2020 18:14:34 TimeManager: Local clock uncertainty +/- 0.569 s
:02-24-2020 18:14:34 PlayGame: QA-REGRESSION: NEIGHBORHOODS: Visit Lawbot HQ
:02-24-2020 18:14:34 Loader: starting bulk load of block 'hood'
:02-24-2020 18:14:34 LawbotCogHQLoader: loadPlaceGeom: 13000
:02-24-2020 18:14:35 OTPClientRepository: Sending heartbeat mid-frame.
:02-24-2020 18:14:35 DistributedObject: DistributedSuitPlanner 401002972: generating
:02-24-2020 18:14:35 DistributedToon: calling LocalAvatar.startchat
:02-24-2020 18:14:35 :loader(error): Couldn't load file phase_4/models/questmap/cog_hq_lawbot_maps.bam: not found on model path (currently: "/;/d/hollybae/Aly/Toontown-School-House/toontown/launcher;/c/Panda3D-1.11.0-x64/etc/..;/c/Panda3D-1.11.0-x64/etc/../models")
:02-24-2020 18:14:35 Loader: At end of block 'hood', expected 2, loaded 7, duration=1.504724
:02-24-2020 18:14:37 Teleport(debug): teleportInDone: walk
:02-24-2020 18:14:37 :loader(error): Couldn't load file phase_4/models/questmap/cog_hq_lawbot_maps.bam: not found on model path (currently: "/;/d/hollybae/Aly/Toontown-School-House/toontown/launcher;/c/Panda3D-1.11.0-x64/etc/..;/c/Panda3D-1.11.0-x64/etc/../models")
:02-24-2020 18:14:38 TTOffMagicWordManager: Run mode has been toggled.
:02-24-2020 18:14:42 LawbotCogHQLoader: loadPlaceGeom: 13100
:02-24-2020 18:14:42 LawbotCogHQLoader: QA-REGRESSION: COGHQ: Visit LawbotLobby
:02-24-2020 18:14:43 LawbotHQExterior: Unloading Place (13000). Fsm in final
:02-24-2020 18:14:43 DistributedObject: DistributedSuitPlanner 401002972: disabling
:02-24-2020 18:14:43 DistributedToon: calling LocalAvatar.startchat
:02-24-2020 18:14:43 :loader(error): Couldn't load file phase_4/models/questmap/cog_hq_lawbot_maps.bam: not found on model path (currently: "/;/d/hollybae/Aly/Toontown-School-House/toontown/launcher;/c/Panda3D-1.11.0-x64/etc/..;/c/Panda3D-1.11.0-x64/etc/../models")
:02-24-2020 18:14:44 :loader(error): Couldn't load file phase_4/models/questmap/cog_hq_lawbot_maps.bam: not found on model path (currently: "/;/d/hollybae/Aly/Toontown-School-House/toontown/launcher;/c/Panda3D-1.11.0-x64/etc/..;/c/Panda3D-1.11.0-x64/etc/../models")
:02-24-2020 18:14:56 LawbotCogHQLoader: loadPlaceGeom: 61000
:02-24-2020 18:14:56 LawbotCogHQLoader(warning): loadPlaceGeom: unclassified zone 61000
:02-24-2020 18:14:56 CogHQLobby: Unloading Place (13100). Fsm in final
:02-24-2020 18:14:56 DistributedLawbotBoss(warning): Not a collision node: LawbotCourtroom3.egg/-PandaNode/CR3/interior/CR3_Floor
:02-24-2020 18:14:56 DistributedToon: calling LocalAvatar.startchat
:02-24-2020 18:14:57 LawbotHQBossBattle(warning): fsm.request('movie') returned 0 (zone id 61000, avatar pos LPoint3f(-0.363562, -126.204, 0.193903)).
:02-24-2020 18:15:09 TTOffMagicWordManager: Abracadabra!
:02-24-2020 18:15:11 LawbotHQBossBattle(warning): fsm.request('movie') returned 0 (zone id 61000, avatar pos LPoint3f(-0.363562, -126.204, 0.193903)).
:02-24-2020 18:15:12 TTOffMagicWordManager: Gave Hollybae an infinite amount of pies
:02-24-2020 18:15:14 Actor(warning): called actor.removeNode() on actor without calling cleanup()
:02-24-2020 18:15:14 Actor(warning): called actor.removeNode() on actor without calling cleanup()
:02-24-2020 18:15:14 Actor(warning): called actor.removeNode() on actor without calling cleanup()
:02-24-2020 18:15:14 Actor(warning): called actor.removeNode() on actor without calling cleanup()
:02-24-2020 18:15:14 Actor(warning): called actor.removeNode() on actor without calling cleanup()
:02-24-2020 18:15:14 Actor(warning): called actor.removeNode() on actor without calling cleanup()
:02-24-2020 18:15:14 Actor(warning): called actor.removeNode() on actor without calling cleanup()
:02-24-2020 18:15:14 Actor(warning): called actor.removeNode() on actor without calling cleanup()
:02-24-2020 18:15:14 Actor(warning): called actor.removeNode() on actor without calling cleanup()
:02-24-2020 18:15:14 Actor(warning): called actor.removeNode() on actor without calling cleanup()
:02-24-2020 18:15:14 Actor(warning): called actor.removeNode() on actor without calling cleanup()
:02-24-2020 18:15:14 Actor(warning): called actor.removeNode() on actor without calling cleanup()
:02-24-2020 18:15:14 TTOffMagicWordManager: Restarting Scale Round
:02-24-2020 18:15:17 TTOffMagicWordManager: Run mode has been toggled.
:02-24-2020 18:15:19 LawbotHQBossBattle(warning): fsm.request('finalBattle') returned 0 (zone id 61000, avatar pos LPoint3f(-16.3023, 14.3949, 0)).
:02-24-2020 18:15:19 TTOffMagicWordManager: Restarting Scale Round
:02-24-2020 18:15:43 LawbotHQBossBattle(warning): fsm.request('finalBattle') returned 0 (zone id 61000, avatar pos LPoint3f(-59.398, 21.5897, -0.000325074)).
:02-24-2020 18:15:43 TTOffMagicWordManager: Restarting Scale Round
:02-24-2020 18:15:56 TTOffMagicWordManager: Presto!
:02-24-2020 18:16:08 TTOffMagicWordManager: Presto!
:02-24-2020 18:16:24 :linmath(warning): Tried to invert singular LMatrix3.
:02-24-2020 18:17:07 TTOffMagicWordManager: Presto!
:02-24-2020 18:17:19 TTOffMagicWordManager: Abracadabra!
:02-24-2020 18:18:06 TTOffMagicWordManager: Voila!
:02-24-2020 18:18:21 TTOffMagicWordManager: Presto!
:02-24-2020 18:18:25 TTOffMagicWordManager: Alakazam!
:02-24-2020 18:18:31 GarbageCollect(warning): garbage found, reverting gc threshold
:02-24-2020 18:18:47 TTOffMagicWordManager: Ta-da!
:02-24-2020 18:19:04 TTOffMagicWordManager: Voila!
:02-24-2020 18:19:29 TTOffMagicWordManager: Abracadabra!
frame rate: 213.9 fps|0.001d|13 avs||360|361||0x0000|0x0000|1093.1MB|1279.2MB|16235.6MB|621|nt.2.6.2|3.701,3.701|6,12 cpus|OpenGL
:02-24-2020 18:19:34 TTOffMagicWordManager: Alakazam!
:02-24-2020 18:20:13 TTOffMagicWordManager: Ta-da!
:02-24-2020 18:20:30 TTOffMagicWordManager: Presto!
:02-24-2020 18:20:41 TTOffMagicWordManager: Voila!
:02-24-2020 18:20:53 TTOffMagicWordManager: Abracadabra!
:02-24-2020 18:21:11 TTOffMagicWordManager: Presto!
:02-24-2020 18:21:31 TTOffMagicWordManager: Presto!
:02-24-2020 18:22:55 OTPClientRepository: Sending heartbeat mid-frame.
:02-24-2020 18:22:58 TTOffMagicWordManager: Alakazam!
:02-24-2020 18:23:14 TTOffMagicWordManager: Alakazam!
:02-24-2020 18:23:29 TTOffMagicWordManager: Voila!
:02-24-2020 18:23:52 TTOffMagicWordManager: Ta-da!
:02-24-2020 18:24:12 TTOffMagicWordManager: Ta-da!
:02-24-2020 18:24:25 TTOffMagicWordManager: Ta-da!
frame rate: 212.4 fps|0.001d|13 avs||660|661||0x0000|0x0000|1365.1MB|1551.5MB|16235.6MB|691|nt.2.6.2|3.701,3.701|6,12 cpus|OpenGL
:02-24-2020 18:24:34 TTOffMagicWordManager: Presto!
:02-24-2020 18:24:47 TTOffMagicWordManager: Ta-da!
:02-24-2020 18:24:59 TTOffMagicWordManager: Ta-da!
:02-24-2020 18:25:26 TTOffMagicWordManager: Alakazam!
:02-24-2020 18:25:38 TTOffMagicWordManager: Ta-da!
:02-24-2020 18:25:46 TTOffMagicWordManager: Alakazam!
:02-24-2020 18:25:56 TTOffMagicWordManager: Abracadabra!
:02-24-2020 18:26:22 TTOffMagicWordManager: Voila!
:02-24-2020 18:26:32 TTOffMagicWordManager: Alakazam!
:02-24-2020 18:26:41 TTOffMagicWordManager: Ta-da!
:02-24-2020 18:26:51 TTOffMagicWordManager: Presto!
:02-24-2020 18:27:08 TTOffMagicWordManager: Presto!
:02-24-2020 18:27:26 TTOffMagicWordManager: Abracadabra!
:02-24-2020 18:27:40 TTOffMagicWordManager: Voila!
:02-24-2020 18:27:54 TTOffMagicWordManager: Alakazam!
:02-24-2020 18:28:02 TTOffMagicWordManager: Ta-da!
:02-24-2020 18:28:03 TTOffMagicWordManager: Alakazam!
:02-24-2020 18:28:25 TTOffMagicWordManager: Alakazam!
:02-24-2020 18:28:40 TTOffMagicWordManager: Ta-da!
:02-24-2020 18:28:50 TTOffMagicWordManager: Alakazam!
:02-24-2020 18:29:08 TTOffMagicWordManager: Ta-da!
:02-24-2020 18:29:21 TTOffMagicWordManager: Ta-da!
frame rate: 201.4 fps|0.001d|13 avs||960|961||0x0000|0x0000|1679.6MB|1866.7MB|16235.6MB|771|nt.2.6.2|3.701,3.701|6,12 cpus|OpenGL
:02-24-2020 18:29:35 TTOffMagicWordManager: Ta-da!
:02-24-2020 18:29:47 TTOffMagicWordManager: Alakazam!
:02-24-2020 18:30:00 TTOffMagicWordManager: Abracadabra!
:02-24-2020 18:30:14 TTOffMagicWordManager: Presto!
:02-24-2020 18:30:37 TTOffMagicWordManager: Voila!
:02-24-2020 18:31:17 TTOffMagicWordManager: Presto!
:02-24-2020 18:31:29 TTOffMagicWordManager: Alakazam!
:02-24-2020 18:31:42 TTOffMagicWordManager: Presto!
:02-24-2020 18:31:57 TTOffMagicWordManager: Abracadabra!
:02-24-2020 18:32:08 TTOffMagicWordManager: Alakazam!
:02-24-2020 18:32:26 TTOffMagicWordManager: Ta-da!
:02-24-2020 18:32:39 TTOffMagicWordManager: Abracadabra!
:02-24-2020 18:32:49 TTOffMagicWordManager: Ta-da!
:02-24-2020 18:33:12 TTOffMagicWordManager: Abracadabra!
:02-24-2020 18:33:39 TTOffMagicWordManager: Voila!
:02-24-2020 18:34:01 TTOffMagicWordManager: Alakazam!
:02-24-2020 18:34:13 TTOffMagicWordManager: Voila!
frame rate: 214.7 fps|0.001d|13 avs||1260|1261||0x0000|0x0000|1991.8MB|2179.5MB|16235.6MB|852|nt.2.6.2|3.701,3.701|6,12 cpus|OpenGL
:02-24-2020 18:34:33 TTOffMagicWordManager: Presto!
:02-24-2020 18:34:56 TTOffMagicWordManager: Ta-da!
:02-24-2020 18:34:57 TTOffMagicWordManager: Abracadabra!
:02-24-2020 18:35:08 TTOffMagicWordManager: Abracadabra!
:02-24-2020 18:35:19 TTOffMagicWordManager: Presto!
:02-24-2020 18:35:26 TTOffMagicWordManager: Abracadabra!
:02-24-2020 18:37:37 TTOffMagicWordManager: Presto!
:02-24-2020 18:37:49 TTOffMagicWordManager: Alakazam!
:02-24-2020 18:38:11 TTOffMagicWordManager: Alakazam!
:02-24-2020 18:38:25 TTOffMagicWordManager: Alakazam!
:02-24-2020 18:38:38 TTOffMagicWordManager: Abracadabra!
:02-24-2020 18:38:54 TTOffMagicWordManager: Ta-da!
:02-24-2020 18:39:01 TTOffMagicWordManager: Abracadabra!
:02-24-2020 18:39:20 TTOffMagicWordManager: Presto!
:02-24-2020 18:39:31 TTOffMagicWordManager: Abracadabra!
frame rate: 215.6 fps|0.001d|13 avs||1560|1561||0x0000|0x0000|2284.5MB|2472.9MB|16235.6MB|927|nt.2.6.2|3.701,3.701|6,12 cpus|OpenGL
:02-24-2020 18:39:47 TTOffMagicWordManager: Ta-da!
:02-24-2020 18:39:56 TTOffMagicWordManager: Alakazam!
:02-24-2020 18:40:08 TTOffMagicWordManager: Voila!
:02-24-2020 18:40:27 TTOffMagicWordManager: Alakazam!
:02-24-2020 18:40:47 TTOffMagicWordManager: Alakazam!
:02-24-2020 18:41:00 TTOffMagicWordManager: Abracadabra!
:02-24-2020 18:41:22 TTOffMagicWordManager: Ta-da!
:02-24-2020 18:42:02 TTOffMagicWordManager: Ta-da!
:02-24-2020 18:42:17 TTOffMagicWordManager: Ta-da!
:02-24-2020 18:42:30 TTOffMagicWordManager: Abracadabra!
:02-24-2020 18:42:47 TTOffMagicWordManager: Ta-da!
:02-24-2020 18:43:04 TTOffMagicWordManager: Ta-da!
:02-24-2020 18:43:14 TTOffMagicWordManager: Voila!
:02-24-2020 18:43:28 TTOffMagicWordManager: Voila!
:02-24-2020 18:43:39 TTOffMagicWordManager: Voila!
:02-24-2020 18:43:54 TTOffMagicWordManager: Presto!
:02-24-2020 18:44:03 TTOffMagicWordManager: Abracadabra!
:02-24-2020 18:44:12 TTOffMagicWordManager: Alakazam!
:02-24-2020 18:44:26 TTOffMagicWordManager: Ta-da!
:02-24-2020 18:44:31 TimeManager: Clock sync: timer
frame rate: 206.7 fps|0.001d|13 avs||1860|1861||0x0000|0x0000|2603.9MB|2793.1MB|16235.6MB|1009|nt.2.6.2|3.701,3.701|6,12 cpus|OpenGL
:02-24-2020 18:44:31 TimeManager: Clock sync roundtrip took 11.572 ms
:02-24-2020 18:44:31 TimeManager: AI time delta is -0:00 from server delta
:02-24-2020 18:44:31 ClockDelta: previous delta at -0.741 s, +/- 1.069 s.
:02-24-2020 18:44:31 ClockDelta: new delta at -1.272 s, +/- 0.006 s.
:02-24-2020 18:44:31 ClockDelta: intersection at -1.272 s, +/- 0.006 s.
:02-24-2020 18:44:31 TimeManager: Local clock uncertainty +/- 0.006 s
:02-24-2020 18:44:36 TTOffMagicWordManager: Ta-da!
:02-24-2020 18:44:44 TTOffMagicWordManager: Presto!
:02-24-2020 18:44:59 TTOffMagicWordManager: Alakazam!
:02-24-2020 18:45:11 TTOffMagicWordManager: Alakazam!
:02-24-2020 18:45:43 TTOffMagicWordManager: Abracadabra!
:02-24-2020 18:45:54 TTOffMagicWordManager: Voila!
:02-24-2020 18:46:04 TTOffMagicWordManager: Alakazam!
:02-24-2020 18:46:13 TTOffMagicWordManager: Alakazam!
:02-24-2020 18:46:22 TTOffMagicWordManager: Presto!
:02-24-2020 18:46:35 TTOffMagicWordManager: Abracadabra!
:02-24-2020 18:46:52 TTOffMagicWordManager: Alakazam!
:02-24-2020 18:47:08 TTOffMagicWordManager: Presto!
:02-24-2020 18:47:19 TTOffMagicWordManager: Ta-da!
:02-24-2020 18:48:33 TTOffMagicWordManager: Voila!
:02-24-2020 18:48:59 TTOffMagicWordManager: Presto!
:02-24-2020 18:49:13 TTOffMagicWordManager: Abracadabra!
:02-24-2020 18:49:27 TTOffMagicWordManager: Abracadabra!
frame rate: 213.7 fps|0.001d|13 avs||2160|2161||0x0000|0x0000|2698.9MB|3100.3MB|16235.6MB|1088|nt.2.6.2|3.701,3.701|6,12 cpus|OpenGL
:02-24-2020 18:49:40 TTOffMagicWordManager: Abracadabra!
:02-24-2020 18:49:52 TTOffMagicWordManager: Abracadabra!
:02-24-2020 18:50:03 TTOffMagicWordManager: Ta-da!
:02-24-2020 18:50:17 TTOffMagicWordManager: Abracadabra!
:02-24-2020 18:50:21 TTOffMagicWordManager: Alakazam!
:02-24-2020 18:50:37 TTOffMagicWordManager: Alakazam!
:02-24-2020 18:50:57 TimeManager: Clock sync: user hotkey
:02-24-2020 18:50:57 TimeManager: Clock sync roundtrip took 10.112 ms
:02-24-2020 18:50:57 TimeManager: AI time delta is -0:00 from server delta
:02-24-2020 18:50:57 ClockDelta: previous delta at -1.272 s, +/- 0.113 s.
:02-24-2020 18:50:57 ClockDelta: new delta at -1.274 s, +/- 0.005 s.
:02-24-2020 18:50:57 ClockDelta: intersection at -1.274 s, +/- 0.005 s.
:02-24-2020 18:50:57 TimeManager: Local clock uncertainty +/- 0.005 s
:02-24-2020 18:52:17 TTOffMagicWordManager: Hollybae's laff has been set to 127.
:02-24-2020 18:52:20 TTOffMagicWordManager: Voila!
:02-24-2020 18:52:27 :linmath(warning): Tried to invert singular LMatrix3.
:02-24-2020 18:52:29 TTOffMagicWordManager: Alakazam!
:02-24-2020 18:52:44 TTOffMagicWordManager: Ta-da!
:02-24-2020 18:52:53 TTOffMagicWordManager: Abracadabra!
:02-24-2020 18:53:13 TTOffMagicWordManager: Alakazam!
:02-24-2020 18:53:27 TTOffMagicWordManager: Ta-da!
frame rate: 264.2 fps|0.000d|13 avs||2460|2461||0x0000|0x0000|2467.2MB|3454.6MB|16235.6MB|1179|nt.2.6.2|3.701,3.701|6,12 cpus|OpenGL
adding timeout task
adding timeout task
