

Starting Toontown Online...
Current time: Fri Nov 13 21:19:14 2020 Eastern Standard Time
sys.path =  ['', 'C:\\Panda3D-1.11.0-x64\\python\\python27.zip', 'C:\\Panda3D-1.11.0-x64', 'C:\\Panda3D-1.11.0-x64\\python\\DLLs', 'C:\\Panda3D-1.11.0-x64\\python\\lib', 'C:\\Panda3D-1.11.0-x64\\python\\lib\\plat-win', 'C:\\Panda3D-1.11.0-x64\\python\\lib\\lib-tk', 'C:\\Panda3D-1.11.0-x64\\python', 'C:\\Panda3D-1.11.0-x64\\bin', 'C:\\Panda3D-1.11.0-x64\\python\\lib\\site-packages']
sys.argv =  ['C:\\Ultimate TTSH Source Pack\\TTSH - Cinematic Edition\\toontown\\launcher\\TTOffQuickStartLauncher.py']
generating standard configrc
os.environ =  {'TMP': 'C:\\Users\\holla\\AppData\\Local\\Temp', 'ONEDRIVECONSUMER': 'C:\\Users\\holla\\OneDrive', 'COMPUTERNAME': 'HOLLYBAES-PC', 'USERDOMAIN': 'HOLLYBAES-PC', 'INTEL_DEV_REDIST': 'C:\\Program Files (x86)\\Common Files\\Intel\\Shared Libraries\\', 'PSMODULEPATH': '%ProgramFiles%\\WindowsPowerShell\\Modules;C:\\WINDOWS\\system32\\WindowsPowerShell\\v1.0\\Modules', 'COMMONPROGRAMFILES': 'C:\\Program Files\\Common Files', 'PROCESSOR_IDENTIFIER': 'Intel64 Family 6 Model 158 Stepping 10, GenuineIntel', 'PROGRAMFILES': 'C:\\Program Files', 'PROCESSOR_REVISION': '9e0a', 'SYSTEMROOT': 'C:\\WINDOWS', 'PATH': 'C:\\Panda3D-1.11.0-x64\\panda3d\\..\\bin;C:\\Program Files (x86)\\Razer\\ChromaBroadcast\\bin;C:\\Program Files\\Razer\\ChromaBroadcast\\bin;C:\\Program Files (x86)\\Common Files\\Intel\\Shared Libraries\\redist\\intel64\\compiler;C:\\Program Files (x86)\\Common Files\\Oracle\\Java\\javapath;C:\\WINDOWS\\system32;C:\\WINDOWS;C:\\WINDOWS\\System32\\Wbem;C:\\WINDOWS\\System32\\WindowsPowerShell\\v1.0\\;C:\\WINDOWS\\System32\\OpenSSH\\;C:\\Program Files (x86)\\NVIDIA Corporation\\PhysX\\Common;C:\\Program Files\\NVIDIA Corporation\\NVIDIA NvDLISR;C:\\WINDOWS\\system32\\config\\systemprofile\\AppData\\Local\\Microsoft\\WindowsApps;C:\\Users\\holla\\AppData\\Local\\Microsoft\\WindowsApps;C:\\Panda3D-1.11.0-x64\\python;C:\\Panda3D-1.11.0-x64\\python\\Scripts;C:\\Panda3D-1.11.0-x64\\bin', 'MIC_LD_LIBRARY_PATH': 'C:\\Program Files (x86)\\Common Files\\Intel\\Shared Libraries\\compiler\\lib\\mic', 'DRIVERDATA': 'C:\\Windows\\System32\\Drivers\\DriverData', 'PPYTHON_PATH': '"C:\\Panda3D-1.11.0-x64\\python\\ppython.exe"', 'TEMP': 'C:\\Users\\holla\\AppData\\Local\\Temp', 'COMMONPROGRAMFILES(X86)': 'C:\\Program Files (x86)\\Common Files', 'PROCESSOR_ARCHITECTURE': 'AMD64', 'PROGRAMFILES(X86)': 'C:\\Program Files (x86)', 'ALLUSERSPROFILE': 'C:\\ProgramData', 'LOCALAPPDATA': 'C:\\Users\\holla\\AppData\\Local', 'HOMEPATH': '\\Users\\holla', 'USERDOMAIN_ROAMINGPROFILE': 'HOLLYBAES-PC', 'PROGRAMW6432': 'C:\\Program Files', 'USERNAME': 'holla', 'LOGONSERVER': '\\\\HOLLYBAES-PC', 'PROMPT': '$P$G', 'COMSPEC': 'C:\\WINDOWS\\system32\\cmd.exe', 'PROGRAMDATA': 'C:\\ProgramData', 'ONEDRIVE': 'C:\\Users\\holla\\OneDrive', 'PATHEXT': '.COM;.EXE;.BAT;.CMD;.VBS;.VBE;.JS;.JSE;.WSF;.WSH;.MSC', 'TTOFF_LOGIN_TOKEN': 'dev', 'WINDIR': 'C:\\WINDOWS', 'APPDATA': 'C:\\Users\\holla\\AppData\\Roaming', 'HOMEDRIVE': 'C:', 'SYSTEMDRIVE': 'C:', 'NUMBER_OF_PROCESSORS': '12', 'PROCESSOR_LEVEL': '6', 'RG_GPU_FRAMEWORK_ENGINE_RESOURCEDIR': '%ProgramFiles%\\Red Giant\\RGFX', 'COMMONPROGRAMW6432': 'C:\\Program Files\\Common Files', 'OS': 'Windows_NT', 'PUBLIC': 'C:\\Users\\Public', 'USERPROFILE': 'C:\\Users\\holla'}
:11-13-2020 21:19:14 TTOffLauncher: isTestServer: 0
:11-13-2020 21:19:14 TTOffLauncher: Game Server 127.0.0.1
:11-13-2020 21:19:14 TTOffLauncher: Starting Toontown Online... 
:11-13-2020 21:19:14 TTOffLauncher: foreground: Launcher now operating in foreground
useTTOffSpecificLogin=True
:11-13-2020 21:19:14 TTOffLauncher: maybeStartGame: starting game
:11-13-2020 21:19:14 TTOffLauncher: Starting Toontown Online...
:11-13-2020 21:19:14 TTOffLauncher: background: Launcher now operating in background
ToontownStart: Polling for game2 to finish...
ToontownStart: Game2 is finished.
ToontownStart: Starting the game.
ToontownStart: setting default font
:11-13-2020 21:19:14 TTOffLauncher: setting panda error code to 7
Known pipe types:
  wglGraphicsPipe
(all display modules loaded.)
:11-13-2020 21:19:14 ToonBase: Default graphics pipe is wglGraphicsPipe (OpenGL).
:11-13-2020 21:19:14 ToonBase: Successfully opened window of type wglGraphicsWindow (OpenGL)
:11-13-2020 21:19:14 ShowBase: __dev__ == False
:11-13-2020 21:19:14 TTOffLauncher: setting panda error code to 11
:11-13-2020 21:19:14 TTOffLauncher: setting panda error code to 0
ToontownStart: Loading default gui sounds
ToontownStart: serverVersion:  tto-dev
:11-13-2020 21:19:14 Loader: starting bulk load of block 'init'
:11-13-2020 21:19:15 :nativenet(error): Buffered_DatagramConnection Constructor rbufsize = 4096000 wbufsize = 4096000 write_flush_point = 1400
:11-13-2020 21:19:15 OTPClientRepository: Using connect method 'http'
:11-13-2020 21:19:16 TTOffLauncher: getRegistry ('DEPLOYMENT', None)
:11-13-2020 21:19:16 TTOffLauncher: checking env
:11-13-2020 21:19:16 TTOffLauncher: getRegistry ('GAME_DEPLOYMENT', None)
:11-13-2020 21:19:16 TTOffLauncher: checking env
:11-13-2020 21:19:16 OTPClientRepository: reg_deployment=
:11-13-2020 21:19:16 OTPClientRepository: required-login auto.
:11-13-2020 21:19:16 OTPClientRepository: loginInterface: LoginTTOffAccount
:11-13-2020 21:19:16 TTOffLauncher: getNeedPwForSecretKey using ttoff-specific-login
:11-13-2020 21:19:16 Loader: At end of block 'init', expected 138, loaded 9, duration=1.88838
:11-13-2020 21:19:16 OTPClientRepository: Connecting to gameserver directly (no proxy).
:11-13-2020 21:19:16 OTPClientRepository: Connecting to //127.0.0.1:7198 via HTTP interface.
:11-13-2020 21:19:16 TTOffLauncher: Stopping mini task manager.
:11-13-2020 21:19:16 OTPClientRepository: Successfully connected to //127.0.0.1:7198.
:11-13-2020 21:19:16 TTOffLauncher: Setting Disconnect Details normal
{401000001: <toontown.distributed.ToontownDistrict.ToontownDistrict instance at 0x000000001A292A08>}
:11-13-2020 21:19:17 StateData: AvatarChooser.enter
:11-13-2020 21:19:17 DisplayOptions: settingsFullScreen = False, embedded = False width=800 height=600
:11-13-2020 21:19:17 StateData: calling self.displayOptions.restrictToEmbedded(False)
:11-13-2020 21:19:22 OTPClientRepository: ================
:11-13-2020 21:19:22 OTPClientRepository: Chose avatar id: 100000004
:11-13-2020 21:19:22 OTPClientRepository: Chose avatar name: Holland
:11-13-2020 21:19:22 OTPClientRepository: Chose avatar dna: ('css', 'ms', 'm', 'm', 16, 0, 16, 16, 113, 27, 100, 27, 7, 21)
:11-13-2020 21:19:22 OTPClientRepository: Chose avatar position: 3
:11-13-2020 21:19:22 OTPClientRepository: isPaid: 1
:11-13-2020 21:19:22 OTPClientRepository: freeTimeLeft: 0
:11-13-2020 21:19:22 OTPClientRepository: allowSecretChat: True
:11-13-2020 21:19:22 OTPClientRepository: ================
:11-13-2020 21:19:22 Loader: starting bulk load of block 'localAvatarPlayGame'
:11-13-2020 21:19:23 ToontownTimeManager(warning): error parsing date string=
local
:11-13-2020 21:19:23 NewsPageButtonManager(warning): Should not get here. NewsPageButtonManager.exitOff
:11-13-2020 21:19:23 :pnmimage:png(warning): iCCP: known incorrect sRGB profile
:11-13-2020 21:19:25 OTPClientRepository: Entering shard 401000001
:11-13-2020 21:19:25 StreetSign: Street sign url is https://ttoffline.com/images/
:11-13-2020 21:19:26 StreetSign: Street Sign is up to date
:11-13-2020 21:19:26 TimeManager: Clock sync: TimeManager.announceGenerate
:11-13-2020 21:19:26 InGameNewsMgr: latestIssue=2013-08-22 16:49:46.000003-07:00
cpu info: GenuineIntel|Intel(R) Core(TM) i7-8700K CPU @ 3.70GHz|591594|0|3.696,3.696|6,12 cpus
:11-13-2020 21:19:27 OTPClientRepository: No sync from TimeManager.
:11-13-2020 21:19:27 OTPClientRepository: gotTimeSync
:11-13-2020 21:19:27 Loader: At end of block 'localAvatarPlayGame', expected 400, loaded 11, duration=4.6606591
:11-13-2020 21:19:27 OTPClientRepository: Sending heartbeat mid-frame.
:11-13-2020 21:19:27 TimeManager: Clock sync roundtrip took 1101.929 ms
:11-13-2020 21:19:27 TimeManager: AI time delta is -0:01 from server delta
:11-13-2020 21:19:27 TimeManager: Local clock uncertainty +/- 0.551 s
:11-13-2020 21:19:27 PlayGame: QA-REGRESSION: NEIGHBORHOODS: Visit Lawbot HQ
:11-13-2020 21:19:27 Loader: starting bulk load of block 'hood'
:11-13-2020 21:19:28 LawbotCogHQLoader: loadPlaceGeom: 13000
:11-13-2020 21:19:28 DistributedObject: DistributedSuitPlanner 401002972: generating
:11-13-2020 21:19:28 DistributedToon: calling LocalAvatar.startchat
:11-13-2020 21:19:28 :loader(error): Couldn't load file phase_4/models/questmap/cog_hq_lawbot_maps.bam: not found on model path (currently: "/;/c/Ultimate TTSH Source Pack/TTSH - Cinematic Edition/toontown/launcher;/c/Panda3D-1.11.0-x64/etc/..;/c/Panda3D-1.11.0-x64/etc/../models")
:11-13-2020 21:19:28 Loader: At end of block 'hood', expected 2, loaded 3, duration=0.813245
:11-13-2020 21:19:29 Teleport(debug): teleportInDone: walk
:11-13-2020 21:19:29 :loader(error): Couldn't load file phase_4/models/questmap/cog_hq_lawbot_maps.bam: not found on model path (currently: "/;/c/Ultimate TTSH Source Pack/TTSH - Cinematic Edition/toontown/launcher;/c/Panda3D-1.11.0-x64/etc/..;/c/Panda3D-1.11.0-x64/etc/../models")
:11-13-2020 21:19:33 TTOffMagicWordManager: God mode enabled for Holland!
:11-13-2020 21:19:43 TTOffMagicWordManager: Run mode has been toggled.
:11-13-2020 21:21:16 TTOffMagicWordManager: Presto!
:11-13-2020 21:21:27 TTOffMagicWordManager: Successfully cleared all camera points!
:11-13-2020 21:21:40 TTOffMagicWordManager: LPoint3f(-101.349, -188.069, -28.6078)
:11-13-2020 21:21:51 TTOffMagicWordManager: LVecBase3f(-107.347, 0, 0)
:11-13-2020 21:22:11 TTOffMagicWordManager: Voila!
