

Starting Toontown Online...
Current time: Fri Dec  6 13:34:04 2019 Eastern Standard Time
sys.path =  ['', 'C:\\Panda3D-1.11.0-x64\\python\\python27.zip', 'C:\\Panda3D-1.11.0-x64', 'C:\\Panda3D-1.11.0-x64\\python\\DLLs', 'C:\\Panda3D-1.11.0-x64\\python\\lib', 'C:\\Panda3D-1.11.0-x64\\python\\lib\\plat-win', 'C:\\Panda3D-1.11.0-x64\\python\\lib\\lib-tk', 'C:\\Panda3D-1.11.0-x64\\python', 'C:\\Panda3D-1.11.0-x64\\bin', 'C:\\Panda3D-1.11.0-x64\\python\\lib\\site-packages']
sys.argv =  ['D:\\hollybae\\Aly\\Toontown-School-House\\toontown\\launcher\\TTOffQuickStartLauncher.py']
generating standard configrc
os.environ =  {'TMP': 'C:\\Users\\holla\\AppData\\Local\\Temp', 'COMPUTERNAME': 'HOLLYBAES-PC', 'USERDOMAIN': 'HOLLYBAES-PC', 'INTEL_DEV_REDIST': 'C:\\Program Files (x86)\\Common Files\\Intel\\Shared Libraries\\', 'PSMODULEPATH': 'C:\\Program Files\\WindowsPowerShell\\Modules;C:\\WINDOWS\\system32\\WindowsPowerShell\\v1.0\\Modules', 'COMMONPROGRAMFILES': 'C:\\Program Files\\Common Files', 'PROCESSOR_IDENTIFIER': 'Intel64 Family 6 Model 158 Stepping 10, GenuineIntel', 'VBOX_MSI_INSTALL_PATH': 'C:\\Program Files\\Oracle\\VirtualBox\\', 'PROGRAMFILES': 'C:\\Program Files', 'PROCESSOR_REVISION': '9e0a', 'PATH': 'C:\\Panda3D-1.11.0-x64\\panda3d\\..\\bin;C:\\Program Files (x86)\\Razer\\ChromaBroadcast\\bin;C:\\Program Files\\Razer\\ChromaBroadcast\\bin;C:\\Program Files (x86)\\Common Files\\Intel\\Shared Libraries\\redist\\intel64_win\\compiler;C:\\Program Files (x86)\\Common Files\\Oracle\\Java\\javapath;C:\\Program Files (x86)\\Common Files\\Intel\\Shared Libraries\\redist\\intel64\\compiler;C:\\WINDOWS\\system32;C:\\WINDOWS;C:\\WINDOWS\\System32\\Wbem;C:\\WINDOWS\\System32\\WindowsPowerShell\\v1.0\\;C:\\WINDOWS\\System32\\OpenSSH\\;C:\\Program Files\\NVIDIA Corporation\\NVIDIA NGX;C:\\Program Files (x86)\\NVIDIA Corporation\\PhysX\\Common;C:\\Program Files\\NVIDIA Corporation\\NVIDIA NvDLISR;C:\\WINDOWS\\system32;C:\\WINDOWS;C:\\WINDOWS\\System32\\Wbem;C:\\WINDOWS\\System32\\WindowsPowerShell\\v1.0\\;C:\\WINDOWS\\System32\\OpenSSH\\;D:\\hollybae\\ffmpeg-4.1.3-win64-static\\ffmpeg-4.1.3-win64-static\\bin;C:\\Program Files\\dotnet\\;C:\\WINDOWS\\system32\\config\\systemprofile\\AppData\\Local\\Microsoft\\WindowsApps;C:\\Users\\holla\\AppData\\Local\\Microsoft\\WindowsApps;C:\\Panda3D-1.10.4.1-x64\\python;C:\\Panda3D-1.10.4.1-x64\\python\\Scripts;C:\\Panda3D-1.10.4.1-x64\\bin;C:\\Panda3D-1.11.0-x64\\python;C:\\Panda3D-1.11.0-x64\\python\\Scripts;C:\\Panda3D-1.11.0-x64\\bin', 'SYSTEMROOT': 'C:\\WINDOWS', 'MIC_LD_LIBRARY_PATH': 'C:\\Program Files (x86)\\Common Files\\Intel\\Shared Libraries\\compiler\\lib\\intel64_win_mic', 'COMSPEC': 'C:\\WINDOWS\\system32\\cmd.exe', 'DRIVERDATA': 'C:\\Windows\\System32\\Drivers\\DriverData', 'PPYTHON_PATH': '"C:\\Panda3D-1.11.0-x64\\python\\ppython.exe"', 'TEMP': 'C:\\Users\\holla\\AppData\\Local\\Temp', 'COMMONPROGRAMFILES(X86)': 'C:\\Program Files (x86)\\Common Files', 'PROCESSOR_ARCHITECTURE': 'AMD64', 'PROGRAMFILES(X86)': 'C:\\Program Files (x86)', 'ALLUSERSPROFILE': 'C:\\ProgramData', 'LOCALAPPDATA': 'C:\\Users\\holla\\AppData\\Local', 'HOMEPATH': '\\Users\\holla', 'USERDOMAIN_ROAMINGPROFILE': 'HOLLYBAES-PC', 'PROGRAMW6432': 'C:\\Program Files', 'USERNAME': 'holla', 'LOGONSERVER': '\\\\HOLLYBAES-PC', 'PROMPT': '$P$G', 'SESSIONNAME': 'Console', 'PROGRAMDATA': 'C:\\ProgramData', 'ONEDRIVE': 'C:\\Users\\holla\\OneDrive', 'PATHEXT': '.COM;.EXE;.BAT;.CMD;.VBS;.VBE;.JS;.JSE;.WSF;.WSH;.MSC', 'TTOFF_LOGIN_TOKEN': 'dev', 'WINDIR': 'C:\\WINDOWS', 'APPDATA': 'C:\\Users\\holla\\AppData\\Roaming', 'HOMEDRIVE': 'C:', 'SYSTEMDRIVE': 'C:', 'NUMBER_OF_PROCESSORS': '12', 'PROCESSOR_LEVEL': '6', 'COMMONPROGRAMW6432': 'C:\\Program Files\\Common Files', 'OS': 'Windows_NT', 'PUBLIC': 'C:\\Users\\Public', 'USERPROFILE': 'C:\\Users\\holla'}
:12-06-2019 13:34:04 TTOffLauncher: isTestServer: 0
:12-06-2019 13:34:04 TTOffLauncher: Game Server 127.0.0.1
:12-06-2019 13:34:04 TTOffLauncher: Starting Toontown Online... 
:12-06-2019 13:34:04 TTOffLauncher: foreground: Launcher now operating in foreground
useTTOffSpecificLogin=True
:12-06-2019 13:34:04 TTOffLauncher: maybeStartGame: starting game
:12-06-2019 13:34:04 TTOffLauncher: Starting Toontown Online...
:12-06-2019 13:34:04 TTOffLauncher: background: Launcher now operating in background
ToontownStart: Polling for game2 to finish...
ToontownStart: Game2 is finished.
ToontownStart: Starting the game.
ToontownStart: setting default font
:12-06-2019 13:34:05 TTOffLauncher: setting panda error code to 7
Known pipe types:
  wglGraphicsPipe
(all display modules loaded.)
:12-06-2019 13:34:05 ToonBase: Default graphics pipe is wglGraphicsPipe (OpenGL).
:12-06-2019 13:34:06 ToonBase: Successfully opened window of type wglGraphicsWindow (OpenGL)
:12-06-2019 13:34:06 ShowBase: __dev__ == False
:12-06-2019 13:34:06 TTOffLauncher: setting panda error code to 11
:12-06-2019 13:34:06 TTOffLauncher: setting panda error code to 0
ToontownStart: Loading default gui sounds
ToontownStart: serverVersion:  tto-dev
:12-06-2019 13:34:07 Loader: starting bulk load of block 'init'
:12-06-2019 13:34:16 :nativenet(error): Buffered_DatagramConnection Constructor rbufsize = 4096000 wbufsize = 4096000 write_flush_point = 1400
:12-06-2019 13:34:16 OTPClientRepository: Using connect method 'http'
:12-06-2019 13:34:21 TTOffLauncher: getRegistry ('DEPLOYMENT', None)
:12-06-2019 13:34:21 TTOffLauncher: checking env
:12-06-2019 13:34:21 TTOffLauncher: getRegistry ('GAME_DEPLOYMENT', None)
:12-06-2019 13:34:21 TTOffLauncher: checking env
:12-06-2019 13:34:21 OTPClientRepository: reg_deployment=
:12-06-2019 13:34:21 OTPClientRepository: required-login auto.
:12-06-2019 13:34:21 OTPClientRepository: loginInterface: LoginTTOffAccount
:12-06-2019 13:34:21 TTOffLauncher: getNeedPwForSecretKey using ttoff-specific-login
:12-06-2019 13:34:22 Loader: At end of block 'init', expected 138, loaded 12, duration=15.1657918
:12-06-2019 13:34:22 OTPClientRepository: Connecting to gameserver directly (no proxy).
:12-06-2019 13:34:22 OTPClientRepository: Connecting to //127.0.0.1:7198 via HTTP interface.
:12-06-2019 13:34:22 TTOffLauncher: Stopping mini task manager.
:12-06-2019 13:34:22 OTPClientRepository: Successfully connected to //127.0.0.1:7198.
:12-06-2019 13:34:22 TTOffLauncher: Setting Disconnect Details normal
{401000001: <toontown.distributed.ToontownDistrict.ToontownDistrict instance at 0x000000001D8BC888>}
:12-06-2019 13:34:23 StateData: AvatarChooser.enter
:12-06-2019 13:34:23 DisplayOptions: settingsFullScreen = False, embedded = False width=800 height=600
:12-06-2019 13:34:23 StateData: calling self.displayOptions.restrictToEmbedded(False)
:12-06-2019 13:34:25 OTPClientRepository: ================
:12-06-2019 13:34:25 OTPClientRepository: Chose avatar id: 100000014
:12-06-2019 13:34:25 OTPClientRepository: Chose avatar name: Hollybae
:12-06-2019 13:34:25 OTPClientRepository: Chose avatar dna: ('css', 'ms', 'm', 'm', 16, 0, 16, 16, 113, 27, 18, 27, 7, 21)
:12-06-2019 13:34:25 OTPClientRepository: Chose avatar position: 5
:12-06-2019 13:34:25 OTPClientRepository: isPaid: 1
:12-06-2019 13:34:25 OTPClientRepository: freeTimeLeft: 0
:12-06-2019 13:34:25 OTPClientRepository: allowSecretChat: True
:12-06-2019 13:34:25 OTPClientRepository: ================
:12-06-2019 13:34:25 Loader: starting bulk load of block 'localAvatarPlayGame'
:12-06-2019 13:34:26 ToontownTimeManager(warning): error parsing date string=
local
:12-06-2019 13:34:27 NewsPageButtonManager(warning): Should not get here. NewsPageButtonManager.exitOff
:12-06-2019 13:34:27 :pnmimage:png(warning): iCCP: known incorrect sRGB profile
:12-06-2019 13:34:30 OTPClientRepository: Entering shard 401000001
:12-06-2019 13:34:30 StreetSign: Street sign url is https://ttoffline.com/images/
:12-06-2019 13:34:31 StreetSign: Street Sign is up to date
:12-06-2019 13:34:31 TimeManager: Clock sync: TimeManager.announceGenerate
:12-06-2019 13:34:31 InGameNewsMgr: latestIssue=2013-08-22 16:49:46.000003-07:00
cpu info: GenuineIntel|Intel(R) Core(TM) i7-8700K CPU @ 3.70GHz|591594|0|3.701,3.701|6,12 cpus
:12-06-2019 13:34:33 OTPClientRepository: No sync from TimeManager.
:12-06-2019 13:34:33 OTPClientRepository: gotTimeSync
:12-06-2019 13:34:33 Loader: At end of block 'localAvatarPlayGame', expected 400, loaded 23, duration=7.8176379
:12-06-2019 13:34:33 OTPClientRepository: Sending heartbeat mid-frame.
:12-06-2019 13:34:33 TimeManager: Clock sync roundtrip took 1965.434 ms
:12-06-2019 13:34:33 TimeManager: AI time delta is -0:02 from server delta
:12-06-2019 13:34:33 TimeManager: Local clock uncertainty +/- 0.983 s
:12-06-2019 13:34:33 PlayGame: QA-REGRESSION: NEIGHBORHOODS: Visit Lawbot HQ
:12-06-2019 13:34:33 Loader: starting bulk load of block 'hood'
:12-06-2019 13:34:36 LawbotCogHQLoader: loadPlaceGeom: 13000
:12-06-2019 13:34:37 DistributedObject: DistributedSuitPlanner 401002972: generating
:12-06-2019 13:34:37 DistributedToon: calling LocalAvatar.startchat
:12-06-2019 13:34:37 :loader(error): Couldn't load file phase_4/models/questmap/cog_hq_lawbot_maps.bam: not found on model path (currently: "/;/d/hollybae/Aly/Toontown-School-House/toontown/launcher;/c/Panda3D-1.11.0-x64/etc/..;/c/Panda3D-1.11.0-x64/etc/../models")
:12-06-2019 13:34:37 Loader: At end of block 'hood', expected 2, loaded 20, duration=4.2726724
:12-06-2019 13:34:39 Teleport(debug): teleportInDone: walk
:12-06-2019 13:34:39 :loader(error): Couldn't load file phase_4/models/questmap/cog_hq_lawbot_maps.bam: not found on model path (currently: "/;/d/hollybae/Aly/Toontown-School-House/toontown/launcher;/c/Panda3D-1.11.0-x64/etc/..;/c/Panda3D-1.11.0-x64/etc/../models")
:12-06-2019 13:34:48 TTOffMagicWordManager: Run mode has been toggled.
:12-06-2019 13:34:55 LawbotCogHQLoader: loadPlaceGeom: 13100
:12-06-2019 13:34:55 LawbotCogHQLoader: QA-REGRESSION: COGHQ: Visit LawbotLobby
:12-06-2019 13:34:55 LawbotHQExterior: Unloading Place (13000). Fsm in final
:12-06-2019 13:34:55 DistributedObject: DistributedSuitPlanner 401002972: disabling
:12-06-2019 13:34:56 DistributedToon: calling LocalAvatar.startchat
:12-06-2019 13:34:56 :loader(error): Couldn't load file phase_4/models/questmap/cog_hq_lawbot_maps.bam: not found on model path (currently: "/;/d/hollybae/Aly/Toontown-School-House/toontown/launcher;/c/Panda3D-1.11.0-x64/etc/..;/c/Panda3D-1.11.0-x64/etc/../models")
:12-06-2019 13:34:57 :loader(error): Couldn't load file phase_4/models/questmap/cog_hq_lawbot_maps.bam: not found on model path (currently: "/;/d/hollybae/Aly/Toontown-School-House/toontown/launcher;/c/Panda3D-1.11.0-x64/etc/..;/c/Panda3D-1.11.0-x64/etc/../models")
:12-06-2019 13:35:01 TTOffMagicWordManager: Run mode has been toggled.
:12-06-2019 13:35:03 TTOffMagicWordManager: Ta-da!
:12-06-2019 13:35:06 TTOffMagicWordManager: Gave Hollybae an infinite amount of pies
:12-06-2019 13:35:09 LawbotCogHQLoader: loadPlaceGeom: 61000
:12-06-2019 13:35:09 LawbotCogHQLoader(warning): loadPlaceGeom: unclassified zone 61000
:12-06-2019 13:35:09 CogHQLobby: Unloading Place (13100). Fsm in final
:12-06-2019 13:35:10 DistributedLawbotBoss(warning): Not a collision node: LawbotCourtroom3.egg/-PandaNode/CR3/interior/CR3_Floor
:12-06-2019 13:35:10 DistributedToon: calling LocalAvatar.startchat
:12-06-2019 13:35:10 LawbotHQBossBattle(warning): fsm.request('movie') returned 0 (zone id 61000, avatar pos LPoint3f(-0.363562, -126.204, 0.193903)).
:12-06-2019 13:35:12 TTOffMagicWordManager: Restarting Scale Round
:12-06-2019 13:35:41 :linmath(warning): Tried to invert singular LMatrix3.
:12-06-2019 13:39:08 GarbageCollect(warning): garbage found, reverting gc threshold
frame rate: 215.8 fps|0.001d|13 avs||323|325||0x0000|0x0000|949.2MB|1142.1MB|16235.6MB|655|nt.2.6.2|3.701,3.701|6,12 cpus|OpenGL
frame rate: 231.0 fps|0.001d|13 avs||623|625||0x0000|0x0000|1283.6MB|1477.3MB|16235.6MB|761|nt.2.6.2|3.701,3.701|6,12 cpus|OpenGL
:12-06-2019 13:46:52 TTOffMagicWordManager: Hollybae's laff has been set to 1200.
frame rate: 223.9 fps|0.001d|13 avs||923|925||0x0000|0x0000|1674.0MB|1868.3MB|16235.6MB|885|nt.2.6.2|3.701,3.701|6,12 cpus|OpenGL
frame rate: 225.3 fps|0.001d|13 avs||1223|1225||0x0000|0x0000|2078.4MB|2273.5MB|16235.6MB|1027|nt.2.6.2|3.701,3.701|6,12 cpus|OpenGL
frame rate: 264.4 fps|0.001d|13 avs||1523|1525||0x0000|0x0000|2228.3MB|2644.5MB|16235.6MB|1141|nt.2.6.2|3.701,3.701|6,12 cpus|OpenGL
adding timeout task
adding timeout task
:12-06-2019 14:04:30 TimeManager: Clock sync: timer
frame rate: 9.8 fps|0.000d|13 avs||1824|1825||0x0000|0x0000|1815.6MB|2836.6MB|16235.6MB|1190|nt.2.6.2|3.701,3.701|6,12 cpus|OpenGL
:12-06-2019 14:04:30 TimeManager: Clock sync roundtrip took 105.786 ms
:12-06-2019 14:04:30 TimeManager: AI time delta is -0:00 from server delta
:12-06-2019 14:04:30 ClockDelta: previous delta at 0.083 s, +/- 1.482 s.
:12-06-2019 14:04:30 ClockDelta: new delta at -0.848 s, +/- 0.053 s.
:12-06-2019 14:04:30 ClockDelta: intersection at -0.848 s, +/- 0.053 s.
:12-06-2019 14:04:30 TimeManager: Local clock uncertainty +/- 0.053 s
:12-06-2019 14:07:05 ToonBase: User closed main window.
:12-06-2019 14:07:05 TimeManager: Client disconnect reason 2.
:12-06-2019 14:07:05 LawbotHQBossBattle: Unloading Place (61000). Fsm in final
:12-06-2019 14:07:06 OTPClientRepository(warning): unclean exit, abandoning shard
ignoring InputState-forward
:12-06-2019 14:07:06 OTPClientRepository: sending clientLogout
:12-06-2019 14:07:06 LocalAvatar(warning): redundant call to stopUpdateSmartCamera
:12-06-2019 14:07:06 OTPClientRepository: Sent disconnect message to server
:12-06-2019 14:07:06 OTPClientRepository: Closing connection to server.
:12-06-2019 14:07:06 OTPClientRepository: Exiting cleanly
:12-06-2019 14:07:06 ToonBase: Exiting Toontown: errorCode = None
:12-06-2019 14:07:06 TTOffLauncher: setting panda error code to 0
:12-06-2019 14:07:06 TTOffLauncher: Normal exit.
