

Starting Toontown Online...
Current time: Wed Dec 16 21:35:33 2020 Eastern Standard Time
sys.path =  ['', 'C:\\Panda3D-1.11.0-x64\\python\\python27.zip', 'C:\\Panda3D-1.11.0-x64', 'C:\\Panda3D-1.11.0-x64\\python\\DLLs', 'C:\\Panda3D-1.11.0-x64\\python\\lib', 'C:\\Panda3D-1.11.0-x64\\python\\lib\\plat-win', 'C:\\Panda3D-1.11.0-x64\\python\\lib\\lib-tk', 'C:\\Panda3D-1.11.0-x64\\python', 'C:\\Panda3D-1.11.0-x64\\bin', 'C:\\Panda3D-1.11.0-x64\\python\\lib\\site-packages']
sys.argv =  ['C:\\ToontownAnimationMaker\\Bumpys-ToontownOnline\\toontown\\launcher\\TTOffQuickStartLauncher.py']
generating standard configrc
os.environ =  {'TMP': 'C:\\Users\\Philip\\AppData\\Local\\Temp', 'COMPUTERNAME': 'PHILIP-JR', 'USERDOMAIN': 'PHILIP-JR', 'PSMODULEPATH': 'C:\\WINDOWS\\system32\\WindowsPowerShell\\v1.0\\Modules\\', 'COMMONPROGRAMFILES': 'C:\\Program Files\\Common Files', 'ADSK_3DSMAX_X64_2021': 'C:\\Program Files\\Autodesk\\3ds Max 2021\\', 'PROCESSOR_IDENTIFIER': 'Intel64 Family 6 Model 45 Stepping 7, GenuineIntel', 'PROGRAMFILES': 'C:\\Program Files', 'PROCESSOR_REVISION': '2d07', 'SYSTEMROOT': 'C:\\WINDOWS', 'PATH': 'C:\\Panda3D-1.11.0-x64\\panda3d\\..\\bin;C:\\Windows\\system32;C:\\Windows;C:\\Windows\\System32\\Wbem;C:\\Windows\\System32\\WindowsPowerShell\\v1.0\\;C:\\Program Files (x86)\\NVIDIA Corporation\\PhysX\\Common;C:\\Program Files\\Git\\cmd;C:\\WINDOWS\\system32;C:\\WINDOWS;C:\\WINDOWS\\System32\\Wbem;C:\\WINDOWS\\System32\\WindowsPowerShell\\v1.0\\;C:\\Program Files (x86)\\Windows Kits\\10\\Windows Performance Toolkit\\;C:\\Program Files\\dotnet\\;C:\\Program Files\\Common Files\\Autodesk Shared\\;C:\\Program Files\\Microsoft SQL Server\\120\\Tools\\Binn\\;C:\\Panda3D-1.10.02\\python;C:\\Panda3D-1.10.02\\python\\Scripts;C:\\Panda3D-1.10.02\\bin;C:\\Panda3D-1.11.0-x64-py2\\python;C:\\Panda3D-1.11.0-x64-py2\\python\\Scripts;C:\\Panda3D-1.11.0-x64-py2\\bin;C:\\Users\\Philip\\AppData\\Local\\GitHubDesktop\\bin;C:\\Panda3D-1.9.0\\python;C:\\Panda3D-1.9.0\\python\\Scripts;C:\\Panda3D-1.9.0\\bin;C:\\Panda3D-1.10.0-x64\\python;C:\\Panda3D-1.10.0-x64\\python\\Scripts;C:\\Panda3D-1.10.0-x64\\bin;C:\\Users\\Philip\\AppData\\Local\\atom\\bin;C:\\Panda3D-1.10.0\\python;C:\\Panda3D-1.10.0\\python\\Scripts;C:\\Panda3D-1.10.0\\bin;C:\\Panda3D-1.11.0-x64\\python;C:\\Panda3D-1.11.0-x64\\python\\Scripts;C:\\Panda3D-1.11.0-x64\\bin', 'PROGRAMFILES(X86)': 'C:\\Program Files (x86)', 'COMSPEC': 'C:\\WINDOWS\\system32\\cmd.exe', 'KMP_BLOCKTIME': '0', 'PPYTHON_PATH': '"C:\\Panda3D-1.11.0-x64\\python\\ppython.exe"', 'TEMP': 'C:\\Users\\Philip\\AppData\\Local\\Temp', 'COMMONPROGRAMFILES(X86)': 'C:\\Program Files (x86)\\Common Files', 'PROCESSOR_ARCHITECTURE': 'AMD64', 'ALLUSERSPROFILE': 'C:\\ProgramData', 'LOCALAPPDATA': 'C:\\Users\\Philip\\AppData\\Local', 'HOMEPATH': '\\Users\\Philip', 'USERDOMAIN_ROAMINGPROFILE': 'PHILIP-JR', 'PROGRAMW6432': 'C:\\Program Files', 'USERNAME': 'Philip', 'LOGONSERVER': '\\\\MicrosoftAccount', 'PROMPT': '$P$G', 'SESSIONNAME': 'Console', 'PROGRAMDATA': 'C:\\ProgramData', 'PATHEXT': '.COM;.EXE;.BAT;.CMD;.VBS;.VBE;.JS;.JSE;.WSF;.WSH;.MSC', 'TTOFF_LOGIN_TOKEN': 'dev', 'FP_NO_HOST_CHECK': 'NO', 'WINDIR': 'C:\\WINDOWS', 'OMP_WAIT_POLICY': 'PASSIVE', 'APPDATA': 'C:\\Users\\Philip\\AppData\\Roaming', 'HOMEDRIVE': 'C:', 'SYSTEMDRIVE': 'C:', 'NUMBER_OF_PROCESSORS': '8', 'PROCESSOR_LEVEL': '6', 'CIOENGINE': 'C:\\cio-panda3d', 'COMMONPROGRAMW6432': 'C:\\Program Files\\Common Files', 'OS': 'Windows_NT', 'PUBLIC': 'C:\\Users\\Public', 'USERPROFILE': 'C:\\Users\\Philip'}
:12-16-2020 21:35:33 TTOffLauncher: isTestServer: 0
:12-16-2020 21:35:33 TTOffLauncher: Game Server 127.0.0.1
:12-16-2020 21:35:33 TTOffLauncher: Starting Toontown Online... 
:12-16-2020 21:35:33 TTOffLauncher: foreground: Launcher now operating in foreground
useTTOffSpecificLogin=True
:12-16-2020 21:35:33 TTOffLauncher: maybeStartGame: starting game
:12-16-2020 21:35:33 TTOffLauncher: Starting Toontown Online...
:12-16-2020 21:35:33 TTOffLauncher: background: Launcher now operating in background
ToontownStart: Polling for game2 to finish...
ToontownStart: Game2 is finished.
ToontownStart: Starting the game.
ToontownStart: setting default font
:12-16-2020 21:35:33 TTOffLauncher: setting panda error code to 7
Known pipe types:
  wglGraphicsPipe
(all display modules loaded.)
:12-16-2020 21:35:33 ToonBase: Default graphics pipe is wglGraphicsPipe (OpenGL).
:12-16-2020 21:35:33 ToonBase: Successfully opened window of type wglGraphicsWindow (OpenGL)
:12-16-2020 21:35:33 ShowBase: __dev__ == False
:12-16-2020 21:35:33 TTOffLauncher: setting panda error code to 11
:12-16-2020 21:35:33 TTOffLauncher: setting panda error code to 0
ToontownStart: Loading default gui sounds
ToontownStart: serverVersion:  tto-dev
:12-16-2020 21:35:33 Loader: starting bulk load of block 'init'
:12-16-2020 21:35:34 :nativenet(error): Buffered_DatagramConnection Constructor rbufsize = 4096000 wbufsize = 4096000 write_flush_point = 1400
:12-16-2020 21:35:34 OTPClientRepository: Using connect method 'http'
:12-16-2020 21:35:35 TTOffLauncher: getRegistry ('DEPLOYMENT', None)
:12-16-2020 21:35:35 TTOffLauncher: checking env
:12-16-2020 21:35:35 TTOffLauncher: getRegistry ('GAME_DEPLOYMENT', None)
:12-16-2020 21:35:35 TTOffLauncher: checking env
:12-16-2020 21:35:35 OTPClientRepository: reg_deployment=
:12-16-2020 21:35:35 OTPClientRepository: required-login auto.
:12-16-2020 21:35:35 OTPClientRepository: loginInterface: LoginTTOffAccount
:12-16-2020 21:35:35 TTOffLauncher: getNeedPwForSecretKey using ttoff-specific-login
:12-16-2020 21:35:35 Loader: At end of block 'init', expected 138, loaded 7, duration=1.52737408779
:12-16-2020 21:35:35 OTPClientRepository: Connecting to gameserver directly (no proxy).
:12-16-2020 21:35:35 OTPClientRepository: Connecting to //127.0.0.1:7198 via HTTP interface.
:12-16-2020 21:35:35 TTOffLauncher: Stopping mini task manager.
:12-16-2020 21:35:35 OTPClientRepository: Successfully connected to //127.0.0.1:7198.
:12-16-2020 21:35:35 TTOffLauncher: Setting Disconnect Details normal
{401000001: <toontown.distributed.ToontownDistrict.ToontownDistrict instance at 0x0000000002FC3908>}
:12-16-2020 21:35:36 StateData: AvatarChooser.enter
:12-16-2020 21:35:36 DisplayOptions: settingsFullScreen = False, embedded = False width=800 height=600
:12-16-2020 21:35:36 StateData: calling self.displayOptions.restrictToEmbedded(False)
:12-16-2020 21:35:38 OTPClientRepository: ================
:12-16-2020 21:35:38 OTPClientRepository: Chose avatar id: 100000006
:12-16-2020 21:35:38 OTPClientRepository: Chose avatar name: Relentless
:12-16-2020 21:35:38 OTPClientRepository: Chose avatar dna: ('css', 'ms', 'm', 'm', 26, 0, 26, 26, 86, 27, 75, 27, 50, 27)
:12-16-2020 21:35:38 OTPClientRepository: Chose avatar position: 4
:12-16-2020 21:35:38 OTPClientRepository: isPaid: 1
:12-16-2020 21:35:38 OTPClientRepository: freeTimeLeft: 0
:12-16-2020 21:35:38 OTPClientRepository: allowSecretChat: True
:12-16-2020 21:35:38 OTPClientRepository: ================
:12-16-2020 21:35:38 Loader: starting bulk load of block 'localAvatarPlayGame'
:12-16-2020 21:35:38 ToontownTimeManager(warning): error parsing date string=
local
:12-16-2020 21:35:39 NewsPageButtonManager(warning): Should not get here. NewsPageButtonManager.exitOff
:12-16-2020 21:35:39 :pnmimage:png(warning): iCCP: known incorrect sRGB profile
:12-16-2020 21:35:41 OTPClientRepository: Entering shard 401000001
:12-16-2020 21:35:41 StreetSign: Street sign url is https://ttoffline.com/images/
:12-16-2020 21:35:42 StreetSign: Street Sign is up to date
:12-16-2020 21:35:42 TimeManager: Clock sync: TimeManager.announceGenerate
:12-16-2020 21:35:42 NewsManager: setHolidayId: Starting Holiday 7
:12-16-2020 21:35:42 InGameNewsMgr: latestIssue=2013-08-22 16:49:46.000003-07:00
cpu info: GenuineIntel|        Intel(R) Core(TM) i7-3820 CPU @ 3.60GHz|132823|0|3.601,3.601|4,8 cpus
:12-16-2020 21:35:43 OTPClientRepository: No sync from TimeManager.
:12-16-2020 21:35:43 OTPClientRepository: gotTimeSync
:12-16-2020 21:35:43 Loader: At end of block 'localAvatarPlayGame', expected 400, loaded 16, duration=5.66346913094
:12-16-2020 21:35:43 TimeManager: Clock sync roundtrip took 1124.690 ms
:12-16-2020 21:35:43 TimeManager: AI time delta is -0:01 from server delta
:12-16-2020 21:35:43 TimeManager: Local clock uncertainty +/- 0.563 s
:12-16-2020 21:35:43 PlayGame: QA-REGRESSION: NEIGHBORHOODS: Visit Sellbot HQ
:12-16-2020 21:35:43 Loader: starting bulk load of block 'hood'
:12-16-2020 21:35:44 SellbotCogHQLoader: loadPlaceGeom: 11000
:12-16-2020 21:35:45 DistributedObject: DistributedSuitPlanner 401002949: generating
:12-16-2020 21:35:45 Actor(warning): phase_5/models/cogdominium/tt_namedropper_cabnit_zero.bam is not a character!
:12-16-2020 21:35:45 DistributedToon: calling LocalAvatar.startchat
:12-16-2020 21:35:45 :loader(error): Couldn't load file phase_4/models/questmap/cog_hq_sellbot_maps.bam: not found on model path (currently: "/;/c/ToontownAnimationMaker/Bumpys-ToontownOnline/toontown/launcher;/c/Panda3D-1.11.0-x64/etc/..;/c/Panda3D-1.11.0-x64/etc/../models")
:12-16-2020 21:35:45 Loader: At end of block 'hood', expected 43, loaded 6, duration=1.53797078413
:12-16-2020 21:35:45 OTPClientRepository: Sending heartbeat mid-frame.
:12-16-2020 21:35:46 Teleport(debug): teleportInDone: walk
:12-16-2020 21:35:46 :loader(error): Couldn't load file phase_4/models/questmap/cog_hq_sellbot_maps.bam: not found on model path (currently: "/;/c/ToontownAnimationMaker/Bumpys-ToontownOnline/toontown/launcher;/c/Panda3D-1.11.0-x64/etc/..;/c/Panda3D-1.11.0-x64/etc/../models")
Hi! here you go!
Hi! here you go!
Hi! here you go!
Hi! here you go!
:12-16-2020 21:36:37 ClassicFSM(warning): [DistributedSuit]: no transition exists from Walk to FromCogHQ
:12-16-2020 21:36:59 ClassicFSM(warning): [DistributedSuit]: no transition exists from Walk to FromCogHQ
:12-16-2020 21:37:06 SellbotHQExterior: QA-REGRESSION: COGBATTLE: Enter Battle
Battle Event localtoon-battle-event-3
:12-16-2020 21:37:39 ClassicFSM(warning): [DistributedSuit]: no transition exists from Walk to FromCogHQ
:12-16-2020 21:37:54 :loader(error): Couldn't load file phase_4/models/questmap/cog_hq_sellbot_maps.bam: not found on model path (currently: "/;/c/ToontownAnimationMaker/Bumpys-ToontownOnline/toontown/launcher;/c/Panda3D-1.11.0-x64/etc/..;/c/Panda3D-1.11.0-x64/etc/../models")
:12-16-2020 21:38:20 ClassicFSM(warning): [DistributedSuit]: no transition exists from Walk to FromCogHQ
:12-16-2020 21:38:47 ClassicFSM(warning): [DistributedSuit]: no transition exists from Walk to FromCogHQ
:12-16-2020 21:39:45 OTPClientRepository: Sending heartbeat mid-frame.
:12-16-2020 21:40:06 ClassicFSM(warning): [DistributedSuit]: no transition exists from Walk to FromCogHQ
adding timeout task
adding timeout task
:12-16-2020 21:40:34 GarbageCollect(warning): garbage found, reverting gc threshold
frame rate: 110.5 fps|0.004d|6 avs||307|308||0x0000|0x0000|657.8MB|643.3MB|16302.1MB|568|nt.2.6.2|3.601,3.601|4,8 cpus|OpenGL
:12-16-2020 21:40:48 ClassicFSM(warning): [DistributedSuit]: no transition exists from Walk to FromCogHQ
:12-16-2020 21:41:04 ClassicFSM(warning): [DistributedSuit]: no transition exists from Walk to FromCogHQ
:12-16-2020 21:41:07 ClassicFSM(warning): [DistributedSuit]: no transition exists from Walk to FromCogHQ
:12-16-2020 21:41:39 ClassicFSM(warning): [DistributedSuit]: no transition exists from Walk to FromCogHQ
:12-16-2020 21:41:45 OTPClientRepository: Sending heartbeat mid-frame.
:12-16-2020 21:41:48 ClassicFSM(warning): [DistributedSuit]: no transition exists from Walk to FromCogHQ
:12-16-2020 21:41:52 ClassicFSM(warning): [DistributedSuit]: no transition exists from Walk to FromCogHQ
:12-16-2020 21:42:04 ClassicFSM(warning): [DistributedSuit]: no transition exists from Walk to FromCogHQ
:12-16-2020 21:42:21 ClassicFSM(warning): [DistributedSuit]: no transition exists from Walk to FromCogHQ
:12-16-2020 21:42:42 ClassicFSM(warning): [DistributedSuit]: no transition exists from Walk to FromCogHQ
:12-16-2020 21:43:14 ClassicFSM(warning): [DistributedSuit]: no transition exists from Walk to FromCogHQ
:12-16-2020 21:43:19 ClassicFSM(warning): [DistributedSuit]: no transition exists from Walk to FromCogHQ
:12-16-2020 21:43:31 ClassicFSM(warning): [DistributedSuit]: no transition exists from Walk to FromCogHQ
:12-16-2020 21:43:54 ClassicFSM(warning): [DistributedSuit]: no transition exists from Walk to FromCogHQ
:12-16-2020 21:44:21 ClassicFSM(warning): [DistributedSuit]: no transition exists from Walk to FromCogHQ
:12-16-2020 21:44:23 ClassicFSM(warning): [DistributedSuit]: no transition exists from Walk to FromCogHQ
:12-16-2020 21:44:40 ClassicFSM(warning): [DistributedSuit]: no transition exists from Walk to FromCogHQ
:12-16-2020 21:44:56 ClassicFSM(warning): [DistributedSuit]: no transition exists from Walk to FromCogHQ
:12-16-2020 21:45:10 ClassicFSM(warning): [DistributedSuit]: no transition exists from Walk to FromCogHQ
frame rate: 75.5 fps|0.004d|5 avs||607|608||0x0000|0x0000|693.2MB|679.0MB|16302.1MB|577|nt.2.6.2|3.601,3.601|4,8 cpus|OpenGL
:12-16-2020 21:45:53 ClassicFSM(warning): [DistributedSuit]: no transition exists from Walk to FromCogHQ
Hi! here you go!
Hi! here you go!
:12-16-2020 21:46:22 TTOffMagicWordManager: Relentless's jellybean count has been set to 0.
Hi! here you go!
Hi! here you go!
Hi! here you go!
:12-16-2020 21:47:15 TTOffMagicWordManager: Relentless's jellybean count has been set to 0.
:12-16-2020 21:47:20 ClassicFSM(warning): [DistributedSuit]: no transition exists from Walk to FromCogHQ
:12-16-2020 21:47:23 ClassicFSM(warning): [DistributedSuit]: no transition exists from Walk to FromCogHQ
Hi! here you go!
Hi! here you go!
Hi! here you go!
:12-16-2020 21:47:54 ClassicFSM(warning): [DistributedSuit]: no transition exists from Walk to FromCogHQ
Hi! here you go!
Hi! here you go!
Hi! here you go!
:12-16-2020 21:48:07 ClassicFSM(warning): [DistributedSuit]: no transition exists from Walk to FromCogHQ
:12-16-2020 21:48:26 ClassicFSM(warning): [DistributedSuit]: no transition exists from Walk to FromCogHQ
:12-16-2020 21:49:20 ClassicFSM(warning): [DistributedSuit]: no transition exists from Walk to FromCogHQ
:12-16-2020 21:49:37 ClassicFSM(warning): [DistributedSuit]: no transition exists from Walk to FromCogHQ
:12-16-2020 21:49:42 ClassicFSM(warning): [DistributedSuit]: no transition exists from Walk to FromCogHQ
:12-16-2020 21:50:33 ClassicFSM(warning): [DistributedSuit]: no transition exists from Walk to FromCogHQ
frame rate: 103.1 fps|0.002d|7 avs||907|908||0x0000|0x0000|727.6MB|713.9MB|16302.1MB|647|nt.2.6.2|3.601,3.601|4,8 cpus|OpenGL
:12-16-2020 21:50:42 ClassicFSM(warning): [DistributedSuit]: no transition exists from Walk to FromCogHQ
:12-16-2020 21:50:44 ClassicFSM(warning): [DistributedSuit]: no transition exists from Walk to FromCogHQ
adding timeout task
adding timeout task
:12-16-2020 21:51:03 ClassicFSM(warning): [DistributedSuit]: no transition exists from Walk to FromCogHQ
:12-16-2020 21:51:12 ClassicFSM(warning): [DistributedSuit]: no transition exists from Walk to FromCogHQ
:12-16-2020 21:51:55 ClassicFSM(warning): [DistributedSuit]: no transition exists from Walk to FromCogHQ
:12-16-2020 21:52:06 ClassicFSM(warning): [DistributedSuit]: no transition exists from Walk to FromCogHQ
:12-16-2020 21:52:11 ClassicFSM(warning): [DistributedSuit]: no transition exists from Walk to FromCogHQ
:12-16-2020 21:52:58 ClassicFSM(warning): [DistributedSuit]: no transition exists from Walk to FromCogHQ
:12-16-2020 21:53:12 ClassicFSM(warning): [DistributedSuit]: no transition exists from Walk to FromCogHQ
:12-16-2020 21:53:22 ClassicFSM(warning): [DistributedSuit]: no transition exists from Walk to FromCogHQ
:12-16-2020 21:54:09 ClassicFSM(warning): [DistributedSuit]: no transition exists from Walk to FromCogHQ
:12-16-2020 21:54:17 ClassicFSM(warning): [DistributedSuit]: no transition exists from Walk to FromCogHQ
:12-16-2020 21:54:30 ClassicFSM(warning): [DistributedSuit]: no transition exists from Walk to FromCogHQ
:12-16-2020 21:55:07 OTPClientRepository: Sending heartbeat mid-frame.
:12-16-2020 21:55:22 ClassicFSM(warning): [DistributedSuit]: no transition exists from Walk to FromCogHQ
:12-16-2020 21:55:30 ClassicFSM(warning): [DistributedSuit]: no transition exists from Walk to FromCogHQ
:12-16-2020 21:55:37 OTPClientRepository: Sending heartbeat mid-frame.
frame rate: 101.2 fps|0.002d|7 avs||1207|1208||0x0000|0x0000|759.5MB|745.7MB|16302.1MB|655|nt.2.6.2|3.601,3.601|4,8 cpus|OpenGL
:12-16-2020 21:55:53 ClassicFSM(warning): [DistributedSuit]: no transition exists from Walk to FromCogHQ
:12-16-2020 21:55:57 ClassicFSM(warning): [DistributedSuit]: no transition exists from Walk to FromCogHQ
:12-16-2020 21:56:05 ClassicFSM(warning): [DistributedSuit]: no transition exists from Walk to FromCogHQ
:12-16-2020 21:56:41 ClassicFSM(warning): [DistributedSuit]: no transition exists from Walk to FromCogHQ
:12-16-2020 21:56:52 ClassicFSM(warning): [DistributedSuit]: no transition exists from Walk to FromCogHQ
:12-16-2020 21:56:55 ClassicFSM(warning): [DistributedSuit]: no transition exists from Walk to FromCogHQ
:12-16-2020 21:57:05 ClassicFSM(warning): [DistributedSuit]: no transition exists from Walk to FromCogHQ
:12-16-2020 21:57:30 ClassicFSM(warning): [DistributedSuit]: no transition exists from Walk to FromCogHQ
:12-16-2020 21:57:38 ClassicFSM(warning): [DistributedSuit]: no transition exists from Walk to FromCogHQ
:12-16-2020 21:57:51 ClassicFSM(warning): [DistributedSuit]: no transition exists from Walk to FromCogHQ
:12-16-2020 21:58:07 ClassicFSM(warning): [DistributedSuit]: no transition exists from Walk to FromCogHQ
:12-16-2020 21:58:22 ClassicFSM(warning): [DistributedSuit]: no transition exists from Walk to FromCogHQ
:12-16-2020 21:58:57 ClassicFSM(warning): [DistributedSuit]: no transition exists from Walk to FromCogHQ
:12-16-2020 21:59:18 ClassicFSM(warning): [DistributedSuit]: no transition exists from Walk to FromCogHQ
:12-16-2020 21:59:43 ClassicFSM(warning): [DistributedSuit]: no transition exists from Walk to FromCogHQ
:12-16-2020 22:00:22 ClassicFSM(warning): [DistributedSuit]: no transition exists from Walk to FromCogHQ
frame rate: 105.1 fps|0.002d|7 avs||1507|1508||0x0000|0x0000|792.1MB|778.6MB|16302.1MB|663|nt.2.6.2|3.601,3.601|4,8 cpus|OpenGL
:12-16-2020 22:00:49 ToonBase: User closed main window.
:12-16-2020 22:00:49 TimeManager: Client disconnect reason 2.
:12-16-2020 22:00:49 DistributedObject: DistributedSuitPlanner 401002949: disabling
:12-16-2020 22:00:49 SellbotHQExterior: Unloading Place (11011). Fsm in final
:12-16-2020 22:00:49 OTPClientRepository(warning): unclean exit, abandoning shard
ignoring InputState-forward
:12-16-2020 22:00:49 OTPClientRepository: sending clientLogout
:12-16-2020 22:00:49 LocalAvatar(warning): redundant call to stopUpdateSmartCamera
:12-16-2020 22:00:49 OTPClientRepository: Sent disconnect message to server
:12-16-2020 22:00:49 OTPClientRepository: Closing connection to server.
:12-16-2020 22:00:49 OTPClientRepository: Exiting cleanly
:12-16-2020 22:00:49 ToonBase: Exiting Toontown: errorCode = None
:12-16-2020 22:00:49 TTOffLauncher: setting panda error code to 0
:12-16-2020 22:00:49 TTOffLauncher: Normal exit.
