

Starting Toontown Online...
Current time: Wed Apr  1 22:47:28 2020 Eastern Standard Time
sys.path =  ['', 'C:\\Panda3D-1.11.0-x64\\python\\python27.zip', 'C:\\Panda3D-1.11.0-x64', 'C:\\Panda3D-1.11.0-x64\\python\\DLLs', 'C:\\Panda3D-1.11.0-x64\\python\\lib', 'C:\\Panda3D-1.11.0-x64\\python\\lib\\plat-win', 'C:\\Panda3D-1.11.0-x64\\python\\lib\\lib-tk', 'C:\\Panda3D-1.11.0-x64\\python', 'C:\\Panda3D-1.11.0-x64\\bin', 'C:\\Panda3D-1.11.0-x64\\python\\lib\\site-packages']
sys.argv =  ['D:\\hollybae\\Aly\\Toontown-School-House\\toontown\\launcher\\TTOffQuickStartLauncher.py']
generating standard configrc
os.environ =  {'TMP': 'C:\\Users\\holla\\AppData\\Local\\Temp', 'COMPUTERNAME': 'HOLLYBAES-PC', 'USERDOMAIN': 'HOLLYBAES-PC', 'INTEL_DEV_REDIST': 'C:\\Program Files (x86)\\Common Files\\Intel\\Shared Libraries\\', 'PSMODULEPATH': 'C:\\Program Files\\WindowsPowerShell\\Modules;C:\\WINDOWS\\system32\\WindowsPowerShell\\v1.0\\Modules', 'COMMONPROGRAMFILES': 'C:\\Program Files\\Common Files', 'PROCESSOR_IDENTIFIER': 'Intel64 Family 6 Model 158 Stepping 10, GenuineIntel', 'VBOX_MSI_INSTALL_PATH': 'C:\\Program Files\\Oracle\\VirtualBox\\', 'PROGRAMFILES': 'C:\\Program Files', 'PROCESSOR_REVISION': '9e0a', 'PATH': 'C:\\Panda3D-1.11.0-x64\\panda3d\\..\\bin;C:\\Program Files (x86)\\Razer\\ChromaBroadcast\\bin;C:\\Program Files\\Razer\\ChromaBroadcast\\bin;C:\\Program Files (x86)\\Common Files\\Intel\\Shared Libraries\\redist\\intel64_win\\compiler;C:\\Program Files (x86)\\Common Files\\Oracle\\Java\\javapath;C:\\Program Files (x86)\\Common Files\\Intel\\Shared Libraries\\redist\\intel64\\compiler;C:\\WINDOWS\\system32;C:\\WINDOWS;C:\\WINDOWS\\System32\\Wbem;C:\\WINDOWS\\System32\\WindowsPowerShell\\v1.0\\;C:\\WINDOWS\\System32\\OpenSSH\\;C:\\Program Files\\NVIDIA Corporation\\NVIDIA NGX;C:\\Program Files (x86)\\NVIDIA Corporation\\PhysX\\Common;C:\\Program Files\\NVIDIA Corporation\\NVIDIA NvDLISR;C:\\WINDOWS\\system32;C:\\WINDOWS;C:\\WINDOWS\\System32\\Wbem;C:\\WINDOWS\\System32\\WindowsPowerShell\\v1.0\\;C:\\WINDOWS\\System32\\OpenSSH\\;D:\\hollybae\\ffmpeg-4.1.3-win64-static\\ffmpeg-4.1.3-win64-static\\bin;C:\\Program Files\\dotnet\\;C:\\WINDOWS\\system32\\config\\systemprofile\\AppData\\Local\\Microsoft\\WindowsApps;C:\\Program Files (x86)\\QuickTime\\QTSystem\\;C:\\Users\\holla\\AppData\\Local\\Microsoft\\WindowsApps;C:\\Panda3D-1.10.4.1-x64\\python;C:\\Panda3D-1.10.4.1-x64\\python\\Scripts;C:\\Panda3D-1.10.4.1-x64\\bin;C:\\Panda3D-1.11.0-x64\\python;C:\\Panda3D-1.11.0-x64\\python\\Scripts;C:\\Panda3D-1.11.0-x64\\bin', 'SYSTEMROOT': 'C:\\WINDOWS', 'MIC_LD_LIBRARY_PATH': 'C:\\Program Files (x86)\\Common Files\\Intel\\Shared Libraries\\compiler\\lib\\intel64_win_mic', 'COMSPEC': 'C:\\WINDOWS\\system32\\cmd.exe', 'DRIVERDATA': 'C:\\Windows\\System32\\Drivers\\DriverData', 'PPYTHON_PATH': '"C:\\Panda3D-1.11.0-x64\\python\\ppython.exe"', 'TEMP': 'C:\\Users\\holla\\AppData\\Local\\Temp', 'COMMONPROGRAMFILES(X86)': 'C:\\Program Files (x86)\\Common Files', 'PROCESSOR_ARCHITECTURE': 'AMD64', 'PROGRAMFILES(X86)': 'C:\\Program Files (x86)', 'ALLUSERSPROFILE': 'C:\\ProgramData', 'LOCALAPPDATA': 'C:\\Users\\holla\\AppData\\Local', 'FPS_BROWSER_USER_PROFILE_STRING': 'Default', 'HOMEPATH': '\\Users\\holla', 'USERDOMAIN_ROAMINGPROFILE': 'HOLLYBAES-PC', 'TTOFF_GAME_SERVER': '25.69.66.5', 'PROGRAMW6432': 'C:\\Program Files', 'USERNAME': 'holla', 'LOGONSERVER': '\\\\HOLLYBAES-PC', 'PROMPT': '$P$G', 'SESSIONNAME': 'Console', 'PROGRAMDATA': 'C:\\ProgramData', 'ONEDRIVE': 'C:\\Users\\holla\\OneDrive - University of Guelph', 'FPS_BROWSER_APP_PROFILE_STRING': 'Internet Explorer', 'PATHEXT': '.COM;.EXE;.BAT;.CMD;.VBS;.VBE;.JS;.JSE;.WSF;.WSH;.MSC', 'TTOFF_LOGIN_TOKEN': 'Holland', 'ONEDRIVECOMMERCIAL': 'C:\\Users\\holla\\OneDrive - University of Guelph', 'WINDIR': 'C:\\WINDOWS', 'APPDATA': 'C:\\Users\\holla\\AppData\\Roaming', 'HOMEDRIVE': 'C:', 'SYSTEMDRIVE': 'C:', 'NUMBER_OF_PROCESSORS': '12', 'PROCESSOR_LEVEL': '6', 'RG_GPU_FRAMEWORK_ENGINE_RESOURCEDIR': 'C:\\Program Files\\Red Giant\\RGFX', 'COMMONPROGRAMW6432': 'C:\\Program Files\\Common Files', 'OS': 'Windows_NT', 'PUBLIC': 'C:\\Users\\Public', 'USERPROFILE': 'C:\\Users\\holla'}
:04-01-2020 22:47:28 TTOffLauncher: isTestServer: 0
:04-01-2020 22:47:28 TTOffLauncher: Game Server 25.69.66.5
:04-01-2020 22:47:28 TTOffLauncher: Starting Toontown Online... 
:04-01-2020 22:47:28 TTOffLauncher: foreground: Launcher now operating in foreground
useTTOffSpecificLogin=True
:04-01-2020 22:47:28 TTOffLauncher: maybeStartGame: starting game
:04-01-2020 22:47:28 TTOffLauncher: Starting Toontown Online...
:04-01-2020 22:47:28 TTOffLauncher: background: Launcher now operating in background
ToontownStart: Polling for game2 to finish...
ToontownStart: Game2 is finished.
ToontownStart: Starting the game.
ToontownStart: setting default font
:04-01-2020 22:47:29 TTOffLauncher: setting panda error code to 7
Known pipe types:
  wglGraphicsPipe
(all display modules loaded.)
:04-01-2020 22:47:30 ToonBase: Default graphics pipe is wglGraphicsPipe (OpenGL).
:04-01-2020 22:47:30 ToonBase: Successfully opened window of type wglGraphicsWindow (OpenGL)
:04-01-2020 22:47:30 ShowBase: __dev__ == False
:04-01-2020 22:47:30 TTOffLauncher: setting panda error code to 11
:04-01-2020 22:47:31 TTOffLauncher: setting panda error code to 0
ToontownStart: Loading default gui sounds
ToontownStart: serverVersion:  tto-dev
:04-01-2020 22:47:31 Loader: starting bulk load of block 'init'
:04-01-2020 22:47:38 :nativenet(error): Buffered_DatagramConnection Constructor rbufsize = 4096000 wbufsize = 4096000 write_flush_point = 1400
:04-01-2020 22:47:38 OTPClientRepository: Using connect method 'http'
:04-01-2020 22:47:44 TTOffLauncher: getRegistry ('DEPLOYMENT', None)
:04-01-2020 22:47:44 TTOffLauncher: checking env
:04-01-2020 22:47:44 TTOffLauncher: getRegistry ('GAME_DEPLOYMENT', None)
:04-01-2020 22:47:44 TTOffLauncher: checking env
:04-01-2020 22:47:44 OTPClientRepository: reg_deployment=
:04-01-2020 22:47:44 OTPClientRepository: required-login auto.
:04-01-2020 22:47:44 OTPClientRepository: loginInterface: LoginTTOffAccount
:04-01-2020 22:47:44 TTOffLauncher: getNeedPwForSecretKey using ttoff-specific-login
:04-01-2020 22:47:44 Loader: At end of block 'init', expected 138, loaded 14, duration=13.2043811
:04-01-2020 22:47:44 ToonBase: Using gameServer from launcher: 25.69.66.5 
:04-01-2020 22:47:44 OTPClientRepository: Connecting to gameserver directly (no proxy).
:04-01-2020 22:47:44 OTPClientRepository: Connecting to //25.69.66.5:7198 via HTTP interface.
:04-01-2020 22:47:44 TTOffLauncher: Stopping mini task manager.
:04-01-2020 22:47:44 OTPClientRepository: Successfully connected to //25.69.66.5:7198.
:04-01-2020 22:47:44 TTOffLauncher: Setting Disconnect Details normal
{401000001: <toontown.distributed.ToontownDistrict.ToontownDistrict instance at 0x000000001C570748>}
:04-01-2020 22:47:46 StateData: AvatarChooser.enter
:04-01-2020 22:47:46 DisplayOptions: settingsFullScreen = False, embedded = False width=800 height=600
:04-01-2020 22:47:46 StateData: calling self.displayOptions.restrictToEmbedded(False)
:04-01-2020 22:47:48 MakeAToon: QA-REGRESSION: MAKEATOON: Starting Make A Toon
:04-01-2020 22:48:08 Actor(warning): no part named head-front*!
:04-01-2020 22:48:08 Actor(warning): no part named eyes*!
:04-01-2020 22:48:08 Actor(warning): no part named head-front*!
:04-01-2020 22:48:08 Actor(warning): no part named eyes*!
:04-01-2020 22:48:08 Actor(warning): no part named head-front*!
:04-01-2020 22:48:08 Actor(warning): no part named eyes*!
:04-01-2020 22:48:21 Actor(warning): no part named head-front*!
:04-01-2020 22:48:21 Actor(warning): no part named eyes*!
:04-01-2020 22:48:21 Actor(warning): no part named head-front*!
:04-01-2020 22:48:21 Actor(warning): no part named eyes*!
:04-01-2020 22:48:21 Actor(warning): no part named head-front*!
:04-01-2020 22:48:21 Actor(warning): no part named eyes*!
:04-01-2020 22:48:29 Actor(warning): no part named head-front*!
:04-01-2020 22:48:32 Actor(warning): no part named head-front*!
:04-01-2020 22:49:48 NameShop: QA-REGRESSION: SKIPTUTORIAL: Skip Tutorial
:04-01-2020 22:49:49 NameShop(warning): No dislId, using 0
:04-01-2020 22:49:49 MakeAToon: QA-REGRESSION: MAKEATOON: Creating A Toon
:04-01-2020 22:49:50 Loader: starting bulk load of block 'localAvatarPlayGame'
:04-01-2020 22:49:51 ToontownTimeManager(warning): error parsing date string=
local
:04-01-2020 22:49:51 NewsPageButtonManager(warning): Should not get here. NewsPageButtonManager.exitOff
:04-01-2020 22:49:51 :pnmimage:png(warning): iCCP: known incorrect sRGB profile
:04-01-2020 22:49:53 OTPClientRepository: Entering shard 401000001
:04-01-2020 22:49:53 StreetSign: Street sign url is https://ttoffline.com/images/
:04-01-2020 22:49:54 StreetSign: Street Sign is up to date
:04-01-2020 22:49:54 OTPClientRepository: Sending heartbeat mid-frame.
:04-01-2020 22:49:54 TimeManager: Clock sync: TimeManager.announceGenerate
:04-01-2020 22:49:54 NewsManager: setHolidayId: Starting Holiday 7
:04-01-2020 22:49:54 InGameNewsMgr: latestIssue=2013-08-22 16:49:46.000003-07:00
cpu info: GenuineIntel|Intel(R) Core(TM) i7-8700K CPU @ 3.70GHz|591594|0|3.701,3.701|6,12 cpus
:04-01-2020 22:49:56 OTPClientRepository: No sync from TimeManager.
:04-01-2020 22:49:56 OTPClientRepository: gotTimeSync
:04-01-2020 22:49:56 Loader: At end of block 'localAvatarPlayGame', expected 400, loaded 15, duration=6.1498389
:04-01-2020 22:49:56 TimeManager: Clock sync roundtrip took 1839.597 ms
:04-01-2020 22:49:56 TimeManager: AI time delta is -0:01 from server delta
:04-01-2020 22:49:56 TimeManager: Local clock uncertainty +/- 0.920 s
:04-01-2020 22:49:56 Loader(warning): Tried to end a block ('localAvatarPlayGame'), but not in one
:04-01-2020 22:49:57 QuietZoneState: Requesting AI redirect from zone 0.
:04-01-2020 22:49:57 QuietZoneState: Redirecting to zone 22000.
:04-01-2020 22:49:57 PlayGame: QA-REGRESSION: NEIGHBORHOODS: Visit Toontown Central
:04-01-2020 22:49:57 Loader: starting bulk load of block 'hood'
:04-01-2020 22:50:01 DistributedObject(warning): no loader.getInteractiveProp self.interactiveProp is None
:04-01-2020 22:50:01 DistributedObject(warning): no loader.getInteractiveProp self.interactiveProp is None
:04-01-2020 22:50:01 DistributedObject(warning): no loader.getInteractiveProp self.interactiveProp is None
:04-01-2020 22:50:01 DistributedObject(warning): no loader.getInteractiveProp self.interactiveProp is None
:04-01-2020 22:50:01 DistributedObject(warning): no loader.getInteractiveProp self.interactiveProp is None
:04-01-2020 22:50:01 DistributedToon: calling LocalAvatar.startchat
:04-01-2020 22:50:01 Loader: At end of block 'hood', expected 8, loaded 20, duration=4.2655672
:04-01-2020 22:50:03 Teleport(debug): teleportInDone: popup
local
:04-01-2020 22:50:09 TTOffMagicWordManager: Maxed out Petalwoof's stats.
:04-01-2020 22:50:15 TTOffMagicWordManager: Abracadabra!
:04-01-2020 22:50:19 TTOffMagicWordManager: Presto!
:04-01-2020 22:50:25 TTOffMagicWordManager: Gave Petalwoof an infinite amount of pies
:04-01-2020 22:50:25 ShtikerBook: QA-REGRESSION: SHTICKERBOOK: Open
OnscreenText.configure: mayChange == 0
OnscreenText.configure: mayChange == 0
OnscreenText.configure: mayChange == 0
OnscreenText.configure: mayChange == 0
:04-01-2020 22:50:27 ShtikerBook: QA-REGRESSION: SHTICKERBOOK: Close
:04-01-2020 22:50:29 TTOffMagicWordManager: Presto!
:04-01-2020 22:50:31 TTOffMagicWordManager: Run mode has been toggled.
:04-01-2020 22:50:32 Playground: Unloading Place (22000). Fsm in final
:04-01-2020 22:50:33 PlayGame: QA-REGRESSION: NEIGHBORHOODS: Visit Lawbot HQ
:04-01-2020 22:50:33 Loader: starting bulk load of block 'hood'
:04-01-2020 22:50:33 OTPClientRepository: Sending heartbeat mid-frame.
:04-01-2020 22:50:33 LawbotCogHQLoader: loadPlaceGeom: 13000
:04-01-2020 22:50:34 DistributedObject: DistributedSuitPlanner 401002972: generating
:04-01-2020 22:50:34 DistributedToon: calling LocalAvatar.startchat
:04-01-2020 22:50:34 :loader(error): Couldn't load file phase_4/models/questmap/cog_hq_lawbot_maps.bam: not found on model path (currently: "/;/d/hollybae/Aly/Toontown-School-House/toontown/launcher;/c/Panda3D-1.11.0-x64/etc/..;/c/Panda3D-1.11.0-x64/etc/../models")
:04-01-2020 22:50:34 Loader: At end of block 'hood', expected 2, loaded 7, duration=1.5855914
:04-01-2020 22:50:36 Teleport(debug): teleportInDone: walk
:04-01-2020 22:50:36 :loader(error): Couldn't load file phase_4/models/questmap/cog_hq_lawbot_maps.bam: not found on model path (currently: "/;/d/hollybae/Aly/Toontown-School-House/toontown/launcher;/c/Panda3D-1.11.0-x64/etc/..;/c/Panda3D-1.11.0-x64/etc/../models")
:04-01-2020 22:50:41 TTOffMagicWordManager: Changed Petalwoof's name to Bae Con!
:04-01-2020 22:50:59 LawbotCogHQLoader: loadPlaceGeom: 13100
:04-01-2020 22:50:59 LawbotCogHQLoader: QA-REGRESSION: COGHQ: Visit LawbotLobby
:04-01-2020 22:50:59 LawbotHQExterior: Unloading Place (13000). Fsm in final
:04-01-2020 22:51:00 DistributedObject: DistributedSuitPlanner 401002972: disabling
:04-01-2020 22:51:00 DistributedToon: calling LocalAvatar.startchat
:04-01-2020 22:51:00 :loader(error): Couldn't load file phase_4/models/questmap/cog_hq_lawbot_maps.bam: not found on model path (currently: "/;/d/hollybae/Aly/Toontown-School-House/toontown/launcher;/c/Panda3D-1.11.0-x64/etc/..;/c/Panda3D-1.11.0-x64/etc/../models")
:04-01-2020 22:51:01 :loader(error): Couldn't load file phase_4/models/questmap/cog_hq_lawbot_maps.bam: not found on model path (currently: "/;/d/hollybae/Aly/Toontown-School-House/toontown/launcher;/c/Panda3D-1.11.0-x64/etc/..;/c/Panda3D-1.11.0-x64/etc/../models")
:04-01-2020 22:51:11 TTOffMagicWordManager: Run mode has been toggled.
:04-01-2020 22:51:12 LawbotCogHQLoader: loadPlaceGeom: 61000
:04-01-2020 22:51:12 LawbotCogHQLoader(warning): loadPlaceGeom: unclassified zone 61000
:04-01-2020 22:51:12 CogHQLobby: Unloading Place (13100). Fsm in final
:04-01-2020 22:51:13 DistributedLawbotBoss(warning): Not a collision node: LawbotCourtroom3.egg/-PandaNode/CR3/interior/CR3_Floor
:04-01-2020 22:51:13 DistributedToon: calling LocalAvatar.startchat
:04-01-2020 22:51:13 OTPClientRepository: Sending heartbeat mid-frame.
:04-01-2020 22:51:14 LawbotHQBossBattle(warning): fsm.request('movie') returned 0 (zone id 61000, avatar pos LPoint3f(-0.363562, -126.204, 0.193903)).
:04-01-2020 22:51:15 OTPClientRepository(warning): Server is booting us out (153): The session object with id 100000005 has been unexpectedly deleted.
:04-01-2020 22:51:15 OTPClientRepository(warning): Lost connection to gameserver.
:04-01-2020 22:51:15 LawbotHQBossBattle: Unloading Place (61000). Fsm in final
:04-01-2020 22:51:15 OTPClientRepository(warning): unclean exit, abandoning shard
ignoring InputState-forward
:04-01-2020 22:51:15 OTPClientRepository: sending clientLogout
:04-01-2020 22:51:15 LocalAvatar(warning): redundant call to stopUpdateSmartCamera
:04-01-2020 22:51:15 TTOffLauncher: New Disconnect Details: 153 - The district you were playing on has been reset.  Everyone who was playing on that district has been disconnected.  However, you should be able to connect again and go right back into the game. 
:04-01-2020 22:51:15 OTPClientRepository(warning): Lost connection to server. Notifying user.
:04-01-2020 22:51:15 OTPClientRepository(warning): Disable failed. DistObj 100000003 is not in dictionary, ownerView=False
:04-01-2020 22:51:15 OTPClientRepository(warning): Disable failed. DistObj 401004729 is not in dictionary, ownerView=False
:04-01-2020 22:51:15 :downloader(warning): Windows error code: 10053
:04-01-2020 22:51:15 OTPClientRepository(warning): Lost connection to gameserver.
:04-01-2020 22:51:19 OTPClientRepository: Connecting to gameserver directly (no proxy).
:04-01-2020 22:51:19 OTPClientRepository: Connecting to //25.69.66.5:7198 via HTTP interface.
:04-01-2020 22:51:19 OTPClientRepository: Successfully connected to //25.69.66.5:7198.
:04-01-2020 22:51:19 TTOffLauncher: Setting Disconnect Details normal
{401000001: <toontown.distributed.ToontownDistrict.ToontownDistrict instance at 0x0000000003845A48>}
:04-01-2020 22:51:21 StateData: AvatarChooser.enter
:04-01-2020 22:51:21 DisplayOptions: settingsFullScreen = False, embedded = False width=800 height=600
:04-01-2020 22:51:21 StateData: calling self.displayOptions.restrictToEmbedded(False)
:04-01-2020 22:51:22 OTPClientRepository: ================
:04-01-2020 22:51:22 OTPClientRepository: Chose avatar id: 100000005
:04-01-2020 22:51:22 OTPClientRepository: Chose avatar name: Bae Con
:04-01-2020 22:51:22 OTPClientRepository: Chose avatar dna: ('sss', 'sd', 's', 'f', 1, 0, 1, 1, 0, 21, 0, 21, 0, 21)
:04-01-2020 22:51:22 OTPClientRepository: Chose avatar position: 1
:04-01-2020 22:51:22 OTPClientRepository: isPaid: 1
:04-01-2020 22:51:22 OTPClientRepository: freeTimeLeft: 0
:04-01-2020 22:51:22 OTPClientRepository: allowSecretChat: True
:04-01-2020 22:51:22 OTPClientRepository: ================
:04-01-2020 22:51:22 Loader: starting bulk load of block 'localAvatarPlayGame'
local
:04-01-2020 22:51:23 NewsPageButtonManager(warning): Should not get here. NewsPageButtonManager.exitOff
:04-01-2020 22:51:23 :pnmimage:png(warning): iCCP: known incorrect sRGB profile
:04-01-2020 22:51:24 OTPClientRepository: Entering shard 401000001
:04-01-2020 22:51:24 TimeManager: Clock sync: TimeManager.announceGenerate
:04-01-2020 22:51:24 NewsManager: setHolidayId: Starting Holiday 7
:04-01-2020 22:51:24 InGameNewsMgr: latestIssue=2013-08-22 16:49:46.000003-07:00
cpu info: GenuineIntel|Intel(R) Core(TM) i7-8700K CPU @ 3.70GHz|591594|0|3.701,3.701|6,12 cpus
:04-01-2020 22:51:24 OTPClientRepository: No sync from TimeManager.
:04-01-2020 22:51:24 OTPClientRepository: gotTimeSync
:04-01-2020 22:51:24 Loader: At end of block 'localAvatarPlayGame', expected 400, loaded 8, duration=2.0746724
:04-01-2020 22:51:25 TimeManager: Clock sync roundtrip took 170.205 ms
:04-01-2020 22:51:25 TimeManager: AI time delta is -0:00 from server delta
:04-01-2020 22:51:25 ClockDelta: previous delta at -216.298 s, +/- 0.945 s.
:04-01-2020 22:51:25 ClockDelta: new delta at 227.080 s, +/- 0.085 s.
:04-01-2020 22:51:25 ClockDelta: discarding previous delta.
:04-01-2020 22:51:25 TimeManager: Local clock uncertainty +/- 0.085 s
:04-01-2020 22:51:25 PlayGame: QA-REGRESSION: NEIGHBORHOODS: Visit Lawbot HQ
:04-01-2020 22:51:25 Loader: starting bulk load of block 'hood'
:04-01-2020 22:51:25 LawbotCogHQLoader: loadPlaceGeom: 13000
:04-01-2020 22:51:25 DistributedObject: DistributedSuitPlanner 401002972: generating
:04-01-2020 22:51:25 DistributedToon: calling LocalAvatar.startchat
:04-01-2020 22:51:25 :loader(error): Couldn't load file phase_4/models/questmap/cog_hq_lawbot_maps.bam: not found on model path (currently: "/;/d/hollybae/Aly/Toontown-School-House/toontown/launcher;/c/Panda3D-1.11.0-x64/etc/..;/c/Panda3D-1.11.0-x64/etc/../models")
:04-01-2020 22:51:25 Loader: At end of block 'hood', expected 2, loaded 3, duration=0.7462701
:04-01-2020 22:51:27 Teleport(debug): teleportInDone: walk
:04-01-2020 22:51:27 :loader(error): Couldn't load file phase_4/models/questmap/cog_hq_lawbot_maps.bam: not found on model path (currently: "/;/d/hollybae/Aly/Toontown-School-House/toontown/launcher;/c/Panda3D-1.11.0-x64/etc/..;/c/Panda3D-1.11.0-x64/etc/../models")
:04-01-2020 22:52:21 OTPClientRepository(warning): Server is booting us out (153): The session object with id 100000005 has been unexpectedly deleted.
:04-01-2020 22:52:21 OTPClientRepository(warning): Lost connection to gameserver.
:04-01-2020 22:52:21 LawbotHQExterior: Unloading Place (13000). Fsm in final
:04-01-2020 22:52:21 OTPClientRepository(warning): unclean exit, abandoning shard
:04-01-2020 22:52:21 DistributedObject: DistributedSuitPlanner 401002972: disabling
ignoring InputState-forward
:04-01-2020 22:52:21 OTPClientRepository: sending clientLogout
:04-01-2020 22:52:21 LocalAvatar(warning): redundant call to stopUpdateSmartCamera
:04-01-2020 22:52:21 TTOffLauncher: New Disconnect Details: 153 - The district you were playing on has been reset.  Everyone who was playing on that district has been disconnected.  However, you should be able to connect again and go right back into the game. 
:04-01-2020 22:52:21 OTPClientRepository(warning): Lost connection to server. Notifying user.
:04-01-2020 22:52:21 OTPClientRepository(warning): Disable failed. DistObj 401004012 is not in dictionary, ownerView=False
:04-01-2020 22:52:21 OTPClientRepository(warning): Disable failed. DistObj 401003895 is not in dictionary, ownerView=False
:04-01-2020 22:52:21 OTPClientRepository(warning): Disable failed. DistObj 401003949 is not in dictionary, ownerView=False
:04-01-2020 22:52:21 OTPClientRepository(warning): Disable failed. DistObj 401003894 is not in dictionary, ownerView=False
:04-01-2020 22:52:21 OTPClientRepository(warning): Disable failed. DistObj 401004013 is not in dictionary, ownerView=False
:04-01-2020 22:52:21 OTPClientRepository(warning): Disable failed. DistObj 401002972 is not in dictionary, ownerView=False
:04-01-2020 22:52:21 OTPClientRepository(warning): Disable failed. DistObj 401002981 is not in dictionary, ownerView=False
:04-01-2020 22:52:21 OTPClientRepository(warning): Disable failed. DistObj 401003948 is not in dictionary, ownerView=False
:04-01-2020 22:52:21 OTPClientRepository(warning): Disable failed. DistObj 401003950 is not in dictionary, ownerView=False
:04-01-2020 22:52:21 OTPClientRepository(warning): Disable failed. DistObj 401004057 is not in dictionary, ownerView=False
:04-01-2020 22:52:21 OTPClientRepository(warning): Disable failed. DistObj 401004058 is not in dictionary, ownerView=False
:04-01-2020 22:52:21 OTPClientRepository(warning): Disable failed. DistObj 401004079 is not in dictionary, ownerView=False
:04-01-2020 22:52:21 :downloader(warning): Windows error code: 0
:04-01-2020 22:52:21 OTPClientRepository(warning): Lost connection to gameserver.
:04-01-2020 22:52:23 OTPClientRepository: Connecting to gameserver directly (no proxy).
:04-01-2020 22:52:23 OTPClientRepository: Connecting to //25.69.66.5:7198 via HTTP interface.
:04-01-2020 22:52:32 GarbageCollect(warning): garbage found, reverting gc threshold
:04-01-2020 22:52:33 OTPClientRepository(warning): Failed to connect to //25.69.66.5:7198 (3 Timeout on connection).  Notifying user.
:04-01-2020 22:52:33 OTPClientRepository: Could not connect to 25.69.66.5:7198. Try again?
:04-01-2020 22:52:34 OTPClientRepository: Connecting to gameserver directly (no proxy).
:04-01-2020 22:52:34 OTPClientRepository: Connecting to //25.69.66.5:7198 via HTTP interface.
:04-01-2020 22:52:34 OTPClientRepository: Successfully connected to //25.69.66.5:7198.
:04-01-2020 22:52:34 TTOffLauncher: Setting Disconnect Details normal
:04-01-2020 22:52:43 ToonBase: User closed main window.
:04-01-2020 22:52:43 OTPClientRepository: Sent disconnect message to server
:04-01-2020 22:52:43 OTPClientRepository: Closing connection to server.
:04-01-2020 22:52:43 OTPClientRepository: Exiting cleanly
:04-01-2020 22:52:43 ToonBase: Exiting Toontown: errorCode = None
:04-01-2020 22:52:43 TTOffLauncher: setting panda error code to 0
:04-01-2020 22:52:43 TTOffLauncher: Normal exit.
