

Starting Toontown Online...
Current time: Sat Jan 11 02:40:47 2020 Eastern Standard Time
sys.path =  ['', 'C:\\Panda3D-1.11.0-x64\\python\\python27.zip', 'C:\\Panda3D-1.11.0-x64', 'C:\\Panda3D-1.11.0-x64\\python\\DLLs', 'C:\\Panda3D-1.11.0-x64\\python\\lib', 'C:\\Panda3D-1.11.0-x64\\python\\lib\\plat-win', 'C:\\Panda3D-1.11.0-x64\\python\\lib\\lib-tk', 'C:\\Panda3D-1.11.0-x64\\python', 'C:\\Panda3D-1.11.0-x64\\bin', 'C:\\Panda3D-1.11.0-x64\\python\\lib\\site-packages']
sys.argv =  ['D:\\hollybae\\Aly\\Toontown-School-House\\toontown\\launcher\\TTOffQuickStartLauncher.py']
generating standard configrc
os.environ =  {'TMP': 'C:\\Users\\holla\\AppData\\Local\\Temp', 'COMPUTERNAME': 'HOLLYBAES-PC', 'USERDOMAIN': 'HOLLYBAES-PC', 'INTEL_DEV_REDIST': 'C:\\Program Files (x86)\\Common Files\\Intel\\Shared Libraries\\', 'PSMODULEPATH': 'C:\\Program Files\\WindowsPowerShell\\Modules;C:\\WINDOWS\\system32\\WindowsPowerShell\\v1.0\\Modules', 'COMMONPROGRAMFILES': 'C:\\Program Files\\Common Files', 'PROCESSOR_IDENTIFIER': 'Intel64 Family 6 Model 158 Stepping 10, GenuineIntel', 'VBOX_MSI_INSTALL_PATH': 'C:\\Program Files\\Oracle\\VirtualBox\\', 'PROGRAMFILES': 'C:\\Program Files', 'PROCESSOR_REVISION': '9e0a', 'PATH': 'C:\\Panda3D-1.11.0-x64\\panda3d\\..\\bin;C:\\Program Files (x86)\\Razer\\ChromaBroadcast\\bin;C:\\Program Files\\Razer\\ChromaBroadcast\\bin;C:\\Program Files (x86)\\Common Files\\Intel\\Shared Libraries\\redist\\intel64_win\\compiler;C:\\Program Files (x86)\\Common Files\\Oracle\\Java\\javapath;C:\\Program Files (x86)\\Common Files\\Intel\\Shared Libraries\\redist\\intel64\\compiler;C:\\WINDOWS\\system32;C:\\WINDOWS;C:\\WINDOWS\\System32\\Wbem;C:\\WINDOWS\\System32\\WindowsPowerShell\\v1.0\\;C:\\WINDOWS\\System32\\OpenSSH\\;C:\\Program Files\\NVIDIA Corporation\\NVIDIA NGX;C:\\Program Files (x86)\\NVIDIA Corporation\\PhysX\\Common;C:\\Program Files\\NVIDIA Corporation\\NVIDIA NvDLISR;C:\\WINDOWS\\system32;C:\\WINDOWS;C:\\WINDOWS\\System32\\Wbem;C:\\WINDOWS\\System32\\WindowsPowerShell\\v1.0\\;C:\\WINDOWS\\System32\\OpenSSH\\;D:\\hollybae\\ffmpeg-4.1.3-win64-static\\ffmpeg-4.1.3-win64-static\\bin;C:\\Program Files\\dotnet\\;C:\\WINDOWS\\system32\\config\\systemprofile\\AppData\\Local\\Microsoft\\WindowsApps;C:\\Program Files (x86)\\QuickTime\\QTSystem\\;C:\\Users\\holla\\AppData\\Local\\Microsoft\\WindowsApps;C:\\Panda3D-1.10.4.1-x64\\python;C:\\Panda3D-1.10.4.1-x64\\python\\Scripts;C:\\Panda3D-1.10.4.1-x64\\bin;C:\\Panda3D-1.11.0-x64\\python;C:\\Panda3D-1.11.0-x64\\python\\Scripts;C:\\Panda3D-1.11.0-x64\\bin', 'SYSTEMROOT': 'C:\\WINDOWS', 'MIC_LD_LIBRARY_PATH': 'C:\\Program Files (x86)\\Common Files\\Intel\\Shared Libraries\\compiler\\lib\\intel64_win_mic', 'COMSPEC': 'C:\\WINDOWS\\system32\\cmd.exe', 'DRIVERDATA': 'C:\\Windows\\System32\\Drivers\\DriverData', 'PPYTHON_PATH': '"C:\\Panda3D-1.11.0-x64\\python\\ppython.exe"', 'TEMP': 'C:\\Users\\holla\\AppData\\Local\\Temp', 'COMMONPROGRAMFILES(X86)': 'C:\\Program Files (x86)\\Common Files', 'PROCESSOR_ARCHITECTURE': 'AMD64', 'PROGRAMFILES(X86)': 'C:\\Program Files (x86)', 'ALLUSERSPROFILE': 'C:\\ProgramData', 'LOCALAPPDATA': 'C:\\Users\\holla\\AppData\\Local', 'FPS_BROWSER_USER_PROFILE_STRING': 'Default', 'HOMEPATH': '\\Users\\holla', 'USERDOMAIN_ROAMINGPROFILE': 'HOLLYBAES-PC', 'PROGRAMW6432': 'C:\\Program Files', 'USERNAME': 'holla', 'LOGONSERVER': '\\\\HOLLYBAES-PC', 'PROMPT': '$P$G', 'SESSIONNAME': 'Console', 'PROGRAMDATA': 'C:\\ProgramData', 'ONEDRIVE': 'C:\\Users\\holla\\OneDrive', 'FPS_BROWSER_APP_PROFILE_STRING': 'Internet Explorer', 'PATHEXT': '.COM;.EXE;.BAT;.CMD;.VBS;.VBE;.JS;.JSE;.WSF;.WSH;.MSC', 'TTOFF_LOGIN_TOKEN': 'dev', 'WINDIR': 'C:\\WINDOWS', 'APPDATA': 'C:\\Users\\holla\\AppData\\Roaming', 'HOMEDRIVE': 'C:', 'SYSTEMDRIVE': 'C:', 'NUMBER_OF_PROCESSORS': '12', 'PROCESSOR_LEVEL': '6', 'RG_GPU_FRAMEWORK_ENGINE_RESOURCEDIR': 'C:\\Program Files\\Red Giant\\RGFX', 'COMMONPROGRAMW6432': 'C:\\Program Files\\Common Files', 'OS': 'Windows_NT', 'PUBLIC': 'C:\\Users\\Public', 'USERPROFILE': 'C:\\Users\\holla'}
:01-11-2020 02:40:47 TTOffLauncher: isTestServer: 0
:01-11-2020 02:40:47 TTOffLauncher: Game Server 127.0.0.1
:01-11-2020 02:40:47 TTOffLauncher: Starting Toontown Online... 
:01-11-2020 02:40:47 TTOffLauncher: foreground: Launcher now operating in foreground
useTTOffSpecificLogin=True
:01-11-2020 02:40:47 TTOffLauncher: maybeStartGame: starting game
:01-11-2020 02:40:47 TTOffLauncher: Starting Toontown Online...
:01-11-2020 02:40:47 TTOffLauncher: background: Launcher now operating in background
ToontownStart: Polling for game2 to finish...
ToontownStart: Game2 is finished.
ToontownStart: Starting the game.
ToontownStart: setting default font
:01-11-2020 02:40:47 TTOffLauncher: setting panda error code to 7
Known pipe types:
  wglGraphicsPipe
(all display modules loaded.)
:01-11-2020 02:40:47 ToonBase: Default graphics pipe is wglGraphicsPipe (OpenGL).
:01-11-2020 02:40:48 ToonBase: Successfully opened window of type wglGraphicsWindow (OpenGL)
:01-11-2020 02:40:48 ShowBase: __dev__ == False
:01-11-2020 02:40:48 TTOffLauncher: setting panda error code to 11
:01-11-2020 02:40:48 TTOffLauncher: setting panda error code to 0
ToontownStart: Loading default gui sounds
ToontownStart: serverVersion:  tto-dev
:01-11-2020 02:40:48 Loader: starting bulk load of block 'init'
:01-11-2020 02:40:48 :nativenet(error): Buffered_DatagramConnection Constructor rbufsize = 4096000 wbufsize = 4096000 write_flush_point = 1400
:01-11-2020 02:40:48 OTPClientRepository: Using connect method 'http'
:01-11-2020 02:40:49 TTOffLauncher: getRegistry ('DEPLOYMENT', None)
:01-11-2020 02:40:49 TTOffLauncher: checking env
:01-11-2020 02:40:49 TTOffLauncher: getRegistry ('GAME_DEPLOYMENT', None)
:01-11-2020 02:40:49 TTOffLauncher: checking env
:01-11-2020 02:40:49 OTPClientRepository: reg_deployment=
:01-11-2020 02:40:49 OTPClientRepository: required-login auto.
:01-11-2020 02:40:49 OTPClientRepository: loginInterface: LoginTTOffAccount
:01-11-2020 02:40:49 TTOffLauncher: getNeedPwForSecretKey using ttoff-specific-login
:01-11-2020 02:40:49 Loader: At end of block 'init', expected 138, loaded 5, duration=1.1615147
:01-11-2020 02:40:49 OTPClientRepository: Connecting to gameserver directly (no proxy).
:01-11-2020 02:40:49 OTPClientRepository: Connecting to //127.0.0.1:7198 via HTTP interface.
:01-11-2020 02:40:49 TTOffLauncher: Stopping mini task manager.
:01-11-2020 02:40:49 OTPClientRepository: Successfully connected to //127.0.0.1:7198.
:01-11-2020 02:40:49 TTOffLauncher: Setting Disconnect Details normal
{401000001: <toontown.distributed.ToontownDistrict.ToontownDistrict instance at 0x000000001D7E87C8>}
{401000001: <toontown.distributed.ToontownDistrict.ToontownDistrict instance at 0x000000001D7E87C8>}
:01-11-2020 02:40:58 StateData: AvatarChooser.enter
:01-11-2020 02:40:58 DisplayOptions: settingsFullScreen = False, embedded = False width=800 height=600
:01-11-2020 02:40:58 StateData: calling self.displayOptions.restrictToEmbedded(False)
:01-11-2020 02:41:00 OTPClientRepository: ================
:01-11-2020 02:41:00 OTPClientRepository: Chose avatar id: 100000027
:01-11-2020 02:41:00 OTPClientRepository: Chose avatar name: Bubby
:01-11-2020 02:41:00 OTPClientRepository: Chose avatar dna: ('css', 'ms', 'm', 'm', 18, 0, 2, 18, 4, 2, 4, 2, 7, 1)
:01-11-2020 02:41:00 OTPClientRepository: Chose avatar position: 0
:01-11-2020 02:41:00 OTPClientRepository: isPaid: 1
:01-11-2020 02:41:00 OTPClientRepository: freeTimeLeft: 0
:01-11-2020 02:41:00 OTPClientRepository: allowSecretChat: True
:01-11-2020 02:41:00 OTPClientRepository: ================
:01-11-2020 02:41:00 Loader: starting bulk load of block 'localAvatarPlayGame'
:01-11-2020 02:41:00 ToontownTimeManager(warning): error parsing date string=
local
:01-11-2020 02:41:00 NewsPageButtonManager(warning): Should not get here. NewsPageButtonManager.exitOff
:01-11-2020 02:41:00 :pnmimage:png(warning): iCCP: known incorrect sRGB profile
:01-11-2020 02:41:02 OTPClientRepository: Entering shard 401000001
:01-11-2020 02:41:02 StreetSign: Street sign url is https://ttoffline.com/images/
:01-11-2020 02:41:03 StreetSign: Street Sign is up to date
:01-11-2020 02:41:03 TimeManager: Clock sync: TimeManager.announceGenerate
:01-11-2020 02:41:03 InGameNewsMgr: latestIssue=2013-08-22 16:49:46.000003-07:00
cpu info: GenuineIntel|Intel(R) Core(TM) i7-8700K CPU @ 3.70GHz|591594|0|3.701,3.701|6,12 cpus
:01-11-2020 02:41:04 OTPClientRepository: No sync from TimeManager.
:01-11-2020 02:41:04 OTPClientRepository: gotTimeSync
:01-11-2020 02:41:04 Loader: At end of block 'localAvatarPlayGame', expected 400, loaded 8, duration=4.2660646
:01-11-2020 02:41:04 TimeManager: Clock sync roundtrip took 1342.884 ms
:01-11-2020 02:41:04 TimeManager: AI time delta is -0:01 from server delta
:01-11-2020 02:41:04 TimeManager: Local clock uncertainty +/- 0.672 s
:01-11-2020 02:41:04 PlayGame: QA-REGRESSION: NEIGHBORHOODS: Visit Lawbot HQ
:01-11-2020 02:41:04 Loader: starting bulk load of block 'hood'
:01-11-2020 02:41:05 LawbotCogHQLoader: loadPlaceGeom: 13000
:01-11-2020 02:41:05 DistributedObject: DistributedSuitPlanner 401002972: generating
:01-11-2020 02:41:05 DistributedToon: calling LocalAvatar.startchat
:01-11-2020 02:41:05 :loader(error): Couldn't load file phase_4/models/questmap/cog_hq_lawbot_maps.bam: not found on model path (currently: "/;/d/hollybae/Aly/Toontown-School-House/toontown/launcher;/c/Panda3D-1.11.0-x64/etc/..;/c/Panda3D-1.11.0-x64/etc/../models")
:01-11-2020 02:41:05 Loader: At end of block 'hood', expected 2, loaded 2, duration=0.5190779
:01-11-2020 02:41:06 Teleport(debug): teleportInDone: walk
:01-11-2020 02:41:06 :loader(error): Couldn't load file phase_4/models/questmap/cog_hq_lawbot_maps.bam: not found on model path (currently: "/;/d/hollybae/Aly/Toontown-School-House/toontown/launcher;/c/Panda3D-1.11.0-x64/etc/..;/c/Panda3D-1.11.0-x64/etc/../models")
:01-11-2020 02:41:08 ShtikerBook: QA-REGRESSION: SHTICKERBOOK: Open
:01-11-2020 02:41:09 ShtikerBook: QA-REGRESSION: SHTICKERBOOK: Close
:01-11-2020 02:41:15 LawbotHQExterior: Unloading Place (13000). Fsm in final
:01-11-2020 02:41:15 DistributedObject: DistributedSuitPlanner 401002972: disabling
:01-11-2020 02:41:15 QuietZoneState: Requesting AI redirect from zone 0.
:01-11-2020 02:41:15 QuietZoneState: Redirecting to zone 22000.
:01-11-2020 02:41:15 PlayGame: QA-REGRESSION: NEIGHBORHOODS: Visit Toontown Central
:01-11-2020 02:41:15 Loader: starting bulk load of block 'hood'
:01-11-2020 02:41:17 DistributedObject(warning): no loader.getInteractiveProp self.interactiveProp is None
:01-11-2020 02:41:17 DistributedObject(warning): no loader.getInteractiveProp self.interactiveProp is None
:01-11-2020 02:41:17 DistributedObject(warning): no loader.getInteractiveProp self.interactiveProp is None
:01-11-2020 02:41:17 DistributedObject(warning): no loader.getInteractiveProp self.interactiveProp is None
:01-11-2020 02:41:17 DistributedObject(warning): no loader.getInteractiveProp self.interactiveProp is None
:01-11-2020 02:41:17 DistributedToon: calling LocalAvatar.startchat
:01-11-2020 02:41:17 Loader: At end of block 'hood', expected 8, loaded 10, duration=2.1092242
:01-11-2020 02:41:18 Teleport(debug): teleportInDone: walk
:01-11-2020 02:41:19 OTPClientRepository: Sending heartbeat mid-frame.
:01-11-2020 02:43:45 TTOffMagicWordManager: Alakazam!
:01-11-2020 02:43:52 DistributedToon: Suggesting resync for 100000033, with discrepency 0.4796739; local time is 184.6664787 and server time is 185.5297437.
:01-11-2020 02:44:09 DistributedToon: Suggesting resync for 100000033, with discrepency 0.5097872; local time is 201.4500928 and server time is 202.3133578.
:01-11-2020 02:44:21 Playground: Unloading Place (22000). Fsm in final
:01-11-2020 02:44:21 Actor(warning): no part named head-front*!
:01-11-2020 02:44:21 DistributedToon: calling LocalAvatar.startchat
:01-11-2020 02:44:23 DistributedToon: Suggesting resync for 100000033, with discrepency 0.4796551; local time is 216.1979982 and server time is 217.0612632.
:01-11-2020 02:44:27 ToonInterior: Unloading Place (22520). Fsm in final
:01-11-2020 02:44:27 DistributedObject(warning): no loader.getInteractiveProp self.interactiveProp is None
:01-11-2020 02:44:27 DistributedObject(warning): no loader.getInteractiveProp self.interactiveProp is None
:01-11-2020 02:44:27 DistributedObject(warning): no loader.getInteractiveProp self.interactiveProp is None
:01-11-2020 02:44:27 DistributedObject(warning): no loader.getInteractiveProp self.interactiveProp is None
:01-11-2020 02:44:27 DistributedObject(warning): no loader.getInteractiveProp self.interactiveProp is None
:01-11-2020 02:44:27 DistributedToon: calling LocalAvatar.startchat
:01-11-2020 02:44:27 DistributedToon: Suggesting resync for 100000033, with discrepency 0.5398879; local time is 220.0690938 and server time is 220.9323588.
:01-11-2020 02:44:28 ClockDelta: Got sync +/- 0.200 s, elapsed 0.260 s, from 100000033.
:01-11-2020 02:44:28 ClockDelta: previous delta at -0.863 s, +/- 0.728 s.
:01-11-2020 02:44:28 ClockDelta: new delta at -1.609 s, +/- 0.330 s.
:01-11-2020 02:44:28 ClockDelta: intersection at -1.435 s, +/- 0.156 s.
:01-11-2020 02:44:45 TTOffMagicWordManager: Bubby's laff has been set to 1.
:01-11-2020 02:44:49 ToontownChatManager: QA-REGRESSION: CHAT: Speedchat
:01-11-2020 02:44:54 TTOffMagicWordManager: Restocked 999 unites successfully!
:01-11-2020 02:44:56 ToontownChatManager: QA-REGRESSION: CHAT: Speedchat
:01-11-2020 02:45:04 ShtikerBook: QA-REGRESSION: SHTICKERBOOK: Open
OnscreenText.configure: mayChange == 0
OnscreenText.configure: mayChange == 0
OnscreenText.configure: mayChange == 0
OnscreenText.configure: mayChange == 0
:01-11-2020 02:45:06 ShtikerBook: QA-REGRESSION: SHTICKERBOOK: Close
:01-11-2020 02:45:11 Playground: Unloading Place (22000). Fsm in final
:01-11-2020 02:45:11 PlayGame: QA-REGRESSION: NEIGHBORHOODS: Visit Lawbot HQ
:01-11-2020 02:45:11 Loader: starting bulk load of block 'hood'
:01-11-2020 02:45:11 LawbotCogHQLoader: loadPlaceGeom: 13000
:01-11-2020 02:45:11 DistributedObject: DistributedSuitPlanner 401002972: generating
:01-11-2020 02:45:11 DistributedToon: calling LocalAvatar.startchat
:01-11-2020 02:45:11 :loader(error): Couldn't load file phase_4/models/questmap/cog_hq_lawbot_maps.bam: not found on model path (currently: "/;/d/hollybae/Aly/Toontown-School-House/toontown/launcher;/c/Panda3D-1.11.0-x64/etc/..;/c/Panda3D-1.11.0-x64/etc/../models")
:01-11-2020 02:45:11 Loader: At end of block 'hood', expected 2, loaded 0, duration=0.2197802
:01-11-2020 02:45:12 ClockDelta: Got sync +/- 0.570 s, elapsed 0.110 s, from 100000019.
:01-11-2020 02:45:12 ClockDelta: previous delta at -1.435 s, +/- 0.169 s.
:01-11-2020 02:45:12 ClockDelta: new delta at -1.044 s, +/- 0.625 s.
:01-11-2020 02:45:12 ClockDelta: intersection at -1.435 s, +/- 0.169 s.
:01-11-2020 02:45:12 DistributedToon: Returning resync for 100000027; local time is 264.3180781 and server time is 265.753210163.
:01-11-2020 02:45:13 Teleport(debug): teleportInDone: walk
:01-11-2020 02:45:13 :loader(error): Couldn't load file phase_4/models/questmap/cog_hq_lawbot_maps.bam: not found on model path (currently: "/;/d/hollybae/Aly/Toontown-School-House/toontown/launcher;/c/Panda3D-1.11.0-x64/etc/..;/c/Panda3D-1.11.0-x64/etc/../models")
:01-11-2020 02:45:39 TTOffMagicWordManager: Changed Bubby's name to holland!
:01-11-2020 02:45:45 TTOffMagicWordManager: Changed holland's name to Bubby!
:01-11-2020 02:45:46 Teleport(debug): receieved teleportQuery(100000033)
:01-11-2020 02:45:46 Teleport(debug): identifyFriend(100000033)
:01-11-2020 02:45:46 Teleport(debug): found friend 100000033 in doId2do
:01-11-2020 02:45:46 Teleport(debug): adding 100000033 to friendsMap
:01-11-2020 02:45:46 Teleport(debug): avatar is not None
:01-11-2020 02:45:46 Teleport(debug): teleport initiation successful
:01-11-2020 02:45:46 Teleport(debug): sending teleportResponse(100000027, 1, 401000001, 13000, 13000)
:01-11-2020 02:45:48 GarbageCollect(warning): garbage found, reverting gc threshold
frame rate: 188.2 fps|0.001d|14 avs||313|314||0x0000|0x0000|1185.8MB|1333.8MB|16235.6MB|618|nt.2.6.2|3.701,3.701|6,12 cpus|OpenGL
:01-11-2020 02:47:00 LawbotCogHQLoader: loadPlaceGeom: 13100
:01-11-2020 02:47:00 LawbotCogHQLoader: QA-REGRESSION: COGHQ: Visit LawbotLobby
:01-11-2020 02:47:00 LawbotHQExterior: Unloading Place (13000). Fsm in final
:01-11-2020 02:47:00 DistributedObject: DistributedSuitPlanner 401002972: disabling
:01-11-2020 02:47:00 DistributedToon: calling LocalAvatar.startchat
:01-11-2020 02:47:00 :loader(error): Couldn't load file phase_4/models/questmap/cog_hq_lawbot_maps.bam: not found on model path (currently: "/;/d/hollybae/Aly/Toontown-School-House/toontown/launcher;/c/Panda3D-1.11.0-x64/etc/..;/c/Panda3D-1.11.0-x64/etc/../models")
:01-11-2020 02:47:01 :loader(error): Couldn't load file phase_4/models/questmap/cog_hq_lawbot_maps.bam: not found on model path (currently: "/;/d/hollybae/Aly/Toontown-School-House/toontown/launcher;/c/Panda3D-1.11.0-x64/etc/..;/c/Panda3D-1.11.0-x64/etc/../models")
:01-11-2020 02:47:27 LawbotCogHQLoader: loadPlaceGeom: 61000
:01-11-2020 02:47:27 LawbotCogHQLoader(warning): loadPlaceGeom: unclassified zone 61000
:01-11-2020 02:47:27 CogHQLobby: Unloading Place (13100). Fsm in final
:01-11-2020 02:47:27 DistributedLawbotBoss(warning): Not a collision node: LawbotCourtroom3.egg/-PandaNode/CR3/interior/CR3_Floor
:01-11-2020 02:47:27 DistributedToon: calling LocalAvatar.startchat
:01-11-2020 02:47:29 LawbotHQBossBattle(warning): fsm.request('movie') returned 0 (zone id 61000, avatar pos LPoint3f(-0.363562, -126.204, 0.193903)).
:01-11-2020 02:47:30 TTOffMagicWordManager: Restarting Scale Round
:01-11-2020 02:47:42 TTOffMagicWordManager: Gave Bubby an infinite amount of pies
:01-11-2020 02:49:59 OTPClientRepository: Sending heartbeat mid-frame.
:01-11-2020 02:50:13 :linmath(warning): Tried to invert singular LMatrix3.
:01-11-2020 02:50:19 OTPClientRepository: Sending heartbeat mid-frame.
frame rate: 192.8 fps|0.001d|12 avs||613|614||0x0000|0x0000|1613.9MB|1766.3MB|16235.6MB|761|nt.2.6.2|3.701,3.701|6,12 cpus|OpenGL
:01-11-2020 02:54:49 OTPClientRepository: Sending heartbeat mid-frame.
frame rate: 176.4 fps|0.001d|12 avs||913|914||0x0000|0x0000|2014.1MB|2167.4MB|16235.6MB|887|nt.2.6.2|3.701,3.701|6,12 cpus|OpenGL
:01-11-2020 03:00:00 NewsManager: setHolidayId: Starting Holiday 19
frame rate: 172.9 fps|0.001d|12 avs||1213|1214||0x0000|0x0000|2467.7MB|2622.0MB|16235.6MB|1027|nt.2.6.2|3.701,3.701|6,12 cpus|OpenGL
:01-11-2020 03:01:50 OTPClientRepository: Sending heartbeat mid-frame.
frame rate: 188.7 fps|0.000d|12 avs||1513|1514||0x0000|0x0000|2914.1MB|3069.5MB|16235.6MB|1165|nt.2.6.2|3.701,3.701|6,12 cpus|OpenGL
adding timeout task
adding timeout task
:01-11-2020 03:10:30 OTPClientRepository: Sending heartbeat mid-frame.
:01-11-2020 03:11:02 TimeManager: Clock sync: timer
frame rate: 181.8 fps|0.001d|12 avs||1813|1814||0x0000|0x0000|3359.3MB|3515.4MB|16235.6MB|1314|nt.2.6.2|3.701,3.701|6,12 cpus|OpenGL
:01-11-2020 03:11:02 TimeManager: Clock sync roundtrip took 22.890 ms
:01-11-2020 03:11:02 TimeManager: AI time delta is -0:00 from server delta
:01-11-2020 03:11:02 ClockDelta: previous delta at -1.435 s, +/- 0.599 s.
:01-11-2020 03:11:02 ClockDelta: new delta at -1.501 s, +/- 0.011 s.
:01-11-2020 03:11:02 ClockDelta: intersection at -1.501 s, +/- 0.011 s.
:01-11-2020 03:11:02 TimeManager: Local clock uncertainty +/- 0.011 s
:01-11-2020 03:12:30 OTPClientRepository: Sending heartbeat mid-frame.
:01-11-2020 03:12:56 ToontownChatManager: QA-REGRESSION: CHAT: Speedchat
:01-11-2020 03:13:00 OTPClientRepository: Sending heartbeat mid-frame.
:01-11-2020 03:14:30 OTPClientRepository: Sending heartbeat mid-frame.
frame rate: 163.2 fps|0.001d|12 avs||2113|2114||0x0000|0x0000|3761.5MB|3972.9MB|16235.6MB|1465|nt.2.6.2|3.701,3.701|6,12 cpus|OpenGL
adding timeout task
adding timeout task
frame rate: 215.8 fps|0.000d|12 avs||2413|2414||0x0000|0x0000|3395.0MB|4356.1MB|16235.6MB|1587|nt.2.6.2|3.701,3.701|6,12 cpus|OpenGL
adding timeout task
adding timeout task
:01-11-2020 03:24:01 OTPClientRepository: Sending heartbeat mid-frame.
:01-11-2020 03:25:56 TTOffMagicWordManager: Set Bubby's nametag style successfully.
:01-11-2020 03:25:59 TTOffMagicWordManager: Set Bubby's nametag style successfully.
frame rate: 184.0 fps|0.001d|12 avs||2713|2714||0x0000|0x0000|3048.8MB|4771.5MB|16235.6MB|1718|nt.2.6.2|3.701,3.701|6,12 cpus|OpenGL
:01-11-2020 03:27:41 OTPClientRepository: Sending heartbeat mid-frame.
:01-11-2020 03:27:51 OTPClientRepository: Sending heartbeat mid-frame.
:01-11-2020 03:28:11 OTPClientRepository: Sending heartbeat mid-frame.
:01-11-2020 03:29:41 OTPClientRepository: Sending heartbeat mid-frame.
adding timeout task
adding timeout task
:01-11-2020 03:30:41 OTPClientRepository: Sending heartbeat mid-frame.
frame rate: 177.9 fps|0.001d|12 avs||3013|3014||0x0000|0x0000|3678.2MB|5215.6MB|16235.6MB|2648|nt.2.6.2|3.701,3.701|6,12 cpus|OpenGL
:01-11-2020 03:31:11 OTPClientRepository: Sending heartbeat mid-frame.
:01-11-2020 03:33:02 TTOffMagicWordManager: Gave Bubby an infinite amount of pies
:01-11-2020 03:33:41 OTPClientRepository: Sending heartbeat mid-frame.
:01-11-2020 03:33:57 LawbotHQBossBattle(warning): fsm.request('finalBattle') returned 0 (zone id 61000, avatar pos LPoint3f(26.6015, 49.2314, 1.67939)).
:01-11-2020 03:33:57 TTOffMagicWordManager: Restarting Scale Round
:01-11-2020 03:34:00 LawbotHQBossBattle(warning): fsm.request('finalBattle') returned 0 (zone id 61000, avatar pos LPoint3f(-3.57843, -2.81787, 0)).
:01-11-2020 03:34:00 TTOffMagicWordManager: Restarting Scale Round
:01-11-2020 03:34:01 LawbotHQBossBattle(warning): fsm.request('finalBattle') returned 0 (zone id 61000, avatar pos LPoint3f(-5.1972, 1.22078, 0)).
:01-11-2020 03:34:01 TTOffMagicWordManager: Restarting Scale Round
:01-11-2020 03:34:14 TTOffMagicWordManager: This Magic Word doesn't exist! Did you mean pickallflowers?
frame rate: 192.7 fps|0.000d|12 avs||3313|3314||0x0000|0x0000|4087.4MB|5619.4MB|16235.6MB|2778|nt.2.6.2|3.701,3.701|6,12 cpus|OpenGL
