

Starting Toontown Online...
Current time: Wed Nov 13 03:04:03 2019 Arabian Standard Time
sys.path =  ['', 'C:\\Panda3D-1.11.0-x64\\python\\python27.zip', 'C:\\Panda3D-1.11.0-x64', 'C:\\Panda3D-1.11.0-x64\\python\\DLLs', 'C:\\Panda3D-1.11.0-x64\\python\\lib', 'C:\\Panda3D-1.11.0-x64\\python\\lib\\plat-win', 'C:\\Panda3D-1.11.0-x64\\python\\lib\\lib-tk', 'C:\\Panda3D-1.11.0-x64\\python', 'C:\\Panda3D-1.11.0-x64\\bin', 'C:\\Panda3D-1.11.0-x64\\python\\lib\\site-packages']
sys.argv =  ['C:\\Users\\alyaz\\Documents\\GitHub\\Toontown-School-House\\toontown\\launcher\\TTOffQuickStartLauncher.py']
generating standard configrc
os.environ =  {'TMP': 'C:\\Users\\alyaz\\AppData\\Local\\Temp', 'COMPUTERNAME': 'DESKTOP-5K6UCTT', 'USERDOMAIN': 'DESKTOP-5K6UCTT', 'INTEL_DEV_REDIST': 'C:\\Program Files (x86)\\Common Files\\Intel\\Shared Libraries\\', 'PSMODULEPATH': 'C:\\Program Files\\WindowsPowerShell\\Modules;C:\\WINDOWS\\system32\\WindowsPowerShell\\v1.0\\Modules', 'COMMONPROGRAMFILES': 'C:\\Program Files\\Common Files', 'PROCESSOR_IDENTIFIER': 'Intel64 Family 6 Model 94 Stepping 3, GenuineIntel', 'LOGONSERVER': '\\\\DESKTOP-5K6UCTT', 'VBOX_MSI_INSTALL_PATH': 'C:\\Program Files\\Oracle\\VirtualBox\\', 'PROGRAMFILES': 'C:\\Program Files', 'PROCESSOR_REVISION': '5e03', 'PATH': 'C:\\Panda3D-1.11.0-x64\\panda3d\\..\\bin;C:\\Program Files (x86)\\Common Files\\Intel\\Shared Libraries\\redist\\intel64\\compiler;C:\\Program Files (x86)\\Razer Chroma SDK\\bin;C:\\Program Files\\Razer Chroma SDK\\bin;C:\\ProgramData\\Oracle\\Java\\javapath;C:\\Program Files (x86)\\Intel\\iCLS Client\\;C:\\Program Files\\Intel\\iCLS Client\\;C:\\Windows\\system32;C:\\Windows;C:\\Windows\\System32\\Wbem;C:\\Windows\\System32\\WindowsPowerShell\\v1.0\\;C:\\Program Files (x86)\\Intel\\Intel(R) Management Engine Components\\DAL;C:\\Program Files\\Intel\\Intel(R) Management Engine Components\\DAL;C:\\Program Files (x86)\\Intel\\Intel(R) Management Engine Components\\IPT;C:\\Program Files\\Intel\\Intel(R) Management Engine Components\\IPT;C:\\Program Files (x86)\\NVIDIA Corporation\\PhysX\\Common;C:\\WINDOWS\\system32;C:\\WINDOWS;C:\\WINDOWS\\System32\\Wbem;C:\\WINDOWS\\System32\\WindowsPowerShell\\v1.0\\;C:\\Program Files (x86)\\Windows Live\\Shared;C:\\Program Files\\Intel\\WiFi\\bin\\;C:\\Program Files\\Common Files\\Intel\\WirelessCommon\\;C:\\Program Files (x86)\\Gpg4win\\..\\GnuPG\\bin;C:\\WINDOWS\\system32\\config\\systemprofile\\AppData\\Local\\Microsoft\\WindowsApps;C:\\WINDOWS\\system32;C:\\WINDOWS;C:\\WINDOWS\\System32\\Wbem;C:\\WINDOWS\\System32\\WindowsPowerShell\\v1.0\\;C:\\WINDOWS\\System32\\OpenSSH\\;C:\\Program Files\\NVIDIA Corporation\\NVIDIA NvDLISR;C:\\Program Files\\Git\\cmd;C:\\Program Files\\PuTTY\\;C:\\Program Files (x86)\\QuickTime\\QTSystem\\;C:\\Panda3D-1.11.0-x64\\bin;C:\\Users\\alyaz\\AppData\\Local\\Programs\\Python\\Python37-32\\Scripts;C:\\Users\\alyaz\\AppData\\Local\\Programs\\Python\\Python37-32;C:\\Users\\alyaz\\AppData\\Local\\Microsoft\\WindowsApps;C:\\Users\\NSI\\AppData\\Local\\GitHubDesktop\\bin;C:\\Users\\alyaz\\AppData\\Local\\Programs\\Microsoft VS Code\\bin;C:\\Users\\alyaz\\AppData\\Local\\atom\\bin;C:\\Panda3D-1.11.0\\python;C:\\Panda3D-1.11.0\\python\\Scripts;C:\\Panda3D-1.11.0\\bin;C:\\Panda3D-1.11.0-x64\\python;C:\\Panda3D-1.11.0-x64\\python\\Scripts;C:\\Panda3D-1.11.0-x64\\bin;F:\\Python3\\TTSH\\TTSH-py3\\Panda3D-1.11.0-x64\\python;F:\\Python3\\TTSH\\TTSH-py3\\Panda3D-1.11.0-x64\\python\\Scripts;F:\\Python3\\TTSH\\TTSH-py3\\Panda3D-1.11.0-x64\\bin;F:\\Panda3D-1.10.4.1-x64\\python;F:\\Panda3D-1.10.4.1-x64\\python\\Scripts;F:\\Panda3D-1.10.4.1-x64\\bin;C:\\Panda3D-1.10.4.1-x64\\python;C:\\Panda3D-1.10.4.1-x64\\python\\Scripts;C:\\Panda3D-1.10.4.1-x64\\bin;C:\\Panda3D-1.10.0-x64\\python;C:\\Panda3D-1.10.0-x64\\python\\Scripts;C:\\Panda3D-1.10.0-x64\\bin;F:\\PYTHON-3\\TOONTOWN-SOURCES\\CorporateClash-python3\\Panda3D-1.10.0-x64\\python;F:\\PYTHON-3', 'SYSTEMROOT': 'C:\\WINDOWS', 'MIC_LD_LIBRARY_PATH': 'C:\\Program Files (x86)\\Common Files\\Intel\\Shared Libraries\\compiler\\lib\\mic', 'COMSPEC': 'C:\\WINDOWS\\system32\\cmd.exe', 'DRIVERDATA': 'C:\\Windows\\System32\\Drivers\\DriverData', 'PPYTHON_PATH': '"C:\\Panda3D-1.11.0-x64\\python\\ppython.exe"', 'TEMP': 'C:\\Users\\alyaz\\AppData\\Local\\Temp', 'COMMONPROGRAMFILES(X86)': 'C:\\Program Files (x86)\\Common Files', 'PROCESSOR_ARCHITECTURE': 'AMD64', 'PROGRAMFILES(X86)': 'C:\\Program Files (x86)', 'ALLUSERSPROFILE': 'C:\\ProgramData', 'LOCALAPPDATA': 'C:\\Users\\alyaz\\AppData\\Local', 'HOMEPATH': '\\Users\\alyaz', 'USERDOMAIN_ROAMINGPROFILE': 'DESKTOP-5K6UCTT', 'PROGRAMW6432': 'C:\\Program Files', 'USERNAME': 'alyaz', 'TOONIVERSAL_P3D': 'C:\\Users\\alyaz\\Desktop\\Panda3D-1.11.0\\python\\ppython', 'PROMPT': '$P$G', 'SESSIONNAME': 'Console', 'PROGRAMDATA': 'C:\\ProgramData', 'ONEDRIVE': 'C:\\Users\\alyaz\\OneDrive', 'PATHEXT': '.COM;.EXE;.BAT;.CMD;.VBS;.VBE;.JS;.JSE;.WSF;.WSH;.MSC', 'TTOFF_LOGIN_TOKEN': 'dev', 'ASL.LOG': 'Destination=file', 'WINDIR': 'C:\\WINDOWS', 'APPDATA': 'C:\\Users\\alyaz\\AppData\\Roaming', 'HOMEDRIVE': 'C:', 'SYSTEMDRIVE': 'C:', 'NUMBER_OF_PROCESSORS': '8', 'PROCESSOR_LEVEL': '6', 'COMMONPROGRAMW6432': 'C:\\Program Files\\Common Files', 'OS': 'Windows_NT', 'PUBLIC': 'C:\\Users\\Public', 'USERPROFILE': 'C:\\Users\\alyaz'}
:11-13-2019 03:04:03 TTOffLauncher: isTestServer: 0
:11-13-2019 03:04:03 TTOffLauncher: Game Server 127.0.0.1
:11-13-2019 03:04:03 TTOffLauncher: Starting Toontown Online... 
:11-13-2019 03:04:03 TTOffLauncher: foreground: Launcher now operating in foreground
useTTOffSpecificLogin=True
:11-13-2019 03:04:03 TTOffLauncher: maybeStartGame: starting game
:11-13-2019 03:04:03 TTOffLauncher: Starting Toontown Online...
:11-13-2019 03:04:03 TTOffLauncher: background: Launcher now operating in background
ToontownStart: Polling for game2 to finish...
ToontownStart: Game2 is finished.
ToontownStart: Starting the game.
ToontownStart: setting default font
:11-13-2019 03:04:04 TTOffLauncher: setting panda error code to 7
Known pipe types:
  wglGraphicsPipe
(all display modules loaded.)
:11-13-2019 03:04:04 ToonBase: Default graphics pipe is wglGraphicsPipe (OpenGL).
:11-13-2019 03:04:04 ToonBase: Successfully opened window of type wglGraphicsWindow (OpenGL)
:11-13-2019 03:04:04 ShowBase: __dev__ == False
:11-13-2019 03:04:04 TTOffLauncher: setting panda error code to 11
:11-13-2019 03:04:04 TTOffLauncher: setting panda error code to 0
ToontownStart: Loading default gui sounds
ToontownStart: serverVersion:  tto-dev
:11-13-2019 03:04:04 Loader: starting bulk load of block 'init'
:11-13-2019 03:04:05 :nativenet(error): Buffered_DatagramConnection Constructor rbufsize = 4096000 wbufsize = 4096000 write_flush_point = 1400
:11-13-2019 03:04:05 OTPClientRepository: Using connect method 'http'
:11-13-2019 03:04:06 TTOffLauncher: getRegistry ('DEPLOYMENT', None)
:11-13-2019 03:04:06 TTOffLauncher: checking env
:11-13-2019 03:04:06 TTOffLauncher: getRegistry ('GAME_DEPLOYMENT', None)
:11-13-2019 03:04:06 TTOffLauncher: checking env
:11-13-2019 03:04:06 OTPClientRepository: reg_deployment=
:11-13-2019 03:04:06 OTPClientRepository: required-login auto.
:11-13-2019 03:04:06 OTPClientRepository: loginInterface: LoginTTOffAccount
:11-13-2019 03:04:06 TTOffLauncher: getNeedPwForSecretKey using ttoff-specific-login
:11-13-2019 03:04:06 Loader: At end of block 'init', expected 138, loaded 9, duration=1.92101835119
:11-13-2019 03:04:06 OTPClientRepository: Connecting to gameserver directly (no proxy).
:11-13-2019 03:04:06 OTPClientRepository: Connecting to //127.0.0.1:7198 via HTTP interface.
:11-13-2019 03:04:06 TTOffLauncher: Stopping mini task manager.
:11-13-2019 03:04:06 OTPClientRepository: Successfully connected to //127.0.0.1:7198.
:11-13-2019 03:04:06 TTOffLauncher: Setting Disconnect Details normal
{401000001: <toontown.distributed.ToontownDistrict.ToontownDistrict instance at 0x000000001C5A0E08>}
:11-13-2019 03:04:07 StateData: AvatarChooser.enter
:11-13-2019 03:04:07 DisplayOptions: settingsFullScreen = False, embedded = False width=800 height=600
:11-13-2019 03:04:07 StateData: calling self.displayOptions.restrictToEmbedded(False)
:11-13-2019 03:04:09 MakeAToon: QA-REGRESSION: MAKEATOON: Starting Make A Toon
:11-13-2019 03:05:10 NameCheck: checking name "Aeterna"...
:11-13-2019 03:05:13 NameShop: QA-REGRESSION: SKIPTUTORIAL: Skip Tutorial
:11-13-2019 03:05:13 NameShop(warning): No dislId, using 0
:11-13-2019 03:05:13 MakeAToon: QA-REGRESSION: MAKEATOON: Creating A Toon
:11-13-2019 03:05:14 Loader: starting bulk load of block 'localAvatarPlayGame'
:11-13-2019 03:05:15 ToontownTimeManager(warning): error parsing date string=
local
:11-13-2019 03:05:15 NewsPageButtonManager(warning): Should not get here. NewsPageButtonManager.exitOff
:11-13-2019 03:05:16 :gobj(error): Texture::read() - couldn't read: phase_3.5/maps/global_disabled.jpg
:11-13-2019 03:05:16 :gobj(error): Unable to find texture "phase_3.5/maps/global_disabled.jpg" on model-path /;/c/Users/alyaz/Documents/GitHub/Toontown-School-House/toontown/launcher;/c/Panda3D-1.11.0-x64/etc/..;/c/Panda3D-1.11.0-x64/etc/../models
:11-13-2019 03:05:16 :pnmimage:png(warning): iCCP: known incorrect sRGB profile
:11-13-2019 03:05:16 OTPClientRepository: Sending heartbeat mid-frame.
:11-13-2019 03:05:18 OTPClientRepository: Entering shard 401000001
:11-13-2019 03:05:18 StreetSign: Street sign url is https://ttoffline.com/images/
:11-13-2019 03:05:20 TimeManager: Clock sync: TimeManager.announceGenerate
:11-13-2019 03:05:20 InGameNewsMgr: latestIssue=2013-08-22 16:49:46.000003-07:00
cpu info: GenuineIntel|Intel(R) Core(TM) i7-6820HK CPU @ 2.70GHz|329443|0|2.701,2.701|4,8 cpus
:11-13-2019 03:05:21 OTPClientRepository: No sync from TimeManager.
:11-13-2019 03:05:21 OTPClientRepository: gotTimeSync
:11-13-2019 03:05:21 Loader: At end of block 'localAvatarPlayGame', expected 400, loaded 18, duration=6.71984090245
:11-13-2019 03:05:21 TimeManager: Clock sync roundtrip took 1083.071 ms
:11-13-2019 03:05:21 TimeManager: AI time delta is -0:01 from server delta
:11-13-2019 03:05:21 TimeManager: Local clock uncertainty +/- 0.542 s
:11-13-2019 03:05:21 Loader(warning): Tried to end a block ('localAvatarPlayGame'), but not in one
:11-13-2019 03:05:21 QuietZoneState: Requesting AI redirect from zone 0.
:11-13-2019 03:05:21 QuietZoneState: Redirecting to zone 22000.
:11-13-2019 03:05:21 PlayGame: QA-REGRESSION: NEIGHBORHOODS: Visit Toontown Central
:11-13-2019 03:05:21 Loader: starting bulk load of block 'hood'
:11-13-2019 03:05:26 DistributedObject(warning): no loader.getInteractiveProp self.interactiveProp is None
:11-13-2019 03:05:26 DistributedObject(warning): no loader.getInteractiveProp self.interactiveProp is None
:11-13-2019 03:05:26 DistributedObject(warning): no loader.getInteractiveProp self.interactiveProp is None
:11-13-2019 03:05:26 DistributedObject(warning): no loader.getInteractiveProp self.interactiveProp is None
:11-13-2019 03:05:26 DistributedObject(warning): no loader.getInteractiveProp self.interactiveProp is None
:11-13-2019 03:05:26 DistributedToon: calling LocalAvatar.startchat
:11-13-2019 03:05:26 OTPClientRepository: Sending heartbeat mid-frame.
:11-13-2019 03:05:26 Loader: At end of block 'hood', expected 8, loaded 26, duration=5.43815373439
:11-13-2019 03:05:27 StreetSign: Down downloading street sign
:11-13-2019 03:05:28 Teleport(debug): teleportInDone: popup
local
:11-13-2019 03:05:52 TTOffMagicWordManager: Uh-oh! This Magic Word doesn't exist!
:11-13-2019 03:05:58 TTOffMagicWordManager: Uh-oh! This Magic Word doesn't exist!
:11-13-2019 03:06:32 TTOffMagicWordManager: This Magic Word doesn't exist! Did you mean toggleoobe?
:11-13-2019 03:06:44 ShtikerBook: QA-REGRESSION: SHTICKERBOOK: Open
OnscreenText.configure: mayChange == 0
OnscreenText.configure: mayChange == 0
OnscreenText.configure: mayChange == 0
OnscreenText.configure: mayChange == 0
:11-13-2019 03:06:44 ShtikerBook: QA-REGRESSION: SHTICKERBOOK: Browse tabs Options
:11-13-2019 03:06:45 ShtikerBook: QA-REGRESSION: SHTICKERBOOK: Close
:11-13-2019 03:06:46 OTPClientRepository: Sending heartbeat mid-frame.
adding timeout task
adding timeout task
:11-13-2019 03:09:05 GarbageCollect(warning): garbage found, reverting gc threshold
:11-13-2019 03:10:05 TTOffMagicWordManager: Alakazam!
frame rate: 187.5 fps|0.001d|4 avs||373|374||0x0000|0x0000|626.2MB|720.4MB|32703.7MB|384|nt.2.6.2|2.701,2.701|4,8 cpus|OpenGL
:11-13-2019 03:10:42 TTOffMagicWordManager: Uh-oh! This Magic Word doesn't exist!
:11-13-2019 03:10:50 TTOffMagicWordManager: Presto!
:11-13-2019 03:11:03 TTOffMagicWordManager: Abracadabra!
:11-13-2019 03:11:12 TTOffMagicWordManager: Maxed out Royal Blue Cat's stats.
:11-13-2019 03:11:17 TTOffMagicWordManager: Changed Royal Blue Cat's name to Aeterna!
:11-13-2019 03:11:23 TTOffMagicWordManager: Invalid nametag name entered.
:11-13-2019 03:11:29 TTOffMagicWordManager: Set Aeterna's nametag style successfully.
:11-13-2019 03:12:34 TTOffMagicWordManager: Uh-oh! This Magic Word doesn't exist!
:11-13-2019 03:12:38 TTOffMagicWordManager: This Magic Word doesn't exist! Did you mean seth?
:11-13-2019 03:12:39 TTOffMagicWordManager: This Magic Word doesn't exist! Did you mean toggleoobe?
adding timeout task
adding timeout task
frame rate: 211.7 fps|0.001d|4 avs||673|674||0x0000|0x0000|681.6MB|756.1MB|32703.7MB|398|nt.2.6.2|2.701,2.701|4,8 cpus|OpenGL
:11-13-2019 03:18:47 OTPClientRepository: Sending heartbeat mid-frame.
:11-13-2019 03:19:20 TTOffMagicWordManager: Voila!
:11-13-2019 03:19:57 OTPClientRepository: Sending heartbeat mid-frame.
frame rate: 204.7 fps|0.001d|4 avs||973|974||0x0000|0x0000|725.5MB|800.0MB|32703.7MB|409|nt.2.6.2|2.701,2.701|4,8 cpus|OpenGL
