

Starting Toontown Online...
Current time: Mon Feb 24 16:12:34 2020 Eastern Standard Time
sys.path =  ['', 'C:\\Panda3D-1.11.0-x64\\python\\python27.zip', 'C:\\Panda3D-1.11.0-x64', 'C:\\Panda3D-1.11.0-x64\\python\\DLLs', 'C:\\Panda3D-1.11.0-x64\\python\\lib', 'C:\\Panda3D-1.11.0-x64\\python\\lib\\plat-win', 'C:\\Panda3D-1.11.0-x64\\python\\lib\\lib-tk', 'C:\\Panda3D-1.11.0-x64\\python', 'C:\\Panda3D-1.11.0-x64\\bin', 'C:\\Panda3D-1.11.0-x64\\python\\lib\\site-packages']
sys.argv =  ['D:\\hollybae\\Aly\\Toontown-School-House\\toontown\\launcher\\TTOffQuickStartLauncher.py']
generating standard configrc
os.environ =  {'TMP': 'C:\\Users\\holla\\AppData\\Local\\Temp', 'COMPUTERNAME': 'HOLLYBAES-PC', 'USERDOMAIN': 'HOLLYBAES-PC', 'INTEL_DEV_REDIST': 'C:\\Program Files (x86)\\Common Files\\Intel\\Shared Libraries\\', 'PSMODULEPATH': 'C:\\Program Files\\WindowsPowerShell\\Modules;C:\\WINDOWS\\system32\\WindowsPowerShell\\v1.0\\Modules', 'COMMONPROGRAMFILES': 'C:\\Program Files\\Common Files', 'PROCESSOR_IDENTIFIER': 'Intel64 Family 6 Model 158 Stepping 10, GenuineIntel', 'VBOX_MSI_INSTALL_PATH': 'C:\\Program Files\\Oracle\\VirtualBox\\', 'PROGRAMFILES': 'C:\\Program Files', 'PROCESSOR_REVISION': '9e0a', 'PATH': 'C:\\Panda3D-1.11.0-x64\\panda3d\\..\\bin;C:\\Program Files (x86)\\Razer\\ChromaBroadcast\\bin;C:\\Program Files\\Razer\\ChromaBroadcast\\bin;C:\\Program Files (x86)\\Common Files\\Intel\\Shared Libraries\\redist\\intel64_win\\compiler;C:\\Program Files (x86)\\Common Files\\Oracle\\Java\\javapath;C:\\Program Files (x86)\\Common Files\\Intel\\Shared Libraries\\redist\\intel64\\compiler;C:\\WINDOWS\\system32;C:\\WINDOWS;C:\\WINDOWS\\System32\\Wbem;C:\\WINDOWS\\System32\\WindowsPowerShell\\v1.0\\;C:\\WINDOWS\\System32\\OpenSSH\\;C:\\Program Files\\NVIDIA Corporation\\NVIDIA NGX;C:\\Program Files (x86)\\NVIDIA Corporation\\PhysX\\Common;C:\\Program Files\\NVIDIA Corporation\\NVIDIA NvDLISR;C:\\WINDOWS\\system32;C:\\WINDOWS;C:\\WINDOWS\\System32\\Wbem;C:\\WINDOWS\\System32\\WindowsPowerShell\\v1.0\\;C:\\WINDOWS\\System32\\OpenSSH\\;D:\\hollybae\\ffmpeg-4.1.3-win64-static\\ffmpeg-4.1.3-win64-static\\bin;C:\\Program Files\\dotnet\\;C:\\WINDOWS\\system32\\config\\systemprofile\\AppData\\Local\\Microsoft\\WindowsApps;C:\\Program Files (x86)\\QuickTime\\QTSystem\\;C:\\Users\\holla\\AppData\\Local\\Microsoft\\WindowsApps;C:\\Panda3D-1.10.4.1-x64\\python;C:\\Panda3D-1.10.4.1-x64\\python\\Scripts;C:\\Panda3D-1.10.4.1-x64\\bin;C:\\Panda3D-1.11.0-x64\\python;C:\\Panda3D-1.11.0-x64\\python\\Scripts;C:\\Panda3D-1.11.0-x64\\bin', 'SYSTEMROOT': 'C:\\WINDOWS', 'MIC_LD_LIBRARY_PATH': 'C:\\Program Files (x86)\\Common Files\\Intel\\Shared Libraries\\compiler\\lib\\intel64_win_mic', 'COMSPEC': 'C:\\WINDOWS\\system32\\cmd.exe', 'DRIVERDATA': 'C:\\Windows\\System32\\Drivers\\DriverData', 'PPYTHON_PATH': '"C:\\Panda3D-1.11.0-x64\\python\\ppython.exe"', 'TEMP': 'C:\\Users\\holla\\AppData\\Local\\Temp', 'COMMONPROGRAMFILES(X86)': 'C:\\Program Files (x86)\\Common Files', 'PROCESSOR_ARCHITECTURE': 'AMD64', 'PROGRAMFILES(X86)': 'C:\\Program Files (x86)', 'ALLUSERSPROFILE': 'C:\\ProgramData', 'LOCALAPPDATA': 'C:\\Users\\holla\\AppData\\Local', 'FPS_BROWSER_USER_PROFILE_STRING': 'Default', 'HOMEPATH': '\\Users\\holla', 'USERDOMAIN_ROAMINGPROFILE': 'HOLLYBAES-PC', 'PROGRAMW6432': 'C:\\Program Files', 'USERNAME': 'holla', 'LOGONSERVER': '\\\\HOLLYBAES-PC', 'PROMPT': '$P$G', 'SESSIONNAME': 'Console', 'PROGRAMDATA': 'C:\\ProgramData', 'ONEDRIVE': 'C:\\Users\\holla\\OneDrive - University of Guelph', 'FPS_BROWSER_APP_PROFILE_STRING': 'Internet Explorer', 'PATHEXT': '.COM;.EXE;.BAT;.CMD;.VBS;.VBE;.JS;.JSE;.WSF;.WSH;.MSC', 'TTOFF_LOGIN_TOKEN': 'dev', 'ONEDRIVECOMMERCIAL': 'C:\\Users\\holla\\OneDrive - University of Guelph', 'WINDIR': 'C:\\WINDOWS', 'APPDATA': 'C:\\Users\\holla\\AppData\\Roaming', 'HOMEDRIVE': 'C:', 'SYSTEMDRIVE': 'C:', 'NUMBER_OF_PROCESSORS': '12', 'PROCESSOR_LEVEL': '6', 'RG_GPU_FRAMEWORK_ENGINE_RESOURCEDIR': 'C:\\Program Files\\Red Giant\\RGFX', 'COMMONPROGRAMW6432': 'C:\\Program Files\\Common Files', 'OS': 'Windows_NT', 'PUBLIC': 'C:\\Users\\Public', 'USERPROFILE': 'C:\\Users\\holla'}
:02-24-2020 16:12:34 TTOffLauncher: isTestServer: 0
:02-24-2020 16:12:34 TTOffLauncher: Game Server 127.0.0.1
:02-24-2020 16:12:34 TTOffLauncher: Starting Toontown Online... 
:02-24-2020 16:12:34 TTOffLauncher: foreground: Launcher now operating in foreground
useTTOffSpecificLogin=True
:02-24-2020 16:12:34 TTOffLauncher: maybeStartGame: starting game
:02-24-2020 16:12:34 TTOffLauncher: Starting Toontown Online...
:02-24-2020 16:12:34 TTOffLauncher: background: Launcher now operating in background
ToontownStart: Polling for game2 to finish...
ToontownStart: Game2 is finished.
ToontownStart: Starting the game.
ToontownStart: setting default font
:02-24-2020 16:12:34 TTOffLauncher: setting panda error code to 7
Known pipe types:
  wglGraphicsPipe
(all display modules loaded.)
:02-24-2020 16:12:35 ToonBase: Default graphics pipe is wglGraphicsPipe (OpenGL).
:02-24-2020 16:12:35 ToonBase: Successfully opened window of type wglGraphicsWindow (OpenGL)
:02-24-2020 16:12:35 ShowBase: __dev__ == False
:02-24-2020 16:12:35 TTOffLauncher: setting panda error code to 11
:02-24-2020 16:12:35 TTOffLauncher: setting panda error code to 0
ToontownStart: Loading default gui sounds
ToontownStart: serverVersion:  tto-dev
:02-24-2020 16:12:36 Loader: starting bulk load of block 'init'
:02-24-2020 16:12:40 :nativenet(error): Buffered_DatagramConnection Constructor rbufsize = 4096000 wbufsize = 4096000 write_flush_point = 1400
:02-24-2020 16:12:40 OTPClientRepository: Using connect method 'http'
:02-24-2020 16:12:42 TTOffLauncher: getRegistry ('DEPLOYMENT', None)
:02-24-2020 16:12:42 TTOffLauncher: checking env
:02-24-2020 16:12:42 TTOffLauncher: getRegistry ('GAME_DEPLOYMENT', None)
:02-24-2020 16:12:42 TTOffLauncher: checking env
:02-24-2020 16:12:42 OTPClientRepository: reg_deployment=
:02-24-2020 16:12:42 OTPClientRepository: required-login auto.
:02-24-2020 16:12:42 OTPClientRepository: loginInterface: LoginTTOffAccount
:02-24-2020 16:12:42 TTOffLauncher: getNeedPwForSecretKey using ttoff-specific-login
:02-24-2020 16:12:42 Loader: At end of block 'init', expected 138, loaded 10, duration=6.780374
:02-24-2020 16:12:42 OTPClientRepository: Connecting to gameserver directly (no proxy).
:02-24-2020 16:12:42 OTPClientRepository: Connecting to //127.0.0.1:7198 via HTTP interface.
:02-24-2020 16:12:42 TTOffLauncher: Stopping mini task manager.
:02-24-2020 16:12:42 OTPClientRepository: Successfully connected to //127.0.0.1:7198.
:02-24-2020 16:12:42 TTOffLauncher: Setting Disconnect Details normal
{401000001: <toontown.distributed.ToontownDistrict.ToontownDistrict instance at 0x000000001D593788>}
{401000001: <toontown.distributed.ToontownDistrict.ToontownDistrict instance at 0x000000001D593788>}
:02-24-2020 16:13:14 StateData: AvatarChooser.enter
:02-24-2020 16:13:14 DisplayOptions: settingsFullScreen = False, embedded = False width=800 height=600
:02-24-2020 16:13:14 StateData: calling self.displayOptions.restrictToEmbedded(False)
:02-24-2020 16:14:35 OTPClientRepository: ================
:02-24-2020 16:14:35 OTPClientRepository: Chose avatar id: 100000014
:02-24-2020 16:14:35 OTPClientRepository: Chose avatar name: Hollybae
:02-24-2020 16:14:35 OTPClientRepository: Chose avatar dna: ('css', 'ms', 'm', 'm', 16, 0, 16, 16, 113, 27, 18, 27, 7, 21)
:02-24-2020 16:14:35 OTPClientRepository: Chose avatar position: 5
:02-24-2020 16:14:35 OTPClientRepository: isPaid: 1
:02-24-2020 16:14:35 OTPClientRepository: freeTimeLeft: 0
:02-24-2020 16:14:35 OTPClientRepository: allowSecretChat: True
:02-24-2020 16:14:35 OTPClientRepository: ================
:02-24-2020 16:14:35 Loader: starting bulk load of block 'localAvatarPlayGame'
:02-24-2020 16:14:36 ToontownTimeManager(warning): error parsing date string=
local
:02-24-2020 16:14:36 NewsPageButtonManager(warning): Should not get here. NewsPageButtonManager.exitOff
:02-24-2020 16:14:36 :pnmimage:png(warning): iCCP: known incorrect sRGB profile
:02-24-2020 16:14:38 OTPClientRepository: Entering shard 401000001
:02-24-2020 16:14:38 StreetSign: Street sign url is https://ttoffline.com/images/
:02-24-2020 16:14:40 StreetSign: Street Sign is up to date
:02-24-2020 16:14:40 TimeManager: Clock sync: TimeManager.announceGenerate
:02-24-2020 16:14:40 NewsManager: setHolidayId: Starting Holiday 14
:02-24-2020 16:14:40 InGameNewsMgr: latestIssue=2013-08-22 16:49:46.000003-07:00
cpu info: GenuineIntel|Intel(R) Core(TM) i7-8700K CPU @ 3.70GHz|591594|0|3.701,3.701|6,12 cpus
:02-24-2020 16:14:41 OTPClientRepository: No sync from TimeManager.
:02-24-2020 16:14:41 OTPClientRepository: gotTimeSync
:02-24-2020 16:14:41 Loader: At end of block 'localAvatarPlayGame', expected 400, loaded 14, duration=5.6053591
:02-24-2020 16:14:41 TimeManager: Clock sync roundtrip took 1072.221 ms
:02-24-2020 16:14:41 TimeManager: AI time delta is -0:01 from server delta
:02-24-2020 16:14:41 TimeManager: Local clock uncertainty +/- 0.536 s
:02-24-2020 16:14:41 PlayGame: QA-REGRESSION: NEIGHBORHOODS: Visit Lawbot HQ
:02-24-2020 16:14:41 Loader: starting bulk load of block 'hood'
:02-24-2020 16:14:41 LawbotCogHQLoader: loadPlaceGeom: 13000
:02-24-2020 16:14:42 DistributedObject: DistributedSuitPlanner 401002972: generating
:02-24-2020 16:14:42 DistributedToon: calling LocalAvatar.startchat
:02-24-2020 16:14:42 :loader(error): Couldn't load file phase_4/models/questmap/cog_hq_lawbot_maps.bam: not found on model path (currently: "/;/d/hollybae/Aly/Toontown-School-House/toontown/launcher;/c/Panda3D-1.11.0-x64/etc/..;/c/Panda3D-1.11.0-x64/etc/../models")
:02-24-2020 16:14:42 Loader: At end of block 'hood', expected 2, loaded 5, duration=1.0906519
:02-24-2020 16:14:43 Teleport(debug): teleportInDone: walk
:02-24-2020 16:14:43 :loader(error): Couldn't load file phase_4/models/questmap/cog_hq_lawbot_maps.bam: not found on model path (currently: "/;/d/hollybae/Aly/Toontown-School-House/toontown/launcher;/c/Panda3D-1.11.0-x64/etc/..;/c/Panda3D-1.11.0-x64/etc/../models")
:02-24-2020 16:15:08 TTOffMagicWordManager: Run mode has been toggled.
:02-24-2020 16:15:15 LawbotCogHQLoader: loadPlaceGeom: 13100
:02-24-2020 16:15:15 LawbotCogHQLoader: QA-REGRESSION: COGHQ: Visit LawbotLobby
:02-24-2020 16:15:15 LawbotHQExterior: Unloading Place (13000). Fsm in final
:02-24-2020 16:15:15 DistributedObject: DistributedSuitPlanner 401002972: disabling
:02-24-2020 16:15:15 DistributedToon: calling LocalAvatar.startchat
:02-24-2020 16:15:15 :loader(error): Couldn't load file phase_4/models/questmap/cog_hq_lawbot_maps.bam: not found on model path (currently: "/;/d/hollybae/Aly/Toontown-School-House/toontown/launcher;/c/Panda3D-1.11.0-x64/etc/..;/c/Panda3D-1.11.0-x64/etc/../models")
:02-24-2020 16:15:16 :loader(error): Couldn't load file phase_4/models/questmap/cog_hq_lawbot_maps.bam: not found on model path (currently: "/;/d/hollybae/Aly/Toontown-School-House/toontown/launcher;/c/Panda3D-1.11.0-x64/etc/..;/c/Panda3D-1.11.0-x64/etc/../models")
:02-24-2020 16:15:31 TTOffMagicWordManager: Run mode has been toggled.
:02-24-2020 16:15:34 TTOffMagicWordManager: Gave Hollybae an infinite amount of pies
:02-24-2020 16:15:36 TTOffMagicWordManager: Ta-da!
:02-24-2020 16:15:39 LawbotCogHQLoader: loadPlaceGeom: 61000
:02-24-2020 16:15:39 LawbotCogHQLoader(warning): loadPlaceGeom: unclassified zone 61000
:02-24-2020 16:15:39 CogHQLobby: Unloading Place (13100). Fsm in final
:02-24-2020 16:15:39 DistributedLawbotBoss(warning): Not a collision node: LawbotCourtroom3.egg/-PandaNode/CR3/interior/CR3_Floor
:02-24-2020 16:15:39 DistributedToon: calling LocalAvatar.startchat
:02-24-2020 16:15:39 LawbotHQBossBattle(warning): fsm.request('movie') returned 0 (zone id 61000, avatar pos LPoint3f(-0.363562, -126.204, 0.193903)).
:02-24-2020 16:15:50 TTOffMagicWordManager: Restarting Scale Round
:02-24-2020 16:17:36 GarbageCollect(warning): garbage found, reverting gc threshold
frame rate: 220.4 fps|0.001d|13 avs||422|423||0x0000|0x0000|1325.8MB|1509.4MB|16235.6MB|698|nt.2.6.2|3.701,3.701|6,12 cpus|OpenGL
frame rate: 202.4 fps|0.001d|13 avs||722|723||0x0000|0x0000|1668.3MB|1852.5MB|16235.6MB|786|nt.2.6.2|3.701,3.701|6,12 cpus|OpenGL
:02-24-2020 16:26:43 OTPClientRepository: Sending heartbeat mid-frame.
:02-24-2020 16:28:45 :linmath(warning): Tried to invert singular LMatrix3.
frame rate: 260.5 fps|0.000d|13 avs||1022|1023||0x0000|0x0000|1988.0MB|2173.0MB|16235.6MB|868|nt.2.6.2|3.701,3.701|6,12 cpus|OpenGL
adding timeout task
adding timeout task
frame rate: 205.5 fps|0.001d|13 avs||1322|1323||0x0000|0x0000|2280.0MB|2465.6MB|16235.6MB|943|nt.2.6.2|3.701,3.701|6,12 cpus|OpenGL
frame rate: 250.9 fps|0.001d|13 avs||1622|1623||0x0000|0x0000|2566.3MB|2752.5MB|16235.6MB|1017|nt.2.6.2|3.701,3.701|6,12 cpus|OpenGL
:02-24-2020 16:44:38 TimeManager: Clock sync: timer
:02-24-2020 16:44:38 TimeManager: Clock sync roundtrip took 9.992 ms
:02-24-2020 16:44:38 TimeManager: AI time delta is -0:00 from server delta
:02-24-2020 16:44:38 ClockDelta: previous delta at -0.919 s, +/- 1.036 s.
:02-24-2020 16:44:38 ClockDelta: new delta at -1.453 s, +/- 0.005 s.
:02-24-2020 16:44:38 ClockDelta: intersection at -1.453 s, +/- 0.005 s.
:02-24-2020 16:44:38 TimeManager: Local clock uncertainty +/- 0.005 s
frame rate: 247.2 fps|0.001d|13 avs||1922|1923||0x0000|0x0000|2844.6MB|3058.0MB|16235.6MB|1095|nt.2.6.2|3.701,3.701|6,12 cpus|OpenGL
adding timeout task
adding timeout task
frame rate: 166.7 fps|0.002d|13 avs||2222|2223||0x0000|0x0000|2254.1MB|3308.7MB|16235.6MB|1159|nt.2.6.2|3.701,3.701|6,12 cpus|OpenGL
