

Starting Toontown Online...
Current time: Sat Dec 14 01:03:55 2019 Eastern Standard Time
sys.path =  ['', 'C:\\Panda3D-1.11.0-x64\\python\\python27.zip', 'C:\\Panda3D-1.11.0-x64', 'C:\\Panda3D-1.11.0-x64\\python\\DLLs', 'C:\\Panda3D-1.11.0-x64\\python\\lib', 'C:\\Panda3D-1.11.0-x64\\python\\lib\\plat-win', 'C:\\Panda3D-1.11.0-x64\\python\\lib\\lib-tk', 'C:\\Panda3D-1.11.0-x64\\python', 'C:\\Panda3D-1.11.0-x64\\bin', 'C:\\Panda3D-1.11.0-x64\\python\\lib\\site-packages']
sys.argv =  ['D:\\hollybae\\Aly\\Toontown-School-House\\toontown\\launcher\\TTOffQuickStartLauncher.py']
generating standard configrc
os.environ =  {'TMP': 'C:\\Users\\holla\\AppData\\Local\\Temp', 'COMPUTERNAME': 'HOLLYBAES-PC', 'USERDOMAIN': 'HOLLYBAES-PC', 'INTEL_DEV_REDIST': 'C:\\Program Files (x86)\\Common Files\\Intel\\Shared Libraries\\', 'PSMODULEPATH': 'C:\\Program Files\\WindowsPowerShell\\Modules;C:\\WINDOWS\\system32\\WindowsPowerShell\\v1.0\\Modules', 'COMMONPROGRAMFILES': 'C:\\Program Files\\Common Files', 'PROCESSOR_IDENTIFIER': 'Intel64 Family 6 Model 158 Stepping 10, GenuineIntel', 'VBOX_MSI_INSTALL_PATH': 'C:\\Program Files\\Oracle\\VirtualBox\\', 'PROGRAMFILES': 'C:\\Program Files', 'PROCESSOR_REVISION': '9e0a', 'PATH': 'C:\\Panda3D-1.11.0-x64\\panda3d\\..\\bin;C:\\Program Files (x86)\\Razer\\ChromaBroadcast\\bin;C:\\Program Files\\Razer\\ChromaBroadcast\\bin;C:\\Program Files (x86)\\Common Files\\Intel\\Shared Libraries\\redist\\intel64_win\\compiler;C:\\Program Files (x86)\\Common Files\\Oracle\\Java\\javapath;C:\\Program Files (x86)\\Common Files\\Intel\\Shared Libraries\\redist\\intel64\\compiler;C:\\WINDOWS\\system32;C:\\WINDOWS;C:\\WINDOWS\\System32\\Wbem;C:\\WINDOWS\\System32\\WindowsPowerShell\\v1.0\\;C:\\WINDOWS\\System32\\OpenSSH\\;C:\\Program Files\\NVIDIA Corporation\\NVIDIA NGX;C:\\Program Files (x86)\\NVIDIA Corporation\\PhysX\\Common;C:\\Program Files\\NVIDIA Corporation\\NVIDIA NvDLISR;C:\\WINDOWS\\system32;C:\\WINDOWS;C:\\WINDOWS\\System32\\Wbem;C:\\WINDOWS\\System32\\WindowsPowerShell\\v1.0\\;C:\\WINDOWS\\System32\\OpenSSH\\;D:\\hollybae\\ffmpeg-4.1.3-win64-static\\ffmpeg-4.1.3-win64-static\\bin;C:\\Program Files\\dotnet\\;C:\\WINDOWS\\system32\\config\\systemprofile\\AppData\\Local\\Microsoft\\WindowsApps;C:\\Program Files (x86)\\QuickTime\\QTSystem\\;C:\\Users\\holla\\AppData\\Local\\Microsoft\\WindowsApps;C:\\Panda3D-1.10.4.1-x64\\python;C:\\Panda3D-1.10.4.1-x64\\python\\Scripts;C:\\Panda3D-1.10.4.1-x64\\bin;C:\\Panda3D-1.11.0-x64\\python;C:\\Panda3D-1.11.0-x64\\python\\Scripts;C:\\Panda3D-1.11.0-x64\\bin', 'SYSTEMROOT': 'C:\\WINDOWS', 'MIC_LD_LIBRARY_PATH': 'C:\\Program Files (x86)\\Common Files\\Intel\\Shared Libraries\\compiler\\lib\\intel64_win_mic', 'COMSPEC': 'C:\\WINDOWS\\system32\\cmd.exe', 'DRIVERDATA': 'C:\\Windows\\System32\\Drivers\\DriverData', 'PPYTHON_PATH': '"C:\\Panda3D-1.11.0-x64\\python\\ppython.exe"', 'TEMP': 'C:\\Users\\holla\\AppData\\Local\\Temp', 'COMMONPROGRAMFILES(X86)': 'C:\\Program Files (x86)\\Common Files', 'PROCESSOR_ARCHITECTURE': 'AMD64', 'PROGRAMFILES(X86)': 'C:\\Program Files (x86)', 'ALLUSERSPROFILE': 'C:\\ProgramData', 'LOCALAPPDATA': 'C:\\Users\\holla\\AppData\\Local', 'FPS_BROWSER_USER_PROFILE_STRING': 'Default', 'HOMEPATH': '\\Users\\holla', 'USERDOMAIN_ROAMINGPROFILE': 'HOLLYBAES-PC', 'PROGRAMW6432': 'C:\\Program Files', 'USERNAME': 'holla', 'LOGONSERVER': '\\\\HOLLYBAES-PC', 'PROMPT': '$P$G', 'SESSIONNAME': 'Console', 'PROGRAMDATA': 'C:\\ProgramData', 'ONEDRIVE': 'C:\\Users\\holla\\OneDrive', 'FPS_BROWSER_APP_PROFILE_STRING': 'Internet Explorer', 'PATHEXT': '.COM;.EXE;.BAT;.CMD;.VBS;.VBE;.JS;.JSE;.WSF;.WSH;.MSC', 'TTOFF_LOGIN_TOKEN': 'dev', 'WINDIR': 'C:\\WINDOWS', 'APPDATA': 'C:\\Users\\holla\\AppData\\Roaming', 'HOMEDRIVE': 'C:', 'SYSTEMDRIVE': 'C:', 'NUMBER_OF_PROCESSORS': '12', 'PROCESSOR_LEVEL': '6', 'COMMONPROGRAMW6432': 'C:\\Program Files\\Common Files', 'OS': 'Windows_NT', 'PUBLIC': 'C:\\Users\\Public', 'USERPROFILE': 'C:\\Users\\holla'}
:12-14-2019 01:03:55 TTOffLauncher: isTestServer: 0
:12-14-2019 01:03:55 TTOffLauncher: Game Server 127.0.0.1
:12-14-2019 01:03:55 TTOffLauncher: Starting Toontown Online... 
:12-14-2019 01:03:55 TTOffLauncher: foreground: Launcher now operating in foreground
useTTOffSpecificLogin=True
:12-14-2019 01:03:55 TTOffLauncher: maybeStartGame: starting game
:12-14-2019 01:03:55 TTOffLauncher: Starting Toontown Online...
:12-14-2019 01:03:55 TTOffLauncher: background: Launcher now operating in background
ToontownStart: Polling for game2 to finish...
ToontownStart: Game2 is finished.
ToontownStart: Starting the game.
ToontownStart: setting default font
:12-14-2019 01:03:55 TTOffLauncher: setting panda error code to 7
Known pipe types:
  wglGraphicsPipe
(all display modules loaded.)
:12-14-2019 01:03:55 ToonBase: Default graphics pipe is wglGraphicsPipe (OpenGL).
:12-14-2019 01:03:55 ToonBase: Successfully opened window of type wglGraphicsWindow (OpenGL)
:12-14-2019 01:03:55 ShowBase: __dev__ == False
:12-14-2019 01:03:55 TTOffLauncher: setting panda error code to 11
:12-14-2019 01:03:55 TTOffLauncher: setting panda error code to 0
ToontownStart: Loading default gui sounds
ToontownStart: serverVersion:  tto-dev
:12-14-2019 01:03:55 Loader: starting bulk load of block 'init'
:12-14-2019 01:04:00 :nativenet(error): Buffered_DatagramConnection Constructor rbufsize = 4096000 wbufsize = 4096000 write_flush_point = 1400
:12-14-2019 01:04:00 OTPClientRepository: Using connect method 'http'
:12-14-2019 01:04:04 TTOffLauncher: getRegistry ('DEPLOYMENT', None)
:12-14-2019 01:04:04 TTOffLauncher: checking env
:12-14-2019 01:04:04 TTOffLauncher: getRegistry ('GAME_DEPLOYMENT', None)
:12-14-2019 01:04:04 TTOffLauncher: checking env
:12-14-2019 01:04:04 OTPClientRepository: reg_deployment=
:12-14-2019 01:04:04 OTPClientRepository: required-login auto.
:12-14-2019 01:04:04 OTPClientRepository: loginInterface: LoginTTOffAccount
:12-14-2019 01:04:04 TTOffLauncher: getNeedPwForSecretKey using ttoff-specific-login
:12-14-2019 01:04:04 Loader: At end of block 'init', expected 138, loaded 11, duration=8.5607065
:12-14-2019 01:04:04 OTPClientRepository: Connecting to gameserver directly (no proxy).
:12-14-2019 01:04:04 OTPClientRepository: Connecting to //127.0.0.1:7198 via HTTP interface.
:12-14-2019 01:04:04 TTOffLauncher: Stopping mini task manager.
:12-14-2019 01:04:04 OTPClientRepository: Successfully connected to //127.0.0.1:7198.
:12-14-2019 01:04:04 TTOffLauncher: Setting Disconnect Details normal
{401000001: <toontown.distributed.ToontownDistrict.ToontownDistrict instance at 0x000000001C11C748>}
:12-14-2019 01:04:05 StateData: AvatarChooser.enter
:12-14-2019 01:04:05 DisplayOptions: settingsFullScreen = False, embedded = False width=800 height=600
:12-14-2019 01:04:05 StateData: calling self.displayOptions.restrictToEmbedded(False)
:12-14-2019 01:04:07 OTPClientRepository: ================
:12-14-2019 01:04:07 OTPClientRepository: Chose avatar id: 100000014
:12-14-2019 01:04:07 OTPClientRepository: Chose avatar name: Hollybae
:12-14-2019 01:04:07 OTPClientRepository: Chose avatar dna: ('css', 'ms', 'm', 'm', 16, 0, 16, 16, 113, 27, 18, 27, 7, 21)
:12-14-2019 01:04:07 OTPClientRepository: Chose avatar position: 5
:12-14-2019 01:04:07 OTPClientRepository: isPaid: 1
:12-14-2019 01:04:07 OTPClientRepository: freeTimeLeft: 0
:12-14-2019 01:04:07 OTPClientRepository: allowSecretChat: True
:12-14-2019 01:04:07 OTPClientRepository: ================
:12-14-2019 01:04:07 Loader: starting bulk load of block 'localAvatarPlayGame'
:12-14-2019 01:04:08 ToontownTimeManager(warning): error parsing date string=
local
:12-14-2019 01:04:08 NewsPageButtonManager(warning): Should not get here. NewsPageButtonManager.exitOff
:12-14-2019 01:04:08 :pnmimage:png(warning): iCCP: known incorrect sRGB profile
:12-14-2019 01:04:10 OTPClientRepository: Entering shard 401000001
:12-14-2019 01:04:10 StreetSign: Street sign url is https://ttoffline.com/images/
:12-14-2019 01:04:11 StreetSign: Street Sign is up to date
:12-14-2019 01:04:11 TimeManager: Clock sync: TimeManager.announceGenerate
:12-14-2019 01:04:11 InGameNewsMgr: latestIssue=2013-08-22 16:49:46.000003-07:00
cpu info: GenuineIntel|Intel(R) Core(TM) i7-8700K CPU @ 3.70GHz|591594|0|3.701,3.701|6,12 cpus
:12-14-2019 01:04:13 OTPClientRepository: No sync from TimeManager.
:12-14-2019 01:04:13 OTPClientRepository: gotTimeSync
:12-14-2019 01:04:13 Loader: At end of block 'localAvatarPlayGame', expected 400, loaded 13, duration=6.0609186
:12-14-2019 01:04:13 TimeManager: Clock sync roundtrip took 1767.715 ms
:12-14-2019 01:04:13 TimeManager: AI time delta is -0:02 from server delta
:12-14-2019 01:04:13 TimeManager: Local clock uncertainty +/- 0.884 s
:12-14-2019 01:04:13 PlayGame: QA-REGRESSION: NEIGHBORHOODS: Visit Lawbot HQ
:12-14-2019 01:04:13 Loader: starting bulk load of block 'hood'
:12-14-2019 01:04:14 OTPClientRepository: Sending heartbeat mid-frame.
:12-14-2019 01:04:14 LawbotCogHQLoader: loadPlaceGeom: 13000
:12-14-2019 01:04:15 DistributedObject: DistributedSuitPlanner 401002972: generating
:12-14-2019 01:04:15 DistributedToon: calling LocalAvatar.startchat
:12-14-2019 01:04:15 :loader(error): Couldn't load file phase_4/models/questmap/cog_hq_lawbot_maps.bam: not found on model path (currently: "/;/d/hollybae/Aly/Toontown-School-House/toontown/launcher;/c/Panda3D-1.11.0-x64/etc/..;/c/Panda3D-1.11.0-x64/etc/../models")
:12-14-2019 01:04:15 Loader: At end of block 'hood', expected 2, loaded 7, duration=1.5505658
:12-14-2019 01:04:16 Teleport(debug): teleportInDone: walk
:12-14-2019 01:04:16 :loader(error): Couldn't load file phase_4/models/questmap/cog_hq_lawbot_maps.bam: not found on model path (currently: "/;/d/hollybae/Aly/Toontown-School-House/toontown/launcher;/c/Panda3D-1.11.0-x64/etc/..;/c/Panda3D-1.11.0-x64/etc/../models")
:12-14-2019 01:04:18 TTOffMagicWordManager: Run mode has been toggled.
:12-14-2019 01:04:24 LawbotCogHQLoader: loadPlaceGeom: 13100
:12-14-2019 01:04:24 LawbotCogHQLoader: QA-REGRESSION: COGHQ: Visit LawbotLobby
:12-14-2019 01:04:24 LawbotHQExterior: Unloading Place (13000). Fsm in final
:12-14-2019 01:04:24 DistributedObject: DistributedSuitPlanner 401002972: disabling
:12-14-2019 01:04:24 DistributedToon: calling LocalAvatar.startchat
:12-14-2019 01:04:24 :loader(error): Couldn't load file phase_4/models/questmap/cog_hq_lawbot_maps.bam: not found on model path (currently: "/;/d/hollybae/Aly/Toontown-School-House/toontown/launcher;/c/Panda3D-1.11.0-x64/etc/..;/c/Panda3D-1.11.0-x64/etc/../models")
:12-14-2019 01:04:25 :loader(error): Couldn't load file phase_4/models/questmap/cog_hq_lawbot_maps.bam: not found on model path (currently: "/;/d/hollybae/Aly/Toontown-School-House/toontown/launcher;/c/Panda3D-1.11.0-x64/etc/..;/c/Panda3D-1.11.0-x64/etc/../models")
:12-14-2019 01:04:32 TTOffMagicWordManager: Run mode has been toggled.
:12-14-2019 01:04:40 LawbotCogHQLoader: loadPlaceGeom: 61000
:12-14-2019 01:04:40 LawbotCogHQLoader(warning): loadPlaceGeom: unclassified zone 61000
:12-14-2019 01:04:40 CogHQLobby: Unloading Place (13100). Fsm in final
:12-14-2019 01:04:40 DistributedLawbotBoss(warning): Not a collision node: LawbotCourtroom3.egg/-PandaNode/CR3/interior/CR3_Floor
:12-14-2019 01:04:40 DistributedToon: calling LocalAvatar.startchat
:12-14-2019 01:04:40 LawbotHQBossBattle(warning): fsm.request('movie') returned 0 (zone id 61000, avatar pos LPoint3f(-0.363562, -126.204, 0.193903)).
:12-14-2019 01:04:54 OTPClientRepository: Sending heartbeat mid-frame.
:12-14-2019 01:04:54 LawbotHQBossBattle(warning): fsm.request('movie') returned 0 (zone id 61000, avatar pos LPoint3f(-0.363562, -126.204, 0.193903)).
:12-14-2019 01:05:03 TTOffMagicWordManager: You can only specify between 0 and 99 pies.
:12-14-2019 01:05:06 TTOffMagicWordManager: Gave Hollybae an infinite amount of pies
:12-14-2019 01:05:08 TTOffMagicWordManager: Ta-da!
:12-14-2019 01:05:09 Actor(warning): called actor.removeNode() on actor without calling cleanup()
:12-14-2019 01:05:09 Actor(warning): called actor.removeNode() on actor without calling cleanup()
:12-14-2019 01:05:09 Actor(warning): called actor.removeNode() on actor without calling cleanup()
:12-14-2019 01:05:09 Actor(warning): called actor.removeNode() on actor without calling cleanup()
:12-14-2019 01:05:09 Actor(warning): called actor.removeNode() on actor without calling cleanup()
:12-14-2019 01:05:09 Actor(warning): called actor.removeNode() on actor without calling cleanup()
:12-14-2019 01:05:09 Actor(warning): called actor.removeNode() on actor without calling cleanup()
:12-14-2019 01:05:09 Actor(warning): called actor.removeNode() on actor without calling cleanup()
:12-14-2019 01:05:09 Actor(warning): called actor.removeNode() on actor without calling cleanup()
:12-14-2019 01:05:09 Actor(warning): called actor.removeNode() on actor without calling cleanup()
:12-14-2019 01:05:09 Actor(warning): called actor.removeNode() on actor without calling cleanup()
:12-14-2019 01:05:09 Actor(warning): called actor.removeNode() on actor without calling cleanup()
:12-14-2019 01:05:09 TTOffMagicWordManager: Restarting Scale Round
:12-14-2019 01:05:15 LawbotHQBossBattle(warning): fsm.request('finalBattle') returned 0 (zone id 61000, avatar pos LPoint3f(-14.4698, -0.121162, 0)).
:12-14-2019 01:05:15 TTOffMagicWordManager: Restarting Scale Round
:12-14-2019 01:06:04 TTOffMagicWordManager: Alakazam!
:12-14-2019 01:06:26 TTOffMagicWordManager: Presto!
:12-14-2019 01:06:38 TTOffMagicWordManager: Alakazam!
:12-14-2019 01:06:48 TTOffMagicWordManager: Alakazam!
:12-14-2019 01:07:00 TTOffMagicWordManager: Alakazam!
:12-14-2019 01:07:09 TTOffMagicWordManager: Alakazam!
:12-14-2019 01:07:18 TTOffMagicWordManager: Voila!
:12-14-2019 01:07:29 TTOffMagicWordManager: Voila!
:12-14-2019 01:07:39 TTOffMagicWordManager: Voila!
:12-14-2019 01:07:48 TTOffMagicWordManager: Presto!
:12-14-2019 01:08:02 TTOffMagicWordManager: Presto!
:12-14-2019 01:08:14 TTOffMagicWordManager: Abracadabra!
:12-14-2019 01:08:56 GarbageCollect(warning): garbage found, reverting gc threshold
frame rate: 248.0 fps|0.001d|13 avs||314|315||0x0000|0x0000|947.1MB|1118.2MB|16235.6MB|544|nt.2.6.2|3.701,3.701|6,12 cpus|OpenGL
adding timeout task
adding timeout task
:12-14-2019 01:11:19 TTOffMagicWordManager: Alakazam!
:12-14-2019 01:11:40 TTOffMagicWordManager: Ta-da!
:12-14-2019 01:11:58 TTOffMagicWordManager: Alakazam!
:12-14-2019 01:12:12 TTOffMagicWordManager: Presto!
:12-14-2019 01:12:22 TTOffMagicWordManager: Ta-da!
:12-14-2019 01:12:38 TTOffMagicWordManager: Abracadabra!
:12-14-2019 01:12:46 TTOffMagicWordManager: Abracadabra!
:12-14-2019 01:13:01 TTOffMagicWordManager: Abracadabra!
:12-14-2019 01:13:16 TTOffMagicWordManager: Presto!
:12-14-2019 01:13:26 TTOffMagicWordManager: Presto!
:12-14-2019 01:13:28 :linmath(warning): Tried to invert singular LMatrix3.
:12-14-2019 01:13:35 TTOffMagicWordManager: Alakazam!
:12-14-2019 01:13:56 TTOffMagicWordManager: Ta-da!
frame rate: 205.5 fps|0.001d|13 avs||614|615||0x0000|0x0000|1215.7MB|1387.5MB|16235.6MB|640|nt.2.6.2|3.701,3.701|6,12 cpus|OpenGL
:12-14-2019 01:14:10 TTOffMagicWordManager: Abracadabra!
:12-14-2019 01:14:21 TTOffMagicWordManager: Voila!
:12-14-2019 01:15:55 TTOffMagicWordManager: Voila!
:12-14-2019 01:16:12 TTOffMagicWordManager: Ta-da!
:12-14-2019 01:16:25 TTOffMagicWordManager: Presto!
:12-14-2019 01:16:45 TTOffMagicWordManager: Alakazam!
:12-14-2019 01:17:18 TTOffMagicWordManager: Ta-da!
:12-14-2019 01:17:30 TTOffMagicWordManager: Voila!
:12-14-2019 01:17:48 TTOffMagicWordManager: Presto!
:12-14-2019 01:18:14 TTOffMagicWordManager: Alakazam!
:12-14-2019 01:18:25 TTOffMagicWordManager: Presto!
:12-14-2019 01:18:39 TTOffMagicWordManager: Presto!
frame rate: 243.7 fps|0.001d|13 avs||914|915||0x0000|0x0000|1502.4MB|1674.6MB|16235.6MB|764|nt.2.6.2|3.701,3.701|6,12 cpus|OpenGL
:12-14-2019 01:20:17 TTOffMagicWordManager: Presto!
:12-14-2019 01:20:28 TTOffMagicWordManager: Ta-da!
:12-14-2019 01:20:37 TTOffMagicWordManager: Abracadabra!
:12-14-2019 01:20:39 TTOffMagicWordManager: Abracadabra!
:12-14-2019 01:20:40 TTOffMagicWordManager: Abracadabra!
:12-14-2019 01:20:52 TTOffMagicWordManager: Voila!
:12-14-2019 01:21:08 TTOffMagicWordManager: Abracadabra!
:12-14-2019 01:21:20 TTOffMagicWordManager: Presto!
adding timeout task
adding timeout task
frame rate: 245.4 fps|0.001d|13 avs||1214|1215||0x0000|0x0000|1759.5MB|1932.3MB|16235.6MB|854|nt.2.6.2|3.701,3.701|6,12 cpus|OpenGL
frame rate: 216.9 fps|0.001d|13 avs||1514|1515||0x0000|0x0000|2010.9MB|2184.2MB|16235.6MB|944|nt.2.6.2|3.701,3.701|6,12 cpus|OpenGL
:12-14-2019 01:34:10 TimeManager: Clock sync: timer
frame rate: 267.8 fps|0.001d|13 avs||1814|1815||0x0000|0x0000|2321.0MB|2495.0MB|16235.6MB|1048|nt.2.6.2|3.701,3.701|6,12 cpus|OpenGL
:12-14-2019 01:34:10 TimeManager: Clock sync roundtrip took 26.204 ms
:12-14-2019 01:34:10 TimeManager: AI time delta is -0:00 from server delta
:12-14-2019 01:34:10 ClockDelta: previous delta at -0.437 s, +/- 1.383 s.
:12-14-2019 01:34:10 ClockDelta: new delta at -1.319 s, +/- 0.013 s.
:12-14-2019 01:34:10 ClockDelta: intersection at -1.319 s, +/- 0.013 s.
:12-14-2019 01:34:10 TimeManager: Local clock uncertainty +/- 0.013 s
adding timeout task
adding timeout task
:12-14-2019 01:37:22 ToonBase: User closed main window.
:12-14-2019 01:37:22 TimeManager: Client disconnect reason 2.
:12-14-2019 01:37:22 LawbotHQBossBattle: Unloading Place (61000). Fsm in final
:12-14-2019 01:37:22 OTPClientRepository(warning): unclean exit, abandoning shard
ignoring InputState-forward
:12-14-2019 01:37:22 OTPClientRepository: sending clientLogout
:12-14-2019 01:37:22 LocalAvatar(warning): redundant call to stopUpdateSmartCamera
:12-14-2019 01:37:22 OTPClientRepository: Sent disconnect message to server
:12-14-2019 01:37:22 OTPClientRepository: Closing connection to server.
:12-14-2019 01:37:22 OTPClientRepository: Exiting cleanly
:12-14-2019 01:37:22 ToonBase: Exiting Toontown: errorCode = None
:12-14-2019 01:37:22 TTOffLauncher: setting panda error code to 0
:12-14-2019 01:37:22 TTOffLauncher: Normal exit.
