

Starting Toontown Online...
Current time: Mon Oct  5 02:51:13 2020 Eastern Standard Time
sys.path =  ['', 'C:\\Panda3D-1.11.0-x64\\python\\python27.zip', 'C:\\Panda3D-1.11.0-x64', 'C:\\Panda3D-1.11.0-x64\\python\\DLLs', 'C:\\Panda3D-1.11.0-x64\\python\\lib', 'C:\\Panda3D-1.11.0-x64\\python\\lib\\plat-win', 'C:\\Panda3D-1.11.0-x64\\python\\lib\\lib-tk', 'C:\\Panda3D-1.11.0-x64\\python', 'C:\\Panda3D-1.11.0-x64\\bin', 'C:\\Panda3D-1.11.0-x64\\python\\lib\\site-packages']
sys.argv =  ['D:\\hollybae\\Aly\\Toontown-School-House\\toontown\\launcher\\TTOffQuickStartLauncher.py']
generating standard configrc
os.environ =  {'TMP': 'C:\\Users\\holla\\AppData\\Local\\Temp', 'ONEDRIVECONSUMER': 'C:\\Users\\holla\\OneDrive', 'COMPUTERNAME': 'HOLLYBAES-PC', 'USERDOMAIN': 'HOLLYBAES-PC', 'INTEL_DEV_REDIST': 'C:\\Program Files (x86)\\Common Files\\Intel\\Shared Libraries\\', 'PSMODULEPATH': 'C:\\Program Files\\WindowsPowerShell\\Modules;C:\\WINDOWS\\system32\\WindowsPowerShell\\v1.0\\Modules', 'COMMONPROGRAMFILES': 'C:\\Program Files\\Common Files', 'PROCESSOR_IDENTIFIER': 'Intel64 Family 6 Model 158 Stepping 10, GenuineIntel', 'PROGRAMFILES': 'C:\\Program Files', 'PROCESSOR_REVISION': '9e0a', 'PATH': 'C:\\Panda3D-1.11.0-x64\\panda3d\\..\\bin;C:\\Program Files (x86)\\Razer\\ChromaBroadcast\\bin;C:\\Program Files\\Razer\\ChromaBroadcast\\bin;C:\\Program Files (x86)\\Common Files\\Intel\\Shared Libraries\\redist\\intel64\\compiler;C:\\Program Files (x86)\\Common Files\\Oracle\\Java\\javapath;C:\\WINDOWS\\system32;C:\\WINDOWS;C:\\WINDOWS\\System32\\Wbem;C:\\WINDOWS\\System32\\WindowsPowerShell\\v1.0\\;C:\\WINDOWS\\System32\\OpenSSH\\;C:\\Program Files (x86)\\NVIDIA Corporation\\PhysX\\Common;C:\\Program Files\\NVIDIA Corporation\\NVIDIA NvDLISR;C:\\WINDOWS\\system32\\config\\systemprofile\\AppData\\Local\\Microsoft\\WindowsApps;C:\\Users\\holla\\AppData\\Local\\Microsoft\\WindowsApps;C:\\Panda3D-1.11.0-x64\\python;C:\\Panda3D-1.11.0-x64\\python\\Scripts;C:\\Panda3D-1.11.0-x64\\bin', 'SYSTEMROOT': 'C:\\WINDOWS', 'MIC_LD_LIBRARY_PATH': 'C:\\Program Files (x86)\\Common Files\\Intel\\Shared Libraries\\compiler\\lib\\mic', 'COMSPEC': 'C:\\WINDOWS\\system32\\cmd.exe', 'DRIVERDATA': 'C:\\Windows\\System32\\Drivers\\DriverData', 'PPYTHON_PATH': '"C:\\Panda3D-1.11.0-x64\\python\\ppython.exe"', 'TEMP': 'C:\\Users\\holla\\AppData\\Local\\Temp', 'COMMONPROGRAMFILES(X86)': 'C:\\Program Files (x86)\\Common Files', 'PROCESSOR_ARCHITECTURE': 'AMD64', 'PROGRAMFILES(X86)': 'C:\\Program Files (x86)', 'ALLUSERSPROFILE': 'C:\\ProgramData', 'LOCALAPPDATA': 'C:\\Users\\holla\\AppData\\Local', 'FPS_BROWSER_USER_PROFILE_STRING': 'Default', 'HOMEPATH': '\\Users\\holla', 'USERDOMAIN_ROAMINGPROFILE': 'HOLLYBAES-PC', 'PROGRAMW6432': 'C:\\Program Files', 'USERNAME': 'holla', 'LOGONSERVER': '\\\\HOLLYBAES-PC', 'PROMPT': '$P$G', 'SESSIONNAME': 'Console', 'PROGRAMDATA': 'C:\\ProgramData', 'ONEDRIVE': 'C:\\Users\\holla\\OneDrive', 'FPS_BROWSER_APP_PROFILE_STRING': 'Internet Explorer', 'PATHEXT': '.COM;.EXE;.BAT;.CMD;.VBS;.VBE;.JS;.JSE;.WSF;.WSH;.MSC', 'TTOFF_LOGIN_TOKEN': 'dev', 'WINDIR': 'C:\\WINDOWS', 'APPDATA': 'C:\\Users\\holla\\AppData\\Roaming', 'HOMEDRIVE': 'C:', 'SYSTEMDRIVE': 'C:', 'NUMBER_OF_PROCESSORS': '12', 'PROCESSOR_LEVEL': '6', 'COMMONPROGRAMW6432': 'C:\\Program Files\\Common Files', 'OS': 'Windows_NT', 'PUBLIC': 'C:\\Users\\Public', 'USERPROFILE': 'C:\\Users\\holla'}
:10-05-2020 02:51:13 TTOffLauncher: isTestServer: 0
:10-05-2020 02:51:13 TTOffLauncher: Game Server 127.0.0.1
:10-05-2020 02:51:13 TTOffLauncher: Starting Toontown Online... 
:10-05-2020 02:51:13 TTOffLauncher: foreground: Launcher now operating in foreground
useTTOffSpecificLogin=True
:10-05-2020 02:51:13 TTOffLauncher: maybeStartGame: starting game
:10-05-2020 02:51:13 TTOffLauncher: Starting Toontown Online...
:10-05-2020 02:51:13 TTOffLauncher: background: Launcher now operating in background
ToontownStart: Polling for game2 to finish...
ToontownStart: Game2 is finished.
ToontownStart: Starting the game.
ToontownStart: setting default font
:10-05-2020 02:51:13 TTOffLauncher: setting panda error code to 7
Known pipe types:
  wglGraphicsPipe
(all display modules loaded.)
:10-05-2020 02:51:14 ToonBase: Default graphics pipe is wglGraphicsPipe (OpenGL).
:10-05-2020 02:51:14 ToonBase: Successfully opened window of type wglGraphicsWindow (OpenGL)
:10-05-2020 02:51:14 ShowBase: __dev__ == False
:10-05-2020 02:51:14 TTOffLauncher: setting panda error code to 11
:10-05-2020 02:51:14 TTOffLauncher: setting panda error code to 0
ToontownStart: Loading default gui sounds
ToontownStart: serverVersion:  tto-dev
:10-05-2020 02:51:14 Loader: starting bulk load of block 'init'
:10-05-2020 02:51:15 :nativenet(error): Buffered_DatagramConnection Constructor rbufsize = 4096000 wbufsize = 4096000 write_flush_point = 1400
:10-05-2020 02:51:15 OTPClientRepository: Using connect method 'http'
:10-05-2020 02:51:15 TTOffLauncher: getRegistry ('DEPLOYMENT', None)
:10-05-2020 02:51:15 TTOffLauncher: checking env
:10-05-2020 02:51:15 TTOffLauncher: getRegistry ('GAME_DEPLOYMENT', None)
:10-05-2020 02:51:15 TTOffLauncher: checking env
:10-05-2020 02:51:15 OTPClientRepository: reg_deployment=
:10-05-2020 02:51:15 OTPClientRepository: required-login auto.
:10-05-2020 02:51:15 OTPClientRepository: loginInterface: LoginTTOffAccount
:10-05-2020 02:51:15 TTOffLauncher: getNeedPwForSecretKey using ttoff-specific-login
:10-05-2020 02:51:15 Loader: At end of block 'init', expected 138, loaded 7, duration=1.4153356
:10-05-2020 02:51:15 OTPClientRepository: Connecting to gameserver directly (no proxy).
:10-05-2020 02:51:15 OTPClientRepository: Connecting to //127.0.0.1:7198 via HTTP interface.
:10-05-2020 02:51:15 TTOffLauncher: Stopping mini task manager.
:10-05-2020 02:51:15 OTPClientRepository: Successfully connected to //127.0.0.1:7198.
:10-05-2020 02:51:15 TTOffLauncher: Setting Disconnect Details normal
{401000001: <toontown.distributed.ToontownDistrict.ToontownDistrict instance at 0x000000001A3CF748>}
:10-05-2020 02:51:16 StateData: AvatarChooser.enter
:10-05-2020 02:51:16 DisplayOptions: settingsFullScreen = False, embedded = False width=800 height=600
:10-05-2020 02:51:16 StateData: calling self.displayOptions.restrictToEmbedded(False)
:10-05-2020 02:51:18 OTPClientRepository: ================
:10-05-2020 02:51:18 OTPClientRepository: Chose avatar id: 100000014
:10-05-2020 02:51:18 OTPClientRepository: Chose avatar name: Holland
:10-05-2020 02:51:18 OTPClientRepository: Chose avatar dna: ('css', 'ms', 'm', 'm', 16, 0, 16, 16, 113, 27, 99, 27, 7, 21)
:10-05-2020 02:51:18 OTPClientRepository: Chose avatar position: 5
:10-05-2020 02:51:18 OTPClientRepository: isPaid: 1
:10-05-2020 02:51:18 OTPClientRepository: freeTimeLeft: 0
:10-05-2020 02:51:18 OTPClientRepository: allowSecretChat: True
:10-05-2020 02:51:18 OTPClientRepository: ================
:10-05-2020 02:51:19 Loader: starting bulk load of block 'localAvatarPlayGame'
:10-05-2020 02:51:19 ToontownTimeManager(warning): error parsing date string=
local
:10-05-2020 02:51:19 NewsPageButtonManager(warning): Should not get here. NewsPageButtonManager.exitOff
:10-05-2020 02:51:19 :pnmimage:png(warning): iCCP: known incorrect sRGB profile
:10-05-2020 02:51:21 OTPClientRepository: Entering shard 401000001
:10-05-2020 02:51:21 StreetSign: Street sign url is https://ttoffline.com/images/
:10-05-2020 02:51:22 StreetSign: Street Sign is up to date
:10-05-2020 02:51:22 TimeManager: Clock sync: TimeManager.announceGenerate
:10-05-2020 02:51:22 InGameNewsMgr: latestIssue=2013-08-22 16:49:46.000003-07:00
cpu info: GenuineIntel|Intel(R) Core(TM) i7-8700K CPU @ 3.70GHz|591594|0|3.696,3.696|6,12 cpus
:10-05-2020 02:51:23 OTPClientRepository: No sync from TimeManager.
:10-05-2020 02:51:23 OTPClientRepository: gotTimeSync
:10-05-2020 02:51:23 Loader: At end of block 'localAvatarPlayGame', expected 400, loaded 9, duration=4.3047992
:10-05-2020 02:51:23 TimeManager: Clock sync roundtrip took 1137.579 ms
:10-05-2020 02:51:23 TimeManager: AI time delta is -0:01 from server delta
:10-05-2020 02:51:23 TimeManager: Local clock uncertainty +/- 0.569 s
:10-05-2020 02:51:23 PlayGame: QA-REGRESSION: NEIGHBORHOODS: Visit Lawbot HQ
:10-05-2020 02:51:23 Loader: starting bulk load of block 'hood'
:10-05-2020 02:51:23 LawbotCogHQLoader: loadPlaceGeom: 13000
:10-05-2020 02:51:24 DistributedObject: DistributedSuitPlanner 401002972: generating
:10-05-2020 02:51:24 DistributedToon: calling LocalAvatar.startchat
:10-05-2020 02:51:24 :loader(error): Couldn't load file phase_4/models/questmap/cog_hq_lawbot_maps.bam: not found on model path (currently: "/;/d/hollybae/Aly/Toontown-School-House/toontown/launcher;/c/Panda3D-1.11.0-x64/etc/..;/c/Panda3D-1.11.0-x64/etc/../models")
:10-05-2020 02:51:24 Loader: At end of block 'hood', expected 2, loaded 4, duration=0.9111537
:10-05-2020 02:51:25 Teleport(debug): teleportInDone: walk
:10-05-2020 02:51:25 :loader(error): Couldn't load file phase_4/models/questmap/cog_hq_lawbot_maps.bam: not found on model path (currently: "/;/d/hollybae/Aly/Toontown-School-House/toontown/launcher;/c/Panda3D-1.11.0-x64/etc/..;/c/Panda3D-1.11.0-x64/etc/../models")
:10-05-2020 02:51:32 TTOffMagicWordManager: Uh-oh! This Magic Word doesn't exist!
:10-05-2020 02:51:33 TTOffMagicWordManager: God mode enabled for Holland!
:10-05-2020 02:51:40 LawbotCogHQLoader: loadPlaceGeom: 13100
:10-05-2020 02:51:40 LawbotCogHQLoader: QA-REGRESSION: COGHQ: Visit LawbotLobby
:10-05-2020 02:51:40 LawbotHQExterior: Unloading Place (13000). Fsm in final
:10-05-2020 02:51:40 DistributedObject: DistributedSuitPlanner 401002972: disabling
:10-05-2020 02:51:40 DistributedToon: calling LocalAvatar.startchat
:10-05-2020 02:51:40 :loader(error): Couldn't load file phase_4/models/questmap/cog_hq_lawbot_maps.bam: not found on model path (currently: "/;/d/hollybae/Aly/Toontown-School-House/toontown/launcher;/c/Panda3D-1.11.0-x64/etc/..;/c/Panda3D-1.11.0-x64/etc/../models")
:10-05-2020 02:51:41 :loader(error): Couldn't load file phase_4/models/questmap/cog_hq_lawbot_maps.bam: not found on model path (currently: "/;/d/hollybae/Aly/Toontown-School-House/toontown/launcher;/c/Panda3D-1.11.0-x64/etc/..;/c/Panda3D-1.11.0-x64/etc/../models")
:10-05-2020 02:51:49 TTOffMagicWordManager: Run mode has been toggled.
:10-05-2020 02:51:51 TTOffMagicWordManager: Gave Holland an infinite amount of pies
:10-05-2020 02:51:52 TTOffMagicWordManager: Alakazam!
:10-05-2020 02:51:55 LawbotCogHQLoader: loadPlaceGeom: 61000
:10-05-2020 02:51:55 LawbotCogHQLoader(warning): loadPlaceGeom: unclassified zone 61000
:10-05-2020 02:51:55 CogHQLobby: Unloading Place (13100). Fsm in final
:10-05-2020 02:51:55 DistributedLawbotBoss(warning): Not a collision node: LawbotCourtroom3.egg/-PandaNode/CR3/interior/CR3_Floor
:10-05-2020 02:51:55 DistributedToon: calling LocalAvatar.startchat
:10-05-2020 02:51:55 LawbotHQBossBattle(warning): fsm.request('movie') returned 0 (zone id 61000, avatar pos LPoint3f(-0.363562, -126.204, 0.193903)).
:10-05-2020 02:52:09 LawbotHQBossBattle(warning): fsm.request('movie') returned 0 (zone id 61000, avatar pos LPoint3f(-0.363562, -126.204, 0.193903)).
:10-05-2020 02:52:17 TTOffMagicWordManager: Ta-da!
Battle Event localtoon-battle-event-3
:10-05-2020 02:53:10 TTOffMagicWordManager: Skipping current round...
:10-05-2020 02:53:50 Actor(warning): called actor.removeNode() on actor without calling cleanup()
:10-05-2020 02:53:50 Actor(warning): called actor.removeNode() on actor without calling cleanup()
:10-05-2020 02:53:50 Actor(warning): called actor.removeNode() on actor without calling cleanup()
:10-05-2020 02:53:50 Actor(warning): called actor.removeNode() on actor without calling cleanup()
:10-05-2020 02:53:50 Actor(warning): called actor.removeNode() on actor without calling cleanup()
:10-05-2020 02:53:50 Actor(warning): called actor.removeNode() on actor without calling cleanup()
:10-05-2020 02:53:50 Actor(warning): called actor.removeNode() on actor without calling cleanup()
:10-05-2020 02:53:50 Actor(warning): called actor.removeNode() on actor without calling cleanup()
:10-05-2020 02:53:50 Actor(warning): called actor.removeNode() on actor without calling cleanup()
:10-05-2020 02:53:50 Actor(warning): called actor.removeNode() on actor without calling cleanup()
:10-05-2020 02:53:50 Actor(warning): called actor.removeNode() on actor without calling cleanup()
:10-05-2020 02:53:50 Actor(warning): called actor.removeNode() on actor without calling cleanup()
:10-05-2020 02:53:50 TTOffMagicWordManager: Restarting Scale Round
:10-05-2020 02:53:58 LawbotHQBossBattle(warning): fsm.request('finalBattle') returned 0 (zone id 61000, avatar pos LPoint3f(-24.2877, -3.61369, 0)).
:10-05-2020 02:53:58 TTOffMagicWordManager: Restarting Scale Round
:10-05-2020 02:54:03 LawbotHQBossBattle(warning): fsm.request('finalBattle') returned 0 (zone id 61000, avatar pos LPoint3f(-49.0114, 26.2459, 0)).
:10-05-2020 02:54:03 TTOffMagicWordManager: Restarting Scale Round
:10-05-2020 02:54:15 TTOffMagicWordManager: Voila!
:10-05-2020 02:54:32 TTOffMagicWordManager: Voila!
:10-05-2020 02:54:48 TTOffMagicWordManager: Ta-da!
:10-05-2020 02:55:01 TTOffMagicWordManager: Presto!
:10-05-2020 02:55:17 TTOffMagicWordManager: Presto!
:10-05-2020 02:56:14 GarbageCollect(warning): garbage found, reverting gc threshold
frame rate: 182.2 fps|0.002d|14 avs||306|307||0x0000|0x0000|652.2MB|775.1MB|32619.6MB|467|nt.2.6.2|3.696,3.696|6,12 cpus|OpenGL
:10-05-2020 02:57:27 TTOffMagicWordManager: Ta-da!
:10-05-2020 02:57:39 TTOffMagicWordManager: Ta-da!
:10-05-2020 02:57:53 TTOffMagicWordManager: Presto!
:10-05-2020 02:58:05 TTOffMagicWordManager: Alakazam!
:10-05-2020 02:58:14 :linmath(warning): Tried to invert singular LMatrix3.
:10-05-2020 02:58:27 TTOffMagicWordManager: Voila!
:10-05-2020 03:00:00 NewsManager: setHolidayId: Starting Holiday 14
adding timeout task
adding timeout task
frame rate: 172.0 fps|0.001d|14 avs||606|607||0x0000|0x0000|668.8MB|791.8MB|32619.6MB|520|nt.2.6.2|3.696,3.696|6,12 cpus|OpenGL
:10-05-2020 03:03:10 TTOffMagicWordManager: Voila!
:10-05-2020 03:03:26 TTOffMagicWordManager: Ta-da!
:10-05-2020 03:03:53 TTOffMagicWordManager: Abracadabra!
:10-05-2020 03:04:11 TTOffMagicWordManager: Abracadabra!
:10-05-2020 03:05:24 TTOffMagicWordManager: Abracadabra!
:10-05-2020 03:06:02 TTOffMagicWordManager: Presto!
:10-05-2020 03:06:17 TTOffMagicWordManager: Alakazam!
frame rate: 165.4 fps|0.001d|14 avs||906|907||0x0000|0x0000|691.1MB|813.9MB|32619.6MB|526|nt.2.6.2|3.696,3.696|6,12 cpus|OpenGL
:10-05-2020 03:08:39 TTOffMagicWordManager: Ta-da!
:10-05-2020 03:08:57 TTOffMagicWordManager: Abracadabra!
:10-05-2020 03:09:19 TTOffMagicWordManager: Abracadabra!
:10-05-2020 03:09:33 TTOffMagicWordManager: Abracadabra!
:10-05-2020 03:09:52 TTOffMagicWordManager: Ta-da!
:10-05-2020 03:10:12 TTOffMagicWordManager: Voila!
frame rate: 176.9 fps|0.001d|14 avs||1206|1207||0x0000|0x0000|711.9MB|834.8MB|32619.6MB|556|nt.2.6.2|3.696,3.696|6,12 cpus|OpenGL
adding timeout task
adding timeout task
:10-05-2020 03:16:16 TTOffMagicWordManager: Ta-da!
frame rate: 167.3 fps|0.001d|14 avs||1506|1507||0x0000|0x0000|725.4MB|848.2MB|32619.6MB|596|nt.2.6.2|3.696,3.696|6,12 cpus|OpenGL
:10-05-2020 03:16:42 TTOffMagicWordManager: Ta-da!
:10-05-2020 03:17:15 TTOffMagicWordManager: Abracadabra!
adding timeout task
adding timeout task
:10-05-2020 03:19:36 TTOffMagicWordManager: Alakazam!
:10-05-2020 03:19:55 TTOffMagicWordManager: Ta-da!
:10-05-2020 03:20:06 TTOffMagicWordManager: Abracadabra!
:10-05-2020 03:20:18 TTOffMagicWordManager: Voila!
:10-05-2020 03:20:36 TTOffMagicWordManager: Voila!
:10-05-2020 03:20:58 TTOffMagicWordManager: Abracadabra!
:10-05-2020 03:21:21 TimeManager: Clock sync: timer
frame rate: 177.4 fps|0.001d|14 avs||1806|1807||0x0000|0x0000|746.3MB|869.5MB|32619.6MB|665|nt.2.6.2|3.696,3.696|6,12 cpus|OpenGL
:10-05-2020 03:21:21 TimeManager: Clock sync roundtrip took 56.040 ms
:10-05-2020 03:21:21 TimeManager: AI time delta is -0:00 from server delta
:10-05-2020 03:21:21 ClockDelta: previous delta at -0.921 s, +/- 1.068 s.
:10-05-2020 03:21:21 ClockDelta: new delta at -1.465 s, +/- 0.028 s.
:10-05-2020 03:21:21 ClockDelta: intersection at -1.465 s, +/- 0.028 s.
:10-05-2020 03:21:21 TimeManager: Local clock uncertainty +/- 0.028 s
:10-05-2020 03:22:13 TTOffMagicWordManager: Ta-da!
:10-05-2020 03:22:45 TTOffMagicWordManager: Alakazam!
:10-05-2020 03:22:57 TTOffMagicWordManager: Abracadabra!
:10-05-2020 03:23:04 TTOffMagicWordManager: Voila!
:10-05-2020 03:23:38 TTOffMagicWordManager: Voila!
:10-05-2020 03:23:44 TTOffMagicWordManager: Alakazam!
:10-05-2020 03:25:11 TTOffMagicWordManager: Voila!
:10-05-2020 03:25:26 TTOffMagicWordManager: Abracadabra!
:10-05-2020 03:25:45 TTOffMagicWordManager: Ta-da!
:10-05-2020 03:26:00 TTOffMagicWordManager: Abracadabra!
:10-05-2020 03:26:12 TTOffMagicWordManager: Abracadabra!
frame rate: 159.2 fps|0.001d|14 avs||2106|2107||0x0000|0x0000|765.5MB|888.7MB|32619.6MB|731|nt.2.6.2|3.696,3.696|6,12 cpus|OpenGL
:10-05-2020 03:26:24 TTOffMagicWordManager: Abracadabra!
:10-05-2020 03:27:57 TTOffMagicWordManager: Abracadabra!
:10-05-2020 03:28:11 TTOffMagicWordManager: Voila!
:10-05-2020 03:29:54 TTOffMagicWordManager: Alakazam!
frame rate: 192.6 fps|0.001d|14 avs||2406|2407||0x0000|0x0000|782.9MB|906.0MB|32619.6MB|766|nt.2.6.2|3.696,3.696|6,12 cpus|OpenGL
adding timeout task
adding timeout task
:10-05-2020 03:34:59 TTOffMagicWordManager: Presto!
:10-05-2020 03:35:10 TTOffMagicWordManager: Abracadabra!
