

Starting Toontown Online...
Current time: Tue Mar  3 16:08:00 2020 Eastern Standard Time
sys.path =  ['', 'C:\\Panda3D-1.11.0-x64\\python\\python27.zip', 'C:\\Panda3D-1.11.0-x64', 'C:\\Panda3D-1.11.0-x64\\python\\DLLs', 'C:\\Panda3D-1.11.0-x64\\python\\lib', 'C:\\Panda3D-1.11.0-x64\\python\\lib\\plat-win', 'C:\\Panda3D-1.11.0-x64\\python\\lib\\lib-tk', 'C:\\Panda3D-1.11.0-x64\\python', 'C:\\Panda3D-1.11.0-x64\\bin', 'C:\\Panda3D-1.11.0-x64\\python\\lib\\site-packages']
sys.argv =  ['D:\\hollybae\\Aly\\Toontown-School-House\\toontown\\launcher\\TTOffQuickStartLauncher.py']
generating standard configrc
os.environ =  {'TMP': 'C:\\Users\\holla\\AppData\\Local\\Temp', 'COMPUTERNAME': 'HOLLYBAES-PC', 'USERDOMAIN': 'HOLLYBAES-PC', 'INTEL_DEV_REDIST': 'C:\\Program Files (x86)\\Common Files\\Intel\\Shared Libraries\\', 'PSMODULEPATH': 'C:\\Program Files\\WindowsPowerShell\\Modules;C:\\WINDOWS\\system32\\WindowsPowerShell\\v1.0\\Modules', 'COMMONPROGRAMFILES': 'C:\\Program Files\\Common Files', 'PROCESSOR_IDENTIFIER': 'Intel64 Family 6 Model 158 Stepping 10, GenuineIntel', 'VBOX_MSI_INSTALL_PATH': 'C:\\Program Files\\Oracle\\VirtualBox\\', 'PROGRAMFILES': 'C:\\Program Files', 'PROCESSOR_REVISION': '9e0a', 'PATH': 'C:\\Panda3D-1.11.0-x64\\panda3d\\..\\bin;C:\\Program Files (x86)\\Razer\\ChromaBroadcast\\bin;C:\\Program Files\\Razer\\ChromaBroadcast\\bin;C:\\Program Files (x86)\\Common Files\\Intel\\Shared Libraries\\redist\\intel64_win\\compiler;C:\\Program Files (x86)\\Common Files\\Oracle\\Java\\javapath;C:\\Program Files (x86)\\Common Files\\Intel\\Shared Libraries\\redist\\intel64\\compiler;C:\\WINDOWS\\system32;C:\\WINDOWS;C:\\WINDOWS\\System32\\Wbem;C:\\WINDOWS\\System32\\WindowsPowerShell\\v1.0\\;C:\\WINDOWS\\System32\\OpenSSH\\;C:\\Program Files\\NVIDIA Corporation\\NVIDIA NGX;C:\\Program Files (x86)\\NVIDIA Corporation\\PhysX\\Common;C:\\Program Files\\NVIDIA Corporation\\NVIDIA NvDLISR;C:\\WINDOWS\\system32;C:\\WINDOWS;C:\\WINDOWS\\System32\\Wbem;C:\\WINDOWS\\System32\\WindowsPowerShell\\v1.0\\;C:\\WINDOWS\\System32\\OpenSSH\\;D:\\hollybae\\ffmpeg-4.1.3-win64-static\\ffmpeg-4.1.3-win64-static\\bin;C:\\Program Files\\dotnet\\;C:\\WINDOWS\\system32\\config\\systemprofile\\AppData\\Local\\Microsoft\\WindowsApps;C:\\Program Files (x86)\\QuickTime\\QTSystem\\;C:\\Users\\holla\\AppData\\Local\\Microsoft\\WindowsApps;C:\\Panda3D-1.10.4.1-x64\\python;C:\\Panda3D-1.10.4.1-x64\\python\\Scripts;C:\\Panda3D-1.10.4.1-x64\\bin;C:\\Panda3D-1.11.0-x64\\python;C:\\Panda3D-1.11.0-x64\\python\\Scripts;C:\\Panda3D-1.11.0-x64\\bin', 'SYSTEMROOT': 'C:\\WINDOWS', 'MIC_LD_LIBRARY_PATH': 'C:\\Program Files (x86)\\Common Files\\Intel\\Shared Libraries\\compiler\\lib\\intel64_win_mic', 'COMSPEC': 'C:\\WINDOWS\\system32\\cmd.exe', 'DRIVERDATA': 'C:\\Windows\\System32\\Drivers\\DriverData', 'PPYTHON_PATH': '"C:\\Panda3D-1.11.0-x64\\python\\ppython.exe"', 'TEMP': 'C:\\Users\\holla\\AppData\\Local\\Temp', 'COMMONPROGRAMFILES(X86)': 'C:\\Program Files (x86)\\Common Files', 'PROCESSOR_ARCHITECTURE': 'AMD64', 'PROGRAMFILES(X86)': 'C:\\Program Files (x86)', 'ALLUSERSPROFILE': 'C:\\ProgramData', 'LOCALAPPDATA': 'C:\\Users\\holla\\AppData\\Local', 'FPS_BROWSER_USER_PROFILE_STRING': 'Default', 'HOMEPATH': '\\Users\\holla', 'USERDOMAIN_ROAMINGPROFILE': 'HOLLYBAES-PC', 'PROGRAMW6432': 'C:\\Program Files', 'USERNAME': 'holla', 'LOGONSERVER': '\\\\HOLLYBAES-PC', 'PROMPT': '$P$G', 'SESSIONNAME': 'Console', 'PROGRAMDATA': 'C:\\ProgramData', 'ONEDRIVE': 'C:\\Users\\holla\\OneDrive - University of Guelph', 'FPS_BROWSER_APP_PROFILE_STRING': 'Internet Explorer', 'PATHEXT': '.COM;.EXE;.BAT;.CMD;.VBS;.VBE;.JS;.JSE;.WSF;.WSH;.MSC', 'TTOFF_LOGIN_TOKEN': 'dev', 'ONEDRIVECOMMERCIAL': 'C:\\Users\\holla\\OneDrive - University of Guelph', 'WINDIR': 'C:\\WINDOWS', 'APPDATA': 'C:\\Users\\holla\\AppData\\Roaming', 'HOMEDRIVE': 'C:', 'SYSTEMDRIVE': 'C:', 'NUMBER_OF_PROCESSORS': '12', 'PROCESSOR_LEVEL': '6', 'RG_GPU_FRAMEWORK_ENGINE_RESOURCEDIR': 'C:\\Program Files\\Red Giant\\RGFX', 'COMMONPROGRAMW6432': 'C:\\Program Files\\Common Files', 'OS': 'Windows_NT', 'PUBLIC': 'C:\\Users\\Public', 'USERPROFILE': 'C:\\Users\\holla'}
:03-03-2020 16:08:00 TTOffLauncher: isTestServer: 0
:03-03-2020 16:08:00 TTOffLauncher: Game Server 127.0.0.1
:03-03-2020 16:08:00 TTOffLauncher: Starting Toontown Online... 
:03-03-2020 16:08:00 TTOffLauncher: foreground: Launcher now operating in foreground
useTTOffSpecificLogin=True
:03-03-2020 16:08:00 TTOffLauncher: maybeStartGame: starting game
:03-03-2020 16:08:00 TTOffLauncher: Starting Toontown Online...
:03-03-2020 16:08:00 TTOffLauncher: background: Launcher now operating in background
ToontownStart: Polling for game2 to finish...
ToontownStart: Game2 is finished.
ToontownStart: Starting the game.
ToontownStart: setting default font
:03-03-2020 16:08:00 TTOffLauncher: setting panda error code to 7
Known pipe types:
  wglGraphicsPipe
(all display modules loaded.)
:03-03-2020 16:08:01 ToonBase: Default graphics pipe is wglGraphicsPipe (OpenGL).
:03-03-2020 16:08:01 ToonBase: Successfully opened window of type wglGraphicsWindow (OpenGL)
:03-03-2020 16:08:01 ShowBase: __dev__ == False
:03-03-2020 16:08:01 TTOffLauncher: setting panda error code to 11
:03-03-2020 16:08:01 TTOffLauncher: setting panda error code to 0
ToontownStart: Loading default gui sounds
ToontownStart: serverVersion:  tto-dev
:03-03-2020 16:08:02 Loader: starting bulk load of block 'init'
:03-03-2020 16:08:10 :nativenet(error): Buffered_DatagramConnection Constructor rbufsize = 4096000 wbufsize = 4096000 write_flush_point = 1400
:03-03-2020 16:08:10 OTPClientRepository: Using connect method 'http'
:03-03-2020 16:08:15 TTOffLauncher: getRegistry ('DEPLOYMENT', None)
:03-03-2020 16:08:15 TTOffLauncher: checking env
:03-03-2020 16:08:15 TTOffLauncher: getRegistry ('GAME_DEPLOYMENT', None)
:03-03-2020 16:08:15 TTOffLauncher: checking env
:03-03-2020 16:08:15 OTPClientRepository: reg_deployment=
:03-03-2020 16:08:15 OTPClientRepository: required-login auto.
:03-03-2020 16:08:15 OTPClientRepository: loginInterface: LoginTTOffAccount
:03-03-2020 16:08:15 TTOffLauncher: getNeedPwForSecretKey using ttoff-specific-login
:03-03-2020 16:08:15 Loader: At end of block 'init', expected 138, loaded 13, duration=13.3803302
:03-03-2020 16:08:15 OTPClientRepository: Connecting to gameserver directly (no proxy).
:03-03-2020 16:08:15 OTPClientRepository: Connecting to //127.0.0.1:7198 via HTTP interface.
:03-03-2020 16:08:15 TTOffLauncher: Stopping mini task manager.
:03-03-2020 16:08:15 OTPClientRepository: Successfully connected to //127.0.0.1:7198.
:03-03-2020 16:08:15 TTOffLauncher: Setting Disconnect Details normal
{401000001: <toontown.distributed.ToontownDistrict.ToontownDistrict instance at 0x000000001CBF4748>}
:03-03-2020 16:08:16 StateData: AvatarChooser.enter
:03-03-2020 16:08:16 DisplayOptions: settingsFullScreen = False, embedded = False width=800 height=600
:03-03-2020 16:08:16 StateData: calling self.displayOptions.restrictToEmbedded(False)
:03-03-2020 16:08:18 OTPClientRepository: ================
:03-03-2020 16:08:18 OTPClientRepository: Chose avatar id: 100000014
:03-03-2020 16:08:18 OTPClientRepository: Chose avatar name: Hollybae
:03-03-2020 16:08:18 OTPClientRepository: Chose avatar dna: ('css', 'ms', 'm', 'm', 16, 0, 16, 16, 113, 27, 18, 27, 7, 21)
:03-03-2020 16:08:18 OTPClientRepository: Chose avatar position: 5
:03-03-2020 16:08:18 OTPClientRepository: isPaid: 1
:03-03-2020 16:08:18 OTPClientRepository: freeTimeLeft: 0
:03-03-2020 16:08:18 OTPClientRepository: allowSecretChat: True
:03-03-2020 16:08:18 OTPClientRepository: ================
:03-03-2020 16:08:19 Loader: starting bulk load of block 'localAvatarPlayGame'
:03-03-2020 16:08:20 ToontownTimeManager(warning): error parsing date string=
local
:03-03-2020 16:08:20 NewsPageButtonManager(warning): Should not get here. NewsPageButtonManager.exitOff
:03-03-2020 16:08:20 :pnmimage:png(warning): iCCP: known incorrect sRGB profile
:03-03-2020 16:08:22 OTPClientRepository: Entering shard 401000001
:03-03-2020 16:08:22 StreetSign: Street sign url is https://ttoffline.com/images/
:03-03-2020 16:08:24 StreetSign: Street Sign is up to date
:03-03-2020 16:08:24 TimeManager: Clock sync: TimeManager.announceGenerate
:03-03-2020 16:08:24 InGameNewsMgr: latestIssue=2013-08-22 16:49:46.000003-07:00
cpu info: GenuineIntel|Intel(R) Core(TM) i7-8700K CPU @ 3.70GHz|591594|0|3.701,3.701|6,12 cpus
:03-03-2020 16:08:25 OTPClientRepository: No sync from TimeManager.
:03-03-2020 16:08:25 OTPClientRepository: gotTimeSync
:03-03-2020 16:08:25 Loader: At end of block 'localAvatarPlayGame', expected 400, loaded 18, duration=6.7226929
:03-03-2020 16:08:25 OTPClientRepository: Sending heartbeat mid-frame.
:03-03-2020 16:08:25 TimeManager: Clock sync roundtrip took 1144.109 ms
:03-03-2020 16:08:25 TimeManager: AI time delta is -0:01 from server delta
:03-03-2020 16:08:25 TimeManager: Local clock uncertainty +/- 0.572 s
:03-03-2020 16:08:25 PlayGame: QA-REGRESSION: NEIGHBORHOODS: Visit Lawbot HQ
:03-03-2020 16:08:25 Loader: starting bulk load of block 'hood'
:03-03-2020 16:08:26 LawbotCogHQLoader: loadPlaceGeom: 13000
:03-03-2020 16:08:27 DistributedObject: DistributedSuitPlanner 401002972: generating
:03-03-2020 16:08:27 DistributedToon: calling LocalAvatar.startchat
:03-03-2020 16:08:27 :loader(error): Couldn't load file phase_4/models/questmap/cog_hq_lawbot_maps.bam: not found on model path (currently: "/;/d/hollybae/Aly/Toontown-School-House/toontown/launcher;/c/Panda3D-1.11.0-x64/etc/..;/c/Panda3D-1.11.0-x64/etc/../models")
:03-03-2020 16:08:27 Loader: At end of block 'hood', expected 2, loaded 9, duration=1.8798175
:03-03-2020 16:08:29 Teleport(debug): teleportInDone: walk
:03-03-2020 16:08:29 :loader(error): Couldn't load file phase_4/models/questmap/cog_hq_lawbot_maps.bam: not found on model path (currently: "/;/d/hollybae/Aly/Toontown-School-House/toontown/launcher;/c/Panda3D-1.11.0-x64/etc/..;/c/Panda3D-1.11.0-x64/etc/../models")
:03-03-2020 16:08:30 TTOffMagicWordManager: Run mode has been toggled.
:03-03-2020 16:08:35 TTOffMagicWordManager: Run mode has been toggled.
:03-03-2020 16:08:36 TTOffMagicWordManager: Presto!
:03-03-2020 16:08:36 LawbotCogHQLoader: loadPlaceGeom: 13100
:03-03-2020 16:08:36 LawbotCogHQLoader: QA-REGRESSION: COGHQ: Visit LawbotLobby
:03-03-2020 16:08:37 LawbotHQExterior: Unloading Place (13000). Fsm in final
:03-03-2020 16:08:37 DistributedObject: DistributedSuitPlanner 401002972: disabling
:03-03-2020 16:08:37 DistributedToon: calling LocalAvatar.startchat
:03-03-2020 16:08:37 :loader(error): Couldn't load file phase_4/models/questmap/cog_hq_lawbot_maps.bam: not found on model path (currently: "/;/d/hollybae/Aly/Toontown-School-House/toontown/launcher;/c/Panda3D-1.11.0-x64/etc/..;/c/Panda3D-1.11.0-x64/etc/../models")
:03-03-2020 16:08:38 :loader(error): Couldn't load file phase_4/models/questmap/cog_hq_lawbot_maps.bam: not found on model path (currently: "/;/d/hollybae/Aly/Toontown-School-House/toontown/launcher;/c/Panda3D-1.11.0-x64/etc/..;/c/Panda3D-1.11.0-x64/etc/../models")
:03-03-2020 16:08:41 TTOffMagicWordManager: Run mode has been toggled.
:03-03-2020 16:08:45 TTOffMagicWordManager: Run mode has been toggled.
:03-03-2020 16:08:50 TTOffMagicWordManager: Gave Hollybae an infinite amount of pies
:03-03-2020 16:08:53 LawbotCogHQLoader: loadPlaceGeom: 61000
:03-03-2020 16:08:53 LawbotCogHQLoader(warning): loadPlaceGeom: unclassified zone 61000
:03-03-2020 16:08:53 CogHQLobby: Unloading Place (13100). Fsm in final
:03-03-2020 16:08:54 DistributedLawbotBoss(warning): Not a collision node: LawbotCourtroom3.egg/-PandaNode/CR3/interior/CR3_Floor
:03-03-2020 16:08:54 DistributedToon: calling LocalAvatar.startchat
:03-03-2020 16:08:54 LawbotHQBossBattle(warning): fsm.request('movie') returned 0 (zone id 61000, avatar pos LPoint3f(-0.363562, -126.204, 0.193903)).
:03-03-2020 16:09:05 TTOffMagicWordManager: Restarting Scale Round
:03-03-2020 16:09:11 LawbotHQBossBattle(warning): fsm.request('finalBattle') returned 0 (zone id 61000, avatar pos LPoint3f(-25.0739, 15.4758, 0)).
:03-03-2020 16:09:11 TTOffMagicWordManager: Restarting Scale Round
chatButtonPressed
:03-03-2020 16:09:32 TTOffMagicWordManager: Ta-da!
:03-03-2020 16:09:58 TTOffMagicWordManager: Abracadabra!
:03-03-2020 16:10:17 TTOffMagicWordManager: Ta-da!
:03-03-2020 16:10:24 :linmath(warning): Tried to invert singular LMatrix3.
:03-03-2020 16:10:30 TTOffMagicWordManager: Alakazam!
:03-03-2020 16:10:44 TTOffMagicWordManager: Abracadabra!
:03-03-2020 16:10:56 TTOffMagicWordManager: Alakazam!
:03-03-2020 16:11:10 TTOffMagicWordManager: Voila!
:03-03-2020 16:11:22 TTOffMagicWordManager: Presto!
:03-03-2020 16:11:35 TTOffMagicWordManager: Presto!
:03-03-2020 16:11:57 TTOffMagicWordManager: Presto!
:03-03-2020 16:12:08 TTOffMagicWordManager: Voila!
:03-03-2020 16:12:24 TTOffMagicWordManager: Voila!
:03-03-2020 16:12:33 TTOffMagicWordManager: Ta-da!
:03-03-2020 16:12:43 TTOffMagicWordManager: Ta-da!
:03-03-2020 16:12:55 TTOffMagicWordManager: Ta-da!
:03-03-2020 16:13:03 GarbageCollect(warning): garbage found, reverting gc threshold
:03-03-2020 16:13:07 TTOffMagicWordManager: Presto!
:03-03-2020 16:13:19 TTOffMagicWordManager: Presto!
frame rate: 226.6 fps|0.001d|13 avs||321|322||0x0000|0x0000|999.8MB|1172.8MB|16235.6MB|596|nt.2.6.2|3.701,3.701|6,12 cpus|OpenGL
:03-03-2020 16:13:31 TTOffMagicWordManager: Abracadabra!
:03-03-2020 16:13:53 TTOffMagicWordManager: Ta-da!
:03-03-2020 16:14:21 TTOffMagicWordManager: Abracadabra!
:03-03-2020 16:14:35 TTOffMagicWordManager: Alakazam!
:03-03-2020 16:14:53 TTOffMagicWordManager: Ta-da!
:03-03-2020 16:15:07 TTOffMagicWordManager: Alakazam!
:03-03-2020 16:15:21 TTOffMagicWordManager: Ta-da!
:03-03-2020 16:15:33 TTOffMagicWordManager: Ta-da!
:03-03-2020 16:15:43 TTOffMagicWordManager: Alakazam!
:03-03-2020 16:15:54 TTOffMagicWordManager: Voila!
:03-03-2020 16:16:16 TTOffMagicWordManager: Abracadabra!
:03-03-2020 16:16:27 TTOffMagicWordManager: Abracadabra!
:03-03-2020 16:16:44 TTOffMagicWordManager: Presto!
:03-03-2020 16:16:58 TTOffMagicWordManager: Voila!
:03-03-2020 16:17:09 TTOffMagicWordManager: Presto!
:03-03-2020 16:17:23 TTOffMagicWordManager: Alakazam!
:03-03-2020 16:17:35 TTOffMagicWordManager: Voila!
:03-03-2020 16:17:49 TTOffMagicWordManager: Abracadabra!
:03-03-2020 16:18:01 TTOffMagicWordManager: Alakazam!
:03-03-2020 16:18:12 TTOffMagicWordManager: Presto!
frame rate: 217.6 fps|0.001d|13 avs||621|622||0x0000|0x0000|1392.3MB|1566.0MB|16235.6MB|722|nt.2.6.2|3.701,3.701|6,12 cpus|OpenGL
:03-03-2020 16:18:24 TTOffMagicWordManager: Ta-da!
:03-03-2020 16:18:35 TTOffMagicWordManager: Presto!
:03-03-2020 16:18:51 TTOffMagicWordManager: Voila!
:03-03-2020 16:19:04 TTOffMagicWordManager: Voila!
:03-03-2020 16:19:13 TTOffMagicWordManager: Voila!
:03-03-2020 16:19:26 TTOffMagicWordManager: Abracadabra!
:03-03-2020 16:19:39 TTOffMagicWordManager: Voila!
:03-03-2020 16:19:48 TTOffMagicWordManager: Abracadabra!
:03-03-2020 16:19:58 TTOffMagicWordManager: Alakazam!
:03-03-2020 16:20:10 TTOffMagicWordManager: Abracadabra!
:03-03-2020 16:20:45 TTOffMagicWordManager: Presto!
:03-03-2020 16:20:55 TTOffMagicWordManager: Presto!
:03-03-2020 16:21:12 TTOffMagicWordManager: Presto!
:03-03-2020 16:21:47 TTOffMagicWordManager: Voila!
:03-03-2020 16:21:59 TTOffMagicWordManager: Alakazam!
:03-03-2020 16:22:14 TTOffMagicWordManager: Alakazam!
:03-03-2020 16:22:27 TTOffMagicWordManager: Alakazam!
:03-03-2020 16:22:44 TTOffMagicWordManager: Voila!
:03-03-2020 16:22:56 TTOffMagicWordManager: Abracadabra!
:03-03-2020 16:23:17 TTOffMagicWordManager: Abracadabra!
frame rate: 232.3 fps|0.001d|13 avs||921|922||0x0000|0x0000|1793.3MB|1968.2MB|16235.6MB|850|nt.2.6.2|3.701,3.701|6,12 cpus|OpenGL
:03-03-2020 16:23:28 TTOffMagicWordManager: Abracadabra!
:03-03-2020 16:23:41 TTOffMagicWordManager: Alakazam!
:03-03-2020 16:24:07 TTOffMagicWordManager: Presto!
:03-03-2020 16:24:31 TTOffMagicWordManager: Alakazam!
:03-03-2020 16:24:39 TTOffMagicWordManager: Voila!
:03-03-2020 16:25:09 TTOffMagicWordManager: Abracadabra!
:03-03-2020 16:25:19 TTOffMagicWordManager: Ta-da!
:03-03-2020 16:25:34 TTOffMagicWordManager: Presto!
:03-03-2020 16:25:45 TTOffMagicWordManager: Ta-da!
:03-03-2020 16:26:13 TTOffMagicWordManager: Alakazam!
:03-03-2020 16:26:37 TTOffMagicWordManager: Abracadabra!
:03-03-2020 16:27:07 TTOffMagicWordManager: Abracadabra!
:03-03-2020 16:27:28 TTOffMagicWordManager: Abracadabra!
:03-03-2020 16:27:38 TTOffMagicWordManager: Abracadabra!
:03-03-2020 16:27:46 OTPClientRepository: Sending heartbeat mid-frame.
:03-03-2020 16:27:47 TTOffMagicWordManager: Presto!
frame rate: 290.7 fps|0.000d|13 avs||1221|1222||0x0000|0x0000|2171.9MB|2347.5MB|16235.6MB|984|nt.2.6.2|3.701,3.701|6,12 cpus|OpenGL
:03-03-2020 16:29:13 TTOffMagicWordManager: Presto!
:03-03-2020 16:29:34 TTOffMagicWordManager: Alakazam!
:03-03-2020 16:29:44 TTOffMagicWordManager: Abracadabra!
:03-03-2020 16:30:30 TTOffMagicWordManager: Voila!
:03-03-2020 16:30:46 TTOffMagicWordManager: Ta-da!
:03-03-2020 16:30:59 TTOffMagicWordManager: Presto!
:03-03-2020 16:31:09 TTOffMagicWordManager: Abracadabra!
:03-03-2020 16:31:18 TTOffMagicWordManager: Presto!
:03-03-2020 16:31:37 TTOffMagicWordManager: Presto!
:03-03-2020 16:32:04 TTOffMagicWordManager: Voila!
:03-03-2020 16:32:13 TTOffMagicWordManager: Alakazam!
:03-03-2020 16:32:52 TTOffMagicWordManager: Presto!
frame rate: 245.1 fps|0.001d|13 avs||1521|1522||0x0000|0x0000|2575.2MB|2751.4MB|16235.6MB|1113|nt.2.6.2|3.701,3.701|6,12 cpus|OpenGL
:03-03-2020 16:33:40 TTOffMagicWordManager: Hollybae's laff has been set to 127.
:03-03-2020 16:33:43 TTOffMagicWordManager: Ta-da!
:03-03-2020 16:33:52 TTOffMagicWordManager: Ta-da!
:03-03-2020 16:34:07 TTOffMagicWordManager: Abracadabra!
:03-03-2020 16:34:17 TTOffMagicWordManager: Voila!
:03-03-2020 16:34:29 TTOffMagicWordManager: Abracadabra!
:03-03-2020 16:34:45 TTOffMagicWordManager: Ta-da!
:03-03-2020 16:34:56 TTOffMagicWordManager: Presto!
:03-03-2020 16:35:09 TTOffMagicWordManager: Abracadabra!
:03-03-2020 16:35:19 TTOffMagicWordManager: Ta-da!
adding timeout task
adding timeout task
