

Starting Toontown Online...
Current time: Thu Sep 24 11:48:39 2020 Eastern Standard Time
sys.path =  ['', 'C:\\Panda3D-1.11.0-x64\\python\\python27.zip', 'C:\\Panda3D-1.11.0-x64', 'C:\\Panda3D-1.11.0-x64\\python\\DLLs', 'C:\\Panda3D-1.11.0-x64\\python\\lib', 'C:\\Panda3D-1.11.0-x64\\python\\lib\\plat-win', 'C:\\Panda3D-1.11.0-x64\\python\\lib\\lib-tk', 'C:\\Panda3D-1.11.0-x64\\python', 'C:\\Panda3D-1.11.0-x64\\bin', 'C:\\Panda3D-1.11.0-x64\\python\\lib\\site-packages']
sys.argv =  ['D:\\hollybae\\Aly\\Toontown-School-House\\toontown\\launcher\\TTOffQuickStartLauncher.py']
generating standard configrc
os.environ =  {'TMP': 'C:\\Users\\holla\\AppData\\Local\\Temp', 'ONEDRIVECONSUMER': 'C:\\Users\\holla\\OneDrive', 'COMPUTERNAME': 'HOLLYBAES-PC', 'USERDOMAIN': 'HOLLYBAES-PC', 'INTEL_DEV_REDIST': 'C:\\Program Files (x86)\\Common Files\\Intel\\Shared Libraries\\', 'PSMODULEPATH': 'C:\\Program Files\\WindowsPowerShell\\Modules;C:\\WINDOWS\\system32\\WindowsPowerShell\\v1.0\\Modules', 'COMMONPROGRAMFILES': 'C:\\Program Files\\Common Files', 'PROCESSOR_IDENTIFIER': 'Intel64 Family 6 Model 158 Stepping 10, GenuineIntel', 'PROGRAMFILES': 'C:\\Program Files', 'PROCESSOR_REVISION': '9e0a', 'PATH': 'C:\\Panda3D-1.11.0-x64\\panda3d\\..\\bin;C:\\Program Files (x86)\\Razer\\ChromaBroadcast\\bin;C:\\Program Files\\Razer\\ChromaBroadcast\\bin;C:\\Program Files (x86)\\Common Files\\Intel\\Shared Libraries\\redist\\intel64\\compiler;C:\\Program Files (x86)\\Common Files\\Oracle\\Java\\javapath;C:\\WINDOWS\\system32;C:\\WINDOWS;C:\\WINDOWS\\System32\\Wbem;C:\\WINDOWS\\System32\\WindowsPowerShell\\v1.0\\;C:\\WINDOWS\\System32\\OpenSSH\\;C:\\Program Files (x86)\\NVIDIA Corporation\\PhysX\\Common;C:\\Program Files\\NVIDIA Corporation\\NVIDIA NvDLISR;C:\\WINDOWS\\system32\\config\\systemprofile\\AppData\\Local\\Microsoft\\WindowsApps;C:\\Users\\holla\\AppData\\Local\\Microsoft\\WindowsApps;C:\\Panda3D-1.11.0-x64\\python;C:\\Panda3D-1.11.0-x64\\python\\Scripts;C:\\Panda3D-1.11.0-x64\\bin', 'SYSTEMROOT': 'C:\\WINDOWS', 'MIC_LD_LIBRARY_PATH': 'C:\\Program Files (x86)\\Common Files\\Intel\\Shared Libraries\\compiler\\lib\\mic', 'COMSPEC': 'C:\\WINDOWS\\system32\\cmd.exe', 'DRIVERDATA': 'C:\\Windows\\System32\\Drivers\\DriverData', 'PPYTHON_PATH': '"C:\\Panda3D-1.11.0-x64\\python\\ppython.exe"', 'TEMP': 'C:\\Users\\holla\\AppData\\Local\\Temp', 'COMMONPROGRAMFILES(X86)': 'C:\\Program Files (x86)\\Common Files', 'PROCESSOR_ARCHITECTURE': 'AMD64', 'PROGRAMFILES(X86)': 'C:\\Program Files (x86)', 'ALLUSERSPROFILE': 'C:\\ProgramData', 'LOCALAPPDATA': 'C:\\Users\\holla\\AppData\\Local', 'FPS_BROWSER_USER_PROFILE_STRING': 'Default', 'HOMEPATH': '\\Users\\holla', 'USERDOMAIN_ROAMINGPROFILE': 'HOLLYBAES-PC', 'PROGRAMW6432': 'C:\\Program Files', 'USERNAME': 'holla', 'LOGONSERVER': '\\\\HOLLYBAES-PC', 'PROMPT': '$P$G', 'SESSIONNAME': 'Console', 'PROGRAMDATA': 'C:\\ProgramData', 'ONEDRIVE': 'C:\\Users\\holla\\OneDrive', 'FPS_BROWSER_APP_PROFILE_STRING': 'Internet Explorer', 'PATHEXT': '.COM;.EXE;.BAT;.CMD;.VBS;.VBE;.JS;.JSE;.WSF;.WSH;.MSC', 'TTOFF_LOGIN_TOKEN': 'dev', 'WINDIR': 'C:\\WINDOWS', 'APPDATA': 'C:\\Users\\holla\\AppData\\Roaming', 'HOMEDRIVE': 'C:', 'SYSTEMDRIVE': 'C:', 'NUMBER_OF_PROCESSORS': '12', 'PROCESSOR_LEVEL': '6', 'COMMONPROGRAMW6432': 'C:\\Program Files\\Common Files', 'OS': 'Windows_NT', 'PUBLIC': 'C:\\Users\\Public', 'USERPROFILE': 'C:\\Users\\holla'}
:09-24-2020 11:48:39 TTOffLauncher: isTestServer: 0
:09-24-2020 11:48:39 TTOffLauncher: Game Server 127.0.0.1
:09-24-2020 11:48:39 TTOffLauncher: Starting Toontown Online... 
:09-24-2020 11:48:39 TTOffLauncher: foreground: Launcher now operating in foreground
useTTOffSpecificLogin=True
:09-24-2020 11:48:39 TTOffLauncher: maybeStartGame: starting game
:09-24-2020 11:48:39 TTOffLauncher: Starting Toontown Online...
:09-24-2020 11:48:39 TTOffLauncher: background: Launcher now operating in background
ToontownStart: Polling for game2 to finish...
ToontownStart: Game2 is finished.
ToontownStart: Starting the game.
ToontownStart: setting default font
:09-24-2020 11:48:39 TTOffLauncher: setting panda error code to 7
Known pipe types:
  wglGraphicsPipe
(all display modules loaded.)
:09-24-2020 11:48:40 ToonBase: Default graphics pipe is wglGraphicsPipe (OpenGL).
:09-24-2020 11:48:40 ToonBase: Successfully opened window of type wglGraphicsWindow (OpenGL)
:09-24-2020 11:48:40 ShowBase: __dev__ == False
:09-24-2020 11:48:40 TTOffLauncher: setting panda error code to 11
:09-24-2020 11:48:41 TTOffLauncher: setting panda error code to 0
ToontownStart: Loading default gui sounds
ToontownStart: serverVersion:  tto-dev
:09-24-2020 11:48:41 Loader: starting bulk load of block 'init'
:09-24-2020 11:48:48 :nativenet(error): Buffered_DatagramConnection Constructor rbufsize = 4096000 wbufsize = 4096000 write_flush_point = 1400
:09-24-2020 11:48:48 OTPClientRepository: Using connect method 'http'
:09-24-2020 11:48:54 TTOffLauncher: getRegistry ('DEPLOYMENT', None)
:09-24-2020 11:48:54 TTOffLauncher: checking env
:09-24-2020 11:48:54 TTOffLauncher: getRegistry ('GAME_DEPLOYMENT', None)
:09-24-2020 11:48:54 TTOffLauncher: checking env
:09-24-2020 11:48:54 OTPClientRepository: reg_deployment=
:09-24-2020 11:48:54 OTPClientRepository: required-login auto.
:09-24-2020 11:48:54 OTPClientRepository: loginInterface: LoginTTOffAccount
:09-24-2020 11:48:54 TTOffLauncher: getNeedPwForSecretKey using ttoff-specific-login
:09-24-2020 11:48:54 Loader: At end of block 'init', expected 138, loaded 13, duration=13.3643435
:09-24-2020 11:48:54 OTPClientRepository: Connecting to gameserver directly (no proxy).
:09-24-2020 11:48:54 OTPClientRepository: Connecting to //127.0.0.1:7198 via HTTP interface.
:09-24-2020 11:48:54 TTOffLauncher: Stopping mini task manager.
:09-24-2020 11:48:54 OTPClientRepository: Successfully connected to //127.0.0.1:7198.
:09-24-2020 11:48:54 TTOffLauncher: Setting Disconnect Details normal
{401000001: <toontown.distributed.ToontownDistrict.ToontownDistrict instance at 0x000000001C228748>}
:09-24-2020 11:48:55 StateData: AvatarChooser.enter
:09-24-2020 11:48:55 DisplayOptions: settingsFullScreen = False, embedded = False width=800 height=600
:09-24-2020 11:48:55 StateData: calling self.displayOptions.restrictToEmbedded(False)
:09-24-2020 11:48:58 OTPClientRepository: ================
:09-24-2020 11:48:58 OTPClientRepository: Chose avatar id: 100000014
:09-24-2020 11:48:58 OTPClientRepository: Chose avatar name: Holland
:09-24-2020 11:48:58 OTPClientRepository: Chose avatar dna: ('css', 'ms', 'm', 'm', 16, 0, 16, 16, 113, 27, 99, 27, 7, 21)
:09-24-2020 11:48:58 OTPClientRepository: Chose avatar position: 5
:09-24-2020 11:48:58 OTPClientRepository: isPaid: 1
:09-24-2020 11:48:58 OTPClientRepository: freeTimeLeft: 0
:09-24-2020 11:48:58 OTPClientRepository: allowSecretChat: True
:09-24-2020 11:48:58 OTPClientRepository: ================
:09-24-2020 11:48:58 Loader: starting bulk load of block 'localAvatarPlayGame'
:09-24-2020 11:48:59 ToontownTimeManager(warning): error parsing date string=
local
:09-24-2020 11:49:00 NewsPageButtonManager(warning): Should not get here. NewsPageButtonManager.exitOff
:09-24-2020 11:49:00 :pnmimage:png(warning): iCCP: known incorrect sRGB profile
:09-24-2020 11:49:03 OTPClientRepository: Entering shard 401000001
:09-24-2020 11:49:03 StreetSign: Street sign url is https://ttoffline.com/images/
:09-24-2020 11:49:04 StreetSign: Street Sign is up to date
:09-24-2020 11:49:04 TimeManager: Clock sync: TimeManager.announceGenerate
:09-24-2020 11:49:04 InGameNewsMgr: latestIssue=2013-08-22 16:49:46.000003-07:00
cpu info: GenuineIntel|Intel(R) Core(TM) i7-8700K CPU @ 3.70GHz|591594|0|3.696,3.696|6,12 cpus
:09-24-2020 11:49:06 OTPClientRepository: No sync from TimeManager.
:09-24-2020 11:49:06 OTPClientRepository: gotTimeSync
:09-24-2020 11:49:06 Loader: At end of block 'localAvatarPlayGame', expected 400, loaded 22, duration=7.7725917
:09-24-2020 11:49:06 OTPClientRepository: Sending heartbeat mid-frame.
:09-24-2020 11:49:06 TimeManager: Clock sync roundtrip took 2059.931 ms
:09-24-2020 11:49:06 TimeManager: AI time delta is -0:02 from server delta
:09-24-2020 11:49:06 TimeManager: Local clock uncertainty +/- 1.030 s
:09-24-2020 11:49:06 TimeManager: Uncertainty is too high, trying again.
:09-24-2020 11:49:06 PlayGame: QA-REGRESSION: NEIGHBORHOODS: Visit Lawbot HQ
:09-24-2020 11:49:06 Loader: starting bulk load of block 'hood'
:09-24-2020 11:49:09 LawbotCogHQLoader: loadPlaceGeom: 13000
:09-24-2020 11:49:09 TimeManager: Clock sync roundtrip took 3224.144 ms
:09-24-2020 11:49:09 TimeManager: AI time delta is -0:03 from server delta
:09-24-2020 11:49:09 ClockDelta: previous delta at 0.381 s, +/- 1.031 s.
:09-24-2020 11:49:09 ClockDelta: new delta at 0.955 s, +/- 1.612 s.
:09-24-2020 11:49:09 ClockDelta: intersection at 0.381 s, +/- 1.031 s.
:09-24-2020 11:49:09 TimeManager: Local clock uncertainty +/- 1.032 s
:09-24-2020 11:49:09 TimeManager: Uncertainty is too high, trying again.
:09-24-2020 11:49:09 DistributedObject: DistributedSuitPlanner 401002972: generating
:09-24-2020 11:49:09 DistributedToon: calling LocalAvatar.startchat
:09-24-2020 11:49:10 :loader(error): Couldn't load file phase_4/models/questmap/cog_hq_lawbot_maps.bam: not found on model path (currently: "/;/d/hollybae/Aly/Toontown-School-House/toontown/launcher;/c/Panda3D-1.11.0-x64/etc/..;/c/Panda3D-1.11.0-x64/etc/../models")
:09-24-2020 11:49:10 Loader: At end of block 'hood', expected 2, loaded 16, duration=3.4084666
:09-24-2020 11:49:10 TimeManager: Clock sync roundtrip took 182.160 ms
:09-24-2020 11:49:10 TimeManager: AI time delta is -0:01 from server delta
:09-24-2020 11:49:10 ClockDelta: previous delta at 0.381 s, +/- 1.032 s.
:09-24-2020 11:49:10 ClockDelta: new delta at -0.538 s, +/- 0.091 s.
:09-24-2020 11:49:10 ClockDelta: intersection at -0.538 s, +/- 0.091 s.
:09-24-2020 11:49:10 TimeManager: Local clock uncertainty +/- 0.091 s
:09-24-2020 11:49:11 Teleport(debug): teleportInDone: walk
:09-24-2020 11:49:11 :loader(error): Couldn't load file phase_4/models/questmap/cog_hq_lawbot_maps.bam: not found on model path (currently: "/;/d/hollybae/Aly/Toontown-School-House/toontown/launcher;/c/Panda3D-1.11.0-x64/etc/..;/c/Panda3D-1.11.0-x64/etc/../models")
:09-24-2020 11:49:15 TTOffMagicWordManager: God mode enabled for Holland!
local
:09-24-2020 11:49:22 LawbotCogHQLoader: loadPlaceGeom: 13100
:09-24-2020 11:49:22 LawbotCogHQLoader: QA-REGRESSION: COGHQ: Visit LawbotLobby
:09-24-2020 11:49:22 LawbotHQExterior: Unloading Place (13000). Fsm in final
:09-24-2020 11:49:22 DistributedObject: DistributedSuitPlanner 401002972: disabling
:09-24-2020 11:49:22 DistributedToon: calling LocalAvatar.startchat
:09-24-2020 11:49:22 :loader(error): Couldn't load file phase_4/models/questmap/cog_hq_lawbot_maps.bam: not found on model path (currently: "/;/d/hollybae/Aly/Toontown-School-House/toontown/launcher;/c/Panda3D-1.11.0-x64/etc/..;/c/Panda3D-1.11.0-x64/etc/../models")
:09-24-2020 11:49:23 :loader(error): Couldn't load file phase_4/models/questmap/cog_hq_lawbot_maps.bam: not found on model path (currently: "/;/d/hollybae/Aly/Toontown-School-House/toontown/launcher;/c/Panda3D-1.11.0-x64/etc/..;/c/Panda3D-1.11.0-x64/etc/../models")
:09-24-2020 11:49:36 LawbotCogHQLoader: loadPlaceGeom: 61000
:09-24-2020 11:49:36 LawbotCogHQLoader(warning): loadPlaceGeom: unclassified zone 61000
:09-24-2020 11:49:36 CogHQLobby: Unloading Place (13100). Fsm in final
:09-24-2020 11:49:36 DistributedLawbotBoss(warning): Not a collision node: LawbotCourtroom3.egg/-PandaNode/CR3/interior/CR3_Floor
:09-24-2020 11:49:37 DistributedToon: calling LocalAvatar.startchat
:09-24-2020 11:49:37 OTPClientRepository: Sending heartbeat mid-frame.
:09-24-2020 11:49:37 LawbotHQBossBattle(warning): fsm.request('movie') returned 0 (zone id 61000, avatar pos LPoint3f(-0.363562, -126.204, 0.193903)).
:09-24-2020 11:49:50 TTOffMagicWordManager: Ta-da!
:09-24-2020 11:49:51 LawbotHQBossBattle(warning): fsm.request('movie') returned 0 (zone id 61000, avatar pos LPoint3f(-0.363562, -126.204, 0.193903)).
:09-24-2020 11:49:53 Actor(warning): called actor.removeNode() on actor without calling cleanup()
:09-24-2020 11:49:53 Actor(warning): called actor.removeNode() on actor without calling cleanup()
:09-24-2020 11:49:53 Actor(warning): called actor.removeNode() on actor without calling cleanup()
:09-24-2020 11:49:53 Actor(warning): called actor.removeNode() on actor without calling cleanup()
:09-24-2020 11:49:53 Actor(warning): called actor.removeNode() on actor without calling cleanup()
:09-24-2020 11:49:53 Actor(warning): called actor.removeNode() on actor without calling cleanup()
:09-24-2020 11:49:53 Actor(warning): called actor.removeNode() on actor without calling cleanup()
:09-24-2020 11:49:53 Actor(warning): called actor.removeNode() on actor without calling cleanup()
:09-24-2020 11:49:53 Actor(warning): called actor.removeNode() on actor without calling cleanup()
:09-24-2020 11:49:53 Actor(warning): called actor.removeNode() on actor without calling cleanup()
:09-24-2020 11:49:53 Actor(warning): called actor.removeNode() on actor without calling cleanup()
:09-24-2020 11:49:53 Actor(warning): called actor.removeNode() on actor without calling cleanup()
:09-24-2020 11:49:53 TTOffMagicWordManager: Restarting Scale Round
:09-24-2020 11:50:01 TTOffMagicWordManager: Run mode has been toggled.
:09-24-2020 11:50:07 TTOffMagicWordManager: Gave Holland an infinite amount of pies
:09-24-2020 11:50:08 TTOffMagicWordManager: Voila!
adding timeout task
adding timeout task
:09-24-2020 11:53:06 LawbotHQBossBattle(warning): fsm.request('finalBattle') returned 0 (zone id 61000, avatar pos LPoint3f(-25.3287, 27.6692, 0)).
:09-24-2020 11:53:06 TTOffMagicWordManager: Restarting Scale Round
:09-24-2020 11:53:17 LawbotHQBossBattle(warning): fsm.request('finalBattle') returned 0 (zone id 61000, avatar pos LPoint3f(-34.5645, 22.4675, -0.000306247)).
:09-24-2020 11:53:17 TTOffMagicWordManager: Restarting Scale Round
:09-24-2020 11:53:25 :linmath(warning): Tried to invert singular LMatrix3.
:09-24-2020 11:53:28 TTOffMagicWordManager: Holland's laff has been set to 5.
:09-24-2020 11:53:40 TTOffMagicWordManager: LPoint3f(-53.6511, 24.5875, 0)
:09-24-2020 11:53:42 GarbageCollect(warning): garbage found, reverting gc threshold
frame rate: 196.8 fps|0.002d|13 avs||322|324||0x0000|0x0000|646.7MB|783.5MB|32619.6MB|451|nt.2.6.2|3.696,3.696|6,12 cpus|OpenGL
:09-24-2020 11:55:00 TTOffMagicWordManager: Presto!
:09-24-2020 11:55:02 TTOffMagicWordManager: Ta-da!
:09-24-2020 11:55:32 TTOffMagicWordManager: Voila!
:09-24-2020 11:55:39 TTOffMagicWordManager: Ta-da!
:09-24-2020 11:55:52 TTOffMagicWordManager: Abracadabra!
:09-24-2020 11:57:02 TTOffMagicWordManager: Presto!
:09-24-2020 11:57:26 TTOffMagicWordManager: Presto!
:09-24-2020 11:57:53 TTOffMagicWordManager: Ta-da!
:09-24-2020 11:58:00 TTOffMagicWordManager: Voila!
:09-24-2020 11:58:11 TTOffMagicWordManager: Presto!
:09-24-2020 11:58:27 TTOffMagicWordManager: Alakazam!
:09-24-2020 11:58:39 TTOffMagicWordManager: Alakazam!
:09-24-2020 11:58:51 TTOffMagicWordManager: Presto!
frame rate: 165.3 fps|0.001d|13 avs||622|624||0x0000|0x0000|674.1MB|810.9MB|32619.6MB|484|nt.2.6.2|3.696,3.696|6,12 cpus|OpenGL
:09-24-2020 11:59:21 TTOffMagicWordManager: Alakazam!
:09-24-2020 11:59:40 TTOffMagicWordManager: Presto!
:09-24-2020 11:59:52 TTOffMagicWordManager: Abracadabra!
:09-24-2020 12:00:03 TTOffMagicWordManager: Ta-da!
:09-24-2020 12:00:13 TTOffMagicWordManager: Presto!
:09-24-2020 12:00:33 TTOffMagicWordManager: Voila!
:09-24-2020 12:00:54 TTOffMagicWordManager: Presto!
:09-24-2020 12:01:11 TTOffMagicWordManager: Ta-da!
:09-24-2020 12:01:24 TTOffMagicWordManager: Voila!
:09-24-2020 12:01:43 TTOffMagicWordManager: Presto!
:09-24-2020 12:01:51 TTOffMagicWordManager: Abracadabra!
:09-24-2020 12:02:09 TTOffMagicWordManager: Presto!
:09-24-2020 12:02:25 TTOffMagicWordManager: Ta-da!
:09-24-2020 12:02:30 TTOffMagicWordManager: Ta-da!
:09-24-2020 12:02:38 TTOffMagicWordManager: Voila!
:09-24-2020 12:02:50 TTOffMagicWordManager: Presto!
:09-24-2020 12:03:49 :downloader(warning): Windows error code: 10054
:09-24-2020 12:03:49 OTPClientRepository(warning): Lost connection to gameserver.
:09-24-2020 12:03:50 :distributed(warning): Unable to send datagram after connection is closed.
:09-24-2020 12:03:50 LawbotHQBossBattle: Unloading Place (61000). Fsm in final
:09-24-2020 12:03:50 OTPClientRepository(warning): unclean exit, abandoning shard
ignoring InputState-forward
:09-24-2020 12:03:50 OTPClientRepository: sending clientLogout
:09-24-2020 12:03:50 LocalAvatar(warning): redundant call to stopUpdateSmartCamera
:09-24-2020 12:03:50 TTOffLauncher: New Disconnect Details: None - Your internet connection to the servers has been unexpectedly broken. 
:09-24-2020 12:03:50 OTPClientRepository(warning): Lost connection to server. Notifying user.
