

Starting Toontown Online...
Current time: Fri Jan 24 00:14:18 2020 Eastern Standard Time
sys.path =  ['', 'C:\\Panda3D-1.11.0-x64\\python\\python27.zip', 'C:\\Panda3D-1.11.0-x64', 'C:\\Panda3D-1.11.0-x64\\python\\DLLs', 'C:\\Panda3D-1.11.0-x64\\python\\lib', 'C:\\Panda3D-1.11.0-x64\\python\\lib\\plat-win', 'C:\\Panda3D-1.11.0-x64\\python\\lib\\lib-tk', 'C:\\Panda3D-1.11.0-x64\\python', 'C:\\Panda3D-1.11.0-x64\\bin', 'C:\\Panda3D-1.11.0-x64\\python\\lib\\site-packages']
sys.argv =  ['D:\\hollybae\\Aly\\Toontown-School-House\\toontown\\launcher\\TTOffQuickStartLauncher.py']
generating standard configrc
os.environ =  {'TMP': 'C:\\Users\\holla\\AppData\\Local\\Temp', 'COMPUTERNAME': 'HOLLYBAES-PC', 'USERDOMAIN': 'HOLLYBAES-PC', 'INTEL_DEV_REDIST': 'C:\\Program Files (x86)\\Common Files\\Intel\\Shared Libraries\\', 'PSMODULEPATH': 'C:\\Program Files\\WindowsPowerShell\\Modules;C:\\WINDOWS\\system32\\WindowsPowerShell\\v1.0\\Modules', 'COMMONPROGRAMFILES': 'C:\\Program Files\\Common Files', 'PROCESSOR_IDENTIFIER': 'Intel64 Family 6 Model 158 Stepping 10, GenuineIntel', 'VBOX_MSI_INSTALL_PATH': 'C:\\Program Files\\Oracle\\VirtualBox\\', 'PROGRAMFILES': 'C:\\Program Files', 'PROCESSOR_REVISION': '9e0a', 'PATH': 'C:\\Panda3D-1.11.0-x64\\panda3d\\..\\bin;C:\\Program Files (x86)\\Razer\\ChromaBroadcast\\bin;C:\\Program Files\\Razer\\ChromaBroadcast\\bin;C:\\Program Files (x86)\\Common Files\\Intel\\Shared Libraries\\redist\\intel64_win\\compiler;C:\\Program Files (x86)\\Common Files\\Oracle\\Java\\javapath;C:\\Program Files (x86)\\Common Files\\Intel\\Shared Libraries\\redist\\intel64\\compiler;C:\\WINDOWS\\system32;C:\\WINDOWS;C:\\WINDOWS\\System32\\Wbem;C:\\WINDOWS\\System32\\WindowsPowerShell\\v1.0\\;C:\\WINDOWS\\System32\\OpenSSH\\;C:\\Program Files\\NVIDIA Corporation\\NVIDIA NGX;C:\\Program Files (x86)\\NVIDIA Corporation\\PhysX\\Common;C:\\Program Files\\NVIDIA Corporation\\NVIDIA NvDLISR;C:\\WINDOWS\\system32;C:\\WINDOWS;C:\\WINDOWS\\System32\\Wbem;C:\\WINDOWS\\System32\\WindowsPowerShell\\v1.0\\;C:\\WINDOWS\\System32\\OpenSSH\\;D:\\hollybae\\ffmpeg-4.1.3-win64-static\\ffmpeg-4.1.3-win64-static\\bin;C:\\Program Files\\dotnet\\;C:\\WINDOWS\\system32\\config\\systemprofile\\AppData\\Local\\Microsoft\\WindowsApps;C:\\Program Files (x86)\\QuickTime\\QTSystem\\;C:\\Users\\holla\\AppData\\Local\\Microsoft\\WindowsApps;C:\\Panda3D-1.10.4.1-x64\\python;C:\\Panda3D-1.10.4.1-x64\\python\\Scripts;C:\\Panda3D-1.10.4.1-x64\\bin;C:\\Panda3D-1.11.0-x64\\python;C:\\Panda3D-1.11.0-x64\\python\\Scripts;C:\\Panda3D-1.11.0-x64\\bin', 'SYSTEMROOT': 'C:\\WINDOWS', 'MIC_LD_LIBRARY_PATH': 'C:\\Program Files (x86)\\Common Files\\Intel\\Shared Libraries\\compiler\\lib\\intel64_win_mic', 'COMSPEC': 'C:\\WINDOWS\\system32\\cmd.exe', 'DRIVERDATA': 'C:\\Windows\\System32\\Drivers\\DriverData', 'PPYTHON_PATH': '"C:\\Panda3D-1.11.0-x64\\python\\ppython.exe"', 'TEMP': 'C:\\Users\\holla\\AppData\\Local\\Temp', 'COMMONPROGRAMFILES(X86)': 'C:\\Program Files (x86)\\Common Files', 'PROCESSOR_ARCHITECTURE': 'AMD64', 'PROGRAMFILES(X86)': 'C:\\Program Files (x86)', 'ALLUSERSPROFILE': 'C:\\ProgramData', 'LOCALAPPDATA': 'C:\\Users\\holla\\AppData\\Local', 'FPS_BROWSER_USER_PROFILE_STRING': 'Default', 'HOMEPATH': '\\Users\\holla', 'USERDOMAIN_ROAMINGPROFILE': 'HOLLYBAES-PC', 'PROGRAMW6432': 'C:\\Program Files', 'USERNAME': 'holla', 'LOGONSERVER': '\\\\HOLLYBAES-PC', 'PROMPT': '$P$G', 'SESSIONNAME': 'Console', 'PROGRAMDATA': 'C:\\ProgramData', 'ONEDRIVE': 'C:\\Users\\holla\\OneDrive', 'FPS_BROWSER_APP_PROFILE_STRING': 'Internet Explorer', 'PATHEXT': '.COM;.EXE;.BAT;.CMD;.VBS;.VBE;.JS;.JSE;.WSF;.WSH;.MSC', 'TTOFF_LOGIN_TOKEN': 'dev', 'WINDIR': 'C:\\WINDOWS', 'APPDATA': 'C:\\Users\\holla\\AppData\\Roaming', 'HOMEDRIVE': 'C:', 'SYSTEMDRIVE': 'C:', 'NUMBER_OF_PROCESSORS': '12', 'PROCESSOR_LEVEL': '6', 'RG_GPU_FRAMEWORK_ENGINE_RESOURCEDIR': 'C:\\Program Files\\Red Giant\\RGFX', 'COMMONPROGRAMW6432': 'C:\\Program Files\\Common Files', 'OS': 'Windows_NT', 'PUBLIC': 'C:\\Users\\Public', 'USERPROFILE': 'C:\\Users\\holla'}
:01-24-2020 00:14:18 TTOffLauncher: isTestServer: 0
:01-24-2020 00:14:18 TTOffLauncher: Game Server 127.0.0.1
:01-24-2020 00:14:18 TTOffLauncher: Starting Toontown Online... 
:01-24-2020 00:14:18 TTOffLauncher: foreground: Launcher now operating in foreground
useTTOffSpecificLogin=True
:01-24-2020 00:14:18 TTOffLauncher: maybeStartGame: starting game
:01-24-2020 00:14:18 TTOffLauncher: Starting Toontown Online...
:01-24-2020 00:14:18 TTOffLauncher: background: Launcher now operating in background
ToontownStart: Polling for game2 to finish...
ToontownStart: Game2 is finished.
ToontownStart: Starting the game.
ToontownStart: setting default font
:01-24-2020 00:14:19 TTOffLauncher: setting panda error code to 7
Known pipe types:
  wglGraphicsPipe
(all display modules loaded.)
:01-24-2020 00:14:19 ToonBase: Default graphics pipe is wglGraphicsPipe (OpenGL).
:01-24-2020 00:14:20 ToonBase: Successfully opened window of type wglGraphicsWindow (OpenGL)
:01-24-2020 00:14:20 ShowBase: __dev__ == False
:01-24-2020 00:14:20 TTOffLauncher: setting panda error code to 11
:01-24-2020 00:14:20 TTOffLauncher: setting panda error code to 0
ToontownStart: Loading default gui sounds
ToontownStart: serverVersion:  tto-dev
:01-24-2020 00:14:20 Loader: starting bulk load of block 'init'
:01-24-2020 00:14:30 :nativenet(error): Buffered_DatagramConnection Constructor rbufsize = 4096000 wbufsize = 4096000 write_flush_point = 1400
:01-24-2020 00:14:30 OTPClientRepository: Using connect method 'http'
:01-24-2020 00:14:36 TTOffLauncher: getRegistry ('DEPLOYMENT', None)
:01-24-2020 00:14:36 TTOffLauncher: checking env
:01-24-2020 00:14:36 TTOffLauncher: getRegistry ('GAME_DEPLOYMENT', None)
:01-24-2020 00:14:36 TTOffLauncher: checking env
:01-24-2020 00:14:36 OTPClientRepository: reg_deployment=
:01-24-2020 00:14:36 OTPClientRepository: required-login auto.
:01-24-2020 00:14:36 OTPClientRepository: loginInterface: LoginTTOffAccount
:01-24-2020 00:14:36 TTOffLauncher: getNeedPwForSecretKey using ttoff-specific-login
:01-24-2020 00:14:36 Loader: At end of block 'init', expected 138, loaded 15, duration=16.0603026
:01-24-2020 00:14:36 OTPClientRepository: Connecting to gameserver directly (no proxy).
:01-24-2020 00:14:36 OTPClientRepository: Connecting to //127.0.0.1:7198 via HTTP interface.
:01-24-2020 00:14:36 TTOffLauncher: Stopping mini task manager.
:01-24-2020 00:14:36 OTPClientRepository: Successfully connected to //127.0.0.1:7198.
:01-24-2020 00:14:36 TTOffLauncher: Setting Disconnect Details normal
{401000001: <toontown.distributed.ToontownDistrict.ToontownDistrict instance at 0x000000001D27E788>}
:01-24-2020 00:14:37 StateData: AvatarChooser.enter
:01-24-2020 00:14:37 DisplayOptions: settingsFullScreen = False, embedded = False width=800 height=600
:01-24-2020 00:14:37 StateData: calling self.displayOptions.restrictToEmbedded(False)
:01-24-2020 00:14:41 OTPClientRepository: ================
:01-24-2020 00:14:41 OTPClientRepository: Chose avatar id: 100000014
:01-24-2020 00:14:41 OTPClientRepository: Chose avatar name: Hollybae
:01-24-2020 00:14:41 OTPClientRepository: Chose avatar dna: ('css', 'ms', 'm', 'm', 16, 0, 16, 16, 113, 27, 18, 27, 7, 21)
:01-24-2020 00:14:41 OTPClientRepository: Chose avatar position: 5
:01-24-2020 00:14:41 OTPClientRepository: isPaid: 1
:01-24-2020 00:14:41 OTPClientRepository: freeTimeLeft: 0
:01-24-2020 00:14:41 OTPClientRepository: allowSecretChat: True
:01-24-2020 00:14:41 OTPClientRepository: ================
:01-24-2020 00:14:41 Loader: starting bulk load of block 'localAvatarPlayGame'
:01-24-2020 00:14:42 ToontownTimeManager(warning): error parsing date string=
local
:01-24-2020 00:14:43 NewsPageButtonManager(warning): Should not get here. NewsPageButtonManager.exitOff
Assertion failed: !is_empty() at line 538 of panda/src/pgraph/nodePath.cxx
Traceback (most recent call last):
  File "C:\Panda3D-1.11.0-x64\direct\distributed\ConnectionRepository.py", line 609, in readerPollUntilEmpty
    while self.readerPollOnce():
  File "C:\Panda3D-1.11.0-x64\direct\distributed\ConnectionRepository.py", line 616, in readerPollOnce
    self.handleDatagram(self.private__di)
  File "otp\distributed\OTPClientRepository.py", line 1836, in handleDatagram
    self.handleMessageType(msgType, di)
  File "otp\distributed\OTPClientRepository.py", line 1724, in handleMessageType
    self.handleGenerateWithRequiredOtherOwner(di)
  File "toontown\distributed\ToontownClientRepository.py", line 1051, in handleGenerateWithRequiredOtherOwner
    self.handleAvatarResponseMsg(doId, di)
  File "toontown\distributed\ToontownClientRepository.py", line 355, in handleAvatarResponseMsg
    localAvatar.initInterface()
  File "toontown\toon\LocalToon.py", line 334, in initInterface
    self.book.addPage(self.optionsPage, pageName=TTLocalizer.OptionsPageTitle)
  File "toontown\shtiker\ShtikerBook.py", line 184, in addPage
    self.addPageTab(page, pageIndex, pageName)
  File "toontown\shtiker\ShtikerBook.py", line 288, in addPageTab
    ''), text_align=TextNode.ALeft, text_pos=(1, -0.2), text_scale=TTLocalizer.SBpageTab, text_fg=(1, 1, 1, 1), text_shadow=(0, 0, 0, 1), image=iconImage, image_scale=iconScale, geom=iconGeom, geom_scale=iconScale, geom_color=iconColor, pos=(0, 0, -yOffset), scale=0.06, command=buttonPressedCommand, extraArgs=extraArgs)
  File "C:\Panda3D-1.11.0-x64\direct\gui\DirectButton.py", line 69, in __init__
    self.initialiseoptions(DirectButton)
  File "C:\Panda3D-1.11.0-x64\direct\gui\DirectGuiBase.py", line 245, in initialiseoptions
    func()
  File "C:\Panda3D-1.11.0-x64\direct\gui\DirectFrame.py", line 157, in setGeom
    sort = DGG.GEOM_SORT_INDEX)
  File "C:\Panda3D-1.11.0-x64\direct\gui\DirectGuiBase.py", line 564, in createcomponent
    widget = widgetClass(*widgetArgs, **kw)
  File "C:\Panda3D-1.11.0-x64\direct\gui\OnscreenGeom.py", line 53, in __init__
    self.setGeom(geom, parent = parent, sort = sort, color = color)
  File "C:\Panda3D-1.11.0-x64\direct\gui\OnscreenGeom.py", line 100, in setGeom
    self.assign(geom.copyTo(parent, sort))
AssertionError: !is_empty() at line 538 of panda/src/pgraph/nodePath.cxx
:01-24-2020 00:14:43 :task(error): Exception occurred in PythonTask readerPollTask-74165648
:01-24-2020 00:14:43 TTOffLauncher: setting panda error code to 12
:01-24-2020 00:14:43 TTOffLauncher(warning): Handling Python exception.
:01-24-2020 00:14:43 OTPClientRepository: Sent disconnect message to server
:01-24-2020 00:14:43 OTPClientRepository: Closing connection to server.
:01-24-2020 00:14:43 TTOffLauncher: Exception exit.

Traceback (most recent call last):
  File "otp\launcher\LauncherBase.py", line 1081, in mainLoop
    self._runTaskManager()
  File "otp\launcher\LauncherBase.py", line 1052, in _runTaskManager
    taskMgr.run()
  File "C:\Panda3D-1.11.0-x64\direct\task\Task.py", line 528, in run
    self.step()
  File "C:\Panda3D-1.11.0-x64\direct\task\Task.py", line 482, in step
    self.mgr.poll()
  File "C:\Panda3D-1.11.0-x64\direct\distributed\ConnectionRepository.py", line 609, in readerPollUntilEmpty
    while self.readerPollOnce():
  File "C:\Panda3D-1.11.0-x64\direct\distributed\ConnectionRepository.py", line 616, in readerPollOnce
    self.handleDatagram(self.private__di)
  File "otp\distributed\OTPClientRepository.py", line 1836, in handleDatagram
    self.handleMessageType(msgType, di)
  File "otp\distributed\OTPClientRepository.py", line 1724, in handleMessageType
    self.handleGenerateWithRequiredOtherOwner(di)
  File "toontown\distributed\ToontownClientRepository.py", line 1051, in handleGenerateWithRequiredOtherOwner
    self.handleAvatarResponseMsg(doId, di)
  File "toontown\distributed\ToontownClientRepository.py", line 355, in handleAvatarResponseMsg
    localAvatar.initInterface()
  File "toontown\toon\LocalToon.py", line 334, in initInterface
    self.book.addPage(self.optionsPage, pageName=TTLocalizer.OptionsPageTitle)
  File "toontown\shtiker\ShtikerBook.py", line 184, in addPage
    self.addPageTab(page, pageIndex, pageName)
  File "toontown\shtiker\ShtikerBook.py", line 288, in addPageTab
    ''), text_align=TextNode.ALeft, text_pos=(1, -0.2), text_scale=TTLocalizer.SBpageTab, text_fg=(1, 1, 1, 1), text_shadow=(0, 0, 0, 1), image=iconImage, image_scale=iconScale, geom=iconGeom, geom_scale=iconScale, geom_color=iconColor, pos=(0, 0, -yOffset), scale=0.06, command=buttonPressedCommand, extraArgs=extraArgs)
  File "C:\Panda3D-1.11.0-x64\direct\gui\DirectButton.py", line 69, in __init__
    self.initialiseoptions(DirectButton)
  File "C:\Panda3D-1.11.0-x64\direct\gui\DirectGuiBase.py", line 245, in initialiseoptions
    func()
  File "C:\Panda3D-1.11.0-x64\direct\gui\DirectFrame.py", line 157, in setGeom
    sort = DGG.GEOM_SORT_INDEX)
  File "C:\Panda3D-1.11.0-x64\direct\gui\DirectGuiBase.py", line 564, in createcomponent
    widget = widgetClass(*widgetArgs, **kw)
  File "C:\Panda3D-1.11.0-x64\direct\gui\OnscreenGeom.py", line 53, in __init__
    self.setGeom(geom, parent = parent, sort = sort, color = color)
  File "C:\Panda3D-1.11.0-x64\direct\gui\OnscreenGeom.py", line 100, in setGeom
    self.assign(geom.copyTo(parent, sort))
AssertionError: !is_empty() at line 538 of panda/src/pgraph/nodePath.cxx
