

Starting Toontown Online...
Current time: Fri Mar  6 00:33:15 2020 Eastern Standard Time
sys.path =  ['', 'C:\\Panda3D-1.11.0-x64\\python\\python27.zip', 'C:\\Panda3D-1.11.0-x64', 'C:\\Panda3D-1.11.0-x64\\python\\DLLs', 'C:\\Panda3D-1.11.0-x64\\python\\lib', 'C:\\Panda3D-1.11.0-x64\\python\\lib\\plat-win', 'C:\\Panda3D-1.11.0-x64\\python\\lib\\lib-tk', 'C:\\Panda3D-1.11.0-x64\\python', 'C:\\Panda3D-1.11.0-x64\\bin', 'C:\\Panda3D-1.11.0-x64\\python\\lib\\site-packages']
sys.argv =  ['D:\\hollybae\\Aly\\Toontown-School-House\\toontown\\launcher\\TTOffQuickStartLauncher.py']
generating standard configrc
os.environ =  {'TMP': 'C:\\Users\\holla\\AppData\\Local\\Temp', 'COMPUTERNAME': 'HOLLYBAES-PC', 'USERDOMAIN': 'HOLLYBAES-PC', 'INTEL_DEV_REDIST': 'C:\\Program Files (x86)\\Common Files\\Intel\\Shared Libraries\\', 'PSMODULEPATH': 'C:\\Program Files\\WindowsPowerShell\\Modules;C:\\WINDOWS\\system32\\WindowsPowerShell\\v1.0\\Modules', 'COMMONPROGRAMFILES': 'C:\\Program Files\\Common Files', 'PROCESSOR_IDENTIFIER': 'Intel64 Family 6 Model 158 Stepping 10, GenuineIntel', 'VBOX_MSI_INSTALL_PATH': 'C:\\Program Files\\Oracle\\VirtualBox\\', 'PROGRAMFILES': 'C:\\Program Files', 'PROCESSOR_REVISION': '9e0a', 'PATH': 'C:\\Panda3D-1.11.0-x64\\panda3d\\..\\bin;C:\\Program Files (x86)\\Razer\\ChromaBroadcast\\bin;C:\\Program Files\\Razer\\ChromaBroadcast\\bin;C:\\Program Files (x86)\\Common Files\\Intel\\Shared Libraries\\redist\\intel64_win\\compiler;C:\\Program Files (x86)\\Common Files\\Oracle\\Java\\javapath;C:\\Program Files (x86)\\Common Files\\Intel\\Shared Libraries\\redist\\intel64\\compiler;C:\\WINDOWS\\system32;C:\\WINDOWS;C:\\WINDOWS\\System32\\Wbem;C:\\WINDOWS\\System32\\WindowsPowerShell\\v1.0\\;C:\\WINDOWS\\System32\\OpenSSH\\;C:\\Program Files\\NVIDIA Corporation\\NVIDIA NGX;C:\\Program Files (x86)\\NVIDIA Corporation\\PhysX\\Common;C:\\Program Files\\NVIDIA Corporation\\NVIDIA NvDLISR;C:\\WINDOWS\\system32;C:\\WINDOWS;C:\\WINDOWS\\System32\\Wbem;C:\\WINDOWS\\System32\\WindowsPowerShell\\v1.0\\;C:\\WINDOWS\\System32\\OpenSSH\\;D:\\hollybae\\ffmpeg-4.1.3-win64-static\\ffmpeg-4.1.3-win64-static\\bin;C:\\Program Files\\dotnet\\;C:\\WINDOWS\\system32\\config\\systemprofile\\AppData\\Local\\Microsoft\\WindowsApps;C:\\Program Files (x86)\\QuickTime\\QTSystem\\;C:\\Users\\holla\\AppData\\Local\\Microsoft\\WindowsApps;C:\\Panda3D-1.10.4.1-x64\\python;C:\\Panda3D-1.10.4.1-x64\\python\\Scripts;C:\\Panda3D-1.10.4.1-x64\\bin;C:\\Panda3D-1.11.0-x64\\python;C:\\Panda3D-1.11.0-x64\\python\\Scripts;C:\\Panda3D-1.11.0-x64\\bin', 'SYSTEMROOT': 'C:\\WINDOWS', 'MIC_LD_LIBRARY_PATH': 'C:\\Program Files (x86)\\Common Files\\Intel\\Shared Libraries\\compiler\\lib\\intel64_win_mic', 'COMSPEC': 'C:\\WINDOWS\\system32\\cmd.exe', 'DRIVERDATA': 'C:\\Windows\\System32\\Drivers\\DriverData', 'PPYTHON_PATH': '"C:\\Panda3D-1.11.0-x64\\python\\ppython.exe"', 'TEMP': 'C:\\Users\\holla\\AppData\\Local\\Temp', 'COMMONPROGRAMFILES(X86)': 'C:\\Program Files (x86)\\Common Files', 'PROCESSOR_ARCHITECTURE': 'AMD64', 'PROGRAMFILES(X86)': 'C:\\Program Files (x86)', 'ALLUSERSPROFILE': 'C:\\ProgramData', 'LOCALAPPDATA': 'C:\\Users\\holla\\AppData\\Local', 'FPS_BROWSER_USER_PROFILE_STRING': 'Default', 'HOMEPATH': '\\Users\\holla', 'USERDOMAIN_ROAMINGPROFILE': 'HOLLYBAES-PC', 'PROGRAMW6432': 'C:\\Program Files', 'USERNAME': 'holla', 'LOGONSERVER': '\\\\HOLLYBAES-PC', 'PROMPT': '$P$G', 'SESSIONNAME': 'Console', 'PROGRAMDATA': 'C:\\ProgramData', 'ONEDRIVE': 'C:\\Users\\holla\\OneDrive - University of Guelph', 'FPS_BROWSER_APP_PROFILE_STRING': 'Internet Explorer', 'PATHEXT': '.COM;.EXE;.BAT;.CMD;.VBS;.VBE;.JS;.JSE;.WSF;.WSH;.MSC', 'TTOFF_LOGIN_TOKEN': 'dev', 'ONEDRIVECOMMERCIAL': 'C:\\Users\\holla\\OneDrive - University of Guelph', 'WINDIR': 'C:\\WINDOWS', 'APPDATA': 'C:\\Users\\holla\\AppData\\Roaming', 'HOMEDRIVE': 'C:', 'SYSTEMDRIVE': 'C:', 'NUMBER_OF_PROCESSORS': '12', 'PROCESSOR_LEVEL': '6', 'RG_GPU_FRAMEWORK_ENGINE_RESOURCEDIR': 'C:\\Program Files\\Red Giant\\RGFX', 'COMMONPROGRAMW6432': 'C:\\Program Files\\Common Files', 'OS': 'Windows_NT', 'PUBLIC': 'C:\\Users\\Public', 'USERPROFILE': 'C:\\Users\\holla'}
:03-06-2020 00:33:15 TTOffLauncher: isTestServer: 0
:03-06-2020 00:33:15 TTOffLauncher: Game Server 127.0.0.1
:03-06-2020 00:33:15 TTOffLauncher: Starting Toontown Online... 
:03-06-2020 00:33:15 TTOffLauncher: foreground: Launcher now operating in foreground
useTTOffSpecificLogin=True
:03-06-2020 00:33:15 TTOffLauncher: maybeStartGame: starting game
:03-06-2020 00:33:15 TTOffLauncher: Starting Toontown Online...
:03-06-2020 00:33:15 TTOffLauncher: background: Launcher now operating in background
ToontownStart: Polling for game2 to finish...
ToontownStart: Game2 is finished.
ToontownStart: Starting the game.
ToontownStart: setting default font
:03-06-2020 00:33:16 TTOffLauncher: setting panda error code to 7
Known pipe types:
  wglGraphicsPipe
(all display modules loaded.)
:03-06-2020 00:33:16 ToonBase: Default graphics pipe is wglGraphicsPipe (OpenGL).
:03-06-2020 00:33:16 ToonBase: Successfully opened window of type wglGraphicsWindow (OpenGL)
:03-06-2020 00:33:17 ShowBase: __dev__ == False
:03-06-2020 00:33:17 TTOffLauncher: setting panda error code to 11
:03-06-2020 00:33:17 TTOffLauncher: setting panda error code to 0
ToontownStart: Loading default gui sounds
ToontownStart: serverVersion:  tto-dev
:03-06-2020 00:33:17 Loader: starting bulk load of block 'init'
:03-06-2020 00:33:24 :nativenet(error): Buffered_DatagramConnection Constructor rbufsize = 4096000 wbufsize = 4096000 write_flush_point = 1400
:03-06-2020 00:33:24 OTPClientRepository: Using connect method 'http'
:03-06-2020 00:33:29 TTOffLauncher: getRegistry ('DEPLOYMENT', None)
:03-06-2020 00:33:29 TTOffLauncher: checking env
:03-06-2020 00:33:29 TTOffLauncher: getRegistry ('GAME_DEPLOYMENT', None)
:03-06-2020 00:33:29 TTOffLauncher: checking env
:03-06-2020 00:33:29 OTPClientRepository: reg_deployment=
:03-06-2020 00:33:29 OTPClientRepository: required-login auto.
:03-06-2020 00:33:29 OTPClientRepository: loginInterface: LoginTTOffAccount
:03-06-2020 00:33:29 TTOffLauncher: getNeedPwForSecretKey using ttoff-specific-login
:03-06-2020 00:33:29 Loader: At end of block 'init', expected 138, loaded 12, duration=11.848535
:03-06-2020 00:33:29 OTPClientRepository: Connecting to gameserver directly (no proxy).
:03-06-2020 00:33:29 OTPClientRepository: Connecting to //127.0.0.1:7198 via HTTP interface.
:03-06-2020 00:33:29 TTOffLauncher: Stopping mini task manager.
:03-06-2020 00:33:29 OTPClientRepository: Successfully connected to //127.0.0.1:7198.
:03-06-2020 00:33:29 TTOffLauncher: Setting Disconnect Details normal
{401000001: <toontown.distributed.ToontownDistrict.ToontownDistrict instance at 0x000000001D1EF748>}
:03-06-2020 00:33:30 StateData: AvatarChooser.enter
:03-06-2020 00:33:30 DisplayOptions: settingsFullScreen = False, embedded = False width=800 height=600
:03-06-2020 00:33:30 StateData: calling self.displayOptions.restrictToEmbedded(False)
:03-06-2020 00:33:33 OTPClientRepository: ================
:03-06-2020 00:33:33 OTPClientRepository: Chose avatar id: 100000014
:03-06-2020 00:33:33 OTPClientRepository: Chose avatar name: Hollybae
:03-06-2020 00:33:33 OTPClientRepository: Chose avatar dna: ('css', 'ms', 'm', 'm', 16, 0, 16, 16, 113, 27, 18, 27, 7, 21)
:03-06-2020 00:33:33 OTPClientRepository: Chose avatar position: 5
:03-06-2020 00:33:33 OTPClientRepository: isPaid: 1
:03-06-2020 00:33:33 OTPClientRepository: freeTimeLeft: 0
:03-06-2020 00:33:33 OTPClientRepository: allowSecretChat: True
:03-06-2020 00:33:33 OTPClientRepository: ================
:03-06-2020 00:33:34 Loader: starting bulk load of block 'localAvatarPlayGame'
:03-06-2020 00:33:34 ToontownTimeManager(warning): error parsing date string=
local
:03-06-2020 00:33:35 NewsPageButtonManager(warning): Should not get here. NewsPageButtonManager.exitOff
:03-06-2020 00:33:35 :pnmimage:png(warning): iCCP: known incorrect sRGB profile
:03-06-2020 00:33:38 OTPClientRepository: Entering shard 401000001
:03-06-2020 00:33:38 StreetSign: Street sign url is https://ttoffline.com/images/
:03-06-2020 00:33:40 StreetSign: Street Sign is up to date
:03-06-2020 00:33:40 OTPClientRepository: Sending heartbeat mid-frame.
:03-06-2020 00:33:40 TimeManager: Clock sync: TimeManager.announceGenerate
:03-06-2020 00:33:40 InGameNewsMgr: latestIssue=2013-08-22 16:49:46.000003-07:00
cpu info: GenuineIntel|Intel(R) Core(TM) i7-8700K CPU @ 3.70GHz|591594|0|3.701,3.701|6,12 cpus
:03-06-2020 00:33:42 OTPClientRepository: No sync from TimeManager.
:03-06-2020 00:33:42 OTPClientRepository: gotTimeSync
:03-06-2020 00:33:42 Loader: At end of block 'localAvatarPlayGame', expected 400, loaded 22, duration=8.4157427
:03-06-2020 00:33:42 TimeManager: Clock sync roundtrip took 2166.871 ms
:03-06-2020 00:33:42 TimeManager: AI time delta is -0:02 from server delta
:03-06-2020 00:33:42 TimeManager: Local clock uncertainty +/- 1.084 s
:03-06-2020 00:33:42 TimeManager: Uncertainty is too high, trying again.
:03-06-2020 00:33:42 PlayGame: QA-REGRESSION: NEIGHBORHOODS: Visit Lawbot HQ
:03-06-2020 00:33:42 Loader: starting bulk load of block 'hood'
:03-06-2020 00:33:44 LawbotCogHQLoader: loadPlaceGeom: 13000
:03-06-2020 00:33:45 TimeManager: Clock sync roundtrip took 3098.015 ms
:03-06-2020 00:33:45 TimeManager: AI time delta is -0:03 from server delta
:03-06-2020 00:33:45 ClockDelta: previous delta at 0.242 s, +/- 1.085 s.
:03-06-2020 00:33:45 ClockDelta: new delta at 0.675 s, +/- 1.549 s.
:03-06-2020 00:33:45 ClockDelta: intersection at 0.242 s, +/- 1.085 s.
:03-06-2020 00:33:45 TimeManager: Local clock uncertainty +/- 1.085 s
:03-06-2020 00:33:45 TimeManager: Uncertainty is too high, trying again.
:03-06-2020 00:33:45 DistributedObject: DistributedSuitPlanner 401002972: generating
:03-06-2020 00:33:45 DistributedToon: calling LocalAvatar.startchat
:03-06-2020 00:33:45 :loader(error): Couldn't load file phase_4/models/questmap/cog_hq_lawbot_maps.bam: not found on model path (currently: "/;/d/hollybae/Aly/Toontown-School-House/toontown/launcher;/c/Panda3D-1.11.0-x64/etc/..;/c/Panda3D-1.11.0-x64/etc/../models")
:03-06-2020 00:33:45 Loader: At end of block 'hood', expected 2, loaded 16, duration=3.341466
:03-06-2020 00:33:45 TimeManager: Clock sync roundtrip took 242.184 ms
:03-06-2020 00:33:45 TimeManager: AI time delta is -0:00 from server delta
:03-06-2020 00:33:45 ClockDelta: previous delta at 0.242 s, +/- 1.085 s.
:03-06-2020 00:33:45 ClockDelta: new delta at -0.713 s, +/- 0.121 s.
:03-06-2020 00:33:45 ClockDelta: intersection at -0.713 s, +/- 0.121 s.
:03-06-2020 00:33:45 TimeManager: Local clock uncertainty +/- 0.121 s
:03-06-2020 00:33:47 Teleport(debug): teleportInDone: walk
:03-06-2020 00:33:47 :loader(error): Couldn't load file phase_4/models/questmap/cog_hq_lawbot_maps.bam: not found on model path (currently: "/;/d/hollybae/Aly/Toontown-School-House/toontown/launcher;/c/Panda3D-1.11.0-x64/etc/..;/c/Panda3D-1.11.0-x64/etc/../models")
:03-06-2020 00:33:49 TTOffMagicWordManager: Run mode has been toggled.
:03-06-2020 00:33:55 LawbotCogHQLoader: loadPlaceGeom: 13100
:03-06-2020 00:33:55 LawbotCogHQLoader: QA-REGRESSION: COGHQ: Visit LawbotLobby
:03-06-2020 00:33:55 LawbotHQExterior: Unloading Place (13000). Fsm in final
:03-06-2020 00:33:55 DistributedObject: DistributedSuitPlanner 401002972: disabling
:03-06-2020 00:33:55 DistributedToon: calling LocalAvatar.startchat
:03-06-2020 00:33:55 :loader(error): Couldn't load file phase_4/models/questmap/cog_hq_lawbot_maps.bam: not found on model path (currently: "/;/d/hollybae/Aly/Toontown-School-House/toontown/launcher;/c/Panda3D-1.11.0-x64/etc/..;/c/Panda3D-1.11.0-x64/etc/../models")
:03-06-2020 00:33:56 :loader(error): Couldn't load file phase_4/models/questmap/cog_hq_lawbot_maps.bam: not found on model path (currently: "/;/d/hollybae/Aly/Toontown-School-House/toontown/launcher;/c/Panda3D-1.11.0-x64/etc/..;/c/Panda3D-1.11.0-x64/etc/../models")
:03-06-2020 00:34:05 TTOffMagicWordManager: Run mode has been toggled.
:03-06-2020 00:34:06 TTOffMagicWordManager: Voila!
:03-06-2020 00:34:08 TTOffMagicWordManager: Gave Hollybae an infinite amount of pies
:03-06-2020 00:34:09 LawbotCogHQLoader: loadPlaceGeom: 61000
:03-06-2020 00:34:09 LawbotCogHQLoader(warning): loadPlaceGeom: unclassified zone 61000
:03-06-2020 00:34:09 CogHQLobby: Unloading Place (13100). Fsm in final
:03-06-2020 00:34:09 DistributedLawbotBoss(warning): Not a collision node: LawbotCourtroom3.egg/-PandaNode/CR3/interior/CR3_Floor
:03-06-2020 00:34:10 DistributedToon: calling LocalAvatar.startchat
:03-06-2020 00:34:10 LawbotHQBossBattle(warning): fsm.request('movie') returned 0 (zone id 61000, avatar pos LPoint3f(-0.363562, -126.204, 0.193903)).
:03-06-2020 00:34:15 TTOffMagicWordManager: Restarting Scale Round
:03-06-2020 00:38:18 GarbageCollect(warning): garbage found, reverting gc threshold
frame rate: 276.9 fps|0.001d|12 avs||321|322||0x0000|0x0000|986.0MB|1159.4MB|16235.6MB|567|nt.2.6.2|3.701,3.701|6,12 cpus|OpenGL
frame rate: 239.9 fps|0.001d|12 avs||621|622||0x0000|0x0000|1333.8MB|1507.8MB|16235.6MB|679|nt.2.6.2|3.701,3.701|6,12 cpus|OpenGL
frame rate: 270.6 fps|0.001d|12 avs||921|922||0x0000|0x0000|1680.7MB|1855.3MB|16235.6MB|792|nt.2.6.2|3.701,3.701|6,12 cpus|OpenGL
frame rate: 308.6 fps|0.000d|12 avs||1221|1222||0x0000|0x0000|1999.6MB|2174.9MB|16235.6MB|920|nt.2.6.2|3.701,3.701|6,12 cpus|OpenGL
adding timeout task
adding timeout task
frame rate: 276.9 fps|0.001d|12 avs||1521|1522||0x0000|0x0000|2359.4MB|2535.6MB|16235.6MB|1035|nt.2.6.2|3.701,3.701|6,12 cpus|OpenGL
:03-06-2020 01:03:38 TimeManager: Clock sync: timer
frame rate: 246.3 fps|0.001d|12 avs||1821|1822||0x0000|0x0000|2719.8MB|2896.9MB|16235.6MB|1151|nt.2.6.2|3.701,3.701|6,12 cpus|OpenGL
:03-06-2020 01:03:38 TimeManager: Clock sync roundtrip took 20.599 ms
:03-06-2020 01:03:38 TimeManager: AI time delta is -0:00 from server delta
:03-06-2020 01:03:38 ClockDelta: previous delta at -0.713 s, +/- 0.619 s.
:03-06-2020 01:03:38 ClockDelta: new delta at -0.826 s, +/- 0.010 s.
:03-06-2020 01:03:38 ClockDelta: intersection at -0.826 s, +/- 0.010 s.
:03-06-2020 01:03:38 TimeManager: Local clock uncertainty +/- 0.010 s
:03-06-2020 01:07:42 :linmath(warning): Tried to invert singular LMatrix3.
frame rate: 247.8 fps|0.001d|12 avs||2121|2122||0x0000|0x0000|2775.4MB|3279.9MB|16235.6MB|1249|nt.2.6.2|3.701,3.701|6,12 cpus|OpenGL
frame rate: 242.8 fps|0.001d|12 avs||2421|2422||0x0000|0x0000|2815.8MB|3676.2MB|16235.6MB|1373|nt.2.6.2|3.701,3.701|6,12 cpus|OpenGL
frame rate: 262.8 fps|0.001d|12 avs||2721|2722||0x0000|0x0000|2556.9MB|4062.5MB|16235.6MB|1495|nt.2.6.2|3.701,3.701|6,12 cpus|OpenGL
:03-06-2020 01:19:50 TTOffMagicWordManager: LPoint3f(-60.9334, 11.2324, -0.000349576)
:03-06-2020 01:20:02 TTOffMagicWordManager: LPoint3f(-60.9386, 11.1465, -0.000349576)
:03-06-2020 01:21:03 TTOffMagicWordManager: Ta-da!
:03-06-2020 01:21:21 TTOffMagicWordManager: Alakazam!
:03-06-2020 01:21:40 TTOffMagicWordManager: Presto!
:03-06-2020 01:21:49 TTOffMagicWordManager: Ta-da!
:03-06-2020 01:21:58 TTOffMagicWordManager: Presto!
:03-06-2020 01:22:08 TTOffMagicWordManager: Abracadabra!
:03-06-2020 01:22:13 TTOffMagicWordManager: Ta-da!
:03-06-2020 01:22:38 TTOffMagicWordManager: Voila!
:03-06-2020 01:22:49 TTOffMagicWordManager: Abracadabra!
:03-06-2020 01:23:00 TTOffMagicWordManager: Abracadabra!
:03-06-2020 01:23:24 TTOffMagicWordManager: Alakazam!
:03-06-2020 01:23:37 TTOffMagicWordManager: Abracadabra!
frame rate: 253.8 fps|0.001d|12 avs||3021|3022||0x0000|0x0000|2483.5MB|4440.8MB|16235.6MB|1640|nt.2.6.2|3.701,3.701|6,12 cpus|OpenGL
:03-06-2020 01:23:49 TTOffMagicWordManager: Ta-da!
:03-06-2020 01:24:02 TTOffMagicWordManager: Ta-da!
:03-06-2020 01:24:14 TTOffMagicWordManager: Presto!
:03-06-2020 01:24:23 TTOffMagicWordManager: Abracadabra!
:03-06-2020 01:24:35 TTOffMagicWordManager: Ta-da!
:03-06-2020 01:25:30 TTOffMagicWordManager: Abracadabra!
:03-06-2020 01:25:41 TTOffMagicWordManager: Ta-da!
:03-06-2020 01:25:53 TTOffMagicWordManager: Presto!
:03-06-2020 01:26:13 TTOffMagicWordManager: Presto!
:03-06-2020 01:26:31 TTOffMagicWordManager: Alakazam!
:03-06-2020 01:26:48 TTOffMagicWordManager: Abracadabra!
:03-06-2020 01:27:02 TTOffMagicWordManager: Voila!
:03-06-2020 01:27:13 TTOffMagicWordManager: Abracadabra!
:03-06-2020 01:27:30 TTOffMagicWordManager: Voila!
:03-06-2020 01:27:39 TTOffMagicWordManager: Ta-da!
:03-06-2020 01:27:52 TTOffMagicWordManager: Voila!
:03-06-2020 01:28:02 TTOffMagicWordManager: Voila!
:03-06-2020 01:28:09 TTOffMagicWordManager: Alakazam!
:03-06-2020 01:28:18 TTOffMagicWordManager: Abracadabra!
:03-06-2020 01:28:29 TTOffMagicWordManager: Alakazam!
:03-06-2020 01:28:37 TTOffMagicWordManager: Presto!
frame rate: 242.9 fps|0.001d|12 avs||3321|3322||0x0000|0x0000|2433.8MB|4828.9MB|16235.6MB|1765|nt.2.6.2|3.701,3.701|6,12 cpus|OpenGL
:03-06-2020 01:28:46 TTOffMagicWordManager: Ta-da!
:03-06-2020 01:29:00 TTOffMagicWordManager: Abracadabra!
:03-06-2020 01:29:14 TTOffMagicWordManager: Voila!
:03-06-2020 01:29:22 TTOffMagicWordManager: Voila!
:03-06-2020 01:29:34 TTOffMagicWordManager: Ta-da!
:03-06-2020 01:29:45 TTOffMagicWordManager: Abracadabra!
:03-06-2020 01:29:51 TTOffMagicWordManager: Alakazam!
:03-06-2020 01:30:04 TTOffMagicWordManager: Alakazam!
:03-06-2020 01:30:14 TTOffMagicWordManager: Ta-da!
:03-06-2020 01:30:25 TTOffMagicWordManager: Abracadabra!
:03-06-2020 01:30:36 TTOffMagicWordManager: Alakazam!
:03-06-2020 01:30:54 TTOffMagicWordManager: Alakazam!
:03-06-2020 01:31:12 TTOffMagicWordManager: Voila!
:03-06-2020 01:31:31 TTOffMagicWordManager: Alakazam!
:03-06-2020 01:31:53 TTOffMagicWordManager: Voila!
:03-06-2020 01:32:15 TTOffMagicWordManager: Presto!
:03-06-2020 01:32:36 TTOffMagicWordManager: Abracadabra!
:03-06-2020 01:32:49 TTOffMagicWordManager: Abracadabra!
:03-06-2020 01:33:00 TTOffMagicWordManager: Abracadabra!
:03-06-2020 01:33:10 TTOffMagicWordManager: Presto!
:03-06-2020 01:33:17 TTOffMagicWordManager: Ta-da!
:03-06-2020 01:33:26 TTOffMagicWordManager: Abracadabra!
:03-06-2020 01:33:36 TTOffMagicWordManager: Ta-da!
:03-06-2020 01:33:38 TimeManager: Clock sync: timer
frame rate: 233.7 fps|0.001d|12 avs||3621|3622||0x0000|0x0000|2826.4MB|5225.1MB|16235.6MB|2529|nt.2.6.2|3.701,3.701|6,12 cpus|OpenGL
:03-06-2020 01:33:38 TimeManager: Clock sync roundtrip took 37.352 ms
:03-06-2020 01:33:38 TimeManager: AI time delta is -0:00 from server delta
:03-06-2020 01:33:38 ClockDelta: previous delta at -0.826 s, +/- 0.510 s.
:03-06-2020 01:33:38 ClockDelta: new delta at -0.837 s, +/- 0.019 s.
:03-06-2020 01:33:38 ClockDelta: intersection at -0.837 s, +/- 0.019 s.
:03-06-2020 01:33:38 TimeManager: Local clock uncertainty +/- 0.019 s
:03-06-2020 01:33:46 TTOffMagicWordManager: Voila!
:03-06-2020 01:34:02 TTOffMagicWordManager: Ta-da!
:03-06-2020 01:34:10 TTOffMagicWordManager: Presto!
adding timeout task
adding timeout task
frame rate: 200.6 fps|0.001d|12 avs||3921|3922||0x0000|0x0000|3117.1MB|5538.3MB|16235.6MB|2637|nt.2.6.2|3.701,3.701|6,12 cpus|OpenGL
frame rate: 248.0 fps|0.001d|12 avs||4221|4222||0x0000|0x0000|3392.8MB|5873.2MB|16235.6MB|2748|nt.2.6.2|3.701,3.701|6,12 cpus|OpenGL
adding timeout task
adding timeout task
frame rate: 251.9 fps|0.001d|12 avs||4521|4522||0x0000|0x0000|2988.1MB|6158.5MB|16235.6MB|2847|nt.2.6.2|3.701,3.701|6,12 cpus|OpenGL
frame rate: 243.9 fps|0.001d|12 avs||4821|4822||0x0000|0x0000|3347.1MB|6531.3MB|16235.6MB|2969|nt.2.6.2|3.701,3.701|6,12 cpus|OpenGL
frame rate: 236.0 fps|0.001d|12 avs||5121|5122||0x0000|0x0000|3401.3MB|6930.2MB|16235.6MB|3098|nt.2.6.2|3.701,3.701|6,12 cpus|OpenGL
:03-06-2020 02:03:38 TimeManager: Clock sync: timer
:03-06-2020 02:03:38 TimeManager: Clock sync roundtrip took 3.994 ms
:03-06-2020 02:03:38 TimeManager: AI time delta is -0:00 from server delta
:03-06-2020 02:03:38 ClockDelta: previous delta at -0.837 s, +/- 0.519 s.
:03-06-2020 02:03:38 ClockDelta: new delta at -0.820 s, +/- 0.002 s.
:03-06-2020 02:03:38 ClockDelta: intersection at -0.820 s, +/- 0.002 s.
:03-06-2020 02:03:38 TimeManager: Local clock uncertainty +/- 0.002 s
frame rate: 232.7 fps|0.001d|12 avs||5421|5422||0x0000|0x0000|3728.5MB|7325.9MB|16235.6MB|3250|nt.2.6.2|3.701,3.701|6,12 cpus|OpenGL
frame rate: 225.6 fps|0.008d|12 avs||5721|5722||0x0000|0x0000|4309.6MB|7713.2MB|16235.6MB|3438|nt.2.6.2|3.701,3.701|6,12 cpus|OpenGL
frame rate: 234.1 fps|0.001d|12 avs||6021|6022||0x0000|0x0000|4494.8MB|8109.1MB|16235.6MB|3566|nt.2.6.2|3.701,3.701|6,12 cpus|OpenGL
