

Starting Toontown Online...
Current time: Fri Jan 17 10:44:18 2020 Eastern Standard Time
sys.path =  ['', 'C:\\Panda3D-1.11.0-x64\\python\\python27.zip', 'C:\\Panda3D-1.11.0-x64', 'C:\\Panda3D-1.11.0-x64\\python\\DLLs', 'C:\\Panda3D-1.11.0-x64\\python\\lib', 'C:\\Panda3D-1.11.0-x64\\python\\lib\\plat-win', 'C:\\Panda3D-1.11.0-x64\\python\\lib\\lib-tk', 'C:\\Panda3D-1.11.0-x64\\python', 'C:\\Panda3D-1.11.0-x64\\bin', 'C:\\Panda3D-1.11.0-x64\\python\\lib\\site-packages']
sys.argv =  ['D:\\hollybae\\Aly\\Toontown-School-House\\toontown\\launcher\\TTOffQuickStartLauncher.py']
generating standard configrc
os.environ =  {'TMP': 'C:\\Users\\holla\\AppData\\Local\\Temp', 'COMPUTERNAME': 'HOLLYBAES-PC', 'USERDOMAIN': 'HOLLYBAES-PC', 'INTEL_DEV_REDIST': 'C:\\Program Files (x86)\\Common Files\\Intel\\Shared Libraries\\', 'PSMODULEPATH': 'C:\\Program Files\\WindowsPowerShell\\Modules;C:\\WINDOWS\\system32\\WindowsPowerShell\\v1.0\\Modules', 'COMMONPROGRAMFILES': 'C:\\Program Files\\Common Files', 'PROCESSOR_IDENTIFIER': 'Intel64 Family 6 Model 158 Stepping 10, GenuineIntel', 'VBOX_MSI_INSTALL_PATH': 'C:\\Program Files\\Oracle\\VirtualBox\\', 'PROGRAMFILES': 'C:\\Program Files', 'PROCESSOR_REVISION': '9e0a', 'PATH': 'C:\\Panda3D-1.11.0-x64\\panda3d\\..\\bin;C:\\Program Files (x86)\\Razer\\ChromaBroadcast\\bin;C:\\Program Files\\Razer\\ChromaBroadcast\\bin;C:\\Program Files (x86)\\Common Files\\Intel\\Shared Libraries\\redist\\intel64_win\\compiler;C:\\Program Files (x86)\\Common Files\\Oracle\\Java\\javapath;C:\\Program Files (x86)\\Common Files\\Intel\\Shared Libraries\\redist\\intel64\\compiler;C:\\WINDOWS\\system32;C:\\WINDOWS;C:\\WINDOWS\\System32\\Wbem;C:\\WINDOWS\\System32\\WindowsPowerShell\\v1.0\\;C:\\WINDOWS\\System32\\OpenSSH\\;C:\\Program Files\\NVIDIA Corporation\\NVIDIA NGX;C:\\Program Files (x86)\\NVIDIA Corporation\\PhysX\\Common;C:\\Program Files\\NVIDIA Corporation\\NVIDIA NvDLISR;C:\\WINDOWS\\system32;C:\\WINDOWS;C:\\WINDOWS\\System32\\Wbem;C:\\WINDOWS\\System32\\WindowsPowerShell\\v1.0\\;C:\\WINDOWS\\System32\\OpenSSH\\;D:\\hollybae\\ffmpeg-4.1.3-win64-static\\ffmpeg-4.1.3-win64-static\\bin;C:\\Program Files\\dotnet\\;C:\\WINDOWS\\system32\\config\\systemprofile\\AppData\\Local\\Microsoft\\WindowsApps;C:\\Program Files (x86)\\QuickTime\\QTSystem\\;C:\\Users\\holla\\AppData\\Local\\Microsoft\\WindowsApps;C:\\Panda3D-1.10.4.1-x64\\python;C:\\Panda3D-1.10.4.1-x64\\python\\Scripts;C:\\Panda3D-1.10.4.1-x64\\bin;C:\\Panda3D-1.11.0-x64\\python;C:\\Panda3D-1.11.0-x64\\python\\Scripts;C:\\Panda3D-1.11.0-x64\\bin', 'SYSTEMROOT': 'C:\\WINDOWS', 'MIC_LD_LIBRARY_PATH': 'C:\\Program Files (x86)\\Common Files\\Intel\\Shared Libraries\\compiler\\lib\\intel64_win_mic', 'COMSPEC': 'C:\\WINDOWS\\system32\\cmd.exe', 'DRIVERDATA': 'C:\\Windows\\System32\\Drivers\\DriverData', 'PPYTHON_PATH': '"C:\\Panda3D-1.11.0-x64\\python\\ppython.exe"', 'TEMP': 'C:\\Users\\holla\\AppData\\Local\\Temp', 'COMMONPROGRAMFILES(X86)': 'C:\\Program Files (x86)\\Common Files', 'PROCESSOR_ARCHITECTURE': 'AMD64', 'PROGRAMFILES(X86)': 'C:\\Program Files (x86)', 'ALLUSERSPROFILE': 'C:\\ProgramData', 'LOCALAPPDATA': 'C:\\Users\\holla\\AppData\\Local', 'FPS_BROWSER_USER_PROFILE_STRING': 'Default', 'HOMEPATH': '\\Users\\holla', 'USERDOMAIN_ROAMINGPROFILE': 'HOLLYBAES-PC', 'PROGRAMW6432': 'C:\\Program Files', 'USERNAME': 'holla', 'LOGONSERVER': '\\\\HOLLYBAES-PC', 'PROMPT': '$P$G', 'SESSIONNAME': 'Console', 'PROGRAMDATA': 'C:\\ProgramData', 'ONEDRIVE': 'C:\\Users\\holla\\OneDrive', 'FPS_BROWSER_APP_PROFILE_STRING': 'Internet Explorer', 'PATHEXT': '.COM;.EXE;.BAT;.CMD;.VBS;.VBE;.JS;.JSE;.WSF;.WSH;.MSC', 'TTOFF_LOGIN_TOKEN': 'dev', 'WINDIR': 'C:\\WINDOWS', 'APPDATA': 'C:\\Users\\holla\\AppData\\Roaming', 'HOMEDRIVE': 'C:', 'SYSTEMDRIVE': 'C:', 'NUMBER_OF_PROCESSORS': '12', 'PROCESSOR_LEVEL': '6', 'RG_GPU_FRAMEWORK_ENGINE_RESOURCEDIR': 'C:\\Program Files\\Red Giant\\RGFX', 'COMMONPROGRAMW6432': 'C:\\Program Files\\Common Files', 'OS': 'Windows_NT', 'PUBLIC': 'C:\\Users\\Public', 'USERPROFILE': 'C:\\Users\\holla'}
:01-17-2020 10:44:18 TTOffLauncher: isTestServer: 0
:01-17-2020 10:44:18 TTOffLauncher: Game Server 127.0.0.1
:01-17-2020 10:44:18 TTOffLauncher: Starting Toontown Online... 
:01-17-2020 10:44:18 TTOffLauncher: foreground: Launcher now operating in foreground
useTTOffSpecificLogin=True
:01-17-2020 10:44:18 TTOffLauncher: maybeStartGame: starting game
:01-17-2020 10:44:18 TTOffLauncher: Starting Toontown Online...
:01-17-2020 10:44:18 TTOffLauncher: background: Launcher now operating in background
ToontownStart: Polling for game2 to finish...
ToontownStart: Game2 is finished.
ToontownStart: Starting the game.
ToontownStart: setting default font
:01-17-2020 10:44:18 TTOffLauncher: setting panda error code to 7
Known pipe types:
  wglGraphicsPipe
(all display modules loaded.)
:01-17-2020 10:44:19 ToonBase: Default graphics pipe is wglGraphicsPipe (OpenGL).
:01-17-2020 10:44:19 ToonBase: Successfully opened window of type wglGraphicsWindow (OpenGL)
:01-17-2020 10:44:19 ShowBase: __dev__ == False
:01-17-2020 10:44:19 TTOffLauncher: setting panda error code to 11
:01-17-2020 10:44:19 TTOffLauncher: setting panda error code to 0
ToontownStart: Loading default gui sounds
ToontownStart: serverVersion:  tto-dev
:01-17-2020 10:44:19 Loader: starting bulk load of block 'init'
:01-17-2020 10:44:20 :nativenet(error): Buffered_DatagramConnection Constructor rbufsize = 4096000 wbufsize = 4096000 write_flush_point = 1400
:01-17-2020 10:44:20 OTPClientRepository: Using connect method 'http'
:01-17-2020 10:44:20 TTOffLauncher: getRegistry ('DEPLOYMENT', None)
:01-17-2020 10:44:20 TTOffLauncher: checking env
:01-17-2020 10:44:20 TTOffLauncher: getRegistry ('GAME_DEPLOYMENT', None)
:01-17-2020 10:44:20 TTOffLauncher: checking env
:01-17-2020 10:44:20 OTPClientRepository: reg_deployment=
:01-17-2020 10:44:20 OTPClientRepository: required-login auto.
:01-17-2020 10:44:20 OTPClientRepository: loginInterface: LoginTTOffAccount
:01-17-2020 10:44:20 TTOffLauncher: getNeedPwForSecretKey using ttoff-specific-login
:01-17-2020 10:44:20 Loader: At end of block 'init', expected 138, loaded 6, duration=1.3432372
:01-17-2020 10:44:20 OTPClientRepository: Connecting to gameserver directly (no proxy).
:01-17-2020 10:44:20 OTPClientRepository: Connecting to //127.0.0.1:7198 via HTTP interface.
:01-17-2020 10:44:20 TTOffLauncher: Stopping mini task manager.
:01-17-2020 10:44:20 OTPClientRepository: Successfully connected to //127.0.0.1:7198.
:01-17-2020 10:44:20 TTOffLauncher: Setting Disconnect Details normal
{401000001: <toontown.distributed.ToontownDistrict.ToontownDistrict instance at 0x000000001E5C8788>}
{401000001: <toontown.distributed.ToontownDistrict.ToontownDistrict instance at 0x000000001E5C8788>}
:01-17-2020 10:44:30 StateData: AvatarChooser.enter
:01-17-2020 10:44:30 DisplayOptions: settingsFullScreen = False, embedded = False width=800 height=600
:01-17-2020 10:44:30 StateData: calling self.displayOptions.restrictToEmbedded(False)
:01-17-2020 10:44:32 OTPClientRepository: ================
:01-17-2020 10:44:32 OTPClientRepository: Chose avatar id: 100000014
:01-17-2020 10:44:32 OTPClientRepository: Chose avatar name: Hollybae
:01-17-2020 10:44:32 OTPClientRepository: Chose avatar dna: ('css', 'ms', 'm', 'm', 16, 0, 16, 16, 113, 27, 18, 27, 7, 21)
:01-17-2020 10:44:32 OTPClientRepository: Chose avatar position: 5
:01-17-2020 10:44:32 OTPClientRepository: isPaid: 1
:01-17-2020 10:44:32 OTPClientRepository: freeTimeLeft: 0
:01-17-2020 10:44:32 OTPClientRepository: allowSecretChat: True
:01-17-2020 10:44:32 OTPClientRepository: ================
:01-17-2020 10:44:32 Loader: starting bulk load of block 'localAvatarPlayGame'
:01-17-2020 10:44:33 ToontownTimeManager(warning): error parsing date string=
local
:01-17-2020 10:44:33 NewsPageButtonManager(warning): Should not get here. NewsPageButtonManager.exitOff
:01-17-2020 10:44:34 :pnmimage:png(warning): iCCP: known incorrect sRGB profile
:01-17-2020 10:44:36 OTPClientRepository: Entering shard 401000001
:01-17-2020 10:44:36 StreetSign: Street sign url is https://ttoffline.com/images/
:01-17-2020 10:44:38 StreetSign: Street Sign is up to date
:01-17-2020 10:44:38 TimeManager: Clock sync: TimeManager.announceGenerate
:01-17-2020 10:44:38 InGameNewsMgr: latestIssue=2013-08-22 16:49:46.000003-07:00
cpu info: GenuineIntel|Intel(R) Core(TM) i7-8700K CPU @ 3.70GHz|591594|0|3.701,3.701|6,12 cpus
:01-17-2020 10:44:39 OTPClientRepository: No sync from TimeManager.
:01-17-2020 10:44:39 OTPClientRepository: gotTimeSync
:01-17-2020 10:44:39 Loader: At end of block 'localAvatarPlayGame', expected 400, loaded 19, duration=6.6891755
:01-17-2020 10:44:39 TimeManager: Clock sync roundtrip took 1046.564 ms
:01-17-2020 10:44:39 TimeManager: AI time delta is -0:01 from server delta
:01-17-2020 10:44:39 TimeManager: Local clock uncertainty +/- 0.523 s
:01-17-2020 10:44:39 PlayGame: QA-REGRESSION: NEIGHBORHOODS: Visit Lawbot HQ
:01-17-2020 10:44:39 Loader: starting bulk load of block 'hood'
:01-17-2020 10:44:40 OTPClientRepository: Sending heartbeat mid-frame.
:01-17-2020 10:44:40 LawbotCogHQLoader: loadPlaceGeom: 13000
:01-17-2020 10:44:41 DistributedObject: DistributedSuitPlanner 401002972: generating
:01-17-2020 10:44:41 DistributedToon: calling LocalAvatar.startchat
:01-17-2020 10:44:41 :loader(error): Couldn't load file phase_4/models/questmap/cog_hq_lawbot_maps.bam: not found on model path (currently: "/;/d/hollybae/Aly/Toontown-School-House/toontown/launcher;/c/Panda3D-1.11.0-x64/etc/..;/c/Panda3D-1.11.0-x64/etc/../models")
:01-17-2020 10:44:41 Loader: At end of block 'hood', expected 2, loaded 10, duration=2.101029
:01-17-2020 10:44:42 Teleport(debug): teleportInDone: walk
:01-17-2020 10:44:43 :loader(error): Couldn't load file phase_4/models/questmap/cog_hq_lawbot_maps.bam: not found on model path (currently: "/;/d/hollybae/Aly/Toontown-School-House/toontown/launcher;/c/Panda3D-1.11.0-x64/etc/..;/c/Panda3D-1.11.0-x64/etc/../models")
:01-17-2020 10:45:22 LawbotHQExterior: QA-REGRESSION: COGBATTLE: Enter Battle
Battle Event localtoon-battle-event-3
:01-17-2020 10:45:57 TTOffMagicWordManager: Uh-oh! This Magic Word doesn't exist!
:01-17-2020 10:45:59 TTOffMagicWordManager: This Magic Word doesn't exist! Did you mean toggleinstakill?
:01-17-2020 10:46:00 TTOffMagicWordManager: This Magic Word doesn't exist! Did you mean skipmovie?
:01-17-2020 10:46:03 TTOffMagicWordManager: Uh-oh! This Magic Word doesn't exist!
:01-17-2020 10:46:06 TTOffMagicWordManager: This Magic Word doesn't exist! Did you mean skipmovie?
:01-17-2020 10:46:10 TTOffMagicWordManager: Uh-oh! This Magic Word doesn't exist!
:01-17-2020 10:46:22 TTOffMagicWordManager: Restocked 999 unites successfully!
:01-17-2020 10:46:24 ToontownChatManager: QA-REGRESSION: CHAT: Speedchat
:01-17-2020 10:46:27 ToontownChatManager: QA-REGRESSION: CHAT: Speedchat
:01-17-2020 10:46:31 :loader(error): Couldn't load file phase_4/models/questmap/cog_hq_lawbot_maps.bam: not found on model path (currently: "/;/d/hollybae/Aly/Toontown-School-House/toontown/launcher;/c/Panda3D-1.11.0-x64/etc/..;/c/Panda3D-1.11.0-x64/etc/../models")
:01-17-2020 10:46:33 TTOffMagicWordManager: Run mode has been toggled.
:01-17-2020 10:46:39 LawbotCogHQLoader: loadPlaceGeom: 13100
:01-17-2020 10:46:39 LawbotCogHQLoader: QA-REGRESSION: COGHQ: Visit LawbotLobby
:01-17-2020 10:46:39 LawbotHQExterior: Unloading Place (13010). Fsm in final
:01-17-2020 10:46:39 DistributedObject: DistributedSuitPlanner 401002972: disabling
:01-17-2020 10:46:39 DistributedToon: calling LocalAvatar.startchat
:01-17-2020 10:46:39 :loader(error): Couldn't load file phase_4/models/questmap/cog_hq_lawbot_maps.bam: not found on model path (currently: "/;/d/hollybae/Aly/Toontown-School-House/toontown/launcher;/c/Panda3D-1.11.0-x64/etc/..;/c/Panda3D-1.11.0-x64/etc/../models")
:01-17-2020 10:46:40 :loader(error): Couldn't load file phase_4/models/questmap/cog_hq_lawbot_maps.bam: not found on model path (currently: "/;/d/hollybae/Aly/Toontown-School-House/toontown/launcher;/c/Panda3D-1.11.0-x64/etc/..;/c/Panda3D-1.11.0-x64/etc/../models")
:01-17-2020 10:47:27 TTOffMagicWordManager: Run mode has been toggled.
:01-17-2020 10:47:31 TTOffMagicWordManager: Gave Hollybae an infinite amount of pies
:01-17-2020 10:47:34 TTOffMagicWordManager: Presto!
:01-17-2020 10:47:35 LawbotCogHQLoader: loadPlaceGeom: 61000
:01-17-2020 10:47:35 LawbotCogHQLoader(warning): loadPlaceGeom: unclassified zone 61000
:01-17-2020 10:47:35 CogHQLobby: Unloading Place (13100). Fsm in final
:01-17-2020 10:47:35 DistributedLawbotBoss(warning): Not a collision node: LawbotCourtroom3.egg/-PandaNode/CR3/interior/CR3_Floor
:01-17-2020 10:47:35 DistributedToon: calling LocalAvatar.startchat
:01-17-2020 10:47:35 LawbotHQBossBattle(warning): fsm.request('movie') returned 0 (zone id 61000, avatar pos LPoint3f(-0.363562, -126.204, 0.193903)).
:01-17-2020 10:47:38 TTOffMagicWordManager: Restarting Scale Round
:01-17-2020 10:49:19 GarbageCollect(warning): garbage found, reverting gc threshold
frame rate: 264.1 fps|0.001d|12 avs||317|317||0x0000|0x0000|1066.0MB|1169.9MB|16235.6MB|567|nt.2.6.2|3.701,3.701|6,12 cpus|OpenGL
frame rate: 249.8 fps|0.001d|12 avs||617|617||0x0000|0x0000|1382.5MB|1486.8MB|16235.6MB|670|nt.2.6.2|3.701,3.701|6,12 cpus|OpenGL
frame rate: 227.5 fps|0.001d|12 avs||917|917||0x0000|0x0000|1721.6MB|1826.8MB|16235.6MB|778|nt.2.6.2|3.701,3.701|6,12 cpus|OpenGL
:01-17-2020 11:02:37 :linmath(warning): Tried to invert singular LMatrix3.
frame rate: 218.9 fps|0.001d|12 avs||1217|1217||0x0000|0x0000|2130.1MB|2236.1MB|16235.6MB|904|nt.2.6.2|3.701,3.701|6,12 cpus|OpenGL
frame rate: 228.5 fps|0.001d|12 avs||1517|1517||0x0000|0x0000|2526.5MB|2633.4MB|16235.6MB|1026|nt.2.6.2|3.701,3.701|6,12 cpus|OpenGL
:01-17-2020 11:14:36 TimeManager: Clock sync: timer
frame rate: 224.4 fps|0.001d|12 avs||1817|1817||0x0000|0x0000|2899.1MB|3006.5MB|16235.6MB|1164|nt.2.6.2|3.701,3.701|6,12 cpus|OpenGL
:01-17-2020 11:14:36 TimeManager: Clock sync roundtrip took 27.774 ms
:01-17-2020 11:14:36 TimeManager: AI time delta is -0:00 from server delta
:01-17-2020 11:14:36 ClockDelta: previous delta at -0.989 s, +/- 1.023 s.
:01-17-2020 11:14:36 ClockDelta: new delta at -1.497 s, +/- 0.014 s.
:01-17-2020 11:14:36 ClockDelta: intersection at -1.497 s, +/- 0.014 s.
:01-17-2020 11:14:36 TimeManager: Local clock uncertainty +/- 0.014 s
frame rate: 250.2 fps|0.001d|12 avs||2117|2117||0x0000|0x0000|2921.9MB|3394.1MB|16235.6MB|1284|nt.2.6.2|3.701,3.701|6,12 cpus|OpenGL
frame rate: 222.3 fps|0.001d|12 avs||2417|2417||0x0000|0x0000|3020.3MB|3788.8MB|16235.6MB|1407|nt.2.6.2|3.701,3.701|6,12 cpus|OpenGL
frame rate: 209.6 fps|0.001d|12 avs||2717|2717||0x0000|0x0000|2685.1MB|4152.5MB|16235.6MB|2147|nt.2.6.2|3.701,3.701|6,12 cpus|OpenGL
frame rate: 224.4 fps|0.001d|12 avs||3017|3017||0x0000|0x0000|3093.6MB|4559.7MB|16235.6MB|2273|nt.2.6.2|3.701,3.701|6,12 cpus|OpenGL
adding timeout task
adding timeout task
frame rate: 288.5 fps|0.000d|12 avs||3317|3317||0x0000|0x0000|3346.6MB|4811.2MB|16235.6MB|2361|nt.2.6.2|3.701,3.701|6,12 cpus|OpenGL
:01-17-2020 11:44:36 TimeManager: Clock sync: timer
frame rate: 286.6 fps|0.000d|12 avs||3617|3617||0x0000|0x0000|3724.7MB|5189.3MB|16235.6MB|2479|nt.2.6.2|3.701,3.701|6,12 cpus|OpenGL
:01-17-2020 11:44:36 TimeManager: Clock sync roundtrip took 78.661 ms
:01-17-2020 11:44:36 TimeManager: AI time delta is -0:00 from server delta
:01-17-2020 11:44:36 ClockDelta: previous delta at -1.497 s, +/- 0.514 s.
:01-17-2020 11:44:36 ClockDelta: new delta at -1.479 s, +/- 0.039 s.
:01-17-2020 11:44:36 ClockDelta: intersection at -1.479 s, +/- 0.039 s.
:01-17-2020 11:44:36 TimeManager: Local clock uncertainty +/- 0.039 s
frame rate: 223.7 fps|0.001d|12 avs||3917|3917||0x0000|0x0000|4099.8MB|5564.3MB|16235.6MB|2618|nt.2.6.2|3.701,3.701|6,12 cpus|OpenGL
frame rate: 230.0 fps|0.001d|12 avs||4217|4217||0x0000|0x0000|4487.7MB|5952.3MB|16235.6MB|2738|nt.2.6.2|3.701,3.701|6,12 cpus|OpenGL
frame rate: 234.3 fps|0.001d|12 avs||4517|4517||0x0000|0x0000|4899.7MB|6365.1MB|16235.6MB|2865|nt.2.6.2|3.701,3.701|6,12 cpus|OpenGL
:01-17-2020 12:02:45 OTPClientRepository: Sending heartbeat mid-frame.
frame rate: 225.3 fps|0.001d|12 avs||4817|4817||0x0000|0x0000|4891.7MB|6787.0MB|16235.6MB|2994|nt.2.6.2|3.701,3.701|6,12 cpus|OpenGL
frame rate: 244.6 fps|0.001d|12 avs||5117|5117||0x0000|0x0000|5257.4MB|7220.3MB|16235.6MB|3189|nt.2.6.2|3.701,3.701|6,12 cpus|OpenGL
:01-17-2020 12:14:36 TimeManager: Clock sync: timer
:01-17-2020 12:14:36 TimeManager: Clock sync roundtrip took 27.452 ms
:01-17-2020 12:14:36 TimeManager: AI time delta is -0:00 from server delta
:01-17-2020 12:14:36 ClockDelta: previous delta at -1.479 s, +/- 0.539 s.
:01-17-2020 12:14:36 ClockDelta: new delta at -1.493 s, +/- 0.014 s.
:01-17-2020 12:14:36 ClockDelta: intersection at -1.493 s, +/- 0.014 s.
:01-17-2020 12:14:36 TimeManager: Local clock uncertainty +/- 0.014 s
frame rate: 229.9 fps|0.001d|12 avs||5417|5417||0x0000|0x0000|5685.2MB|7650.9MB|16235.6MB|3321|nt.2.6.2|3.701,3.701|6,12 cpus|OpenGL
frame rate: 230.0 fps|0.001d|12 avs||5717|5717||0x0000|0x0000|5673.3MB|8078.6MB|16235.6MB|3452|nt.2.6.2|3.701,3.701|6,12 cpus|OpenGL
adding timeout task
adding timeout task
:01-17-2020 12:22:32 ToonBase: User closed main window.
:01-17-2020 12:22:32 TimeManager: Client disconnect reason 2.
adding timeout task
:01-17-2020 12:22:32 LawbotHQBossBattle: Unloading Place (61000). Fsm in final
:01-17-2020 12:22:33 OTPClientRepository(warning): unclean exit, abandoning shard
ignoring InputState-forward
:01-17-2020 12:22:33 OTPClientRepository: sending clientLogout
:01-17-2020 12:22:33 LocalAvatar(warning): redundant call to stopUpdateSmartCamera
:01-17-2020 12:22:33 OTPClientRepository: Sent disconnect message to server
:01-17-2020 12:22:33 OTPClientRepository: Closing connection to server.
:01-17-2020 12:22:33 OTPClientRepository: Exiting cleanly
:01-17-2020 12:22:33 ToonBase: Exiting Toontown: errorCode = None
:01-17-2020 12:22:33 TTOffLauncher: setting panda error code to 0
:01-17-2020 12:22:33 TTOffLauncher: Normal exit.
