

Starting Toontown Online...
Current time: Tue Oct  6 13:38:43 2020 Eastern Standard Time
sys.path =  ['', 'C:\\Panda3D-1.11.0-x64\\python\\python27.zip', 'C:\\Panda3D-1.11.0-x64', 'C:\\Panda3D-1.11.0-x64\\python\\DLLs', 'C:\\Panda3D-1.11.0-x64\\python\\lib', 'C:\\Panda3D-1.11.0-x64\\python\\lib\\plat-win', 'C:\\Panda3D-1.11.0-x64\\python\\lib\\lib-tk', 'C:\\Panda3D-1.11.0-x64\\python', 'C:\\Panda3D-1.11.0-x64\\bin', 'C:\\Panda3D-1.11.0-x64\\python\\lib\\site-packages']
sys.argv =  ['D:\\hollybae\\Aly\\Toontown-School-House\\toontown\\launcher\\TTOffQuickStartLauncher.py']
generating standard configrc
os.environ =  {'TMP': 'C:\\Users\\holla\\AppData\\Local\\Temp', 'ONEDRIVECONSUMER': 'C:\\Users\\holla\\OneDrive', 'COMPUTERNAME': 'HOLLYBAES-PC', 'USERDOMAIN': 'HOLLYBAES-PC', 'INTEL_DEV_REDIST': 'C:\\Program Files (x86)\\Common Files\\Intel\\Shared Libraries\\', 'PSMODULEPATH': 'C:\\Program Files\\WindowsPowerShell\\Modules;C:\\WINDOWS\\system32\\WindowsPowerShell\\v1.0\\Modules', 'COMMONPROGRAMFILES': 'C:\\Program Files\\Common Files', 'PROCESSOR_IDENTIFIER': 'Intel64 Family 6 Model 158 Stepping 10, GenuineIntel', 'PROGRAMFILES': 'C:\\Program Files', 'PROCESSOR_REVISION': '9e0a', 'PATH': 'C:\\Panda3D-1.11.0-x64\\panda3d\\..\\bin;C:\\Program Files (x86)\\Razer\\ChromaBroadcast\\bin;C:\\Program Files\\Razer\\ChromaBroadcast\\bin;C:\\Program Files (x86)\\Common Files\\Intel\\Shared Libraries\\redist\\intel64\\compiler;C:\\Program Files (x86)\\Common Files\\Oracle\\Java\\javapath;C:\\WINDOWS\\system32;C:\\WINDOWS;C:\\WINDOWS\\System32\\Wbem;C:\\WINDOWS\\System32\\WindowsPowerShell\\v1.0\\;C:\\WINDOWS\\System32\\OpenSSH\\;C:\\Program Files (x86)\\NVIDIA Corporation\\PhysX\\Common;C:\\Program Files\\NVIDIA Corporation\\NVIDIA NvDLISR;C:\\WINDOWS\\system32\\config\\systemprofile\\AppData\\Local\\Microsoft\\WindowsApps;C:\\Users\\holla\\AppData\\Local\\Microsoft\\WindowsApps;C:\\Panda3D-1.11.0-x64\\python;C:\\Panda3D-1.11.0-x64\\python\\Scripts;C:\\Panda3D-1.11.0-x64\\bin', 'SYSTEMROOT': 'C:\\WINDOWS', 'MIC_LD_LIBRARY_PATH': 'C:\\Program Files (x86)\\Common Files\\Intel\\Shared Libraries\\compiler\\lib\\mic', 'COMSPEC': 'C:\\WINDOWS\\system32\\cmd.exe', 'DRIVERDATA': 'C:\\Windows\\System32\\Drivers\\DriverData', 'PPYTHON_PATH': '"C:\\Panda3D-1.11.0-x64\\python\\ppython.exe"', 'TEMP': 'C:\\Users\\holla\\AppData\\Local\\Temp', 'COMMONPROGRAMFILES(X86)': 'C:\\Program Files (x86)\\Common Files', 'PROCESSOR_ARCHITECTURE': 'AMD64', 'PROGRAMFILES(X86)': 'C:\\Program Files (x86)', 'ALLUSERSPROFILE': 'C:\\ProgramData', 'LOCALAPPDATA': 'C:\\Users\\holla\\AppData\\Local', 'FPS_BROWSER_USER_PROFILE_STRING': 'Default', 'HOMEPATH': '\\Users\\holla', 'USERDOMAIN_ROAMINGPROFILE': 'HOLLYBAES-PC', 'PROGRAMW6432': 'C:\\Program Files', 'USERNAME': 'holla', 'LOGONSERVER': '\\\\HOLLYBAES-PC', 'PROMPT': '$P$G', 'SESSIONNAME': 'Console', 'PROGRAMDATA': 'C:\\ProgramData', 'ONEDRIVE': 'C:\\Users\\holla\\OneDrive', 'FPS_BROWSER_APP_PROFILE_STRING': 'Internet Explorer', 'PATHEXT': '.COM;.EXE;.BAT;.CMD;.VBS;.VBE;.JS;.JSE;.WSF;.WSH;.MSC', 'TTOFF_LOGIN_TOKEN': 'dev', 'WINDIR': 'C:\\WINDOWS', 'APPDATA': 'C:\\Users\\holla\\AppData\\Roaming', 'HOMEDRIVE': 'C:', 'SYSTEMDRIVE': 'C:', 'NUMBER_OF_PROCESSORS': '12', 'PROCESSOR_LEVEL': '6', 'COMMONPROGRAMW6432': 'C:\\Program Files\\Common Files', 'OS': 'Windows_NT', 'PUBLIC': 'C:\\Users\\Public', 'USERPROFILE': 'C:\\Users\\holla'}
:10-06-2020 13:38:43 TTOffLauncher: isTestServer: 0
:10-06-2020 13:38:43 TTOffLauncher: Game Server 127.0.0.1
:10-06-2020 13:38:43 TTOffLauncher: Starting Toontown Online... 
:10-06-2020 13:38:43 TTOffLauncher: foreground: Launcher now operating in foreground
useTTOffSpecificLogin=True
:10-06-2020 13:38:43 TTOffLauncher: maybeStartGame: starting game
:10-06-2020 13:38:43 TTOffLauncher: Starting Toontown Online...
:10-06-2020 13:38:43 TTOffLauncher: background: Launcher now operating in background
ToontownStart: Polling for game2 to finish...
ToontownStart: Game2 is finished.
ToontownStart: Starting the game.
ToontownStart: setting default font
:10-06-2020 13:38:43 TTOffLauncher: setting panda error code to 7
Known pipe types:
  wglGraphicsPipe
(all display modules loaded.)
:10-06-2020 13:38:43 ToonBase: Default graphics pipe is wglGraphicsPipe (OpenGL).
:10-06-2020 13:38:43 ToonBase: Successfully opened window of type wglGraphicsWindow (OpenGL)
:10-06-2020 13:38:43 ShowBase: __dev__ == False
:10-06-2020 13:38:43 TTOffLauncher: setting panda error code to 11
:10-06-2020 13:38:44 TTOffLauncher: setting panda error code to 0
ToontownStart: Loading default gui sounds
ToontownStart: serverVersion:  tto-dev
:10-06-2020 13:38:44 Loader: starting bulk load of block 'init'
:10-06-2020 13:38:44 :nativenet(error): Buffered_DatagramConnection Constructor rbufsize = 4096000 wbufsize = 4096000 write_flush_point = 1400
:10-06-2020 13:38:44 OTPClientRepository: Using connect method 'http'
:10-06-2020 13:38:45 TTOffLauncher: getRegistry ('DEPLOYMENT', None)
:10-06-2020 13:38:45 TTOffLauncher: checking env
:10-06-2020 13:38:45 TTOffLauncher: getRegistry ('GAME_DEPLOYMENT', None)
:10-06-2020 13:38:45 TTOffLauncher: checking env
:10-06-2020 13:38:45 OTPClientRepository: reg_deployment=
:10-06-2020 13:38:45 OTPClientRepository: required-login auto.
:10-06-2020 13:38:45 OTPClientRepository: loginInterface: LoginTTOffAccount
:10-06-2020 13:38:45 TTOffLauncher: getNeedPwForSecretKey using ttoff-specific-login
:10-06-2020 13:38:45 Loader: At end of block 'init', expected 138, loaded 8, duration=1.6679
:10-06-2020 13:38:45 OTPClientRepository: Connecting to gameserver directly (no proxy).
:10-06-2020 13:38:45 OTPClientRepository: Connecting to //127.0.0.1:7198 via HTTP interface.
:10-06-2020 13:38:45 TTOffLauncher: Stopping mini task manager.
:10-06-2020 13:38:45 OTPClientRepository: Successfully connected to //127.0.0.1:7198.
:10-06-2020 13:38:45 TTOffLauncher: Setting Disconnect Details normal
{401000001: <toontown.distributed.ToontownDistrict.ToontownDistrict instance at 0x0000000019D6F748>}
{401000001: <toontown.distributed.ToontownDistrict.ToontownDistrict instance at 0x0000000019D6F748>}
:10-06-2020 13:38:58 StateData: AvatarChooser.enter
:10-06-2020 13:38:58 DisplayOptions: settingsFullScreen = False, embedded = False width=800 height=600
:10-06-2020 13:38:58 StateData: calling self.displayOptions.restrictToEmbedded(False)
:10-06-2020 13:40:56 OTPClientRepository: ================
:10-06-2020 13:40:56 OTPClientRepository: Chose avatar id: 100000014
:10-06-2020 13:40:56 OTPClientRepository: Chose avatar name: Holland
:10-06-2020 13:40:56 OTPClientRepository: Chose avatar dna: ('css', 'ms', 'm', 'm', 16, 0, 16, 16, 113, 27, 99, 27, 7, 21)
:10-06-2020 13:40:56 OTPClientRepository: Chose avatar position: 5
:10-06-2020 13:40:56 OTPClientRepository: isPaid: 1
:10-06-2020 13:40:56 OTPClientRepository: freeTimeLeft: 0
:10-06-2020 13:40:56 OTPClientRepository: allowSecretChat: True
:10-06-2020 13:40:56 OTPClientRepository: ================
:10-06-2020 13:40:56 Loader: starting bulk load of block 'localAvatarPlayGame'
:10-06-2020 13:40:57 ToontownTimeManager(warning): error parsing date string=
local
:10-06-2020 13:40:57 NewsPageButtonManager(warning): Should not get here. NewsPageButtonManager.exitOff
:10-06-2020 13:40:57 :pnmimage:png(warning): iCCP: known incorrect sRGB profile
:10-06-2020 13:40:59 OTPClientRepository: Entering shard 401000001
:10-06-2020 13:40:59 StreetSign: Street sign url is https://ttoffline.com/images/
:10-06-2020 13:41:00 StreetSign: Street Sign is up to date
:10-06-2020 13:41:00 TimeManager: Clock sync: TimeManager.announceGenerate
:10-06-2020 13:41:00 InGameNewsMgr: latestIssue=2013-08-22 16:49:46.000003-07:00
cpu info: GenuineIntel|Intel(R) Core(TM) i7-8700K CPU @ 3.70GHz|591594|0|3.696,3.696|6,12 cpus
:10-06-2020 13:41:01 OTPClientRepository: No sync from TimeManager.
:10-06-2020 13:41:01 OTPClientRepository: gotTimeSync
:10-06-2020 13:41:01 Loader: At end of block 'localAvatarPlayGame', expected 400, loaded 12, duration=4.8678031
:10-06-2020 13:41:01 TimeManager: Clock sync roundtrip took 1073.721 ms
:10-06-2020 13:41:01 TimeManager: AI time delta is -0:01 from server delta
:10-06-2020 13:41:01 TimeManager: Local clock uncertainty +/- 0.537 s
:10-06-2020 13:41:01 PlayGame: QA-REGRESSION: NEIGHBORHOODS: Visit Lawbot HQ
:10-06-2020 13:41:01 Loader: starting bulk load of block 'hood'
:10-06-2020 13:41:02 LawbotCogHQLoader: loadPlaceGeom: 13000
:10-06-2020 13:41:02 DistributedObject: DistributedSuitPlanner 401002972: generating
:10-06-2020 13:41:02 DistributedToon: calling LocalAvatar.startchat
:10-06-2020 13:41:02 :loader(error): Couldn't load file phase_4/models/questmap/cog_hq_lawbot_maps.bam: not found on model path (currently: "/;/d/hollybae/Aly/Toontown-School-House/toontown/launcher;/c/Panda3D-1.11.0-x64/etc/..;/c/Panda3D-1.11.0-x64/etc/../models")
:10-06-2020 13:41:02 Loader: At end of block 'hood', expected 2, loaded 4, duration=0.9800709
:10-06-2020 13:41:04 Teleport(debug): teleportInDone: walk
:10-06-2020 13:41:04 :loader(error): Couldn't load file phase_4/models/questmap/cog_hq_lawbot_maps.bam: not found on model path (currently: "/;/d/hollybae/Aly/Toontown-School-House/toontown/launcher;/c/Panda3D-1.11.0-x64/etc/..;/c/Panda3D-1.11.0-x64/etc/../models")
:10-06-2020 13:41:32 TTOffMagicWordManager: God mode enabled for Holland!
:10-06-2020 13:41:37 LawbotCogHQLoader: loadPlaceGeom: 13100
:10-06-2020 13:41:37 LawbotCogHQLoader: QA-REGRESSION: COGHQ: Visit LawbotLobby
:10-06-2020 13:41:37 LawbotHQExterior: Unloading Place (13000). Fsm in final
:10-06-2020 13:41:37 DistributedObject: DistributedSuitPlanner 401002972: disabling
:10-06-2020 13:41:37 DistributedToon: calling LocalAvatar.startchat
:10-06-2020 13:41:37 :loader(error): Couldn't load file phase_4/models/questmap/cog_hq_lawbot_maps.bam: not found on model path (currently: "/;/d/hollybae/Aly/Toontown-School-House/toontown/launcher;/c/Panda3D-1.11.0-x64/etc/..;/c/Panda3D-1.11.0-x64/etc/../models")
:10-06-2020 13:41:38 :loader(error): Couldn't load file phase_4/models/questmap/cog_hq_lawbot_maps.bam: not found on model path (currently: "/;/d/hollybae/Aly/Toontown-School-House/toontown/launcher;/c/Panda3D-1.11.0-x64/etc/..;/c/Panda3D-1.11.0-x64/etc/../models")
:10-06-2020 13:41:43 TTOffMagicWordManager: Run mode has been toggled.
:10-06-2020 13:41:45 TTOffMagicWordManager: Gave Holland an infinite amount of pies
:10-06-2020 13:41:51 LawbotCogHQLoader: loadPlaceGeom: 61000
:10-06-2020 13:41:51 LawbotCogHQLoader(warning): loadPlaceGeom: unclassified zone 61000
:10-06-2020 13:41:51 CogHQLobby: Unloading Place (13100). Fsm in final
:10-06-2020 13:41:51 DistributedLawbotBoss(warning): Not a collision node: LawbotCourtroom3.egg/-PandaNode/CR3/interior/CR3_Floor
:10-06-2020 13:41:51 DistributedToon: calling LocalAvatar.startchat
:10-06-2020 13:41:51 LawbotHQBossBattle(warning): fsm.request('movie') returned 0 (zone id 61000, avatar pos LPoint3f(-0.363562, -126.204, 0.193903)).
:10-06-2020 13:42:05 OTPClientRepository: Sending heartbeat mid-frame.
:10-06-2020 13:42:05 LawbotHQBossBattle(warning): fsm.request('movie') returned 0 (zone id 61000, avatar pos LPoint3f(-0.363562, -126.204, 0.193903)).
Battle Event localtoon-battle-event-3
chatButtonPressed
:10-06-2020 13:42:35 TTOffMagicWordManager: Skipping current round...
:10-06-2020 13:43:04 Actor(warning): called actor.removeNode() on actor without calling cleanup()
:10-06-2020 13:43:04 Actor(warning): called actor.removeNode() on actor without calling cleanup()
:10-06-2020 13:43:04 Actor(warning): called actor.removeNode() on actor without calling cleanup()
:10-06-2020 13:43:04 Actor(warning): called actor.removeNode() on actor without calling cleanup()
:10-06-2020 13:43:04 Actor(warning): called actor.removeNode() on actor without calling cleanup()
:10-06-2020 13:43:04 Actor(warning): called actor.removeNode() on actor without calling cleanup()
:10-06-2020 13:43:04 Actor(warning): called actor.removeNode() on actor without calling cleanup()
:10-06-2020 13:43:04 Actor(warning): called actor.removeNode() on actor without calling cleanup()
:10-06-2020 13:43:04 Actor(warning): called actor.removeNode() on actor without calling cleanup()
:10-06-2020 13:43:04 Actor(warning): called actor.removeNode() on actor without calling cleanup()
:10-06-2020 13:43:04 Actor(warning): called actor.removeNode() on actor without calling cleanup()
:10-06-2020 13:43:04 Actor(warning): called actor.removeNode() on actor without calling cleanup()
:10-06-2020 13:43:04 TTOffMagicWordManager: Restarting Scale Round
:10-06-2020 13:43:44 GarbageCollect(warning): garbage found, reverting gc threshold
adding timeout task
adding timeout task
frame rate: 153.9 fps|0.001d|14 avs||435|435||0x0000|0x0000|641.7MB|768.2MB|32619.6MB|483|nt.2.6.2|3.696,3.696|6,12 cpus|OpenGL
frame rate: 170.9 fps|0.001d|14 avs||735|735||0x0000|0x0000|652.1MB|778.6MB|32619.6MB|518|nt.2.6.2|3.696,3.696|6,12 cpus|OpenGL
adding timeout task
adding timeout task
:10-06-2020 13:54:07 TTOffMagicWordManager: Ta-da!
:10-06-2020 13:54:11 TTOffMagicWordManager: Abracadabra!
:10-06-2020 13:54:30 TTOffMagicWordManager: Voila!
:10-06-2020 13:54:51 TTOffMagicWordManager: Presto!
:10-06-2020 13:55:30 TTOffMagicWordManager: Ta-da!
:10-06-2020 13:55:50 TTOffMagicWordManager: Ta-da!
:10-06-2020 13:55:56 OTPClientRepository: Sending heartbeat mid-frame.
frame rate: 164.8 fps|0.001d|14 avs||1035|1035||0x0000|0x0000|672.1MB|798.7MB|32619.6MB|557|nt.2.6.2|3.696,3.696|6,12 cpus|OpenGL
:10-06-2020 13:56:20 TTOffMagicWordManager: Ta-da!
:10-06-2020 13:57:56 TTOffMagicWordManager: Alakazam!
:10-06-2020 13:58:07 TTOffMagicWordManager: Abracadabra!
:10-06-2020 13:58:20 TTOffMagicWordManager: Presto!
:10-06-2020 13:58:45 TTOffMagicWordManager: Ta-da!
:10-06-2020 13:59:12 TTOffMagicWordManager: Voila!
:10-06-2020 13:59:18 TTOffMagicWordManager: Presto!
:10-06-2020 13:59:28 TTOffMagicWordManager: Ta-da!
:10-06-2020 13:59:37 TTOffMagicWordManager: Alakazam!
:10-06-2020 13:59:55 TTOffMagicWordManager: Ta-da!
:10-06-2020 13:59:59 TTOffMagicWordManager: Presto!
:10-06-2020 14:00:07 TTOffMagicWordManager: Abracadabra!
:10-06-2020 14:00:22 :linmath(warning): Tried to invert singular LMatrix3.
frame rate: 172.3 fps|0.001d|14 avs||1335|1335||0x0000|0x0000|698.4MB|825.0MB|32619.6MB|606|nt.2.6.2|3.696,3.696|6,12 cpus|OpenGL
:10-06-2020 14:01:29 TTOffMagicWordManager: Voila!
:10-06-2020 14:01:34 TTOffMagicWordManager: Voila!
:10-06-2020 14:02:21 TTOffMagicWordManager: Abracadabra!
:10-06-2020 14:02:26 TTOffMagicWordManager: Abracadabra!
:10-06-2020 14:02:33 TTOffMagicWordManager: Alakazam!
:10-06-2020 14:02:46 TTOffMagicWordManager: Abracadabra!
:10-06-2020 14:03:17 TTOffMagicWordManager: Alakazam!
:10-06-2020 14:03:38 TTOffMagicWordManager: Voila!
:10-06-2020 14:04:17 TTOffMagicWordManager: Ta-da!
:10-06-2020 14:04:23 TTOffMagicWordManager: Alakazam!
:10-06-2020 14:04:45 TTOffMagicWordManager: Presto!
:10-06-2020 14:04:49 TTOffMagicWordManager: Alakazam!
:10-06-2020 14:04:53 TTOffMagicWordManager: Presto!
:10-06-2020 14:05:48 TTOffMagicWordManager: Ta-da!
:10-06-2020 14:05:53 TTOffMagicWordManager: Ta-da!
frame rate: 155.9 fps|0.001d|14 avs||1635|1635||0x0000|0x0000|725.3MB|852.0MB|32619.6MB|655|nt.2.6.2|3.696,3.696|6,12 cpus|OpenGL
:10-06-2020 14:06:00 TTOffMagicWordManager: Voila!
:10-06-2020 14:06:09 TTOffMagicWordManager: Voila!
:10-06-2020 14:06:16 TTOffMagicWordManager: Presto!
:10-06-2020 14:06:23 TTOffMagicWordManager: Voila!
:10-06-2020 14:06:44 TTOffMagicWordManager: Presto!
:10-06-2020 14:07:13 TTOffMagicWordManager: Abracadabra!
:10-06-2020 14:07:35 TTOffMagicWordManager: Presto!
:10-06-2020 14:07:54 TTOffMagicWordManager: Presto!
:10-06-2020 14:08:01 TTOffMagicWordManager: Abracadabra!
:10-06-2020 14:08:15 TTOffMagicWordManager: Abracadabra!
:10-06-2020 14:08:22 TTOffMagicWordManager: Alakazam!
:10-06-2020 14:08:39 TTOffMagicWordManager: Ta-da!
:10-06-2020 14:09:46 TTOffMagicWordManager: Voila!
:10-06-2020 14:09:59 TTOffMagicWordManager: Alakazam!
:10-06-2020 14:10:16 TTOffMagicWordManager: Voila!
:10-06-2020 14:10:20 TTOffMagicWordManager: Presto!
:10-06-2020 14:10:34 TTOffMagicWordManager: Abracadabra!
:10-06-2020 14:10:36 TTOffMagicWordManager: Presto!
:10-06-2020 14:10:41 TTOffMagicWordManager: Alakazam!
:10-06-2020 14:10:51 TTOffMagicWordManager: Ta-da!
:10-06-2020 14:10:57 TTOffMagicWordManager: Ta-da!
:10-06-2020 14:10:59 TimeManager: Clock sync: timer
frame rate: 160.5 fps|0.001d|14 avs||1935|1935||0x0000|0x0000|755.3MB|882.0MB|32619.6MB|674|nt.2.6.2|3.696,3.696|6,12 cpus|OpenGL
:10-06-2020 14:10:59 TimeManager: Clock sync roundtrip took 46.261 ms
:10-06-2020 14:10:59 TimeManager: AI time delta is -0:00 from server delta
:10-06-2020 14:10:59 ClockDelta: previous delta at -0.992 s, +/- 1.036 s.
:10-06-2020 14:10:59 ClockDelta: new delta at -1.521 s, +/- 0.023 s.
:10-06-2020 14:10:59 ClockDelta: intersection at -1.521 s, +/- 0.023 s.
:10-06-2020 14:10:59 TimeManager: Local clock uncertainty +/- 0.023 s
:10-06-2020 14:11:03 TTOffMagicWordManager: Presto!
:10-06-2020 14:11:13 TTOffMagicWordManager: Voila!
:10-06-2020 14:11:32 TTOffMagicWordManager: Abracadabra!
:10-06-2020 14:11:41 TTOffMagicWordManager: Ta-da!
:10-06-2020 14:11:53 TTOffMagicWordManager: Abracadabra!
:10-06-2020 14:12:03 TTOffMagicWordManager: Voila!
:10-06-2020 14:12:11 TTOffMagicWordManager: Alakazam!
:10-06-2020 14:12:19 TTOffMagicWordManager: Abracadabra!
:10-06-2020 14:12:24 TTOffMagicWordManager: Ta-da!
:10-06-2020 14:12:36 TTOffMagicWordManager: Alakazam!
:10-06-2020 14:12:42 TTOffMagicWordManager: Ta-da!
:10-06-2020 14:12:51 TTOffMagicWordManager: Ta-da!
:10-06-2020 14:12:59 TTOffMagicWordManager: Alakazam!
:10-06-2020 14:13:17 TTOffMagicWordManager: Ta-da!
:10-06-2020 14:13:35 TTOffMagicWordManager: Alakazam!
:10-06-2020 14:14:10 TTOffMagicWordManager: Voila!
:10-06-2020 14:14:13 TTOffMagicWordManager: Abracadabra!
:10-06-2020 14:14:20 TTOffMagicWordManager: Voila!
:10-06-2020 14:14:24 TTOffMagicWordManager: Alakazam!
:10-06-2020 14:14:27 TTOffMagicWordManager: Ta-da!
:10-06-2020 14:14:31 TTOffMagicWordManager: Abracadabra!
:10-06-2020 14:14:36 TTOffMagicWordManager: Presto!
:10-06-2020 14:14:49 TTOffMagicWordManager: Voila!
:10-06-2020 14:15:01 TTOffMagicWordManager: Ta-da!
:10-06-2020 14:15:18 TTOffMagicWordManager: Voila!
frame rate: 151.3 fps|0.001d|14 avs||2235|2235||0x0000|0x0000|784.2MB|911.0MB|32619.6MB|681|nt.2.6.2|3.696,3.696|6,12 cpus|OpenGL
:10-06-2020 14:16:12 TTOffMagicWordManager: Ta-da!
:10-06-2020 14:16:21 TTOffMagicWordManager: Ta-da!
:10-06-2020 14:16:25 TTOffMagicWordManager: Voila!
:10-06-2020 14:16:35 TTOffMagicWordManager: Ta-da!
:10-06-2020 14:16:55 TTOffMagicWordManager: Presto!
:10-06-2020 14:17:04 TTOffMagicWordManager: Ta-da!
:10-06-2020 14:17:28 TTOffMagicWordManager: Alakazam!
:10-06-2020 14:18:44 TTOffMagicWordManager: Ta-da!
:10-06-2020 14:19:30 TTOffMagicWordManager: Presto!
:10-06-2020 14:19:48 TTOffMagicWordManager: Voila!
:10-06-2020 14:20:12 TTOffMagicWordManager: Ta-da!
frame rate: 170.4 fps|0.002d|14 avs||2535|2535||0x0000|0x0000|811.2MB|938.1MB|32619.6MB|688|nt.2.6.2|3.696,3.696|6,12 cpus|OpenGL
:10-06-2020 14:21:03 TTOffMagicWordManager: Voila!
:10-06-2020 14:22:49 TTOffMagicWordManager: Alakazam!
:10-06-2020 14:23:15 TTOffMagicWordManager: Ta-da!
:10-06-2020 14:23:39 TTOffMagicWordManager: Presto!
:10-06-2020 14:24:31 TTOffMagicWordManager: Voila!
:10-06-2020 14:24:36 TTOffMagicWordManager: Presto!
:10-06-2020 14:24:40 TTOffMagicWordManager: Abracadabra!
:10-06-2020 14:25:55 TTOffMagicWordManager: Alakazam!
frame rate: 170.2 fps|0.002d|14 avs||2835|2835||0x0000|0x0000|831.1MB|958.0MB|32619.6MB|714|nt.2.6.2|3.696,3.696|6,12 cpus|OpenGL
:10-06-2020 14:26:07 TTOffMagicWordManager: Voila!
:10-06-2020 14:26:43 TTOffMagicWordManager: Ta-da!
:10-06-2020 14:27:11 TTOffMagicWordManager: Alakazam!
:10-06-2020 14:27:58 TTOffMagicWordManager: Ta-da!
:10-06-2020 14:28:14 TTOffMagicWordManager: Presto!
:10-06-2020 14:28:27 TTOffMagicWordManager: Voila!
:10-06-2020 14:28:33 TTOffMagicWordManager: Alakazam!
:10-06-2020 14:28:45 TTOffMagicWordManager: Alakazam!
:10-06-2020 14:29:23 TTOffMagicWordManager: Abracadabra!
:10-06-2020 14:29:30 TTOffMagicWordManager: Abracadabra!
:10-06-2020 14:29:52 TTOffMagicWordManager: Voila!
:10-06-2020 14:29:59 TTOffMagicWordManager: Voila!
:10-06-2020 14:30:19 TTOffMagicWordManager: Presto!
:10-06-2020 14:30:40 TTOffMagicWordManager: Voila!
:10-06-2020 14:30:55 TTOffMagicWordManager: Voila!
frame rate: 163.0 fps|0.001d|14 avs||3135|3135||0x0000|0x0000|856.9MB|983.9MB|32619.6MB|721|nt.2.6.2|3.696,3.696|6,12 cpus|OpenGL
:10-06-2020 14:31:24 TTOffMagicWordManager: Voila!
:10-06-2020 14:31:37 TTOffMagicWordManager: Alakazam!
:10-06-2020 14:31:48 TTOffMagicWordManager: Ta-da!
:10-06-2020 14:31:55 TTOffMagicWordManager: Presto!
:10-06-2020 14:32:16 TTOffMagicWordManager: Abracadabra!
:10-06-2020 14:33:40 TTOffMagicWordManager: Ta-da!
:10-06-2020 14:33:45 TTOffMagicWordManager: Presto!
:10-06-2020 14:34:17 TTOffMagicWordManager: Ta-da!
frame rate: 181.7 fps|0.000d|14 avs||3435|3435||0x0000|0x0000|876.4MB|1003.4MB|32619.6MB|747|nt.2.6.2|3.696,3.696|6,12 cpus|OpenGL
adding timeout task
adding timeout task
:10-06-2020 14:36:24 TTOffMagicWordManager: Ta-da!
:10-06-2020 14:36:31 TTOffMagicWordManager: Abracadabra!
:10-06-2020 14:36:50 TTOffMagicWordManager: Presto!
:10-06-2020 14:37:00 TTOffMagicWordManager: Ta-da!
:10-06-2020 14:37:12 TTOffMagicWordManager: Abracadabra!
:10-06-2020 14:37:19 TTOffMagicWordManager: Ta-da!
:10-06-2020 14:37:24 TTOffMagicWordManager: Abracadabra!
:10-06-2020 14:37:30 TTOffMagicWordManager: Abracadabra!
:10-06-2020 14:37:41 TTOffMagicWordManager: Abracadabra!
:10-06-2020 14:37:46 TTOffMagicWordManager: Ta-da!
:10-06-2020 14:37:54 TTOffMagicWordManager: These arguments are of the wrong type!
:10-06-2020 14:37:55 TTOffMagicWordManager: Presto!
:10-06-2020 14:38:00 TTOffMagicWordManager: Alakazam!
:10-06-2020 14:38:15 TTOffMagicWordManager: Voila!
:10-06-2020 14:38:26 TTOffMagicWordManager: Ta-da!
:10-06-2020 14:38:37 TTOffMagicWordManager: Abracadabra!
:10-06-2020 14:38:42 TTOffMagicWordManager: Voila!
:10-06-2020 14:38:59 TTOffMagicWordManager: Ta-da!
:10-06-2020 14:39:10 TTOffMagicWordManager: Abracadabra!
:10-06-2020 14:39:22 TTOffMagicWordManager: Alakazam!
:10-06-2020 14:39:56 TTOffMagicWordManager: Abracadabra!
:10-06-2020 14:40:04 TTOffMagicWordManager: Ta-da!
:10-06-2020 14:40:15 TTOffMagicWordManager: Voila!
:10-06-2020 14:40:30 TTOffMagicWordManager: Presto!
:10-06-2020 14:40:43 TTOffMagicWordManager: Abracadabra!
:10-06-2020 14:40:54 TTOffMagicWordManager: Abracadabra!
:10-06-2020 14:40:59 TimeManager: Clock sync: timer
frame rate: 159.8 fps|0.001d|14 avs||3735|3735||0x0000|0x0000|905.2MB|1032.4MB|32619.6MB|776|nt.2.6.2|3.696,3.696|6,12 cpus|OpenGL
:10-06-2020 14:40:59 TimeManager: Clock sync roundtrip took 47.775 ms
:10-06-2020 14:40:59 TimeManager: AI time delta is -0:00 from server delta
:10-06-2020 14:40:59 ClockDelta: previous delta at -1.521 s, +/- 0.523 s.
:10-06-2020 14:40:59 ClockDelta: new delta at -1.517 s, +/- 0.024 s.
:10-06-2020 14:40:59 ClockDelta: intersection at -1.517 s, +/- 0.024 s.
:10-06-2020 14:40:59 TimeManager: Local clock uncertainty +/- 0.024 s
:10-06-2020 14:41:16 TTOffMagicWordManager: Abracadabra!
:10-06-2020 14:41:28 TTOffMagicWordManager: Presto!
:10-06-2020 14:41:38 TTOffMagicWordManager: Abracadabra!
:10-06-2020 14:41:55 TTOffMagicWordManager: Abracadabra!
:10-06-2020 14:42:04 TTOffMagicWordManager: Alakazam!
:10-06-2020 14:42:15 TTOffMagicWordManager: Abracadabra!
:10-06-2020 14:42:19 TTOffMagicWordManager: Abracadabra!
:10-06-2020 14:42:33 TTOffMagicWordManager: Ta-da!
:10-06-2020 14:42:38 TTOffMagicWordManager: Voila!
:10-06-2020 14:42:51 TTOffMagicWordManager: Alakazam!
:10-06-2020 14:43:05 TTOffMagicWordManager: Voila!
:10-06-2020 14:43:06 TTOffMagicWordManager: Alakazam!
:10-06-2020 14:43:16 TTOffMagicWordManager: Presto!
:10-06-2020 14:43:32 TTOffMagicWordManager: Voila!
:10-06-2020 14:43:39 LawbotHQBossBattle(warning): fsm.request('finalBattle') returned 0 (zone id 61000, avatar pos LPoint3f(-31.803, 56.7399, -0.000324771)).
:10-06-2020 14:43:39 TTOffMagicWordManager: Restarting Scale Round
:10-06-2020 14:43:46 TTOffMagicWordManager: Abracadabra!
:10-06-2020 14:43:59 TTOffMagicWordManager: Voila!
:10-06-2020 14:44:13 TTOffMagicWordManager: Presto!
:10-06-2020 14:44:23 TTOffMagicWordManager: Alakazam!
:10-06-2020 14:45:55 TTOffMagicWordManager: Presto!
frame rate: 169.9 fps|0.002d|14 avs||4035|4035||0x0000|0x0000|935.4MB|1062.6MB|32619.6MB|805|nt.2.6.2|3.696,3.696|6,12 cpus|OpenGL
:10-06-2020 14:46:18 TTOffMagicWordManager: Alakazam!
:10-06-2020 14:46:25 TTOffMagicWordManager: Presto!
:10-06-2020 14:46:38 TTOffMagicWordManager: Presto!
:10-06-2020 14:46:53 TTOffMagicWordManager: Ta-da!
:10-06-2020 14:47:09 TTOffMagicWordManager: Abracadabra!
:10-06-2020 14:47:20 TTOffMagicWordManager: Alakazam!
:10-06-2020 14:47:33 TTOffMagicWordManager: Voila!
:10-06-2020 14:47:54 TTOffMagicWordManager: Alakazam!
:10-06-2020 14:48:07 TTOffMagicWordManager: Presto!
:10-06-2020 14:48:17 TTOffMagicWordManager: Presto!
:10-06-2020 14:48:32 TTOffMagicWordManager: Presto!
:10-06-2020 14:48:59 TTOffMagicWordManager: Presto!
:10-06-2020 14:49:10 TTOffMagicWordManager: Ta-da!
:10-06-2020 14:49:19 TTOffMagicWordManager: Ta-da!
:10-06-2020 14:49:36 TTOffMagicWordManager: Presto!
:10-06-2020 14:49:55 TTOffMagicWordManager: Voila!
:10-06-2020 14:50:03 TTOffMagicWordManager: Presto!
:10-06-2020 14:50:17 TTOffMagicWordManager: Voila!
:10-06-2020 14:50:27 TTOffMagicWordManager: Voila!
:10-06-2020 14:50:37 TTOffMagicWordManager: Abracadabra!
:10-06-2020 14:50:49 TTOffMagicWordManager: Abracadabra!
frame rate: 156.6 fps|0.001d|14 avs||4335|4335||0x0000|0x0000|968.4MB|1095.7MB|32619.6MB|836|nt.2.6.2|3.696,3.696|6,12 cpus|OpenGL
:10-06-2020 14:50:59 TTOffMagicWordManager: Presto!
:10-06-2020 14:51:38 TTOffMagicWordManager: Alakazam!
:10-06-2020 14:51:49 TTOffMagicWordManager: Alakazam!
:10-06-2020 14:51:59 TTOffMagicWordManager: Abracadabra!
