

Starting Toontown Online...
Current time: Sat Jun 13 14:47:36 2020 Eastern Standard Time
sys.path =  ['', 'C:\\Panda3D-1.11.0-x64\\python\\python27.zip', 'C:\\Panda3D-1.11.0-x64', 'C:\\Panda3D-1.11.0-x64\\python\\DLLs', 'C:\\Panda3D-1.11.0-x64\\python\\lib', 'C:\\Panda3D-1.11.0-x64\\python\\lib\\plat-win', 'C:\\Panda3D-1.11.0-x64\\python\\lib\\lib-tk', 'C:\\Panda3D-1.11.0-x64\\python', 'C:\\Panda3D-1.11.0-x64\\bin', 'C:\\Panda3D-1.11.0-x64\\python\\lib\\site-packages']
sys.argv =  ['D:\\hollybae\\Aly\\Toontown-School-House\\toontown\\launcher\\TTOffQuickStartLauncher.py']
generating standard configrc
os.environ =  {'TMP': 'C:\\Users\\holla\\AppData\\Local\\Temp', 'COMPUTERNAME': 'HOLLYBAES-PC', 'USERDOMAIN': 'HOLLYBAES-PC', 'INTEL_DEV_REDIST': 'C:\\Program Files (x86)\\Common Files\\Intel\\Shared Libraries\\', 'PSMODULEPATH': 'C:\\Program Files\\WindowsPowerShell\\Modules;C:\\WINDOWS\\system32\\WindowsPowerShell\\v1.0\\Modules', 'COMMONPROGRAMFILES': 'C:\\Program Files\\Common Files', 'PROCESSOR_IDENTIFIER': 'Intel64 Family 6 Model 158 Stepping 10, GenuineIntel', 'VBOX_MSI_INSTALL_PATH': 'C:\\Program Files\\Oracle\\VirtualBox\\', 'PROGRAMFILES': 'C:\\Program Files', 'PROCESSOR_REVISION': '9e0a', 'PATH': 'C:\\Panda3D-1.11.0-x64\\panda3d\\..\\bin;C:\\Program Files (x86)\\Razer Chroma SDK\\bin;C:\\Program Files\\Razer Chroma SDK\\bin;C:\\Program Files (x86)\\Razer\\ChromaBroadcast\\bin;C:\\Program Files\\Razer\\ChromaBroadcast\\bin;C:\\Program Files (x86)\\Common Files\\Intel\\Shared Libraries\\redist\\intel64_win\\compiler;C:\\Program Files (x86)\\Common Files\\Oracle\\Java\\javapath;C:\\Program Files (x86)\\Common Files\\Intel\\Shared Libraries\\redist\\intel64\\compiler;C:\\WINDOWS\\system32;C:\\WINDOWS;C:\\WINDOWS\\System32\\Wbem;C:\\WINDOWS\\System32\\WindowsPowerShell\\v1.0\\;C:\\WINDOWS\\System32\\OpenSSH\\;C:\\Program Files (x86)\\NVIDIA Corporation\\PhysX\\Common;C:\\Program Files\\NVIDIA Corporation\\NVIDIA NvDLISR;C:\\WINDOWS\\system32;C:\\WINDOWS;C:\\WINDOWS\\System32\\Wbem;C:\\WINDOWS\\System32\\WindowsPowerShell\\v1.0\\;C:\\WINDOWS\\System32\\OpenSSH\\;D:\\hollybae\\ffmpeg-4.1.3-win64-static\\ffmpeg-4.1.3-win64-static\\bin;C:\\Program Files\\dotnet\\;C:\\WINDOWS\\system32\\config\\systemprofile\\AppData\\Local\\Microsoft\\WindowsApps;C:\\Program Files (x86)\\QuickTime\\QTSystem\\;C:\\Users\\holla\\AppData\\Local\\Microsoft\\WindowsApps;C:\\Panda3D-1.10.4.1-x64\\python;C:\\Panda3D-1.10.4.1-x64\\python\\Scripts;C:\\Panda3D-1.10.4.1-x64\\bin;C:\\Panda3D-1.11.0-x64\\python;C:\\Panda3D-1.11.0-x64\\python\\Scripts;C:\\Panda3D-1.11.0-x64\\bin', 'SYSTEMROOT': 'C:\\WINDOWS', 'MIC_LD_LIBRARY_PATH': 'C:\\Program Files (x86)\\Common Files\\Intel\\Shared Libraries\\compiler\\lib\\intel64_win_mic', 'COMSPEC': 'C:\\WINDOWS\\system32\\cmd.exe', 'DRIVERDATA': 'C:\\Windows\\System32\\Drivers\\DriverData', 'PPYTHON_PATH': '"C:\\Panda3D-1.11.0-x64\\python\\ppython.exe"', 'TEMP': 'C:\\Users\\holla\\AppData\\Local\\Temp', 'COMMONPROGRAMFILES(X86)': 'C:\\Program Files (x86)\\Common Files', 'PROCESSOR_ARCHITECTURE': 'AMD64', 'PROGRAMFILES(X86)': 'C:\\Program Files (x86)', 'ALLUSERSPROFILE': 'C:\\ProgramData', 'LOCALAPPDATA': 'C:\\Users\\holla\\AppData\\Local', 'FPS_BROWSER_USER_PROFILE_STRING': 'Default', 'HOMEPATH': '\\Users\\holla', 'USERDOMAIN_ROAMINGPROFILE': 'HOLLYBAES-PC', 'PROGRAMW6432': 'C:\\Program Files', 'USERNAME': 'holla', 'LOGONSERVER': '\\\\HOLLYBAES-PC', 'PROMPT': '$P$G', 'SESSIONNAME': 'Console', 'PROGRAMDATA': 'C:\\ProgramData', 'ONEDRIVE': 'C:\\Users\\holla\\OneDrive - University of Guelph', 'FPS_BROWSER_APP_PROFILE_STRING': 'Internet Explorer', 'PATHEXT': '.COM;.EXE;.BAT;.CMD;.VBS;.VBE;.JS;.JSE;.WSF;.WSH;.MSC', 'TTOFF_LOGIN_TOKEN': 'dev', 'ONEDRIVECOMMERCIAL': 'C:\\Users\\holla\\OneDrive - University of Guelph', 'WINDIR': 'C:\\WINDOWS', 'APPDATA': 'C:\\Users\\holla\\AppData\\Roaming', 'HOMEDRIVE': 'C:', 'SYSTEMDRIVE': 'C:', 'NUMBER_OF_PROCESSORS': '12', 'PROCESSOR_LEVEL': '6', 'RG_GPU_FRAMEWORK_ENGINE_RESOURCEDIR': 'C:\\Program Files\\Red Giant\\RGFX', 'COMMONPROGRAMW6432': 'C:\\Program Files\\Common Files', 'OS': 'Windows_NT', 'PUBLIC': 'C:\\Users\\Public', 'USERPROFILE': 'C:\\Users\\holla'}
:06-13-2020 14:47:36 TTOffLauncher: isTestServer: 0
:06-13-2020 14:47:36 TTOffLauncher: Game Server 127.0.0.1
:06-13-2020 14:47:36 TTOffLauncher: Starting Toontown Online... 
:06-13-2020 14:47:36 TTOffLauncher: foreground: Launcher now operating in foreground
useTTOffSpecificLogin=True
:06-13-2020 14:47:36 TTOffLauncher: maybeStartGame: starting game
:06-13-2020 14:47:36 TTOffLauncher: Starting Toontown Online...
:06-13-2020 14:47:36 TTOffLauncher: background: Launcher now operating in background
ToontownStart: Polling for game2 to finish...
ToontownStart: Game2 is finished.
ToontownStart: Starting the game.
ToontownStart: setting default font
:06-13-2020 14:47:36 TTOffLauncher: setting panda error code to 7
Known pipe types:
  wglGraphicsPipe
(all display modules loaded.)
:06-13-2020 14:47:37 ToonBase: Default graphics pipe is wglGraphicsPipe (OpenGL).
:06-13-2020 14:47:37 ToonBase: Successfully opened window of type wglGraphicsWindow (OpenGL)
:06-13-2020 14:47:37 ShowBase: __dev__ == False
:06-13-2020 14:47:37 TTOffLauncher: setting panda error code to 11
:06-13-2020 14:47:37 TTOffLauncher: setting panda error code to 0
ToontownStart: Loading default gui sounds
ToontownStart: serverVersion:  tto-dev
:06-13-2020 14:47:37 Loader: starting bulk load of block 'init'
:06-13-2020 14:47:38 :nativenet(error): Buffered_DatagramConnection Constructor rbufsize = 4096000 wbufsize = 4096000 write_flush_point = 1400
:06-13-2020 14:47:38 OTPClientRepository: Using connect method 'http'
:06-13-2020 14:47:38 TTOffLauncher: getRegistry ('DEPLOYMENT', None)
:06-13-2020 14:47:38 TTOffLauncher: checking env
:06-13-2020 14:47:38 TTOffLauncher: getRegistry ('GAME_DEPLOYMENT', None)
:06-13-2020 14:47:38 TTOffLauncher: checking env
:06-13-2020 14:47:38 OTPClientRepository: reg_deployment=
:06-13-2020 14:47:38 OTPClientRepository: required-login auto.
:06-13-2020 14:47:38 OTPClientRepository: loginInterface: LoginTTOffAccount
:06-13-2020 14:47:38 TTOffLauncher: getNeedPwForSecretKey using ttoff-specific-login
:06-13-2020 14:47:38 Loader: At end of block 'init', expected 138, loaded 6, duration=1.2745572
:06-13-2020 14:47:38 OTPClientRepository: Connecting to gameserver directly (no proxy).
:06-13-2020 14:47:38 OTPClientRepository: Connecting to //127.0.0.1:7198 via HTTP interface.
:06-13-2020 14:47:38 TTOffLauncher: Stopping mini task manager.
:06-13-2020 14:47:38 OTPClientRepository: Successfully connected to //127.0.0.1:7198.
:06-13-2020 14:47:38 TTOffLauncher: Setting Disconnect Details normal
{401000001: <toontown.distributed.ToontownDistrict.ToontownDistrict instance at 0x000000001C6C1788>}
:06-13-2020 14:47:39 StateData: AvatarChooser.enter
:06-13-2020 14:47:39 DisplayOptions: settingsFullScreen = False, embedded = False width=800 height=600
:06-13-2020 14:47:39 StateData: calling self.displayOptions.restrictToEmbedded(False)
:06-13-2020 14:47:41 OTPClientRepository: ================
:06-13-2020 14:47:41 OTPClientRepository: Chose avatar id: 100000014
:06-13-2020 14:47:41 OTPClientRepository: Chose avatar name: Hollybae
:06-13-2020 14:47:41 OTPClientRepository: Chose avatar dna: ('css', 'ms', 'm', 'm', 16, 0, 16, 16, 113, 27, 99, 27, 7, 21)
:06-13-2020 14:47:41 OTPClientRepository: Chose avatar position: 5
:06-13-2020 14:47:41 OTPClientRepository: isPaid: 1
:06-13-2020 14:47:41 OTPClientRepository: freeTimeLeft: 0
:06-13-2020 14:47:41 OTPClientRepository: allowSecretChat: True
:06-13-2020 14:47:41 OTPClientRepository: ================
:06-13-2020 14:47:41 Loader: starting bulk load of block 'localAvatarPlayGame'
:06-13-2020 14:47:41 ToontownTimeManager(warning): error parsing date string=
local
:06-13-2020 14:47:41 NewsPageButtonManager(warning): Should not get here. NewsPageButtonManager.exitOff
:06-13-2020 14:47:41 :pnmimage:png(warning): iCCP: known incorrect sRGB profile
:06-13-2020 14:47:43 OTPClientRepository: Entering shard 401000001
:06-13-2020 14:47:43 StreetSign: Street sign url is https://ttoffline.com/images/
:06-13-2020 14:47:44 StreetSign: Street Sign is up to date
:06-13-2020 14:47:44 TimeManager: Clock sync: TimeManager.announceGenerate
:06-13-2020 14:47:44 NewsManager: setHolidayId: Starting Holiday 20
:06-13-2020 14:47:44 InGameNewsMgr: latestIssue=2013-08-22 16:49:46.000003-07:00
cpu info: GenuineIntel|Intel(R) Core(TM) i7-8700K CPU @ 3.70GHz|591594|0|3.701,3.701|6,12 cpus
:06-13-2020 14:47:45 OTPClientRepository: No sync from TimeManager.
:06-13-2020 14:47:45 OTPClientRepository: gotTimeSync
:06-13-2020 14:47:45 Loader: At end of block 'localAvatarPlayGame', expected 400, loaded 10, duration=4.4215828
:06-13-2020 14:47:45 TimeManager: Clock sync roundtrip took 1108.077 ms
:06-13-2020 14:47:45 TimeManager: AI time delta is -0:01 from server delta
:06-13-2020 14:47:45 TimeManager: Local clock uncertainty +/- 0.554 s
:06-13-2020 14:47:45 PlayGame: QA-REGRESSION: NEIGHBORHOODS: Visit Lawbot HQ
:06-13-2020 14:47:45 Loader: starting bulk load of block 'hood'
:06-13-2020 14:47:46 LawbotCogHQLoader: loadPlaceGeom: 13000
:06-13-2020 14:47:46 DistributedObject: DistributedSuitPlanner 401002972: generating
:06-13-2020 14:47:46 DistributedToon: calling LocalAvatar.startchat
:06-13-2020 14:47:46 :loader(error): Couldn't load file phase_4/models/questmap/cog_hq_lawbot_maps.bam: not found on model path (currently: "/;/d/hollybae/Aly/Toontown-School-House/toontown/launcher;/c/Panda3D-1.11.0-x64/etc/..;/c/Panda3D-1.11.0-x64/etc/../models")
:06-13-2020 14:47:46 Loader: At end of block 'hood', expected 2, loaded 4, duration=0.9176175
:06-13-2020 14:47:48 Teleport(debug): teleportInDone: walk
:06-13-2020 14:47:48 :loader(error): Couldn't load file phase_4/models/questmap/cog_hq_lawbot_maps.bam: not found on model path (currently: "/;/d/hollybae/Aly/Toontown-School-House/toontown/launcher;/c/Panda3D-1.11.0-x64/etc/..;/c/Panda3D-1.11.0-x64/etc/../models")
:06-13-2020 14:48:04 LawbotCogHQLoader: loadPlaceGeom: 13100
:06-13-2020 14:48:04 LawbotCogHQLoader: QA-REGRESSION: COGHQ: Visit LawbotLobby
:06-13-2020 14:48:04 LawbotHQExterior: Unloading Place (13000). Fsm in final
:06-13-2020 14:48:04 DistributedObject: DistributedSuitPlanner 401002972: disabling
:06-13-2020 14:48:04 DistributedToon: calling LocalAvatar.startchat
:06-13-2020 14:48:04 :loader(error): Couldn't load file phase_4/models/questmap/cog_hq_lawbot_maps.bam: not found on model path (currently: "/;/d/hollybae/Aly/Toontown-School-House/toontown/launcher;/c/Panda3D-1.11.0-x64/etc/..;/c/Panda3D-1.11.0-x64/etc/../models")
:06-13-2020 14:48:06 :loader(error): Couldn't load file phase_4/models/questmap/cog_hq_lawbot_maps.bam: not found on model path (currently: "/;/d/hollybae/Aly/Toontown-School-House/toontown/launcher;/c/Panda3D-1.11.0-x64/etc/..;/c/Panda3D-1.11.0-x64/etc/../models")
:06-13-2020 14:48:22 TTOffMagicWordManager: Gave Hollybae an infinite amount of pies
:06-13-2020 14:48:24 TTOffMagicWordManager: Run mode has been toggled.
:06-13-2020 14:48:26 TTOffMagicWordManager: You aren't in a CJ!
:06-13-2020 14:48:26 LawbotCogHQLoader: loadPlaceGeom: 61000
:06-13-2020 14:48:26 LawbotCogHQLoader(warning): loadPlaceGeom: unclassified zone 61000
:06-13-2020 14:48:26 CogHQLobby: Unloading Place (13100). Fsm in final
:06-13-2020 14:48:26 DistributedLawbotBoss(warning): Not a collision node: LawbotCourtroom3.egg/-PandaNode/CR3/interior/CR3_Floor
:06-13-2020 14:48:26 DistributedToon: calling LocalAvatar.startchat
:06-13-2020 14:48:26 LawbotHQBossBattle(warning): fsm.request('movie') returned 0 (zone id 61000, avatar pos LPoint3f(-0.363562, -126.204, 0.193903)).
:06-13-2020 14:48:27 TTOffMagicWordManager: Restarting Scale Round
:06-13-2020 14:48:37 TTOffMagicWordManager: Run mode has been toggled.
:06-13-2020 14:48:46 TTOffMagicWordManager: Voila!
:06-13-2020 14:49:01 TTOffMagicWordManager: Ta-da!
adding timeout task
adding timeout task
:06-13-2020 14:52:37 GarbageCollect(warning): garbage found, reverting gc threshold
frame rate: 142.6 fps|0.002d|12 avs||305|306||0x0000|0x0000|779.5MB|952.4MB|16235.6MB|484|nt.2.6.2|3.701,3.701|6,12 cpus|OpenGL
:06-13-2020 14:54:35 TTOffMagicWordManager: LPoint3f(-53.2275, 23.4395, -0.000331524)
:06-13-2020 14:54:46 TTOffMagicWordManager: Voila!
:06-13-2020 14:55:15 TTOffMagicWordManager: Abracadabra!
:06-13-2020 14:55:57 TTOffMagicWordManager: LPoint3f(-53.9967, 22.4063, -0.000309782)
:06-13-2020 14:56:56 LawbotHQBossBattle(warning): fsm.request('finalBattle') returned 0 (zone id 61000, avatar pos LPoint3f(-53.8816, 22.6452, -0.000309778)).
:06-13-2020 14:56:56 TTOffMagicWordManager: Restarting Scale Round
:06-13-2020 14:57:07 TTOffMagicWordManager: Alakazam!
frame rate: 143.0 fps|0.001d|12 avs||605|606||0x0000|0x0000|933.9MB|1130.6MB|16235.6MB|611|nt.2.6.2|3.701,3.701|6,12 cpus|OpenGL
:06-13-2020 14:58:05 TTOffMagicWordManager: Presto!
:06-13-2020 14:58:09 OTPClientRepository: Sending heartbeat mid-frame.
:06-13-2020 14:58:16 TTOffMagicWordManager: Ta-da!
