

Starting Toontown Online...
Current time: Mon Nov 25 15:23:55 2019 Eastern Standard Time
sys.path =  ['', 'C:\\Panda3D-1.11.0-x64\\python\\python27.zip', 'C:\\Panda3D-1.11.0-x64', 'C:\\Panda3D-1.11.0-x64\\python\\DLLs', 'C:\\Panda3D-1.11.0-x64\\python\\lib', 'C:\\Panda3D-1.11.0-x64\\python\\lib\\plat-win', 'C:\\Panda3D-1.11.0-x64\\python\\lib\\lib-tk', 'C:\\Panda3D-1.11.0-x64\\python', 'C:\\Panda3D-1.11.0-x64\\bin', 'C:\\Panda3D-1.11.0-x64\\python\\lib\\site-packages']
sys.argv =  ['D:\\hollybae\\Aly\\Toontown-School-House\\toontown\\launcher\\TTOffQuickStartLauncher.py']
generating standard configrc
os.environ =  {'TMP': 'C:\\Users\\holla\\AppData\\Local\\Temp', 'COMPUTERNAME': 'HOLLYBAES-PC', 'USERDOMAIN': 'HOLLYBAES-PC', 'INTEL_DEV_REDIST': 'C:\\Program Files (x86)\\Common Files\\Intel\\Shared Libraries\\', 'PSMODULEPATH': 'C:\\Program Files\\WindowsPowerShell\\Modules;C:\\WINDOWS\\system32\\WindowsPowerShell\\v1.0\\Modules', 'COMMONPROGRAMFILES': 'C:\\Program Files\\Common Files', 'PROCESSOR_IDENTIFIER': 'Intel64 Family 6 Model 158 Stepping 10, GenuineIntel', 'PROGRAMFILES': 'C:\\Program Files', 'PROCESSOR_REVISION': '9e0a', 'PATH': 'C:\\Panda3D-1.11.0-x64\\panda3d\\..\\bin;C:\\Program Files (x86)\\Common Files\\Intel\\Shared Libraries\\redist\\intel64_win\\compiler;C:\\Program Files (x86)\\Common Files\\Oracle\\Java\\javapath;C:\\Program Files (x86)\\Common Files\\Intel\\Shared Libraries\\redist\\intel64\\compiler;C:\\WINDOWS\\system32;C:\\WINDOWS;C:\\WINDOWS\\System32\\Wbem;C:\\WINDOWS\\System32\\WindowsPowerShell\\v1.0\\;C:\\WINDOWS\\System32\\OpenSSH\\;C:\\Program Files\\NVIDIA Corporation\\NVIDIA NGX;C:\\Program Files (x86)\\NVIDIA Corporation\\PhysX\\Common;C:\\Program Files\\NVIDIA Corporation\\NVIDIA NvDLISR;C:\\WINDOWS\\system32;C:\\WINDOWS;C:\\WINDOWS\\System32\\Wbem;C:\\WINDOWS\\System32\\WindowsPowerShell\\v1.0\\;C:\\WINDOWS\\System32\\OpenSSH\\;D:\\hollybae\\ffmpeg-4.1.3-win64-static\\ffmpeg-4.1.3-win64-static\\bin;C:\\Program Files\\dotnet\\;C:\\Users\\holla\\AppData\\Local\\Microsoft\\WindowsApps;C:\\Panda3D-1.10.4.1-x64\\python;C:\\Panda3D-1.10.4.1-x64\\python\\Scripts;C:\\Panda3D-1.10.4.1-x64\\bin;C:\\Panda3D-1.11.0-x64\\python;C:\\Panda3D-1.11.0-x64\\python\\Scripts;C:\\Panda3D-1.11.0-x64\\bin', 'SYSTEMROOT': 'C:\\WINDOWS', 'MIC_LD_LIBRARY_PATH': 'C:\\Program Files (x86)\\Common Files\\Intel\\Shared Libraries\\compiler\\lib\\intel64_win_mic', 'COMSPEC': 'C:\\WINDOWS\\system32\\cmd.exe', 'DRIVERDATA': 'C:\\Windows\\System32\\Drivers\\DriverData', 'PPYTHON_PATH': '"C:\\Panda3D-1.11.0-x64\\python\\ppython.exe"', 'TEMP': 'C:\\Users\\holla\\AppData\\Local\\Temp', 'COMMONPROGRAMFILES(X86)': 'C:\\Program Files (x86)\\Common Files', 'PROCESSOR_ARCHITECTURE': 'AMD64', 'PROGRAMFILES(X86)': 'C:\\Program Files (x86)', 'ALLUSERSPROFILE': 'C:\\ProgramData', 'LOCALAPPDATA': 'C:\\Users\\holla\\AppData\\Local', 'FPS_BROWSER_USER_PROFILE_STRING': 'Default', 'HOMEPATH': '\\Users\\holla', 'USERDOMAIN_ROAMINGPROFILE': 'HOLLYBAES-PC', 'PROGRAMW6432': 'C:\\Program Files', 'USERNAME': 'holla', 'LOGONSERVER': '\\\\HOLLYBAES-PC', 'PROMPT': '$P$G', 'SESSIONNAME': 'Console', 'PROGRAMDATA': 'C:\\ProgramData', 'ONEDRIVE': 'C:\\Users\\holla\\OneDrive', 'FPS_BROWSER_APP_PROFILE_STRING': 'Internet Explorer', 'PATHEXT': '.COM;.EXE;.BAT;.CMD;.VBS;.VBE;.JS;.JSE;.WSF;.WSH;.MSC', 'TTOFF_LOGIN_TOKEN': 'dev', 'WINDIR': 'C:\\WINDOWS', 'APPDATA': 'C:\\Users\\holla\\AppData\\Roaming', 'HOMEDRIVE': 'C:', 'SYSTEMDRIVE': 'C:', 'NUMBER_OF_PROCESSORS': '12', 'PROCESSOR_LEVEL': '6', 'COMMONPROGRAMW6432': 'C:\\Program Files\\Common Files', 'OS': 'Windows_NT', 'PUBLIC': 'C:\\Users\\Public', 'USERPROFILE': 'C:\\Users\\holla'}
:11-25-2019 15:23:55 TTOffLauncher: isTestServer: 0
:11-25-2019 15:23:55 TTOffLauncher: Game Server 127.0.0.1
:11-25-2019 15:23:55 TTOffLauncher: Starting Toontown Online... 
:11-25-2019 15:23:55 TTOffLauncher: foreground: Launcher now operating in foreground
useTTOffSpecificLogin=True
:11-25-2019 15:23:55 TTOffLauncher: maybeStartGame: starting game
:11-25-2019 15:23:55 TTOffLauncher: Starting Toontown Online...
:11-25-2019 15:23:55 TTOffLauncher: background: Launcher now operating in background
ToontownStart: Polling for game2 to finish...
ToontownStart: Game2 is finished.
ToontownStart: Starting the game.
ToontownStart: setting default font
:11-25-2019 15:23:55 TTOffLauncher: setting panda error code to 7
Known pipe types:
  wglGraphicsPipe
(all display modules loaded.)
:11-25-2019 15:23:55 ToonBase: Default graphics pipe is wglGraphicsPipe (OpenGL).
:11-25-2019 15:23:55 ToonBase: Successfully opened window of type wglGraphicsWindow (OpenGL)
:11-25-2019 15:23:55 ShowBase: __dev__ == False
:11-25-2019 15:23:55 TTOffLauncher: setting panda error code to 11
:11-25-2019 15:23:55 TTOffLauncher: setting panda error code to 0
ToontownStart: Loading default gui sounds
ToontownStart: serverVersion:  tto-dev
:11-25-2019 15:23:55 Loader: starting bulk load of block 'init'
:11-25-2019 15:23:56 :nativenet(error): Buffered_DatagramConnection Constructor rbufsize = 4096000 wbufsize = 4096000 write_flush_point = 1400
:11-25-2019 15:23:56 OTPClientRepository: Using connect method 'http'
:11-25-2019 15:23:56 TTOffLauncher: getRegistry ('DEPLOYMENT', None)
:11-25-2019 15:23:56 TTOffLauncher: checking env
:11-25-2019 15:23:56 TTOffLauncher: getRegistry ('GAME_DEPLOYMENT', None)
:11-25-2019 15:23:56 TTOffLauncher: checking env
:11-25-2019 15:23:56 OTPClientRepository: reg_deployment=
:11-25-2019 15:23:56 OTPClientRepository: required-login auto.
:11-25-2019 15:23:56 OTPClientRepository: loginInterface: LoginTTOffAccount
:11-25-2019 15:23:56 TTOffLauncher: getNeedPwForSecretKey using ttoff-specific-login
:11-25-2019 15:23:57 Loader: At end of block 'init', expected 138, loaded 6, duration=1.2899571
:11-25-2019 15:23:57 OTPClientRepository: Connecting to gameserver directly (no proxy).
:11-25-2019 15:23:57 OTPClientRepository: Connecting to //127.0.0.1:7198 via HTTP interface.
:11-25-2019 15:23:57 TTOffLauncher: Stopping mini task manager.
:11-25-2019 15:23:57 OTPClientRepository: Successfully connected to //127.0.0.1:7198.
:11-25-2019 15:23:57 TTOffLauncher: Setting Disconnect Details normal
{401000001: <toontown.distributed.ToontownDistrict.ToontownDistrict instance at 0x000000001D214748>}
:11-25-2019 15:23:57 StateData: AvatarChooser.enter
:11-25-2019 15:23:57 DisplayOptions: settingsFullScreen = False, embedded = False width=800 height=600
:11-25-2019 15:23:57 StateData: calling self.displayOptions.restrictToEmbedded(False)
:11-25-2019 15:23:58 OTPClientRepository: ================
:11-25-2019 15:23:58 OTPClientRepository: Chose avatar id: 100000005
:11-25-2019 15:23:58 OTPClientRepository: Chose avatar name: Hollybae
:11-25-2019 15:23:58 OTPClientRepository: Chose avatar dna: ('css', 'ms', 'm', 'm', 16, 0, 16, 16, 113, 27, 100, 4, 7, 21)
:11-25-2019 15:23:58 OTPClientRepository: Chose avatar position: 0
:11-25-2019 15:23:58 OTPClientRepository: isPaid: 1
:11-25-2019 15:23:58 OTPClientRepository: freeTimeLeft: 0
:11-25-2019 15:23:58 OTPClientRepository: allowSecretChat: True
:11-25-2019 15:23:58 OTPClientRepository: ================
:11-25-2019 15:23:59 Loader: starting bulk load of block 'localAvatarPlayGame'
:11-25-2019 15:23:59 ToontownTimeManager(warning): error parsing date string=
local
:11-25-2019 15:23:59 NewsPageButtonManager(warning): Should not get here. NewsPageButtonManager.exitOff
:11-25-2019 15:24:00 :pnmimage:png(warning): iCCP: known incorrect sRGB profile
:11-25-2019 15:24:01 OTPClientRepository: Entering shard 401000001
:11-25-2019 15:24:01 StreetSign: Street sign url is https://ttoffline.com/images/
:11-25-2019 15:24:02 StreetSign: Street Sign is up to date
:11-25-2019 15:24:02 TimeManager: Clock sync: TimeManager.announceGenerate
:11-25-2019 15:24:02 NewsManager: setHolidayId: Starting Holiday 14
:11-25-2019 15:24:02 InGameNewsMgr: latestIssue=2013-08-22 16:49:46.000003-07:00
cpu info: GenuineIntel|Intel(R) Core(TM) i7-8700K CPU @ 3.70GHz|591594|0|3.696,3.696|6,12 cpus
:11-25-2019 15:24:03 OTPClientRepository: No sync from TimeManager.
:11-25-2019 15:24:03 OTPClientRepository: gotTimeSync
:11-25-2019 15:24:03 Loader: At end of block 'localAvatarPlayGame', expected 400, loaded 11, duration=4.6908019
:11-25-2019 15:24:03 TimeManager: Clock sync roundtrip took 1133.316 ms
:11-25-2019 15:24:03 TimeManager: AI time delta is -0:01 from server delta
:11-25-2019 15:24:03 TimeManager: Local clock uncertainty +/- 0.567 s
:11-25-2019 15:24:03 PlayGame: QA-REGRESSION: NEIGHBORHOODS: Visit Lawbot HQ
:11-25-2019 15:24:03 Loader: starting bulk load of block 'hood'
:11-25-2019 15:24:04 LawbotCogHQLoader: loadPlaceGeom: 13000
:11-25-2019 15:24:05 DistributedObject: DistributedSuitPlanner 401002979: generating
:11-25-2019 15:24:05 DistributedToon: calling LocalAvatar.startchat
:11-25-2019 15:24:05 :loader(error): Couldn't load file phase_4/models/questmap/cog_hq_lawbot_maps.bam: not found on model path (currently: "/;/d/hollybae/Aly/Toontown-School-House/toontown/launcher;/c/Panda3D-1.11.0-x64/etc/..;/c/Panda3D-1.11.0-x64/etc/../models")
:11-25-2019 15:24:05 Loader: At end of block 'hood', expected 2, loaded 6, duration=1.2510091
:11-25-2019 15:24:06 Teleport(debug): teleportInDone: walk
:11-25-2019 15:24:06 :loader(error): Couldn't load file phase_4/models/questmap/cog_hq_lawbot_maps.bam: not found on model path (currently: "/;/d/hollybae/Aly/Toontown-School-House/toontown/launcher;/c/Panda3D-1.11.0-x64/etc/..;/c/Panda3D-1.11.0-x64/etc/../models")
:11-25-2019 15:24:09 TTOffMagicWordManager: Run mode has been toggled.
:11-25-2019 15:24:13 LawbotCogHQLoader: loadPlaceGeom: 13100
:11-25-2019 15:24:13 LawbotCogHQLoader: QA-REGRESSION: COGHQ: Visit LawbotLobby
:11-25-2019 15:24:13 LawbotHQExterior: Unloading Place (13000). Fsm in final
:11-25-2019 15:24:13 DistributedObject: DistributedSuitPlanner 401002979: disabling
:11-25-2019 15:24:14 DistributedToon: calling LocalAvatar.startchat
:11-25-2019 15:24:14 :loader(error): Couldn't load file phase_4/models/questmap/cog_hq_lawbot_maps.bam: not found on model path (currently: "/;/d/hollybae/Aly/Toontown-School-House/toontown/launcher;/c/Panda3D-1.11.0-x64/etc/..;/c/Panda3D-1.11.0-x64/etc/../models")
:11-25-2019 15:24:15 :loader(error): Couldn't load file phase_4/models/questmap/cog_hq_lawbot_maps.bam: not found on model path (currently: "/;/d/hollybae/Aly/Toontown-School-House/toontown/launcher;/c/Panda3D-1.11.0-x64/etc/..;/c/Panda3D-1.11.0-x64/etc/../models")
:11-25-2019 15:24:20 TTOffMagicWordManager: Run mode has been toggled.
:11-25-2019 15:24:25 LawbotCogHQLoader: loadPlaceGeom: 61000
:11-25-2019 15:24:25 LawbotCogHQLoader(warning): loadPlaceGeom: unclassified zone 61000
:11-25-2019 15:24:25 CogHQLobby: Unloading Place (13100). Fsm in final
:11-25-2019 15:24:25 DistributedLawbotBoss(warning): Not a collision node: LawbotCourtroom3.egg/-PandaNode/CR3/interior/CR3_Floor
:11-25-2019 15:24:25 DistributedToon: calling LocalAvatar.startchat
:11-25-2019 15:24:25 LawbotHQBossBattle(warning): fsm.request('movie') returned 0 (zone id 61000, avatar pos LPoint3f(-0.363562, -126.204, 0.193903)).
:11-25-2019 15:24:27 TTOffMagicWordManager: Restarting Scale Round
:11-25-2019 15:24:30 TTOffMagicWordManager: Gave Hollybae an infinite amount of pies
:11-25-2019 15:27:51 :linmath(warning): Tried to invert singular LMatrix3.
:11-25-2019 15:28:55 GarbageCollect(warning): garbage found, reverting gc threshold
frame rate: 176.5 fps|0.002d|13 avs||305|306||0x0000|0x0000|920.1MB|1029.5MB|16235.8MB|538|nt.2.6.2|3.696,3.696|6,12 cpus|OpenGL
frame rate: 175.4 fps|0.001d|13 avs||605|606||0x0000|0x0000|1224.6MB|1334.5MB|16235.8MB|637|nt.2.6.2|3.696,3.696|6,12 cpus|OpenGL
frame rate: 221.8 fps|0.001d|13 avs||905|906||0x0000|0x0000|1540.6MB|1651.3MB|16235.8MB|745|nt.2.6.2|3.696,3.696|6,12 cpus|OpenGL
frame rate: 181.7 fps|0.001d|13 avs||1205|1206||0x0000|0x0000|1841.0MB|1975.6MB|16235.8MB|1104|nt.2.6.2|3.696,3.696|6,12 cpus|OpenGL
frame rate: 187.8 fps|0.001d|13 avs||1505|1506||0x0000|0x0000|2132.0MB|2267.3MB|16235.8MB|1221|nt.2.6.2|3.696,3.696|6,12 cpus|OpenGL
:11-25-2019 15:54:01 TimeManager: Clock sync: timer
frame rate: 166.3 fps|0.001d|13 avs||1805|1806||0x0000|0x0000|2466.2MB|2602.0MB|16235.8MB|1306|nt.2.6.2|3.696,3.696|6,12 cpus|OpenGL
:11-25-2019 15:54:01 TimeManager: Clock sync roundtrip took 21.352 ms
:11-25-2019 15:54:01 TimeManager: AI time delta is -0:00 from server delta
:11-25-2019 15:54:01 ClockDelta: previous delta at -0.973 s, +/- 1.066 s.
:11-25-2019 15:54:01 ClockDelta: new delta at -1.503 s, +/- 0.011 s.
:11-25-2019 15:54:01 ClockDelta: intersection at -1.503 s, +/- 0.011 s.
:11-25-2019 15:54:01 TimeManager: Local clock uncertainty +/- 0.011 s
adding timeout task
adding timeout task
frame rate: 106.3 fps|0.002d|13 avs||2105|2106||0x0000|0x0000|2466.4MB|2831.9MB|16235.8MB|1386|nt.2.6.2|3.696,3.696|6,12 cpus|OpenGL
frame rate: 198.9 fps|0.001d|13 avs||2405|2406||0x0000|0x0000|2530.6MB|3096.1MB|16235.8MB|1481|nt.2.6.2|3.696,3.696|6,12 cpus|OpenGL
frame rate: 272.6 fps|0.000d|13 avs||2705|2706||0x0000|0x0000|2870.1MB|3437.6MB|16235.8MB|1589|nt.2.6.2|3.696,3.696|6,12 cpus|OpenGL
frame rate: 257.6 fps|0.000d|13 avs||3005|3006||0x0000|0x0000|2974.5MB|3764.3MB|16235.8MB|1699|nt.2.6.2|3.696,3.696|6,12 cpus|OpenGL
adding timeout task
adding timeout task
frame rate: 268.0 fps|0.001d|13 avs||3305|3306||0x0000|0x0000|2900.5MB|4059.8MB|16235.8MB|1818|nt.2.6.2|3.696,3.696|6,12 cpus|OpenGL
:11-25-2019 16:24:01 TimeManager: Clock sync: timer
frame rate: 248.9 fps|0.000d|13 avs||3605|3606||0x0000|0x0000|2843.0MB|4393.8MB|16235.8MB|1924|nt.2.6.2|3.696,3.696|6,12 cpus|OpenGL
:11-25-2019 16:24:01 TimeManager: Clock sync roundtrip took 53.688 ms
:11-25-2019 16:24:01 TimeManager: AI time delta is -0:00 from server delta
:11-25-2019 16:24:01 ClockDelta: previous delta at -1.503 s, +/- 0.511 s.
:11-25-2019 16:24:01 ClockDelta: new delta at -1.475 s, +/- 0.027 s.
:11-25-2019 16:24:01 ClockDelta: intersection at -1.475 s, +/- 0.027 s.
:11-25-2019 16:24:01 TimeManager: Local clock uncertainty +/- 0.027 s
frame rate: 230.3 fps|0.001d|13 avs||3905|3906||0x0000|0x0000|3210.0MB|4763.3MB|16235.8MB|2040|nt.2.6.2|3.696,3.696|6,12 cpus|OpenGL
adding timeout task
adding timeout task
frame rate: 227.9 fps|0.001d|13 avs||4205|4206||0x0000|0x0000|3257.0MB|5058.1MB|16235.8MB|2147|nt.2.6.2|3.696,3.696|6,12 cpus|OpenGL
:11-25-2019 16:35:20 OTPClientRepository: Sending heartbeat mid-frame.
adding timeout task
adding timeout task
frame rate: 240.8 fps|0.001d|13 avs||4505|4506||0x0000|0x0000|3093.8MB|5334.4MB|16235.8MB|2239|nt.2.6.2|3.696,3.696|6,12 cpus|OpenGL
frame rate: 200.4 fps|0.001d|13 avs||4805|4806||0x0000|0x0000|3002.1MB|5624.1MB|16235.8MB|2334|nt.2.6.2|3.696,3.696|6,12 cpus|OpenGL
:11-25-2019 16:46:30 OTPClientRepository: Sending heartbeat mid-frame.
frame rate: 193.7 fps|0.001d|13 avs||5105|5106||0x0000|0x0000|3163.1MB|5943.8MB|16235.8MB|2512|nt.2.6.2|3.696,3.696|6,12 cpus|OpenGL
:11-25-2019 16:54:01 TimeManager: Clock sync: timer
:11-25-2019 16:54:01 TimeManager: Clock sync roundtrip took 27.694 ms
:11-25-2019 16:54:01 TimeManager: AI time delta is -0:00 from server delta
:11-25-2019 16:54:01 ClockDelta: previous delta at -1.475 s, +/- 0.527 s.
:11-25-2019 16:54:01 ClockDelta: new delta at -1.499 s, +/- 0.014 s.
:11-25-2019 16:54:01 ClockDelta: intersection at -1.499 s, +/- 0.014 s.
:11-25-2019 16:54:01 TimeManager: Local clock uncertainty +/- 0.014 s
frame rate: 159.6 fps|0.001d|13 avs||5405|5406||0x0000|0x0000|3015.7MB|6226.8MB|16235.8MB|2606|nt.2.6.2|3.696,3.696|6,12 cpus|OpenGL
:11-25-2019 16:57:01 TTOffMagicWordManager: Hollybae's laff has been set to 87.
:11-25-2019 16:58:21 OTPClientRepository: Sending heartbeat mid-frame.
frame rate: 162.3 fps|0.001d|13 avs||5705|5706||0x0000|0x0000|3363.3MB|6566.8MB|16235.8MB|3173|nt.2.6.2|3.696,3.696|6,12 cpus|OpenGL
:11-25-2019 17:03:21 OTPClientRepository: Sending heartbeat mid-frame.
frame rate: 194.8 fps|0.001d|13 avs||6005|6006||0x0000|0x0000|3679.2MB|6886.5MB|16235.8MB|3276|nt.2.6.2|3.696,3.696|6,12 cpus|OpenGL
frame rate: 197.4 fps|0.001d|13 avs||6305|6306||0x0000|0x0000|4000.7MB|7206.3MB|16235.8MB|3379|nt.2.6.2|3.696,3.696|6,12 cpus|OpenGL
frame rate: 206.4 fps|0.001d|13 avs||6605|6606||0x0000|0x0000|4341.3MB|7546.5MB|16235.8MB|3488|nt.2.6.2|3.696,3.696|6,12 cpus|OpenGL
:11-25-2019 17:16:32 OTPClientRepository: Sending heartbeat mid-frame.
:11-25-2019 17:18:07 ToonBase: User closed main window.
:11-25-2019 17:18:07 TimeManager: Client disconnect reason 2.
:11-25-2019 17:18:07 LawbotHQBossBattle: Unloading Place (61000). Fsm in final
:11-25-2019 17:18:07 OTPClientRepository(warning): unclean exit, abandoning shard
ignoring InputState-forward
:11-25-2019 17:18:07 OTPClientRepository: sending clientLogout
:11-25-2019 17:18:07 LocalAvatar(warning): redundant call to stopUpdateSmartCamera
:11-25-2019 17:18:07 OTPClientRepository: Sent disconnect message to server
:11-25-2019 17:18:07 OTPClientRepository: Closing connection to server.
:11-25-2019 17:18:07 OTPClientRepository: Exiting cleanly
:11-25-2019 17:18:07 ToonBase: Exiting Toontown: errorCode = None
:11-25-2019 17:18:07 TTOffLauncher: setting panda error code to 0
:11-25-2019 17:18:07 TTOffLauncher: Normal exit.
