

Starting Toontown Online...
Current time: Tue Apr 21 04:01:09 2020 Eastern Standard Time
sys.path =  ['', 'C:\\Panda3D-1.11.0-x64\\python\\python27.zip', 'C:\\Panda3D-1.11.0-x64', 'C:\\Panda3D-1.11.0-x64\\python\\DLLs', 'C:\\Panda3D-1.11.0-x64\\python\\lib', 'C:\\Panda3D-1.11.0-x64\\python\\lib\\plat-win', 'C:\\Panda3D-1.11.0-x64\\python\\lib\\lib-tk', 'C:\\Panda3D-1.11.0-x64\\python', 'C:\\Panda3D-1.11.0-x64\\bin', 'C:\\Panda3D-1.11.0-x64\\python\\lib\\site-packages']
sys.argv =  ['D:\\hollybae\\Aly\\Toontown-School-House\\toontown\\launcher\\TTOffQuickStartLauncher.py']
generating standard configrc
os.environ =  {'TMP': 'C:\\Users\\holla\\AppData\\Local\\Temp', 'COMPUTERNAME': 'HOLLYBAES-PC', 'USERDOMAIN': 'HOLLYBAES-PC', 'INTEL_DEV_REDIST': 'C:\\Program Files (x86)\\Common Files\\Intel\\Shared Libraries\\', 'PSMODULEPATH': 'C:\\Program Files\\WindowsPowerShell\\Modules;C:\\WINDOWS\\system32\\WindowsPowerShell\\v1.0\\Modules', 'COMMONPROGRAMFILES': 'C:\\Program Files\\Common Files', 'PROCESSOR_IDENTIFIER': 'Intel64 Family 6 Model 158 Stepping 10, GenuineIntel', 'VBOX_MSI_INSTALL_PATH': 'C:\\Program Files\\Oracle\\VirtualBox\\', 'PROGRAMFILES': 'C:\\Program Files', 'PROCESSOR_REVISION': '9e0a', 'PATH': 'C:\\Panda3D-1.11.0-x64\\panda3d\\..\\bin;C:\\Program Files (x86)\\Razer Chroma SDK\\bin;C:\\Program Files\\Razer Chroma SDK\\bin;C:\\Program Files (x86)\\Razer\\ChromaBroadcast\\bin;C:\\Program Files\\Razer\\ChromaBroadcast\\bin;C:\\Program Files (x86)\\Common Files\\Intel\\Shared Libraries\\redist\\intel64_win\\compiler;C:\\Program Files (x86)\\Common Files\\Oracle\\Java\\javapath;C:\\Program Files (x86)\\Common Files\\Intel\\Shared Libraries\\redist\\intel64\\compiler;C:\\WINDOWS\\system32;C:\\WINDOWS;C:\\WINDOWS\\System32\\Wbem;C:\\WINDOWS\\System32\\WindowsPowerShell\\v1.0\\;C:\\WINDOWS\\System32\\OpenSSH\\;C:\\Program Files (x86)\\NVIDIA Corporation\\PhysX\\Common;C:\\Program Files\\NVIDIA Corporation\\NVIDIA NvDLISR;C:\\WINDOWS\\system32;C:\\WINDOWS;C:\\WINDOWS\\System32\\Wbem;C:\\WINDOWS\\System32\\WindowsPowerShell\\v1.0\\;C:\\WINDOWS\\System32\\OpenSSH\\;D:\\hollybae\\ffmpeg-4.1.3-win64-static\\ffmpeg-4.1.3-win64-static\\bin;C:\\Program Files\\dotnet\\;C:\\WINDOWS\\system32\\config\\systemprofile\\AppData\\Local\\Microsoft\\WindowsApps;C:\\Program Files (x86)\\QuickTime\\QTSystem\\;C:\\Users\\holla\\AppData\\Local\\Microsoft\\WindowsApps;C:\\Panda3D-1.10.4.1-x64\\python;C:\\Panda3D-1.10.4.1-x64\\python\\Scripts;C:\\Panda3D-1.10.4.1-x64\\bin;C:\\Panda3D-1.11.0-x64\\python;C:\\Panda3D-1.11.0-x64\\python\\Scripts;C:\\Panda3D-1.11.0-x64\\bin', 'SYSTEMROOT': 'C:\\WINDOWS', 'MIC_LD_LIBRARY_PATH': 'C:\\Program Files (x86)\\Common Files\\Intel\\Shared Libraries\\compiler\\lib\\intel64_win_mic', 'COMSPEC': 'C:\\WINDOWS\\system32\\cmd.exe', 'DRIVERDATA': 'C:\\Windows\\System32\\Drivers\\DriverData', 'PPYTHON_PATH': '"C:\\Panda3D-1.11.0-x64\\python\\ppython.exe"', 'TEMP': 'C:\\Users\\holla\\AppData\\Local\\Temp', 'COMMONPROGRAMFILES(X86)': 'C:\\Program Files (x86)\\Common Files', 'PROCESSOR_ARCHITECTURE': 'AMD64', 'PROGRAMFILES(X86)': 'C:\\Program Files (x86)', 'ALLUSERSPROFILE': 'C:\\ProgramData', 'LOCALAPPDATA': 'C:\\Users\\holla\\AppData\\Local', 'FPS_BROWSER_USER_PROFILE_STRING': 'Default', 'HOMEPATH': '\\Users\\holla', 'USERDOMAIN_ROAMINGPROFILE': 'HOLLYBAES-PC', 'PROGRAMW6432': 'C:\\Program Files', 'USERNAME': 'holla', 'LOGONSERVER': '\\\\HOLLYBAES-PC', 'PROMPT': '$P$G', 'SESSIONNAME': 'Console', 'PROGRAMDATA': 'C:\\ProgramData', 'ONEDRIVE': 'C:\\Users\\holla\\OneDrive - University of Guelph', 'FPS_BROWSER_APP_PROFILE_STRING': 'Internet Explorer', 'PATHEXT': '.COM;.EXE;.BAT;.CMD;.VBS;.VBE;.JS;.JSE;.WSF;.WSH;.MSC', 'TTOFF_LOGIN_TOKEN': 'dev', 'ONEDRIVECOMMERCIAL': 'C:\\Users\\holla\\OneDrive - University of Guelph', 'WINDIR': 'C:\\WINDOWS', 'APPDATA': 'C:\\Users\\holla\\AppData\\Roaming', 'HOMEDRIVE': 'C:', 'SYSTEMDRIVE': 'C:', 'NUMBER_OF_PROCESSORS': '12', 'PROCESSOR_LEVEL': '6', 'RG_GPU_FRAMEWORK_ENGINE_RESOURCEDIR': 'C:\\Program Files\\Red Giant\\RGFX', 'COMMONPROGRAMW6432': 'C:\\Program Files\\Common Files', 'OS': 'Windows_NT', 'PUBLIC': 'C:\\Users\\Public', 'USERPROFILE': 'C:\\Users\\holla'}
:04-21-2020 04:01:09 TTOffLauncher: isTestServer: 0
:04-21-2020 04:01:09 TTOffLauncher: Game Server 127.0.0.1
:04-21-2020 04:01:09 TTOffLauncher: Starting Toontown Online... 
:04-21-2020 04:01:09 TTOffLauncher: foreground: Launcher now operating in foreground
useTTOffSpecificLogin=True
:04-21-2020 04:01:09 TTOffLauncher: maybeStartGame: starting game
:04-21-2020 04:01:09 TTOffLauncher: Starting Toontown Online...
:04-21-2020 04:01:09 TTOffLauncher: background: Launcher now operating in background
ToontownStart: Polling for game2 to finish...
ToontownStart: Game2 is finished.
ToontownStart: Starting the game.
ToontownStart: setting default font
:04-21-2020 04:01:09 TTOffLauncher: setting panda error code to 7
Known pipe types:
  wglGraphicsPipe
(all display modules loaded.)
:04-21-2020 04:01:10 ToonBase: Default graphics pipe is wglGraphicsPipe (OpenGL).
:04-21-2020 04:01:10 ToonBase: Successfully opened window of type wglGraphicsWindow (OpenGL)
:04-21-2020 04:01:10 ShowBase: __dev__ == False
:04-21-2020 04:01:10 TTOffLauncher: setting panda error code to 11
:04-21-2020 04:01:10 TTOffLauncher: setting panda error code to 0
ToontownStart: Loading default gui sounds
ToontownStart: serverVersion:  tto-dev
:04-21-2020 04:01:10 Loader: starting bulk load of block 'init'
:04-21-2020 04:01:10 :nativenet(error): Buffered_DatagramConnection Constructor rbufsize = 4096000 wbufsize = 4096000 write_flush_point = 1400
:04-21-2020 04:01:10 OTPClientRepository: Using connect method 'http'
:04-21-2020 04:01:11 TTOffLauncher: getRegistry ('DEPLOYMENT', None)
:04-21-2020 04:01:11 TTOffLauncher: checking env
:04-21-2020 04:01:11 TTOffLauncher: getRegistry ('GAME_DEPLOYMENT', None)
:04-21-2020 04:01:11 TTOffLauncher: checking env
:04-21-2020 04:01:11 OTPClientRepository: reg_deployment=
:04-21-2020 04:01:11 OTPClientRepository: required-login auto.
:04-21-2020 04:01:11 OTPClientRepository: loginInterface: LoginTTOffAccount
:04-21-2020 04:01:11 TTOffLauncher: getNeedPwForSecretKey using ttoff-specific-login
:04-21-2020 04:01:11 Loader: At end of block 'init', expected 138, loaded 5, duration=1.1770249
:04-21-2020 04:01:11 OTPClientRepository: Connecting to gameserver directly (no proxy).
:04-21-2020 04:01:11 OTPClientRepository: Connecting to //127.0.0.1:7198 via HTTP interface.
:04-21-2020 04:01:11 TTOffLauncher: Stopping mini task manager.
:04-21-2020 04:01:11 OTPClientRepository: Successfully connected to //127.0.0.1:7198.
:04-21-2020 04:01:11 TTOffLauncher: Setting Disconnect Details normal
{401000001: <toontown.distributed.ToontownDistrict.ToontownDistrict instance at 0x000000001C321788>}
:04-21-2020 04:01:12 StateData: AvatarChooser.enter
:04-21-2020 04:01:12 DisplayOptions: settingsFullScreen = False, embedded = False width=800 height=600
:04-21-2020 04:01:12 StateData: calling self.displayOptions.restrictToEmbedded(False)
:04-21-2020 04:01:16 OTPClientRepository: ================
:04-21-2020 04:01:16 OTPClientRepository: Chose avatar id: 100000014
:04-21-2020 04:01:16 OTPClientRepository: Chose avatar name: Hollybae
:04-21-2020 04:01:16 OTPClientRepository: Chose avatar dna: ('css', 'ms', 'm', 'm', 16, 0, 16, 16, 113, 27, 99, 27, 7, 21)
:04-21-2020 04:01:16 OTPClientRepository: Chose avatar position: 5
:04-21-2020 04:01:16 OTPClientRepository: isPaid: 1
:04-21-2020 04:01:16 OTPClientRepository: freeTimeLeft: 0
:04-21-2020 04:01:16 OTPClientRepository: allowSecretChat: True
:04-21-2020 04:01:16 OTPClientRepository: ================
:04-21-2020 04:01:16 Loader: starting bulk load of block 'localAvatarPlayGame'
:04-21-2020 04:01:16 ToontownTimeManager(warning): error parsing date string=
local
:04-21-2020 04:01:17 NewsPageButtonManager(warning): Should not get here. NewsPageButtonManager.exitOff
:04-21-2020 04:01:17 :pnmimage:png(warning): iCCP: known incorrect sRGB profile
:04-21-2020 04:01:18 OTPClientRepository: Entering shard 401000001
:04-21-2020 04:01:18 StreetSign: Street sign url is https://ttoffline.com/images/
:04-21-2020 04:01:19 StreetSign: Street Sign is up to date
:04-21-2020 04:01:19 TimeManager: Clock sync: TimeManager.announceGenerate
:04-21-2020 04:01:19 InGameNewsMgr: latestIssue=2013-08-22 16:49:46.000003-07:00
cpu info: GenuineIntel|Intel(R) Core(TM) i7-8700K CPU @ 3.70GHz|591594|0|3.701,3.701|6,12 cpus
:04-21-2020 04:01:20 OTPClientRepository: No sync from TimeManager.
:04-21-2020 04:01:20 OTPClientRepository: gotTimeSync
:04-21-2020 04:01:20 Loader: At end of block 'localAvatarPlayGame', expected 400, loaded 8, duration=3.9387642
:04-21-2020 04:01:20 TimeManager: Clock sync roundtrip took 1061.371 ms
:04-21-2020 04:01:20 TimeManager: AI time delta is -0:01 from server delta
:04-21-2020 04:01:20 TimeManager: Local clock uncertainty +/- 0.531 s
:04-21-2020 04:01:20 PlayGame: QA-REGRESSION: NEIGHBORHOODS: Visit Lawbot HQ
:04-21-2020 04:01:20 Loader: starting bulk load of block 'hood'
:04-21-2020 04:01:21 LawbotCogHQLoader: loadPlaceGeom: 13000
:04-21-2020 04:01:21 DistributedObject: DistributedSuitPlanner 401002972: generating
:04-21-2020 04:01:21 DistributedToon: calling LocalAvatar.startchat
:04-21-2020 04:01:21 :loader(error): Couldn't load file phase_4/models/questmap/cog_hq_lawbot_maps.bam: not found on model path (currently: "/;/d/hollybae/Aly/Toontown-School-House/toontown/launcher;/c/Panda3D-1.11.0-x64/etc/..;/c/Panda3D-1.11.0-x64/etc/../models")
:04-21-2020 04:01:21 Loader: At end of block 'hood', expected 2, loaded 3, duration=0.7709662
:04-21-2020 04:01:22 Teleport(debug): teleportInDone: walk
:04-21-2020 04:01:22 :loader(error): Couldn't load file phase_4/models/questmap/cog_hq_lawbot_maps.bam: not found on model path (currently: "/;/d/hollybae/Aly/Toontown-School-House/toontown/launcher;/c/Panda3D-1.11.0-x64/etc/..;/c/Panda3D-1.11.0-x64/etc/../models")
:04-21-2020 04:01:28 TTOffMagicWordManager: Run mode has been toggled.
:04-21-2020 04:01:34 LawbotCogHQLoader: loadPlaceGeom: 13100
:04-21-2020 04:01:34 LawbotCogHQLoader: QA-REGRESSION: COGHQ: Visit LawbotLobby
:04-21-2020 04:01:34 LawbotHQExterior: Unloading Place (13000). Fsm in final
:04-21-2020 04:01:34 DistributedObject: DistributedSuitPlanner 401002972: disabling
:04-21-2020 04:01:34 DistributedToon: calling LocalAvatar.startchat
:04-21-2020 04:01:34 :loader(error): Couldn't load file phase_4/models/questmap/cog_hq_lawbot_maps.bam: not found on model path (currently: "/;/d/hollybae/Aly/Toontown-School-House/toontown/launcher;/c/Panda3D-1.11.0-x64/etc/..;/c/Panda3D-1.11.0-x64/etc/../models")
:04-21-2020 04:01:35 :loader(error): Couldn't load file phase_4/models/questmap/cog_hq_lawbot_maps.bam: not found on model path (currently: "/;/d/hollybae/Aly/Toontown-School-House/toontown/launcher;/c/Panda3D-1.11.0-x64/etc/..;/c/Panda3D-1.11.0-x64/etc/../models")
:04-21-2020 04:01:56 LawbotCogHQLoader: loadPlaceGeom: 61000
:04-21-2020 04:01:56 LawbotCogHQLoader(warning): loadPlaceGeom: unclassified zone 61000
:04-21-2020 04:01:56 CogHQLobby: Unloading Place (13100). Fsm in final
:04-21-2020 04:01:57 DistributedLawbotBoss(warning): Not a collision node: LawbotCourtroom3.egg/-PandaNode/CR3/interior/CR3_Floor
:04-21-2020 04:01:57 DistributedToon: calling LocalAvatar.startchat
:04-21-2020 04:01:57 LawbotHQBossBattle(warning): fsm.request('movie') returned 0 (zone id 61000, avatar pos LPoint3f(-0.363562, -126.204, 0.193903)).
:04-21-2020 04:02:11 OTPClientRepository: Sending heartbeat mid-frame.
:04-21-2020 04:02:12 LawbotHQBossBattle(warning): fsm.request('movie') returned 0 (zone id 61000, avatar pos LPoint3f(-0.363562, -126.204, 0.193903)).
Battle Event localtoon-battle-event-3
:04-21-2020 04:03:05 Actor(warning): called actor.removeNode() on actor without calling cleanup()
:04-21-2020 04:03:05 Actor(warning): called actor.removeNode() on actor without calling cleanup()
:04-21-2020 04:03:05 Actor(warning): called actor.removeNode() on actor without calling cleanup()
:04-21-2020 04:03:05 Actor(warning): called actor.removeNode() on actor without calling cleanup()
:04-21-2020 04:03:05 Actor(warning): called actor.removeNode() on actor without calling cleanup()
:04-21-2020 04:03:05 Actor(warning): called actor.removeNode() on actor without calling cleanup()
:04-21-2020 04:03:05 Actor(warning): called actor.removeNode() on actor without calling cleanup()
:04-21-2020 04:03:05 Actor(warning): called actor.removeNode() on actor without calling cleanup()
:04-21-2020 04:03:05 Actor(warning): called actor.removeNode() on actor without calling cleanup()
:04-21-2020 04:03:05 Actor(warning): called actor.removeNode() on actor without calling cleanup()
:04-21-2020 04:03:05 Actor(warning): called actor.removeNode() on actor without calling cleanup()
:04-21-2020 04:03:05 Actor(warning): called actor.removeNode() on actor without calling cleanup()
:04-21-2020 04:03:05 TTOffMagicWordManager: Restarting Scale Round
:04-21-2020 04:03:12 TTOffMagicWordManager: Run mode has been toggled.
:04-21-2020 04:03:49 LawbotHQBossBattle(warning): fsm.request('finalBattle') returned 0 (zone id 61000, avatar pos LPoint3f(-49.0477, 14.4247, -0.000323382)).
:04-21-2020 04:03:49 TTOffMagicWordManager: Restarting Scale Round
:04-21-2020 04:03:53 TTOffMagicWordManager: Gave Hollybae an infinite amount of pies
:04-21-2020 04:03:55 LawbotHQBossBattle(warning): fsm.request('finalBattle') returned 0 (zone id 61000, avatar pos LPoint3f(-34.4342, 7.11407, 0)).
:04-21-2020 04:03:55 TTOffMagicWordManager: Restarting Scale Round
:04-21-2020 04:06:10 GarbageCollect(warning): garbage found, reverting gc threshold
frame rate: 218.0 fps|0.001d|13 avs||308|308||0x0000|0x0000|927.3MB|1097.7MB|16235.6MB|548|nt.2.6.2|3.701,3.701|6,12 cpus|OpenGL
:04-21-2020 04:08:50 TTOffMagicWordManager: LPoint3f(-80.5332, 34.6329, 0)
:04-21-2020 04:08:59 TTOffMagicWordManager: LPoint3f(-80.6297, 34.5286, 0)
:04-21-2020 04:09:06 TTOffMagicWordManager: LPoint3f(-80.7638, 34.3518, 0)
:04-21-2020 04:10:20 TTOffMagicWordManager: Alakazam!
:04-21-2020 04:10:34 TTOffMagicWordManager: Presto!
:04-21-2020 04:10:46 TTOffMagicWordManager: Alakazam!
:04-21-2020 04:10:57 TTOffMagicWordManager: Ta-da!
:04-21-2020 04:11:16 TTOffMagicWordManager: Ta-da!
frame rate: 224.0 fps|0.001d|13 avs||608|608||0x0000|0x0000|1240.2MB|1411.2MB|16235.6MB|651|nt.2.6.2|3.701,3.701|6,12 cpus|OpenGL
:04-21-2020 04:11:29 TTOffMagicWordManager: Alakazam!
:04-21-2020 04:11:35 TTOffMagicWordManager: Voila!
:04-21-2020 04:11:46 TTOffMagicWordManager: Presto!
:04-21-2020 04:11:58 TTOffMagicWordManager: Alakazam!
:04-21-2020 04:12:28 TTOffMagicWordManager: Ta-da!
:04-21-2020 04:12:34 TTOffMagicWordManager: Ta-da!
:04-21-2020 04:12:41 TTOffMagicWordManager: Alakazam!
:04-21-2020 04:13:07 TTOffMagicWordManager: Alakazam!
:04-21-2020 04:13:24 TTOffMagicWordManager: Alakazam!
:04-21-2020 04:13:35 TTOffMagicWordManager: Ta-da!
:04-21-2020 04:13:41 :linmath(warning): Tried to invert singular LMatrix3.
:04-21-2020 04:13:47 TTOffMagicWordManager: Ta-da!
:04-21-2020 04:13:58 TTOffMagicWordManager: Presto!
:04-21-2020 04:14:07 TTOffMagicWordManager: Ta-da!
:04-21-2020 04:14:17 TTOffMagicWordManager: Voila!
:04-21-2020 04:14:40 TTOffMagicWordManager: Abracadabra!
:04-21-2020 04:14:52 TTOffMagicWordManager: Hollybae's laff has been set to 5.
:04-21-2020 04:15:03 TTOffMagicWordManager: Voila!
:04-21-2020 04:15:25 TTOffMagicWordManager: Voila!
:04-21-2020 04:15:51 TTOffMagicWordManager: Alakazam!
:04-21-2020 04:15:56 TTOffMagicWordManager: Ta-da!
:04-21-2020 04:16:07 TTOffMagicWordManager: Abracadabra!
frame rate: 239.4 fps|0.001d|13 avs||908|908||0x0000|0x0000|1582.0MB|1753.6MB|16235.6MB|761|nt.2.6.2|3.701,3.701|6,12 cpus|OpenGL
:04-21-2020 04:16:23 TTOffMagicWordManager: Presto!
:04-21-2020 04:16:38 TTOffMagicWordManager: Alakazam!
:04-21-2020 04:17:11 TTOffMagicWordManager: Presto!
:04-21-2020 04:17:25 TTOffMagicWordManager: Abracadabra!
:04-21-2020 04:17:32 TTOffMagicWordManager: Abracadabra!
:04-21-2020 04:17:47 TTOffMagicWordManager: Alakazam!
:04-21-2020 04:18:00 TTOffMagicWordManager: Alakazam!
:04-21-2020 04:18:11 TTOffMagicWordManager: Alakazam!
