

Starting Toontown Online...
Current time: Wed Dec 25 11:22:02 2019 Eastern Standard Time
sys.path =  ['', 'C:\\Panda3D-1.11.0-x64\\python\\python27.zip', 'C:\\Panda3D-1.11.0-x64', 'C:\\Panda3D-1.11.0-x64\\python\\DLLs', 'C:\\Panda3D-1.11.0-x64\\python\\lib', 'C:\\Panda3D-1.11.0-x64\\python\\lib\\plat-win', 'C:\\Panda3D-1.11.0-x64\\python\\lib\\lib-tk', 'C:\\Panda3D-1.11.0-x64\\python', 'C:\\Panda3D-1.11.0-x64\\bin', 'C:\\Panda3D-1.11.0-x64\\python\\lib\\site-packages']
sys.argv =  ['D:\\hollybae\\Aly\\Toontown-School-House\\toontown\\launcher\\TTOffQuickStartLauncher.py']
generating standard configrc
os.environ =  {'TMP': 'C:\\Users\\holla\\AppData\\Local\\Temp', 'COMPUTERNAME': 'HOLLYBAES-PC', 'USERDOMAIN': 'HOLLYBAES-PC', 'INTEL_DEV_REDIST': 'C:\\Program Files (x86)\\Common Files\\Intel\\Shared Libraries\\', 'PSMODULEPATH': 'C:\\Program Files\\WindowsPowerShell\\Modules;C:\\WINDOWS\\system32\\WindowsPowerShell\\v1.0\\Modules', 'COMMONPROGRAMFILES': 'C:\\Program Files\\Common Files', 'PROCESSOR_IDENTIFIER': 'Intel64 Family 6 Model 158 Stepping 10, GenuineIntel', 'VBOX_MSI_INSTALL_PATH': 'C:\\Program Files\\Oracle\\VirtualBox\\', 'PROGRAMFILES': 'C:\\Program Files', 'PROCESSOR_REVISION': '9e0a', 'PATH': 'C:\\Panda3D-1.11.0-x64\\panda3d\\..\\bin;C:\\Program Files (x86)\\Razer\\ChromaBroadcast\\bin;C:\\Program Files\\Razer\\ChromaBroadcast\\bin;C:\\Program Files (x86)\\Common Files\\Intel\\Shared Libraries\\redist\\intel64_win\\compiler;C:\\Program Files (x86)\\Common Files\\Oracle\\Java\\javapath;C:\\Program Files (x86)\\Common Files\\Intel\\Shared Libraries\\redist\\intel64\\compiler;C:\\WINDOWS\\system32;C:\\WINDOWS;C:\\WINDOWS\\System32\\Wbem;C:\\WINDOWS\\System32\\WindowsPowerShell\\v1.0\\;C:\\WINDOWS\\System32\\OpenSSH\\;C:\\Program Files\\NVIDIA Corporation\\NVIDIA NGX;C:\\Program Files (x86)\\NVIDIA Corporation\\PhysX\\Common;C:\\Program Files\\NVIDIA Corporation\\NVIDIA NvDLISR;C:\\WINDOWS\\system32;C:\\WINDOWS;C:\\WINDOWS\\System32\\Wbem;C:\\WINDOWS\\System32\\WindowsPowerShell\\v1.0\\;C:\\WINDOWS\\System32\\OpenSSH\\;D:\\hollybae\\ffmpeg-4.1.3-win64-static\\ffmpeg-4.1.3-win64-static\\bin;C:\\Program Files\\dotnet\\;C:\\WINDOWS\\system32\\config\\systemprofile\\AppData\\Local\\Microsoft\\WindowsApps;C:\\Program Files (x86)\\QuickTime\\QTSystem\\;C:\\Users\\holla\\AppData\\Local\\Microsoft\\WindowsApps;C:\\Panda3D-1.10.4.1-x64\\python;C:\\Panda3D-1.10.4.1-x64\\python\\Scripts;C:\\Panda3D-1.10.4.1-x64\\bin;C:\\Panda3D-1.11.0-x64\\python;C:\\Panda3D-1.11.0-x64\\python\\Scripts;C:\\Panda3D-1.11.0-x64\\bin', 'SYSTEMROOT': 'C:\\WINDOWS', 'MIC_LD_LIBRARY_PATH': 'C:\\Program Files (x86)\\Common Files\\Intel\\Shared Libraries\\compiler\\lib\\intel64_win_mic', 'COMSPEC': 'C:\\WINDOWS\\system32\\cmd.exe', 'DRIVERDATA': 'C:\\Windows\\System32\\Drivers\\DriverData', 'PPYTHON_PATH': '"C:\\Panda3D-1.11.0-x64\\python\\ppython.exe"', 'TEMP': 'C:\\Users\\holla\\AppData\\Local\\Temp', 'COMMONPROGRAMFILES(X86)': 'C:\\Program Files (x86)\\Common Files', 'PROCESSOR_ARCHITECTURE': 'AMD64', 'PROGRAMFILES(X86)': 'C:\\Program Files (x86)', 'ALLUSERSPROFILE': 'C:\\ProgramData', 'LOCALAPPDATA': 'C:\\Users\\holla\\AppData\\Local', 'FPS_BROWSER_USER_PROFILE_STRING': 'Default', 'HOMEPATH': '\\Users\\holla', 'USERDOMAIN_ROAMINGPROFILE': 'HOLLYBAES-PC', 'PROGRAMW6432': 'C:\\Program Files', 'USERNAME': 'holla', 'LOGONSERVER': '\\\\HOLLYBAES-PC', 'PROMPT': '$P$G', 'SESSIONNAME': 'Console', 'PROGRAMDATA': 'C:\\ProgramData', 'ONEDRIVE': 'C:\\Users\\holla\\OneDrive', 'FPS_BROWSER_APP_PROFILE_STRING': 'Internet Explorer', 'PATHEXT': '.COM;.EXE;.BAT;.CMD;.VBS;.VBE;.JS;.JSE;.WSF;.WSH;.MSC', 'TTOFF_LOGIN_TOKEN': 'dev', 'WINDIR': 'C:\\WINDOWS', 'APPDATA': 'C:\\Users\\holla\\AppData\\Roaming', 'HOMEDRIVE': 'C:', 'SYSTEMDRIVE': 'C:', 'NUMBER_OF_PROCESSORS': '12', 'PROCESSOR_LEVEL': '6', 'COMMONPROGRAMW6432': 'C:\\Program Files\\Common Files', 'OS': 'Windows_NT', 'PUBLIC': 'C:\\Users\\Public', 'USERPROFILE': 'C:\\Users\\holla'}
:12-25-2019 11:22:02 TTOffLauncher: isTestServer: 0
:12-25-2019 11:22:02 TTOffLauncher: Game Server 127.0.0.1
:12-25-2019 11:22:02 TTOffLauncher: Starting Toontown Online... 
:12-25-2019 11:22:02 TTOffLauncher: foreground: Launcher now operating in foreground
useTTOffSpecificLogin=True
:12-25-2019 11:22:02 TTOffLauncher: maybeStartGame: starting game
:12-25-2019 11:22:02 TTOffLauncher: Starting Toontown Online...
:12-25-2019 11:22:02 TTOffLauncher: background: Launcher now operating in background
ToontownStart: Polling for game2 to finish...
ToontownStart: Game2 is finished.
ToontownStart: Starting the game.
ToontownStart: setting default font
:12-25-2019 11:22:02 TTOffLauncher: setting panda error code to 7
Known pipe types:
  wglGraphicsPipe
(all display modules loaded.)
:12-25-2019 11:22:02 ToonBase: Default graphics pipe is wglGraphicsPipe (OpenGL).
:12-25-2019 11:22:02 ToonBase: Successfully opened window of type wglGraphicsWindow (OpenGL)
:12-25-2019 11:22:02 ShowBase: __dev__ == False
:12-25-2019 11:22:02 TTOffLauncher: setting panda error code to 11
:12-25-2019 11:22:02 TTOffLauncher: setting panda error code to 0
ToontownStart: Loading default gui sounds
ToontownStart: serverVersion:  tto-dev
:12-25-2019 11:22:02 Loader: starting bulk load of block 'init'
:12-25-2019 11:22:06 :nativenet(error): Buffered_DatagramConnection Constructor rbufsize = 4096000 wbufsize = 4096000 write_flush_point = 1400
:12-25-2019 11:22:06 OTPClientRepository: Using connect method 'http'
:12-25-2019 11:22:10 TTOffLauncher: getRegistry ('DEPLOYMENT', None)
:12-25-2019 11:22:10 TTOffLauncher: checking env
:12-25-2019 11:22:10 TTOffLauncher: getRegistry ('GAME_DEPLOYMENT', None)
:12-25-2019 11:22:10 TTOffLauncher: checking env
:12-25-2019 11:22:10 OTPClientRepository: reg_deployment=
:12-25-2019 11:22:10 OTPClientRepository: required-login auto.
:12-25-2019 11:22:10 OTPClientRepository: loginInterface: LoginTTOffAccount
:12-25-2019 11:22:10 TTOffLauncher: getNeedPwForSecretKey using ttoff-specific-login
:12-25-2019 11:22:10 Loader: At end of block 'init', expected 138, loaded 10, duration=7.6169578
:12-25-2019 11:22:10 OTPClientRepository: Connecting to gameserver directly (no proxy).
:12-25-2019 11:22:10 OTPClientRepository: Connecting to //127.0.0.1:7198 via HTTP interface.
:12-25-2019 11:22:10 TTOffLauncher: Stopping mini task manager.
:12-25-2019 11:22:10 OTPClientRepository: Successfully connected to //127.0.0.1:7198.
:12-25-2019 11:22:10 TTOffLauncher: Setting Disconnect Details normal
{401000001: <toontown.distributed.ToontownDistrict.ToontownDistrict instance at 0x000000001C7EF788>}
:12-25-2019 11:22:11 StateData: AvatarChooser.enter
:12-25-2019 11:22:11 DisplayOptions: settingsFullScreen = False, embedded = False width=800 height=600
:12-25-2019 11:22:11 StateData: calling self.displayOptions.restrictToEmbedded(False)
:12-25-2019 11:22:14 OTPClientRepository: ================
:12-25-2019 11:22:14 OTPClientRepository: Chose avatar id: 100000014
:12-25-2019 11:22:14 OTPClientRepository: Chose avatar name: Hollybae
:12-25-2019 11:22:14 OTPClientRepository: Chose avatar dna: ('css', 'ms', 'm', 'm', 16, 0, 16, 16, 113, 27, 18, 27, 7, 21)
:12-25-2019 11:22:14 OTPClientRepository: Chose avatar position: 5
:12-25-2019 11:22:14 OTPClientRepository: isPaid: 1
:12-25-2019 11:22:14 OTPClientRepository: freeTimeLeft: 0
:12-25-2019 11:22:14 OTPClientRepository: allowSecretChat: True
:12-25-2019 11:22:14 OTPClientRepository: ================
:12-25-2019 11:22:15 Loader: starting bulk load of block 'localAvatarPlayGame'
:12-25-2019 11:22:15 ToontownTimeManager(warning): error parsing date string=
local
:12-25-2019 11:22:15 NewsPageButtonManager(warning): Should not get here. NewsPageButtonManager.exitOff
:12-25-2019 11:22:16 :pnmimage:png(warning): iCCP: known incorrect sRGB profile
:12-25-2019 11:22:17 OTPClientRepository: Entering shard 401000001
:12-25-2019 11:22:17 StreetSign: Street sign url is https://ttoffline.com/images/
:12-25-2019 11:22:19 StreetSign: Street Sign is up to date
:12-25-2019 11:22:19 TimeManager: Clock sync: TimeManager.announceGenerate
:12-25-2019 11:22:19 NewsManager: setHolidayId: Starting Holiday 7
:12-25-2019 11:22:19 InGameNewsMgr: latestIssue=2013-08-22 16:49:46.000003-07:00
cpu info: GenuineIntel|Intel(R) Core(TM) i7-8700K CPU @ 3.70GHz|591594|0|3.701,3.701|6,12 cpus
:12-25-2019 11:22:20 OTPClientRepository: No sync from TimeManager.
:12-25-2019 11:22:20 OTPClientRepository: gotTimeSync
:12-25-2019 11:22:20 Loader: At end of block 'localAvatarPlayGame', expected 400, loaded 12, duration=5.5540469
:12-25-2019 11:22:20 OTPClientRepository: Sending heartbeat mid-frame.
:12-25-2019 11:22:20 TimeManager: Clock sync roundtrip took 1749.383 ms
:12-25-2019 11:22:20 TimeManager: AI time delta is -0:01 from server delta
:12-25-2019 11:22:20 TimeManager: Local clock uncertainty +/- 0.875 s
:12-25-2019 11:22:20 PlayGame: QA-REGRESSION: NEIGHBORHOODS: Visit Lawbot HQ
:12-25-2019 11:22:20 Loader: starting bulk load of block 'hood'
:12-25-2019 11:22:21 LawbotCogHQLoader: loadPlaceGeom: 13000
:12-25-2019 11:22:22 DistributedObject: DistributedSuitPlanner 401002972: generating
:12-25-2019 11:22:22 DistributedToon: calling LocalAvatar.startchat
:12-25-2019 11:22:22 :loader(error): Couldn't load file phase_4/models/questmap/cog_hq_lawbot_maps.bam: not found on model path (currently: "/;/d/hollybae/Aly/Toontown-School-House/toontown/launcher;/c/Panda3D-1.11.0-x64/etc/..;/c/Panda3D-1.11.0-x64/etc/../models")
:12-25-2019 11:22:22 Loader: At end of block 'hood', expected 2, loaded 7, duration=1.5170751
:12-25-2019 11:22:23 Teleport(debug): teleportInDone: walk
:12-25-2019 11:22:23 :loader(error): Couldn't load file phase_4/models/questmap/cog_hq_lawbot_maps.bam: not found on model path (currently: "/;/d/hollybae/Aly/Toontown-School-House/toontown/launcher;/c/Panda3D-1.11.0-x64/etc/..;/c/Panda3D-1.11.0-x64/etc/../models")
:12-25-2019 11:23:15 TTOffMagicWordManager: Run mode has been toggled.
:12-25-2019 11:23:22 LawbotCogHQLoader: loadPlaceGeom: 13100
:12-25-2019 11:23:22 LawbotCogHQLoader: QA-REGRESSION: COGHQ: Visit LawbotLobby
:12-25-2019 11:23:22 LawbotHQExterior: Unloading Place (13000). Fsm in final
:12-25-2019 11:23:22 DistributedObject: DistributedSuitPlanner 401002972: disabling
:12-25-2019 11:23:22 DistributedToon: calling LocalAvatar.startchat
:12-25-2019 11:23:22 :loader(error): Couldn't load file phase_4/models/questmap/cog_hq_lawbot_maps.bam: not found on model path (currently: "/;/d/hollybae/Aly/Toontown-School-House/toontown/launcher;/c/Panda3D-1.11.0-x64/etc/..;/c/Panda3D-1.11.0-x64/etc/../models")
:12-25-2019 11:23:23 :loader(error): Couldn't load file phase_4/models/questmap/cog_hq_lawbot_maps.bam: not found on model path (currently: "/;/d/hollybae/Aly/Toontown-School-House/toontown/launcher;/c/Panda3D-1.11.0-x64/etc/..;/c/Panda3D-1.11.0-x64/etc/../models")
:12-25-2019 11:23:28 TTOffMagicWordManager: Run mode has been toggled.
:12-25-2019 11:23:30 TTOffMagicWordManager: Gave Hollybae an infinite amount of pies
:12-25-2019 11:23:33 TTOffMagicWordManager: Ta-da!
:12-25-2019 11:23:36 LawbotCogHQLoader: loadPlaceGeom: 61000
:12-25-2019 11:23:36 LawbotCogHQLoader(warning): loadPlaceGeom: unclassified zone 61000
:12-25-2019 11:23:36 CogHQLobby: Unloading Place (13100). Fsm in final
:12-25-2019 11:23:36 DistributedLawbotBoss(warning): Not a collision node: LawbotCourtroom3.egg/-PandaNode/CR3/interior/CR3_Floor
:12-25-2019 11:23:36 DistributedToon: calling LocalAvatar.startchat
:12-25-2019 11:23:36 LawbotHQBossBattle(warning): fsm.request('movie') returned 0 (zone id 61000, avatar pos LPoint3f(-0.363562, -126.204, 0.193903)).
:12-25-2019 11:23:47 TTOffMagicWordManager: Restarting Scale Round
adding timeout task
adding timeout task
:12-25-2019 11:27:03 GarbageCollect(warning): garbage found, reverting gc threshold
frame rate: 291.3 fps|0.001d|13 avs||314|315||0x0000|0x0000|970.7MB|1139.5MB|16235.6MB|576|nt.2.6.2|3.701,3.701|6,12 cpus|OpenGL
frame rate: 293.3 fps|0.000d|13 avs||614|615||0x0000|0x0000|1242.1MB|1411.4MB|16235.6MB|670|nt.2.6.2|3.701,3.701|6,12 cpus|OpenGL
handling timeout
:12-25-2019 11:36:05 DistributedToon: closing shard...
:12-25-2019 11:36:05 LawbotHQBossBattle: Unloading Place (61000). Fsm in final
:12-25-2019 11:36:05 OTPClientRepository: Exiting shard
ignoring InputState-forward
:12-25-2019 11:36:05 OTPClientRepository: sending clientLogout
:12-25-2019 11:36:05 LocalAvatar(warning): redundant call to stopUpdateSmartCamera
:12-25-2019 11:36:05 OTPClientRepository(warning): Disable failed. DistObj 100000014 is not in dictionary, ownerView=True
:12-25-2019 11:38:53 StateData: AvatarChooser.enter
:12-25-2019 11:38:53 DisplayOptions: settingsFullScreen = False, embedded = False width=800 height=600
:12-25-2019 11:38:53 StateData: calling self.displayOptions.restrictToEmbedded(False)
:12-25-2019 11:38:54 OTPClientRepository: ================
:12-25-2019 11:38:54 OTPClientRepository: Chose avatar id: 100000014
:12-25-2019 11:38:54 OTPClientRepository: Chose avatar name: Hollybae
:12-25-2019 11:38:54 OTPClientRepository: Chose avatar dna: ('css', 'ms', 'm', 'm', 16, 0, 16, 16, 113, 27, 18, 27, 7, 21)
:12-25-2019 11:38:54 OTPClientRepository: Chose avatar position: 5
:12-25-2019 11:38:54 OTPClientRepository: isPaid: 1
:12-25-2019 11:38:54 OTPClientRepository: freeTimeLeft: 0
:12-25-2019 11:38:54 OTPClientRepository: allowSecretChat: True
:12-25-2019 11:38:54 OTPClientRepository: ================
:12-25-2019 11:38:55 Loader: starting bulk load of block 'localAvatarPlayGame'
local
:12-25-2019 11:38:55 NewsPageButtonManager(warning): Should not get here. NewsPageButtonManager.exitOff
:12-25-2019 11:38:55 :pnmimage:png(warning): iCCP: known incorrect sRGB profile
:12-25-2019 11:38:56 OTPClientRepository: Entering shard 401000001
:12-25-2019 11:38:56 TimeManager: Clock sync: TimeManager.announceGenerate
:12-25-2019 11:38:56 NewsManager: setHolidayId: Starting Holiday 7
:12-25-2019 11:38:56 InGameNewsMgr: latestIssue=2013-08-22 16:49:46.000003-07:00
cpu info: GenuineIntel|Intel(R) Core(TM) i7-8700K CPU @ 3.70GHz|591594|0|3.701,3.701|6,12 cpus
:12-25-2019 11:38:56 OTPClientRepository: No sync from TimeManager.
:12-25-2019 11:38:56 OTPClientRepository: gotTimeSync
:12-25-2019 11:38:56 Loader: At end of block 'localAvatarPlayGame', expected 400, loaded 7, duration=1.7078303
:12-25-2019 11:38:56 TimeManager: Clock sync roundtrip took 56.014 ms
:12-25-2019 11:38:56 TimeManager: AI time delta is -0:00 from server delta
:12-25-2019 11:38:56 ClockDelta: previous delta at -0.044 s, +/- 1.152 s.
:12-25-2019 11:38:56 ClockDelta: new delta at -0.895 s, +/- 0.028 s.
:12-25-2019 11:38:56 ClockDelta: intersection at -0.895 s, +/- 0.028 s.
:12-25-2019 11:38:56 TimeManager: Local clock uncertainty +/- 0.028 s
:12-25-2019 11:38:56 PlayGame: QA-REGRESSION: NEIGHBORHOODS: Visit Lawbot HQ
:12-25-2019 11:38:56 Loader: starting bulk load of block 'hood'
:12-25-2019 11:38:57 LawbotCogHQLoader: loadPlaceGeom: 13000
:12-25-2019 11:38:57 DistributedObject: DistributedSuitPlanner 401002972: generating
:12-25-2019 11:38:57 DistributedToon: calling LocalAvatar.startchat
:12-25-2019 11:38:57 :loader(error): Couldn't load file phase_4/models/questmap/cog_hq_lawbot_maps.bam: not found on model path (currently: "/;/d/hollybae/Aly/Toontown-School-House/toontown/launcher;/c/Panda3D-1.11.0-x64/etc/..;/c/Panda3D-1.11.0-x64/etc/../models")
:12-25-2019 11:38:57 Loader: At end of block 'hood', expected 2, loaded 3, duration=0.6912316
:12-25-2019 11:38:58 Teleport(debug): teleportInDone: walk
:12-25-2019 11:38:58 :loader(error): Couldn't load file phase_4/models/questmap/cog_hq_lawbot_maps.bam: not found on model path (currently: "/;/d/hollybae/Aly/Toontown-School-House/toontown/launcher;/c/Panda3D-1.11.0-x64/etc/..;/c/Panda3D-1.11.0-x64/etc/../models")
:12-25-2019 11:38:59 TTOffMagicWordManager: Run mode has been toggled.
:12-25-2019 11:39:02 TTOffMagicWordManager: You can only specify between 0 and 99 pies.
:12-25-2019 11:39:04 TTOffMagicWordManager: Gave Hollybae an infinite amount of pies
:12-25-2019 11:39:09 LawbotCogHQLoader: loadPlaceGeom: 13100
:12-25-2019 11:39:09 LawbotCogHQLoader: QA-REGRESSION: COGHQ: Visit LawbotLobby
:12-25-2019 11:39:09 LawbotHQExterior: Unloading Place (13000). Fsm in final
:12-25-2019 11:39:09 DistributedObject: DistributedSuitPlanner 401002972: disabling
:12-25-2019 11:39:09 DistributedToon: calling LocalAvatar.startchat
:12-25-2019 11:39:09 :loader(error): Couldn't load file phase_4/models/questmap/cog_hq_lawbot_maps.bam: not found on model path (currently: "/;/d/hollybae/Aly/Toontown-School-House/toontown/launcher;/c/Panda3D-1.11.0-x64/etc/..;/c/Panda3D-1.11.0-x64/etc/../models")
:12-25-2019 11:39:11 :loader(error): Couldn't load file phase_4/models/questmap/cog_hq_lawbot_maps.bam: not found on model path (currently: "/;/d/hollybae/Aly/Toontown-School-House/toontown/launcher;/c/Panda3D-1.11.0-x64/etc/..;/c/Panda3D-1.11.0-x64/etc/../models")
:12-25-2019 11:39:16 TTOffMagicWordManager: Run mode has been toggled.
:12-25-2019 11:39:23 LawbotCogHQLoader: loadPlaceGeom: 61001
:12-25-2019 11:39:23 LawbotCogHQLoader(warning): loadPlaceGeom: unclassified zone 61000
:12-25-2019 11:39:23 CogHQLobby: Unloading Place (13100). Fsm in final
:12-25-2019 11:39:23 DistributedLawbotBoss(warning): Not a collision node: LawbotCourtroom3.egg/-PandaNode/CR3/interior/CR3_Floor
:12-25-2019 11:39:23 DistributedToon: calling LocalAvatar.startchat
:12-25-2019 11:39:23 LawbotHQBossBattle(warning): fsm.request('movie') returned 0 (zone id 61001, avatar pos LPoint3f(-0.363562, -126.204, 0.193903)).
:12-25-2019 11:39:38 LawbotHQBossBattle(warning): fsm.request('movie') returned 0 (zone id 61001, avatar pos LPoint3f(-0.363562, -126.204, 0.193903)).
Battle Event localtoon-battle-event-3
:12-25-2019 11:40:23 Actor(warning): called actor.removeNode() on actor without calling cleanup()
:12-25-2019 11:40:23 Actor(warning): called actor.removeNode() on actor without calling cleanup()
:12-25-2019 11:40:23 Actor(warning): called actor.removeNode() on actor without calling cleanup()
:12-25-2019 11:40:23 Actor(warning): called actor.removeNode() on actor without calling cleanup()
:12-25-2019 11:40:23 Actor(warning): called actor.removeNode() on actor without calling cleanup()
:12-25-2019 11:40:23 Actor(warning): called actor.removeNode() on actor without calling cleanup()
:12-25-2019 11:40:23 Actor(warning): called actor.removeNode() on actor without calling cleanup()
:12-25-2019 11:40:23 Actor(warning): called actor.removeNode() on actor without calling cleanup()
:12-25-2019 11:40:23 Actor(warning): called actor.removeNode() on actor without calling cleanup()
:12-25-2019 11:40:23 Actor(warning): called actor.removeNode() on actor without calling cleanup()
:12-25-2019 11:40:23 Actor(warning): called actor.removeNode() on actor without calling cleanup()
:12-25-2019 11:40:23 Actor(warning): called actor.removeNode() on actor without calling cleanup()
:12-25-2019 11:40:23 TTOffMagicWordManager: Restarting Scale Round
:12-25-2019 11:40:32 TTOffMagicWordManager: Hollybae's laff has been set to 1021.
:12-25-2019 11:41:55 TTOffMagicWordManager: Presto!
:12-25-2019 11:41:56 :linmath(warning): Tried to invert singular LMatrix3.
:12-25-2019 11:42:49 TTOffMagicWordManager: Voila!
:12-25-2019 11:43:15 TTOffMagicWordManager: Abracadabra!
:12-25-2019 11:43:27 TTOffMagicWordManager: Voila!
frame rate: 236.2 fps|0.001d|13 avs||1313|1314||0x0000|0x0000|1946.3MB|2121.4MB|16235.6MB|984|nt.2.6.2|3.701,3.701|6,12 cpus|OpenGL
:12-25-2019 11:44:10 TTOffMagicWordManager: Presto!
:12-25-2019 11:44:21 TTOffMagicWordManager: Abracadabra!
:12-25-2019 11:44:32 TTOffMagicWordManager: Voila!
:12-25-2019 11:45:10 TTOffMagicWordManager: Alakazam!
:12-25-2019 11:45:23 TTOffMagicWordManager: Presto!
:12-25-2019 11:45:33 TTOffMagicWordManager: Ta-da!
:12-25-2019 11:45:57 TTOffMagicWordManager: Voila!
:12-25-2019 11:46:16 TTOffMagicWordManager: Ta-da!
:12-25-2019 11:46:53 TTOffMagicWordManager: Abracadabra!
:12-25-2019 11:47:04 TTOffMagicWordManager: Abracadabra!
:12-25-2019 11:47:24 TTOffMagicWordManager: Voila!
:12-25-2019 11:47:49 TTOffMagicWordManager: Alakazam!
:12-25-2019 11:48:15 TTOffMagicWordManager: Presto!
:12-25-2019 11:48:25 TTOffMagicWordManager: Abracadabra!
:12-25-2019 11:48:54 TTOffMagicWordManager: Abracadabra!
frame rate: 222.6 fps|0.001d|13 avs||1613|1614||0x0000|0x0000|2231.4MB|2406.9MB|16235.6MB|1095|nt.2.6.2|3.701,3.701|6,12 cpus|OpenGL
:12-25-2019 11:49:11 TTOffMagicWordManager: Voila!
:12-25-2019 11:49:21 TTOffMagicWordManager: Ta-da!
:12-25-2019 11:49:33 TTOffMagicWordManager: Presto!
:12-25-2019 11:49:45 TTOffMagicWordManager: Abracadabra!
:12-25-2019 11:49:59 TTOffMagicWordManager: Ta-da!
:12-25-2019 11:50:13 TTOffMagicWordManager: Ta-da!
:12-25-2019 11:50:26 TTOffMagicWordManager: Abracadabra!
:12-25-2019 11:50:38 TTOffMagicWordManager: Presto!
:12-25-2019 11:50:56 TTOffMagicWordManager: Voila!
:12-25-2019 11:51:09 TTOffMagicWordManager: Abracadabra!
:12-25-2019 11:51:21 TTOffMagicWordManager: Ta-da!
:12-25-2019 11:51:31 TTOffMagicWordManager: Abracadabra!
:12-25-2019 11:51:43 TTOffMagicWordManager: Alakazam!
:12-25-2019 11:52:06 TTOffMagicWordManager: Voila!
:12-25-2019 11:52:16 TTOffMagicWordManager: Abracadabra!
:12-25-2019 11:52:25 TTOffMagicWordManager: Ta-da!
:12-25-2019 11:52:52 TTOffMagicWordManager: Presto!
:12-25-2019 11:53:08 TTOffMagicWordManager: Alakazam!
:12-25-2019 11:53:20 TTOffMagicWordManager: Alakazam!
:12-25-2019 11:53:32 TTOffMagicWordManager: Alakazam!
:12-25-2019 11:53:44 TTOffMagicWordManager: Alakazam!
frame rate: 198.4 fps|0.001d|13 avs||1913|1914||0x0000|0x0000|2557.0MB|2733.1MB|16235.6MB|1222|nt.2.6.2|3.701,3.701|6,12 cpus|OpenGL
:12-25-2019 11:54:01 TTOffMagicWordManager: Alakazam!
:12-25-2019 11:54:35 ToonBase: User closed main window.
:12-25-2019 11:54:35 TimeManager: Client disconnect reason 2.
:12-25-2019 11:54:35 LawbotHQBossBattle: Unloading Place (61001). Fsm in final
:12-25-2019 11:54:35 OTPClientRepository(warning): unclean exit, abandoning shard
ignoring InputState-forward
:12-25-2019 11:54:35 OTPClientRepository: sending clientLogout
:12-25-2019 11:54:35 LocalAvatar(warning): redundant call to stopUpdateSmartCamera
:12-25-2019 11:54:35 OTPClientRepository: Sent disconnect message to server
:12-25-2019 11:54:35 OTPClientRepository: Closing connection to server.
:12-25-2019 11:54:35 OTPClientRepository: Exiting cleanly
:12-25-2019 11:54:35 ToonBase: Exiting Toontown: errorCode = None
:12-25-2019 11:54:35 TTOffLauncher: setting panda error code to 0
:12-25-2019 11:54:35 TTOffLauncher: Normal exit.
