

Starting Toontown Online...
Current time: Wed Dec 16 13:05:22 2020 Eastern Standard Time
sys.path =  ['', 'C:\\Panda3D-1.11.0-x64\\python\\python27.zip', 'C:\\Panda3D-1.11.0-x64', 'C:\\Panda3D-1.11.0-x64\\python\\DLLs', 'C:\\Panda3D-1.11.0-x64\\python\\lib', 'C:\\Panda3D-1.11.0-x64\\python\\lib\\plat-win', 'C:\\Panda3D-1.11.0-x64\\python\\lib\\lib-tk', 'C:\\Panda3D-1.11.0-x64\\python', 'C:\\Panda3D-1.11.0-x64\\bin', 'C:\\Panda3D-1.11.0-x64\\python\\lib\\site-packages']
sys.argv =  ['C:\\Ultimate TTSH Source Pack\\TTSH - Cinematic Edition\\toontown\\launcher\\TTOffQuickStartLauncher.py']
generating standard configrc
os.environ =  {'TMP': 'C:\\Users\\Philip\\AppData\\Local\\Temp', 'COMPUTERNAME': 'PHILIP-JR', 'USERDOMAIN': 'PHILIP-JR', 'PSMODULEPATH': 'C:\\WINDOWS\\system32\\WindowsPowerShell\\v1.0\\Modules\\', 'COMMONPROGRAMFILES': 'C:\\Program Files\\Common Files', 'ADSK_3DSMAX_X64_2021': 'C:\\Program Files\\Autodesk\\3ds Max 2021\\', 'PROCESSOR_IDENTIFIER': 'Intel64 Family 6 Model 45 Stepping 7, GenuineIntel', 'PROGRAMFILES': 'C:\\Program Files', 'PROCESSOR_REVISION': '2d07', 'SYSTEMROOT': 'C:\\WINDOWS', 'PATH': 'C:\\Panda3D-1.11.0-x64\\panda3d\\..\\bin;C:\\Windows\\system32;C:\\Windows;C:\\Windows\\System32\\Wbem;C:\\Windows\\System32\\WindowsPowerShell\\v1.0\\;C:\\Program Files (x86)\\NVIDIA Corporation\\PhysX\\Common;C:\\Program Files\\Git\\cmd;C:\\WINDOWS\\system32;C:\\WINDOWS;C:\\WINDOWS\\System32\\Wbem;C:\\WINDOWS\\System32\\WindowsPowerShell\\v1.0\\;C:\\Program Files (x86)\\Windows Kits\\10\\Windows Performance Toolkit\\;C:\\Program Files\\dotnet\\;C:\\Program Files\\Common Files\\Autodesk Shared\\;C:\\Program Files\\Microsoft SQL Server\\120\\Tools\\Binn\\;C:\\Panda3D-1.10.02\\python;C:\\Panda3D-1.10.02\\python\\Scripts;C:\\Panda3D-1.10.02\\bin;C:\\Panda3D-1.11.0-x64-py2\\python;C:\\Panda3D-1.11.0-x64-py2\\python\\Scripts;C:\\Panda3D-1.11.0-x64-py2\\bin;C:\\Users\\Philip\\AppData\\Local\\GitHubDesktop\\bin;C:\\Panda3D-1.9.0\\python;C:\\Panda3D-1.9.0\\python\\Scripts;C:\\Panda3D-1.9.0\\bin;C:\\Panda3D-1.10.0-x64\\python;C:\\Panda3D-1.10.0-x64\\python\\Scripts;C:\\Panda3D-1.10.0-x64\\bin;C:\\Users\\Philip\\AppData\\Local\\atom\\bin;C:\\Panda3D-1.10.0\\python;C:\\Panda3D-1.10.0\\python\\Scripts;C:\\Panda3D-1.10.0\\bin;C:\\Panda3D-1.11.0-x64\\python;C:\\Panda3D-1.11.0-x64\\python\\Scripts;C:\\Panda3D-1.11.0-x64\\bin', 'PROGRAMFILES(X86)': 'C:\\Program Files (x86)', 'COMSPEC': 'C:\\WINDOWS\\system32\\cmd.exe', 'KMP_BLOCKTIME': '0', 'PPYTHON_PATH': '"C:\\Panda3D-1.11.0-x64\\python\\ppython.exe"', 'TEMP': 'C:\\Users\\Philip\\AppData\\Local\\Temp', 'COMMONPROGRAMFILES(X86)': 'C:\\Program Files (x86)\\Common Files', 'PROCESSOR_ARCHITECTURE': 'AMD64', 'ALLUSERSPROFILE': 'C:\\ProgramData', 'LOCALAPPDATA': 'C:\\Users\\Philip\\AppData\\Local', 'HOMEPATH': '\\Users\\Philip', 'USERDOMAIN_ROAMINGPROFILE': 'PHILIP-JR', 'PROGRAMW6432': 'C:\\Program Files', 'USERNAME': 'Philip', 'LOGONSERVER': '\\\\MicrosoftAccount', 'PROMPT': '$P$G', 'SESSIONNAME': 'Console', 'PROGRAMDATA': 'C:\\ProgramData', 'PATHEXT': '.COM;.EXE;.BAT;.CMD;.VBS;.VBE;.JS;.JSE;.WSF;.WSH;.MSC', 'TTOFF_LOGIN_TOKEN': 'dev', 'FP_NO_HOST_CHECK': 'NO', 'WINDIR': 'C:\\WINDOWS', 'OMP_WAIT_POLICY': 'PASSIVE', 'APPDATA': 'C:\\Users\\Philip\\AppData\\Roaming', 'HOMEDRIVE': 'C:', 'SYSTEMDRIVE': 'C:', 'NUMBER_OF_PROCESSORS': '8', 'PROCESSOR_LEVEL': '6', 'CIOENGINE': 'C:\\cio-panda3d', 'COMMONPROGRAMW6432': 'C:\\Program Files\\Common Files', 'OS': 'Windows_NT', 'PUBLIC': 'C:\\Users\\Public', 'USERPROFILE': 'C:\\Users\\Philip'}
:12-16-2020 13:05:22 TTOffLauncher: isTestServer: 0
:12-16-2020 13:05:22 TTOffLauncher: Game Server 127.0.0.1
:12-16-2020 13:05:22 TTOffLauncher: Starting Toontown Online... 
:12-16-2020 13:05:22 TTOffLauncher: foreground: Launcher now operating in foreground
useTTOffSpecificLogin=True
:12-16-2020 13:05:22 TTOffLauncher: maybeStartGame: starting game
:12-16-2020 13:05:22 TTOffLauncher: Starting Toontown Online...
:12-16-2020 13:05:22 TTOffLauncher: background: Launcher now operating in background
ToontownStart: Polling for game2 to finish...
ToontownStart: Game2 is finished.
ToontownStart: Starting the game.
ToontownStart: setting default font
:12-16-2020 13:05:23 TTOffLauncher: setting panda error code to 7
Known pipe types:
  wglGraphicsPipe
(all display modules loaded.)
:12-16-2020 13:05:23 ToonBase: Default graphics pipe is wglGraphicsPipe (OpenGL).
:12-16-2020 13:05:23 ToonBase: Successfully opened window of type wglGraphicsWindow (OpenGL)
:12-16-2020 13:05:23 ShowBase: __dev__ == False
:12-16-2020 13:05:23 TTOffLauncher: setting panda error code to 11
:12-16-2020 13:05:23 TTOffLauncher: setting panda error code to 0
ToontownStart: Loading default gui sounds
ToontownStart: serverVersion:  tto-dev
:12-16-2020 13:05:23 Loader: starting bulk load of block 'init'
:12-16-2020 13:05:25 :nativenet(error): Buffered_DatagramConnection Constructor rbufsize = 4096000 wbufsize = 4096000 write_flush_point = 1400
:12-16-2020 13:05:25 OTPClientRepository: Using connect method 'http'
:12-16-2020 13:05:28 TTOffLauncher: getRegistry ('DEPLOYMENT', None)
:12-16-2020 13:05:28 TTOffLauncher: checking env
:12-16-2020 13:05:28 TTOffLauncher: getRegistry ('GAME_DEPLOYMENT', None)
:12-16-2020 13:05:28 TTOffLauncher: checking env
:12-16-2020 13:05:28 OTPClientRepository: reg_deployment=
:12-16-2020 13:05:28 OTPClientRepository: required-login auto.
:12-16-2020 13:05:28 OTPClientRepository: loginInterface: LoginTTOffAccount
:12-16-2020 13:05:28 TTOffLauncher: getNeedPwForSecretKey using ttoff-specific-login
:12-16-2020 13:05:28 Loader: At end of block 'init', expected 138, loaded 9, duration=4.69159642783
:12-16-2020 13:05:28 OTPClientRepository: Connecting to gameserver directly (no proxy).
:12-16-2020 13:05:28 OTPClientRepository: Connecting to //127.0.0.1:7198 via HTTP interface.
:12-16-2020 13:05:28 TTOffLauncher: Stopping mini task manager.
:12-16-2020 13:05:28 OTPClientRepository: Successfully connected to //127.0.0.1:7198.
:12-16-2020 13:05:28 TTOffLauncher: Setting Disconnect Details normal
{401000001: <toontown.distributed.ToontownDistrict.ToontownDistrict instance at 0x00000000164DBD08>}
:12-16-2020 13:05:29 StateData: AvatarChooser.enter
:12-16-2020 13:05:29 DisplayOptions: settingsFullScreen = False, embedded = False width=800 height=600
:12-16-2020 13:05:29 StateData: calling self.displayOptions.restrictToEmbedded(False)
:12-16-2020 13:05:31 OTPClientRepository: ================
:12-16-2020 13:05:31 OTPClientRepository: Chose avatar id: 100000006
:12-16-2020 13:05:31 OTPClientRepository: Chose avatar name: Relentless
:12-16-2020 13:05:31 OTPClientRepository: Chose avatar dna: ('css', 'ms', 'm', 'm', 26, 0, 26, 26, 86, 27, 75, 27, 50, 27)
:12-16-2020 13:05:31 OTPClientRepository: Chose avatar position: 4
:12-16-2020 13:05:31 OTPClientRepository: isPaid: 1
:12-16-2020 13:05:31 OTPClientRepository: freeTimeLeft: 0
:12-16-2020 13:05:31 OTPClientRepository: allowSecretChat: True
:12-16-2020 13:05:31 OTPClientRepository: ================
:12-16-2020 13:05:31 Loader: starting bulk load of block 'localAvatarPlayGame'
:12-16-2020 13:05:31 ToontownTimeManager(warning): error parsing date string=
local
:12-16-2020 13:05:32 NewsPageButtonManager(warning): Should not get here. NewsPageButtonManager.exitOff
:12-16-2020 13:05:32 :gobj(error): Texture::read() - couldn't read: phase_3.5/maps/global_disabled.jpg
:12-16-2020 13:05:32 :gobj(error): Unable to find texture "phase_3.5/maps/global_disabled.jpg" on model-path /;/c/Ultimate TTSH Source Pack/TTSH - Cinematic Edition/toontown/launcher;/c/Panda3D-1.11.0-x64/etc/..;/c/Panda3D-1.11.0-x64/etc/../models
:12-16-2020 13:05:32 :pnmimage:png(warning): iCCP: known incorrect sRGB profile
:12-16-2020 13:05:35 OTPClientRepository: Entering shard 401000001
:12-16-2020 13:05:35 StreetSign: Street sign url is https://ttoffline.com/images/
:12-16-2020 13:05:36 StreetSign: Street Sign is up to date
:12-16-2020 13:05:36 TimeManager: Clock sync: TimeManager.announceGenerate
:12-16-2020 13:05:36 NewsManager: setHolidayId: Starting Holiday 7
:12-16-2020 13:05:36 InGameNewsMgr: latestIssue=2013-08-22 16:49:46.000003-07:00
cpu info: GenuineIntel|        Intel(R) Core(TM) i7-3820 CPU @ 3.60GHz|132823|0|3.601,3.601|4,8 cpus
:12-16-2020 13:05:37 OTPClientRepository: No sync from TimeManager.
:12-16-2020 13:05:37 OTPClientRepository: gotTimeSync
:12-16-2020 13:05:37 Loader: At end of block 'localAvatarPlayGame', expected 400, loaded 18, duration=6.7488724619
:12-16-2020 13:05:37 TimeManager: Clock sync roundtrip took 1213.561 ms
:12-16-2020 13:05:37 TimeManager: AI time delta is -0:01 from server delta
:12-16-2020 13:05:37 TimeManager: Local clock uncertainty +/- 0.607 s
:12-16-2020 13:05:37 PlayGame: QA-REGRESSION: NEIGHBORHOODS: Visit Cashbot HQ
:12-16-2020 13:05:37 Loader: starting bulk load of block 'hood'
:12-16-2020 13:05:38 OTPClientRepository: Sending heartbeat mid-frame.
:12-16-2020 13:05:39 CashbotCogHQLoader: loadPlaceGeom: 12000
:12-16-2020 13:05:39 DistributedObject: DistributedSuitPlanner 401002962: generating
:12-16-2020 13:05:39 DistributedToon: calling LocalAvatar.startchat
:12-16-2020 13:05:39 :loader(error): Couldn't load file phase_4/models/questmap/cog_hq_cashbot_maps.bam: not found on model path (currently: "/;/c/Ultimate TTSH Source Pack/TTSH - Cinematic Edition/toontown/launcher;/c/Panda3D-1.11.0-x64/etc/..;/c/Panda3D-1.11.0-x64/etc/../models")
:12-16-2020 13:05:39 Loader: At end of block 'hood', expected 2, loaded 8, duration=1.89718781076
:12-16-2020 13:05:41 Teleport(debug): teleportInDone: walk
:12-16-2020 13:05:41 :loader(error): Couldn't load file phase_4/models/questmap/cog_hq_cashbot_maps.bam: not found on model path (currently: "/;/c/Ultimate TTSH Source Pack/TTSH - Cinematic Edition/toontown/launcher;/c/Panda3D-1.11.0-x64/etc/..;/c/Panda3D-1.11.0-x64/etc/../models")
local
Traceback (most recent call last):
  File "C:\Panda3D-1.11.0-x64\direct\distributed\ConnectionRepository.py", line 609, in readerPollUntilEmpty
    while self.readerPollOnce():
  File "C:\Panda3D-1.11.0-x64\direct\distributed\ConnectionRepository.py", line 616, in readerPollOnce
    self.handleDatagram(self.private__di)
  File "otp\distributed\OTPClientRepository.py", line 1838, in handleDatagram
    self.handler(msgType, di)
  File "otp\distributed\OTPClientRepository.py", line 1441, in handlePlayGame
    self.handleUpdateField(di)
  File "C:\Panda3D-1.11.0-x64\direct\distributed\ClientRepositoryBase.py", line 437, in handleUpdateField
    self.__doUpdate(doId, di, ovUpdated)
  File "C:\Panda3D-1.11.0-x64\direct\distributed\ClientRepositoryBase.py", line 445, in __doUpdate
    do.dclass.receiveUpdate(do, di)
  File "toontown\spellbook\TTOffMagicWordManager.py", line 146, in executeMagicWord
    returnValue = command.executeWord()
  File "toontown\spellbook\MagicWordIndex.py", line 136, in executeWord
    executedWord = self.handleWord(invoker, avId, toon, *self.args)
  File "toontown\spellbook\MagicWordIndex.py", line 684, in handleWord
    demotedCeo = Suit.Suit()
NameError: global name 'Suit' is not defined
:12-16-2020 13:05:49 :task(error): Exception occurred in PythonTask readerPollTask-128426112
:12-16-2020 13:05:49 TTOffLauncher: setting panda error code to 12
:12-16-2020 13:05:49 TTOffLauncher(warning): Handling Python exception.
:12-16-2020 13:05:49 TimeManager: Client disconnect reason 3.
:12-16-2020 13:05:49 TimeManager: Client exception: toontown.spellbook.MagicWordIndex:683, toontown.spellbook.MagicWordIndex:136, toontown.spellbook.TTOffMagicWordManager:146, direct.distributed.ClientRepositoryBase:445, NameError: global name 'Suit' is not defined
:12-16-2020 13:05:49 OTPClientRepository: Sent disconnect message to server
:12-16-2020 13:05:49 OTPClientRepository: Closing connection to server.
:12-16-2020 13:05:49 TTOffLauncher: Exception exit.

Traceback (most recent call last):
  File "otp\launcher\LauncherBase.py", line 1081, in mainLoop
    self._runTaskManager()
  File "otp\launcher\LauncherBase.py", line 1052, in _runTaskManager
    taskMgr.run()
  File "C:\Panda3D-1.11.0-x64\direct\task\Task.py", line 528, in run
    self.step()
  File "C:\Panda3D-1.11.0-x64\direct\task\Task.py", line 482, in step
    self.mgr.poll()
  File "C:\Panda3D-1.11.0-x64\direct\distributed\ConnectionRepository.py", line 609, in readerPollUntilEmpty
    while self.readerPollOnce():
  File "C:\Panda3D-1.11.0-x64\direct\distributed\ConnectionRepository.py", line 616, in readerPollOnce
    self.handleDatagram(self.private__di)
  File "otp\distributed\OTPClientRepository.py", line 1838, in handleDatagram
    self.handler(msgType, di)
  File "otp\distributed\OTPClientRepository.py", line 1441, in handlePlayGame
    self.handleUpdateField(di)
  File "C:\Panda3D-1.11.0-x64\direct\distributed\ClientRepositoryBase.py", line 437, in handleUpdateField
    self.__doUpdate(doId, di, ovUpdated)
  File "C:\Panda3D-1.11.0-x64\direct\distributed\ClientRepositoryBase.py", line 445, in __doUpdate
    do.dclass.receiveUpdate(do, di)
  File "toontown\spellbook\TTOffMagicWordManager.py", line 146, in executeMagicWord
    returnValue = command.executeWord()
  File "toontown\spellbook\MagicWordIndex.py", line 136, in executeWord
    executedWord = self.handleWord(invoker, avId, toon, *self.args)
  File "toontown\spellbook\MagicWordIndex.py", line 684, in handleWord
    demotedCeo = Suit.Suit()
NameError: global name 'Suit' is not defined
