

Starting Toontown Online...
Current time: Thu Oct 29 23:31:10 2020 Eastern Standard Time
sys.path =  ['', 'C:\\Panda3D-1.11.0-x64\\python\\python27.zip', 'C:\\Panda3D-1.11.0-x64', 'C:\\Panda3D-1.11.0-x64\\python\\DLLs', 'C:\\Panda3D-1.11.0-x64\\python\\lib', 'C:\\Panda3D-1.11.0-x64\\python\\lib\\plat-win', 'C:\\Panda3D-1.11.0-x64\\python\\lib\\lib-tk', 'C:\\Panda3D-1.11.0-x64\\python', 'C:\\Panda3D-1.11.0-x64\\bin', 'C:\\Panda3D-1.11.0-x64\\python\\lib\\site-packages']
sys.argv =  ['D:\\hollybae\\Aly\\Toontown-School-House\\toontown\\launcher\\TTOffQuickStartLauncher.py']
generating standard configrc
os.environ =  {'TMP': 'C:\\Users\\holla\\AppData\\Local\\Temp', 'ONEDRIVECONSUMER': 'C:\\Users\\holla\\OneDrive', 'COMPUTERNAME': 'HOLLYBAES-PC', 'USERDOMAIN': 'HOLLYBAES-PC', 'INTEL_DEV_REDIST': 'C:\\Program Files (x86)\\Common Files\\Intel\\Shared Libraries\\', 'PSMODULEPATH': 'C:\\Program Files\\WindowsPowerShell\\Modules;C:\\WINDOWS\\system32\\WindowsPowerShell\\v1.0\\Modules', 'COMMONPROGRAMFILES': 'C:\\Program Files\\Common Files', 'PROCESSOR_IDENTIFIER': 'Intel64 Family 6 Model 158 Stepping 10, GenuineIntel', 'PROGRAMFILES': 'C:\\Program Files', 'PROCESSOR_REVISION': '9e0a', 'SYSTEMROOT': 'C:\\WINDOWS', 'PATH': 'C:\\Panda3D-1.11.0-x64\\panda3d\\..\\bin;C:\\Program Files (x86)\\Razer\\ChromaBroadcast\\bin;C:\\Program Files\\Razer\\ChromaBroadcast\\bin;C:\\Program Files (x86)\\Common Files\\Intel\\Shared Libraries\\redist\\intel64\\compiler;C:\\Program Files (x86)\\Common Files\\Oracle\\Java\\javapath;C:\\WINDOWS\\system32;C:\\WINDOWS;C:\\WINDOWS\\System32\\Wbem;C:\\WINDOWS\\System32\\WindowsPowerShell\\v1.0\\;C:\\WINDOWS\\System32\\OpenSSH\\;C:\\Program Files (x86)\\NVIDIA Corporation\\PhysX\\Common;C:\\Program Files\\NVIDIA Corporation\\NVIDIA NvDLISR;C:\\WINDOWS\\system32\\config\\systemprofile\\AppData\\Local\\Microsoft\\WindowsApps;C:\\Users\\holla\\AppData\\Local\\Microsoft\\WindowsApps;C:\\Panda3D-1.11.0-x64\\python;C:\\Panda3D-1.11.0-x64\\python\\Scripts;C:\\Panda3D-1.11.0-x64\\bin', 'MIC_LD_LIBRARY_PATH': 'C:\\Program Files (x86)\\Common Files\\Intel\\Shared Libraries\\compiler\\lib\\mic', 'COMSPEC': 'C:\\WINDOWS\\system32\\cmd.exe', 'DRIVERDATA': 'C:\\Windows\\System32\\Drivers\\DriverData', 'PPYTHON_PATH': '"C:\\Panda3D-1.11.0-x64\\python\\ppython.exe"', 'TEMP': 'C:\\Users\\holla\\AppData\\Local\\Temp', 'COMMONPROGRAMFILES(X86)': 'C:\\Program Files (x86)\\Common Files', 'PROCESSOR_ARCHITECTURE': 'AMD64', 'PROGRAMFILES(X86)': 'C:\\Program Files (x86)', 'ALLUSERSPROFILE': 'C:\\ProgramData', 'LOCALAPPDATA': 'C:\\Users\\holla\\AppData\\Local', 'HOMEPATH': '\\Users\\holla', 'USERDOMAIN_ROAMINGPROFILE': 'HOLLYBAES-PC', 'PROGRAMW6432': 'C:\\Program Files', 'USERNAME': 'holla', 'LOGONSERVER': '\\\\HOLLYBAES-PC', 'PROMPT': '$P$G', 'SESSIONNAME': 'Console', 'PROGRAMDATA': 'C:\\ProgramData', 'ONEDRIVE': 'C:\\Users\\holla\\OneDrive', 'PATHEXT': '.COM;.EXE;.BAT;.CMD;.VBS;.VBE;.JS;.JSE;.WSF;.WSH;.MSC', 'TTOFF_LOGIN_TOKEN': 'dev', 'WINDIR': 'C:\\WINDOWS', 'APPDATA': 'C:\\Users\\holla\\AppData\\Roaming', 'HOMEDRIVE': 'C:', 'SYSTEMDRIVE': 'C:', 'NUMBER_OF_PROCESSORS': '12', 'PROCESSOR_LEVEL': '6', 'RG_GPU_FRAMEWORK_ENGINE_RESOURCEDIR': 'C:\\Program Files\\Red Giant\\RGFX', 'COMMONPROGRAMW6432': 'C:\\Program Files\\Common Files', 'OS': 'Windows_NT', 'PUBLIC': 'C:\\Users\\Public', 'USERPROFILE': 'C:\\Users\\holla'}
:10-29-2020 23:31:10 TTOffLauncher: isTestServer: 0
:10-29-2020 23:31:10 TTOffLauncher: Game Server 127.0.0.1
:10-29-2020 23:31:10 TTOffLauncher: Starting Toontown Online... 
:10-29-2020 23:31:10 TTOffLauncher: foreground: Launcher now operating in foreground
useTTOffSpecificLogin=True
:10-29-2020 23:31:10 TTOffLauncher: maybeStartGame: starting game
:10-29-2020 23:31:10 TTOffLauncher: Starting Toontown Online...
:10-29-2020 23:31:10 TTOffLauncher: background: Launcher now operating in background
ToontownStart: Polling for game2 to finish...
ToontownStart: Game2 is finished.
ToontownStart: Starting the game.
ToontownStart: setting default font
:10-29-2020 23:31:10 TTOffLauncher: setting panda error code to 7
Known pipe types:
  wglGraphicsPipe
(all display modules loaded.)
:10-29-2020 23:31:11 ToonBase: Default graphics pipe is wglGraphicsPipe (OpenGL).
:10-29-2020 23:31:11 ToonBase: Successfully opened window of type wglGraphicsWindow (OpenGL)
:10-29-2020 23:31:11 ShowBase: __dev__ == False
:10-29-2020 23:31:11 TTOffLauncher: setting panda error code to 11
:10-29-2020 23:31:12 TTOffLauncher: setting panda error code to 0
ToontownStart: Loading default gui sounds
ToontownStart: serverVersion:  tto-dev
:10-29-2020 23:31:12 Loader: starting bulk load of block 'init'
:10-29-2020 23:31:13 :nativenet(error): Buffered_DatagramConnection Constructor rbufsize = 4096000 wbufsize = 4096000 write_flush_point = 1400
:10-29-2020 23:31:13 OTPClientRepository: Using connect method 'http'
:10-29-2020 23:31:14 TTOffLauncher: getRegistry ('DEPLOYMENT', None)
:10-29-2020 23:31:14 TTOffLauncher: checking env
:10-29-2020 23:31:14 TTOffLauncher: getRegistry ('GAME_DEPLOYMENT', None)
:10-29-2020 23:31:14 TTOffLauncher: checking env
:10-29-2020 23:31:14 OTPClientRepository: reg_deployment=
:10-29-2020 23:31:14 OTPClientRepository: required-login auto.
:10-29-2020 23:31:14 OTPClientRepository: loginInterface: LoginTTOffAccount
:10-29-2020 23:31:14 TTOffLauncher: getNeedPwForSecretKey using ttoff-specific-login
:10-29-2020 23:31:14 Loader: At end of block 'init', expected 138, loaded 9, duration=2.681448
:10-29-2020 23:31:14 OTPClientRepository: Connecting to gameserver directly (no proxy).
:10-29-2020 23:31:14 OTPClientRepository: Connecting to //127.0.0.1:7198 via HTTP interface.
:10-29-2020 23:31:14 TTOffLauncher: Stopping mini task manager.
:10-29-2020 23:31:14 OTPClientRepository: Successfully connected to //127.0.0.1:7198.
:10-29-2020 23:31:14 TTOffLauncher: Setting Disconnect Details normal
{401000001: <toontown.distributed.ToontownDistrict.ToontownDistrict instance at 0x000000001A80EA08>}
:10-29-2020 23:31:15 StateData: AvatarChooser.enter
:10-29-2020 23:31:15 DisplayOptions: settingsFullScreen = False, embedded = False width=800 height=600
:10-29-2020 23:31:15 StateData: calling self.displayOptions.restrictToEmbedded(False)
:10-29-2020 23:31:19 OTPClientRepository: ================
:10-29-2020 23:31:19 OTPClientRepository: Chose avatar id: 100000014
:10-29-2020 23:31:19 OTPClientRepository: Chose avatar name: Holland
:10-29-2020 23:31:19 OTPClientRepository: Chose avatar dna: ('css', 'ms', 'm', 'm', 16, 0, 16, 16, 113, 27, 99, 27, 7, 21)
:10-29-2020 23:31:19 OTPClientRepository: Chose avatar position: 5
:10-29-2020 23:31:19 OTPClientRepository: isPaid: 1
:10-29-2020 23:31:19 OTPClientRepository: freeTimeLeft: 0
:10-29-2020 23:31:19 OTPClientRepository: allowSecretChat: True
:10-29-2020 23:31:19 OTPClientRepository: ================
:10-29-2020 23:31:19 Loader: starting bulk load of block 'localAvatarPlayGame'
:10-29-2020 23:31:20 ToontownTimeManager(warning): error parsing date string=
local
:10-29-2020 23:31:20 NewsPageButtonManager(warning): Should not get here. NewsPageButtonManager.exitOff
:10-29-2020 23:31:20 :pnmimage:png(warning): iCCP: known incorrect sRGB profile
:10-29-2020 23:31:22 OTPClientRepository: Entering shard 401000001
:10-29-2020 23:31:22 StreetSign: Street sign url is https://ttoffline.com/images/
:10-29-2020 23:31:23 StreetSign: Street Sign is up to date
:10-29-2020 23:31:23 TimeManager: Clock sync: TimeManager.announceGenerate
:10-29-2020 23:31:23 InGameNewsMgr: latestIssue=2013-08-22 16:49:46.000003-07:00
cpu info: GenuineIntel|Intel(R) Core(TM) i7-8700K CPU @ 3.70GHz|591594|0|3.696,3.696|6,12 cpus
:10-29-2020 23:31:24 OTPClientRepository: No sync from TimeManager.
:10-29-2020 23:31:24 OTPClientRepository: gotTimeSync
:10-29-2020 23:31:24 Loader: At end of block 'localAvatarPlayGame', expected 400, loaded 13, duration=4.9955535
:10-29-2020 23:31:24 TimeManager: Clock sync roundtrip took 1072.087 ms
:10-29-2020 23:31:24 TimeManager: AI time delta is -0:01 from server delta
:10-29-2020 23:31:24 TimeManager: Local clock uncertainty +/- 0.536 s
:10-29-2020 23:31:24 PlayGame: QA-REGRESSION: NEIGHBORHOODS: Visit Lawbot HQ
:10-29-2020 23:31:24 Loader: starting bulk load of block 'hood'
:10-29-2020 23:31:25 OTPClientRepository: Sending heartbeat mid-frame.
:10-29-2020 23:31:25 LawbotCogHQLoader: loadPlaceGeom: 13000
:10-29-2020 23:31:26 DistributedObject: DistributedSuitPlanner 401002972: generating
:10-29-2020 23:31:26 DistributedToon: calling LocalAvatar.startchat
:10-29-2020 23:31:26 :loader(error): Couldn't load file phase_4/models/questmap/cog_hq_lawbot_maps.bam: not found on model path (currently: "/;/d/hollybae/Aly/Toontown-School-House/toontown/launcher;/c/Panda3D-1.11.0-x64/etc/..;/c/Panda3D-1.11.0-x64/etc/../models")
:10-29-2020 23:31:26 Loader: At end of block 'hood', expected 2, loaded 7, duration=1.4686111
:10-29-2020 23:31:27 Teleport(debug): teleportInDone: walk
:10-29-2020 23:31:27 :loader(error): Couldn't load file phase_4/models/questmap/cog_hq_lawbot_maps.bam: not found on model path (currently: "/;/d/hollybae/Aly/Toontown-School-House/toontown/launcher;/c/Panda3D-1.11.0-x64/etc/..;/c/Panda3D-1.11.0-x64/etc/../models")
:10-29-2020 23:31:55 TTOffMagicWordManager: God mode enabled for Holland!
:10-29-2020 23:32:00 LawbotCogHQLoader: loadPlaceGeom: 13100
:10-29-2020 23:32:00 LawbotCogHQLoader: QA-REGRESSION: COGHQ: Visit LawbotLobby
:10-29-2020 23:32:00 LawbotHQExterior: Unloading Place (13000). Fsm in final
:10-29-2020 23:32:00 DistributedObject: DistributedSuitPlanner 401002972: disabling
:10-29-2020 23:32:00 DistributedToon: calling LocalAvatar.startchat
:10-29-2020 23:32:00 :loader(error): Couldn't load file phase_4/models/questmap/cog_hq_lawbot_maps.bam: not found on model path (currently: "/;/d/hollybae/Aly/Toontown-School-House/toontown/launcher;/c/Panda3D-1.11.0-x64/etc/..;/c/Panda3D-1.11.0-x64/etc/../models")
:10-29-2020 23:32:02 :loader(error): Couldn't load file phase_4/models/questmap/cog_hq_lawbot_maps.bam: not found on model path (currently: "/;/d/hollybae/Aly/Toontown-School-House/toontown/launcher;/c/Panda3D-1.11.0-x64/etc/..;/c/Panda3D-1.11.0-x64/etc/../models")
:10-29-2020 23:32:06 TTOffMagicWordManager: Run mode has been toggled.
:10-29-2020 23:32:08 TTOffMagicWordManager: Gave Holland an infinite amount of pies
:10-29-2020 23:32:14 LawbotCogHQLoader: loadPlaceGeom: 61000
:10-29-2020 23:32:14 LawbotCogHQLoader(warning): loadPlaceGeom: unclassified zone 61000
:10-29-2020 23:32:14 CogHQLobby: Unloading Place (13100). Fsm in final
:10-29-2020 23:32:14 DistributedLawbotBoss(warning): Not a collision node: LawbotCourtroom3.egg/-PandaNode/CR3/interior/CR3_Floor
:10-29-2020 23:32:15 DistributedToon: calling LocalAvatar.startchat
:10-29-2020 23:32:15 LawbotHQBossBattle(warning): fsm.request('movie') returned 0 (zone id 61000, avatar pos LPoint3f(-0.363562, -126.204, 0.193903)).
:10-29-2020 23:32:29 LawbotHQBossBattle(warning): fsm.request('movie') returned 0 (zone id 61000, avatar pos LPoint3f(-0.363562, -126.204, 0.193903)).
:10-29-2020 23:32:36 Actor(warning): called actor.removeNode() on actor without calling cleanup()
:10-29-2020 23:32:36 Actor(warning): called actor.removeNode() on actor without calling cleanup()
:10-29-2020 23:32:36 Actor(warning): called actor.removeNode() on actor without calling cleanup()
:10-29-2020 23:32:36 Actor(warning): called actor.removeNode() on actor without calling cleanup()
:10-29-2020 23:32:36 Actor(warning): called actor.removeNode() on actor without calling cleanup()
:10-29-2020 23:32:36 Actor(warning): called actor.removeNode() on actor without calling cleanup()
:10-29-2020 23:32:36 Actor(warning): called actor.removeNode() on actor without calling cleanup()
:10-29-2020 23:32:36 Actor(warning): called actor.removeNode() on actor without calling cleanup()
:10-29-2020 23:32:36 Actor(warning): called actor.removeNode() on actor without calling cleanup()
:10-29-2020 23:32:36 Actor(warning): called actor.removeNode() on actor without calling cleanup()
:10-29-2020 23:32:36 Actor(warning): called actor.removeNode() on actor without calling cleanup()
:10-29-2020 23:32:36 Actor(warning): called actor.removeNode() on actor without calling cleanup()
:10-29-2020 23:32:36 LawbotHQBossBattle(warning): fsm.request('finalBattle') returned 0 (zone id 61000, avatar pos LPoint3f(-3, 0, 0)).
:10-29-2020 23:32:36 TTOffMagicWordManager: Entering Cannon Round
:10-29-2020 23:32:39 LawbotHQBossBattle(warning): fsm.request('finalBattle') returned 0 (zone id 61000, avatar pos LPoint3f(-8.01024, 57.4318, -0.000312771)).
:10-29-2020 23:32:39 TTOffMagicWordManager: Restarting Scale Round
:10-29-2020 23:32:42 LawbotHQBossBattle(warning): fsm.request('finalBattle') returned 0 (zone id 61000, avatar pos LPoint3f(-28.4393, -3.70238, 0)).
:10-29-2020 23:32:42 TTOffMagicWordManager: Restarting Scale Round
:10-29-2020 23:32:50 LawbotHQBossBattle(warning): fsm.request('finalBattle') returned 0 (zone id 61000, avatar pos LPoint3f(-50.7242, 33.6991, 0)).
:10-29-2020 23:32:50 TTOffMagicWordManager: Restarting Scale Round
:10-29-2020 23:33:11 TTOffMagicWordManager: Abracadabra!
:10-29-2020 23:33:43 TTOffMagicWordManager: Presto!
:10-29-2020 23:33:52 TTOffMagicWordManager: Voila!
:10-29-2020 23:34:10 TTOffMagicWordManager: Abracadabra!
:10-29-2020 23:34:28 TTOffMagicWordManager: Voila!
:10-29-2020 23:34:30 LawbotHQBossBattle(warning): fsm.request('finalBattle') returned 0 (zone id 61000, avatar pos LPoint3f(-21.3627, 77.4093, 21.028)).
:10-29-2020 23:34:30 TTOffMagicWordManager: Restarting Scale Round
:10-29-2020 23:34:37 TTOffMagicWordManager: Voila!
