

Starting Toontown Online...
Current time: Tue Dec 31 09:45:52 2019 Eastern Standard Time
sys.path =  ['', 'C:\\Panda3D-1.11.0-x64\\python\\python27.zip', 'C:\\Panda3D-1.11.0-x64', 'C:\\Panda3D-1.11.0-x64\\python\\DLLs', 'C:\\Panda3D-1.11.0-x64\\python\\lib', 'C:\\Panda3D-1.11.0-x64\\python\\lib\\plat-win', 'C:\\Panda3D-1.11.0-x64\\python\\lib\\lib-tk', 'C:\\Panda3D-1.11.0-x64\\python', 'C:\\Panda3D-1.11.0-x64\\bin', 'C:\\Panda3D-1.11.0-x64\\python\\lib\\site-packages']
sys.argv =  ['D:\\hollybae\\Aly\\Toontown-School-House\\toontown\\launcher\\TTOffQuickStartLauncher.py']
generating standard configrc
os.environ =  {'TMP': 'C:\\Users\\holla\\AppData\\Local\\Temp', 'COMPUTERNAME': 'HOLLYBAES-PC', 'USERDOMAIN': 'HOLLYBAES-PC', 'INTEL_DEV_REDIST': 'C:\\Program Files (x86)\\Common Files\\Intel\\Shared Libraries\\', 'PSMODULEPATH': 'C:\\Program Files\\WindowsPowerShell\\Modules;C:\\WINDOWS\\system32\\WindowsPowerShell\\v1.0\\Modules', 'COMMONPROGRAMFILES': 'C:\\Program Files\\Common Files', 'PROCESSOR_IDENTIFIER': 'Intel64 Family 6 Model 158 Stepping 10, GenuineIntel', 'VBOX_MSI_INSTALL_PATH': 'C:\\Program Files\\Oracle\\VirtualBox\\', 'PROGRAMFILES': 'C:\\Program Files', 'PROCESSOR_REVISION': '9e0a', 'PATH': 'C:\\Panda3D-1.11.0-x64\\panda3d\\..\\bin;C:\\Program Files (x86)\\Razer\\ChromaBroadcast\\bin;C:\\Program Files\\Razer\\ChromaBroadcast\\bin;C:\\Program Files (x86)\\Common Files\\Intel\\Shared Libraries\\redist\\intel64_win\\compiler;C:\\Program Files (x86)\\Common Files\\Oracle\\Java\\javapath;C:\\Program Files (x86)\\Common Files\\Intel\\Shared Libraries\\redist\\intel64\\compiler;C:\\WINDOWS\\system32;C:\\WINDOWS;C:\\WINDOWS\\System32\\Wbem;C:\\WINDOWS\\System32\\WindowsPowerShell\\v1.0\\;C:\\WINDOWS\\System32\\OpenSSH\\;C:\\Program Files\\NVIDIA Corporation\\NVIDIA NGX;C:\\Program Files (x86)\\NVIDIA Corporation\\PhysX\\Common;C:\\Program Files\\NVIDIA Corporation\\NVIDIA NvDLISR;C:\\WINDOWS\\system32;C:\\WINDOWS;C:\\WINDOWS\\System32\\Wbem;C:\\WINDOWS\\System32\\WindowsPowerShell\\v1.0\\;C:\\WINDOWS\\System32\\OpenSSH\\;D:\\hollybae\\ffmpeg-4.1.3-win64-static\\ffmpeg-4.1.3-win64-static\\bin;C:\\Program Files\\dotnet\\;C:\\WINDOWS\\system32\\config\\systemprofile\\AppData\\Local\\Microsoft\\WindowsApps;C:\\Program Files (x86)\\QuickTime\\QTSystem\\;C:\\Users\\holla\\AppData\\Local\\Microsoft\\WindowsApps;C:\\Panda3D-1.10.4.1-x64\\python;C:\\Panda3D-1.10.4.1-x64\\python\\Scripts;C:\\Panda3D-1.10.4.1-x64\\bin;C:\\Panda3D-1.11.0-x64\\python;C:\\Panda3D-1.11.0-x64\\python\\Scripts;C:\\Panda3D-1.11.0-x64\\bin', 'SYSTEMROOT': 'C:\\WINDOWS', 'MIC_LD_LIBRARY_PATH': 'C:\\Program Files (x86)\\Common Files\\Intel\\Shared Libraries\\compiler\\lib\\intel64_win_mic', 'COMSPEC': 'C:\\WINDOWS\\system32\\cmd.exe', 'DRIVERDATA': 'C:\\Windows\\System32\\Drivers\\DriverData', 'PPYTHON_PATH': '"C:\\Panda3D-1.11.0-x64\\python\\ppython.exe"', 'TEMP': 'C:\\Users\\holla\\AppData\\Local\\Temp', 'COMMONPROGRAMFILES(X86)': 'C:\\Program Files (x86)\\Common Files', 'PROCESSOR_ARCHITECTURE': 'AMD64', 'PROGRAMFILES(X86)': 'C:\\Program Files (x86)', 'ALLUSERSPROFILE': 'C:\\ProgramData', 'LOCALAPPDATA': 'C:\\Users\\holla\\AppData\\Local', 'FPS_BROWSER_USER_PROFILE_STRING': 'Default', 'HOMEPATH': '\\Users\\holla', 'USERDOMAIN_ROAMINGPROFILE': 'HOLLYBAES-PC', 'PROGRAMW6432': 'C:\\Program Files', 'USERNAME': 'holla', 'LOGONSERVER': '\\\\HOLLYBAES-PC', 'PROMPT': '$P$G', 'SESSIONNAME': 'Console', 'PROGRAMDATA': 'C:\\ProgramData', 'ONEDRIVE': 'C:\\Users\\holla\\OneDrive', 'FPS_BROWSER_APP_PROFILE_STRING': 'Internet Explorer', 'PATHEXT': '.COM;.EXE;.BAT;.CMD;.VBS;.VBE;.JS;.JSE;.WSF;.WSH;.MSC', 'TTOFF_LOGIN_TOKEN': 'dev', 'WINDIR': 'C:\\WINDOWS', 'APPDATA': 'C:\\Users\\holla\\AppData\\Roaming', 'HOMEDRIVE': 'C:', 'SYSTEMDRIVE': 'C:', 'NUMBER_OF_PROCESSORS': '12', 'PROCESSOR_LEVEL': '6', 'COMMONPROGRAMW6432': 'C:\\Program Files\\Common Files', 'OS': 'Windows_NT', 'PUBLIC': 'C:\\Users\\Public', 'USERPROFILE': 'C:\\Users\\holla'}
:12-31-2019 09:45:52 TTOffLauncher: isTestServer: 0
:12-31-2019 09:45:52 TTOffLauncher: Game Server 127.0.0.1
:12-31-2019 09:45:52 TTOffLauncher: Starting Toontown Online... 
:12-31-2019 09:45:52 TTOffLauncher: foreground: Launcher now operating in foreground
useTTOffSpecificLogin=True
:12-31-2019 09:45:52 TTOffLauncher: maybeStartGame: starting game
:12-31-2019 09:45:52 TTOffLauncher: Starting Toontown Online...
:12-31-2019 09:45:52 TTOffLauncher: background: Launcher now operating in background
ToontownStart: Polling for game2 to finish...
ToontownStart: Game2 is finished.
ToontownStart: Starting the game.
ToontownStart: setting default font
:12-31-2019 09:45:52 TTOffLauncher: setting panda error code to 7
Known pipe types:
  wglGraphicsPipe
(all display modules loaded.)
:12-31-2019 09:45:52 ToonBase: Default graphics pipe is wglGraphicsPipe (OpenGL).
:12-31-2019 09:45:53 ToonBase: Successfully opened window of type wglGraphicsWindow (OpenGL)
:12-31-2019 09:45:53 ShowBase: __dev__ == False
:12-31-2019 09:45:53 TTOffLauncher: setting panda error code to 11
:12-31-2019 09:45:53 TTOffLauncher: setting panda error code to 0
ToontownStart: Loading default gui sounds
ToontownStart: serverVersion:  tto-dev
:12-31-2019 09:45:53 Loader: starting bulk load of block 'init'
:12-31-2019 09:45:56 :nativenet(error): Buffered_DatagramConnection Constructor rbufsize = 4096000 wbufsize = 4096000 write_flush_point = 1400
:12-31-2019 09:45:56 OTPClientRepository: Using connect method 'http'
:12-31-2019 09:45:59 TTOffLauncher: getRegistry ('DEPLOYMENT', None)
:12-31-2019 09:45:59 TTOffLauncher: checking env
:12-31-2019 09:45:59 TTOffLauncher: getRegistry ('GAME_DEPLOYMENT', None)
:12-31-2019 09:45:59 TTOffLauncher: checking env
:12-31-2019 09:45:59 OTPClientRepository: reg_deployment=
:12-31-2019 09:45:59 OTPClientRepository: required-login auto.
:12-31-2019 09:45:59 OTPClientRepository: loginInterface: LoginTTOffAccount
:12-31-2019 09:45:59 TTOffLauncher: getNeedPwForSecretKey using ttoff-specific-login
:12-31-2019 09:45:59 Loader: At end of block 'init', expected 138, loaded 10, duration=6.6971939
:12-31-2019 09:45:59 OTPClientRepository: Connecting to gameserver directly (no proxy).
:12-31-2019 09:45:59 OTPClientRepository: Connecting to //127.0.0.1:7198 via HTTP interface.
:12-31-2019 09:45:59 TTOffLauncher: Stopping mini task manager.
:12-31-2019 09:45:59 OTPClientRepository: Successfully connected to //127.0.0.1:7198.
:12-31-2019 09:45:59 TTOffLauncher: Setting Disconnect Details normal
{401000001: <toontown.distributed.ToontownDistrict.ToontownDistrict instance at 0x000000001C76C708>}
:12-31-2019 09:46:00 StateData: AvatarChooser.enter
:12-31-2019 09:46:00 DisplayOptions: settingsFullScreen = False, embedded = False width=800 height=600
:12-31-2019 09:46:00 StateData: calling self.displayOptions.restrictToEmbedded(False)
:12-31-2019 09:46:03 OTPClientRepository: ================
:12-31-2019 09:46:03 OTPClientRepository: Chose avatar id: 100000014
:12-31-2019 09:46:03 OTPClientRepository: Chose avatar name: Hollybae
:12-31-2019 09:46:03 OTPClientRepository: Chose avatar dna: ('css', 'ms', 'm', 'm', 16, 0, 16, 16, 113, 27, 18, 27, 7, 21)
:12-31-2019 09:46:03 OTPClientRepository: Chose avatar position: 5
:12-31-2019 09:46:03 OTPClientRepository: isPaid: 1
:12-31-2019 09:46:03 OTPClientRepository: freeTimeLeft: 0
:12-31-2019 09:46:03 OTPClientRepository: allowSecretChat: True
:12-31-2019 09:46:03 OTPClientRepository: ================
:12-31-2019 09:46:03 Loader: starting bulk load of block 'localAvatarPlayGame'
:12-31-2019 09:46:04 ToontownTimeManager(warning): error parsing date string=
local
:12-31-2019 09:46:04 NewsPageButtonManager(warning): Should not get here. NewsPageButtonManager.exitOff
:12-31-2019 09:46:04 :pnmimage:png(warning): iCCP: known incorrect sRGB profile
:12-31-2019 09:46:06 OTPClientRepository: Entering shard 401000001
:12-31-2019 09:46:06 StreetSign: Street sign url is https://ttoffline.com/images/
:12-31-2019 09:46:07 StreetSign: Street Sign is up to date
:12-31-2019 09:46:07 TimeManager: Clock sync: TimeManager.announceGenerate
:12-31-2019 09:46:07 InGameNewsMgr: latestIssue=2013-08-22 16:49:46.000003-07:00
cpu info: GenuineIntel|Intel(R) Core(TM) i7-8700K CPU @ 3.70GHz|591594|0|3.701,3.701|6,12 cpus
:12-31-2019 09:46:09 OTPClientRepository: No sync from TimeManager.
:12-31-2019 09:46:09 OTPClientRepository: gotTimeSync
:12-31-2019 09:46:09 Loader: At end of block 'localAvatarPlayGame', expected 400, loaded 12, duration=5.377
:12-31-2019 09:46:09 TimeManager: Clock sync roundtrip took 1686.853 ms
:12-31-2019 09:46:09 TimeManager: AI time delta is -0:02 from server delta
:12-31-2019 09:46:09 TimeManager: Local clock uncertainty +/- 0.844 s
:12-31-2019 09:46:09 PlayGame: QA-REGRESSION: NEIGHBORHOODS: Visit Lawbot HQ
:12-31-2019 09:46:09 Loader: starting bulk load of block 'hood'
:12-31-2019 09:46:09 OTPClientRepository: Sending heartbeat mid-frame.
:12-31-2019 09:46:10 LawbotCogHQLoader: loadPlaceGeom: 13000
:12-31-2019 09:46:10 DistributedObject: DistributedSuitPlanner 401002972: generating
:12-31-2019 09:46:10 DistributedToon: calling LocalAvatar.startchat
:12-31-2019 09:46:10 :loader(error): Couldn't load file phase_4/models/questmap/cog_hq_lawbot_maps.bam: not found on model path (currently: "/;/d/hollybae/Aly/Toontown-School-House/toontown/launcher;/c/Panda3D-1.11.0-x64/etc/..;/c/Panda3D-1.11.0-x64/etc/../models")
:12-31-2019 09:46:10 Loader: At end of block 'hood', expected 2, loaded 6, duration=1.4006391
:12-31-2019 09:46:12 Teleport(debug): teleportInDone: walk
:12-31-2019 09:46:12 :loader(error): Couldn't load file phase_4/models/questmap/cog_hq_lawbot_maps.bam: not found on model path (currently: "/;/d/hollybae/Aly/Toontown-School-House/toontown/launcher;/c/Panda3D-1.11.0-x64/etc/..;/c/Panda3D-1.11.0-x64/etc/../models")
:12-31-2019 09:46:13 TTOffMagicWordManager: Run mode has been toggled.
:12-31-2019 09:46:18 LawbotCogHQLoader: loadPlaceGeom: 13100
:12-31-2019 09:46:18 LawbotCogHQLoader: QA-REGRESSION: COGHQ: Visit LawbotLobby
:12-31-2019 09:46:19 LawbotHQExterior: Unloading Place (13000). Fsm in final
:12-31-2019 09:46:19 DistributedObject: DistributedSuitPlanner 401002972: disabling
:12-31-2019 09:46:19 DistributedToon: calling LocalAvatar.startchat
:12-31-2019 09:46:19 :loader(error): Couldn't load file phase_4/models/questmap/cog_hq_lawbot_maps.bam: not found on model path (currently: "/;/d/hollybae/Aly/Toontown-School-House/toontown/launcher;/c/Panda3D-1.11.0-x64/etc/..;/c/Panda3D-1.11.0-x64/etc/../models")
:12-31-2019 09:46:20 :loader(error): Couldn't load file phase_4/models/questmap/cog_hq_lawbot_maps.bam: not found on model path (currently: "/;/d/hollybae/Aly/Toontown-School-House/toontown/launcher;/c/Panda3D-1.11.0-x64/etc/..;/c/Panda3D-1.11.0-x64/etc/../models")
:12-31-2019 09:46:25 TTOffMagicWordManager: Abracadabra!
:12-31-2019 09:46:27 TTOffMagicWordManager: Gave Hollybae an infinite amount of pies
:12-31-2019 09:46:29 TTOffMagicWordManager: Run mode has been toggled.
:12-31-2019 09:46:31 TTOffMagicWordManager: Ta-da!
:12-31-2019 09:46:32 LawbotCogHQLoader: loadPlaceGeom: 61000
:12-31-2019 09:46:32 LawbotCogHQLoader(warning): loadPlaceGeom: unclassified zone 61000
:12-31-2019 09:46:32 CogHQLobby: Unloading Place (13100). Fsm in final
:12-31-2019 09:46:32 DistributedLawbotBoss(warning): Not a collision node: LawbotCourtroom3.egg/-PandaNode/CR3/interior/CR3_Floor
:12-31-2019 09:46:33 DistributedToon: calling LocalAvatar.startchat
:12-31-2019 09:46:33 LawbotHQBossBattle(warning): fsm.request('movie') returned 0 (zone id 61000, avatar pos LPoint3f(-0.363562, -126.204, 0.193903)).
:12-31-2019 09:46:34 TTOffMagicWordManager: Restarting Scale Round
:12-31-2019 09:46:37 LawbotHQBossBattle(warning): fsm.request('finalBattle') returned 0 (zone id 61000, avatar pos LPoint3f(-11.0705, 0.593102, 0)).
:12-31-2019 09:46:37 TTOffMagicWordManager: Restarting Scale Round
:12-31-2019 09:46:48 TTOffMagicWordManager: Presto!
:12-31-2019 09:47:06 TTOffMagicWordManager: Ta-da!
:12-31-2019 09:47:12 TTOffMagicWordManager: Voila!
:12-31-2019 09:47:18 TTOffMagicWordManager: Alakazam!
:12-31-2019 09:48:30 TTOffMagicWordManager: Presto!
:12-31-2019 09:48:33 ToonBase: User closed main window.
:12-31-2019 09:48:33 TimeManager: Client disconnect reason 2.
:12-31-2019 09:48:33 LawbotHQBossBattle: Unloading Place (61000). Fsm in final
:12-31-2019 09:48:33 OTPClientRepository(warning): unclean exit, abandoning shard
ignoring InputState-forward
:12-31-2019 09:48:33 OTPClientRepository: sending clientLogout
:12-31-2019 09:48:33 LocalAvatar(warning): redundant call to stopUpdateSmartCamera
:12-31-2019 09:48:33 OTPClientRepository: Sent disconnect message to server
:12-31-2019 09:48:33 OTPClientRepository: Closing connection to server.
:12-31-2019 09:48:33 OTPClientRepository: Exiting cleanly
:12-31-2019 09:48:33 ToonBase: Exiting Toontown: errorCode = None
:12-31-2019 09:48:33 TTOffLauncher: setting panda error code to 0
:12-31-2019 09:48:33 TTOffLauncher: Normal exit.
