

Starting Toontown Online...
Current time: Tue Mar 10 02:56:15 2020 Eastern Standard Time
sys.path =  ['', 'C:\\Panda3D-1.11.0-x64\\python\\python27.zip', 'C:\\Panda3D-1.11.0-x64', 'C:\\Panda3D-1.11.0-x64\\python\\DLLs', 'C:\\Panda3D-1.11.0-x64\\python\\lib', 'C:\\Panda3D-1.11.0-x64\\python\\lib\\plat-win', 'C:\\Panda3D-1.11.0-x64\\python\\lib\\lib-tk', 'C:\\Panda3D-1.11.0-x64\\python', 'C:\\Panda3D-1.11.0-x64\\bin', 'C:\\Panda3D-1.11.0-x64\\python\\lib\\site-packages']
sys.argv =  ['D:\\hollybae\\Aly\\Toontown-School-House\\toontown\\launcher\\TTOffQuickStartLauncher.py']
generating standard configrc
os.environ =  {'TMP': 'C:\\Users\\holla\\AppData\\Local\\Temp', 'COMPUTERNAME': 'HOLLYBAES-PC', 'USERDOMAIN': 'HOLLYBAES-PC', 'INTEL_DEV_REDIST': 'C:\\Program Files (x86)\\Common Files\\Intel\\Shared Libraries\\', 'PSMODULEPATH': 'C:\\Program Files\\WindowsPowerShell\\Modules;C:\\WINDOWS\\system32\\WindowsPowerShell\\v1.0\\Modules', 'COMMONPROGRAMFILES': 'C:\\Program Files\\Common Files', 'PROCESSOR_IDENTIFIER': 'Intel64 Family 6 Model 158 Stepping 10, GenuineIntel', 'VBOX_MSI_INSTALL_PATH': 'C:\\Program Files\\Oracle\\VirtualBox\\', 'PROGRAMFILES': 'C:\\Program Files', 'PROCESSOR_REVISION': '9e0a', 'PATH': 'C:\\Panda3D-1.11.0-x64\\panda3d\\..\\bin;C:\\Program Files (x86)\\Razer\\ChromaBroadcast\\bin;C:\\Program Files\\Razer\\ChromaBroadcast\\bin;C:\\Program Files (x86)\\Common Files\\Intel\\Shared Libraries\\redist\\intel64_win\\compiler;C:\\Program Files (x86)\\Common Files\\Oracle\\Java\\javapath;C:\\Program Files (x86)\\Common Files\\Intel\\Shared Libraries\\redist\\intel64\\compiler;C:\\WINDOWS\\system32;C:\\WINDOWS;C:\\WINDOWS\\System32\\Wbem;C:\\WINDOWS\\System32\\WindowsPowerShell\\v1.0\\;C:\\WINDOWS\\System32\\OpenSSH\\;C:\\Program Files\\NVIDIA Corporation\\NVIDIA NGX;C:\\Program Files (x86)\\NVIDIA Corporation\\PhysX\\Common;C:\\Program Files\\NVIDIA Corporation\\NVIDIA NvDLISR;C:\\WINDOWS\\system32;C:\\WINDOWS;C:\\WINDOWS\\System32\\Wbem;C:\\WINDOWS\\System32\\WindowsPowerShell\\v1.0\\;C:\\WINDOWS\\System32\\OpenSSH\\;D:\\hollybae\\ffmpeg-4.1.3-win64-static\\ffmpeg-4.1.3-win64-static\\bin;C:\\Program Files\\dotnet\\;C:\\WINDOWS\\system32\\config\\systemprofile\\AppData\\Local\\Microsoft\\WindowsApps;C:\\Program Files (x86)\\QuickTime\\QTSystem\\;C:\\Users\\holla\\AppData\\Local\\Microsoft\\WindowsApps;C:\\Panda3D-1.10.4.1-x64\\python;C:\\Panda3D-1.10.4.1-x64\\python\\Scripts;C:\\Panda3D-1.10.4.1-x64\\bin;C:\\Panda3D-1.11.0-x64\\python;C:\\Panda3D-1.11.0-x64\\python\\Scripts;C:\\Panda3D-1.11.0-x64\\bin', 'SYSTEMROOT': 'C:\\WINDOWS', 'MIC_LD_LIBRARY_PATH': 'C:\\Program Files (x86)\\Common Files\\Intel\\Shared Libraries\\compiler\\lib\\intel64_win_mic', 'COMSPEC': 'C:\\WINDOWS\\system32\\cmd.exe', 'DRIVERDATA': 'C:\\Windows\\System32\\Drivers\\DriverData', 'PPYTHON_PATH': '"C:\\Panda3D-1.11.0-x64\\python\\ppython.exe"', 'TEMP': 'C:\\Users\\holla\\AppData\\Local\\Temp', 'COMMONPROGRAMFILES(X86)': 'C:\\Program Files (x86)\\Common Files', 'PROCESSOR_ARCHITECTURE': 'AMD64', 'PROGRAMFILES(X86)': 'C:\\Program Files (x86)', 'ALLUSERSPROFILE': 'C:\\ProgramData', 'LOCALAPPDATA': 'C:\\Users\\holla\\AppData\\Local', 'FPS_BROWSER_USER_PROFILE_STRING': 'Default', 'HOMEPATH': '\\Users\\holla', 'USERDOMAIN_ROAMINGPROFILE': 'HOLLYBAES-PC', 'PROGRAMW6432': 'C:\\Program Files', 'USERNAME': 'holla', 'LOGONSERVER': '\\\\HOLLYBAES-PC', 'PROMPT': '$P$G', 'SESSIONNAME': 'Console', 'PROGRAMDATA': 'C:\\ProgramData', 'ONEDRIVE': 'C:\\Users\\holla\\OneDrive - University of Guelph', 'FPS_BROWSER_APP_PROFILE_STRING': 'Internet Explorer', 'PATHEXT': '.COM;.EXE;.BAT;.CMD;.VBS;.VBE;.JS;.JSE;.WSF;.WSH;.MSC', 'TTOFF_LOGIN_TOKEN': 'dev', 'ONEDRIVECOMMERCIAL': 'C:\\Users\\holla\\OneDrive - University of Guelph', 'WINDIR': 'C:\\WINDOWS', 'APPDATA': 'C:\\Users\\holla\\AppData\\Roaming', 'HOMEDRIVE': 'C:', 'SYSTEMDRIVE': 'C:', 'NUMBER_OF_PROCESSORS': '12', 'PROCESSOR_LEVEL': '6', 'RG_GPU_FRAMEWORK_ENGINE_RESOURCEDIR': 'C:\\Program Files\\Red Giant\\RGFX', 'COMMONPROGRAMW6432': 'C:\\Program Files\\Common Files', 'OS': 'Windows_NT', 'PUBLIC': 'C:\\Users\\Public', 'USERPROFILE': 'C:\\Users\\holla'}
:03-10-2020 02:56:15 TTOffLauncher: isTestServer: 0
:03-10-2020 02:56:15 TTOffLauncher: Game Server 127.0.0.1
:03-10-2020 02:56:15 TTOffLauncher: Starting Toontown Online... 
:03-10-2020 02:56:15 TTOffLauncher: foreground: Launcher now operating in foreground
useTTOffSpecificLogin=True
:03-10-2020 02:56:15 TTOffLauncher: maybeStartGame: starting game
:03-10-2020 02:56:15 TTOffLauncher: Starting Toontown Online...
:03-10-2020 02:56:15 TTOffLauncher: background: Launcher now operating in background
ToontownStart: Polling for game2 to finish...
ToontownStart: Game2 is finished.
ToontownStart: Starting the game.
ToontownStart: setting default font
:03-10-2020 02:56:15 TTOffLauncher: setting panda error code to 7
Known pipe types:
  wglGraphicsPipe
(all display modules loaded.)
:03-10-2020 02:56:16 ToonBase: Default graphics pipe is wglGraphicsPipe (OpenGL).
:03-10-2020 02:56:16 ToonBase: Successfully opened window of type wglGraphicsWindow (OpenGL)
:03-10-2020 02:56:16 ShowBase: __dev__ == False
:03-10-2020 02:56:16 TTOffLauncher: setting panda error code to 11
:03-10-2020 02:56:17 TTOffLauncher: setting panda error code to 0
ToontownStart: Loading default gui sounds
ToontownStart: serverVersion:  tto-dev
:03-10-2020 02:56:17 Loader: starting bulk load of block 'init'
:03-10-2020 02:56:24 :nativenet(error): Buffered_DatagramConnection Constructor rbufsize = 4096000 wbufsize = 4096000 write_flush_point = 1400
:03-10-2020 02:56:24 OTPClientRepository: Using connect method 'http'
:03-10-2020 02:56:30 TTOffLauncher: getRegistry ('DEPLOYMENT', None)
:03-10-2020 02:56:30 TTOffLauncher: checking env
:03-10-2020 02:56:30 TTOffLauncher: getRegistry ('GAME_DEPLOYMENT', None)
:03-10-2020 02:56:30 TTOffLauncher: checking env
:03-10-2020 02:56:30 OTPClientRepository: reg_deployment=
:03-10-2020 02:56:30 OTPClientRepository: required-login auto.
:03-10-2020 02:56:30 OTPClientRepository: loginInterface: LoginTTOffAccount
:03-10-2020 02:56:30 TTOffLauncher: getNeedPwForSecretKey using ttoff-specific-login
:03-10-2020 02:56:30 Loader: At end of block 'init', expected 138, loaded 13, duration=13.3048738
:03-10-2020 02:56:30 OTPClientRepository: Connecting to gameserver directly (no proxy).
:03-10-2020 02:56:30 OTPClientRepository: Connecting to //127.0.0.1:7198 via HTTP interface.
:03-10-2020 02:56:30 TTOffLauncher: Stopping mini task manager.
:03-10-2020 02:56:30 OTPClientRepository: Successfully connected to //127.0.0.1:7198.
:03-10-2020 02:56:30 TTOffLauncher: Setting Disconnect Details normal
{401000001: <toontown.distributed.ToontownDistrict.ToontownDistrict instance at 0x000000001D5C0788>}
:03-10-2020 02:56:31 StateData: AvatarChooser.enter
:03-10-2020 02:56:31 DisplayOptions: settingsFullScreen = False, embedded = False width=800 height=600
:03-10-2020 02:56:31 StateData: calling self.displayOptions.restrictToEmbedded(False)
:03-10-2020 02:56:33 OTPClientRepository: ================
:03-10-2020 02:56:33 OTPClientRepository: Chose avatar id: 100000014
:03-10-2020 02:56:33 OTPClientRepository: Chose avatar name: Hollybae
:03-10-2020 02:56:33 OTPClientRepository: Chose avatar dna: ('css', 'ms', 'm', 'm', 16, 0, 16, 16, 113, 27, 18, 27, 7, 21)
:03-10-2020 02:56:33 OTPClientRepository: Chose avatar position: 5
:03-10-2020 02:56:33 OTPClientRepository: isPaid: 1
:03-10-2020 02:56:33 OTPClientRepository: freeTimeLeft: 0
:03-10-2020 02:56:33 OTPClientRepository: allowSecretChat: True
:03-10-2020 02:56:33 OTPClientRepository: ================
:03-10-2020 02:56:34 Loader: starting bulk load of block 'localAvatarPlayGame'
:03-10-2020 02:56:34 ToontownTimeManager(warning): error parsing date string=
local
:03-10-2020 02:56:35 NewsPageButtonManager(warning): Should not get here. NewsPageButtonManager.exitOff
:03-10-2020 02:56:36 :pnmimage:png(warning): iCCP: known incorrect sRGB profile
:03-10-2020 02:56:39 OTPClientRepository: Entering shard 401000001
:03-10-2020 02:56:39 StreetSign: Street sign url is https://ttoffline.com/images/
:03-10-2020 02:56:40 StreetSign: Street Sign is up to date
:03-10-2020 02:56:40 OTPClientRepository: Sending heartbeat mid-frame.
:03-10-2020 02:56:40 TimeManager: Clock sync: TimeManager.announceGenerate
:03-10-2020 02:56:40 NewsManager: setHolidayId: Starting Holiday 14
:03-10-2020 02:56:40 InGameNewsMgr: latestIssue=2013-08-22 16:49:46.000003-07:00
cpu info: GenuineIntel|Intel(R) Core(TM) i7-8700K CPU @ 3.70GHz|591594|0|3.701,3.701|6,12 cpus
:03-10-2020 02:56:42 OTPClientRepository: No sync from TimeManager.
:03-10-2020 02:56:42 OTPClientRepository: gotTimeSync
:03-10-2020 02:56:42 Loader: At end of block 'localAvatarPlayGame', expected 400, loaded 25, duration=8.7675814
:03-10-2020 02:56:42 TimeManager: Clock sync roundtrip took 2107.902 ms
:03-10-2020 02:56:42 TimeManager: AI time delta is -0:02 from server delta
:03-10-2020 02:56:42 TimeManager: Local clock uncertainty +/- 1.054 s
:03-10-2020 02:56:42 TimeManager: Uncertainty is too high, trying again.
:03-10-2020 02:56:42 PlayGame: QA-REGRESSION: NEIGHBORHOODS: Visit Lawbot HQ
:03-10-2020 02:56:42 Loader: starting bulk load of block 'hood'
:03-10-2020 02:56:45 LawbotCogHQLoader: loadPlaceGeom: 13000
:03-10-2020 02:56:46 TimeManager: Clock sync roundtrip took 3653.948 ms
:03-10-2020 02:56:46 TimeManager: AI time delta is -0:04 from server delta
:03-10-2020 02:56:46 ClockDelta: previous delta at 0.657 s, +/- 1.055 s.
:03-10-2020 02:56:46 ClockDelta: new delta at 1.409 s, +/- 1.827 s.
:03-10-2020 02:56:46 ClockDelta: intersection at 0.657 s, +/- 1.055 s.
:03-10-2020 02:56:46 TimeManager: Local clock uncertainty +/- 1.056 s
:03-10-2020 02:56:46 TimeManager: Uncertainty is too high, trying again.
:03-10-2020 02:56:46 DistributedObject: DistributedSuitPlanner 401002972: generating
:03-10-2020 02:56:46 DistributedToon: calling LocalAvatar.startchat
:03-10-2020 02:56:46 :loader(error): Couldn't load file phase_4/models/questmap/cog_hq_lawbot_maps.bam: not found on model path (currently: "/;/d/hollybae/Aly/Toontown-School-House/toontown/launcher;/c/Panda3D-1.11.0-x64/etc/..;/c/Panda3D-1.11.0-x64/etc/../models")
:03-10-2020 02:56:46 Loader: At end of block 'hood', expected 2, loaded 20, duration=4.112916
:03-10-2020 02:56:46 TimeManager: Clock sync roundtrip took 457.877 ms
:03-10-2020 02:56:46 TimeManager: AI time delta is -0:00 from server delta
:03-10-2020 02:56:46 ClockDelta: previous delta at 0.657 s, +/- 1.056 s.
:03-10-2020 02:56:46 ClockDelta: new delta at -0.183 s, +/- 0.229 s.
:03-10-2020 02:56:46 ClockDelta: intersection at -0.177 s, +/- 0.222 s.
:03-10-2020 02:56:46 TimeManager: Local clock uncertainty +/- 0.222 s
:03-10-2020 02:56:48 Teleport(debug): teleportInDone: walk
:03-10-2020 02:56:48 :loader(error): Couldn't load file phase_4/models/questmap/cog_hq_lawbot_maps.bam: not found on model path (currently: "/;/d/hollybae/Aly/Toontown-School-House/toontown/launcher;/c/Panda3D-1.11.0-x64/etc/..;/c/Panda3D-1.11.0-x64/etc/../models")
:03-10-2020 02:56:49 TTOffMagicWordManager: Run mode has been toggled.
local
:03-10-2020 02:56:54 LawbotCogHQLoader: loadPlaceGeom: 13100
:03-10-2020 02:56:54 LawbotCogHQLoader: QA-REGRESSION: COGHQ: Visit LawbotLobby
:03-10-2020 02:56:55 LawbotHQExterior: Unloading Place (13000). Fsm in final
:03-10-2020 02:56:55 DistributedObject: DistributedSuitPlanner 401002972: disabling
:03-10-2020 02:56:55 DistributedToon: calling LocalAvatar.startchat
:03-10-2020 02:56:55 :loader(error): Couldn't load file phase_4/models/questmap/cog_hq_lawbot_maps.bam: not found on model path (currently: "/;/d/hollybae/Aly/Toontown-School-House/toontown/launcher;/c/Panda3D-1.11.0-x64/etc/..;/c/Panda3D-1.11.0-x64/etc/../models")
:03-10-2020 02:56:56 :loader(error): Couldn't load file phase_4/models/questmap/cog_hq_lawbot_maps.bam: not found on model path (currently: "/;/d/hollybae/Aly/Toontown-School-House/toontown/launcher;/c/Panda3D-1.11.0-x64/etc/..;/c/Panda3D-1.11.0-x64/etc/../models")
:03-10-2020 02:57:09 LawbotCogHQLoader: loadPlaceGeom: 61000
:03-10-2020 02:57:09 LawbotCogHQLoader(warning): loadPlaceGeom: unclassified zone 61000
:03-10-2020 02:57:09 CogHQLobby: Unloading Place (13100). Fsm in final
:03-10-2020 02:57:10 DistributedLawbotBoss(warning): Not a collision node: LawbotCourtroom3.egg/-PandaNode/CR3/interior/CR3_Floor
:03-10-2020 02:57:10 DistributedToon: calling LocalAvatar.startchat
:03-10-2020 02:57:10 LawbotHQBossBattle(warning): fsm.request('movie') returned 0 (zone id 61000, avatar pos LPoint3f(-0.363562, -126.204, 0.193903)).
:03-10-2020 02:57:24 LawbotHQBossBattle(warning): fsm.request('movie') returned 0 (zone id 61000, avatar pos LPoint3f(-0.363562, -126.204, 0.193903)).
:03-10-2020 02:57:36 TTOffMagicWordManager: Run mode has been toggled.
:03-10-2020 02:57:37 TTOffMagicWordManager: Alakazam!
:03-10-2020 02:57:40 TTOffMagicWordManager: Gave Hollybae an infinite amount of pies
:03-10-2020 02:57:41 Actor(warning): called actor.removeNode() on actor without calling cleanup()
:03-10-2020 02:57:41 Actor(warning): called actor.removeNode() on actor without calling cleanup()
:03-10-2020 02:57:41 Actor(warning): called actor.removeNode() on actor without calling cleanup()
:03-10-2020 02:57:41 Actor(warning): called actor.removeNode() on actor without calling cleanup()
:03-10-2020 02:57:41 Actor(warning): called actor.removeNode() on actor without calling cleanup()
:03-10-2020 02:57:41 Actor(warning): called actor.removeNode() on actor without calling cleanup()
:03-10-2020 02:57:41 Actor(warning): called actor.removeNode() on actor without calling cleanup()
:03-10-2020 02:57:41 Actor(warning): called actor.removeNode() on actor without calling cleanup()
:03-10-2020 02:57:41 Actor(warning): called actor.removeNode() on actor without calling cleanup()
:03-10-2020 02:57:41 Actor(warning): called actor.removeNode() on actor without calling cleanup()
:03-10-2020 02:57:41 Actor(warning): called actor.removeNode() on actor without calling cleanup()
:03-10-2020 02:57:41 Actor(warning): called actor.removeNode() on actor without calling cleanup()
:03-10-2020 02:57:41 TTOffMagicWordManager: Restarting Scale Round
:03-10-2020 02:58:29 OTPClientRepository: Sending heartbeat mid-frame.
:03-10-2020 02:58:29 LawbotHQBossBattle(warning): fsm.request('finalBattle') returned 0 (zone id 61000, avatar pos LPoint3f(-9.06071, 16.2231, 0)).
:03-10-2020 02:58:29 TTOffMagicWordManager: Restarting Scale Round
:03-10-2020 02:58:32 LawbotHQBossBattle(warning): fsm.request('finalBattle') returned 0 (zone id 61000, avatar pos LPoint3f(-24.5549, -5.15581, 0)).
:03-10-2020 02:58:32 TTOffMagicWordManager: Restarting Scale Round
:03-10-2020 02:58:39 LawbotHQBossBattle(warning): fsm.request('finalBattle') returned 0 (zone id 61000, avatar pos LPoint3f(-47.6871, 19.1569, 0)).
:03-10-2020 02:58:39 TTOffMagicWordManager: Restarting Scale Round
:03-10-2020 02:58:48 LawbotHQBossBattle(warning): fsm.request('finalBattle') returned 0 (zone id 61000, avatar pos LPoint3f(-62.0875, 16.5781, 0)).
:03-10-2020 02:58:48 TTOffMagicWordManager: Restarting Scale Round
:03-10-2020 03:00:00 NewsManager: setHolidayId: Ending Holiday 14
:03-10-2020 03:01:18 GarbageCollect(warning): garbage found, reverting gc threshold
frame rate: 222.1 fps|0.002d|12 avs||322|323||0x0000|0x0000|924.4MB|1102.1MB|16235.6MB|523|nt.2.6.2|3.701,3.701|6,12 cpus|OpenGL
adding timeout task
adding timeout task
frame rate: 232.3 fps|0.001d|12 avs||622|623||0x0000|0x0000|1173.4MB|1351.6MB|16235.6MB|587|nt.2.6.2|3.701,3.701|6,12 cpus|OpenGL
adding timeout task
adding timeout task
frame rate: 250.4 fps|0.001d|12 avs||922|923||0x0000|0x0000|1430.6MB|1609.2MB|16235.6MB|675|nt.2.6.2|3.701,3.701|6,12 cpus|OpenGL
adding timeout task
adding timeout task
frame rate: 246.4 fps|0.001d|12 avs||1222|1223||0x0000|0x0000|1676.1MB|1855.2MB|16235.6MB|760|nt.2.6.2|3.701,3.701|6,12 cpus|OpenGL
adding timeout task
adding timeout task
frame rate: 234.4 fps|0.001d|12 avs||1522|1523||0x0000|0x0000|1922.6MB|2125.6MB|16235.6MB|1153|nt.2.6.2|3.701,3.701|6,12 cpus|OpenGL
adding timeout task
adding timeout task
:03-10-2020 03:26:39 TimeManager: Clock sync: timer
frame rate: 308.3 fps|0.000d|12 avs||1822|1823||0x0000|0x0000|2192.0MB|2395.4MB|16235.6MB|1244|nt.2.6.2|3.701,3.701|6,12 cpus|OpenGL
:03-10-2020 03:26:39 TimeManager: Clock sync roundtrip took 72.278 ms
:03-10-2020 03:26:39 TimeManager: AI time delta is -0:00 from server delta
:03-10-2020 03:26:39 ClockDelta: previous delta at -0.177 s, +/- 0.720 s.
:03-10-2020 03:26:39 ClockDelta: new delta at -0.377 s, +/- 0.036 s.
:03-10-2020 03:26:39 ClockDelta: intersection at -0.377 s, +/- 0.036 s.
:03-10-2020 03:26:39 TimeManager: Local clock uncertainty +/- 0.036 s
adding timeout task
adding timeout task
frame rate: 315.4 fps|0.000d|12 avs||2122|2123||0x0000|0x0000|2473.0MB|2677.0MB|16235.6MB|1338|nt.2.6.2|3.701,3.701|6,12 cpus|OpenGL
frame rate: 226.0 fps|0.001d|12 avs||2422|2423||0x0000|0x0000|2492.6MB|2994.6MB|16235.6MB|1463|nt.2.6.2|3.701,3.701|6,12 cpus|OpenGL
adding timeout task
adding timeout task
frame rate: 235.2 fps|0.001d|12 avs||2722|2723||0x0000|0x0000|2668.8MB|3357.2MB|16235.6MB|1578|nt.2.6.2|3.701,3.701|6,12 cpus|OpenGL
adding timeout task
adding timeout task
frame rate: 302.5 fps|0.000d|12 avs||3022|3023||0x0000|0x0000|2990.0MB|3678.7MB|16235.6MB|1683|nt.2.6.2|3.701,3.701|6,12 cpus|OpenGL
frame rate: 235.3 fps|0.001d|12 avs||3322|3323||0x0000|0x0000|3260.7MB|4041.2MB|16235.6MB|1798|nt.2.6.2|3.701,3.701|6,12 cpus|OpenGL
:03-10-2020 03:56:39 TimeManager: Clock sync: timer
:03-10-2020 03:56:39 TimeManager: Clock sync roundtrip took 23.328 ms
:03-10-2020 03:56:39 TimeManager: AI time delta is -0:00 from server delta
:03-10-2020 03:56:39 ClockDelta: previous delta at -0.377 s, +/- 0.536 s.
:03-10-2020 03:56:39 ClockDelta: new delta at -0.401 s, +/- 0.012 s.
:03-10-2020 03:56:39 ClockDelta: intersection at -0.401 s, +/- 0.012 s.
:03-10-2020 03:56:39 TimeManager: Local clock uncertainty +/- 0.012 s
frame rate: 244.7 fps|0.001d|12 avs||3622|3623||0x0000|0x0000|3617.0MB|4421.6MB|16235.6MB|1919|nt.2.6.2|3.701,3.701|6,12 cpus|OpenGL
:03-10-2020 03:57:33 :linmath(warning): Tried to invert singular LMatrix3.
:03-10-2020 03:59:25 TimeManager: Clock sync: user hotkey
:03-10-2020 03:59:25 TimeManager: Clock sync roundtrip took 39.056 ms
:03-10-2020 03:59:25 TimeManager: AI time delta is -0:00 from server delta
:03-10-2020 03:59:25 ClockDelta: previous delta at -0.401 s, +/- 0.058 s.
:03-10-2020 03:59:25 ClockDelta: new delta at -0.403 s, +/- 0.020 s.
:03-10-2020 03:59:25 ClockDelta: intersection at -0.403 s, +/- 0.020 s.
:03-10-2020 03:59:25 TimeManager: Local clock uncertainty +/- 0.020 s
:03-10-2020 03:59:26 TimeManager: Clock sync: user hotkey
:03-10-2020 03:59:26 TimeManager: Clock sync roundtrip took 75.494 ms
:03-10-2020 03:59:26 TimeManager: AI time delta is -0:00 from server delta
:03-10-2020 03:59:26 ClockDelta: previous delta at -0.403 s, +/- 0.020 s.
:03-10-2020 03:59:26 ClockDelta: new delta at -0.381 s, +/- 0.038 s.
:03-10-2020 03:59:26 ClockDelta: intersection at -0.401 s, +/- 0.018 s.
:03-10-2020 03:59:26 TimeManager: Local clock uncertainty +/- 0.018 s
frame rate: 278.1 fps|0.001d|12 avs||3922|3923||0x0000|0x0000|3699.6MB|4800.9MB|16235.6MB|2039|nt.2.6.2|3.701,3.701|6,12 cpus|OpenGL
:03-10-2020 04:05:14 LawbotHQBossBattle(warning): fsm.request('finalBattle') returned 0 (zone id 61000, avatar pos LPoint3f(-60.0392, 13.5242, -0.00030808)).
:03-10-2020 04:05:14 TTOffMagicWordManager: Restarting Scale Round
frame rate: 294.5 fps|0.001d|12 avs||4222|4223||0x0000|0x0000|3704.8MB|5137.2MB|16235.6MB|2176|nt.2.6.2|3.701,3.701|6,12 cpus|OpenGL
:03-10-2020 04:07:28 LawbotHQBossBattle(warning): fsm.request('finalBattle') returned 0 (zone id 61000, avatar pos LPoint3f(-44.1368, -6.49911, 0)).
:03-10-2020 04:07:28 TTOffMagicWordManager: Restarting Scale Round
frame rate: 230.1 fps|0.001d|12 avs||4522|4523||0x0000|0x0000|3669.5MB|5489.5MB|16235.6MB|2312|nt.2.6.2|3.701,3.701|6,12 cpus|OpenGL
frame rate: 250.9 fps|0.001d|12 avs||4822|4823||0x0000|0x0000|3590.3MB|5819.0MB|16235.6MB|2419|nt.2.6.2|3.701,3.701|6,12 cpus|OpenGL
frame rate: 231.3 fps|0.001d|12 avs||5122|5123||0x0000|0x0000|3506.1MB|6160.8MB|16235.6MB|2529|nt.2.6.2|3.701,3.701|6,12 cpus|OpenGL
:03-10-2020 04:26:39 TimeManager: Clock sync: timer
:03-10-2020 04:26:39 TimeManager: Clock sync roundtrip took 11.164 ms
:03-10-2020 04:26:39 TimeManager: AI time delta is -0:00 from server delta
:03-10-2020 04:26:39 ClockDelta: previous delta at -0.401 s, +/- 0.471 s.
:03-10-2020 04:26:39 ClockDelta: new delta at -0.393 s, +/- 0.006 s.
:03-10-2020 04:26:39 ClockDelta: intersection at -0.393 s, +/- 0.006 s.
:03-10-2020 04:26:39 TimeManager: Local clock uncertainty +/- 0.006 s
frame rate: 234.1 fps|0.001d|12 avs||5422|5423||0x0000|0x0000|3444.1MB|6510.4MB|16235.6MB|2641|nt.2.6.2|3.701,3.701|6,12 cpus|OpenGL
frame rate: 247.8 fps|0.001d|12 avs||5722|5723||0x0000|0x0000|3757.1MB|6861.1MB|16235.6MB|2754|nt.2.6.2|3.701,3.701|6,12 cpus|OpenGL
frame rate: 224.1 fps|0.001d|12 avs||6022|6023||0x0000|0x0000|3706.2MB|7237.7MB|16235.6MB|3432|nt.2.6.2|3.701,3.701|6,12 cpus|OpenGL
frame rate: 293.7 fps|0.000d|12 avs||6322|6323||0x0000|0x0000|4066.6MB|7598.1MB|16235.6MB|3553|nt.2.6.2|3.701,3.701|6,12 cpus|OpenGL
adding timeout task
adding timeout task
frame rate: 245.7 fps|0.001d|12 avs||6622|6623||0x0000|0x0000|4390.7MB|7922.3MB|16235.6MB|3658|nt.2.6.2|3.701,3.701|6,12 cpus|OpenGL
adding timeout task
adding timeout task
frame rate: 251.1 fps|0.001d|12 avs||6922|6923||0x0000|0x0000|4723.7MB|8288.9MB|16235.6MB|3796|nt.2.6.2|3.701,3.701|6,12 cpus|OpenGL
adding timeout task
adding timeout task
:03-10-2020 04:56:39 TimeManager: Clock sync: timer
:03-10-2020 04:56:39 TimeManager: Clock sync roundtrip took 16.152 ms
:03-10-2020 04:56:39 TimeManager: AI time delta is -0:00 from server delta
:03-10-2020 04:56:39 ClockDelta: previous delta at -0.393 s, +/- 0.506 s.
:03-10-2020 04:56:39 ClockDelta: new delta at -0.390 s, +/- 0.008 s.
:03-10-2020 04:56:39 ClockDelta: intersection at -0.390 s, +/- 0.008 s.
:03-10-2020 04:56:39 TimeManager: Local clock uncertainty +/- 0.008 s
frame rate: 262.8 fps|0.001d|12 avs||7222|7223||0x0000|0x0000|4654.2MB|8606.9MB|16235.6MB|3903|nt.2.6.2|3.701,3.701|6,12 cpus|OpenGL
