

Starting Toontown Online...
Current time: Wed Dec 18 05:49:30 2019 Eastern Standard Time
sys.path =  ['', 'C:\\Panda3D-1.11.0-x64\\python\\python27.zip', 'C:\\Panda3D-1.11.0-x64', 'C:\\Panda3D-1.11.0-x64\\python\\DLLs', 'C:\\Panda3D-1.11.0-x64\\python\\lib', 'C:\\Panda3D-1.11.0-x64\\python\\lib\\plat-win', 'C:\\Panda3D-1.11.0-x64\\python\\lib\\lib-tk', 'C:\\Panda3D-1.11.0-x64\\python', 'C:\\Panda3D-1.11.0-x64\\bin', 'C:\\Panda3D-1.11.0-x64\\python\\lib\\site-packages']
sys.argv =  ['D:\\hollybae\\Aly\\Toontown-School-House\\toontown\\launcher\\TTOffQuickStartLauncher.py']
generating standard configrc
os.environ =  {'TMP': 'C:\\Users\\holla\\AppData\\Local\\Temp', 'COMPUTERNAME': 'HOLLYBAES-PC', 'USERDOMAIN': 'HOLLYBAES-PC', 'INTEL_DEV_REDIST': 'C:\\Program Files (x86)\\Common Files\\Intel\\Shared Libraries\\', 'PSMODULEPATH': 'C:\\Program Files\\WindowsPowerShell\\Modules;C:\\WINDOWS\\system32\\WindowsPowerShell\\v1.0\\Modules', 'COMMONPROGRAMFILES': 'C:\\Program Files\\Common Files', 'PROCESSOR_IDENTIFIER': 'Intel64 Family 6 Model 158 Stepping 10, GenuineIntel', 'VBOX_MSI_INSTALL_PATH': 'C:\\Program Files\\Oracle\\VirtualBox\\', 'PROGRAMFILES': 'C:\\Program Files', 'PROCESSOR_REVISION': '9e0a', 'PATH': 'C:\\Panda3D-1.11.0-x64\\panda3d\\..\\bin;C:\\Program Files (x86)\\Razer\\ChromaBroadcast\\bin;C:\\Program Files\\Razer\\ChromaBroadcast\\bin;C:\\Program Files (x86)\\Common Files\\Intel\\Shared Libraries\\redist\\intel64_win\\compiler;C:\\Program Files (x86)\\Common Files\\Oracle\\Java\\javapath;C:\\Program Files (x86)\\Common Files\\Intel\\Shared Libraries\\redist\\intel64\\compiler;C:\\WINDOWS\\system32;C:\\WINDOWS;C:\\WINDOWS\\System32\\Wbem;C:\\WINDOWS\\System32\\WindowsPowerShell\\v1.0\\;C:\\WINDOWS\\System32\\OpenSSH\\;C:\\Program Files\\NVIDIA Corporation\\NVIDIA NGX;C:\\Program Files (x86)\\NVIDIA Corporation\\PhysX\\Common;C:\\Program Files\\NVIDIA Corporation\\NVIDIA NvDLISR;C:\\WINDOWS\\system32;C:\\WINDOWS;C:\\WINDOWS\\System32\\Wbem;C:\\WINDOWS\\System32\\WindowsPowerShell\\v1.0\\;C:\\WINDOWS\\System32\\OpenSSH\\;D:\\hollybae\\ffmpeg-4.1.3-win64-static\\ffmpeg-4.1.3-win64-static\\bin;C:\\Program Files\\dotnet\\;C:\\WINDOWS\\system32\\config\\systemprofile\\AppData\\Local\\Microsoft\\WindowsApps;C:\\Program Files (x86)\\QuickTime\\QTSystem\\;C:\\Users\\holla\\AppData\\Local\\Microsoft\\WindowsApps;C:\\Panda3D-1.10.4.1-x64\\python;C:\\Panda3D-1.10.4.1-x64\\python\\Scripts;C:\\Panda3D-1.10.4.1-x64\\bin;C:\\Panda3D-1.11.0-x64\\python;C:\\Panda3D-1.11.0-x64\\python\\Scripts;C:\\Panda3D-1.11.0-x64\\bin', 'SYSTEMROOT': 'C:\\WINDOWS', 'MIC_LD_LIBRARY_PATH': 'C:\\Program Files (x86)\\Common Files\\Intel\\Shared Libraries\\compiler\\lib\\intel64_win_mic', 'COMSPEC': 'C:\\WINDOWS\\system32\\cmd.exe', 'DRIVERDATA': 'C:\\Windows\\System32\\Drivers\\DriverData', 'PPYTHON_PATH': '"C:\\Panda3D-1.11.0-x64\\python\\ppython.exe"', 'TEMP': 'C:\\Users\\holla\\AppData\\Local\\Temp', 'COMMONPROGRAMFILES(X86)': 'C:\\Program Files (x86)\\Common Files', 'PROCESSOR_ARCHITECTURE': 'AMD64', 'PROGRAMFILES(X86)': 'C:\\Program Files (x86)', 'ALLUSERSPROFILE': 'C:\\ProgramData', 'LOCALAPPDATA': 'C:\\Users\\holla\\AppData\\Local', 'FPS_BROWSER_USER_PROFILE_STRING': 'Default', 'HOMEPATH': '\\Users\\holla', 'USERDOMAIN_ROAMINGPROFILE': 'HOLLYBAES-PC', 'PROGRAMW6432': 'C:\\Program Files', 'USERNAME': 'holla', 'LOGONSERVER': '\\\\HOLLYBAES-PC', 'PROMPT': '$P$G', 'SESSIONNAME': 'Console', 'PROGRAMDATA': 'C:\\ProgramData', 'ONEDRIVE': 'C:\\Users\\holla\\OneDrive', 'FPS_BROWSER_APP_PROFILE_STRING': 'Internet Explorer', 'PATHEXT': '.COM;.EXE;.BAT;.CMD;.VBS;.VBE;.JS;.JSE;.WSF;.WSH;.MSC', 'TTOFF_LOGIN_TOKEN': 'dev', 'WINDIR': 'C:\\WINDOWS', 'APPDATA': 'C:\\Users\\holla\\AppData\\Roaming', 'HOMEDRIVE': 'C:', 'SYSTEMDRIVE': 'C:', 'NUMBER_OF_PROCESSORS': '12', 'PROCESSOR_LEVEL': '6', 'COMMONPROGRAMW6432': 'C:\\Program Files\\Common Files', 'OS': 'Windows_NT', 'PUBLIC': 'C:\\Users\\Public', 'USERPROFILE': 'C:\\Users\\holla'}
:12-18-2019 05:49:30 TTOffLauncher: isTestServer: 0
:12-18-2019 05:49:30 TTOffLauncher: Game Server 127.0.0.1
:12-18-2019 05:49:30 TTOffLauncher: Starting Toontown Online... 
:12-18-2019 05:49:30 TTOffLauncher: foreground: Launcher now operating in foreground
useTTOffSpecificLogin=True
:12-18-2019 05:49:30 TTOffLauncher: maybeStartGame: starting game
:12-18-2019 05:49:30 TTOffLauncher: Starting Toontown Online...
:12-18-2019 05:49:30 TTOffLauncher: background: Launcher now operating in background
ToontownStart: Polling for game2 to finish...
ToontownStart: Game2 is finished.
ToontownStart: Starting the game.
ToontownStart: setting default font
:12-18-2019 05:49:30 TTOffLauncher: setting panda error code to 7
Known pipe types:
  wglGraphicsPipe
(all display modules loaded.)
:12-18-2019 05:49:30 ToonBase: Default graphics pipe is wglGraphicsPipe (OpenGL).
:12-18-2019 05:49:30 ToonBase: Successfully opened window of type wglGraphicsWindow (OpenGL)
:12-18-2019 05:49:30 ShowBase: __dev__ == False
:12-18-2019 05:49:31 TTOffLauncher: setting panda error code to 11
:12-18-2019 05:49:31 TTOffLauncher: setting panda error code to 0
ToontownStart: Loading default gui sounds
ToontownStart: serverVersion:  tto-dev
:12-18-2019 05:49:31 Loader: starting bulk load of block 'init'
:12-18-2019 05:49:37 :nativenet(error): Buffered_DatagramConnection Constructor rbufsize = 4096000 wbufsize = 4096000 write_flush_point = 1400
:12-18-2019 05:49:37 OTPClientRepository: Using connect method 'http'
:12-18-2019 05:49:42 TTOffLauncher: getRegistry ('DEPLOYMENT', None)
:12-18-2019 05:49:42 TTOffLauncher: checking env
:12-18-2019 05:49:42 TTOffLauncher: getRegistry ('GAME_DEPLOYMENT', None)
:12-18-2019 05:49:42 TTOffLauncher: checking env
:12-18-2019 05:49:42 OTPClientRepository: reg_deployment=
:12-18-2019 05:49:42 OTPClientRepository: required-login auto.
:12-18-2019 05:49:42 OTPClientRepository: loginInterface: LoginTTOffAccount
:12-18-2019 05:49:42 TTOffLauncher: getNeedPwForSecretKey using ttoff-specific-login
:12-18-2019 05:49:42 Loader: At end of block 'init', expected 138, loaded 12, duration=11.3584473
:12-18-2019 05:49:42 OTPClientRepository: Connecting to gameserver directly (no proxy).
:12-18-2019 05:49:42 OTPClientRepository: Connecting to //127.0.0.1:7198 via HTTP interface.
:12-18-2019 05:49:42 TTOffLauncher: Stopping mini task manager.
:12-18-2019 05:49:42 OTPClientRepository: Successfully connected to //127.0.0.1:7198.
:12-18-2019 05:49:42 TTOffLauncher: Setting Disconnect Details normal
{401000001: <toontown.distributed.ToontownDistrict.ToontownDistrict instance at 0x000000001DA0D748>}
:12-18-2019 05:49:44 StateData: AvatarChooser.enter
:12-18-2019 05:49:44 DisplayOptions: settingsFullScreen = False, embedded = False width=800 height=600
:12-18-2019 05:49:44 StateData: calling self.displayOptions.restrictToEmbedded(False)
:12-18-2019 05:49:49 OTPClientRepository: ================
:12-18-2019 05:49:49 OTPClientRepository: Chose avatar id: 100000014
:12-18-2019 05:49:49 OTPClientRepository: Chose avatar name: Hollybae
:12-18-2019 05:49:49 OTPClientRepository: Chose avatar dna: ('css', 'ms', 'm', 'm', 16, 0, 16, 16, 113, 27, 18, 27, 7, 21)
:12-18-2019 05:49:49 OTPClientRepository: Chose avatar position: 5
:12-18-2019 05:49:49 OTPClientRepository: isPaid: 1
:12-18-2019 05:49:49 OTPClientRepository: freeTimeLeft: 0
:12-18-2019 05:49:49 OTPClientRepository: allowSecretChat: True
:12-18-2019 05:49:49 OTPClientRepository: ================
:12-18-2019 05:49:50 Loader: starting bulk load of block 'localAvatarPlayGame'
:12-18-2019 05:49:51 ToontownTimeManager(warning): error parsing date string=
local
:12-18-2019 05:49:51 NewsPageButtonManager(warning): Should not get here. NewsPageButtonManager.exitOff
:12-18-2019 05:49:51 :pnmimage:png(warning): iCCP: known incorrect sRGB profile
:12-18-2019 05:49:52 OTPClientRepository: Sending heartbeat mid-frame.
:12-18-2019 05:49:54 OTPClientRepository: Entering shard 401000001
:12-18-2019 05:49:54 StreetSign: Street sign url is https://ttoffline.com/images/
:12-18-2019 05:49:55 StreetSign: Street Sign is up to date
:12-18-2019 05:49:55 TimeManager: Clock sync: TimeManager.announceGenerate
:12-18-2019 05:49:55 NewsManager: setHolidayId: Starting Holiday 7
:12-18-2019 05:49:55 InGameNewsMgr: latestIssue=2013-08-22 16:49:46.000003-07:00
cpu info: GenuineIntel|Intel(R) Core(TM) i7-8700K CPU @ 3.70GHz|591594|0|3.701,3.701|6,12 cpus
:12-18-2019 05:49:57 OTPClientRepository: No sync from TimeManager.
:12-18-2019 05:49:57 OTPClientRepository: gotTimeSync
:12-18-2019 05:49:57 Loader: At end of block 'localAvatarPlayGame', expected 400, loaded 21, duration=7.673358
:12-18-2019 05:49:57 TimeManager: Clock sync roundtrip took 2079.131 ms
:12-18-2019 05:49:57 TimeManager: AI time delta is -0:02 from server delta
:12-18-2019 05:49:57 TimeManager: Local clock uncertainty +/- 1.040 s
:12-18-2019 05:49:57 TimeManager: Uncertainty is too high, trying again.
:12-18-2019 05:49:57 PlayGame: QA-REGRESSION: NEIGHBORHOODS: Visit Lawbot HQ
:12-18-2019 05:49:57 Loader: starting bulk load of block 'hood'
:12-18-2019 05:49:59 LawbotCogHQLoader: loadPlaceGeom: 13000
:12-18-2019 05:50:00 TimeManager: Clock sync roundtrip took 2406.746 ms
:12-18-2019 05:50:00 TimeManager: AI time delta is -0:03 from server delta
:12-18-2019 05:50:00 ClockDelta: previous delta at -0.335 s, +/- 1.041 s.
:12-18-2019 05:50:00 ClockDelta: new delta at -0.291 s, +/- 1.203 s.
:12-18-2019 05:50:00 ClockDelta: intersection at -0.335 s, +/- 1.041 s.
:12-18-2019 05:50:00 TimeManager: Local clock uncertainty +/- 1.041 s
:12-18-2019 05:50:00 TimeManager: Uncertainty is too high, trying again.
:12-18-2019 05:50:00 DistributedObject: DistributedSuitPlanner 401002972: generating
:12-18-2019 05:50:00 DistributedToon: calling LocalAvatar.startchat
:12-18-2019 05:50:00 :loader(error): Couldn't load file phase_4/models/questmap/cog_hq_lawbot_maps.bam: not found on model path (currently: "/;/d/hollybae/Aly/Toontown-School-House/toontown/launcher;/c/Panda3D-1.11.0-x64/etc/..;/c/Panda3D-1.11.0-x64/etc/../models")
:12-18-2019 05:50:00 Loader: At end of block 'hood', expected 2, loaded 12, duration=2.607304
:12-18-2019 05:50:00 TimeManager: Clock sync roundtrip took 199.210 ms
:12-18-2019 05:50:00 TimeManager: AI time delta is -0:00 from server delta
:12-18-2019 05:50:00 ClockDelta: previous delta at -0.335 s, +/- 1.041 s.
:12-18-2019 05:50:00 ClockDelta: new delta at -1.266 s, +/- 0.100 s.
:12-18-2019 05:50:00 ClockDelta: intersection at -1.266 s, +/- 0.100 s.
:12-18-2019 05:50:00 TimeManager: Local clock uncertainty +/- 0.100 s
:12-18-2019 05:50:01 Teleport(debug): teleportInDone: walk
:12-18-2019 05:50:02 :loader(error): Couldn't load file phase_4/models/questmap/cog_hq_lawbot_maps.bam: not found on model path (currently: "/;/d/hollybae/Aly/Toontown-School-House/toontown/launcher;/c/Panda3D-1.11.0-x64/etc/..;/c/Panda3D-1.11.0-x64/etc/../models")
:12-18-2019 05:50:19 TTOffMagicWordManager: Run mode has been toggled.
:12-18-2019 05:50:25 TTOffMagicWordManager: Run mode has been toggled.
:12-18-2019 05:52:38 TTOffMagicWordManager: Gave Hollybae an infinite amount of pies
:12-18-2019 05:52:59 ClockDelta: Got sync +/- 0.550 s, elapsed 0.340 s, from 100000009.
:12-18-2019 05:52:59 ClockDelta: previous delta at -1.266 s, +/- 0.149 s.
:12-18-2019 05:52:59 ClockDelta: new delta at -1.048 s, +/- 0.720 s.
:12-18-2019 05:52:59 ClockDelta: intersection at -1.266 s, +/- 0.149 s.
:12-18-2019 05:52:59 DistributedToon: Returning resync for 100000014; local time is 209.3592749 and server time is 210.6250416.
:12-18-2019 05:53:15 ClockDelta: Got sync +/- 0.550 s, elapsed 0.220 s, from 100000009.
:12-18-2019 05:53:15 ClockDelta: previous delta at -1.266 s, +/- 0.154 s.
:12-18-2019 05:53:15 ClockDelta: new delta at -1.053 s, +/- 0.660 s.
:12-18-2019 05:53:15 ClockDelta: intersection at -1.266 s, +/- 0.154 s.
:12-18-2019 05:53:15 DistributedToon: Returning resync for 100000014; local time is 225.1636441 and server time is 226.4294108.
:12-18-2019 05:53:16 LawbotCogHQLoader: loadPlaceGeom: 13100
:12-18-2019 05:53:16 LawbotCogHQLoader: QA-REGRESSION: COGHQ: Visit LawbotLobby
:12-18-2019 05:53:16 LawbotHQExterior: Unloading Place (13000). Fsm in final
:12-18-2019 05:53:16 DistributedObject: DistributedSuitPlanner 401002972: disabling
:12-18-2019 05:53:16 DistributedToon: calling LocalAvatar.startchat
:12-18-2019 05:53:16 :loader(error): Couldn't load file phase_4/models/questmap/cog_hq_lawbot_maps.bam: not found on model path (currently: "/;/d/hollybae/Aly/Toontown-School-House/toontown/launcher;/c/Panda3D-1.11.0-x64/etc/..;/c/Panda3D-1.11.0-x64/etc/../models")
:12-18-2019 05:53:18 :loader(error): Couldn't load file phase_4/models/questmap/cog_hq_lawbot_maps.bam: not found on model path (currently: "/;/d/hollybae/Aly/Toontown-School-House/toontown/launcher;/c/Panda3D-1.11.0-x64/etc/..;/c/Panda3D-1.11.0-x64/etc/../models")
:12-18-2019 05:53:31 TTOffMagicWordManager: Ta-da!
:12-18-2019 05:53:38 LawbotCogHQLoader: loadPlaceGeom: 61000
:12-18-2019 05:53:38 LawbotCogHQLoader(warning): loadPlaceGeom: unclassified zone 61000
:12-18-2019 05:53:38 CogHQLobby: Unloading Place (13100). Fsm in final
:12-18-2019 05:53:39 DistributedLawbotBoss(warning): Not a collision node: LawbotCourtroom3.egg/-PandaNode/CR3/interior/CR3_Floor
:12-18-2019 05:53:39 DistributedToon: calling LocalAvatar.startchat
:12-18-2019 05:53:40 LawbotHQBossBattle(warning): fsm.request('movie') returned 0 (zone id 61000, avatar pos LPoint3f(-0.363562, -126.204, 0.193903)).
:12-18-2019 05:54:32 GarbageCollect(warning): garbage found, reverting gc threshold
frame rate: 143.4 fps|0.002d|23 avs||323|324||0x0000|0x0000|913.1MB|1115.6MB|16235.6MB|566|nt.2.6.2|3.701,3.701|6,12 cpus|OpenGL
:12-18-2019 05:55:53 TTOffMagicWordManager: Skipping final round...
:12-18-2019 05:56:07 LawbotHQBossBattle(warning): fsm.request('movie') returned 0 (zone id 61000, avatar pos LPoint3f(-59.4465, 26.3611, -0.000306406)).
:12-18-2019 05:56:19 LawbotHQBossBattle: Unloading Place (61000). Fsm in final
:12-18-2019 05:56:19 PlayGame: QA-REGRESSION: NEIGHBORHOODS: Visit The Brrrgh
:12-18-2019 05:56:19 Loader: starting bulk load of block 'hood'
:12-18-2019 05:56:21 DistributedObject(warning): no loader.getInteractiveProp self.interactiveProp is None
:12-18-2019 05:56:21 DistributedToon: calling LocalAvatar.startchat
:12-18-2019 05:56:21 Loader: At end of block 'hood', expected 10, loaded 10, duration=2.1944867
:12-18-2019 05:56:23 Teleport(debug): teleportInDone: walk
:12-18-2019 05:56:27 TTOffMagicWordManager: Uh-oh! This Magic Word doesn't exist!
:12-18-2019 05:56:32 ShtikerBook: QA-REGRESSION: SHTICKERBOOK: Open
OnscreenText.configure: mayChange == 0
OnscreenText.configure: mayChange == 0
OnscreenText.configure: mayChange == 0
OnscreenText.configure: mayChange == 0
:12-18-2019 05:56:33 ShtikerBook: QA-REGRESSION: SHTICKERBOOK: Close
:12-18-2019 05:56:39 Playground: Unloading Place (3000). Fsm in final
:12-18-2019 05:56:39 PlayGame: QA-REGRESSION: NEIGHBORHOODS: Visit Lawbot HQ
:12-18-2019 05:56:39 Loader: starting bulk load of block 'hood'
:12-18-2019 05:56:39 LawbotCogHQLoader: loadPlaceGeom: 13000
:12-18-2019 05:56:39 DistributedObject: DistributedSuitPlanner 401002972: generating
:12-18-2019 05:56:39 DistributedToon: calling LocalAvatar.startchat
:12-18-2019 05:56:39 :loader(error): Couldn't load file phase_4/models/questmap/cog_hq_lawbot_maps.bam: not found on model path (currently: "/;/d/hollybae/Aly/Toontown-School-House/toontown/launcher;/c/Panda3D-1.11.0-x64/etc/..;/c/Panda3D-1.11.0-x64/etc/../models")
:12-18-2019 05:56:39 Loader: At end of block 'hood', expected 2, loaded 1, duration=0.378018
:12-18-2019 05:56:41 Teleport(debug): teleportInDone: walk
:12-18-2019 05:56:41 :loader(error): Couldn't load file phase_4/models/questmap/cog_hq_lawbot_maps.bam: not found on model path (currently: "/;/d/hollybae/Aly/Toontown-School-House/toontown/launcher;/c/Panda3D-1.11.0-x64/etc/..;/c/Panda3D-1.11.0-x64/etc/../models")
:12-18-2019 05:56:42 TTOffMagicWordManager: Run mode has been toggled.
:12-18-2019 05:56:43 ClockDelta: Got sync +/- 0.560 s, elapsed 0.220 s, from 100000009.
:12-18-2019 05:56:43 ClockDelta: previous delta at -1.266 s, +/- 0.212 s.
:12-18-2019 05:56:43 ClockDelta: new delta at -1.060 s, +/- 0.670 s.
:12-18-2019 05:56:43 ClockDelta: intersection at -1.266 s, +/- 0.212 s.
:12-18-2019 05:56:43 DistributedToon: Returning resync for 100000014; local time is 434.072567 and server time is 435.3383337.
:12-18-2019 05:56:48 TTOffMagicWordManager: Run mode has been toggled.
:12-18-2019 05:56:58 LawbotCogHQLoader: loadPlaceGeom: 13100
:12-18-2019 05:56:58 LawbotCogHQLoader: QA-REGRESSION: COGHQ: Visit LawbotLobby
:12-18-2019 05:56:58 LawbotHQExterior: Unloading Place (13000). Fsm in final
:12-18-2019 05:56:58 DistributedObject: DistributedSuitPlanner 401002972: disabling
:12-18-2019 05:56:58 DistributedToon: calling LocalAvatar.startchat
:12-18-2019 05:56:58 :loader(error): Couldn't load file phase_4/models/questmap/cog_hq_lawbot_maps.bam: not found on model path (currently: "/;/d/hollybae/Aly/Toontown-School-House/toontown/launcher;/c/Panda3D-1.11.0-x64/etc/..;/c/Panda3D-1.11.0-x64/etc/../models")
:12-18-2019 05:56:59 :loader(error): Couldn't load file phase_4/models/questmap/cog_hq_lawbot_maps.bam: not found on model path (currently: "/;/d/hollybae/Aly/Toontown-School-House/toontown/launcher;/c/Panda3D-1.11.0-x64/etc/..;/c/Panda3D-1.11.0-x64/etc/../models")
:12-18-2019 05:57:04 TTOffMagicWordManager: Run mode has been toggled.
:12-18-2019 05:57:08 TTOffMagicWordManager: Run mode has been toggled.
:12-18-2019 05:57:11 TTOffMagicWordManager: You aren't in a CJ!
:12-18-2019 05:57:16 LawbotCogHQLoader: loadPlaceGeom: 61001
:12-18-2019 05:57:16 LawbotCogHQLoader(warning): loadPlaceGeom: unclassified zone 61000
:12-18-2019 05:57:16 CogHQLobby: Unloading Place (13100). Fsm in final
:12-18-2019 05:57:16 DistributedLawbotBoss(warning): Not a collision node: LawbotCourtroom3.egg/-PandaNode/CR3/interior/CR3_Floor
:12-18-2019 05:57:16 DistributedToon: calling LocalAvatar.startchat
:12-18-2019 05:57:18 LawbotHQBossBattle(warning): fsm.request('movie') returned 0 (zone id 61001, avatar pos LPoint3f(-0.363562, -126.204, 0.193903)).
:12-18-2019 05:57:18 TTOffMagicWordManager: Restarting Scale Round
:12-18-2019 05:57:43 TTOffMagicWordManager: Hollybae's max laff has been set to 15.
:12-18-2019 05:57:51 TTOffMagicWordManager: Hollybae's laff has been set to 14.
:12-18-2019 05:57:57 TTOffMagicWordManager: Gave Hollybae an infinite amount of pies
:12-18-2019 05:58:03 OTPClientRepository: Sending heartbeat mid-frame.
ToonAvatarDetailPanel None
:12-18-2019 05:58:17 OTPClientRepository: Got query response for avatar 100000009.
:12-18-2019 05:58:17 :text(warning): No definition in JiggeryPokery.egg for character U+0031 ('1')
:12-18-2019 05:58:17 :text(warning): No definition in JiggeryPokery.egg for character U+0030 ('0')
:12-18-2019 05:58:17 :text(warning): No definition in JiggeryPokery.egg for character U+0030 ('0')
:12-18-2019 05:58:17 :text(warning): No definition in JiggeryPokery.egg for character U+0030 ('0')
:12-18-2019 05:58:17 :text(warning): No definition in JiggeryPokery.egg for character U+0030 ('0')
:12-18-2019 05:58:17 :text(warning): No definition in JiggeryPokery.egg for character U+0030 ('0')
:12-18-2019 05:58:17 :text(warning): No definition in JiggeryPokery.egg for character U+0030 ('0')
:12-18-2019 05:58:17 :text(warning): No definition in JiggeryPokery.egg for character U+0030 ('0')
:12-18-2019 05:58:17 :text(warning): No definition in JiggeryPokery.egg for character U+0039 ('9')
