

Starting Toontown Online...
Current time: Thu Oct  1 23:40:04 2020 Eastern Standard Time
sys.path =  ['', 'C:\\Panda3D-1.11.0-x64\\python\\python27.zip', 'C:\\Panda3D-1.11.0-x64', 'C:\\Panda3D-1.11.0-x64\\python\\DLLs', 'C:\\Panda3D-1.11.0-x64\\python\\lib', 'C:\\Panda3D-1.11.0-x64\\python\\lib\\plat-win', 'C:\\Panda3D-1.11.0-x64\\python\\lib\\lib-tk', 'C:\\Panda3D-1.11.0-x64\\python', 'C:\\Panda3D-1.11.0-x64\\bin', 'C:\\Panda3D-1.11.0-x64\\python\\lib\\site-packages']
sys.argv =  ['D:\\hollybae\\Aly\\Toontown-School-House\\toontown\\launcher\\TTOffQuickStartLauncher.py']
generating standard configrc
os.environ =  {'TMP': 'C:\\Users\\holla\\AppData\\Local\\Temp', 'ONEDRIVECONSUMER': 'C:\\Users\\holla\\OneDrive', 'COMPUTERNAME': 'HOLLYBAES-PC', 'USERDOMAIN': 'HOLLYBAES-PC', 'INTEL_DEV_REDIST': 'C:\\Program Files (x86)\\Common Files\\Intel\\Shared Libraries\\', 'PSMODULEPATH': 'C:\\Program Files\\WindowsPowerShell\\Modules;C:\\WINDOWS\\system32\\WindowsPowerShell\\v1.0\\Modules', 'COMMONPROGRAMFILES': 'C:\\Program Files\\Common Files', 'PROCESSOR_IDENTIFIER': 'Intel64 Family 6 Model 158 Stepping 10, GenuineIntel', 'PROGRAMFILES': 'C:\\Program Files', 'PROCESSOR_REVISION': '9e0a', 'PATH': 'C:\\Panda3D-1.11.0-x64\\panda3d\\..\\bin;C:\\Program Files (x86)\\Razer\\ChromaBroadcast\\bin;C:\\Program Files\\Razer\\ChromaBroadcast\\bin;C:\\Program Files (x86)\\Common Files\\Intel\\Shared Libraries\\redist\\intel64\\compiler;C:\\Program Files (x86)\\Common Files\\Oracle\\Java\\javapath;C:\\WINDOWS\\system32;C:\\WINDOWS;C:\\WINDOWS\\System32\\Wbem;C:\\WINDOWS\\System32\\WindowsPowerShell\\v1.0\\;C:\\WINDOWS\\System32\\OpenSSH\\;C:\\Program Files (x86)\\NVIDIA Corporation\\PhysX\\Common;C:\\Program Files\\NVIDIA Corporation\\NVIDIA NvDLISR;C:\\WINDOWS\\system32\\config\\systemprofile\\AppData\\Local\\Microsoft\\WindowsApps;C:\\Users\\holla\\AppData\\Local\\Microsoft\\WindowsApps;C:\\Panda3D-1.11.0-x64\\python;C:\\Panda3D-1.11.0-x64\\python\\Scripts;C:\\Panda3D-1.11.0-x64\\bin', 'SYSTEMROOT': 'C:\\WINDOWS', 'MIC_LD_LIBRARY_PATH': 'C:\\Program Files (x86)\\Common Files\\Intel\\Shared Libraries\\compiler\\lib\\mic', 'COMSPEC': 'C:\\WINDOWS\\system32\\cmd.exe', 'DRIVERDATA': 'C:\\Windows\\System32\\Drivers\\DriverData', 'PPYTHON_PATH': '"C:\\Panda3D-1.11.0-x64\\python\\ppython.exe"', 'TEMP': 'C:\\Users\\holla\\AppData\\Local\\Temp', 'COMMONPROGRAMFILES(X86)': 'C:\\Program Files (x86)\\Common Files', 'PROCESSOR_ARCHITECTURE': 'AMD64', 'PROGRAMFILES(X86)': 'C:\\Program Files (x86)', 'ALLUSERSPROFILE': 'C:\\ProgramData', 'LOCALAPPDATA': 'C:\\Users\\holla\\AppData\\Local', 'FPS_BROWSER_USER_PROFILE_STRING': 'Default', 'HOMEPATH': '\\Users\\holla', 'USERDOMAIN_ROAMINGPROFILE': 'HOLLYBAES-PC', 'PROGRAMW6432': 'C:\\Program Files', 'USERNAME': 'holla', 'LOGONSERVER': '\\\\HOLLYBAES-PC', 'PROMPT': '$P$G', 'SESSIONNAME': 'Console', 'PROGRAMDATA': 'C:\\ProgramData', 'ONEDRIVE': 'C:\\Users\\holla\\OneDrive', 'FPS_BROWSER_APP_PROFILE_STRING': 'Internet Explorer', 'PATHEXT': '.COM;.EXE;.BAT;.CMD;.VBS;.VBE;.JS;.JSE;.WSF;.WSH;.MSC', 'TTOFF_LOGIN_TOKEN': 'dev', 'WINDIR': 'C:\\WINDOWS', 'APPDATA': 'C:\\Users\\holla\\AppData\\Roaming', 'HOMEDRIVE': 'C:', 'SYSTEMDRIVE': 'C:', 'NUMBER_OF_PROCESSORS': '12', 'PROCESSOR_LEVEL': '6', 'COMMONPROGRAMW6432': 'C:\\Program Files\\Common Files', 'OS': 'Windows_NT', 'PUBLIC': 'C:\\Users\\Public', 'USERPROFILE': 'C:\\Users\\holla'}
:10-01-2020 23:40:04 TTOffLauncher: isTestServer: 0
:10-01-2020 23:40:04 TTOffLauncher: Game Server 127.0.0.1
:10-01-2020 23:40:04 TTOffLauncher: Starting Toontown Online... 
:10-01-2020 23:40:04 TTOffLauncher: foreground: Launcher now operating in foreground
useTTOffSpecificLogin=True
:10-01-2020 23:40:04 TTOffLauncher: maybeStartGame: starting game
:10-01-2020 23:40:04 TTOffLauncher: Starting Toontown Online...
:10-01-2020 23:40:04 TTOffLauncher: background: Launcher now operating in background
ToontownStart: Polling for game2 to finish...
ToontownStart: Game2 is finished.
ToontownStart: Starting the game.
ToontownStart: setting default font
:10-01-2020 23:40:05 TTOffLauncher: setting panda error code to 7
Known pipe types:
  wglGraphicsPipe
(all display modules loaded.)
:10-01-2020 23:40:05 ToonBase: Default graphics pipe is wglGraphicsPipe (OpenGL).
:10-01-2020 23:40:05 :display:windisplay(warning): SetForegroundWindow() failed!
:10-01-2020 23:40:05 ToonBase: Successfully opened window of type wglGraphicsWindow (OpenGL)
:10-01-2020 23:40:05 ShowBase: __dev__ == False
:10-01-2020 23:40:06 TTOffLauncher: setting panda error code to 11
:10-01-2020 23:40:06 TTOffLauncher: setting panda error code to 0
ToontownStart: Loading default gui sounds
ToontownStart: serverVersion:  tto-dev
:10-01-2020 23:40:06 Loader: starting bulk load of block 'init'
:10-01-2020 23:40:12 :nativenet(error): Buffered_DatagramConnection Constructor rbufsize = 4096000 wbufsize = 4096000 write_flush_point = 1400
:10-01-2020 23:40:12 OTPClientRepository: Using connect method 'http'
:10-01-2020 23:40:17 TTOffLauncher: getRegistry ('DEPLOYMENT', None)
:10-01-2020 23:40:17 TTOffLauncher: checking env
:10-01-2020 23:40:17 TTOffLauncher: getRegistry ('GAME_DEPLOYMENT', None)
:10-01-2020 23:40:17 TTOffLauncher: checking env
:10-01-2020 23:40:17 OTPClientRepository: reg_deployment=
:10-01-2020 23:40:17 OTPClientRepository: required-login auto.
:10-01-2020 23:40:17 OTPClientRepository: loginInterface: LoginTTOffAccount
:10-01-2020 23:40:17 TTOffLauncher: getNeedPwForSecretKey using ttoff-specific-login
:10-01-2020 23:40:17 Loader: At end of block 'init', expected 138, loaded 12, duration=11.3875729
:10-01-2020 23:40:17 OTPClientRepository: Connecting to gameserver directly (no proxy).
:10-01-2020 23:40:17 OTPClientRepository: Connecting to //127.0.0.1:7198 via HTTP interface.
:10-01-2020 23:40:17 TTOffLauncher: Stopping mini task manager.
:10-01-2020 23:40:17 ToonBase: User closed main window.
:10-01-2020 23:40:17 ClassicFSM(warning): [loginFSM]: no transition exists from connect to shutdown
:10-01-2020 23:40:17 ToonBase(warning): Could not request shutdown; exiting anyway.
:10-01-2020 23:40:17 ToonBase: Exiting Toontown: errorCode = None
:10-01-2020 23:40:17 TTOffLauncher: setting panda error code to 0
:10-01-2020 23:40:17 TTOffLauncher: Normal exit.
