

Starting Toontown Online...
Current time: Tue Oct 13 01:44:59 2020 Eastern Standard Time
sys.path =  ['', 'C:\\Panda3D-1.11.0-x64\\python\\python27.zip', 'C:\\Panda3D-1.11.0-x64', 'C:\\Panda3D-1.11.0-x64\\python\\DLLs', 'C:\\Panda3D-1.11.0-x64\\python\\lib', 'C:\\Panda3D-1.11.0-x64\\python\\lib\\plat-win', 'C:\\Panda3D-1.11.0-x64\\python\\lib\\lib-tk', 'C:\\Panda3D-1.11.0-x64\\python', 'C:\\Panda3D-1.11.0-x64\\bin', 'C:\\Panda3D-1.11.0-x64\\python\\lib\\site-packages']
sys.argv =  ['D:\\hollybae\\Aly\\Toontown-School-House\\toontown\\launcher\\TTOffQuickStartLauncher.py']
generating standard configrc
os.environ =  {'TMP': 'C:\\Users\\holla\\AppData\\Local\\Temp', 'ONEDRIVECONSUMER': 'C:\\Users\\holla\\OneDrive', 'COMPUTERNAME': 'HOLLYBAES-PC', 'USERDOMAIN': 'HOLLYBAES-PC', 'INTEL_DEV_REDIST': 'C:\\Program Files (x86)\\Common Files\\Intel\\Shared Libraries\\', 'PSMODULEPATH': 'C:\\Program Files\\WindowsPowerShell\\Modules;C:\\WINDOWS\\system32\\WindowsPowerShell\\v1.0\\Modules', 'COMMONPROGRAMFILES': 'C:\\Program Files\\Common Files', 'PROCESSOR_IDENTIFIER': 'Intel64 Family 6 Model 158 Stepping 10, GenuineIntel', 'PROGRAMFILES': 'C:\\Program Files', 'PROCESSOR_REVISION': '9e0a', 'SYSTEMROOT': 'C:\\WINDOWS', 'PATH': 'C:\\Panda3D-1.11.0-x64\\panda3d\\..\\bin;C:\\Program Files (x86)\\Razer\\ChromaBroadcast\\bin;C:\\Program Files\\Razer\\ChromaBroadcast\\bin;C:\\Program Files (x86)\\Common Files\\Intel\\Shared Libraries\\redist\\intel64\\compiler;C:\\Program Files (x86)\\Common Files\\Oracle\\Java\\javapath;C:\\WINDOWS\\system32;C:\\WINDOWS;C:\\WINDOWS\\System32\\Wbem;C:\\WINDOWS\\System32\\WindowsPowerShell\\v1.0\\;C:\\WINDOWS\\System32\\OpenSSH\\;C:\\Program Files (x86)\\NVIDIA Corporation\\PhysX\\Common;C:\\Program Files\\NVIDIA Corporation\\NVIDIA NvDLISR;C:\\WINDOWS\\system32\\config\\systemprofile\\AppData\\Local\\Microsoft\\WindowsApps;C:\\Users\\holla\\AppData\\Local\\Microsoft\\WindowsApps;C:\\Panda3D-1.11.0-x64\\python;C:\\Panda3D-1.11.0-x64\\python\\Scripts;C:\\Panda3D-1.11.0-x64\\bin', 'MIC_LD_LIBRARY_PATH': 'C:\\Program Files (x86)\\Common Files\\Intel\\Shared Libraries\\compiler\\lib\\mic', 'COMSPEC': 'C:\\WINDOWS\\system32\\cmd.exe', 'DRIVERDATA': 'C:\\Windows\\System32\\Drivers\\DriverData', 'PPYTHON_PATH': '"C:\\Panda3D-1.11.0-x64\\python\\ppython.exe"', 'TEMP': 'C:\\Users\\holla\\AppData\\Local\\Temp', 'COMMONPROGRAMFILES(X86)': 'C:\\Program Files (x86)\\Common Files', 'PROCESSOR_ARCHITECTURE': 'AMD64', 'PROGRAMFILES(X86)': 'C:\\Program Files (x86)', 'ALLUSERSPROFILE': 'C:\\ProgramData', 'LOCALAPPDATA': 'C:\\Users\\holla\\AppData\\Local', 'HOMEPATH': '\\Users\\holla', 'USERDOMAIN_ROAMINGPROFILE': 'HOLLYBAES-PC', 'PROGRAMW6432': 'C:\\Program Files', 'USERNAME': 'holla', 'LOGONSERVER': '\\\\HOLLYBAES-PC', 'PROMPT': '$P$G', 'SESSIONNAME': 'Console', 'PROGRAMDATA': 'C:\\ProgramData', 'ONEDRIVE': 'C:\\Users\\holla\\OneDrive', 'PATHEXT': '.COM;.EXE;.BAT;.CMD;.VBS;.VBE;.JS;.JSE;.WSF;.WSH;.MSC', 'TTOFF_LOGIN_TOKEN': 'dev', 'WINDIR': 'C:\\WINDOWS', 'APPDATA': 'C:\\Users\\holla\\AppData\\Roaming', 'HOMEDRIVE': 'C:', 'SYSTEMDRIVE': 'C:', 'NUMBER_OF_PROCESSORS': '12', 'PROCESSOR_LEVEL': '6', 'RG_GPU_FRAMEWORK_ENGINE_RESOURCEDIR': 'C:\\Program Files\\Red Giant\\RGFX', 'COMMONPROGRAMW6432': 'C:\\Program Files\\Common Files', 'OS': 'Windows_NT', 'PUBLIC': 'C:\\Users\\Public', 'USERPROFILE': 'C:\\Users\\holla'}
:10-13-2020 01:44:59 TTOffLauncher: isTestServer: 0
:10-13-2020 01:44:59 TTOffLauncher: Game Server 127.0.0.1
:10-13-2020 01:44:59 TTOffLauncher: Starting Toontown Online... 
:10-13-2020 01:45:00 TTOffLauncher: foreground: Launcher now operating in foreground
useTTOffSpecificLogin=True
:10-13-2020 01:45:00 TTOffLauncher: maybeStartGame: starting game
:10-13-2020 01:45:00 TTOffLauncher: Starting Toontown Online...
:10-13-2020 01:45:00 TTOffLauncher: background: Launcher now operating in background
ToontownStart: Polling for game2 to finish...
ToontownStart: Game2 is finished.
ToontownStart: Starting the game.
ToontownStart: setting default font
:10-13-2020 01:45:00 TTOffLauncher: setting panda error code to 7
Known pipe types:
  wglGraphicsPipe
(all display modules loaded.)
:10-13-2020 01:45:01 ToonBase: Default graphics pipe is wglGraphicsPipe (OpenGL).
:10-13-2020 01:45:01 ToonBase: Successfully opened window of type wglGraphicsWindow (OpenGL)
:10-13-2020 01:45:01 ShowBase: __dev__ == False
:10-13-2020 01:45:01 TTOffLauncher: setting panda error code to 11
:10-13-2020 01:45:01 TTOffLauncher: setting panda error code to 0
ToontownStart: Loading default gui sounds
ToontownStart: serverVersion:  tto-dev
:10-13-2020 01:45:02 Loader: starting bulk load of block 'init'
:10-13-2020 01:45:10 :nativenet(error): Buffered_DatagramConnection Constructor rbufsize = 4096000 wbufsize = 4096000 write_flush_point = 1400
:10-13-2020 01:45:10 OTPClientRepository: Using connect method 'http'
:10-13-2020 01:45:17 TTOffLauncher: getRegistry ('DEPLOYMENT', None)
:10-13-2020 01:45:17 TTOffLauncher: checking env
:10-13-2020 01:45:17 TTOffLauncher: getRegistry ('GAME_DEPLOYMENT', None)
:10-13-2020 01:45:17 TTOffLauncher: checking env
:10-13-2020 01:45:17 OTPClientRepository: reg_deployment=
:10-13-2020 01:45:17 OTPClientRepository: required-login auto.
:10-13-2020 01:45:17 OTPClientRepository: loginInterface: LoginTTOffAccount
:10-13-2020 01:45:17 TTOffLauncher: getNeedPwForSecretKey using ttoff-specific-login
:10-13-2020 01:45:17 Loader: At end of block 'init', expected 138, loaded 14, duration=15.9368033
:10-13-2020 01:45:17 OTPClientRepository: Connecting to gameserver directly (no proxy).
:10-13-2020 01:45:17 OTPClientRepository: Connecting to //127.0.0.1:7198 via HTTP interface.
:10-13-2020 01:45:17 TTOffLauncher: Stopping mini task manager.
:10-13-2020 01:45:17 OTPClientRepository: Successfully connected to //127.0.0.1:7198.
:10-13-2020 01:45:17 TTOffLauncher: Setting Disconnect Details normal
{401000001: <toontown.distributed.ToontownDistrict.ToontownDistrict instance at 0x000000001AA23708>}
:10-13-2020 01:45:19 StateData: AvatarChooser.enter
:10-13-2020 01:45:19 DisplayOptions: settingsFullScreen = False, embedded = False width=800 height=600
:10-13-2020 01:45:19 StateData: calling self.displayOptions.restrictToEmbedded(False)
:10-13-2020 01:45:22 OTPClientRepository: ================
:10-13-2020 01:45:22 OTPClientRepository: Chose avatar id: 100000014
:10-13-2020 01:45:22 OTPClientRepository: Chose avatar name: Holland
:10-13-2020 01:45:22 OTPClientRepository: Chose avatar dna: ('css', 'ms', 'm', 'm', 16, 0, 16, 16, 113, 27, 99, 27, 7, 21)
:10-13-2020 01:45:22 OTPClientRepository: Chose avatar position: 5
:10-13-2020 01:45:22 OTPClientRepository: isPaid: 1
:10-13-2020 01:45:22 OTPClientRepository: freeTimeLeft: 0
:10-13-2020 01:45:22 OTPClientRepository: allowSecretChat: True
:10-13-2020 01:45:22 OTPClientRepository: ================
:10-13-2020 01:45:22 Loader: starting bulk load of block 'localAvatarPlayGame'
:10-13-2020 01:45:24 ToontownTimeManager(warning): error parsing date string=
local
:10-13-2020 01:45:25 NewsPageButtonManager(warning): Should not get here. NewsPageButtonManager.exitOff
:10-13-2020 01:45:25 :pnmimage:png(warning): iCCP: known incorrect sRGB profile
:10-13-2020 01:45:28 OTPClientRepository: Sending heartbeat mid-frame.
:10-13-2020 01:45:29 OTPClientRepository: Entering shard 401000001
:10-13-2020 01:45:29 StreetSign: Street sign url is https://ttoffline.com/images/
:10-13-2020 01:45:30 StreetSign: Street Sign is up to date
:10-13-2020 01:45:30 TimeManager: Clock sync: TimeManager.announceGenerate
:10-13-2020 01:45:30 NewsManager: setHolidayId: Starting Holiday 14
:10-13-2020 01:45:30 InGameNewsMgr: latestIssue=2013-08-22 16:49:46.000003-07:00
cpu info: GenuineIntel|Intel(R) Core(TM) i7-8700K CPU @ 3.70GHz|591594|0|3.696,3.696|6,12 cpus
:10-13-2020 01:45:32 OTPClientRepository: No sync from TimeManager.
:10-13-2020 01:45:32 OTPClientRepository: gotTimeSync
:10-13-2020 01:45:32 Loader: At end of block 'localAvatarPlayGame', expected 400, loaded 33, duration=10.4943612
:10-13-2020 01:45:32 TimeManager: Clock sync roundtrip took 2315.267 ms
:10-13-2020 01:45:32 TimeManager: AI time delta is -0:02 from server delta
:10-13-2020 01:45:32 TimeManager: Local clock uncertainty +/- 1.158 s
:10-13-2020 01:45:32 TimeManager: Uncertainty is too high, trying again.
:10-13-2020 01:45:32 PlayGame: QA-REGRESSION: NEIGHBORHOODS: Visit Lawbot HQ
:10-13-2020 01:45:32 Loader: starting bulk load of block 'hood'
:10-13-2020 01:45:35 LawbotCogHQLoader: loadPlaceGeom: 13000
:10-13-2020 01:45:36 TimeManager: Clock sync roundtrip took 3950.926 ms
:10-13-2020 01:45:36 TimeManager: AI time delta is -0:04 from server delta
:10-13-2020 01:45:36 ClockDelta: previous delta at 0.783 s, +/- 1.159 s.
:10-13-2020 01:45:36 ClockDelta: new delta at 1.589 s, +/- 1.975 s.
:10-13-2020 01:45:36 ClockDelta: intersection at 0.783 s, +/- 1.159 s.
:10-13-2020 01:45:36 TimeManager: Local clock uncertainty +/- 1.160 s
:10-13-2020 01:45:36 TimeManager: Uncertainty is too high, trying again.
:10-13-2020 01:45:36 DistributedObject: DistributedSuitPlanner 401002972: generating
:10-13-2020 01:45:37 DistributedToon: calling LocalAvatar.startchat
:10-13-2020 01:45:37 :loader(error): Couldn't load file phase_4/models/questmap/cog_hq_lawbot_maps.bam: not found on model path (currently: "/;/d/hollybae/Aly/Toontown-School-House/toontown/launcher;/c/Panda3D-1.11.0-x64/etc/..;/c/Panda3D-1.11.0-x64/etc/../models")
:10-13-2020 01:45:37 Loader: At end of block 'hood', expected 2, loaded 21, duration=4.3366526
:10-13-2020 01:45:37 TimeManager: Clock sync roundtrip took 384.311 ms
:10-13-2020 01:45:37 TimeManager: AI time delta is -0:01 from server delta
:10-13-2020 01:45:37 ClockDelta: previous delta at 0.783 s, +/- 1.160 s.
:10-13-2020 01:45:37 ClockDelta: new delta at -0.200 s, +/- 0.192 s.
:10-13-2020 01:45:37 ClockDelta: intersection at -0.192 s, +/- 0.185 s.
:10-13-2020 01:45:37 TimeManager: Local clock uncertainty +/- 0.185 s
:10-13-2020 01:45:38 Teleport(debug): teleportInDone: walk
:10-13-2020 01:45:38 :loader(error): Couldn't load file phase_4/models/questmap/cog_hq_lawbot_maps.bam: not found on model path (currently: "/;/d/hollybae/Aly/Toontown-School-House/toontown/launcher;/c/Panda3D-1.11.0-x64/etc/..;/c/Panda3D-1.11.0-x64/etc/../models")
:10-13-2020 01:45:53 TTOffMagicWordManager: God mode enabled for Holland!
:10-13-2020 01:46:01 TTOffMagicWordManager: Run mode has been toggled.
:10-13-2020 01:46:03 LawbotHQExterior: Unloading Place (13000). Fsm in final
:10-13-2020 01:46:03 DistributedObject: DistributedSuitPlanner 401002972: disabling
:10-13-2020 01:46:03 PlayGame: QA-REGRESSION: NEIGHBORHOODS: Visit The Brrrgh
:10-13-2020 01:46:03 Loader: starting bulk load of block 'hood'
:10-13-2020 01:46:07 DistributedObject(warning): no loader.getInteractiveProp self.interactiveProp is None
:10-13-2020 01:46:07 DistributedToon: calling LocalAvatar.startchat
:10-13-2020 01:46:07 Loader: At end of block 'hood', expected 10, loaded 19, duration=3.9488448
:10-13-2020 01:46:09 Teleport(debug): Hooked TeleportInDone
:10-13-2020 01:46:09 Teleport(debug): teleportInDone: walk
:10-13-2020 01:46:22 TTOffMagicWordManager: Uh-oh! This Magic Word doesn't exist!
:10-13-2020 01:46:25 TTOffMagicWordManager: Uh-oh! This Magic Word doesn't exist!
:10-13-2020 01:46:28 TTOffMagicWordManager: Uh-oh! This Magic Word doesn't exist!
:10-13-2020 01:47:04 TTOffMagicWordManager: Alakazam!
adding timeout task
adding timeout task
:10-13-2020 01:50:03 GarbageCollect(warning): garbage found, reverting gc threshold
