

Starting Toontown Online...
Current time: Fri Nov  6 15:54:09 2020 Eastern Standard Time
sys.path =  ['', 'C:\\Panda3D-1.11.0-x64\\python\\python27.zip', 'C:\\Panda3D-1.11.0-x64', 'C:\\Panda3D-1.11.0-x64\\python\\DLLs', 'C:\\Panda3D-1.11.0-x64\\python\\lib', 'C:\\Panda3D-1.11.0-x64\\python\\lib\\plat-win', 'C:\\Panda3D-1.11.0-x64\\python\\lib\\lib-tk', 'C:\\Panda3D-1.11.0-x64\\python', 'C:\\Panda3D-1.11.0-x64\\bin', 'C:\\Panda3D-1.11.0-x64\\python\\lib\\site-packages']
sys.argv =  ['D:\\hollybae\\Aly\\Toontown-School-House\\toontown\\launcher\\TTOffQuickStartLauncher.py']
generating standard configrc
os.environ =  {'TMP': 'C:\\Users\\holla\\AppData\\Local\\Temp', 'ONEDRIVECONSUMER': 'C:\\Users\\holla\\OneDrive', 'COMPUTERNAME': 'HOLLYBAES-PC', 'USERDOMAIN': 'HOLLYBAES-PC', 'INTEL_DEV_REDIST': 'C:\\Program Files (x86)\\Common Files\\Intel\\Shared Libraries\\', 'PSMODULEPATH': 'C:\\Program Files\\WindowsPowerShell\\Modules;C:\\WINDOWS\\system32\\WindowsPowerShell\\v1.0\\Modules', 'COMMONPROGRAMFILES': 'C:\\Program Files\\Common Files', 'PROCESSOR_IDENTIFIER': 'Intel64 Family 6 Model 158 Stepping 10, GenuineIntel', 'PROGRAMFILES': 'C:\\Program Files', 'PROCESSOR_REVISION': '9e0a', 'PATH': 'C:\\Panda3D-1.11.0-x64\\panda3d\\..\\bin;C:\\Program Files (x86)\\Razer\\ChromaBroadcast\\bin;C:\\Program Files\\Razer\\ChromaBroadcast\\bin;C:\\Program Files (x86)\\Common Files\\Intel\\Shared Libraries\\redist\\intel64\\compiler;C:\\Program Files (x86)\\Common Files\\Oracle\\Java\\javapath;C:\\WINDOWS\\system32;C:\\WINDOWS;C:\\WINDOWS\\System32\\Wbem;C:\\WINDOWS\\System32\\WindowsPowerShell\\v1.0\\;C:\\WINDOWS\\System32\\OpenSSH\\;C:\\Program Files (x86)\\NVIDIA Corporation\\PhysX\\Common;C:\\Program Files\\NVIDIA Corporation\\NVIDIA NvDLISR;C:\\WINDOWS\\system32\\config\\systemprofile\\AppData\\Local\\Microsoft\\WindowsApps;C:\\Users\\holla\\AppData\\Local\\Microsoft\\WindowsApps;C:\\Panda3D-1.11.0-x64\\python;C:\\Panda3D-1.11.0-x64\\python\\Scripts;C:\\Panda3D-1.11.0-x64\\bin', 'SYSTEMROOT': 'C:\\WINDOWS', 'MIC_LD_LIBRARY_PATH': 'C:\\Program Files (x86)\\Common Files\\Intel\\Shared Libraries\\compiler\\lib\\mic', 'COMSPEC': 'C:\\WINDOWS\\system32\\cmd.exe', 'DRIVERDATA': 'C:\\Windows\\System32\\Drivers\\DriverData', 'PPYTHON_PATH': '"C:\\Panda3D-1.11.0-x64\\python\\ppython.exe"', 'TEMP': 'C:\\Users\\holla\\AppData\\Local\\Temp', 'COMMONPROGRAMFILES(X86)': 'C:\\Program Files (x86)\\Common Files', 'PROCESSOR_ARCHITECTURE': 'AMD64', 'PROGRAMFILES(X86)': 'C:\\Program Files (x86)', 'ALLUSERSPROFILE': 'C:\\ProgramData', 'LOCALAPPDATA': 'C:\\Users\\holla\\AppData\\Local', 'FPS_BROWSER_USER_PROFILE_STRING': 'Default', 'HOMEPATH': '\\Users\\holla', 'USERDOMAIN_ROAMINGPROFILE': 'HOLLYBAES-PC', 'PROGRAMW6432': 'C:\\Program Files', 'USERNAME': 'holla', 'LOGONSERVER': '\\\\HOLLYBAES-PC', 'PROMPT': '$P$G', 'SESSIONNAME': 'Console', 'PROGRAMDATA': 'C:\\ProgramData', 'ONEDRIVE': 'C:\\Users\\holla\\OneDrive', 'FPS_BROWSER_APP_PROFILE_STRING': 'Internet Explorer', 'PATHEXT': '.COM;.EXE;.BAT;.CMD;.VBS;.VBE;.JS;.JSE;.WSF;.WSH;.MSC', 'TTOFF_LOGIN_TOKEN': 'dev', 'WINDIR': 'C:\\WINDOWS', 'APPDATA': 'C:\\Users\\holla\\AppData\\Roaming', 'HOMEDRIVE': 'C:', 'SYSTEMDRIVE': 'C:', 'NUMBER_OF_PROCESSORS': '12', 'PROCESSOR_LEVEL': '6', 'RG_GPU_FRAMEWORK_ENGINE_RESOURCEDIR': 'C:\\Program Files\\Red Giant\\RGFX', 'COMMONPROGRAMW6432': 'C:\\Program Files\\Common Files', 'OS': 'Windows_NT', 'PUBLIC': 'C:\\Users\\Public', 'USERPROFILE': 'C:\\Users\\holla'}
:11-06-2020 15:54:09 TTOffLauncher: isTestServer: 0
:11-06-2020 15:54:09 TTOffLauncher: Game Server 127.0.0.1
:11-06-2020 15:54:09 TTOffLauncher: Starting Toontown Online... 
:11-06-2020 15:54:09 TTOffLauncher: foreground: Launcher now operating in foreground
useTTOffSpecificLogin=True
:11-06-2020 15:54:09 TTOffLauncher: maybeStartGame: starting game
:11-06-2020 15:54:09 TTOffLauncher: Starting Toontown Online...
:11-06-2020 15:54:09 TTOffLauncher: background: Launcher now operating in background
ToontownStart: Polling for game2 to finish...
ToontownStart: Game2 is finished.
ToontownStart: Starting the game.
ToontownStart: setting default font
:11-06-2020 15:54:10 TTOffLauncher: setting panda error code to 7
Known pipe types:
  wglGraphicsPipe
(all display modules loaded.)
:11-06-2020 15:54:11 ToonBase: Default graphics pipe is wglGraphicsPipe (OpenGL).
:11-06-2020 15:54:11 ToonBase: Successfully opened window of type wglGraphicsWindow (OpenGL)
:11-06-2020 15:54:11 ShowBase: __dev__ == False
:11-06-2020 15:54:11 TTOffLauncher: setting panda error code to 11
:11-06-2020 15:54:12 TTOffLauncher: setting panda error code to 0
ToontownStart: Loading default gui sounds
ToontownStart: serverVersion:  tto-dev
:11-06-2020 15:54:12 Loader: starting bulk load of block 'init'
:11-06-2020 15:54:21 :nativenet(error): Buffered_DatagramConnection Constructor rbufsize = 4096000 wbufsize = 4096000 write_flush_point = 1400
:11-06-2020 15:54:21 OTPClientRepository: Using connect method 'http'
:11-06-2020 15:54:27 TTOffLauncher: getRegistry ('DEPLOYMENT', None)
:11-06-2020 15:54:27 TTOffLauncher: checking env
:11-06-2020 15:54:27 TTOffLauncher: getRegistry ('GAME_DEPLOYMENT', None)
:11-06-2020 15:54:27 TTOffLauncher: checking env
:11-06-2020 15:54:27 OTPClientRepository: reg_deployment=
:11-06-2020 15:54:27 OTPClientRepository: required-login auto.
:11-06-2020 15:54:27 OTPClientRepository: loginInterface: LoginTTOffAccount
:11-06-2020 15:54:27 TTOffLauncher: getNeedPwForSecretKey using ttoff-specific-login
:11-06-2020 15:54:27 Loader: At end of block 'init', expected 138, loaded 15, duration=15.7028285
:11-06-2020 15:54:28 OTPClientRepository: Connecting to gameserver directly (no proxy).
:11-06-2020 15:54:28 OTPClientRepository: Connecting to //127.0.0.1:7198 via HTTP interface.
:11-06-2020 15:54:28 TTOffLauncher: Stopping mini task manager.
:11-06-2020 15:54:28 OTPClientRepository: Successfully connected to //127.0.0.1:7198.
:11-06-2020 15:54:28 TTOffLauncher: Setting Disconnect Details normal
{401000001: <toontown.distributed.ToontownDistrict.ToontownDistrict instance at 0x000000001AD3EBC8>}
:11-06-2020 15:54:30 StateData: AvatarChooser.enter
:11-06-2020 15:54:30 DisplayOptions: settingsFullScreen = False, embedded = False width=800 height=600
:11-06-2020 15:54:30 StateData: calling self.displayOptions.restrictToEmbedded(False)
:11-06-2020 15:54:31 OTPClientRepository: ================
:11-06-2020 15:54:31 OTPClientRepository: Chose avatar id: 100000048
:11-06-2020 15:54:31 OTPClientRepository: Chose avatar name: Mimi
:11-06-2020 15:54:31 OTPClientRepository: Chose avatar dna: ('css', 'md', 'm', 'f', 23, 0, 11, 23, 0, 27, 0, 27, 8, 27)
:11-06-2020 15:54:31 OTPClientRepository: Chose avatar position: 3
:11-06-2020 15:54:31 OTPClientRepository: isPaid: 1
:11-06-2020 15:54:31 OTPClientRepository: freeTimeLeft: 0
:11-06-2020 15:54:31 OTPClientRepository: allowSecretChat: True
:11-06-2020 15:54:31 OTPClientRepository: ================
:11-06-2020 15:54:31 Loader: starting bulk load of block 'localAvatarPlayGame'
:11-06-2020 15:54:32 ToontownTimeManager(warning): error parsing date string=
local
:11-06-2020 15:54:33 NewsPageButtonManager(warning): Should not get here. NewsPageButtonManager.exitOff
:11-06-2020 15:54:33 :pnmimage:png(warning): iCCP: known incorrect sRGB profile
:11-06-2020 15:54:36 OTPClientRepository: Entering shard 401000001
:11-06-2020 15:54:36 StreetSign: Street sign url is https://ttoffline.com/images/
:11-06-2020 15:54:38 StreetSign: Street Sign is up to date
:11-06-2020 15:54:38 OTPClientRepository: Sending heartbeat mid-frame.
:11-06-2020 15:54:38 TimeManager: Clock sync: TimeManager.announceGenerate
:11-06-2020 15:54:38 InGameNewsMgr: latestIssue=2013-08-22 16:49:46.000003-07:00
cpu info: GenuineIntel|Intel(R) Core(TM) i7-8700K CPU @ 3.70GHz|591594|0|3.696,3.696|6,12 cpus
:11-06-2020 15:54:40 OTPClientRepository: No sync from TimeManager.
:11-06-2020 15:54:40 OTPClientRepository: gotTimeSync
:11-06-2020 15:54:40 Loader: At end of block 'localAvatarPlayGame', expected 400, loaded 25, duration=8.6870933
:11-06-2020 15:54:40 TimeManager: Clock sync roundtrip took 2432.572 ms
:11-06-2020 15:54:40 TimeManager: AI time delta is -0:02 from server delta
:11-06-2020 15:54:40 TimeManager: Local clock uncertainty +/- 1.217 s
:11-06-2020 15:54:40 TimeManager: Uncertainty is too high, trying again.
:11-06-2020 15:54:40 PlayGame: QA-REGRESSION: NEIGHBORHOODS: Visit Lawbot HQ
:11-06-2020 15:54:40 Loader: starting bulk load of block 'hood'
:11-06-2020 15:54:43 LawbotCogHQLoader: loadPlaceGeom: 13000
:11-06-2020 15:54:44 TimeManager: Clock sync roundtrip took 3842.425 ms
:11-06-2020 15:54:44 TimeManager: AI time delta is -0:04 from server delta
:11-06-2020 15:54:44 ClockDelta: previous delta at 1.209 s, +/- 1.218 s.
:11-06-2020 15:54:44 ClockDelta: new delta at 1.879 s, +/- 1.921 s.
:11-06-2020 15:54:44 ClockDelta: intersection at 1.209 s, +/- 1.218 s.
:11-06-2020 15:54:44 TimeManager: Local clock uncertainty +/- 1.218 s
:11-06-2020 15:54:44 TimeManager: Uncertainty is too high, trying again.
:11-06-2020 15:54:44 DistributedObject: DistributedSuitPlanner 401002972: generating
:11-06-2020 15:54:44 DistributedToon: calling LocalAvatar.startchat
:11-06-2020 15:54:44 :loader(error): Couldn't load file phase_4/models/questmap/cog_hq_lawbot_maps.bam: not found on model path (currently: "/;/d/hollybae/Aly/Toontown-School-House/toontown/launcher;/c/Panda3D-1.11.0-x64/etc/..;/c/Panda3D-1.11.0-x64/etc/../models")
:11-06-2020 15:54:44 Loader: At end of block 'hood', expected 2, loaded 19, duration=4.0372953
:11-06-2020 15:54:44 TimeManager: Clock sync roundtrip took 192.905 ms
:11-06-2020 15:54:44 TimeManager: AI time delta is -0:00 from server delta
:11-06-2020 15:54:44 ClockDelta: previous delta at 1.209 s, +/- 1.218 s.
:11-06-2020 15:54:44 ClockDelta: new delta at 0.050 s, +/- 0.096 s.
:11-06-2020 15:54:44 ClockDelta: intersection at 0.069 s, +/- 0.078 s.
:11-06-2020 15:54:44 TimeManager: Local clock uncertainty +/- 0.078 s
:11-06-2020 15:54:45 Teleport(debug): teleportInDone: walk
:11-06-2020 15:54:46 :loader(error): Couldn't load file phase_4/models/questmap/cog_hq_lawbot_maps.bam: not found on model path (currently: "/;/d/hollybae/Aly/Toontown-School-House/toontown/launcher;/c/Panda3D-1.11.0-x64/etc/..;/c/Panda3D-1.11.0-x64/etc/../models")
:11-06-2020 15:54:57 TTOffMagicWordManager: God mode enabled for Mimi!
:11-06-2020 15:55:02 LawbotCogHQLoader: loadPlaceGeom: 13100
:11-06-2020 15:55:02 LawbotCogHQLoader: QA-REGRESSION: COGHQ: Visit LawbotLobby
:11-06-2020 15:55:03 LawbotHQExterior: Unloading Place (13000). Fsm in final
:11-06-2020 15:55:03 DistributedObject: DistributedSuitPlanner 401002972: disabling
:11-06-2020 15:55:03 DistributedToon: calling LocalAvatar.startchat
:11-06-2020 15:55:03 :loader(error): Couldn't load file phase_4/models/questmap/cog_hq_lawbot_maps.bam: not found on model path (currently: "/;/d/hollybae/Aly/Toontown-School-House/toontown/launcher;/c/Panda3D-1.11.0-x64/etc/..;/c/Panda3D-1.11.0-x64/etc/../models")
:11-06-2020 15:55:04 :loader(error): Couldn't load file phase_4/models/questmap/cog_hq_lawbot_maps.bam: not found on model path (currently: "/;/d/hollybae/Aly/Toontown-School-House/toontown/launcher;/c/Panda3D-1.11.0-x64/etc/..;/c/Panda3D-1.11.0-x64/etc/../models")
:11-06-2020 15:55:09 TTOffMagicWordManager: Run mode has been toggled.
:11-06-2020 15:55:11 TTOffMagicWordManager: Gave Mimi an infinite amount of pies
:11-06-2020 15:55:17 LawbotCogHQLoader: loadPlaceGeom: 61000
:11-06-2020 15:55:17 LawbotCogHQLoader(warning): loadPlaceGeom: unclassified zone 61000
:11-06-2020 15:55:17 CogHQLobby: Unloading Place (13100). Fsm in final
:11-06-2020 15:55:18 DistributedLawbotBoss(warning): Not a collision node: LawbotCourtroom3.egg/-PandaNode/CR3/interior/CR3_Floor
:11-06-2020 15:55:18 DistributedToon: calling LocalAvatar.startchat
:11-06-2020 15:55:18 LawbotHQBossBattle(warning): fsm.request('movie') returned 0 (zone id 61000, avatar pos LPoint3f(-0.363562, -126.204, 0.193903)).
:11-06-2020 15:55:28 TTOffMagicWordManager: Restarting Scale Round
:11-06-2020 15:56:56 :text(warning): No definition in Ironwork.egg for character U+0031 ('1')
:11-06-2020 15:56:56 :text(warning): No definition in Ironwork.egg for character U+0030 ('0')
:11-06-2020 15:56:56 :text(warning): No definition in Ironwork.egg for character U+0030 ('0')
:11-06-2020 15:56:56 :text(warning): No definition in Ironwork.egg for character U+0030 ('0')
:11-06-2020 15:56:56 :text(warning): No definition in Ironwork.egg for character U+0030 ('0')
:11-06-2020 15:56:56 :text(warning): No definition in Ironwork.egg for character U+0030 ('0')
:11-06-2020 15:56:56 :text(warning): No definition in Ironwork.egg for character U+0030 ('0')
:11-06-2020 15:56:56 :text(warning): No definition in Ironwork.egg for character U+0034 ('4')
:11-06-2020 15:56:56 :text(warning): No definition in Ironwork.egg for character U+0038 ('8')
:11-06-2020 15:56:56 OTPClientRepository: Sending heartbeat mid-frame.
:11-06-2020 15:56:56 TTOffMagicWordManager: Changed Mimi's name to Cake!
:11-06-2020 15:57:00 TTOffMagicWordManager: Set Cake's nametag style successfully.
:11-06-2020 15:57:04 TTOffMagicWordManager: Set Cake's nametag style successfully.
:11-06-2020 15:59:13 GarbageCollect(warning): garbage found, reverting gc threshold
frame rate: 174.3 fps|0.002d|12 avs||325|327||0x0000|0x0000|660.4MB|770.8MB|32619.6MB|474|nt.2.6.2|3.696,3.696|6,12 cpus|OpenGL
:11-06-2020 16:02:21 :linmath(warning): Tried to invert singular LMatrix3.
:11-06-2020 16:03:40 LawbotHQBossBattle(warning): fsm.request('finalBattle') returned 0 (zone id 61000, avatar pos LPoint3f(-57.346, 31.0434, -0.000313175)).
:11-06-2020 16:03:40 TTOffMagicWordManager: Restarting Scale Round
frame rate: 180.9 fps|0.002d|12 avs||625|627||0x0000|0x0000|696.5MB|806.9MB|32619.6MB|507|nt.2.6.2|3.696,3.696|6,12 cpus|OpenGL
frame rate: 196.2 fps|0.001d|12 avs||925|927||0x0000|0x0000|725.1MB|835.6MB|32619.6MB|524|nt.2.6.2|3.696,3.696|6,12 cpus|OpenGL
frame rate: 173.9 fps|0.001d|12 avs||1225|1227||0x0000|0x0000|754.9MB|865.5MB|32619.6MB|532|nt.2.6.2|3.696,3.696|6,12 cpus|OpenGL
frame rate: 169.4 fps|0.001d|12 avs||1525|1527||0x0000|0x0000|784.6MB|895.3MB|32619.6MB|540|nt.2.6.2|3.696,3.696|6,12 cpus|OpenGL
:11-06-2020 16:24:36 TimeManager: Clock sync: timer
frame rate: 177.6 fps|0.001d|12 avs||1825|1827||0x0000|0x0000|813.9MB|924.5MB|32619.6MB|557|nt.2.6.2|3.696,3.696|6,12 cpus|OpenGL
:11-06-2020 16:24:36 TimeManager: Clock sync roundtrip took 49.887 ms
:11-06-2020 16:24:36 TimeManager: AI time delta is -0:00 from server delta
:11-06-2020 16:24:36 ClockDelta: previous delta at 0.069 s, +/- 0.576 s.
:11-06-2020 16:24:36 ClockDelta: new delta at 0.022 s, +/- 0.025 s.
:11-06-2020 16:24:36 ClockDelta: intersection at 0.022 s, +/- 0.025 s.
:11-06-2020 16:24:36 TimeManager: Local clock uncertainty +/- 0.025 s
frame rate: 181.4 fps|0.001d|12 avs||2125|2127||0x0000|0x0000|843.1MB|953.8MB|32619.6MB|583|nt.2.6.2|3.696,3.696|6,12 cpus|OpenGL
frame rate: 188.4 fps|0.001d|12 avs||2425|2427||0x0000|0x0000|866.7MB|977.8MB|32619.6MB|607|nt.2.6.2|3.696,3.696|6,12 cpus|OpenGL
