

Starting Toontown Online...
Current time: Wed Dec  4 21:42:00 2019 Eastern Standard Time
sys.path =  ['', 'C:\\Panda3D-1.11.0-x64\\python\\python27.zip', 'C:\\Panda3D-1.11.0-x64', 'C:\\Panda3D-1.11.0-x64\\python\\DLLs', 'C:\\Panda3D-1.11.0-x64\\python\\lib', 'C:\\Panda3D-1.11.0-x64\\python\\lib\\plat-win', 'C:\\Panda3D-1.11.0-x64\\python\\lib\\lib-tk', 'C:\\Panda3D-1.11.0-x64\\python', 'C:\\Panda3D-1.11.0-x64\\bin', 'C:\\Panda3D-1.11.0-x64\\python\\lib\\site-packages']
sys.argv =  ['D:\\hollybae\\Aly\\Toontown-School-House\\toontown\\launcher\\TTOffQuickStartLauncher.py']
generating standard configrc
os.environ =  {'TMP': 'C:\\Users\\holla\\AppData\\Local\\Temp', 'COMPUTERNAME': 'HOLLYBAES-PC', 'USERDOMAIN': 'HOLLYBAES-PC', 'INTEL_DEV_REDIST': 'C:\\Program Files (x86)\\Common Files\\Intel\\Shared Libraries\\', 'PSMODULEPATH': 'C:\\Program Files\\WindowsPowerShell\\Modules;C:\\WINDOWS\\system32\\WindowsPowerShell\\v1.0\\Modules', 'COMMONPROGRAMFILES': 'C:\\Program Files\\Common Files', 'PROCESSOR_IDENTIFIER': 'Intel64 Family 6 Model 158 Stepping 10, GenuineIntel', 'VBOX_MSI_INSTALL_PATH': 'C:\\Program Files\\Oracle\\VirtualBox\\', 'PROGRAMFILES': 'C:\\Program Files', 'PROCESSOR_REVISION': '9e0a', 'PATH': 'C:\\Panda3D-1.11.0-x64\\panda3d\\..\\bin;C:\\Program Files (x86)\\Razer\\ChromaBroadcast\\bin;C:\\Program Files\\Razer\\ChromaBroadcast\\bin;C:\\Program Files (x86)\\Common Files\\Intel\\Shared Libraries\\redist\\intel64_win\\compiler;C:\\Program Files (x86)\\Common Files\\Oracle\\Java\\javapath;C:\\Program Files (x86)\\Common Files\\Intel\\Shared Libraries\\redist\\intel64\\compiler;C:\\WINDOWS\\system32;C:\\WINDOWS;C:\\WINDOWS\\System32\\Wbem;C:\\WINDOWS\\System32\\WindowsPowerShell\\v1.0\\;C:\\WINDOWS\\System32\\OpenSSH\\;C:\\Program Files\\NVIDIA Corporation\\NVIDIA NGX;C:\\Program Files (x86)\\NVIDIA Corporation\\PhysX\\Common;C:\\Program Files\\NVIDIA Corporation\\NVIDIA NvDLISR;C:\\WINDOWS\\system32;C:\\WINDOWS;C:\\WINDOWS\\System32\\Wbem;C:\\WINDOWS\\System32\\WindowsPowerShell\\v1.0\\;C:\\WINDOWS\\System32\\OpenSSH\\;D:\\hollybae\\ffmpeg-4.1.3-win64-static\\ffmpeg-4.1.3-win64-static\\bin;C:\\Program Files\\dotnet\\;C:\\WINDOWS\\system32\\config\\systemprofile\\AppData\\Local\\Microsoft\\WindowsApps;C:\\Users\\holla\\AppData\\Local\\Microsoft\\WindowsApps;C:\\Panda3D-1.10.4.1-x64\\python;C:\\Panda3D-1.10.4.1-x64\\python\\Scripts;C:\\Panda3D-1.10.4.1-x64\\bin;C:\\Panda3D-1.11.0-x64\\python;C:\\Panda3D-1.11.0-x64\\python\\Scripts;C:\\Panda3D-1.11.0-x64\\bin', 'SYSTEMROOT': 'C:\\WINDOWS', 'MIC_LD_LIBRARY_PATH': 'C:\\Program Files (x86)\\Common Files\\Intel\\Shared Libraries\\compiler\\lib\\intel64_win_mic', 'COMSPEC': 'C:\\WINDOWS\\system32\\cmd.exe', 'DRIVERDATA': 'C:\\Windows\\System32\\Drivers\\DriverData', 'PPYTHON_PATH': '"C:\\Panda3D-1.11.0-x64\\python\\ppython.exe"', 'TEMP': 'C:\\Users\\holla\\AppData\\Local\\Temp', 'COMMONPROGRAMFILES(X86)': 'C:\\Program Files (x86)\\Common Files', 'PROCESSOR_ARCHITECTURE': 'AMD64', 'PROGRAMFILES(X86)': 'C:\\Program Files (x86)', 'ALLUSERSPROFILE': 'C:\\ProgramData', 'LOCALAPPDATA': 'C:\\Users\\holla\\AppData\\Local', 'FPS_BROWSER_USER_PROFILE_STRING': 'Default', 'HOMEPATH': '\\Users\\holla', 'USERDOMAIN_ROAMINGPROFILE': 'HOLLYBAES-PC', 'PROGRAMW6432': 'C:\\Program Files', 'USERNAME': 'holla', 'LOGONSERVER': '\\\\HOLLYBAES-PC', 'PROMPT': '$P$G', 'SESSIONNAME': 'Console', 'PROGRAMDATA': 'C:\\ProgramData', 'ONEDRIVE': 'C:\\Users\\holla\\OneDrive', 'FPS_BROWSER_APP_PROFILE_STRING': 'Internet Explorer', 'PATHEXT': '.COM;.EXE;.BAT;.CMD;.VBS;.VBE;.JS;.JSE;.WSF;.WSH;.MSC', 'TTOFF_LOGIN_TOKEN': 'dev', 'WINDIR': 'C:\\WINDOWS', 'APPDATA': 'C:\\Users\\holla\\AppData\\Roaming', 'HOMEDRIVE': 'C:', 'SYSTEMDRIVE': 'C:', 'NUMBER_OF_PROCESSORS': '12', 'PROCESSOR_LEVEL': '6', 'COMMONPROGRAMW6432': 'C:\\Program Files\\Common Files', 'OS': 'Windows_NT', 'PUBLIC': 'C:\\Users\\Public', 'USERPROFILE': 'C:\\Users\\holla'}
:12-04-2019 21:42:00 TTOffLauncher: isTestServer: 0
:12-04-2019 21:42:00 TTOffLauncher: Game Server 127.0.0.1
:12-04-2019 21:42:00 TTOffLauncher: Starting Toontown Online... 
:12-04-2019 21:42:00 TTOffLauncher: foreground: Launcher now operating in foreground
useTTOffSpecificLogin=True
:12-04-2019 21:42:00 TTOffLauncher: maybeStartGame: starting game
:12-04-2019 21:42:00 TTOffLauncher: Starting Toontown Online...
:12-04-2019 21:42:00 TTOffLauncher: background: Launcher now operating in background
ToontownStart: Polling for game2 to finish...
ToontownStart: Game2 is finished.
ToontownStart: Starting the game.
ToontownStart: setting default font
:12-04-2019 21:42:01 TTOffLauncher: setting panda error code to 7
Known pipe types:
  wglGraphicsPipe
(all display modules loaded.)
:12-04-2019 21:42:01 ToonBase: Default graphics pipe is wglGraphicsPipe (OpenGL).
:12-04-2019 21:42:01 ToonBase: Successfully opened window of type wglGraphicsWindow (OpenGL)
:12-04-2019 21:42:01 ShowBase: __dev__ == False
:12-04-2019 21:42:01 TTOffLauncher: setting panda error code to 11
:12-04-2019 21:42:01 TTOffLauncher: setting panda error code to 0
ToontownStart: Loading default gui sounds
ToontownStart: serverVersion:  tto-dev
:12-04-2019 21:42:01 Loader: starting bulk load of block 'init'
:12-04-2019 21:42:04 :nativenet(error): Buffered_DatagramConnection Constructor rbufsize = 4096000 wbufsize = 4096000 write_flush_point = 1400
:12-04-2019 21:42:04 OTPClientRepository: Using connect method 'http'
:12-04-2019 21:42:05 TTOffLauncher: getRegistry ('DEPLOYMENT', None)
:12-04-2019 21:42:05 TTOffLauncher: checking env
:12-04-2019 21:42:05 TTOffLauncher: getRegistry ('GAME_DEPLOYMENT', None)
:12-04-2019 21:42:05 TTOffLauncher: checking env
:12-04-2019 21:42:05 OTPClientRepository: reg_deployment=
:12-04-2019 21:42:05 OTPClientRepository: required-login auto.
:12-04-2019 21:42:05 OTPClientRepository: loginInterface: LoginTTOffAccount
:12-04-2019 21:42:05 TTOffLauncher: getNeedPwForSecretKey using ttoff-specific-login
:12-04-2019 21:42:06 Loader: At end of block 'init', expected 138, loaded 9, duration=4.3897786
:12-04-2019 21:42:06 OTPClientRepository: Connecting to gameserver directly (no proxy).
:12-04-2019 21:42:06 OTPClientRepository: Connecting to //127.0.0.1:7198 via HTTP interface.
:12-04-2019 21:42:06 TTOffLauncher: Stopping mini task manager.
:12-04-2019 21:42:06 OTPClientRepository: Successfully connected to //127.0.0.1:7198.
:12-04-2019 21:42:06 TTOffLauncher: Setting Disconnect Details normal
{401000001: <toontown.distributed.ToontownDistrict.ToontownDistrict instance at 0x000000001C948748>}
{401000001: <toontown.distributed.ToontownDistrict.ToontownDistrict instance at 0x000000001C948748>}
:12-04-2019 21:42:20 StateData: AvatarChooser.enter
:12-04-2019 21:42:20 DisplayOptions: settingsFullScreen = False, embedded = False width=800 height=600
:12-04-2019 21:42:20 StateData: calling self.displayOptions.restrictToEmbedded(False)
:12-04-2019 21:42:23 OTPClientRepository: ================
:12-04-2019 21:42:23 OTPClientRepository: Chose avatar id: 100000014
:12-04-2019 21:42:23 OTPClientRepository: Chose avatar name: Hollybae
:12-04-2019 21:42:23 OTPClientRepository: Chose avatar dna: ('css', 'ms', 'm', 'm', 16, 0, 16, 16, 113, 27, 18, 27, 7, 21)
:12-04-2019 21:42:23 OTPClientRepository: Chose avatar position: 5
:12-04-2019 21:42:23 OTPClientRepository: isPaid: 1
:12-04-2019 21:42:23 OTPClientRepository: freeTimeLeft: 0
:12-04-2019 21:42:23 OTPClientRepository: allowSecretChat: True
:12-04-2019 21:42:23 OTPClientRepository: ================
:12-04-2019 21:42:23 Loader: starting bulk load of block 'localAvatarPlayGame'
:12-04-2019 21:42:24 ToontownTimeManager(warning): error parsing date string=
local
:12-04-2019 21:42:24 NewsPageButtonManager(warning): Should not get here. NewsPageButtonManager.exitOff
:12-04-2019 21:42:24 :pnmimage:png(warning): iCCP: known incorrect sRGB profile
:12-04-2019 21:42:26 OTPClientRepository: Sending heartbeat mid-frame.
:12-04-2019 21:42:26 OTPClientRepository: Entering shard 401000001
:12-04-2019 21:42:26 StreetSign: Street sign url is https://ttoffline.com/images/
:12-04-2019 21:42:26 :downloader(error): Failed to resolve ttoffline.com: No such host is known. 
:12-04-2019 21:42:26 TimeManager: Clock sync: TimeManager.announceGenerate
:12-04-2019 21:42:26 NewsManager: setHolidayId: Starting Holiday 7
:12-04-2019 21:42:26 InGameNewsMgr: latestIssue=2013-08-22 16:49:46.000003-07:00
cpu info: GenuineIntel|Intel(R) Core(TM) i7-8700K CPU @ 3.70GHz|591594|0|3.701,3.701|6,12 cpus
:12-04-2019 21:42:28 OTPClientRepository: No sync from TimeManager.
:12-04-2019 21:42:28 OTPClientRepository: gotTimeSync
:12-04-2019 21:42:28 Loader: At end of block 'localAvatarPlayGame', expected 400, loaded 12, duration=4.2906922
:12-04-2019 21:42:28 TimeManager: Clock sync roundtrip took 1825.339 ms
:12-04-2019 21:42:28 TimeManager: AI time delta is -0:02 from server delta
:12-04-2019 21:42:28 TimeManager: Local clock uncertainty +/- 0.913 s
:12-04-2019 21:42:28 PlayGame: QA-REGRESSION: NEIGHBORHOODS: Visit Lawbot HQ
:12-04-2019 21:42:28 Loader: starting bulk load of block 'hood'
:12-04-2019 21:42:28 LawbotCogHQLoader: loadPlaceGeom: 13000
:12-04-2019 21:42:29 DistributedObject: DistributedSuitPlanner 401002972: generating
:12-04-2019 21:42:29 DistributedToon: calling LocalAvatar.startchat
:12-04-2019 21:42:29 :loader(error): Couldn't load file phase_4/models/questmap/cog_hq_lawbot_maps.bam: not found on model path (currently: "/;/d/hollybae/Aly/Toontown-School-House/toontown/launcher;/c/Panda3D-1.11.0-x64/etc/..;/c/Panda3D-1.11.0-x64/etc/../models")
:12-04-2019 21:42:29 Loader: At end of block 'hood', expected 2, loaded 6, duration=1.2975103
:12-04-2019 21:42:30 Teleport(debug): teleportInDone: walk
:12-04-2019 21:42:31 :loader(error): Couldn't load file phase_4/models/questmap/cog_hq_lawbot_maps.bam: not found on model path (currently: "/;/d/hollybae/Aly/Toontown-School-House/toontown/launcher;/c/Panda3D-1.11.0-x64/etc/..;/c/Panda3D-1.11.0-x64/etc/../models")
:12-04-2019 21:43:16 TTOffMagicWordManager: Presto!
:12-04-2019 21:43:18 TTOffMagicWordManager: Run mode has been toggled.
:12-04-2019 21:43:23 LawbotCogHQLoader: loadPlaceGeom: 13100
:12-04-2019 21:43:23 LawbotCogHQLoader: QA-REGRESSION: COGHQ: Visit LawbotLobby
:12-04-2019 21:43:23 LawbotHQExterior: Unloading Place (13000). Fsm in final
:12-04-2019 21:43:23 DistributedObject: DistributedSuitPlanner 401002972: disabling
:12-04-2019 21:43:23 DistributedToon: calling LocalAvatar.startchat
:12-04-2019 21:43:23 :loader(error): Couldn't load file phase_4/models/questmap/cog_hq_lawbot_maps.bam: not found on model path (currently: "/;/d/hollybae/Aly/Toontown-School-House/toontown/launcher;/c/Panda3D-1.11.0-x64/etc/..;/c/Panda3D-1.11.0-x64/etc/../models")
:12-04-2019 21:43:24 :loader(error): Couldn't load file phase_4/models/questmap/cog_hq_lawbot_maps.bam: not found on model path (currently: "/;/d/hollybae/Aly/Toontown-School-House/toontown/launcher;/c/Panda3D-1.11.0-x64/etc/..;/c/Panda3D-1.11.0-x64/etc/../models")
:12-04-2019 21:43:27 TTOffMagicWordManager: Gave Hollybae an infinite amount of pies
:12-04-2019 21:43:41 TTOffMagicWordManager: Run mode has been toggled.
:12-04-2019 21:44:47 LawbotCogHQLoader: loadPlaceGeom: 61000
:12-04-2019 21:44:47 LawbotCogHQLoader(warning): loadPlaceGeom: unclassified zone 61000
:12-04-2019 21:44:47 CogHQLobby: Unloading Place (13100). Fsm in final
:12-04-2019 21:44:47 DistributedLawbotBoss(warning): Not a collision node: LawbotCourtroom3.egg/-PandaNode/CR3/interior/CR3_Floor
:12-04-2019 21:44:48 DistributedToon: calling LocalAvatar.startchat
:12-04-2019 21:44:48 LawbotHQBossBattle(warning): fsm.request('movie') returned 0 (zone id 61000, avatar pos LPoint3f(-0.363562, -126.204, 0.193903)).
:12-04-2019 21:44:54 TTOffMagicWordManager: Restarting Scale Round
:12-04-2019 21:45:03 TTOffMagicWordManager: Ta-da!
:12-04-2019 21:45:06 TTOffMagicWordManager: Run mode has been toggled.
:12-04-2019 21:45:07 LawbotHQBossBattle(warning): fsm.request('finalBattle') returned 0 (zone id 61000, avatar pos LPoint3f(-100.584, 13.302, -0.000146475)).
:12-04-2019 21:45:07 TTOffMagicWordManager: Restarting Scale Round
:12-04-2019 21:45:10 LawbotHQBossBattle(warning): fsm.request('finalBattle') returned 0 (zone id 61000, avatar pos LPoint3f(-101.157, 25.4007, 0)).
:12-04-2019 21:45:10 TTOffMagicWordManager: Restarting Scale Round
:12-04-2019 21:45:16 TTOffMagicWordManager: Abracadabra!
:12-04-2019 21:45:17 LawbotHQBossBattle(warning): fsm.request('finalBattle') returned 0 (zone id 61000, avatar pos LPoint3f(-101.829, 18.0277, -0.000305434)).
:12-04-2019 21:45:17 TTOffMagicWordManager: Restarting Scale Round
:12-04-2019 21:45:35 TTOffMagicWordManager: Run mode has been toggled.
:12-04-2019 21:45:37 TTOffMagicWordManager: Presto!
:12-04-2019 21:45:50 TTOffMagicWordManager: Hollybae's laff has been set to 671.
:12-04-2019 21:47:02 GarbageCollect(warning): garbage found, reverting gc threshold
frame rate: 283.2 fps|0.001d|12 avs||324|325||0x0000|0x0000|1046.1MB|1221.9MB|16235.6MB|420|nt.2.6.2|3.701,3.701|6,12 cpus|OpenGL
:12-04-2019 21:48:37 :linmath(warning): Tried to invert singular LMatrix3.
frame rate: 279.6 fps|0.001d|12 avs||624|625||0x0000|0x0000|1360.0MB|1536.6MB|16235.6MB|518|nt.2.6.2|3.701,3.701|6,12 cpus|OpenGL
adding timeout task
adding timeout task
frame rate: 302.9 fps|0.000d|12 avs||924|925||0x0000|0x0000|1656.8MB|1834.2MB|16235.6MB|612|nt.2.6.2|3.701,3.701|6,12 cpus|OpenGL
adding timeout task
adding timeout task
frame rate: 295.6 fps|0.000d|12 avs||1224|1225||0x0000|0x0000|1956.8MB|2134.4MB|16235.6MB|706|nt.2.6.2|3.701,3.701|6,12 cpus|OpenGL
adding timeout task
adding timeout task
frame rate: 250.0 fps|0.001d|12 avs||1524|1525||0x0000|0x0000|2250.9MB|2429.9MB|16235.6MB|798|nt.2.6.2|3.701,3.701|6,12 cpus|OpenGL
:12-04-2019 22:12:26 TimeManager: Clock sync: timer
frame rate: 302.4 fps|0.000d|12 avs||1824|1825||0x0000|0x0000|2570.5MB|2750.2MB|16235.6MB|881|nt.2.6.2|3.701,3.701|6,12 cpus|OpenGL
:12-04-2019 22:12:26 TimeManager: Clock sync roundtrip took 41.743 ms
:12-04-2019 22:12:26 TimeManager: AI time delta is -0:00 from server delta
:12-04-2019 22:12:26 ClockDelta: previous delta at 0.878 s, +/- 1.412 s.
:12-04-2019 22:12:26 ClockDelta: new delta at -0.019 s, +/- 0.021 s.
:12-04-2019 22:12:26 ClockDelta: intersection at -0.019 s, +/- 0.021 s.
:12-04-2019 22:12:26 TimeManager: Local clock uncertainty +/- 0.021 s
adding timeout task
adding timeout task
adding timeout task
adding timeout task
frame rate: 316.3 fps|0.000d|12 avs||2124|2125||0x0000|0x0000|2871.7MB|3052.0MB|16235.6MB|982|nt.2.6.2|3.701,3.701|6,12 cpus|OpenGL
frame rate: 292.6 fps|0.000d|12 avs||2424|2425||0x0000|0x0000|3161.8MB|3365.9MB|16235.6MB|1684|nt.2.6.2|3.701,3.701|6,12 cpus|OpenGL
:12-04-2019 22:22:37 TTOffMagicWordManager: Uh-oh! This Magic Word doesn't exist!
:12-04-2019 22:22:42 TTOffMagicWordManager: Hollybae's laff has been set to 761.
:12-04-2019 22:23:15 TTOffMagicWordManager: Hollybae's laff has been set to 671.
:12-04-2019 22:23:59 TTOffMagicWordManager: Hollybae's laff has been set to 671.
:12-04-2019 22:27:07 OTPClientRepository: Sending heartbeat mid-frame.
:12-04-2019 22:27:07 LawbotHQBossBattle(warning): fsm.request('finalBattle') returned 0 (zone id 61000, avatar pos LPoint3f(-54.573, 9.61889, -0.000291461)).
:12-04-2019 22:27:07 TTOffMagicWordManager: Restarting Scale Round
frame rate: 245.4 fps|0.008d|12 avs||2724|2725||0x0000|0x0000|3528.7MB|3733.5MB|16235.6MB|1796|nt.2.6.2|3.701,3.701|6,12 cpus|OpenGL
adding timeout task
adding timeout task
frame rate: 278.7 fps|0.001d|12 avs||3024|3025||0x0000|0x0000|3806.0MB|4011.4MB|16235.6MB|1901|nt.2.6.2|3.701,3.701|6,12 cpus|OpenGL
frame rate: 280.0 fps|0.001d|12 avs||3324|3325||0x0000|0x0000|4126.4MB|4332.3MB|16235.6MB|2009|nt.2.6.2|3.701,3.701|6,12 cpus|OpenGL
:12-04-2019 22:40:10 LawbotHQBossBattle(warning): fsm.request('finalBattle') returned 0 (zone id 61000, avatar pos LPoint3f(-58.1165, 17.315, 0)).
:12-04-2019 22:40:10 TTOffMagicWordManager: Restarting Scale Round
:12-04-2019 22:40:35 LawbotHQBossBattle(warning): fsm.request('finalBattle') returned 0 (zone id 61000, avatar pos LPoint3f(-60.6641, 30.1723, 0)).
:12-04-2019 22:40:35 TTOffMagicWordManager: Restarting Scale Round
:12-04-2019 22:42:26 TimeManager: Clock sync: timer
frame rate: 283.0 fps|0.000d|12 avs||3624|3625||0x0000|0x0000|4449.8MB|4656.2MB|16235.6MB|2110|nt.2.6.2|3.701,3.701|6,12 cpus|OpenGL
:12-04-2019 22:42:26 TimeManager: Clock sync roundtrip took 82.460 ms
:12-04-2019 22:42:26 TimeManager: AI time delta is -0:00 from server delta
:12-04-2019 22:42:26 ClockDelta: previous delta at -0.019 s, +/- 0.521 s.
:12-04-2019 22:42:26 ClockDelta: new delta at 0.004 s, +/- 0.041 s.
:12-04-2019 22:42:26 ClockDelta: intersection at 0.004 s, +/- 0.041 s.
:12-04-2019 22:42:26 TimeManager: Local clock uncertainty +/- 0.041 s
adding timeout task
adding timeout task
frame rate: 290.5 fps|0.000d|12 avs||3924|3925||0x0000|0x0000|4679.0MB|4886.4MB|16235.6MB|2598|nt.2.6.2|3.701,3.701|6,12 cpus|OpenGL
adding timeout task
adding timeout task
:12-04-2019 22:51:56 :linmath(warning): Tried to invert singular LMatrix3.
frame rate: 248.8 fps|0.001d|12 avs||4224|4225||0x0000|0x0000|4926.1MB|5133.6MB|16235.6MB|2679|nt.2.6.2|3.701,3.701|6,12 cpus|OpenGL
:12-04-2019 22:53:38 OTPClientRepository: Sending heartbeat mid-frame.
:12-04-2019 22:55:48 ToonBase: User closed main window.
:12-04-2019 22:55:48 TimeManager: Client disconnect reason 2.
:12-04-2019 22:55:48 LawbotHQBossBattle: Unloading Place (61000). Fsm in final
:12-04-2019 22:55:49 OTPClientRepository(warning): unclean exit, abandoning shard
ignoring InputState-forward
:12-04-2019 22:55:49 OTPClientRepository: sending clientLogout
:12-04-2019 22:55:49 LocalAvatar(warning): redundant call to stopUpdateSmartCamera
:12-04-2019 22:55:49 OTPClientRepository: Sent disconnect message to server
:12-04-2019 22:55:49 OTPClientRepository: Closing connection to server.
:12-04-2019 22:55:49 OTPClientRepository: Exiting cleanly
:12-04-2019 22:55:49 ToonBase: Exiting Toontown: errorCode = None
:12-04-2019 22:55:49 TTOffLauncher: setting panda error code to 0
:12-04-2019 22:55:49 TTOffLauncher: Normal exit.
