

Starting Toontown Online...
Current time: Tue Jun 30 15:35:21 2020 Eastern Standard Time
sys.path =  ['', 'C:\\Panda3D-1.11.0-x64\\python\\python27.zip', 'C:\\Panda3D-1.11.0-x64', 'C:\\Panda3D-1.11.0-x64\\python\\DLLs', 'C:\\Panda3D-1.11.0-x64\\python\\lib', 'C:\\Panda3D-1.11.0-x64\\python\\lib\\plat-win', 'C:\\Panda3D-1.11.0-x64\\python\\lib\\lib-tk', 'C:\\Panda3D-1.11.0-x64\\python', 'C:\\Panda3D-1.11.0-x64\\bin', 'C:\\Panda3D-1.11.0-x64\\python\\lib\\site-packages']
sys.argv =  ['D:\\hollybae\\Aly\\Toontown-School-House\\toontown\\launcher\\TTOffQuickStartLauncher.py']
generating standard configrc
os.environ =  {'TMP': 'C:\\Users\\holla\\AppData\\Local\\Temp', 'COMPUTERNAME': 'HOLLYBAES-PC', 'USERDOMAIN': 'HOLLYBAES-PC', 'INTEL_DEV_REDIST': 'C:\\Program Files (x86)\\Common Files\\Intel\\Shared Libraries\\', 'PSMODULEPATH': 'C:\\Program Files\\WindowsPowerShell\\Modules;C:\\WINDOWS\\system32\\WindowsPowerShell\\v1.0\\Modules', 'COMMONPROGRAMFILES': 'C:\\Program Files\\Common Files', 'PROCESSOR_IDENTIFIER': 'Intel64 Family 6 Model 158 Stepping 10, GenuineIntel', 'PROGRAMFILES': 'C:\\Program Files', 'PROCESSOR_REVISION': '9e0a', 'PATH': 'C:\\Panda3D-1.11.0-x64\\panda3d\\..\\bin;C:\\Program Files (x86)\\Razer Chroma SDK\\bin;C:\\Program Files\\Razer Chroma SDK\\bin;C:\\Program Files (x86)\\Razer\\ChromaBroadcast\\bin;C:\\Program Files\\Razer\\ChromaBroadcast\\bin;C:\\Program Files (x86)\\Common Files\\Intel\\Shared Libraries\\redist\\intel64_win\\compiler;C:\\Program Files (x86)\\Common Files\\Oracle\\Java\\javapath;C:\\Program Files (x86)\\Common Files\\Intel\\Shared Libraries\\redist\\intel64\\compiler;C:\\WINDOWS\\system32;C:\\WINDOWS;C:\\WINDOWS\\System32\\Wbem;C:\\WINDOWS\\System32\\WindowsPowerShell\\v1.0\\;C:\\WINDOWS\\System32\\OpenSSH\\;C:\\Program Files (x86)\\NVIDIA Corporation\\PhysX\\Common;C:\\Program Files\\NVIDIA Corporation\\NVIDIA NvDLISR;C:\\WINDOWS\\system32;C:\\WINDOWS;C:\\WINDOWS\\System32\\Wbem;C:\\WINDOWS\\System32\\WindowsPowerShell\\v1.0\\;C:\\WINDOWS\\System32\\OpenSSH\\;D:\\hollybae\\ffmpeg-4.1.3-win64-static\\ffmpeg-4.1.3-win64-static\\bin;C:\\Program Files\\dotnet\\;C:\\WINDOWS\\system32\\config\\systemprofile\\AppData\\Local\\Microsoft\\WindowsApps;C:\\Users\\holla\\AppData\\Local\\Microsoft\\WindowsApps;C:\\Panda3D-1.10.4.1-x64\\python;C:\\Panda3D-1.10.4.1-x64\\python\\Scripts;C:\\Panda3D-1.10.4.1-x64\\bin;C:\\Panda3D-1.11.0-x64\\python;C:\\Panda3D-1.11.0-x64\\python\\Scripts;C:\\Panda3D-1.11.0-x64\\bin', 'SYSTEMROOT': 'C:\\WINDOWS', 'MIC_LD_LIBRARY_PATH': 'C:\\Program Files (x86)\\Common Files\\Intel\\Shared Libraries\\compiler\\lib\\intel64_win_mic', 'COMSPEC': 'C:\\WINDOWS\\system32\\cmd.exe', 'DRIVERDATA': 'C:\\Windows\\System32\\Drivers\\DriverData', 'PPYTHON_PATH': '"C:\\Panda3D-1.11.0-x64\\python\\ppython.exe"', 'TEMP': 'C:\\Users\\holla\\AppData\\Local\\Temp', 'COMMONPROGRAMFILES(X86)': 'C:\\Program Files (x86)\\Common Files', 'PROCESSOR_ARCHITECTURE': 'AMD64', 'PROGRAMFILES(X86)': 'C:\\Program Files (x86)', 'ALLUSERSPROFILE': 'C:\\ProgramData', 'LOCALAPPDATA': 'C:\\Users\\holla\\AppData\\Local', 'FPS_BROWSER_USER_PROFILE_STRING': 'Default', 'HOMEPATH': '\\Users\\holla', 'USERDOMAIN_ROAMINGPROFILE': 'HOLLYBAES-PC', 'PROGRAMW6432': 'C:\\Program Files', 'USERNAME': 'holla', 'LOGONSERVER': '\\\\HOLLYBAES-PC', 'PROMPT': '$P$G', 'SESSIONNAME': 'Console', 'PROGRAMDATA': 'C:\\ProgramData', 'ONEDRIVE': 'C:\\Users\\holla\\OneDrive - University of Guelph', 'FPS_BROWSER_APP_PROFILE_STRING': 'Internet Explorer', 'PATHEXT': '.COM;.EXE;.BAT;.CMD;.VBS;.VBE;.JS;.JSE;.WSF;.WSH;.MSC', 'TTOFF_LOGIN_TOKEN': 'dev', 'ONEDRIVECOMMERCIAL': 'C:\\Users\\holla\\OneDrive - University of Guelph', 'WINDIR': 'C:\\WINDOWS', 'APPDATA': 'C:\\Users\\holla\\AppData\\Roaming', 'HOMEDRIVE': 'C:', 'SYSTEMDRIVE': 'C:', 'NUMBER_OF_PROCESSORS': '12', 'PROCESSOR_LEVEL': '6', 'RG_GPU_FRAMEWORK_ENGINE_RESOURCEDIR': 'C:\\Program Files\\Red Giant\\RGFX', 'COMMONPROGRAMW6432': 'C:\\Program Files\\Common Files', 'OS': 'Windows_NT', 'PUBLIC': 'C:\\Users\\Public', 'USERPROFILE': 'C:\\Users\\holla'}
:06-30-2020 15:35:21 TTOffLauncher: isTestServer: 0
:06-30-2020 15:35:21 TTOffLauncher: Game Server 127.0.0.1
:06-30-2020 15:35:21 TTOffLauncher: Starting Toontown Online... 
:06-30-2020 15:35:21 TTOffLauncher: foreground: Launcher now operating in foreground
useTTOffSpecificLogin=True
:06-30-2020 15:35:21 TTOffLauncher: maybeStartGame: starting game
:06-30-2020 15:35:21 TTOffLauncher: Starting Toontown Online...
:06-30-2020 15:35:21 TTOffLauncher: background: Launcher now operating in background
ToontownStart: Polling for game2 to finish...
ToontownStart: Game2 is finished.
ToontownStart: Starting the game.
ToontownStart: setting default font
:06-30-2020 15:35:21 TTOffLauncher: setting panda error code to 7
Known pipe types:
  wglGraphicsPipe
(all display modules loaded.)
:06-30-2020 15:35:22 ToonBase: Default graphics pipe is wglGraphicsPipe (OpenGL).
:06-30-2020 15:35:22 :display:windisplay(warning): SetForegroundWindow() failed!
:06-30-2020 15:35:22 ToonBase: Successfully opened window of type wglGraphicsWindow (OpenGL)
:06-30-2020 15:35:22 ShowBase: __dev__ == False
:06-30-2020 15:35:22 TTOffLauncher: setting panda error code to 11
:06-30-2020 15:35:22 TTOffLauncher: setting panda error code to 0
ToontownStart: Loading default gui sounds
ToontownStart: serverVersion:  tto-dev
:06-30-2020 15:35:23 Loader: starting bulk load of block 'init'
:06-30-2020 15:35:30 :nativenet(error): Buffered_DatagramConnection Constructor rbufsize = 4096000 wbufsize = 4096000 write_flush_point = 1400
:06-30-2020 15:35:30 OTPClientRepository: Using connect method 'http'
:06-30-2020 15:35:35 TTOffLauncher: getRegistry ('DEPLOYMENT', None)
:06-30-2020 15:35:35 TTOffLauncher: checking env
:06-30-2020 15:35:35 TTOffLauncher: getRegistry ('GAME_DEPLOYMENT', None)
:06-30-2020 15:35:35 TTOffLauncher: checking env
:06-30-2020 15:35:35 OTPClientRepository: reg_deployment=
:06-30-2020 15:35:35 OTPClientRepository: required-login auto.
:06-30-2020 15:35:35 OTPClientRepository: loginInterface: LoginTTOffAccount
:06-30-2020 15:35:35 TTOffLauncher: getNeedPwForSecretKey using ttoff-specific-login
:06-30-2020 15:35:35 Loader: At end of block 'init', expected 138, loaded 13, duration=12.3689799
:06-30-2020 15:35:35 OTPClientRepository: Connecting to gameserver directly (no proxy).
:06-30-2020 15:35:35 OTPClientRepository: Connecting to //127.0.0.1:7198 via HTTP interface.
:06-30-2020 15:35:35 TTOffLauncher: Stopping mini task manager.
:06-30-2020 15:35:35 OTPClientRepository: Successfully connected to //127.0.0.1:7198.
:06-30-2020 15:35:35 TTOffLauncher: Setting Disconnect Details normal
{401000001: <toontown.distributed.ToontownDistrict.ToontownDistrict instance at 0x000000001A353748>}
:06-30-2020 15:35:36 StateData: AvatarChooser.enter
:06-30-2020 15:35:36 DisplayOptions: settingsFullScreen = False, embedded = False width=800 height=600
:06-30-2020 15:35:36 StateData: calling self.displayOptions.restrictToEmbedded(False)
:06-30-2020 15:35:39 OTPClientRepository: ================
:06-30-2020 15:35:39 OTPClientRepository: Chose avatar id: 100000014
:06-30-2020 15:35:39 OTPClientRepository: Chose avatar name: Holland
:06-30-2020 15:35:39 OTPClientRepository: Chose avatar dna: ('css', 'ms', 'm', 'm', 16, 0, 16, 16, 113, 27, 99, 27, 7, 21)
:06-30-2020 15:35:39 OTPClientRepository: Chose avatar position: 5
:06-30-2020 15:35:39 OTPClientRepository: isPaid: 1
:06-30-2020 15:35:39 OTPClientRepository: freeTimeLeft: 0
:06-30-2020 15:35:39 OTPClientRepository: allowSecretChat: True
:06-30-2020 15:35:39 OTPClientRepository: ================
:06-30-2020 15:35:39 Loader: starting bulk load of block 'localAvatarPlayGame'
:06-30-2020 15:35:40 ToontownTimeManager(warning): error parsing date string=
local
:06-30-2020 15:35:41 NewsPageButtonManager(warning): Should not get here. NewsPageButtonManager.exitOff
:06-30-2020 15:35:41 :pnmimage:png(warning): iCCP: known incorrect sRGB profile
:06-30-2020 15:35:44 OTPClientRepository: Entering shard 401000001
:06-30-2020 15:35:44 StreetSign: Street sign url is https://ttoffline.com/images/
:06-30-2020 15:35:45 StreetSign: Street Sign is up to date
:06-30-2020 15:35:45 OTPClientRepository: Sending heartbeat mid-frame.
:06-30-2020 15:35:45 TimeManager: Clock sync: TimeManager.announceGenerate
:06-30-2020 15:35:45 InGameNewsMgr: latestIssue=2013-08-22 16:49:46.000003-07:00
cpu info: GenuineIntel|Intel(R) Core(TM) i7-8700K CPU @ 3.70GHz|591594|0|3.701,3.701|6,12 cpus
:06-30-2020 15:35:47 OTPClientRepository: No sync from TimeManager.
:06-30-2020 15:35:47 OTPClientRepository: gotTimeSync
:06-30-2020 15:35:47 Loader: At end of block 'localAvatarPlayGame', expected 400, loaded 23, duration=8.1396153
:06-30-2020 15:35:47 TimeManager: Clock sync roundtrip took 1831.829 ms
:06-30-2020 15:35:47 TimeManager: AI time delta is -0:02 from server delta
:06-30-2020 15:35:47 TimeManager: Local clock uncertainty +/- 0.916 s
:06-30-2020 15:35:47 PlayGame: QA-REGRESSION: NEIGHBORHOODS: Visit Lawbot HQ
:06-30-2020 15:35:47 Loader: starting bulk load of block 'hood'
:06-30-2020 15:35:49 LawbotCogHQLoader: loadPlaceGeom: 13000
:06-30-2020 15:35:50 DistributedObject: DistributedSuitPlanner 401002972: generating
:06-30-2020 15:35:50 DistributedToon: calling LocalAvatar.startchat
:06-30-2020 15:35:50 :loader(error): Couldn't load file phase_4/models/questmap/cog_hq_lawbot_maps.bam: not found on model path (currently: "/;/d/hollybae/Aly/Toontown-School-House/toontown/launcher;/c/Panda3D-1.11.0-x64/etc/..;/c/Panda3D-1.11.0-x64/etc/../models")
:06-30-2020 15:35:50 Loader: At end of block 'hood', expected 2, loaded 16, duration=3.2938372
:06-30-2020 15:35:52 Teleport(debug): teleportInDone: walk
:06-30-2020 15:35:52 :loader(error): Couldn't load file phase_4/models/questmap/cog_hq_lawbot_maps.bam: not found on model path (currently: "/;/d/hollybae/Aly/Toontown-School-House/toontown/launcher;/c/Panda3D-1.11.0-x64/etc/..;/c/Panda3D-1.11.0-x64/etc/../models")
:06-30-2020 15:35:56 TTOffMagicWordManager: God mode enabled for Holland!
local
:06-30-2020 15:36:01 LawbotCogHQLoader: loadPlaceGeom: 13100
:06-30-2020 15:36:01 LawbotCogHQLoader: QA-REGRESSION: COGHQ: Visit LawbotLobby
:06-30-2020 15:36:01 LawbotHQExterior: Unloading Place (13000). Fsm in final
:06-30-2020 15:36:01 DistributedObject: DistributedSuitPlanner 401002972: disabling
:06-30-2020 15:36:01 DistributedToon: calling LocalAvatar.startchat
:06-30-2020 15:36:01 :loader(error): Couldn't load file phase_4/models/questmap/cog_hq_lawbot_maps.bam: not found on model path (currently: "/;/d/hollybae/Aly/Toontown-School-House/toontown/launcher;/c/Panda3D-1.11.0-x64/etc/..;/c/Panda3D-1.11.0-x64/etc/../models")
:06-30-2020 15:36:02 :loader(error): Couldn't load file phase_4/models/questmap/cog_hq_lawbot_maps.bam: not found on model path (currently: "/;/d/hollybae/Aly/Toontown-School-House/toontown/launcher;/c/Panda3D-1.11.0-x64/etc/..;/c/Panda3D-1.11.0-x64/etc/../models")
:06-30-2020 15:36:11 TTOffMagicWordManager: Presto!
:06-30-2020 15:36:12 TTOffMagicWordManager: Run mode has been toggled.
:06-30-2020 15:36:15 LawbotCogHQLoader: loadPlaceGeom: 61000
:06-30-2020 15:36:15 LawbotCogHQLoader(warning): loadPlaceGeom: unclassified zone 61000
:06-30-2020 15:36:15 CogHQLobby: Unloading Place (13100). Fsm in final
:06-30-2020 15:36:15 DistributedLawbotBoss(warning): Not a collision node: LawbotCourtroom3.egg/-PandaNode/CR3/interior/CR3_Floor
:06-30-2020 15:36:16 DistributedToon: calling LocalAvatar.startchat
:06-30-2020 15:36:16 LawbotHQBossBattle(warning): fsm.request('movie') returned 0 (zone id 61000, avatar pos LPoint3f(-0.363562, -126.204, 0.193903)).
:06-30-2020 15:36:18 TTOffMagicWordManager: Restarting Scale Round
:06-30-2020 15:36:45 TTOffMagicWordManager: Gave Holland an infinite amount of pies
:06-30-2020 15:40:24 GarbageCollect(warning): garbage found, reverting gc threshold
frame rate: 218.3 fps|0.002d|12 avs||321|323||0x0000|0x0000|958.7MB|1068.3MB|16235.6MB|521|nt.2.6.2|3.701,3.701|6,12 cpus|OpenGL
adding timeout task
adding timeout task
frame rate: 224.6 fps|0.001d|12 avs||621|623||0x0000|0x0000|1229.4MB|1339.4MB|16235.6MB|591|nt.2.6.2|3.701,3.701|6,12 cpus|OpenGL
:06-30-2020 15:45:44 OTPClientRepository: Sending heartbeat mid-frame.
:06-30-2020 15:48:32 :downloader(warning): Windows error code: 10054
:06-30-2020 15:48:32 OTPClientRepository(warning): Lost connection to gameserver.
:06-30-2020 15:48:32 :distributed(warning): Unable to send datagram after connection is closed.
:06-30-2020 15:48:32 LawbotHQBossBattle: Unloading Place (61000). Fsm in final
:06-30-2020 15:48:32 OTPClientRepository(warning): unclean exit, abandoning shard
ignoring InputState-forward
:06-30-2020 15:48:32 OTPClientRepository: sending clientLogout
:06-30-2020 15:48:33 LocalAvatar(warning): redundant call to stopUpdateSmartCamera
:06-30-2020 15:48:33 TTOffLauncher: New Disconnect Details: None - Your internet connection to the servers has been unexpectedly broken. 
:06-30-2020 15:48:33 OTPClientRepository(warning): Lost connection to server. Notifying user.
