

Starting Toontown Online...
Current time: Wed Dec 16 21:03:46 2020 Eastern Standard Time
sys.path =  ['', 'C:\\Panda3D-1.11.0-x64\\python\\python27.zip', 'C:\\Panda3D-1.11.0-x64', 'C:\\Panda3D-1.11.0-x64\\python\\DLLs', 'C:\\Panda3D-1.11.0-x64\\python\\lib', 'C:\\Panda3D-1.11.0-x64\\python\\lib\\plat-win', 'C:\\Panda3D-1.11.0-x64\\python\\lib\\lib-tk', 'C:\\Panda3D-1.11.0-x64\\python', 'C:\\Panda3D-1.11.0-x64\\bin', 'C:\\Panda3D-1.11.0-x64\\python\\lib\\site-packages']
sys.argv =  ['C:\\ToontownAnimationMaker\\Bumpys-ToontownOnline\\toontown\\launcher\\TTOffQuickStartLauncher.py']
generating standard configrc
os.environ =  {'TMP': 'C:\\Users\\Philip\\AppData\\Local\\Temp', 'COMPUTERNAME': 'PHILIP-JR', 'USERDOMAIN': 'PHILIP-JR', 'PSMODULEPATH': 'C:\\WINDOWS\\system32\\WindowsPowerShell\\v1.0\\Modules\\', 'COMMONPROGRAMFILES': 'C:\\Program Files\\Common Files', 'ADSK_3DSMAX_X64_2021': 'C:\\Program Files\\Autodesk\\3ds Max 2021\\', 'PROCESSOR_IDENTIFIER': 'Intel64 Family 6 Model 45 Stepping 7, GenuineIntel', 'PROGRAMFILES': 'C:\\Program Files', 'PROCESSOR_REVISION': '2d07', 'SYSTEMROOT': 'C:\\WINDOWS', 'PATH': 'C:\\Panda3D-1.11.0-x64\\panda3d\\..\\bin;C:\\Windows\\system32;C:\\Windows;C:\\Windows\\System32\\Wbem;C:\\Windows\\System32\\WindowsPowerShell\\v1.0\\;C:\\Program Files (x86)\\NVIDIA Corporation\\PhysX\\Common;C:\\Program Files\\Git\\cmd;C:\\WINDOWS\\system32;C:\\WINDOWS;C:\\WINDOWS\\System32\\Wbem;C:\\WINDOWS\\System32\\WindowsPowerShell\\v1.0\\;C:\\Program Files (x86)\\Windows Kits\\10\\Windows Performance Toolkit\\;C:\\Program Files\\dotnet\\;C:\\Program Files\\Common Files\\Autodesk Shared\\;C:\\Program Files\\Microsoft SQL Server\\120\\Tools\\Binn\\;C:\\Panda3D-1.10.02\\python;C:\\Panda3D-1.10.02\\python\\Scripts;C:\\Panda3D-1.10.02\\bin;C:\\Panda3D-1.11.0-x64-py2\\python;C:\\Panda3D-1.11.0-x64-py2\\python\\Scripts;C:\\Panda3D-1.11.0-x64-py2\\bin;C:\\Users\\Philip\\AppData\\Local\\GitHubDesktop\\bin;C:\\Panda3D-1.9.0\\python;C:\\Panda3D-1.9.0\\python\\Scripts;C:\\Panda3D-1.9.0\\bin;C:\\Panda3D-1.10.0-x64\\python;C:\\Panda3D-1.10.0-x64\\python\\Scripts;C:\\Panda3D-1.10.0-x64\\bin;C:\\Users\\Philip\\AppData\\Local\\atom\\bin;C:\\Panda3D-1.10.0\\python;C:\\Panda3D-1.10.0\\python\\Scripts;C:\\Panda3D-1.10.0\\bin;C:\\Panda3D-1.11.0-x64\\python;C:\\Panda3D-1.11.0-x64\\python\\Scripts;C:\\Panda3D-1.11.0-x64\\bin', 'PROGRAMFILES(X86)': 'C:\\Program Files (x86)', 'COMSPEC': 'C:\\WINDOWS\\system32\\cmd.exe', 'KMP_BLOCKTIME': '0', 'PPYTHON_PATH': '"C:\\Panda3D-1.11.0-x64\\python\\ppython.exe"', 'TEMP': 'C:\\Users\\Philip\\AppData\\Local\\Temp', 'COMMONPROGRAMFILES(X86)': 'C:\\Program Files (x86)\\Common Files', 'PROCESSOR_ARCHITECTURE': 'AMD64', 'ALLUSERSPROFILE': 'C:\\ProgramData', 'LOCALAPPDATA': 'C:\\Users\\Philip\\AppData\\Local', 'HOMEPATH': '\\Users\\Philip', 'USERDOMAIN_ROAMINGPROFILE': 'PHILIP-JR', 'PROGRAMW6432': 'C:\\Program Files', 'USERNAME': 'Philip', 'LOGONSERVER': '\\\\MicrosoftAccount', 'PROMPT': '$P$G', 'SESSIONNAME': 'Console', 'PROGRAMDATA': 'C:\\ProgramData', 'PATHEXT': '.COM;.EXE;.BAT;.CMD;.VBS;.VBE;.JS;.JSE;.WSF;.WSH;.MSC', 'TTOFF_LOGIN_TOKEN': 'dev', 'FP_NO_HOST_CHECK': 'NO', 'WINDIR': 'C:\\WINDOWS', 'OMP_WAIT_POLICY': 'PASSIVE', 'APPDATA': 'C:\\Users\\Philip\\AppData\\Roaming', 'HOMEDRIVE': 'C:', 'SYSTEMDRIVE': 'C:', 'NUMBER_OF_PROCESSORS': '8', 'PROCESSOR_LEVEL': '6', 'CIOENGINE': 'C:\\cio-panda3d', 'COMMONPROGRAMW6432': 'C:\\Program Files\\Common Files', 'OS': 'Windows_NT', 'PUBLIC': 'C:\\Users\\Public', 'USERPROFILE': 'C:\\Users\\Philip'}
:12-16-2020 21:03:46 TTOffLauncher: isTestServer: 0
:12-16-2020 21:03:46 TTOffLauncher: Game Server 127.0.0.1
:12-16-2020 21:03:46 TTOffLauncher: Starting Toontown Online... 
:12-16-2020 21:03:46 TTOffLauncher: foreground: Launcher now operating in foreground
useTTOffSpecificLogin=True
:12-16-2020 21:03:46 TTOffLauncher: maybeStartGame: starting game
:12-16-2020 21:03:46 TTOffLauncher: Starting Toontown Online...
:12-16-2020 21:03:46 TTOffLauncher: background: Launcher now operating in background
ToontownStart: Polling for game2 to finish...
ToontownStart: Game2 is finished.
ToontownStart: Starting the game.
ToontownStart: setting default font
:12-16-2020 21:03:46 TTOffLauncher: setting panda error code to 7
Known pipe types:
  wglGraphicsPipe
(all display modules loaded.)
:12-16-2020 21:03:47 ToonBase: Default graphics pipe is wglGraphicsPipe (OpenGL).
:12-16-2020 21:03:47 ToonBase: Successfully opened window of type wglGraphicsWindow (OpenGL)
:12-16-2020 21:03:47 ShowBase: __dev__ == False
:12-16-2020 21:03:47 TTOffLauncher: setting panda error code to 11
:12-16-2020 21:03:47 TTOffLauncher: setting panda error code to 0
ToontownStart: Loading default gui sounds
ToontownStart: serverVersion:  tto-dev
:12-16-2020 21:03:47 Loader: starting bulk load of block 'init'
:12-16-2020 21:03:48 :nativenet(error): Buffered_DatagramConnection Constructor rbufsize = 4096000 wbufsize = 4096000 write_flush_point = 1400
:12-16-2020 21:03:48 OTPClientRepository: Using connect method 'http'
:12-16-2020 21:03:48 TTOffLauncher: getRegistry ('DEPLOYMENT', None)
:12-16-2020 21:03:48 TTOffLauncher: checking env
:12-16-2020 21:03:48 TTOffLauncher: getRegistry ('GAME_DEPLOYMENT', None)
:12-16-2020 21:03:48 TTOffLauncher: checking env
:12-16-2020 21:03:48 OTPClientRepository: reg_deployment=
:12-16-2020 21:03:48 OTPClientRepository: required-login auto.
:12-16-2020 21:03:48 OTPClientRepository: loginInterface: LoginTTOffAccount
:12-16-2020 21:03:48 TTOffLauncher: getNeedPwForSecretKey using ttoff-specific-login
:12-16-2020 21:03:48 Loader: At end of block 'init', expected 138, loaded 7, duration=1.58182075216
:12-16-2020 21:03:48 OTPClientRepository: Connecting to gameserver directly (no proxy).
:12-16-2020 21:03:48 OTPClientRepository: Connecting to //127.0.0.1:7198 via HTTP interface.
:12-16-2020 21:03:48 TTOffLauncher: Stopping mini task manager.
:12-16-2020 21:03:48 OTPClientRepository: Successfully connected to //127.0.0.1:7198.
:12-16-2020 21:03:48 TTOffLauncher: Setting Disconnect Details normal
{401000001: <toontown.distributed.ToontownDistrict.ToontownDistrict instance at 0x00000000163C6D48>}
:12-16-2020 21:03:50 StateData: AvatarChooser.enter
:12-16-2020 21:03:50 DisplayOptions: settingsFullScreen = False, embedded = False width=800 height=600
:12-16-2020 21:03:50 StateData: calling self.displayOptions.restrictToEmbedded(False)
:12-16-2020 21:03:51 OTPClientRepository: ================
:12-16-2020 21:03:51 OTPClientRepository: Chose avatar id: 100000006
:12-16-2020 21:03:51 OTPClientRepository: Chose avatar name: Relentless
:12-16-2020 21:03:51 OTPClientRepository: Chose avatar dna: ('css', 'ms', 'm', 'm', 26, 0, 26, 26, 86, 27, 75, 27, 50, 27)
:12-16-2020 21:03:51 OTPClientRepository: Chose avatar position: 4
:12-16-2020 21:03:51 OTPClientRepository: isPaid: 1
:12-16-2020 21:03:51 OTPClientRepository: freeTimeLeft: 0
:12-16-2020 21:03:51 OTPClientRepository: allowSecretChat: True
:12-16-2020 21:03:51 OTPClientRepository: ================
:12-16-2020 21:03:51 Loader: starting bulk load of block 'localAvatarPlayGame'
:12-16-2020 21:03:51 ToontownTimeManager(warning): error parsing date string=
local
:12-16-2020 21:03:52 NewsPageButtonManager(warning): Should not get here. NewsPageButtonManager.exitOff
:12-16-2020 21:03:52 :pnmimage:png(warning): iCCP: known incorrect sRGB profile
:12-16-2020 21:03:55 OTPClientRepository: Entering shard 401000001
:12-16-2020 21:03:55 StreetSign: Street sign url is https://ttoffline.com/images/
:12-16-2020 21:03:56 StreetSign: Street Sign is up to date
:12-16-2020 21:03:56 TimeManager: Clock sync: TimeManager.announceGenerate
:12-16-2020 21:03:56 NewsManager: setHolidayId: Starting Holiday 7
:12-16-2020 21:03:56 InGameNewsMgr: latestIssue=2013-08-22 16:49:46.000003-07:00
cpu info: GenuineIntel|        Intel(R) Core(TM) i7-3820 CPU @ 3.60GHz|132823|0|3.601,3.601|4,8 cpus
:12-16-2020 21:03:57 OTPClientRepository: No sync from TimeManager.
:12-16-2020 21:03:57 OTPClientRepository: gotTimeSync
:12-16-2020 21:03:57 Loader: At end of block 'localAvatarPlayGame', expected 400, loaded 18, duration=6.57261954066
:12-16-2020 21:03:57 TimeManager: Clock sync roundtrip took 1150.708 ms
:12-16-2020 21:03:57 TimeManager: AI time delta is -0:01 from server delta
:12-16-2020 21:03:57 TimeManager: Local clock uncertainty +/- 0.576 s
:12-16-2020 21:03:57 PlayGame: QA-REGRESSION: NEIGHBORHOODS: Visit Toontown Central
:12-16-2020 21:03:57 Loader: starting bulk load of block 'hood'
:12-16-2020 21:03:58 OTPClientRepository: Sending heartbeat mid-frame.
:12-16-2020 21:03:59 DistributedObject(warning): no loader.getInteractiveProp self.interactiveProp is None
:12-16-2020 21:03:59 DistributedObject(warning): no loader.getInteractiveProp self.interactiveProp is None
:12-16-2020 21:03:59 DistributedObject(warning): no loader.getInteractiveProp self.interactiveProp is None
:12-16-2020 21:03:59 DistributedObject(warning): no loader.getInteractiveProp self.interactiveProp is None
:12-16-2020 21:03:59 DistributedObject(warning): no loader.getInteractiveProp self.interactiveProp is None
:12-16-2020 21:03:59 Actor(warning): phase_5/models/cogdominium/tt_namedropper_cabnit_zero.bam is not a character!
:12-16-2020 21:03:59 Actor(warning): phase_5/models/cogdominium/tt_namedropper_cabnit_zero.bam is not a character!
:12-16-2020 21:03:59 DistributedToon: calling LocalAvatar.startchat
:12-16-2020 21:03:59 Loader: At end of block 'hood', expected 8, loaded 9, duration=1.84455960023
:12-16-2020 21:04:01 Teleport(debug): teleportInDone: walk
:12-16-2020 21:04:02 ShtikerBook: QA-REGRESSION: SHTICKERBOOK: Open
:12-16-2020 21:04:03 ShtikerBook: QA-REGRESSION: SHTICKERBOOK: Browse tabs Gags
:12-16-2020 21:04:03 ShtikerBook: QA-REGRESSION: SHTICKERBOOK: Browse tabs Gags
:12-16-2020 21:04:03 ShtikerBook: QA-REGRESSION: SHTICKERBOOK: Browse tabs Gags
OnscreenText.configure: mayChange == 0
OnscreenText.configure: mayChange == 0
OnscreenText.configure: mayChange == 0
OnscreenText.configure: mayChange == 0
:12-16-2020 21:04:03 ShtikerBook: QA-REGRESSION: SHTICKERBOOK: Browse tabs Map
OnscreenText.configure: mayChange == 0
OnscreenText.configure: mayChange == 0
OnscreenText.configure: mayChange == 0
OnscreenText.configure: mayChange == 0
:12-16-2020 21:04:03 ShtikerBook: QA-REGRESSION: SHTICKERBOOK: Browse tabs Map
:12-16-2020 21:04:04 ShtikerBook: QA-REGRESSION: SHTICKERBOOK: Close
:12-16-2020 21:04:10 Playground: Unloading Place (2000). Fsm in final
:12-16-2020 21:04:10 PlayGame: QA-REGRESSION: NEIGHBORHOODS: Visit Sellbot HQ
:12-16-2020 21:04:10 Loader: starting bulk load of block 'hood'
:12-16-2020 21:04:10 SellbotCogHQLoader: loadPlaceGeom: 11000
:12-16-2020 21:04:10 DistributedObject: DistributedSuitPlanner 401002950: generating
:12-16-2020 21:04:10 DistributedToon: calling LocalAvatar.startchat
:12-16-2020 21:04:10 :loader(error): Couldn't load file phase_4/models/questmap/cog_hq_sellbot_maps.bam: not found on model path (currently: "/;/c/ToontownAnimationMaker/Bumpys-ToontownOnline/toontown/launcher;/c/Panda3D-1.11.0-x64/etc/..;/c/Panda3D-1.11.0-x64/etc/../models")
:12-16-2020 21:04:10 Loader: At end of block 'hood', expected 43, loaded 3, duration=0.761780838907
:12-16-2020 21:04:12 Teleport(debug): teleportInDone: walk
:12-16-2020 21:04:12 :loader(error): Couldn't load file phase_4/models/questmap/cog_hq_sellbot_maps.bam: not found on model path (currently: "/;/c/ToontownAnimationMaker/Bumpys-ToontownOnline/toontown/launcher;/c/Panda3D-1.11.0-x64/etc/..;/c/Panda3D-1.11.0-x64/etc/../models")
Hi! here you go!
Traceback (most recent call last):
  File "C:\Panda3D-1.11.0-x64\direct\showbase\EventManager.py", line 49, in eventLoopTask
    self.doEvents()
  File "C:\Panda3D-1.11.0-x64\direct\showbase\EventManager.py", line 43, in doEvents
    processFunc(dequeueFunc())
  File "C:\Panda3D-1.11.0-x64\direct\showbase\EventManager.py", line 99, in processEvent
    messenger.send(eventName, paramList)
  File "C:\Panda3D-1.11.0-x64\direct\showbase\Messenger.py", line 333, in send
    self.__dispatch(acceptorDict, event, sentArgs, foundWatch)
  File "C:\Panda3D-1.11.0-x64\direct\showbase\Messenger.py", line 418, in __dispatch
    result = method (*(extraArgs + sentArgs))
  File "toontown\coghq\DistributedNameDropperCabnit.py", line 52, in giveReward
    self.sendUpdate("giveReward", [])
  File "C:\Panda3D-1.11.0-x64\direct\distributed\DistributedObject.py", line 367, in sendUpdate
    assert self.notify.error("sendUpdate failed, because self.cr is not set")
  File "C:\Panda3D-1.11.0-x64\direct\directnotify\Notifier.py", line 130, in error
    raise exception(errorString)
Exception: sendUpdate failed, because self.cr is not set
:12-16-2020 21:04:22 :task(error): Exception occurred in PythonTask eventManager
:12-16-2020 21:04:22 TTOffLauncher: setting panda error code to 12
:12-16-2020 21:04:22 TTOffLauncher(warning): Handling Python exception.
:12-16-2020 21:04:22 TimeManager: Client disconnect reason 3.
:12-16-2020 21:04:22 TimeManager: Client exception: direct.directnotify.Notifier:130, direct.distributed.DistributedObject:367, toontown.coghq.DistributedNameDropperCabnit:52, direct.showbase.Messenger:420, Exception: sendUpdate failed, because self.cr is not set
:12-16-2020 21:04:22 OTPClientRepository: Sent disconnect message to server
:12-16-2020 21:04:22 OTPClientRepository: Closing connection to server.
:12-16-2020 21:04:22 TTOffLauncher: Exception exit.

Traceback (most recent call last):
  File "otp\launcher\LauncherBase.py", line 1081, in mainLoop
    self._runTaskManager()
  File "otp\launcher\LauncherBase.py", line 1052, in _runTaskManager
    taskMgr.run()
  File "C:\Panda3D-1.11.0-x64\direct\task\Task.py", line 528, in run
    self.step()
  File "C:\Panda3D-1.11.0-x64\direct\task\Task.py", line 482, in step
    self.mgr.poll()
  File "C:\Panda3D-1.11.0-x64\direct\showbase\EventManager.py", line 49, in eventLoopTask
    self.doEvents()
  File "C:\Panda3D-1.11.0-x64\direct\showbase\EventManager.py", line 43, in doEvents
    processFunc(dequeueFunc())
  File "C:\Panda3D-1.11.0-x64\direct\showbase\EventManager.py", line 99, in processEvent
    messenger.send(eventName, paramList)
  File "C:\Panda3D-1.11.0-x64\direct\showbase\Messenger.py", line 333, in send
    self.__dispatch(acceptorDict, event, sentArgs, foundWatch)
  File "C:\Panda3D-1.11.0-x64\direct\showbase\Messenger.py", line 418, in __dispatch
    result = method (*(extraArgs + sentArgs))
  File "toontown\coghq\DistributedNameDropperCabnit.py", line 52, in giveReward
    self.sendUpdate("giveReward", [])
  File "C:\Panda3D-1.11.0-x64\direct\distributed\DistributedObject.py", line 367, in sendUpdate
    assert self.notify.error("sendUpdate failed, because self.cr is not set")
  File "C:\Panda3D-1.11.0-x64\direct\directnotify\Notifier.py", line 130, in error
    raise exception(errorString)
Exception: sendUpdate failed, because self.cr is not set
