

Starting Toontown Online...
Current time: Mon Feb  3 17:16:54 2020 Eastern Standard Time
sys.path =  ['', 'C:\\Panda3D-1.11.0-x64\\python\\python27.zip', 'C:\\Panda3D-1.11.0-x64', 'C:\\Panda3D-1.11.0-x64\\python\\DLLs', 'C:\\Panda3D-1.11.0-x64\\python\\lib', 'C:\\Panda3D-1.11.0-x64\\python\\lib\\plat-win', 'C:\\Panda3D-1.11.0-x64\\python\\lib\\lib-tk', 'C:\\Panda3D-1.11.0-x64\\python', 'C:\\Panda3D-1.11.0-x64\\bin', 'C:\\Panda3D-1.11.0-x64\\python\\lib\\site-packages']
sys.argv =  ['D:\\hollybae\\Aly\\Toontown-School-House\\toontown\\launcher\\TTOffQuickStartLauncher.py']
generating standard configrc
os.environ =  {'TMP': 'C:\\Users\\holla\\AppData\\Local\\Temp', 'COMPUTERNAME': 'HOLLYBAES-PC', 'USERDOMAIN': 'HOLLYBAES-PC', 'INTEL_DEV_REDIST': 'C:\\Program Files (x86)\\Common Files\\Intel\\Shared Libraries\\', 'PSMODULEPATH': 'C:\\Program Files\\WindowsPowerShell\\Modules;C:\\WINDOWS\\system32\\WindowsPowerShell\\v1.0\\Modules', 'COMMONPROGRAMFILES': 'C:\\Program Files\\Common Files', 'PROCESSOR_IDENTIFIER': 'Intel64 Family 6 Model 158 Stepping 10, GenuineIntel', 'VBOX_MSI_INSTALL_PATH': 'C:\\Program Files\\Oracle\\VirtualBox\\', 'PROGRAMFILES': 'C:\\Program Files', 'PROCESSOR_REVISION': '9e0a', 'PATH': 'C:\\Panda3D-1.11.0-x64\\panda3d\\..\\bin;C:\\Program Files (x86)\\Razer\\ChromaBroadcast\\bin;C:\\Program Files\\Razer\\ChromaBroadcast\\bin;C:\\Program Files (x86)\\Common Files\\Intel\\Shared Libraries\\redist\\intel64_win\\compiler;C:\\Program Files (x86)\\Common Files\\Oracle\\Java\\javapath;C:\\Program Files (x86)\\Common Files\\Intel\\Shared Libraries\\redist\\intel64\\compiler;C:\\WINDOWS\\system32;C:\\WINDOWS;C:\\WINDOWS\\System32\\Wbem;C:\\WINDOWS\\System32\\WindowsPowerShell\\v1.0\\;C:\\WINDOWS\\System32\\OpenSSH\\;C:\\Program Files\\NVIDIA Corporation\\NVIDIA NGX;C:\\Program Files (x86)\\NVIDIA Corporation\\PhysX\\Common;C:\\Program Files\\NVIDIA Corporation\\NVIDIA NvDLISR;C:\\WINDOWS\\system32;C:\\WINDOWS;C:\\WINDOWS\\System32\\Wbem;C:\\WINDOWS\\System32\\WindowsPowerShell\\v1.0\\;C:\\WINDOWS\\System32\\OpenSSH\\;D:\\hollybae\\ffmpeg-4.1.3-win64-static\\ffmpeg-4.1.3-win64-static\\bin;C:\\Program Files\\dotnet\\;C:\\WINDOWS\\system32\\config\\systemprofile\\AppData\\Local\\Microsoft\\WindowsApps;C:\\Program Files (x86)\\QuickTime\\QTSystem\\;C:\\Users\\holla\\AppData\\Local\\Microsoft\\WindowsApps;C:\\Panda3D-1.10.4.1-x64\\python;C:\\Panda3D-1.10.4.1-x64\\python\\Scripts;C:\\Panda3D-1.10.4.1-x64\\bin;C:\\Panda3D-1.11.0-x64\\python;C:\\Panda3D-1.11.0-x64\\python\\Scripts;C:\\Panda3D-1.11.0-x64\\bin', 'SYSTEMROOT': 'C:\\WINDOWS', 'MIC_LD_LIBRARY_PATH': 'C:\\Program Files (x86)\\Common Files\\Intel\\Shared Libraries\\compiler\\lib\\intel64_win_mic', 'COMSPEC': 'C:\\WINDOWS\\system32\\cmd.exe', 'DRIVERDATA': 'C:\\Windows\\System32\\Drivers\\DriverData', 'PPYTHON_PATH': '"C:\\Panda3D-1.11.0-x64\\python\\ppython.exe"', 'TEMP': 'C:\\Users\\holla\\AppData\\Local\\Temp', 'COMMONPROGRAMFILES(X86)': 'C:\\Program Files (x86)\\Common Files', 'PROCESSOR_ARCHITECTURE': 'AMD64', 'PROGRAMFILES(X86)': 'C:\\Program Files (x86)', 'ALLUSERSPROFILE': 'C:\\ProgramData', 'LOCALAPPDATA': 'C:\\Users\\holla\\AppData\\Local', 'FPS_BROWSER_USER_PROFILE_STRING': 'Default', 'HOMEPATH': '\\Users\\holla', 'USERDOMAIN_ROAMINGPROFILE': 'HOLLYBAES-PC', 'PROGRAMW6432': 'C:\\Program Files', 'USERNAME': 'holla', 'LOGONSERVER': '\\\\HOLLYBAES-PC', 'PROMPT': '$P$G', 'SESSIONNAME': 'Console', 'PROGRAMDATA': 'C:\\ProgramData', 'ONEDRIVE': 'C:\\Users\\holla\\OneDrive - University of Guelph', 'FPS_BROWSER_APP_PROFILE_STRING': 'Internet Explorer', 'PATHEXT': '.COM;.EXE;.BAT;.CMD;.VBS;.VBE;.JS;.JSE;.WSF;.WSH;.MSC', 'TTOFF_LOGIN_TOKEN': 'dev', 'ONEDRIVECOMMERCIAL': 'C:\\Users\\holla\\OneDrive - University of Guelph', 'WINDIR': 'C:\\WINDOWS', 'APPDATA': 'C:\\Users\\holla\\AppData\\Roaming', 'HOMEDRIVE': 'C:', 'SYSTEMDRIVE': 'C:', 'NUMBER_OF_PROCESSORS': '12', 'PROCESSOR_LEVEL': '6', 'RG_GPU_FRAMEWORK_ENGINE_RESOURCEDIR': 'C:\\Program Files\\Red Giant\\RGFX', 'COMMONPROGRAMW6432': 'C:\\Program Files\\Common Files', 'OS': 'Windows_NT', 'PUBLIC': 'C:\\Users\\Public', 'USERPROFILE': 'C:\\Users\\holla'}
:02-03-2020 17:16:54 TTOffLauncher: isTestServer: 0
:02-03-2020 17:16:54 TTOffLauncher: Game Server 127.0.0.1
:02-03-2020 17:16:54 TTOffLauncher: Starting Toontown Online... 
:02-03-2020 17:16:54 TTOffLauncher: foreground: Launcher now operating in foreground
useTTOffSpecificLogin=True
:02-03-2020 17:16:54 TTOffLauncher: maybeStartGame: starting game
:02-03-2020 17:16:54 TTOffLauncher: Starting Toontown Online...
:02-03-2020 17:16:54 TTOffLauncher: background: Launcher now operating in background
ToontownStart: Polling for game2 to finish...
ToontownStart: Game2 is finished.
ToontownStart: Starting the game.
ToontownStart: setting default font
:02-03-2020 17:16:55 TTOffLauncher: setting panda error code to 7
Known pipe types:
  wglGraphicsPipe
(all display modules loaded.)
:02-03-2020 17:16:55 ToonBase: Default graphics pipe is wglGraphicsPipe (OpenGL).
:02-03-2020 17:16:56 ToonBase: Successfully opened window of type wglGraphicsWindow (OpenGL)
:02-03-2020 17:16:56 ShowBase: __dev__ == False
:02-03-2020 17:16:56 TTOffLauncher: setting panda error code to 11
:02-03-2020 17:16:56 TTOffLauncher: setting panda error code to 0
ToontownStart: Loading default gui sounds
ToontownStart: serverVersion:  tto-dev
:02-03-2020 17:16:57 Loader: starting bulk load of block 'init'
:02-03-2020 17:17:05 :nativenet(error): Buffered_DatagramConnection Constructor rbufsize = 4096000 wbufsize = 4096000 write_flush_point = 1400
:02-03-2020 17:17:05 OTPClientRepository: Using connect method 'http'
:02-03-2020 17:17:12 TTOffLauncher: getRegistry ('DEPLOYMENT', None)
:02-03-2020 17:17:12 TTOffLauncher: checking env
:02-03-2020 17:17:12 TTOffLauncher: getRegistry ('GAME_DEPLOYMENT', None)
:02-03-2020 17:17:12 TTOffLauncher: checking env
:02-03-2020 17:17:12 OTPClientRepository: reg_deployment=
:02-03-2020 17:17:12 OTPClientRepository: required-login auto.
:02-03-2020 17:17:12 OTPClientRepository: loginInterface: LoginTTOffAccount
:02-03-2020 17:17:12 TTOffLauncher: getNeedPwForSecretKey using ttoff-specific-login
:02-03-2020 17:17:12 Loader: At end of block 'init', expected 138, loaded 12, duration=15.2962512
:02-03-2020 17:17:12 OTPClientRepository: Connecting to gameserver directly (no proxy).
:02-03-2020 17:17:12 OTPClientRepository: Connecting to //127.0.0.1:7198 via HTTP interface.
:02-03-2020 17:17:12 TTOffLauncher: Stopping mini task manager.
:02-03-2020 17:17:12 OTPClientRepository: Successfully connected to //127.0.0.1:7198.
:02-03-2020 17:17:12 TTOffLauncher: Setting Disconnect Details normal
{401000001: <toontown.distributed.ToontownDistrict.ToontownDistrict instance at 0x000000001CF6E788>}
:02-03-2020 17:17:13 StateData: AvatarChooser.enter
:02-03-2020 17:17:13 DisplayOptions: settingsFullScreen = False, embedded = False width=800 height=600
:02-03-2020 17:17:13 StateData: calling self.displayOptions.restrictToEmbedded(False)
:02-03-2020 17:17:19 OTPClientRepository: ================
:02-03-2020 17:17:19 OTPClientRepository: Chose avatar id: 100000027
:02-03-2020 17:17:19 OTPClientRepository: Chose avatar name: Bubby
:02-03-2020 17:17:19 OTPClientRepository: Chose avatar dna: ('css', 'ms', 'm', 'm', 18, 0, 2, 18, 4, 2, 4, 2, 7, 1)
:02-03-2020 17:17:19 OTPClientRepository: Chose avatar position: 0
:02-03-2020 17:17:19 OTPClientRepository: isPaid: 1
:02-03-2020 17:17:19 OTPClientRepository: freeTimeLeft: 0
:02-03-2020 17:17:19 OTPClientRepository: allowSecretChat: True
:02-03-2020 17:17:19 OTPClientRepository: ================
:02-03-2020 17:17:19 Loader: starting bulk load of block 'localAvatarPlayGame'
:02-03-2020 17:17:20 ToontownTimeManager(warning): error parsing date string=
local
:02-03-2020 17:17:20 NewsPageButtonManager(warning): Should not get here. NewsPageButtonManager.exitOff
:02-03-2020 17:17:21 :pnmimage:png(warning): iCCP: known incorrect sRGB profile
:02-03-2020 17:17:22 OTPClientRepository: Sending heartbeat mid-frame.
:02-03-2020 17:17:23 OTPClientRepository: Entering shard 401000001
:02-03-2020 17:17:23 StreetSign: Street sign url is https://ttoffline.com/images/
:02-03-2020 17:17:24 StreetSign: Street Sign is up to date
:02-03-2020 17:17:24 TimeManager: Clock sync: TimeManager.announceGenerate
:02-03-2020 17:17:24 NewsManager: setHolidayId: Starting Holiday 14
:02-03-2020 17:17:24 InGameNewsMgr: latestIssue=2013-08-22 16:49:46.000003-07:00
cpu info: GenuineIntel|Intel(R) Core(TM) i7-8700K CPU @ 3.70GHz|591594|0|3.701,3.701|6,12 cpus
:02-03-2020 17:17:26 OTPClientRepository: No sync from TimeManager.
:02-03-2020 17:17:26 OTPClientRepository: gotTimeSync
:02-03-2020 17:17:26 Loader: At end of block 'localAvatarPlayGame', expected 400, loaded 22, duration=7.608965
:02-03-2020 17:17:26 TimeManager: Clock sync roundtrip took 1906.203 ms
:02-03-2020 17:17:26 TimeManager: AI time delta is -0:01 from server delta
:02-03-2020 17:17:26 TimeManager: Local clock uncertainty +/- 0.953 s
:02-03-2020 17:17:26 PlayGame: QA-REGRESSION: NEIGHBORHOODS: Visit Lawbot HQ
:02-03-2020 17:17:26 Loader: starting bulk load of block 'hood'
:02-03-2020 17:17:28 LawbotCogHQLoader: loadPlaceGeom: 13000
:02-03-2020 17:17:29 DistributedObject: DistributedSuitPlanner 401002972: generating
:02-03-2020 17:17:29 DistributedToon: calling LocalAvatar.startchat
:02-03-2020 17:17:29 :loader(error): Couldn't load file phase_4/models/questmap/cog_hq_lawbot_maps.bam: not found on model path (currently: "/;/d/hollybae/Aly/Toontown-School-House/toontown/launcher;/c/Panda3D-1.11.0-x64/etc/..;/c/Panda3D-1.11.0-x64/etc/../models")
:02-03-2020 17:17:29 Loader: At end of block 'hood', expected 2, loaded 13, duration=2.8697297
:02-03-2020 17:17:31 Teleport(debug): teleportInDone: walk
:02-03-2020 17:17:31 :loader(error): Couldn't load file phase_4/models/questmap/cog_hq_lawbot_maps.bam: not found on model path (currently: "/;/d/hollybae/Aly/Toontown-School-House/toontown/launcher;/c/Panda3D-1.11.0-x64/etc/..;/c/Panda3D-1.11.0-x64/etc/../models")
local
:02-03-2020 17:17:48 TTOffMagicWordManager: Run mode has been toggled.
:02-03-2020 17:17:54 LawbotCogHQLoader: loadPlaceGeom: 13100
:02-03-2020 17:17:54 LawbotCogHQLoader: QA-REGRESSION: COGHQ: Visit LawbotLobby
:02-03-2020 17:17:55 LawbotHQExterior: Unloading Place (13000). Fsm in final
:02-03-2020 17:17:55 DistributedObject: DistributedSuitPlanner 401002972: disabling
:02-03-2020 17:17:55 DistributedToon: calling LocalAvatar.startchat
:02-03-2020 17:17:55 :loader(error): Couldn't load file phase_4/models/questmap/cog_hq_lawbot_maps.bam: not found on model path (currently: "/;/d/hollybae/Aly/Toontown-School-House/toontown/launcher;/c/Panda3D-1.11.0-x64/etc/..;/c/Panda3D-1.11.0-x64/etc/../models")
:02-03-2020 17:17:56 :loader(error): Couldn't load file phase_4/models/questmap/cog_hq_lawbot_maps.bam: not found on model path (currently: "/;/d/hollybae/Aly/Toontown-School-House/toontown/launcher;/c/Panda3D-1.11.0-x64/etc/..;/c/Panda3D-1.11.0-x64/etc/../models")
:02-03-2020 17:18:02 TTOffMagicWordManager: Run mode has been toggled.
:02-03-2020 17:18:04 TTOffMagicWordManager: Gave Bubby an infinite amount of pies
:02-03-2020 17:18:05 TTOffMagicWordManager: Presto!
:02-03-2020 17:18:09 LawbotCogHQLoader: loadPlaceGeom: 61000
:02-03-2020 17:18:09 LawbotCogHQLoader(warning): loadPlaceGeom: unclassified zone 61000
:02-03-2020 17:18:09 CogHQLobby: Unloading Place (13100). Fsm in final
:02-03-2020 17:18:10 DistributedLawbotBoss(warning): Not a collision node: LawbotCourtroom3.egg/-PandaNode/CR3/interior/CR3_Floor
:02-03-2020 17:18:10 DistributedToon: calling LocalAvatar.startchat
:02-03-2020 17:18:10 LawbotHQBossBattle(warning): fsm.request('movie') returned 0 (zone id 61000, avatar pos LPoint3f(-0.363562, -126.204, 0.193903)).
:02-03-2020 17:18:12 TTOffMagicWordManager: Restarting Scale Round
:02-03-2020 17:20:35 :linmath(warning): Tried to invert singular LMatrix3.
:02-03-2020 17:21:58 GarbageCollect(warning): garbage found, reverting gc threshold
frame rate: 220.7 fps|0.001d|12 avs||327|329||0x0000|0x0000|992.3MB|1094.0MB|16235.6MB|578|nt.2.6.2|3.701,3.701|6,12 cpus|OpenGL
frame rate: 225.6 fps|0.001d|12 avs||627|629||0x0000|0x0000|1333.3MB|1435.4MB|16235.6MB|693|nt.2.6.2|3.701,3.701|6,12 cpus|OpenGL
frame rate: 220.5 fps|0.001d|12 avs||927|929||0x0000|0x0000|1686.8MB|1790.0MB|16235.6MB|839|nt.2.6.2|3.701,3.701|6,12 cpus|OpenGL
:02-03-2020 17:34:12 :linmath(warning): Tried to invert singular LMatrix3.
frame rate: 216.0 fps|0.001d|12 avs||1227|1229||0x0000|0x0000|2041.1MB|2145.1MB|16235.6MB|956|nt.2.6.2|3.701,3.701|6,12 cpus|OpenGL
:02-03-2020 17:39:09 ToonBase: User closed main window.
:02-03-2020 17:39:09 TimeManager: Client disconnect reason 2.
:02-03-2020 17:39:09 LawbotHQBossBattle: Unloading Place (61000). Fsm in final
:02-03-2020 17:39:09 OTPClientRepository(warning): unclean exit, abandoning shard
ignoring InputState-forward
:02-03-2020 17:39:09 OTPClientRepository: sending clientLogout
:02-03-2020 17:39:09 LocalAvatar(warning): redundant call to stopUpdateSmartCamera
:02-03-2020 17:39:09 OTPClientRepository: Sent disconnect message to server
:02-03-2020 17:39:09 OTPClientRepository: Closing connection to server.
:02-03-2020 17:39:09 OTPClientRepository: Exiting cleanly
:02-03-2020 17:39:09 ToonBase: Exiting Toontown: errorCode = None
:02-03-2020 17:39:09 TTOffLauncher: setting panda error code to 0
:02-03-2020 17:39:09 TTOffLauncher: Normal exit.
