

Starting Toontown Online...
Current time: Sun Dec 29 10:56:43 2019 Eastern Standard Time
sys.path =  ['', 'C:\\Panda3D-1.11.0-x64\\python\\python27.zip', 'C:\\Panda3D-1.11.0-x64', 'C:\\Panda3D-1.11.0-x64\\python\\DLLs', 'C:\\Panda3D-1.11.0-x64\\python\\lib', 'C:\\Panda3D-1.11.0-x64\\python\\lib\\plat-win', 'C:\\Panda3D-1.11.0-x64\\python\\lib\\lib-tk', 'C:\\Panda3D-1.11.0-x64\\python', 'C:\\Panda3D-1.11.0-x64\\bin', 'C:\\Panda3D-1.11.0-x64\\python\\lib\\site-packages']
sys.argv =  ['D:\\hollybae\\Aly\\Toontown-School-House\\toontown\\launcher\\TTOffQuickStartLauncher.py']
generating standard configrc
os.environ =  {'TMP': 'C:\\Users\\holla\\AppData\\Local\\Temp', 'COMPUTERNAME': 'HOLLYBAES-PC', 'USERDOMAIN': 'HOLLYBAES-PC', 'INTEL_DEV_REDIST': 'C:\\Program Files (x86)\\Common Files\\Intel\\Shared Libraries\\', 'PSMODULEPATH': 'C:\\Program Files\\WindowsPowerShell\\Modules;C:\\WINDOWS\\system32\\WindowsPowerShell\\v1.0\\Modules', 'COMMONPROGRAMFILES': 'C:\\Program Files\\Common Files', 'PROCESSOR_IDENTIFIER': 'Intel64 Family 6 Model 158 Stepping 10, GenuineIntel', 'VBOX_MSI_INSTALL_PATH': 'C:\\Program Files\\Oracle\\VirtualBox\\', 'PROGRAMFILES': 'C:\\Program Files', 'PROCESSOR_REVISION': '9e0a', 'PATH': 'C:\\Panda3D-1.11.0-x64\\panda3d\\..\\bin;C:\\Program Files (x86)\\Razer\\ChromaBroadcast\\bin;C:\\Program Files\\Razer\\ChromaBroadcast\\bin;C:\\Program Files (x86)\\Common Files\\Intel\\Shared Libraries\\redist\\intel64_win\\compiler;C:\\Program Files (x86)\\Common Files\\Oracle\\Java\\javapath;C:\\Program Files (x86)\\Common Files\\Intel\\Shared Libraries\\redist\\intel64\\compiler;C:\\WINDOWS\\system32;C:\\WINDOWS;C:\\WINDOWS\\System32\\Wbem;C:\\WINDOWS\\System32\\WindowsPowerShell\\v1.0\\;C:\\WINDOWS\\System32\\OpenSSH\\;C:\\Program Files\\NVIDIA Corporation\\NVIDIA NGX;C:\\Program Files (x86)\\NVIDIA Corporation\\PhysX\\Common;C:\\Program Files\\NVIDIA Corporation\\NVIDIA NvDLISR;C:\\WINDOWS\\system32;C:\\WINDOWS;C:\\WINDOWS\\System32\\Wbem;C:\\WINDOWS\\System32\\WindowsPowerShell\\v1.0\\;C:\\WINDOWS\\System32\\OpenSSH\\;D:\\hollybae\\ffmpeg-4.1.3-win64-static\\ffmpeg-4.1.3-win64-static\\bin;C:\\Program Files\\dotnet\\;C:\\WINDOWS\\system32\\config\\systemprofile\\AppData\\Local\\Microsoft\\WindowsApps;C:\\Program Files (x86)\\QuickTime\\QTSystem\\;C:\\Users\\holla\\AppData\\Local\\Microsoft\\WindowsApps;C:\\Panda3D-1.10.4.1-x64\\python;C:\\Panda3D-1.10.4.1-x64\\python\\Scripts;C:\\Panda3D-1.10.4.1-x64\\bin;C:\\Panda3D-1.11.0-x64\\python;C:\\Panda3D-1.11.0-x64\\python\\Scripts;C:\\Panda3D-1.11.0-x64\\bin', 'SYSTEMROOT': 'C:\\WINDOWS', 'MIC_LD_LIBRARY_PATH': 'C:\\Program Files (x86)\\Common Files\\Intel\\Shared Libraries\\compiler\\lib\\intel64_win_mic', 'COMSPEC': 'C:\\WINDOWS\\system32\\cmd.exe', 'DRIVERDATA': 'C:\\Windows\\System32\\Drivers\\DriverData', 'PPYTHON_PATH': '"C:\\Panda3D-1.11.0-x64\\python\\ppython.exe"', 'TEMP': 'C:\\Users\\holla\\AppData\\Local\\Temp', 'COMMONPROGRAMFILES(X86)': 'C:\\Program Files (x86)\\Common Files', 'PROCESSOR_ARCHITECTURE': 'AMD64', 'PROGRAMFILES(X86)': 'C:\\Program Files (x86)', 'ALLUSERSPROFILE': 'C:\\ProgramData', 'LOCALAPPDATA': 'C:\\Users\\holla\\AppData\\Local', 'FPS_BROWSER_USER_PROFILE_STRING': 'Default', 'HOMEPATH': '\\Users\\holla', 'USERDOMAIN_ROAMINGPROFILE': 'HOLLYBAES-PC', 'PROGRAMW6432': 'C:\\Program Files', 'USERNAME': 'holla', 'LOGONSERVER': '\\\\HOLLYBAES-PC', 'PROMPT': '$P$G', 'SESSIONNAME': 'Console', 'PROGRAMDATA': 'C:\\ProgramData', 'ONEDRIVE': 'C:\\Users\\holla\\OneDrive', 'FPS_BROWSER_APP_PROFILE_STRING': 'Internet Explorer', 'PATHEXT': '.COM;.EXE;.BAT;.CMD;.VBS;.VBE;.JS;.JSE;.WSF;.WSH;.MSC', 'TTOFF_LOGIN_TOKEN': 'dev', 'WINDIR': 'C:\\WINDOWS', 'APPDATA': 'C:\\Users\\holla\\AppData\\Roaming', 'HOMEDRIVE': 'C:', 'SYSTEMDRIVE': 'C:', 'NUMBER_OF_PROCESSORS': '12', 'PROCESSOR_LEVEL': '6', 'COMMONPROGRAMW6432': 'C:\\Program Files\\Common Files', 'OS': 'Windows_NT', 'PUBLIC': 'C:\\Users\\Public', 'USERPROFILE': 'C:\\Users\\holla'}
:12-29-2019 10:56:43 TTOffLauncher: isTestServer: 0
:12-29-2019 10:56:43 TTOffLauncher: Game Server 127.0.0.1
:12-29-2019 10:56:43 TTOffLauncher: Starting Toontown Online... 
:12-29-2019 10:56:43 TTOffLauncher: foreground: Launcher now operating in foreground
useTTOffSpecificLogin=True
:12-29-2019 10:56:43 TTOffLauncher: maybeStartGame: starting game
:12-29-2019 10:56:43 TTOffLauncher: Starting Toontown Online...
:12-29-2019 10:56:43 TTOffLauncher: background: Launcher now operating in background
ToontownStart: Polling for game2 to finish...
ToontownStart: Game2 is finished.
ToontownStart: Starting the game.
ToontownStart: setting default font
:12-29-2019 10:56:43 TTOffLauncher: setting panda error code to 7
Known pipe types:
  wglGraphicsPipe
(all display modules loaded.)
:12-29-2019 10:56:43 ToonBase: Default graphics pipe is wglGraphicsPipe (OpenGL).
:12-29-2019 10:56:43 ToonBase: Successfully opened window of type wglGraphicsWindow (OpenGL)
:12-29-2019 10:56:43 ShowBase: __dev__ == False
:12-29-2019 10:56:44 TTOffLauncher: setting panda error code to 11
:12-29-2019 10:56:44 TTOffLauncher: setting panda error code to 0
ToontownStart: Loading default gui sounds
ToontownStart: serverVersion:  tto-dev
:12-29-2019 10:56:44 Loader: starting bulk load of block 'init'
:12-29-2019 10:56:44 :nativenet(error): Buffered_DatagramConnection Constructor rbufsize = 4096000 wbufsize = 4096000 write_flush_point = 1400
:12-29-2019 10:56:44 OTPClientRepository: Using connect method 'http'
:12-29-2019 10:56:45 TTOffLauncher: getRegistry ('DEPLOYMENT', None)
:12-29-2019 10:56:45 TTOffLauncher: checking env
:12-29-2019 10:56:45 TTOffLauncher: getRegistry ('GAME_DEPLOYMENT', None)
:12-29-2019 10:56:45 TTOffLauncher: checking env
:12-29-2019 10:56:45 OTPClientRepository: reg_deployment=
:12-29-2019 10:56:45 OTPClientRepository: required-login auto.
:12-29-2019 10:56:45 OTPClientRepository: loginInterface: LoginTTOffAccount
:12-29-2019 10:56:45 TTOffLauncher: getNeedPwForSecretKey using ttoff-specific-login
:12-29-2019 10:56:45 Loader: At end of block 'init', expected 138, loaded 5, duration=1.0144417
:12-29-2019 10:56:45 OTPClientRepository: Connecting to gameserver directly (no proxy).
:12-29-2019 10:56:45 OTPClientRepository: Connecting to //127.0.0.1:7198 via HTTP interface.
:12-29-2019 10:56:45 TTOffLauncher: Stopping mini task manager.
:12-29-2019 10:56:45 OTPClientRepository: Successfully connected to //127.0.0.1:7198.
:12-29-2019 10:56:45 TTOffLauncher: Setting Disconnect Details normal
{401000001: <toontown.distributed.ToontownDistrict.ToontownDistrict instance at 0x000000001C2EC748>}
:12-29-2019 10:56:45 StateData: AvatarChooser.enter
:12-29-2019 10:56:45 DisplayOptions: settingsFullScreen = False, embedded = False width=800 height=600
:12-29-2019 10:56:45 StateData: calling self.displayOptions.restrictToEmbedded(False)
:12-29-2019 10:56:47 OTPClientRepository: ================
:12-29-2019 10:56:47 OTPClientRepository: Chose avatar id: 100000014
:12-29-2019 10:56:47 OTPClientRepository: Chose avatar name: Hollybae
:12-29-2019 10:56:47 OTPClientRepository: Chose avatar dna: ('css', 'ms', 'm', 'm', 16, 0, 16, 16, 113, 27, 18, 27, 7, 21)
:12-29-2019 10:56:47 OTPClientRepository: Chose avatar position: 5
:12-29-2019 10:56:47 OTPClientRepository: isPaid: 1
:12-29-2019 10:56:47 OTPClientRepository: freeTimeLeft: 0
:12-29-2019 10:56:47 OTPClientRepository: allowSecretChat: True
:12-29-2019 10:56:47 OTPClientRepository: ================
:12-29-2019 10:56:47 Loader: starting bulk load of block 'localAvatarPlayGame'
:12-29-2019 10:56:48 ToontownTimeManager(warning): error parsing date string=
local
:12-29-2019 10:56:48 NewsPageButtonManager(warning): Should not get here. NewsPageButtonManager.exitOff
:12-29-2019 10:56:48 :pnmimage:png(warning): iCCP: known incorrect sRGB profile
:12-29-2019 10:56:49 OTPClientRepository: Entering shard 401000001
:12-29-2019 10:56:49 StreetSign: Street sign url is https://ttoffline.com/images/
:12-29-2019 10:56:50 StreetSign: Street Sign is up to date
:12-29-2019 10:56:50 TimeManager: Clock sync: TimeManager.announceGenerate
:12-29-2019 10:56:50 InGameNewsMgr: latestIssue=2013-08-22 16:49:46.000003-07:00
cpu info: GenuineIntel|Intel(R) Core(TM) i7-8700K CPU @ 3.70GHz|591594|0|3.701,3.701|6,12 cpus
:12-29-2019 10:56:51 OTPClientRepository: No sync from TimeManager.
:12-29-2019 10:56:51 OTPClientRepository: gotTimeSync
:12-29-2019 10:56:51 Loader: At end of block 'localAvatarPlayGame', expected 400, loaded 9, duration=4.215555
:12-29-2019 10:56:51 TimeManager: Clock sync roundtrip took 1123.690 ms
:12-29-2019 10:56:51 TimeManager: AI time delta is -0:01 from server delta
:12-29-2019 10:56:51 TimeManager: Local clock uncertainty +/- 0.562 s
:12-29-2019 10:56:51 PlayGame: QA-REGRESSION: NEIGHBORHOODS: Visit Lawbot HQ
:12-29-2019 10:56:51 Loader: starting bulk load of block 'hood'
:12-29-2019 10:56:52 LawbotCogHQLoader: loadPlaceGeom: 13000
:12-29-2019 10:56:52 DistributedObject: DistributedSuitPlanner 401002972: generating
:12-29-2019 10:56:52 DistributedToon: calling LocalAvatar.startchat
:12-29-2019 10:56:52 :loader(error): Couldn't load file phase_4/models/questmap/cog_hq_lawbot_maps.bam: not found on model path (currently: "/;/d/hollybae/Aly/Toontown-School-House/toontown/launcher;/c/Panda3D-1.11.0-x64/etc/..;/c/Panda3D-1.11.0-x64/etc/../models")
:12-29-2019 10:56:52 Loader: At end of block 'hood', expected 2, loaded 3, duration=0.7545179
:12-29-2019 10:56:54 Teleport(debug): teleportInDone: walk
:12-29-2019 10:56:54 :loader(error): Couldn't load file phase_4/models/questmap/cog_hq_lawbot_maps.bam: not found on model path (currently: "/;/d/hollybae/Aly/Toontown-School-House/toontown/launcher;/c/Panda3D-1.11.0-x64/etc/..;/c/Panda3D-1.11.0-x64/etc/../models")
:12-29-2019 10:56:56 TTOffMagicWordManager: Run mode has been toggled.
:12-29-2019 10:57:02 LawbotCogHQLoader: loadPlaceGeom: 13100
:12-29-2019 10:57:02 LawbotCogHQLoader: QA-REGRESSION: COGHQ: Visit LawbotLobby
:12-29-2019 10:57:02 LawbotHQExterior: Unloading Place (13000). Fsm in final
:12-29-2019 10:57:02 DistributedObject: DistributedSuitPlanner 401002972: disabling
:12-29-2019 10:57:02 DistributedToon: calling LocalAvatar.startchat
:12-29-2019 10:57:02 :loader(error): Couldn't load file phase_4/models/questmap/cog_hq_lawbot_maps.bam: not found on model path (currently: "/;/d/hollybae/Aly/Toontown-School-House/toontown/launcher;/c/Panda3D-1.11.0-x64/etc/..;/c/Panda3D-1.11.0-x64/etc/../models")
:12-29-2019 10:57:03 :loader(error): Couldn't load file phase_4/models/questmap/cog_hq_lawbot_maps.bam: not found on model path (currently: "/;/d/hollybae/Aly/Toontown-School-House/toontown/launcher;/c/Panda3D-1.11.0-x64/etc/..;/c/Panda3D-1.11.0-x64/etc/../models")
:12-29-2019 10:57:17 TTOffMagicWordManager: Run mode has been toggled.
:12-29-2019 10:57:17 TTOffMagicWordManager: You aren't in a CJ!
:12-29-2019 10:57:25 LawbotCogHQLoader: loadPlaceGeom: 61000
:12-29-2019 10:57:25 LawbotCogHQLoader(warning): loadPlaceGeom: unclassified zone 61000
:12-29-2019 10:57:25 CogHQLobby: Unloading Place (13100). Fsm in final
:12-29-2019 10:57:25 DistributedLawbotBoss(warning): Not a collision node: LawbotCourtroom3.egg/-PandaNode/CR3/interior/CR3_Floor
:12-29-2019 10:57:25 DistributedToon: calling LocalAvatar.startchat
:12-29-2019 10:57:25 LawbotHQBossBattle(warning): fsm.request('movie') returned 0 (zone id 61000, avatar pos LPoint3f(-0.363562, -126.204, 0.193903)).
:12-29-2019 10:57:39 LawbotHQBossBattle(warning): fsm.request('movie') returned 0 (zone id 61000, avatar pos LPoint3f(-0.363562, -126.204, 0.193903)).
Battle Event localtoon-battle-event-3
:12-29-2019 10:58:17 Actor(warning): called actor.removeNode() on actor without calling cleanup()
:12-29-2019 10:58:17 Actor(warning): called actor.removeNode() on actor without calling cleanup()
:12-29-2019 10:58:17 Actor(warning): called actor.removeNode() on actor without calling cleanup()
:12-29-2019 10:58:17 Actor(warning): called actor.removeNode() on actor without calling cleanup()
:12-29-2019 10:58:17 Actor(warning): called actor.removeNode() on actor without calling cleanup()
:12-29-2019 10:58:17 Actor(warning): called actor.removeNode() on actor without calling cleanup()
:12-29-2019 10:58:17 Actor(warning): called actor.removeNode() on actor without calling cleanup()
:12-29-2019 10:58:17 Actor(warning): called actor.removeNode() on actor without calling cleanup()
:12-29-2019 10:58:17 Actor(warning): called actor.removeNode() on actor without calling cleanup()
:12-29-2019 10:58:17 Actor(warning): called actor.removeNode() on actor without calling cleanup()
:12-29-2019 10:58:17 Actor(warning): called actor.removeNode() on actor without calling cleanup()
:12-29-2019 10:58:17 Actor(warning): called actor.removeNode() on actor without calling cleanup()
:12-29-2019 10:58:17 TTOffMagicWordManager: Restarting Scale Round
:12-29-2019 10:58:20 LawbotHQBossBattle(warning): fsm.request('finalBattle') returned 0 (zone id 61000, avatar pos LPoint3f(-3, 0, 0)).
:12-29-2019 10:58:20 TTOffMagicWordManager: Restarting Scale Round
:12-29-2019 10:58:24 TTOffMagicWordManager: Gave Hollybae an infinite amount of pies
:12-29-2019 10:58:26 TTOffMagicWordManager: Abracadabra!
:12-29-2019 10:58:31 LawbotHQBossBattle(warning): fsm.request('finalBattle') returned 0 (zone id 61000, avatar pos LPoint3f(-7.77887, -3.41115, -0.000550932)).
:12-29-2019 10:58:31 TTOffMagicWordManager: Restarting Scale Round
:12-29-2019 10:58:35 LawbotHQBossBattle(warning): fsm.request('finalBattle') returned 0 (zone id 61000, avatar pos LPoint3f(-40.1647, 0.714033, 0)).
:12-29-2019 10:58:35 TTOffMagicWordManager: Restarting Scale Round
:12-29-2019 11:01:08 LawbotHQBossBattle(warning): fsm.request('finalBattle') returned 0 (zone id 61000, avatar pos LPoint3f(-30.7279, 45.1048, -0.000299059)).
:12-29-2019 11:01:08 TTOffMagicWordManager: Restarting Scale Round
:12-29-2019 11:01:10 LawbotHQBossBattle(warning): fsm.request('finalBattle') returned 0 (zone id 61000, avatar pos LPoint3f(-3, 0, 0)).
:12-29-2019 11:01:10 TTOffMagicWordManager: Restarting Scale Round
:12-29-2019 11:01:16 LawbotHQBossBattle(warning): fsm.request('finalBattle') returned 0 (zone id 61000, avatar pos LPoint3f(-54.7088, 53.3191, 0)).
:12-29-2019 11:01:16 TTOffMagicWordManager: Restarting Scale Round
:12-29-2019 11:01:23 LawbotHQBossBattle(warning): fsm.request('finalBattle') returned 0 (zone id 61000, avatar pos LPoint3f(-53.9091, 46.4364, 0)).
:12-29-2019 11:01:23 TTOffMagicWordManager: Restarting Scale Round
:12-29-2019 11:01:28 LawbotHQBossBattle(warning): fsm.request('finalBattle') returned 0 (zone id 61000, avatar pos LPoint3f(-32.2155, 1.02836, 0)).
:12-29-2019 11:01:28 TTOffMagicWordManager: Restarting Scale Round
:12-29-2019 11:01:44 GarbageCollect(warning): garbage found, reverting gc threshold
frame rate: 190.5 fps|0.002d|13 avs||305|306||0x0000|0x0000|1010.9MB|1186.1MB|16235.6MB|575|nt.2.6.2|3.701,3.701|6,12 cpus|OpenGL
:12-29-2019 11:03:23 :linmath(warning): Tried to invert singular LMatrix3.
:12-29-2019 11:03:47 TTOffMagicWordManager: Abracadabra!
:12-29-2019 11:03:56 TTOffMagicWordManager: Abracadabra!
:12-29-2019 11:04:19 TTOffMagicWordManager: Abracadabra!
:12-29-2019 11:04:30 TTOffMagicWordManager: Presto!
:12-29-2019 11:04:53 TTOffMagicWordManager: Presto!
:12-29-2019 11:05:01 TTOffMagicWordManager: Alakazam!
:12-29-2019 11:05:15 TTOffMagicWordManager: Voila!
:12-29-2019 11:06:39 TTOffMagicWordManager: Alakazam!
frame rate: 233.5 fps|0.001d|13 avs||605|606||0x0000|0x0000|1367.1MB|1542.9MB|16235.6MB|689|nt.2.6.2|3.701,3.701|6,12 cpus|OpenGL
:12-29-2019 11:07:32 TTOffMagicWordManager: Voila!
:12-29-2019 11:08:29 TTOffMagicWordManager: Ta-da!
:12-29-2019 11:08:32 TTOffMagicWordManager: Voila!
:12-29-2019 11:08:41 TTOffMagicWordManager: Presto!
:12-29-2019 11:08:51 TTOffMagicWordManager: Alakazam!
:12-29-2019 11:08:56 TTOffMagicWordManager: Alakazam!
:12-29-2019 11:09:25 TTOffMagicWordManager: Ta-da!
:12-29-2019 11:09:30 TTOffMagicWordManager: Presto!
:12-29-2019 11:09:35 TTOffMagicWordManager: Presto!
:12-29-2019 11:09:40 TTOffMagicWordManager: Presto!
:12-29-2019 11:09:44 TTOffMagicWordManager: Voila!
:12-29-2019 11:09:53 TTOffMagicWordManager: Alakazam!
:12-29-2019 11:10:02 TTOffMagicWordManager: Alakazam!
:12-29-2019 11:10:11 TTOffMagicWordManager: Presto!
:12-29-2019 11:10:21 TTOffMagicWordManager: Voila!
:12-29-2019 11:10:35 TTOffMagicWordManager: Ta-da!
:12-29-2019 11:10:45 TTOffMagicWordManager: Ta-da!
:12-29-2019 11:10:56 TTOffMagicWordManager: Alakazam!
:12-29-2019 11:11:10 TTOffMagicWordManager: Presto!
:12-29-2019 11:11:21 TTOffMagicWordManager: Abracadabra!
:12-29-2019 11:11:34 TTOffMagicWordManager: Abracadabra!
frame rate: 203.3 fps|0.001d|13 avs||905|906||0x0000|0x0000|1747.4MB|1924.0MB|16235.6MB|811|nt.2.6.2|3.701,3.701|6,12 cpus|OpenGL
adding timeout task
adding timeout task
frame rate: 233.9 fps|0.001d|13 avs||1205|1206||0x0000|0x0000|2060.6MB|2237.9MB|16235.6MB|927|nt.2.6.2|3.701,3.701|6,12 cpus|OpenGL
:12-29-2019 11:17:29 TTOffMagicWordManager: Alakazam!
:12-29-2019 11:17:41 TTOffMagicWordManager: Abracadabra!
:12-29-2019 11:17:53 TTOffMagicWordManager: Ta-da!
:12-29-2019 11:18:02 TTOffMagicWordManager: Voila!
:12-29-2019 11:18:13 TTOffMagicWordManager: Voila!
:12-29-2019 11:18:29 TTOffMagicWordManager: Abracadabra!
adding timeout task
adding timeout task
frame rate: 150.6 fps|0.001d|13 avs||1505|1506||0x0000|0x0000|2348.8MB|2526.7MB|16235.6MB|1037|nt.2.6.2|3.701,3.701|6,12 cpus|OpenGL
adding timeout task
adding timeout task
:12-29-2019 11:26:49 TimeManager: Clock sync: timer
frame rate: 155.5 fps|0.002d|13 avs||1805|1806||0x0000|0x0000|2577.5MB|2755.9MB|16235.6MB|1120|nt.2.6.2|3.701,3.701|6,12 cpus|OpenGL
:12-29-2019 11:26:49 TimeManager: Clock sync roundtrip took 76.307 ms
:12-29-2019 11:26:49 TimeManager: AI time delta is -0:00 from server delta
:12-29-2019 11:26:49 ClockDelta: previous delta at -0.954 s, +/- 1.061 s.
:12-29-2019 11:26:49 ClockDelta: new delta at -1.485 s, +/- 0.038 s.
:12-29-2019 11:26:49 ClockDelta: intersection at -1.485 s, +/- 0.038 s.
:12-29-2019 11:26:49 TimeManager: Local clock uncertainty +/- 0.038 s
frame rate: 190.0 fps|0.002d|13 avs||2105|2106||0x0000|0x0000|2147.0MB|3007.4MB|16235.6MB|1209|nt.2.6.2|3.701,3.701|6,12 cpus|OpenGL
handling timeout
:12-29-2019 11:36:34 DistributedToon: closing shard...
:12-29-2019 11:36:34 LawbotHQBossBattle: Unloading Place (61000). Fsm in final
:12-29-2019 11:36:35 OTPClientRepository: Exiting shard
ignoring InputState-forward
:12-29-2019 11:36:35 OTPClientRepository: sending clientLogout
:12-29-2019 11:36:35 LocalAvatar(warning): redundant call to stopUpdateSmartCamera
:12-29-2019 11:36:35 OTPClientRepository(warning): Disable failed. DistObj 100000014 is not in dictionary, ownerView=True
:12-29-2019 11:41:05 StateData: AvatarChooser.enter
:12-29-2019 11:41:05 DisplayOptions: settingsFullScreen = False, embedded = False width=800 height=600
:12-29-2019 11:41:05 StateData: calling self.displayOptions.restrictToEmbedded(False)
:12-29-2019 11:41:08 OTPClientRepository: ================
:12-29-2019 11:41:08 OTPClientRepository: Chose avatar id: 100000014
:12-29-2019 11:41:08 OTPClientRepository: Chose avatar name: Hollybae
:12-29-2019 11:41:08 OTPClientRepository: Chose avatar dna: ('css', 'ms', 'm', 'm', 16, 0, 16, 16, 113, 27, 18, 27, 7, 21)
:12-29-2019 11:41:08 OTPClientRepository: Chose avatar position: 5
:12-29-2019 11:41:08 OTPClientRepository: isPaid: 1
:12-29-2019 11:41:08 OTPClientRepository: freeTimeLeft: 0
:12-29-2019 11:41:08 OTPClientRepository: allowSecretChat: True
:12-29-2019 11:41:08 OTPClientRepository: ================
:12-29-2019 11:41:08 Loader: starting bulk load of block 'localAvatarPlayGame'
local
:12-29-2019 11:41:08 NewsPageButtonManager(warning): Should not get here. NewsPageButtonManager.exitOff
:12-29-2019 11:41:08 :pnmimage:png(warning): iCCP: known incorrect sRGB profile
:12-29-2019 11:41:09 OTPClientRepository: Entering shard 401000001
:12-29-2019 11:41:09 TimeManager: Clock sync: TimeManager.announceGenerate
:12-29-2019 11:41:09 InGameNewsMgr: latestIssue=2013-08-22 16:49:46.000003-07:00
cpu info: GenuineIntel|Intel(R) Core(TM) i7-8700K CPU @ 3.70GHz|591594|0|3.701,3.701|6,12 cpus
:12-29-2019 11:41:09 OTPClientRepository: No sync from TimeManager.
:12-29-2019 11:41:09 OTPClientRepository: gotTimeSync
:12-29-2019 11:41:09 Loader: At end of block 'localAvatarPlayGame', expected 400, loaded 7, duration=1.728314
:12-29-2019 11:41:09 PlayGame: QA-REGRESSION: NEIGHBORHOODS: Visit Lawbot HQ
:12-29-2019 11:41:09 Loader: starting bulk load of block 'hood'
:12-29-2019 11:41:10 LawbotCogHQLoader: loadPlaceGeom: 13000
:12-29-2019 11:41:10 TimeManager: Clock sync roundtrip took 758.856 ms
:12-29-2019 11:41:10 TimeManager: AI time delta is -0:01 from server delta
:12-29-2019 11:41:10 ClockDelta: previous delta at -1.485 s, +/- 0.277 s.
:12-29-2019 11:41:10 ClockDelta: new delta at -1.143 s, +/- 0.379 s.
:12-29-2019 11:41:10 ClockDelta: intersection at -1.365 s, +/- 0.157 s.
:12-29-2019 11:41:10 TimeManager: Local clock uncertainty +/- 0.157 s
:12-29-2019 11:41:10 DistributedObject: DistributedSuitPlanner 401002972: generating
:12-29-2019 11:41:10 DistributedToon: calling LocalAvatar.startchat
:12-29-2019 11:41:10 :loader(error): Couldn't load file phase_4/models/questmap/cog_hq_lawbot_maps.bam: not found on model path (currently: "/;/d/hollybae/Aly/Toontown-School-House/toontown/launcher;/c/Panda3D-1.11.0-x64/etc/..;/c/Panda3D-1.11.0-x64/etc/../models")
:12-29-2019 11:41:10 Loader: At end of block 'hood', expected 2, loaded 3, duration=0.7278431
:12-29-2019 11:41:12 Teleport(debug): teleportInDone: walk
:12-29-2019 11:41:12 :loader(error): Couldn't load file phase_4/models/questmap/cog_hq_lawbot_maps.bam: not found on model path (currently: "/;/d/hollybae/Aly/Toontown-School-House/toontown/launcher;/c/Panda3D-1.11.0-x64/etc/..;/c/Panda3D-1.11.0-x64/etc/../models")
:12-29-2019 11:41:46 TTOffMagicWordManager: Run mode has been toggled.
:12-29-2019 11:41:53 LawbotCogHQLoader: loadPlaceGeom: 13100
:12-29-2019 11:41:53 LawbotCogHQLoader: QA-REGRESSION: COGHQ: Visit LawbotLobby
:12-29-2019 11:41:53 LawbotHQExterior: Unloading Place (13000). Fsm in final
:12-29-2019 11:41:53 DistributedObject: DistributedSuitPlanner 401002972: disabling
:12-29-2019 11:41:53 DistributedToon: calling LocalAvatar.startchat
:12-29-2019 11:41:53 :loader(error): Couldn't load file phase_4/models/questmap/cog_hq_lawbot_maps.bam: not found on model path (currently: "/;/d/hollybae/Aly/Toontown-School-House/toontown/launcher;/c/Panda3D-1.11.0-x64/etc/..;/c/Panda3D-1.11.0-x64/etc/../models")
:12-29-2019 11:41:54 :loader(error): Couldn't load file phase_4/models/questmap/cog_hq_lawbot_maps.bam: not found on model path (currently: "/;/d/hollybae/Aly/Toontown-School-House/toontown/launcher;/c/Panda3D-1.11.0-x64/etc/..;/c/Panda3D-1.11.0-x64/etc/../models")
:12-29-2019 11:42:01 TTOffMagicWordManager: Gave Hollybae an infinite amount of pies
:12-29-2019 11:42:02 TTOffMagicWordManager: Run mode has been toggled.
:12-29-2019 11:42:03 TTOffMagicWordManager: You aren't in a CJ!
:12-29-2019 11:42:07 LawbotCogHQLoader: loadPlaceGeom: 61001
:12-29-2019 11:42:07 LawbotCogHQLoader(warning): loadPlaceGeom: unclassified zone 61000
:12-29-2019 11:42:07 CogHQLobby: Unloading Place (13100). Fsm in final
:12-29-2019 11:42:07 DistributedLawbotBoss(warning): Not a collision node: LawbotCourtroom3.egg/-PandaNode/CR3/interior/CR3_Floor
:12-29-2019 11:42:07 DistributedToon: calling LocalAvatar.startchat
:12-29-2019 11:42:07 LawbotHQBossBattle(warning): fsm.request('movie') returned 0 (zone id 61001, avatar pos LPoint3f(-0.363562, -126.204, 0.193903)).
:12-29-2019 11:42:16 TTOffMagicWordManager: Restarting Scale Round
:12-29-2019 11:42:20 LawbotHQBossBattle(warning): fsm.request('finalBattle') returned 0 (zone id 61001, avatar pos LPoint3f(-28.3238, 24.3507, 0)).
:12-29-2019 11:42:20 TTOffMagicWordManager: Restarting Scale Round
:12-29-2019 11:43:31 TTOffMagicWordManager: Presto!
:12-29-2019 11:43:40 TTOffMagicWordManager: Ta-da!
:12-29-2019 11:43:54 TTOffMagicWordManager: Alakazam!
:12-29-2019 11:44:28 TTOffMagicWordManager: Presto!
:12-29-2019 11:44:57 TTOffMagicWordManager: Ta-da!
:12-29-2019 11:45:06 TTOffMagicWordManager: Ta-da!
:12-29-2019 11:45:17 TTOffMagicWordManager: Abracadabra!
frame rate: 242.0 fps|0.000d|13 avs||2965|2966||0x0000|0x0000|1949.8MB|3701.9MB|16235.6MB|1596|nt.2.6.2|3.701,3.701|6,12 cpus|OpenGL
adding timeout task
adding timeout task
frame rate: 238.0 fps|0.001d|13 avs||3265|3266||0x0000|0x0000|1809.5MB|3906.8MB|16235.6MB|2005|nt.2.6.2|3.701,3.701|6,12 cpus|OpenGL
adding timeout task
adding timeout task
frame rate: 239.7 fps|0.001d|13 avs||3565|3566||0x0000|0x0000|2011.7MB|4109.1MB|16235.6MB|2082|nt.2.6.2|3.701,3.701|6,12 cpus|OpenGL
frame rate: 219.2 fps|0.001d|13 avs||3865|3866||0x0000|0x0000|2235.9MB|4333.4MB|16235.6MB|2175|nt.2.6.2|3.701,3.701|6,12 cpus|OpenGL
adding timeout task
adding timeout task
frame rate: 262.3 fps|0.001d|13 avs||4165|4166||0x0000|0x0000|2473.3MB|4572.0MB|16235.6MB|2273|nt.2.6.2|3.701,3.701|6,12 cpus|OpenGL
:12-29-2019 12:07:37 ToonBase: User closed main window.
:12-29-2019 12:07:37 TimeManager: Client disconnect reason 2.
:12-29-2019 12:07:37 LawbotHQBossBattle: Unloading Place (61001). Fsm in final
:12-29-2019 12:07:37 OTPClientRepository(warning): unclean exit, abandoning shard
ignoring InputState-forward
:12-29-2019 12:07:37 OTPClientRepository: sending clientLogout
:12-29-2019 12:07:37 LocalAvatar(warning): redundant call to stopUpdateSmartCamera
:12-29-2019 12:07:37 OTPClientRepository: Sent disconnect message to server
:12-29-2019 12:07:37 OTPClientRepository: Closing connection to server.
:12-29-2019 12:07:37 OTPClientRepository: Exiting cleanly
:12-29-2019 12:07:37 ToonBase: Exiting Toontown: errorCode = None
:12-29-2019 12:07:37 TTOffLauncher: setting panda error code to 0
:12-29-2019 12:07:37 TTOffLauncher: Normal exit.
