

Starting Toontown Online...
Current time: Fri Dec 13 05:35:31 2019 Eastern Standard Time
sys.path =  ['', 'C:\\Panda3D-1.11.0-x64\\python\\python27.zip', 'C:\\Panda3D-1.11.0-x64', 'C:\\Panda3D-1.11.0-x64\\python\\DLLs', 'C:\\Panda3D-1.11.0-x64\\python\\lib', 'C:\\Panda3D-1.11.0-x64\\python\\lib\\plat-win', 'C:\\Panda3D-1.11.0-x64\\python\\lib\\lib-tk', 'C:\\Panda3D-1.11.0-x64\\python', 'C:\\Panda3D-1.11.0-x64\\bin', 'C:\\Panda3D-1.11.0-x64\\python\\lib\\site-packages']
sys.argv =  ['D:\\hollybae\\Aly\\Toontown-School-House\\toontown\\launcher\\TTOffQuickStartLauncher.py']
generating standard configrc
os.environ =  {'TMP': 'C:\\Users\\holla\\AppData\\Local\\Temp', 'COMPUTERNAME': 'HOLLYBAES-PC', 'USERDOMAIN': 'HOLLYBAES-PC', 'INTEL_DEV_REDIST': 'C:\\Program Files (x86)\\Common Files\\Intel\\Shared Libraries\\', 'PSMODULEPATH': 'C:\\Program Files\\WindowsPowerShell\\Modules;C:\\WINDOWS\\system32\\WindowsPowerShell\\v1.0\\Modules', 'COMMONPROGRAMFILES': 'C:\\Program Files\\Common Files', 'PROCESSOR_IDENTIFIER': 'Intel64 Family 6 Model 158 Stepping 10, GenuineIntel', 'VBOX_MSI_INSTALL_PATH': 'C:\\Program Files\\Oracle\\VirtualBox\\', 'PROGRAMFILES': 'C:\\Program Files', 'PROCESSOR_REVISION': '9e0a', 'PATH': 'C:\\Panda3D-1.11.0-x64\\panda3d\\..\\bin;C:\\Program Files (x86)\\Razer\\ChromaBroadcast\\bin;C:\\Program Files\\Razer\\ChromaBroadcast\\bin;C:\\Program Files (x86)\\Common Files\\Intel\\Shared Libraries\\redist\\intel64_win\\compiler;C:\\Program Files (x86)\\Common Files\\Oracle\\Java\\javapath;C:\\Program Files (x86)\\Common Files\\Intel\\Shared Libraries\\redist\\intel64\\compiler;C:\\WINDOWS\\system32;C:\\WINDOWS;C:\\WINDOWS\\System32\\Wbem;C:\\WINDOWS\\System32\\WindowsPowerShell\\v1.0\\;C:\\WINDOWS\\System32\\OpenSSH\\;C:\\Program Files\\NVIDIA Corporation\\NVIDIA NGX;C:\\Program Files (x86)\\NVIDIA Corporation\\PhysX\\Common;C:\\Program Files\\NVIDIA Corporation\\NVIDIA NvDLISR;C:\\WINDOWS\\system32;C:\\WINDOWS;C:\\WINDOWS\\System32\\Wbem;C:\\WINDOWS\\System32\\WindowsPowerShell\\v1.0\\;C:\\WINDOWS\\System32\\OpenSSH\\;D:\\hollybae\\ffmpeg-4.1.3-win64-static\\ffmpeg-4.1.3-win64-static\\bin;C:\\Program Files\\dotnet\\;C:\\WINDOWS\\system32\\config\\systemprofile\\AppData\\Local\\Microsoft\\WindowsApps;C:\\Program Files (x86)\\QuickTime\\QTSystem\\;C:\\Users\\holla\\AppData\\Local\\Microsoft\\WindowsApps;C:\\Panda3D-1.10.4.1-x64\\python;C:\\Panda3D-1.10.4.1-x64\\python\\Scripts;C:\\Panda3D-1.10.4.1-x64\\bin;C:\\Panda3D-1.11.0-x64\\python;C:\\Panda3D-1.11.0-x64\\python\\Scripts;C:\\Panda3D-1.11.0-x64\\bin', 'SYSTEMROOT': 'C:\\WINDOWS', 'MIC_LD_LIBRARY_PATH': 'C:\\Program Files (x86)\\Common Files\\Intel\\Shared Libraries\\compiler\\lib\\intel64_win_mic', 'COMSPEC': 'C:\\WINDOWS\\system32\\cmd.exe', 'DRIVERDATA': 'C:\\Windows\\System32\\Drivers\\DriverData', 'PPYTHON_PATH': '"C:\\Panda3D-1.11.0-x64\\python\\ppython.exe"', 'TEMP': 'C:\\Users\\holla\\AppData\\Local\\Temp', 'COMMONPROGRAMFILES(X86)': 'C:\\Program Files (x86)\\Common Files', 'PROCESSOR_ARCHITECTURE': 'AMD64', 'PROGRAMFILES(X86)': 'C:\\Program Files (x86)', 'ALLUSERSPROFILE': 'C:\\ProgramData', 'LOCALAPPDATA': 'C:\\Users\\holla\\AppData\\Local', 'FPS_BROWSER_USER_PROFILE_STRING': 'Default', 'HOMEPATH': '\\Users\\holla', 'USERDOMAIN_ROAMINGPROFILE': 'HOLLYBAES-PC', 'PROGRAMW6432': 'C:\\Program Files', 'USERNAME': 'holla', 'LOGONSERVER': '\\\\HOLLYBAES-PC', 'PROMPT': '$P$G', 'SESSIONNAME': 'Console', 'PROGRAMDATA': 'C:\\ProgramData', 'ONEDRIVE': 'C:\\Users\\holla\\OneDrive', 'FPS_BROWSER_APP_PROFILE_STRING': 'Internet Explorer', 'PATHEXT': '.COM;.EXE;.BAT;.CMD;.VBS;.VBE;.JS;.JSE;.WSF;.WSH;.MSC', 'TTOFF_LOGIN_TOKEN': 'dev', 'WINDIR': 'C:\\WINDOWS', 'APPDATA': 'C:\\Users\\holla\\AppData\\Roaming', 'HOMEDRIVE': 'C:', 'SYSTEMDRIVE': 'C:', 'NUMBER_OF_PROCESSORS': '12', 'PROCESSOR_LEVEL': '6', 'COMMONPROGRAMW6432': 'C:\\Program Files\\Common Files', 'OS': 'Windows_NT', 'PUBLIC': 'C:\\Users\\Public', 'USERPROFILE': 'C:\\Users\\holla'}
:12-13-2019 05:35:31 TTOffLauncher: isTestServer: 0
:12-13-2019 05:35:31 TTOffLauncher: Game Server 127.0.0.1
:12-13-2019 05:35:31 TTOffLauncher: Starting Toontown Online... 
:12-13-2019 05:35:31 TTOffLauncher: foreground: Launcher now operating in foreground
useTTOffSpecificLogin=True
:12-13-2019 05:35:31 TTOffLauncher: maybeStartGame: starting game
:12-13-2019 05:35:31 TTOffLauncher: Starting Toontown Online...
:12-13-2019 05:35:31 TTOffLauncher: background: Launcher now operating in background
ToontownStart: Polling for game2 to finish...
ToontownStart: Game2 is finished.
ToontownStart: Starting the game.
ToontownStart: setting default font
:12-13-2019 05:35:31 TTOffLauncher: setting panda error code to 7
Known pipe types:
  wglGraphicsPipe
(all display modules loaded.)
:12-13-2019 05:35:31 ToonBase: Default graphics pipe is wglGraphicsPipe (OpenGL).
:12-13-2019 05:35:31 ToonBase: Successfully opened window of type wglGraphicsWindow (OpenGL)
:12-13-2019 05:35:31 ShowBase: __dev__ == False
:12-13-2019 05:35:31 TTOffLauncher: setting panda error code to 11
:12-13-2019 05:35:31 TTOffLauncher: setting panda error code to 0
ToontownStart: Loading default gui sounds
ToontownStart: serverVersion:  tto-dev
:12-13-2019 05:35:31 Loader: starting bulk load of block 'init'
:12-13-2019 05:35:32 :nativenet(error): Buffered_DatagramConnection Constructor rbufsize = 4096000 wbufsize = 4096000 write_flush_point = 1400
:12-13-2019 05:35:32 OTPClientRepository: Using connect method 'http'
:12-13-2019 05:35:32 TTOffLauncher: getRegistry ('DEPLOYMENT', None)
:12-13-2019 05:35:32 TTOffLauncher: checking env
:12-13-2019 05:35:32 TTOffLauncher: getRegistry ('GAME_DEPLOYMENT', None)
:12-13-2019 05:35:32 TTOffLauncher: checking env
:12-13-2019 05:35:32 OTPClientRepository: reg_deployment=
:12-13-2019 05:35:32 OTPClientRepository: required-login auto.
:12-13-2019 05:35:32 OTPClientRepository: loginInterface: LoginTTOffAccount
:12-13-2019 05:35:32 TTOffLauncher: getNeedPwForSecretKey using ttoff-specific-login
:12-13-2019 05:35:32 Loader: At end of block 'init', expected 138, loaded 5, duration=1.0109155
:12-13-2019 05:35:32 OTPClientRepository: Connecting to gameserver directly (no proxy).
:12-13-2019 05:35:32 OTPClientRepository: Connecting to //127.0.0.1:7198 via HTTP interface.
:12-13-2019 05:35:32 TTOffLauncher: Stopping mini task manager.
:12-13-2019 05:35:32 OTPClientRepository: Successfully connected to //127.0.0.1:7198.
:12-13-2019 05:35:32 TTOffLauncher: Setting Disconnect Details normal
{401000001: <toontown.distributed.ToontownDistrict.ToontownDistrict instance at 0x000000001D2AB748>}
:12-13-2019 05:35:33 StateData: AvatarChooser.enter
:12-13-2019 05:35:33 DisplayOptions: settingsFullScreen = False, embedded = False width=800 height=600
:12-13-2019 05:35:33 StateData: calling self.displayOptions.restrictToEmbedded(False)
:12-13-2019 05:35:35 OTPClientRepository: ================
:12-13-2019 05:35:35 OTPClientRepository: Chose avatar id: 100000014
:12-13-2019 05:35:35 OTPClientRepository: Chose avatar name: Hollybae
:12-13-2019 05:35:35 OTPClientRepository: Chose avatar dna: ('css', 'ms', 'm', 'm', 16, 0, 16, 16, 113, 27, 18, 27, 7, 21)
:12-13-2019 05:35:35 OTPClientRepository: Chose avatar position: 5
:12-13-2019 05:35:35 OTPClientRepository: isPaid: 1
:12-13-2019 05:35:35 OTPClientRepository: freeTimeLeft: 0
:12-13-2019 05:35:35 OTPClientRepository: allowSecretChat: True
:12-13-2019 05:35:35 OTPClientRepository: ================
:12-13-2019 05:35:35 Loader: starting bulk load of block 'localAvatarPlayGame'
:12-13-2019 05:35:35 ToontownTimeManager(warning): error parsing date string=
local
:12-13-2019 05:35:36 NewsPageButtonManager(warning): Should not get here. NewsPageButtonManager.exitOff
:12-13-2019 05:35:36 :pnmimage:png(warning): iCCP: known incorrect sRGB profile
:12-13-2019 05:35:37 OTPClientRepository: Entering shard 401000001
:12-13-2019 05:35:37 StreetSign: Street sign url is https://ttoffline.com/images/
:12-13-2019 05:35:38 StreetSign: Street Sign is up to date
:12-13-2019 05:35:38 TimeManager: Clock sync: TimeManager.announceGenerate
:12-13-2019 05:35:38 InGameNewsMgr: latestIssue=2013-08-22 16:49:46.000003-07:00
cpu info: GenuineIntel|Intel(R) Core(TM) i7-8700K CPU @ 3.70GHz|591594|0|3.701,3.701|6,12 cpus
:12-13-2019 05:35:39 OTPClientRepository: No sync from TimeManager.
:12-13-2019 05:35:39 OTPClientRepository: gotTimeSync
:12-13-2019 05:35:39 Loader: At end of block 'localAvatarPlayGame', expected 400, loaded 8, duration=4.0134536
:12-13-2019 05:35:39 TimeManager: Clock sync roundtrip took 1058.836 ms
:12-13-2019 05:35:39 TimeManager: AI time delta is -0:01 from server delta
:12-13-2019 05:35:39 TimeManager: Local clock uncertainty +/- 0.530 s
:12-13-2019 05:35:39 PlayGame: QA-REGRESSION: NEIGHBORHOODS: Visit Lawbot HQ
:12-13-2019 05:35:39 Loader: starting bulk load of block 'hood'
:12-13-2019 05:35:40 LawbotCogHQLoader: loadPlaceGeom: 13000
:12-13-2019 05:35:40 DistributedObject: DistributedSuitPlanner 401002972: generating
:12-13-2019 05:35:40 DistributedToon: calling LocalAvatar.startchat
:12-13-2019 05:35:40 :loader(error): Couldn't load file phase_4/models/questmap/cog_hq_lawbot_maps.bam: not found on model path (currently: "/;/d/hollybae/Aly/Toontown-School-House/toontown/launcher;/c/Panda3D-1.11.0-x64/etc/..;/c/Panda3D-1.11.0-x64/etc/../models")
:12-13-2019 05:35:40 Loader: At end of block 'hood', expected 2, loaded 3, duration=0.7443189
:12-13-2019 05:35:41 Teleport(debug): teleportInDone: walk
:12-13-2019 05:35:41 :loader(error): Couldn't load file phase_4/models/questmap/cog_hq_lawbot_maps.bam: not found on model path (currently: "/;/d/hollybae/Aly/Toontown-School-House/toontown/launcher;/c/Panda3D-1.11.0-x64/etc/..;/c/Panda3D-1.11.0-x64/etc/../models")
:12-13-2019 05:36:02 TTOffMagicWordManager: Run mode has been toggled.
:12-13-2019 05:36:08 LawbotCogHQLoader: loadPlaceGeom: 13100
:12-13-2019 05:36:08 LawbotCogHQLoader: QA-REGRESSION: COGHQ: Visit LawbotLobby
:12-13-2019 05:36:08 LawbotHQExterior: Unloading Place (13000). Fsm in final
:12-13-2019 05:36:08 DistributedObject: DistributedSuitPlanner 401002972: disabling
:12-13-2019 05:36:08 DistributedToon: calling LocalAvatar.startchat
:12-13-2019 05:36:08 :loader(error): Couldn't load file phase_4/models/questmap/cog_hq_lawbot_maps.bam: not found on model path (currently: "/;/d/hollybae/Aly/Toontown-School-House/toontown/launcher;/c/Panda3D-1.11.0-x64/etc/..;/c/Panda3D-1.11.0-x64/etc/../models")
:12-13-2019 05:36:09 :loader(error): Couldn't load file phase_4/models/questmap/cog_hq_lawbot_maps.bam: not found on model path (currently: "/;/d/hollybae/Aly/Toontown-School-House/toontown/launcher;/c/Panda3D-1.11.0-x64/etc/..;/c/Panda3D-1.11.0-x64/etc/../models")
:12-13-2019 05:36:22 LawbotCogHQLoader: loadPlaceGeom: 61000
:12-13-2019 05:36:22 LawbotCogHQLoader(warning): loadPlaceGeom: unclassified zone 61000
:12-13-2019 05:36:22 CogHQLobby: Unloading Place (13100). Fsm in final
:12-13-2019 05:36:23 DistributedLawbotBoss(warning): Not a collision node: LawbotCourtroom3.egg/-PandaNode/CR3/interior/CR3_Floor
:12-13-2019 05:36:23 DistributedToon: calling LocalAvatar.startchat
:12-13-2019 05:36:23 OTPClientRepository: Sending heartbeat mid-frame.
:12-13-2019 05:36:23 LawbotHQBossBattle(warning): fsm.request('movie') returned 0 (zone id 61000, avatar pos LPoint3f(-0.363562, -126.204, 0.193903)).
:12-13-2019 05:36:24 TTOffMagicWordManager: Run mode has been toggled.
:12-13-2019 05:36:26 TTOffMagicWordManager: Restarting Scale Round
:12-13-2019 05:36:30 LawbotHQBossBattle(warning): fsm.request('finalBattle') returned 0 (zone id 61000, avatar pos LPoint3f(-3, 0, 0)).
:12-13-2019 05:36:30 TTOffMagicWordManager: Restarting Scale Round
:12-13-2019 05:36:34 TTOffMagicWordManager: Gave Hollybae an infinite amount of pies
:12-13-2019 05:36:35 LawbotHQBossBattle(warning): fsm.request('finalBattle') returned 0 (zone id 61000, avatar pos LPoint3f(-13.5072, -2.46617, 0)).
:12-13-2019 05:36:35 TTOffMagicWordManager: Restarting Scale Round
:12-13-2019 05:36:39 LawbotHQBossBattle(warning): fsm.request('finalBattle') returned 0 (zone id 61000, avatar pos LPoint3f(-44.8505, 8.81785, 0)).
:12-13-2019 05:36:39 TTOffMagicWordManager: Restarting Scale Round
:12-13-2019 05:36:42 LawbotHQBossBattle(warning): fsm.request('finalBattle') returned 0 (zone id 61000, avatar pos LPoint3f(-9.70931, 6.50248, 0)).
:12-13-2019 05:36:42 TTOffMagicWordManager: Restarting Scale Round
:12-13-2019 05:36:44 LawbotHQBossBattle(warning): fsm.request('finalBattle') returned 0 (zone id 61000, avatar pos LPoint3f(-3, 0, 0)).
:12-13-2019 05:36:44 TTOffMagicWordManager: Restarting Scale Round
:12-13-2019 05:36:52 LawbotHQBossBattle(warning): fsm.request('finalBattle') returned 0 (zone id 61000, avatar pos LPoint3f(-56.0305, 53.9339, 0)).
:12-13-2019 05:36:52 TTOffMagicWordManager: Restarting Scale Round
adding timeout task
adding timeout task
:12-13-2019 05:40:32 GarbageCollect(warning): garbage found, reverting gc threshold
frame rate: 281.4 fps|0.001d|13 avs||305|305||0x0000|0x0000|1002.2MB|1173.9MB|16235.6MB|577|nt.2.6.2|3.701,3.701|6,12 cpus|OpenGL
:12-13-2019 05:45:08 :linmath(warning): Tried to invert singular LMatrix3.
frame rate: 270.5 fps|0.000d|13 avs||605|605||0x0000|0x0000|1315.0MB|1487.2MB|16235.6MB|679|nt.2.6.2|3.701,3.701|6,12 cpus|OpenGL
:12-13-2019 05:48:22 ToonBase: User closed main window.
:12-13-2019 05:48:22 TimeManager: Client disconnect reason 2.
:12-13-2019 05:48:22 LawbotHQBossBattle: Unloading Place (61000). Fsm in final
:12-13-2019 05:48:22 OTPClientRepository(warning): unclean exit, abandoning shard
ignoring InputState-forward
:12-13-2019 05:48:22 OTPClientRepository: sending clientLogout
:12-13-2019 05:48:22 LocalAvatar(warning): redundant call to stopUpdateSmartCamera
:12-13-2019 05:48:22 OTPClientRepository: Sent disconnect message to server
:12-13-2019 05:48:22 OTPClientRepository: Closing connection to server.
:12-13-2019 05:48:22 OTPClientRepository: Exiting cleanly
:12-13-2019 05:48:22 ToonBase: Exiting Toontown: errorCode = None
:12-13-2019 05:48:22 TTOffLauncher: setting panda error code to 0
:12-13-2019 05:48:22 TTOffLauncher: Normal exit.
