

Starting Toontown Online...
Current time: Fri Oct 16 03:47:43 2020 Eastern Standard Time
sys.path =  ['', 'C:\\Panda3D-1.11.0-x64\\python\\python27.zip', 'C:\\Panda3D-1.11.0-x64', 'C:\\Panda3D-1.11.0-x64\\python\\DLLs', 'C:\\Panda3D-1.11.0-x64\\python\\lib', 'C:\\Panda3D-1.11.0-x64\\python\\lib\\plat-win', 'C:\\Panda3D-1.11.0-x64\\python\\lib\\lib-tk', 'C:\\Panda3D-1.11.0-x64\\python', 'C:\\Panda3D-1.11.0-x64\\bin', 'C:\\Panda3D-1.11.0-x64\\python\\lib\\site-packages']
sys.argv =  ['D:\\hollybae\\Aly\\Toontown-School-House\\toontown\\launcher\\TTOffQuickStartLauncher.py']
generating standard configrc
os.environ =  {'TMP': 'C:\\Users\\holla\\AppData\\Local\\Temp', 'ONEDRIVECONSUMER': 'C:\\Users\\holla\\OneDrive', 'COMPUTERNAME': 'HOLLYBAES-PC', 'USERDOMAIN': 'HOLLYBAES-PC', 'INTEL_DEV_REDIST': 'C:\\Program Files (x86)\\Common Files\\Intel\\Shared Libraries\\', 'PSMODULEPATH': 'C:\\Program Files\\WindowsPowerShell\\Modules;C:\\WINDOWS\\system32\\WindowsPowerShell\\v1.0\\Modules', 'COMMONPROGRAMFILES': 'C:\\Program Files\\Common Files', 'PROCESSOR_IDENTIFIER': 'Intel64 Family 6 Model 158 Stepping 10, GenuineIntel', 'PROGRAMFILES': 'C:\\Program Files', 'PROCESSOR_REVISION': '9e0a', 'SYSTEMROOT': 'C:\\WINDOWS', 'PATH': 'C:\\Panda3D-1.11.0-x64\\panda3d\\..\\bin;C:\\Program Files (x86)\\Razer\\ChromaBroadcast\\bin;C:\\Program Files\\Razer\\ChromaBroadcast\\bin;C:\\Program Files (x86)\\Common Files\\Intel\\Shared Libraries\\redist\\intel64\\compiler;C:\\Program Files (x86)\\Common Files\\Oracle\\Java\\javapath;C:\\WINDOWS\\system32;C:\\WINDOWS;C:\\WINDOWS\\System32\\Wbem;C:\\WINDOWS\\System32\\WindowsPowerShell\\v1.0\\;C:\\WINDOWS\\System32\\OpenSSH\\;C:\\Program Files (x86)\\NVIDIA Corporation\\PhysX\\Common;C:\\Program Files\\NVIDIA Corporation\\NVIDIA NvDLISR;C:\\WINDOWS\\system32\\config\\systemprofile\\AppData\\Local\\Microsoft\\WindowsApps;C:\\Users\\holla\\AppData\\Local\\Microsoft\\WindowsApps;C:\\Panda3D-1.11.0-x64\\python;C:\\Panda3D-1.11.0-x64\\python\\Scripts;C:\\Panda3D-1.11.0-x64\\bin', 'MIC_LD_LIBRARY_PATH': 'C:\\Program Files (x86)\\Common Files\\Intel\\Shared Libraries\\compiler\\lib\\mic', 'COMSPEC': 'C:\\WINDOWS\\system32\\cmd.exe', 'DRIVERDATA': 'C:\\Windows\\System32\\Drivers\\DriverData', 'PPYTHON_PATH': '"C:\\Panda3D-1.11.0-x64\\python\\ppython.exe"', 'TEMP': 'C:\\Users\\holla\\AppData\\Local\\Temp', 'COMMONPROGRAMFILES(X86)': 'C:\\Program Files (x86)\\Common Files', 'PROCESSOR_ARCHITECTURE': 'AMD64', 'PROGRAMFILES(X86)': 'C:\\Program Files (x86)', 'ALLUSERSPROFILE': 'C:\\ProgramData', 'LOCALAPPDATA': 'C:\\Users\\holla\\AppData\\Local', 'HOMEPATH': '\\Users\\holla', 'USERDOMAIN_ROAMINGPROFILE': 'HOLLYBAES-PC', 'PROGRAMW6432': 'C:\\Program Files', 'USERNAME': 'holla', 'LOGONSERVER': '\\\\HOLLYBAES-PC', 'PROMPT': '$P$G', 'SESSIONNAME': 'Console', 'PROGRAMDATA': 'C:\\ProgramData', 'ONEDRIVE': 'C:\\Users\\holla\\OneDrive', 'PATHEXT': '.COM;.EXE;.BAT;.CMD;.VBS;.VBE;.JS;.JSE;.WSF;.WSH;.MSC', 'TTOFF_LOGIN_TOKEN': 'dev', 'WINDIR': 'C:\\WINDOWS', 'APPDATA': 'C:\\Users\\holla\\AppData\\Roaming', 'HOMEDRIVE': 'C:', 'SYSTEMDRIVE': 'C:', 'NUMBER_OF_PROCESSORS': '12', 'PROCESSOR_LEVEL': '6', 'RG_GPU_FRAMEWORK_ENGINE_RESOURCEDIR': 'C:\\Program Files\\Red Giant\\RGFX', 'COMMONPROGRAMW6432': 'C:\\Program Files\\Common Files', 'OS': 'Windows_NT', 'PUBLIC': 'C:\\Users\\Public', 'USERPROFILE': 'C:\\Users\\holla'}
:10-16-2020 03:47:43 TTOffLauncher: isTestServer: 0
:10-16-2020 03:47:43 TTOffLauncher: Game Server 127.0.0.1
:10-16-2020 03:47:43 TTOffLauncher: Starting Toontown Online... 
:10-16-2020 03:47:43 TTOffLauncher: foreground: Launcher now operating in foreground
useTTOffSpecificLogin=True
:10-16-2020 03:47:43 TTOffLauncher: maybeStartGame: starting game
:10-16-2020 03:47:43 TTOffLauncher: Starting Toontown Online...
:10-16-2020 03:47:43 TTOffLauncher: background: Launcher now operating in background
ToontownStart: Polling for game2 to finish...
ToontownStart: Game2 is finished.
ToontownStart: Starting the game.
ToontownStart: setting default font
:10-16-2020 03:47:43 TTOffLauncher: setting panda error code to 7
Known pipe types:
  wglGraphicsPipe
(all display modules loaded.)
:10-16-2020 03:47:43 ToonBase: Default graphics pipe is wglGraphicsPipe (OpenGL).
:10-16-2020 03:47:43 ToonBase: Successfully opened window of type wglGraphicsWindow (OpenGL)
:10-16-2020 03:47:43 ShowBase: __dev__ == False
:10-16-2020 03:47:43 TTOffLauncher: setting panda error code to 11
:10-16-2020 03:47:43 TTOffLauncher: setting panda error code to 0
ToontownStart: Loading default gui sounds
ToontownStart: serverVersion:  tto-dev
:10-16-2020 03:47:43 Loader: starting bulk load of block 'init'
:10-16-2020 03:47:44 :nativenet(error): Buffered_DatagramConnection Constructor rbufsize = 4096000 wbufsize = 4096000 write_flush_point = 1400
:10-16-2020 03:47:44 OTPClientRepository: Using connect method 'http'
:10-16-2020 03:47:45 TTOffLauncher: getRegistry ('DEPLOYMENT', None)
:10-16-2020 03:47:45 TTOffLauncher: checking env
:10-16-2020 03:47:45 TTOffLauncher: getRegistry ('GAME_DEPLOYMENT', None)
:10-16-2020 03:47:45 TTOffLauncher: checking env
:10-16-2020 03:47:45 OTPClientRepository: reg_deployment=
:10-16-2020 03:47:45 OTPClientRepository: required-login auto.
:10-16-2020 03:47:45 OTPClientRepository: loginInterface: LoginTTOffAccount
:10-16-2020 03:47:45 TTOffLauncher: getNeedPwForSecretKey using ttoff-specific-login
:10-16-2020 03:47:45 Loader: At end of block 'init', expected 138, loaded 6, duration=1.2870718
:10-16-2020 03:47:45 OTPClientRepository: Connecting to gameserver directly (no proxy).
:10-16-2020 03:47:45 OTPClientRepository: Connecting to //127.0.0.1:7198 via HTTP interface.
:10-16-2020 03:47:45 TTOffLauncher: Stopping mini task manager.
:10-16-2020 03:47:45 OTPClientRepository: Successfully connected to //127.0.0.1:7198.
:10-16-2020 03:47:45 TTOffLauncher: Setting Disconnect Details normal
{401000001: <toontown.distributed.ToontownDistrict.ToontownDistrict instance at 0x0000000019E9F788>}
:10-16-2020 03:47:46 StateData: AvatarChooser.enter
:10-16-2020 03:47:46 DisplayOptions: settingsFullScreen = False, embedded = False width=800 height=600
:10-16-2020 03:47:46 StateData: calling self.displayOptions.restrictToEmbedded(False)
:10-16-2020 03:47:48 OTPClientRepository: ================
:10-16-2020 03:47:48 OTPClientRepository: Chose avatar id: 100000001
:10-16-2020 03:47:48 OTPClientRepository: Chose avatar name: Aeterna
:10-16-2020 03:47:48 OTPClientRepository: Chose avatar dna: ('css', 'ms', 'm', 'f', 26, 0, 21, 26, 3, 11, 3, 11, 8, 12)
:10-16-2020 03:47:48 OTPClientRepository: Chose avatar position: 1
:10-16-2020 03:47:48 OTPClientRepository: isPaid: 1
:10-16-2020 03:47:48 OTPClientRepository: freeTimeLeft: 0
:10-16-2020 03:47:48 OTPClientRepository: allowSecretChat: True
:10-16-2020 03:47:48 OTPClientRepository: ================
:10-16-2020 03:47:48 Loader: starting bulk load of block 'localAvatarPlayGame'
:10-16-2020 03:47:48 ToontownTimeManager(warning): error parsing date string=
local
:10-16-2020 03:47:48 NewsPageButtonManager(warning): Should not get here. NewsPageButtonManager.exitOff
:10-16-2020 03:47:49 :pnmimage:png(warning): iCCP: known incorrect sRGB profile
:10-16-2020 03:47:50 OTPClientRepository: Entering shard 401000001
:10-16-2020 03:47:50 StreetSign: Street sign url is https://ttoffline.com/images/
:10-16-2020 03:47:51 StreetSign: Street Sign is up to date
:10-16-2020 03:47:51 TimeManager: Clock sync: TimeManager.announceGenerate
:10-16-2020 03:47:51 InGameNewsMgr: latestIssue=2013-08-22 16:49:46.000003-07:00
cpu info: GenuineIntel|Intel(R) Core(TM) i7-8700K CPU @ 3.70GHz|591594|0|3.696,3.696|6,12 cpus
:10-16-2020 03:47:52 OTPClientRepository: No sync from TimeManager.
:10-16-2020 03:47:52 OTPClientRepository: gotTimeSync
:10-16-2020 03:47:52 Loader: At end of block 'localAvatarPlayGame', expected 400, loaded 10, duration=4.2315507
:10-16-2020 03:47:52 TimeManager: Clock sync roundtrip took 1074.366 ms
:10-16-2020 03:47:52 TimeManager: AI time delta is -0:01 from server delta
:10-16-2020 03:47:52 TimeManager: Local clock uncertainty +/- 0.537 s
:10-16-2020 03:47:52 PlayGame: QA-REGRESSION: NEIGHBORHOODS: Visit Lawbot HQ
:10-16-2020 03:47:52 Loader: starting bulk load of block 'hood'
:10-16-2020 03:47:53 LawbotCogHQLoader: loadPlaceGeom: 13000
:10-16-2020 03:47:53 DistributedObject: DistributedSuitPlanner 401002972: generating
:10-16-2020 03:47:53 DistributedToon: calling LocalAvatar.startchat
:10-16-2020 03:47:53 :loader(error): Couldn't load file phase_4/models/questmap/cog_hq_lawbot_maps.bam: not found on model path (currently: "/;/d/hollybae/Aly/Toontown-School-House/toontown/launcher;/c/Panda3D-1.11.0-x64/etc/..;/c/Panda3D-1.11.0-x64/etc/../models")
:10-16-2020 03:47:53 Loader: At end of block 'hood', expected 2, loaded 3, duration=0.6698216
:10-16-2020 03:47:54 Teleport(debug): teleportInDone: walk
:10-16-2020 03:47:54 :loader(error): Couldn't load file phase_4/models/questmap/cog_hq_lawbot_maps.bam: not found on model path (currently: "/;/d/hollybae/Aly/Toontown-School-House/toontown/launcher;/c/Panda3D-1.11.0-x64/etc/..;/c/Panda3D-1.11.0-x64/etc/../models")
:10-16-2020 03:47:58 TTOffMagicWordManager: God mode enabled for Aeterna!
:10-16-2020 03:48:02 LawbotCogHQLoader: loadPlaceGeom: 13100
:10-16-2020 03:48:02 LawbotCogHQLoader: QA-REGRESSION: COGHQ: Visit LawbotLobby
:10-16-2020 03:48:02 LawbotHQExterior: Unloading Place (13000). Fsm in final
:10-16-2020 03:48:02 DistributedObject: DistributedSuitPlanner 401002972: disabling
:10-16-2020 03:48:03 DistributedToon: calling LocalAvatar.startchat
:10-16-2020 03:48:03 :loader(error): Couldn't load file phase_4/models/questmap/cog_hq_lawbot_maps.bam: not found on model path (currently: "/;/d/hollybae/Aly/Toontown-School-House/toontown/launcher;/c/Panda3D-1.11.0-x64/etc/..;/c/Panda3D-1.11.0-x64/etc/../models")
:10-16-2020 03:48:04 :loader(error): Couldn't load file phase_4/models/questmap/cog_hq_lawbot_maps.bam: not found on model path (currently: "/;/d/hollybae/Aly/Toontown-School-House/toontown/launcher;/c/Panda3D-1.11.0-x64/etc/..;/c/Panda3D-1.11.0-x64/etc/../models")
:10-16-2020 03:48:09 TTOffMagicWordManager: Run mode has been toggled.
:10-16-2020 03:48:10 LawbotCogHQLoader: loadPlaceGeom: 13000
:10-16-2020 03:48:10 CogHQLobby: Unloading Place (13100). Fsm in final
:10-16-2020 03:48:10 DistributedObject: DistributedSuitPlanner 401002972: generating
:10-16-2020 03:48:10 DistributedToon: calling LocalAvatar.startchat
:10-16-2020 03:48:10 :loader(error): Couldn't load file phase_4/models/questmap/cog_hq_lawbot_maps.bam: not found on model path (currently: "/;/d/hollybae/Aly/Toontown-School-House/toontown/launcher;/c/Panda3D-1.11.0-x64/etc/..;/c/Panda3D-1.11.0-x64/etc/../models")
:10-16-2020 03:48:11 :loader(error): Couldn't load file phase_4/models/questmap/cog_hq_lawbot_maps.bam: not found on model path (currently: "/;/d/hollybae/Aly/Toontown-School-House/toontown/launcher;/c/Panda3D-1.11.0-x64/etc/..;/c/Panda3D-1.11.0-x64/etc/../models")
:10-16-2020 03:48:17 ShtikerBook: QA-REGRESSION: SHTICKERBOOK: Open
:10-16-2020 03:48:18 ShtikerBook: QA-REGRESSION: SHTICKERBOOK: Browse tabs Spellbook
:10-16-2020 03:48:45 ShtikerBook: QA-REGRESSION: SHTICKERBOOK: Close
:10-16-2020 03:48:47 :loader(error): Couldn't load file phase_4/models/questmap/cog_hq_lawbot_maps.bam: not found on model path (currently: "/;/d/hollybae/Aly/Toontown-School-House/toontown/launcher;/c/Panda3D-1.11.0-x64/etc/..;/c/Panda3D-1.11.0-x64/etc/../models")
:10-16-2020 03:48:48 TTOffMagicWordManager: Invalid toon part specified!
:10-16-2020 03:48:51 TTOffMagicWordManager: Invalid toon part specified!
:10-16-2020 03:48:55 TTOffMagicWordManager: Presto!
:10-16-2020 03:49:02 TTOffMagicWordManager: Ta-da!
:10-16-2020 03:49:07 TTOffMagicWordManager: Presto!
:10-16-2020 03:49:17 TTOffMagicWordManager: Invalid toon part specified!
:10-16-2020 03:49:20 ShtikerBook: QA-REGRESSION: SHTICKERBOOK: Open
:10-16-2020 03:51:20 ShtikerBook: QA-REGRESSION: SHTICKERBOOK: Close
:10-16-2020 03:51:22 :loader(error): Couldn't load file phase_4/models/questmap/cog_hq_lawbot_maps.bam: not found on model path (currently: "/;/d/hollybae/Aly/Toontown-School-House/toontown/launcher;/c/Panda3D-1.11.0-x64/etc/..;/c/Panda3D-1.11.0-x64/etc/../models")
adding timeout task
adding timeout task
:10-16-2020 03:52:44 GarbageCollect(warning): garbage found, reverting gc threshold
frame rate: 157.9 fps|0.002d|11 avs||306|306||0x0000|0x0000|647.2MB|733.3MB|32619.6MB|436|nt.2.6.2|3.696,3.696|6,12 cpus|OpenGL
:10-16-2020 03:55:39 ShtikerBook: QA-REGRESSION: SHTICKERBOOK: Open
:10-16-2020 03:55:41 ShtikerBook: QA-REGRESSION: SHTICKERBOOK: Close
:10-16-2020 03:55:46 TimeManager: Client disconnect reason 1.
:10-16-2020 03:55:46 LawbotHQExterior: Unloading Place (13000). Fsm in final
:10-16-2020 03:55:46 OTPClientRepository: Exiting shard
:10-16-2020 03:55:46 DistributedObject: DistributedSuitPlanner 401002972: disabling
ignoring InputState-forward
:10-16-2020 03:55:46 OTPClientRepository: sending clientLogout
:10-16-2020 03:55:47 LocalAvatar(warning): redundant call to stopUpdateSmartCamera
:10-16-2020 03:55:47 OTPClientRepository(warning): Disable failed. DistObj 100000001 is not in dictionary, ownerView=True
:10-16-2020 03:55:47 StateData: AvatarChooser.enter
:10-16-2020 03:55:47 DisplayOptions: settingsFullScreen = False, embedded = False width=800 height=600
:10-16-2020 03:55:47 StateData: calling self.displayOptions.restrictToEmbedded(False)
:10-16-2020 04:09:01 OTPClientRepository: ================
:10-16-2020 04:09:01 OTPClientRepository: Chose avatar id: 100000014
:10-16-2020 04:09:01 OTPClientRepository: Chose avatar name: Holland
:10-16-2020 04:09:01 OTPClientRepository: Chose avatar dna: ('css', 'ms', 'm', 'm', 16, 0, 16, 16, 113, 27, 99, 27, 7, 21)
:10-16-2020 04:09:01 OTPClientRepository: Chose avatar position: 5
:10-16-2020 04:09:01 OTPClientRepository: isPaid: 1
:10-16-2020 04:09:01 OTPClientRepository: freeTimeLeft: 0
:10-16-2020 04:09:01 OTPClientRepository: allowSecretChat: True
:10-16-2020 04:09:01 OTPClientRepository: ================
:10-16-2020 04:09:01 Loader: starting bulk load of block 'localAvatarPlayGame'
local
:10-16-2020 04:09:02 NewsPageButtonManager(warning): Should not get here. NewsPageButtonManager.exitOff
:10-16-2020 04:09:02 :pnmimage:png(warning): iCCP: known incorrect sRGB profile
:10-16-2020 04:09:04 OTPClientRepository: Entering shard 401000001
:10-16-2020 04:09:04 TimeManager: Clock sync: TimeManager.announceGenerate
:10-16-2020 04:09:04 InGameNewsMgr: latestIssue=2013-08-22 16:49:46.000003-07:00
cpu info: GenuineIntel|Intel(R) Core(TM) i7-8700K CPU @ 3.70GHz|591594|0|3.696,3.696|6,12 cpus
:10-16-2020 04:09:04 OTPClientRepository: No sync from TimeManager.
:10-16-2020 04:09:04 OTPClientRepository: gotTimeSync
:10-16-2020 04:09:04 Loader: At end of block 'localAvatarPlayGame', expected 400, loaded 12, duration=2.7659076
:10-16-2020 04:09:04 TimeManager: Clock sync roundtrip took 68.206 ms
:10-16-2020 04:09:04 TimeManager: AI time delta is -0:00 from server delta
:10-16-2020 04:09:04 ClockDelta: previous delta at -0.989 s, +/- 0.891 s.
:10-16-2020 04:09:04 ClockDelta: new delta at -1.467 s, +/- 0.034 s.
:10-16-2020 04:09:04 ClockDelta: intersection at -1.467 s, +/- 0.034 s.
:10-16-2020 04:09:04 TimeManager: Local clock uncertainty +/- 0.034 s
:10-16-2020 04:09:04 PlayGame: QA-REGRESSION: NEIGHBORHOODS: Visit The Brrrgh
:10-16-2020 04:09:04 Loader: starting bulk load of block 'hood'
:10-16-2020 04:09:06 OTPClientRepository: Sending heartbeat mid-frame.
:10-16-2020 04:09:07 DistributedObject(warning): no loader.getInteractiveProp self.interactiveProp is None
:10-16-2020 04:09:07 DistributedToon: calling LocalAvatar.startchat
:10-16-2020 04:09:07 Loader: At end of block 'hood', expected 10, loaded 16, duration=3.3156575
:10-16-2020 04:09:09 Teleport(debug): teleportInDone: walk
:10-16-2020 04:09:22 Playground: Unloading Place (3000). Fsm in final
:10-16-2020 04:09:22 PlayGame: QA-REGRESSION: NEIGHBORHOODS: Visit Lawbot HQ
:10-16-2020 04:09:22 Loader: starting bulk load of block 'hood'
:10-16-2020 04:09:22 LawbotCogHQLoader: loadPlaceGeom: 13000
:10-16-2020 04:09:22 DistributedObject: DistributedSuitPlanner 401002972: generating
:10-16-2020 04:09:22 DistributedToon: calling LocalAvatar.startchat
:10-16-2020 04:09:22 :loader(error): Couldn't load file phase_4/models/questmap/cog_hq_lawbot_maps.bam: not found on model path (currently: "/;/d/hollybae/Aly/Toontown-School-House/toontown/launcher;/c/Panda3D-1.11.0-x64/etc/..;/c/Panda3D-1.11.0-x64/etc/../models")
:10-16-2020 04:09:22 Loader: At end of block 'hood', expected 2, loaded 1, duration=0.321658
:10-16-2020 04:09:24 Teleport(debug): Hooked TeleportInDone
:10-16-2020 04:09:24 Teleport(debug): teleportInDone: walk
:10-16-2020 04:09:24 :loader(error): Couldn't load file phase_4/models/questmap/cog_hq_lawbot_maps.bam: not found on model path (currently: "/;/d/hollybae/Aly/Toontown-School-House/toontown/launcher;/c/Panda3D-1.11.0-x64/etc/..;/c/Panda3D-1.11.0-x64/etc/../models")
adding timeout task
adding timeout task
:10-16-2020 04:11:29 TTOffMagicWordManager: God mode enabled for Holland!
:10-16-2020 04:11:35 LawbotCogHQLoader: loadPlaceGeom: 13100
:10-16-2020 04:11:35 LawbotCogHQLoader: QA-REGRESSION: COGHQ: Visit LawbotLobby
:10-16-2020 04:11:35 LawbotHQExterior: Unloading Place (13000). Fsm in final
:10-16-2020 04:11:35 DistributedObject: DistributedSuitPlanner 401002972: disabling
:10-16-2020 04:11:35 DistributedToon: calling LocalAvatar.startchat
:10-16-2020 04:11:35 :loader(error): Couldn't load file phase_4/models/questmap/cog_hq_lawbot_maps.bam: not found on model path (currently: "/;/d/hollybae/Aly/Toontown-School-House/toontown/launcher;/c/Panda3D-1.11.0-x64/etc/..;/c/Panda3D-1.11.0-x64/etc/../models")
:10-16-2020 04:11:36 :loader(error): Couldn't load file phase_4/models/questmap/cog_hq_lawbot_maps.bam: not found on model path (currently: "/;/d/hollybae/Aly/Toontown-School-House/toontown/launcher;/c/Panda3D-1.11.0-x64/etc/..;/c/Panda3D-1.11.0-x64/etc/../models")
:10-16-2020 04:12:27 LawbotCogHQLoader: loadPlaceGeom: 61000
:10-16-2020 04:12:27 LawbotCogHQLoader(warning): loadPlaceGeom: unclassified zone 61000
:10-16-2020 04:12:27 CogHQLobby: Unloading Place (13100). Fsm in final
:10-16-2020 04:12:28 DistributedLawbotBoss(warning): Not a collision node: LawbotCourtroom3.egg/-PandaNode/CR3/interior/CR3_Floor
:10-16-2020 04:12:28 DistributedToon: calling LocalAvatar.startchat
:10-16-2020 04:12:28 LawbotHQBossBattle(warning): fsm.request('movie') returned 0 (zone id 61000, avatar pos LPoint3f(-0.363562, -126.204, 0.193903)).
:10-16-2020 04:12:42 LawbotHQBossBattle(warning): fsm.request('movie') returned 0 (zone id 61000, avatar pos LPoint3f(-0.363562, -126.204, 0.193903)).
:10-16-2020 04:12:49 Actor(warning): called actor.removeNode() on actor without calling cleanup()
:10-16-2020 04:12:49 Actor(warning): called actor.removeNode() on actor without calling cleanup()
:10-16-2020 04:12:49 Actor(warning): called actor.removeNode() on actor without calling cleanup()
:10-16-2020 04:12:49 Actor(warning): called actor.removeNode() on actor without calling cleanup()
:10-16-2020 04:12:49 Actor(warning): called actor.removeNode() on actor without calling cleanup()
:10-16-2020 04:12:49 Actor(warning): called actor.removeNode() on actor without calling cleanup()
:10-16-2020 04:12:49 Actor(warning): called actor.removeNode() on actor without calling cleanup()
:10-16-2020 04:12:49 Actor(warning): called actor.removeNode() on actor without calling cleanup()
:10-16-2020 04:12:49 Actor(warning): called actor.removeNode() on actor without calling cleanup()
:10-16-2020 04:12:49 Actor(warning): called actor.removeNode() on actor without calling cleanup()
:10-16-2020 04:12:49 Actor(warning): called actor.removeNode() on actor without calling cleanup()
:10-16-2020 04:12:49 Actor(warning): called actor.removeNode() on actor without calling cleanup()
:10-16-2020 04:12:49 TTOffMagicWordManager: Restarting Scale Round
:10-16-2020 04:13:23 TTOffMagicWordManager: Run mode has been toggled.
:10-16-2020 04:13:45 TTOffMagicWordManager: Gave Holland an infinite amount of pies
:10-16-2020 04:13:53 TTOffMagicWordManager: These arguments are of the wrong type!
:10-16-2020 04:13:56 TTOffMagicWordManager: Ta-da!
frame rate: 185.7 fps|0.001d|14 avs||1580|1580||0x0000|0x0000|814.7MB|912.9MB|32619.6MB|726|nt.2.6.2|3.696,3.696|6,12 cpus|OpenGL
:10-16-2020 04:14:05 TTOffMagicWordManager: LPoint3f(-59.529, 14.2725, -0.000308553)
:10-16-2020 04:14:07 TTOffMagicWordManager: LVecBase3f(-177.671, 0, 0)
:10-16-2020 04:16:13 TTOffMagicWordManager: Ta-da!
