

Starting Toontown Online...
Current time: Wed Sep 30 16:18:27 2020 Eastern Standard Time
sys.path =  ['', 'C:\\Panda3D-1.11.0-x64\\python\\python27.zip', 'C:\\Panda3D-1.11.0-x64', 'C:\\Panda3D-1.11.0-x64\\python\\DLLs', 'C:\\Panda3D-1.11.0-x64\\python\\lib', 'C:\\Panda3D-1.11.0-x64\\python\\lib\\plat-win', 'C:\\Panda3D-1.11.0-x64\\python\\lib\\lib-tk', 'C:\\Panda3D-1.11.0-x64\\python', 'C:\\Panda3D-1.11.0-x64\\bin', 'C:\\Panda3D-1.11.0-x64\\python\\lib\\site-packages']
sys.argv =  ['D:\\hollybae\\Aly\\Toontown-School-House\\toontown\\launcher\\TTOffQuickStartLauncher.py']
generating standard configrc
os.environ =  {'TMP': 'C:\\Users\\holla\\AppData\\Local\\Temp', 'ONEDRIVECONSUMER': 'C:\\Users\\holla\\OneDrive', 'COMPUTERNAME': 'HOLLYBAES-PC', 'USERDOMAIN': 'HOLLYBAES-PC', 'INTEL_DEV_REDIST': 'C:\\Program Files (x86)\\Common Files\\Intel\\Shared Libraries\\', 'PSMODULEPATH': 'C:\\Program Files\\WindowsPowerShell\\Modules;C:\\WINDOWS\\system32\\WindowsPowerShell\\v1.0\\Modules', 'COMMONPROGRAMFILES': 'C:\\Program Files\\Common Files', 'PROCESSOR_IDENTIFIER': 'Intel64 Family 6 Model 158 Stepping 10, GenuineIntel', 'PROGRAMFILES': 'C:\\Program Files', 'PROCESSOR_REVISION': '9e0a', 'PATH': 'C:\\Panda3D-1.11.0-x64\\panda3d\\..\\bin;C:\\Program Files (x86)\\Razer\\ChromaBroadcast\\bin;C:\\Program Files\\Razer\\ChromaBroadcast\\bin;C:\\Program Files (x86)\\Common Files\\Intel\\Shared Libraries\\redist\\intel64\\compiler;C:\\Program Files (x86)\\Common Files\\Oracle\\Java\\javapath;C:\\WINDOWS\\system32;C:\\WINDOWS;C:\\WINDOWS\\System32\\Wbem;C:\\WINDOWS\\System32\\WindowsPowerShell\\v1.0\\;C:\\WINDOWS\\System32\\OpenSSH\\;C:\\Program Files (x86)\\NVIDIA Corporation\\PhysX\\Common;C:\\Program Files\\NVIDIA Corporation\\NVIDIA NvDLISR;C:\\WINDOWS\\system32\\config\\systemprofile\\AppData\\Local\\Microsoft\\WindowsApps;C:\\Users\\holla\\AppData\\Local\\Microsoft\\WindowsApps;C:\\Panda3D-1.11.0-x64\\python;C:\\Panda3D-1.11.0-x64\\python\\Scripts;C:\\Panda3D-1.11.0-x64\\bin', 'SYSTEMROOT': 'C:\\WINDOWS', 'MIC_LD_LIBRARY_PATH': 'C:\\Program Files (x86)\\Common Files\\Intel\\Shared Libraries\\compiler\\lib\\mic', 'COMSPEC': 'C:\\WINDOWS\\system32\\cmd.exe', 'DRIVERDATA': 'C:\\Windows\\System32\\Drivers\\DriverData', 'PPYTHON_PATH': '"C:\\Panda3D-1.11.0-x64\\python\\ppython.exe"', 'TEMP': 'C:\\Users\\holla\\AppData\\Local\\Temp', 'COMMONPROGRAMFILES(X86)': 'C:\\Program Files (x86)\\Common Files', 'PROCESSOR_ARCHITECTURE': 'AMD64', 'PROGRAMFILES(X86)': 'C:\\Program Files (x86)', 'ALLUSERSPROFILE': 'C:\\ProgramData', 'LOCALAPPDATA': 'C:\\Users\\holla\\AppData\\Local', 'FPS_BROWSER_USER_PROFILE_STRING': 'Default', 'HOMEPATH': '\\Users\\holla', 'USERDOMAIN_ROAMINGPROFILE': 'HOLLYBAES-PC', 'PROGRAMW6432': 'C:\\Program Files', 'USERNAME': 'holla', 'LOGONSERVER': '\\\\HOLLYBAES-PC', 'PROMPT': '$P$G', 'SESSIONNAME': 'Console', 'PROGRAMDATA': 'C:\\ProgramData', 'ONEDRIVE': 'C:\\Users\\holla\\OneDrive', 'FPS_BROWSER_APP_PROFILE_STRING': 'Internet Explorer', 'PATHEXT': '.COM;.EXE;.BAT;.CMD;.VBS;.VBE;.JS;.JSE;.WSF;.WSH;.MSC', 'TTOFF_LOGIN_TOKEN': 'dev', 'WINDIR': 'C:\\WINDOWS', 'APPDATA': 'C:\\Users\\holla\\AppData\\Roaming', 'HOMEDRIVE': 'C:', 'SYSTEMDRIVE': 'C:', 'NUMBER_OF_PROCESSORS': '12', 'PROCESSOR_LEVEL': '6', 'COMMONPROGRAMW6432': 'C:\\Program Files\\Common Files', 'OS': 'Windows_NT', 'PUBLIC': 'C:\\Users\\Public', 'USERPROFILE': 'C:\\Users\\holla'}
:09-30-2020 16:18:27 TTOffLauncher: isTestServer: 0
:09-30-2020 16:18:27 TTOffLauncher: Game Server 127.0.0.1
:09-30-2020 16:18:27 TTOffLauncher: Starting Toontown Online... 
:09-30-2020 16:18:27 TTOffLauncher: foreground: Launcher now operating in foreground
useTTOffSpecificLogin=True
:09-30-2020 16:18:27 TTOffLauncher: maybeStartGame: starting game
:09-30-2020 16:18:27 TTOffLauncher: Starting Toontown Online...
:09-30-2020 16:18:27 TTOffLauncher: background: Launcher now operating in background
ToontownStart: Polling for game2 to finish...
ToontownStart: Game2 is finished.
ToontownStart: Starting the game.
ToontownStart: setting default font
:09-30-2020 16:18:27 TTOffLauncher: setting panda error code to 7
Known pipe types:
  wglGraphicsPipe
(all display modules loaded.)
:09-30-2020 16:18:28 ToonBase: Default graphics pipe is wglGraphicsPipe (OpenGL).
:09-30-2020 16:18:28 ToonBase: Successfully opened window of type wglGraphicsWindow (OpenGL)
:09-30-2020 16:18:28 ShowBase: __dev__ == False
:09-30-2020 16:18:28 TTOffLauncher: setting panda error code to 11
:09-30-2020 16:18:28 TTOffLauncher: setting panda error code to 0
ToontownStart: Loading default gui sounds
ToontownStart: serverVersion:  tto-dev
:09-30-2020 16:18:28 Loader: starting bulk load of block 'init'
:09-30-2020 16:18:29 :nativenet(error): Buffered_DatagramConnection Constructor rbufsize = 4096000 wbufsize = 4096000 write_flush_point = 1400
:09-30-2020 16:18:29 OTPClientRepository: Using connect method 'http'
:09-30-2020 16:18:30 TTOffLauncher: getRegistry ('DEPLOYMENT', None)
:09-30-2020 16:18:30 TTOffLauncher: checking env
:09-30-2020 16:18:30 TTOffLauncher: getRegistry ('GAME_DEPLOYMENT', None)
:09-30-2020 16:18:30 TTOffLauncher: checking env
:09-30-2020 16:18:30 OTPClientRepository: reg_deployment=
:09-30-2020 16:18:30 OTPClientRepository: required-login auto.
:09-30-2020 16:18:30 OTPClientRepository: loginInterface: LoginTTOffAccount
:09-30-2020 16:18:30 TTOffLauncher: getNeedPwForSecretKey using ttoff-specific-login
:09-30-2020 16:18:30 Loader: At end of block 'init', expected 138, loaded 9, duration=2.0554423
:09-30-2020 16:18:30 OTPClientRepository: Connecting to gameserver directly (no proxy).
:09-30-2020 16:18:30 OTPClientRepository: Connecting to //127.0.0.1:7198 via HTTP interface.
:09-30-2020 16:18:30 TTOffLauncher: Stopping mini task manager.
:09-30-2020 16:18:30 OTPClientRepository: Successfully connected to //127.0.0.1:7198.
:09-30-2020 16:18:30 TTOffLauncher: Setting Disconnect Details normal
{401000001: <toontown.distributed.ToontownDistrict.ToontownDistrict instance at 0x000000001A000708>}
{401000001: <toontown.distributed.ToontownDistrict.ToontownDistrict instance at 0x000000001A000708>}
:09-30-2020 16:18:51 StateData: AvatarChooser.enter
:09-30-2020 16:18:51 DisplayOptions: settingsFullScreen = False, embedded = False width=800 height=600
:09-30-2020 16:18:51 StateData: calling self.displayOptions.restrictToEmbedded(False)
:09-30-2020 16:19:39 OTPClientRepository: ================
:09-30-2020 16:19:39 OTPClientRepository: Chose avatar id: 100000014
:09-30-2020 16:19:39 OTPClientRepository: Chose avatar name: Holland
:09-30-2020 16:19:39 OTPClientRepository: Chose avatar dna: ('css', 'ms', 'm', 'm', 16, 0, 16, 16, 113, 27, 99, 27, 7, 21)
:09-30-2020 16:19:39 OTPClientRepository: Chose avatar position: 5
:09-30-2020 16:19:39 OTPClientRepository: isPaid: 1
:09-30-2020 16:19:39 OTPClientRepository: freeTimeLeft: 0
:09-30-2020 16:19:39 OTPClientRepository: allowSecretChat: True
:09-30-2020 16:19:39 OTPClientRepository: ================
:09-30-2020 16:19:39 Loader: starting bulk load of block 'localAvatarPlayGame'
:09-30-2020 16:19:40 ToontownTimeManager(warning): error parsing date string=
local
:09-30-2020 16:19:40 NewsPageButtonManager(warning): Should not get here. NewsPageButtonManager.exitOff
:09-30-2020 16:19:40 :pnmimage:png(warning): iCCP: known incorrect sRGB profile
:09-30-2020 16:19:40 OTPClientRepository: Sending heartbeat mid-frame.
:09-30-2020 16:19:41 OTPClientRepository: Entering shard 401000001
:09-30-2020 16:19:41 StreetSign: Street sign url is https://ttoffline.com/images/
:09-30-2020 16:19:41 :downloader(error): Failed to resolve ttoffline.com: No such host is known. 
:09-30-2020 16:19:41 TimeManager: Clock sync: TimeManager.announceGenerate
:09-30-2020 16:19:41 NewsManager: setHolidayId: Starting Holiday 7
:09-30-2020 16:19:41 InGameNewsMgr: latestIssue=2013-08-22 16:49:46.000003-07:00
cpu info: GenuineIntel|Intel(R) Core(TM) i7-8700K CPU @ 3.70GHz|591594|0|3.696,3.696|6,12 cpus
:09-30-2020 16:19:43 OTPClientRepository: No sync from TimeManager.
:09-30-2020 16:19:43 OTPClientRepository: gotTimeSync
:09-30-2020 16:19:43 Loader: At end of block 'localAvatarPlayGame', expected 400, loaded 11, duration=3.4671219
:09-30-2020 16:19:43 TimeManager: Clock sync roundtrip took 1108.010 ms
:09-30-2020 16:19:43 TimeManager: AI time delta is -0:01 from server delta
:09-30-2020 16:19:43 TimeManager: Local clock uncertainty +/- 0.554 s
:09-30-2020 16:19:43 PlayGame: QA-REGRESSION: NEIGHBORHOODS: Visit Lawbot HQ
:09-30-2020 16:19:43 Loader: starting bulk load of block 'hood'
:09-30-2020 16:19:43 LawbotCogHQLoader: loadPlaceGeom: 13000
:09-30-2020 16:19:43 DistributedObject: DistributedSuitPlanner 401002972: generating
:09-30-2020 16:19:43 DistributedToon: calling LocalAvatar.startchat
:09-30-2020 16:19:43 :loader(error): Couldn't load file phase_4/models/questmap/cog_hq_lawbot_maps.bam: not found on model path (currently: "/;/d/hollybae/Aly/Toontown-School-House/toontown/launcher;/c/Panda3D-1.11.0-x64/etc/..;/c/Panda3D-1.11.0-x64/etc/../models")
:09-30-2020 16:19:43 Loader: At end of block 'hood', expected 2, loaded 4, duration=0.8554246
:09-30-2020 16:19:45 Teleport(debug): teleportInDone: walk
:09-30-2020 16:19:45 :loader(error): Couldn't load file phase_4/models/questmap/cog_hq_lawbot_maps.bam: not found on model path (currently: "/;/d/hollybae/Aly/Toontown-School-House/toontown/launcher;/c/Panda3D-1.11.0-x64/etc/..;/c/Panda3D-1.11.0-x64/etc/../models")
:09-30-2020 16:19:49 TTOffMagicWordManager: Gave Holland an infinite amount of pies
:09-30-2020 16:19:50 TTOffMagicWordManager: God mode enabled for Holland!
:09-30-2020 16:19:51 TTOffMagicWordManager: Alakazam!
:09-30-2020 16:19:57 LawbotCogHQLoader: loadPlaceGeom: 13100
:09-30-2020 16:19:57 LawbotCogHQLoader: QA-REGRESSION: COGHQ: Visit LawbotLobby
:09-30-2020 16:19:57 LawbotHQExterior: Unloading Place (13000). Fsm in final
:09-30-2020 16:19:57 DistributedObject: DistributedSuitPlanner 401002972: disabling
:09-30-2020 16:19:57 DistributedToon: calling LocalAvatar.startchat
:09-30-2020 16:19:57 :loader(error): Couldn't load file phase_4/models/questmap/cog_hq_lawbot_maps.bam: not found on model path (currently: "/;/d/hollybae/Aly/Toontown-School-House/toontown/launcher;/c/Panda3D-1.11.0-x64/etc/..;/c/Panda3D-1.11.0-x64/etc/../models")
:09-30-2020 16:19:59 :loader(error): Couldn't load file phase_4/models/questmap/cog_hq_lawbot_maps.bam: not found on model path (currently: "/;/d/hollybae/Aly/Toontown-School-House/toontown/launcher;/c/Panda3D-1.11.0-x64/etc/..;/c/Panda3D-1.11.0-x64/etc/../models")
:09-30-2020 16:20:17 LawbotCogHQLoader: loadPlaceGeom: 61000
:09-30-2020 16:20:17 LawbotCogHQLoader(warning): loadPlaceGeom: unclassified zone 61000
:09-30-2020 16:20:17 CogHQLobby: Unloading Place (13100). Fsm in final
:09-30-2020 16:20:17 DistributedLawbotBoss(warning): Not a collision node: LawbotCourtroom3.egg/-PandaNode/CR3/interior/CR3_Floor
:09-30-2020 16:20:17 DistributedToon: calling LocalAvatar.startchat
:09-30-2020 16:20:17 LawbotHQBossBattle(warning): fsm.request('movie') returned 0 (zone id 61000, avatar pos LPoint3f(-0.363562, -126.204, 0.193903)).
:09-30-2020 16:20:27 TTOffMagicWordManager: Restarting Scale Round
:09-30-2020 16:20:30 TTOffMagicWordManager: Run mode has been toggled.
:09-30-2020 16:22:50 TTOffMagicWordManager: Abracadabra!
