

Starting Toontown Online...
Current time: Sat Dec  7 22:39:50 2019 Eastern Standard Time
sys.path =  ['', 'C:\\Panda3D-1.11.0-x64\\python\\python27.zip', 'C:\\Panda3D-1.11.0-x64', 'C:\\Panda3D-1.11.0-x64\\python\\DLLs', 'C:\\Panda3D-1.11.0-x64\\python\\lib', 'C:\\Panda3D-1.11.0-x64\\python\\lib\\plat-win', 'C:\\Panda3D-1.11.0-x64\\python\\lib\\lib-tk', 'C:\\Panda3D-1.11.0-x64\\python', 'C:\\Panda3D-1.11.0-x64\\bin', 'C:\\Panda3D-1.11.0-x64\\python\\lib\\site-packages']
sys.argv =  ['D:\\hollybae\\Aly\\Toontown-School-House\\toontown\\launcher\\TTOffQuickStartLauncher.py']
generating standard configrc
os.environ =  {'TMP': 'C:\\Users\\holla\\AppData\\Local\\Temp', 'COMPUTERNAME': 'HOLLYBAES-PC', 'USERDOMAIN': 'HOLLYBAES-PC', 'INTEL_DEV_REDIST': 'C:\\Program Files (x86)\\Common Files\\Intel\\Shared Libraries\\', 'PSMODULEPATH': 'C:\\Program Files\\WindowsPowerShell\\Modules;C:\\WINDOWS\\system32\\WindowsPowerShell\\v1.0\\Modules', 'COMMONPROGRAMFILES': 'C:\\Program Files\\Common Files', 'PROCESSOR_IDENTIFIER': 'Intel64 Family 6 Model 158 Stepping 10, GenuineIntel', 'VBOX_MSI_INSTALL_PATH': 'C:\\Program Files\\Oracle\\VirtualBox\\', 'PROGRAMFILES': 'C:\\Program Files', 'PROCESSOR_REVISION': '9e0a', 'PATH': 'C:\\Panda3D-1.11.0-x64\\panda3d\\..\\bin;C:\\Program Files (x86)\\Razer\\ChromaBroadcast\\bin;C:\\Program Files\\Razer\\ChromaBroadcast\\bin;C:\\Program Files (x86)\\Common Files\\Intel\\Shared Libraries\\redist\\intel64_win\\compiler;C:\\Program Files (x86)\\Common Files\\Oracle\\Java\\javapath;C:\\Program Files (x86)\\Common Files\\Intel\\Shared Libraries\\redist\\intel64\\compiler;C:\\WINDOWS\\system32;C:\\WINDOWS;C:\\WINDOWS\\System32\\Wbem;C:\\WINDOWS\\System32\\WindowsPowerShell\\v1.0\\;C:\\WINDOWS\\System32\\OpenSSH\\;C:\\Program Files\\NVIDIA Corporation\\NVIDIA NGX;C:\\Program Files (x86)\\NVIDIA Corporation\\PhysX\\Common;C:\\Program Files\\NVIDIA Corporation\\NVIDIA NvDLISR;C:\\WINDOWS\\system32;C:\\WINDOWS;C:\\WINDOWS\\System32\\Wbem;C:\\WINDOWS\\System32\\WindowsPowerShell\\v1.0\\;C:\\WINDOWS\\System32\\OpenSSH\\;D:\\hollybae\\ffmpeg-4.1.3-win64-static\\ffmpeg-4.1.3-win64-static\\bin;C:\\Program Files\\dotnet\\;C:\\WINDOWS\\system32\\config\\systemprofile\\AppData\\Local\\Microsoft\\WindowsApps;C:\\Program Files (x86)\\QuickTime\\QTSystem\\;C:\\Users\\holla\\AppData\\Local\\Microsoft\\WindowsApps;C:\\Panda3D-1.10.4.1-x64\\python;C:\\Panda3D-1.10.4.1-x64\\python\\Scripts;C:\\Panda3D-1.10.4.1-x64\\bin;C:\\Panda3D-1.11.0-x64\\python;C:\\Panda3D-1.11.0-x64\\python\\Scripts;C:\\Panda3D-1.11.0-x64\\bin', 'SYSTEMROOT': 'C:\\WINDOWS', 'MIC_LD_LIBRARY_PATH': 'C:\\Program Files (x86)\\Common Files\\Intel\\Shared Libraries\\compiler\\lib\\intel64_win_mic', 'COMSPEC': 'C:\\WINDOWS\\system32\\cmd.exe', 'DRIVERDATA': 'C:\\Windows\\System32\\Drivers\\DriverData', 'PPYTHON_PATH': '"C:\\Panda3D-1.11.0-x64\\python\\ppython.exe"', 'TEMP': 'C:\\Users\\holla\\AppData\\Local\\Temp', 'COMMONPROGRAMFILES(X86)': 'C:\\Program Files (x86)\\Common Files', 'PROCESSOR_ARCHITECTURE': 'AMD64', 'PROGRAMFILES(X86)': 'C:\\Program Files (x86)', 'ALLUSERSPROFILE': 'C:\\ProgramData', 'LOCALAPPDATA': 'C:\\Users\\holla\\AppData\\Local', 'FPS_BROWSER_USER_PROFILE_STRING': 'Default', 'HOMEPATH': '\\Users\\holla', 'USERDOMAIN_ROAMINGPROFILE': 'HOLLYBAES-PC', 'PROGRAMW6432': 'C:\\Program Files', 'USERNAME': 'holla', 'LOGONSERVER': '\\\\HOLLYBAES-PC', 'PROMPT': '$P$G', 'SESSIONNAME': 'Console', 'PROGRAMDATA': 'C:\\ProgramData', 'ONEDRIVE': 'C:\\Users\\holla\\OneDrive', 'FPS_BROWSER_APP_PROFILE_STRING': 'Internet Explorer', 'PATHEXT': '.COM;.EXE;.BAT;.CMD;.VBS;.VBE;.JS;.JSE;.WSF;.WSH;.MSC', 'TTOFF_LOGIN_TOKEN': 'dev', 'WINDIR': 'C:\\WINDOWS', 'APPDATA': 'C:\\Users\\holla\\AppData\\Roaming', 'HOMEDRIVE': 'C:', 'SYSTEMDRIVE': 'C:', 'NUMBER_OF_PROCESSORS': '12', 'PROCESSOR_LEVEL': '6', 'COMMONPROGRAMW6432': 'C:\\Program Files\\Common Files', 'OS': 'Windows_NT', 'PUBLIC': 'C:\\Users\\Public', 'USERPROFILE': 'C:\\Users\\holla'}
:12-07-2019 22:39:50 TTOffLauncher: isTestServer: 0
:12-07-2019 22:39:50 TTOffLauncher: Game Server 127.0.0.1
:12-07-2019 22:39:50 TTOffLauncher: Starting Toontown Online... 
:12-07-2019 22:39:50 TTOffLauncher: foreground: Launcher now operating in foreground
useTTOffSpecificLogin=True
:12-07-2019 22:39:50 TTOffLauncher: maybeStartGame: starting game
:12-07-2019 22:39:50 TTOffLauncher: Starting Toontown Online...
:12-07-2019 22:39:50 TTOffLauncher: background: Launcher now operating in background
ToontownStart: Polling for game2 to finish...
ToontownStart: Game2 is finished.
ToontownStart: Starting the game.
ToontownStart: setting default font
:12-07-2019 22:39:50 TTOffLauncher: setting panda error code to 7
Known pipe types:
  wglGraphicsPipe
(all display modules loaded.)
:12-07-2019 22:39:50 ToonBase: Default graphics pipe is wglGraphicsPipe (OpenGL).
:12-07-2019 22:39:51 ToonBase: Successfully opened window of type wglGraphicsWindow (OpenGL)
:12-07-2019 22:39:51 ShowBase: __dev__ == False
:12-07-2019 22:39:51 TTOffLauncher: setting panda error code to 11
:12-07-2019 22:39:51 TTOffLauncher: setting panda error code to 0
ToontownStart: Loading default gui sounds
ToontownStart: serverVersion:  tto-dev
:12-07-2019 22:39:51 Loader: starting bulk load of block 'init'
:12-07-2019 22:39:57 :nativenet(error): Buffered_DatagramConnection Constructor rbufsize = 4096000 wbufsize = 4096000 write_flush_point = 1400
:12-07-2019 22:39:57 OTPClientRepository: Using connect method 'http'
:12-07-2019 22:40:01 TTOffLauncher: getRegistry ('DEPLOYMENT', None)
:12-07-2019 22:40:01 TTOffLauncher: checking env
:12-07-2019 22:40:01 TTOffLauncher: getRegistry ('GAME_DEPLOYMENT', None)
:12-07-2019 22:40:01 TTOffLauncher: checking env
:12-07-2019 22:40:01 OTPClientRepository: reg_deployment=
:12-07-2019 22:40:01 OTPClientRepository: required-login auto.
:12-07-2019 22:40:01 OTPClientRepository: loginInterface: LoginTTOffAccount
:12-07-2019 22:40:01 TTOffLauncher: getNeedPwForSecretKey using ttoff-specific-login
:12-07-2019 22:40:01 Loader: At end of block 'init', expected 138, loaded 11, duration=10.4075641
:12-07-2019 22:40:01 OTPClientRepository: Connecting to gameserver directly (no proxy).
:12-07-2019 22:40:01 OTPClientRepository: Connecting to //127.0.0.1:7198 via HTTP interface.
:12-07-2019 22:40:01 TTOffLauncher: Stopping mini task manager.
:12-07-2019 22:40:01 OTPClientRepository: Successfully connected to //127.0.0.1:7198.
:12-07-2019 22:40:01 TTOffLauncher: Setting Disconnect Details normal
{401000001: <toontown.distributed.ToontownDistrict.ToontownDistrict instance at 0x000000001C25B708>}
:12-07-2019 22:40:02 StateData: AvatarChooser.enter
:12-07-2019 22:40:02 DisplayOptions: settingsFullScreen = False, embedded = False width=800 height=600
:12-07-2019 22:40:02 StateData: calling self.displayOptions.restrictToEmbedded(False)
:12-07-2019 22:40:06 OTPClientRepository: ================
:12-07-2019 22:40:06 OTPClientRepository: Chose avatar id: 100000014
:12-07-2019 22:40:06 OTPClientRepository: Chose avatar name: Hollybae
:12-07-2019 22:40:06 OTPClientRepository: Chose avatar dna: ('css', 'ms', 'm', 'm', 16, 0, 16, 16, 113, 27, 18, 27, 7, 21)
:12-07-2019 22:40:06 OTPClientRepository: Chose avatar position: 5
:12-07-2019 22:40:06 OTPClientRepository: isPaid: 1
:12-07-2019 22:40:06 OTPClientRepository: freeTimeLeft: 0
:12-07-2019 22:40:06 OTPClientRepository: allowSecretChat: True
:12-07-2019 22:40:06 OTPClientRepository: ================
:12-07-2019 22:40:06 Loader: starting bulk load of block 'localAvatarPlayGame'
:12-07-2019 22:40:07 ToontownTimeManager(warning): error parsing date string=
local
:12-07-2019 22:40:07 NewsPageButtonManager(warning): Should not get here. NewsPageButtonManager.exitOff
:12-07-2019 22:40:07 :pnmimage:png(warning): iCCP: known incorrect sRGB profile
:12-07-2019 22:40:09 OTPClientRepository: Entering shard 401000001
:12-07-2019 22:40:09 StreetSign: Street sign url is https://ttoffline.com/images/
:12-07-2019 22:40:10 StreetSign: Street Sign is up to date
:12-07-2019 22:40:10 TimeManager: Clock sync: TimeManager.announceGenerate
:12-07-2019 22:40:10 NewsManager: setHolidayId: Starting Holiday 20
:12-07-2019 22:40:10 InGameNewsMgr: latestIssue=2013-08-22 16:49:46.000003-07:00
cpu info: GenuineIntel|Intel(R) Core(TM) i7-8700K CPU @ 3.70GHz|591594|0|3.701,3.701|6,12 cpus
:12-07-2019 22:40:12 OTPClientRepository: No sync from TimeManager.
:12-07-2019 22:40:12 OTPClientRepository: gotTimeSync
:12-07-2019 22:40:12 Loader: At end of block 'localAvatarPlayGame', expected 400, loaded 14, duration=5.9655707
:12-07-2019 22:40:12 OTPClientRepository: Sending heartbeat mid-frame.
:12-07-2019 22:40:12 TimeManager: Clock sync roundtrip took 1808.061 ms
:12-07-2019 22:40:12 TimeManager: AI time delta is -0:01 from server delta
:12-07-2019 22:40:12 TimeManager: Local clock uncertainty +/- 0.904 s
:12-07-2019 22:40:12 PlayGame: QA-REGRESSION: NEIGHBORHOODS: Visit Lawbot HQ
:12-07-2019 22:40:12 Loader: starting bulk load of block 'hood'
:12-07-2019 22:40:13 LawbotCogHQLoader: loadPlaceGeom: 13000
:12-07-2019 22:40:14 DistributedObject: DistributedSuitPlanner 401002972: generating
:12-07-2019 22:40:14 DistributedToon: calling LocalAvatar.startchat
:12-07-2019 22:40:14 :loader(error): Couldn't load file phase_4/models/questmap/cog_hq_lawbot_maps.bam: not found on model path (currently: "/;/d/hollybae/Aly/Toontown-School-House/toontown/launcher;/c/Panda3D-1.11.0-x64/etc/..;/c/Panda3D-1.11.0-x64/etc/../models")
:12-07-2019 22:40:14 Loader: At end of block 'hood', expected 2, loaded 7, duration=1.5898197
:12-07-2019 22:40:15 Teleport(debug): teleportInDone: walk
:12-07-2019 22:40:15 :loader(error): Couldn't load file phase_4/models/questmap/cog_hq_lawbot_maps.bam: not found on model path (currently: "/;/d/hollybae/Aly/Toontown-School-House/toontown/launcher;/c/Panda3D-1.11.0-x64/etc/..;/c/Panda3D-1.11.0-x64/etc/../models")
:12-07-2019 22:40:21 TTOffMagicWordManager: Run mode has been toggled.
:12-07-2019 22:40:25 TTOffMagicWordManager: Abracadabra!
:12-07-2019 22:40:25 LawbotCogHQLoader: loadPlaceGeom: 13100
:12-07-2019 22:40:25 LawbotCogHQLoader: QA-REGRESSION: COGHQ: Visit LawbotLobby
:12-07-2019 22:40:26 LawbotHQExterior: Unloading Place (13000). Fsm in final
:12-07-2019 22:40:26 DistributedObject: DistributedSuitPlanner 401002972: disabling
:12-07-2019 22:40:26 DistributedToon: calling LocalAvatar.startchat
:12-07-2019 22:40:26 :loader(error): Couldn't load file phase_4/models/questmap/cog_hq_lawbot_maps.bam: not found on model path (currently: "/;/d/hollybae/Aly/Toontown-School-House/toontown/launcher;/c/Panda3D-1.11.0-x64/etc/..;/c/Panda3D-1.11.0-x64/etc/../models")
:12-07-2019 22:40:27 :loader(error): Couldn't load file phase_4/models/questmap/cog_hq_lawbot_maps.bam: not found on model path (currently: "/;/d/hollybae/Aly/Toontown-School-House/toontown/launcher;/c/Panda3D-1.11.0-x64/etc/..;/c/Panda3D-1.11.0-x64/etc/../models")
:12-07-2019 22:40:33 TTOffMagicWordManager: Gave Hollybae an infinite amount of pies
:12-07-2019 22:40:34 TTOffMagicWordManager: Run mode has been toggled.
:12-07-2019 22:40:39 LawbotCogHQLoader: loadPlaceGeom: 61000
:12-07-2019 22:40:39 LawbotCogHQLoader(warning): loadPlaceGeom: unclassified zone 61000
:12-07-2019 22:40:39 CogHQLobby: Unloading Place (13100). Fsm in final
:12-07-2019 22:40:40 DistributedLawbotBoss(warning): Not a collision node: LawbotCourtroom3.egg/-PandaNode/CR3/interior/CR3_Floor
:12-07-2019 22:40:40 DistributedToon: calling LocalAvatar.startchat
:12-07-2019 22:40:40 LawbotHQBossBattle(warning): fsm.request('movie') returned 0 (zone id 61000, avatar pos LPoint3f(-0.363562, -126.204, 0.193903)).
:12-07-2019 22:40:47 TTOffMagicWordManager: Restarting Scale Round
:12-07-2019 22:41:52 LawbotHQBossBattle(warning): fsm.request('finalBattle') returned 0 (zone id 61000, avatar pos LPoint3f(-65.8923, 60.88, -0.000308487)).
:12-07-2019 22:41:52 TTOffMagicWordManager: Restarting Scale Round
:12-07-2019 22:43:47 :linmath(warning): Tried to invert singular LMatrix3.
:12-07-2019 22:44:52 GarbageCollect(warning): garbage found, reverting gc threshold
frame rate: 216.2 fps|0.001d|13 avs||318|319||0x0000|0x0000|956.0MB|1126.0MB|16235.6MB|565|nt.2.6.2|3.701,3.701|6,12 cpus|OpenGL
:12-07-2019 22:47:04 ToonBase: User closed main window.
:12-07-2019 22:47:04 TimeManager: Client disconnect reason 2.
:12-07-2019 22:47:04 LawbotHQBossBattle: Unloading Place (61000). Fsm in final
:12-07-2019 22:47:04 OTPClientRepository(warning): unclean exit, abandoning shard
ignoring InputState-forward
:12-07-2019 22:47:04 OTPClientRepository: sending clientLogout
:12-07-2019 22:47:04 LocalAvatar(warning): redundant call to stopUpdateSmartCamera
:12-07-2019 22:47:04 OTPClientRepository: Sent disconnect message to server
:12-07-2019 22:47:04 OTPClientRepository: Closing connection to server.
:12-07-2019 22:47:04 OTPClientRepository: Exiting cleanly
:12-07-2019 22:47:04 ToonBase: Exiting Toontown: errorCode = None
:12-07-2019 22:47:04 TTOffLauncher: setting panda error code to 0
:12-07-2019 22:47:04 TTOffLauncher: Normal exit.
