

Starting Toontown Online...
Current time: Fri Oct 16 06:36:13 2020 Eastern Standard Time
sys.path =  ['', 'C:\\Panda3D-1.11.0-x64\\python\\python27.zip', 'C:\\Panda3D-1.11.0-x64', 'C:\\Panda3D-1.11.0-x64\\python\\DLLs', 'C:\\Panda3D-1.11.0-x64\\python\\lib', 'C:\\Panda3D-1.11.0-x64\\python\\lib\\plat-win', 'C:\\Panda3D-1.11.0-x64\\python\\lib\\lib-tk', 'C:\\Panda3D-1.11.0-x64\\python', 'C:\\Panda3D-1.11.0-x64\\bin', 'C:\\Panda3D-1.11.0-x64\\python\\lib\\site-packages']
sys.argv =  ['D:\\hollybae\\Aly\\Toontown-School-House\\toontown\\launcher\\TTOffQuickStartLauncher.py']
generating standard configrc
os.environ =  {'TMP': 'C:\\Users\\holla\\AppData\\Local\\Temp', 'ONEDRIVECONSUMER': 'C:\\Users\\holla\\OneDrive', 'COMPUTERNAME': 'HOLLYBAES-PC', 'USERDOMAIN': 'HOLLYBAES-PC', 'INTEL_DEV_REDIST': 'C:\\Program Files (x86)\\Common Files\\Intel\\Shared Libraries\\', 'PSMODULEPATH': 'C:\\Program Files\\WindowsPowerShell\\Modules;C:\\WINDOWS\\system32\\WindowsPowerShell\\v1.0\\Modules', 'COMMONPROGRAMFILES': 'C:\\Program Files\\Common Files', 'PROCESSOR_IDENTIFIER': 'Intel64 Family 6 Model 158 Stepping 10, GenuineIntel', 'PROGRAMFILES': 'C:\\Program Files', 'PROCESSOR_REVISION': '9e0a', 'PATH': 'C:\\Panda3D-1.11.0-x64\\panda3d\\..\\bin;C:\\Program Files (x86)\\Razer\\ChromaBroadcast\\bin;C:\\Program Files\\Razer\\ChromaBroadcast\\bin;C:\\Program Files (x86)\\Common Files\\Intel\\Shared Libraries\\redist\\intel64\\compiler;C:\\Program Files (x86)\\Common Files\\Oracle\\Java\\javapath;C:\\WINDOWS\\system32;C:\\WINDOWS;C:\\WINDOWS\\System32\\Wbem;C:\\WINDOWS\\System32\\WindowsPowerShell\\v1.0\\;C:\\WINDOWS\\System32\\OpenSSH\\;C:\\Program Files (x86)\\NVIDIA Corporation\\PhysX\\Common;C:\\Program Files\\NVIDIA Corporation\\NVIDIA NvDLISR;C:\\WINDOWS\\system32\\config\\systemprofile\\AppData\\Local\\Microsoft\\WindowsApps;C:\\Users\\holla\\AppData\\Local\\Microsoft\\WindowsApps;C:\\Panda3D-1.11.0-x64\\python;C:\\Panda3D-1.11.0-x64\\python\\Scripts;C:\\Panda3D-1.11.0-x64\\bin', 'SYSTEMROOT': 'C:\\WINDOWS', 'MIC_LD_LIBRARY_PATH': 'C:\\Program Files (x86)\\Common Files\\Intel\\Shared Libraries\\compiler\\lib\\mic', 'COMSPEC': 'C:\\WINDOWS\\system32\\cmd.exe', 'DRIVERDATA': 'C:\\Windows\\System32\\Drivers\\DriverData', 'PPYTHON_PATH': '"C:\\Panda3D-1.11.0-x64\\python\\ppython.exe"', 'TEMP': 'C:\\Users\\holla\\AppData\\Local\\Temp', 'COMMONPROGRAMFILES(X86)': 'C:\\Program Files (x86)\\Common Files', 'PROCESSOR_ARCHITECTURE': 'AMD64', 'PROGRAMFILES(X86)': 'C:\\Program Files (x86)', 'ALLUSERSPROFILE': 'C:\\ProgramData', 'LOCALAPPDATA': 'C:\\Users\\holla\\AppData\\Local', 'FPS_BROWSER_USER_PROFILE_STRING': 'Default', 'HOMEPATH': '\\Users\\holla', 'USERDOMAIN_ROAMINGPROFILE': 'HOLLYBAES-PC', 'PROGRAMW6432': 'C:\\Program Files', 'USERNAME': 'holla', 'LOGONSERVER': '\\\\HOLLYBAES-PC', 'PROMPT': '$P$G', 'SESSIONNAME': 'Console', 'PROGRAMDATA': 'C:\\ProgramData', 'ONEDRIVE': 'C:\\Users\\holla\\OneDrive', 'FPS_BROWSER_APP_PROFILE_STRING': 'Internet Explorer', 'PATHEXT': '.COM;.EXE;.BAT;.CMD;.VBS;.VBE;.JS;.JSE;.WSF;.WSH;.MSC', 'TTOFF_LOGIN_TOKEN': 'dev', 'WINDIR': 'C:\\WINDOWS', 'APPDATA': 'C:\\Users\\holla\\AppData\\Roaming', 'HOMEDRIVE': 'C:', 'SYSTEMDRIVE': 'C:', 'NUMBER_OF_PROCESSORS': '12', 'PROCESSOR_LEVEL': '6', 'RG_GPU_FRAMEWORK_ENGINE_RESOURCEDIR': 'C:\\Program Files\\Red Giant\\RGFX', 'COMMONPROGRAMW6432': 'C:\\Program Files\\Common Files', 'OS': 'Windows_NT', 'PUBLIC': 'C:\\Users\\Public', 'USERPROFILE': 'C:\\Users\\holla'}
:10-16-2020 06:36:13 TTOffLauncher: isTestServer: 0
:10-16-2020 06:36:13 TTOffLauncher: Game Server 127.0.0.1
:10-16-2020 06:36:13 TTOffLauncher: Starting Toontown Online... 
:10-16-2020 06:36:13 TTOffLauncher: foreground: Launcher now operating in foreground
useTTOffSpecificLogin=True
:10-16-2020 06:36:13 TTOffLauncher: maybeStartGame: starting game
:10-16-2020 06:36:13 TTOffLauncher: Starting Toontown Online...
:10-16-2020 06:36:13 TTOffLauncher: background: Launcher now operating in background
ToontownStart: Polling for game2 to finish...
ToontownStart: Game2 is finished.
ToontownStart: Starting the game.
ToontownStart: setting default font
:10-16-2020 06:36:13 TTOffLauncher: setting panda error code to 7
Known pipe types:
  wglGraphicsPipe
(all display modules loaded.)
:10-16-2020 06:36:13 ToonBase: Default graphics pipe is wglGraphicsPipe (OpenGL).
:10-16-2020 06:36:13 ToonBase: Successfully opened window of type wglGraphicsWindow (OpenGL)
:10-16-2020 06:36:13 ShowBase: __dev__ == False
:10-16-2020 06:36:14 TTOffLauncher: setting panda error code to 11
:10-16-2020 06:36:14 TTOffLauncher: setting panda error code to 0
ToontownStart: Loading default gui sounds
ToontownStart: serverVersion:  tto-dev
:10-16-2020 06:36:14 Loader: starting bulk load of block 'init'
:10-16-2020 06:36:14 :nativenet(error): Buffered_DatagramConnection Constructor rbufsize = 4096000 wbufsize = 4096000 write_flush_point = 1400
:10-16-2020 06:36:14 OTPClientRepository: Using connect method 'http'
:10-16-2020 06:36:15 TTOffLauncher: getRegistry ('DEPLOYMENT', None)
:10-16-2020 06:36:15 TTOffLauncher: checking env
:10-16-2020 06:36:15 TTOffLauncher: getRegistry ('GAME_DEPLOYMENT', None)
:10-16-2020 06:36:15 TTOffLauncher: checking env
:10-16-2020 06:36:15 OTPClientRepository: reg_deployment=
:10-16-2020 06:36:15 OTPClientRepository: required-login auto.
:10-16-2020 06:36:15 OTPClientRepository: loginInterface: LoginTTOffAccount
:10-16-2020 06:36:15 TTOffLauncher: getNeedPwForSecretKey using ttoff-specific-login
:10-16-2020 06:36:15 Loader: At end of block 'init', expected 138, loaded 6, duration=1.3075153
:10-16-2020 06:36:15 OTPClientRepository: Connecting to gameserver directly (no proxy).
:10-16-2020 06:36:15 OTPClientRepository: Connecting to //127.0.0.1:7198 via HTTP interface.
:10-16-2020 06:36:15 TTOffLauncher: Stopping mini task manager.
:10-16-2020 06:36:15 OTPClientRepository: Successfully connected to //127.0.0.1:7198.
:10-16-2020 06:36:15 TTOffLauncher: Setting Disconnect Details normal
{401000001: <toontown.distributed.ToontownDistrict.ToontownDistrict instance at 0x000000001AA6FA08>}
:10-16-2020 06:36:16 StateData: AvatarChooser.enter
:10-16-2020 06:36:16 DisplayOptions: settingsFullScreen = False, embedded = False width=800 height=600
:10-16-2020 06:36:16 StateData: calling self.displayOptions.restrictToEmbedded(False)
:10-16-2020 06:36:21 OTPClientRepository: ================
:10-16-2020 06:36:21 OTPClientRepository: Chose avatar id: 100000046
:10-16-2020 06:36:21 OTPClientRepository: Chose avatar name: Aeterna
:10-16-2020 06:36:21 OTPClientRepository: Chose avatar dna: ('css', 'md', 'm', 'f', 77, 0, 0, 77, 3, 27, 3, 27, 63, 27)
:10-16-2020 06:36:21 OTPClientRepository: Chose avatar position: 1
:10-16-2020 06:36:21 OTPClientRepository: isPaid: 1
:10-16-2020 06:36:21 OTPClientRepository: freeTimeLeft: 0
:10-16-2020 06:36:21 OTPClientRepository: allowSecretChat: True
:10-16-2020 06:36:21 OTPClientRepository: ================
:10-16-2020 06:36:21 Loader: starting bulk load of block 'localAvatarPlayGame'
:10-16-2020 06:36:21 ToontownTimeManager(warning): error parsing date string=
local
:10-16-2020 06:36:22 NewsPageButtonManager(warning): Should not get here. NewsPageButtonManager.exitOff
:10-16-2020 06:36:22 :pnmimage:png(warning): iCCP: known incorrect sRGB profile
:10-16-2020 06:36:23 OTPClientRepository: Entering shard 401000001
:10-16-2020 06:36:23 StreetSign: Street sign url is https://ttoffline.com/images/
:10-16-2020 06:36:24 StreetSign: Street Sign is up to date
:10-16-2020 06:36:24 TimeManager: Clock sync: TimeManager.announceGenerate
:10-16-2020 06:36:24 InGameNewsMgr: latestIssue=2013-08-22 16:49:46.000003-07:00
cpu info: GenuineIntel|Intel(R) Core(TM) i7-8700K CPU @ 3.70GHz|591594|0|3.696,3.696|6,12 cpus
:10-16-2020 06:36:25 OTPClientRepository: No sync from TimeManager.
:10-16-2020 06:36:25 OTPClientRepository: gotTimeSync
:10-16-2020 06:36:25 Loader: At end of block 'localAvatarPlayGame', expected 400, loaded 9, duration=4.2163457
:10-16-2020 06:36:25 OTPClientRepository: Sending heartbeat mid-frame.
:10-16-2020 06:36:25 TimeManager: Clock sync roundtrip took 1092.364 ms
:10-16-2020 06:36:25 TimeManager: AI time delta is -0:01 from server delta
:10-16-2020 06:36:25 TimeManager: Local clock uncertainty +/- 0.546 s
:10-16-2020 06:36:25 PlayGame: QA-REGRESSION: NEIGHBORHOODS: Visit Lawbot HQ
:10-16-2020 06:36:25 Loader: starting bulk load of block 'hood'
:10-16-2020 06:36:26 LawbotCogHQLoader: loadPlaceGeom: 13000
:10-16-2020 06:36:26 DistributedObject: DistributedSuitPlanner 401002972: generating
:10-16-2020 06:36:26 DistributedToon: calling LocalAvatar.startchat
:10-16-2020 06:36:26 :loader(error): Couldn't load file phase_4/models/questmap/cog_hq_lawbot_maps.bam: not found on model path (currently: "/;/d/hollybae/Aly/Toontown-School-House/toontown/launcher;/c/Panda3D-1.11.0-x64/etc/..;/c/Panda3D-1.11.0-x64/etc/../models")
:10-16-2020 06:36:26 Loader: At end of block 'hood', expected 2, loaded 3, duration=0.653996
:10-16-2020 06:36:27 Teleport(debug): teleportInDone: walk
:10-16-2020 06:36:27 :loader(error): Couldn't load file phase_4/models/questmap/cog_hq_lawbot_maps.bam: not found on model path (currently: "/;/d/hollybae/Aly/Toontown-School-House/toontown/launcher;/c/Panda3D-1.11.0-x64/etc/..;/c/Panda3D-1.11.0-x64/etc/../models")
:10-16-2020 06:36:33 TTOffMagicWordManager: God mode enabled for Aeterna!
:10-16-2020 06:36:40 LawbotCogHQLoader: loadPlaceGeom: 13100
:10-16-2020 06:36:40 LawbotCogHQLoader: QA-REGRESSION: COGHQ: Visit LawbotLobby
:10-16-2020 06:36:40 LawbotHQExterior: Unloading Place (13000). Fsm in final
:10-16-2020 06:36:40 DistributedObject: DistributedSuitPlanner 401002972: disabling
:10-16-2020 06:36:40 DistributedToon: calling LocalAvatar.startchat
:10-16-2020 06:36:40 :loader(error): Couldn't load file phase_4/models/questmap/cog_hq_lawbot_maps.bam: not found on model path (currently: "/;/d/hollybae/Aly/Toontown-School-House/toontown/launcher;/c/Panda3D-1.11.0-x64/etc/..;/c/Panda3D-1.11.0-x64/etc/../models")
:10-16-2020 06:36:41 :loader(error): Couldn't load file phase_4/models/questmap/cog_hq_lawbot_maps.bam: not found on model path (currently: "/;/d/hollybae/Aly/Toontown-School-House/toontown/launcher;/c/Panda3D-1.11.0-x64/etc/..;/c/Panda3D-1.11.0-x64/etc/../models")
adding timeout task
adding timeout task
:10-16-2020 06:38:58 TTOffMagicWordManager: Run mode has been toggled.
:10-16-2020 06:39:04 LawbotCogHQLoader: loadPlaceGeom: 61000
:10-16-2020 06:39:04 LawbotCogHQLoader(warning): loadPlaceGeom: unclassified zone 61000
:10-16-2020 06:39:04 CogHQLobby: Unloading Place (13100). Fsm in final
:10-16-2020 06:39:04 DistributedLawbotBoss(warning): Not a collision node: LawbotCourtroom3.egg/-PandaNode/CR3/interior/CR3_Floor
:10-16-2020 06:39:05 DistributedToon: calling LocalAvatar.startchat
:10-16-2020 06:39:05 LawbotHQBossBattle(warning): fsm.request('movie') returned 0 (zone id 61000, avatar pos LPoint3f(-0.363562, -126.204, 0.193903)).
:10-16-2020 06:39:09 TTOffMagicWordManager: Restarting Scale Round
:10-16-2020 06:41:14 GarbageCollect(warning): garbage found, reverting gc threshold
frame rate: 193.7 fps|0.002d|14 avs||309|309||0x0000|0x0000|618.8MB|726.2MB|32619.6MB|436|nt.2.6.2|3.696,3.696|6,12 cpus|OpenGL
:10-16-2020 06:42:15 TTOffMagicWordManager: Presto!
:10-16-2020 06:42:23 TTOffMagicWordManager: Gave Aeterna an infinite amount of pies
:10-16-2020 06:42:27 TTOffMagicWordManager: Presto!
:10-16-2020 06:42:31 TTOffMagicWordManager: Abracadabra!
:10-16-2020 06:42:34 TTOffMagicWordManager: Voila!
:10-16-2020 06:43:07 TTOffMagicWordManager: LVecBase3f(29.8429, 0, 0)
:10-16-2020 06:43:31 TTOffMagicWordManager: Alakazam!
:10-16-2020 06:43:39 TTOffMagicWordManager: Oobe mode has been toggled.
:10-16-2020 06:44:14 TTOffMagicWordManager: LVecBase3f(25, 90, 180)
:10-16-2020 06:44:46 BulletinBoard(warning): changing oobeEnabled from True to False
:10-16-2020 06:44:46 BulletinBoard: update: posting oobeEnabled
:10-16-2020 06:44:46 TTOffMagicWordManager: Oobe mode has been toggled.
:10-16-2020 06:44:53 TTOffMagicWordManager: Alakazam!
:10-16-2020 06:44:58 TTOffMagicWordManager: Voila!
:10-16-2020 06:45:05 TTOffMagicWordManager: Alakazam!
:10-16-2020 06:45:32 TTOffMagicWordManager: 59 13 0 -176 0 0 is set as the starting point!
:10-16-2020 06:45:48 TTOffMagicWordManager: Point -34 -2 10 90 80 180 with a duration of 3 was added!
:10-16-2020 06:46:01 TTOffMagicWordManager: Point -18 1 25 25 90 180 with a duration of 4 was added!
:10-16-2020 06:46:11 TTOffMagicWordManager: Abracadabra!
:10-16-2020 06:46:20 TTOffMagicWordManager: Abracadabra!
frame rate: 198.8 fps|0.001d|14 avs||609|609||0x0000|0x0000|634.2MB|741.7MB|32619.6MB|466|nt.2.6.2|3.696,3.696|6,12 cpus|OpenGL
adding timeout task
adding timeout task
:10-16-2020 06:50:44 TTOffMagicWordManager: Abracadabra!
frame rate: 177.8 fps|0.001d|14 avs||909|909||0x0000|0x0000|657.4MB|764.9MB|32619.6MB|492|nt.2.6.2|3.696,3.696|6,12 cpus|OpenGL
:10-16-2020 06:51:42 :linmath(warning): Tried to invert singular LMatrix3.
:10-16-2020 06:52:31 TTOffMagicWordManager: Ta-da!
:10-16-2020 06:52:51 TTOffMagicWordManager: Ta-da!
:10-16-2020 06:52:54 TTOffMagicWordManager: Presto!
:10-16-2020 06:53:14 TTOffMagicWordManager: Abracadabra!
:10-16-2020 06:53:25 TTOffMagicWordManager: Voila!
:10-16-2020 06:53:35 TTOffMagicWordManager: Presto!
:10-16-2020 06:53:44 TTOffMagicWordManager: Abracadabra!
:10-16-2020 06:53:48 TTOffMagicWordManager: Ta-da!
:10-16-2020 06:53:58 TTOffMagicWordManager: Ta-da!
:10-16-2020 06:54:08 TTOffMagicWordManager: Ta-da!
:10-16-2020 06:54:28 TTOffMagicWordManager: Successfully cleared all camera points!
:10-16-2020 06:54:58 TTOffMagicWordManager: Point 0 0 15 -80 10 0 with a duration of 6 was added!
:10-16-2020 06:55:02 TTOffMagicWordManager: Presto!
:10-16-2020 06:55:07 TTOffMagicWordManager: Ta-da!
:10-16-2020 06:55:14 TTOffMagicWordManager: Presto!
:10-16-2020 06:55:18 TTOffMagicWordManager: Voila!
:10-16-2020 06:55:48 TTOffMagicWordManager: 59 13 0 -176 0 0 is set as the starting point!
:10-16-2020 06:55:51 TTOffMagicWordManager: Abracadabra!
:10-16-2020 06:56:08 TTOffMagicWordManager: 60 14 0 -176 0 0 is set as the starting point!
:10-16-2020 06:56:10 TTOffMagicWordManager: This Magic Word doesn't exist! Did you mean setplayrate?
:10-16-2020 06:56:14 TTOffMagicWordManager: Ta-da!
frame rate: 184.8 fps|0.001d|14 avs||1209|1209||0x0000|0x0000|679.5MB|787.2MB|32619.6MB|524|nt.2.6.2|3.696,3.696|6,12 cpus|OpenGL
:10-16-2020 06:57:13 TTOffMagicWordManager: Ta-da!
:10-16-2020 06:59:45 TTOffMagicWordManager: 59 13 0 -176 0 0 is set as the starting point!
:10-16-2020 07:00:00 TTOffMagicWordManager: [x59, y13, z0, h-176, p0, r0]
 [x0, y0, z15, h-80, p10, r0, dur6]
:10-16-2020 07:00:13 TTOffMagicWordManager: Voila!
frame rate: 171.5 fps|0.001d|14 avs||1509|1509||0x0000|0x0000|700.3MB|807.9MB|32619.6MB|529|nt.2.6.2|3.696,3.696|6,12 cpus|OpenGL
:10-16-2020 07:02:44 TTOffMagicWordManager: 100 100 100 100 100 100 is set as the starting point!
:10-16-2020 07:02:46 TTOffMagicWordManager: This Magic Word doesn't exist! Did you mean setplayrate?
:10-16-2020 07:02:49 TTOffMagicWordManager: Abracadabra!
:10-16-2020 07:03:13 TTOffMagicWordManager: Invalid command! Please use ~camera startpoint or ~camera addpoint.
:10-16-2020 07:03:20 TTOffMagicWordManager: Invalid command! Please use ~camera startpoint or ~camera addpoint.
:10-16-2020 07:03:29 TTOffMagicWordManager: 59 13 0 -176 0 0 is set as the starting point!
:10-16-2020 07:03:33 TTOffMagicWordManager: Abracadabra!
:10-16-2020 07:03:56 TTOffMagicWordManager: Uh-oh! This Magic Word doesn't exist!
:10-16-2020 07:03:58 TTOffMagicWordManager: LPoint3f(-58.2696, 7.73429, -0.000313416)
:10-16-2020 07:04:22 TTOffMagicWordManager: -58 7 0 0 0 0 is set as the starting point!
:10-16-2020 07:04:24 TTOffMagicWordManager: Ta-da!
:10-16-2020 07:04:53 TTOffMagicWordManager: -59 13 0 -176 0 0 is set as the starting point!
:10-16-2020 07:05:04 TTOffMagicWordManager: Alakazam!
:10-16-2020 07:05:15 TTOffMagicWordManager: Presto!
:10-16-2020 07:05:19 TTOffMagicWordManager: Ta-da!
:10-16-2020 07:05:43 TTOffMagicWordManager: LPoint3f(-40.387, -16.746, -0.000299564)
:10-16-2020 07:06:23 TimeManager: Clock sync: timer
:10-16-2020 07:06:23 TimeManager: Clock sync roundtrip took 23.409 ms
:10-16-2020 07:06:23 TimeManager: AI time delta is -0:00 from server delta
:10-16-2020 07:06:23 ClockDelta: previous delta at -0.953 s, +/- 1.046 s.
:10-16-2020 07:06:23 ClockDelta: new delta at -1.498 s, +/- 0.012 s.
:10-16-2020 07:06:23 ClockDelta: intersection at -1.498 s, +/- 0.012 s.
:10-16-2020 07:06:23 TimeManager: Local clock uncertainty +/- 0.012 s
frame rate: 184.7 fps|0.001d|14 avs||1809|1809||0x0000|0x0000|714.7MB|822.4MB|32619.6MB|561|nt.2.6.2|3.696,3.696|6,12 cpus|OpenGL
:10-16-2020 07:06:43 TTOffMagicWordManager: Presto!
:10-16-2020 07:07:04 TTOffMagicWordManager: Voila!
:10-16-2020 07:07:18 TTOffMagicWordManager: Successfully cleared all camera points!
:10-16-2020 07:07:26 TTOffMagicWordManager: Point -40 -16 0 -100 5 -5 with a duration of 1 was added!
:10-16-2020 07:07:53 TTOffMagicWordManager: Point 0 0 15 -80 10 -10 with a duration of 1 was added!
:10-16-2020 07:08:00 TTOffMagicWordManager: Abracadabra!
:10-16-2020 07:08:08 TTOffMagicWordManager: This Magic Word doesn't exist! Did you mean printposhpr?
:10-16-2020 07:08:13 TTOffMagicWordManager: Abracadabra!
:10-16-2020 07:08:23 TTOffMagicWordManager: Alakazam!
:10-16-2020 07:08:25 TTOffMagicWordManager: Alakazam!
:10-16-2020 07:08:35 TTOffMagicWordManager: Voila!
:10-16-2020 07:09:24 TTOffMagicWordManager: Successfully cleared all camera points!
:10-16-2020 07:09:38 TTOffMagicWordManager: Point -40 -16 0 -100 5 -5 with a duration of 4 was added!
:10-16-2020 07:09:47 TTOffMagicWordManager: Point 0 0 15 -80 10 -10 with a duration of 4 was added!
:10-16-2020 07:09:51 TTOffMagicWordManager: Voila!
:10-16-2020 07:10:09 TTOffMagicWordManager: Successfully cleared all camera points!
:10-16-2020 07:10:30 TTOffMagicWordManager: Point -40 -16 0 -100 5 -5 with a duration of 3 was added!
:10-16-2020 07:10:47 TTOffMagicWordManager: Successfully cleared all camera points!
:10-16-2020 07:11:21 TTOffMagicWordManager: Successfully cleared all camera points!
frame rate: 191.1 fps|0.001d|14 avs||2109|2109||0x0000|0x0000|732.1MB|839.8MB|32619.6MB|584|nt.2.6.2|3.696,3.696|6,12 cpus|OpenGL
:10-16-2020 07:11:38 TTOffMagicWordManager: Point -40 -16 7 -100 5 -5 with a duration of 3 was added!
:10-16-2020 07:11:50 TTOffMagicWordManager: Point 0 0 15 -80 10 -10 with a duration of 3 was added!
:10-16-2020 07:11:55 TTOffMagicWordManager: Presto!
:10-16-2020 07:12:11 TTOffMagicWordManager: Abracadabra!
:10-16-2020 07:13:33 TTOffMagicWordManager: Successfully cleared all camera points!
:10-16-2020 07:13:43 TTOffMagicWordManager: Point -40 3 8 -100 5 -5 with a duration of 3 was added!
:10-16-2020 07:13:53 TTOffMagicWordManager: Point 0 0 15 -80 10 -10 with a duration of 3 was added!
:10-16-2020 07:13:56 TTOffMagicWordManager: Alakazam!
adding timeout task
adding timeout task
frame rate: 162.6 fps|0.001d|14 avs||2409|2409||0x0000|0x0000|747.8MB|855.5MB|32619.6MB|588|nt.2.6.2|3.696,3.696|6,12 cpus|OpenGL
frame rate: 138.1 fps|0.001d|14 avs||2709|2709||0x0000|0x0000|760.9MB|868.6MB|32619.6MB|591|nt.2.6.2|3.696,3.696|6,12 cpus|OpenGL
adding timeout task
adding timeout task
frame rate: 9.1 fps|0.002d|14 avs||3009|3010||0x0000|0x0000|765.5MB|873.2MB|32619.6MB|602|nt.2.6.2|3.696,3.696|6,12 cpus|OpenGL
:10-16-2020 07:27:16 TTOffMagicWordManager: LPoint3f(-60.8443, 25.3901, -0.000327502)
:10-16-2020 07:28:57 TTOffMagicWordManager: LPoint3f(-62.5859, 40.713, -0.000327417)
:10-16-2020 07:29:31 TTOffMagicWordManager: Abracadabra!
:10-16-2020 07:29:57 TTOffMagicWordManager: Successfully cleared all camera points!
:10-16-2020 07:30:07 TTOffMagicWordManager: -60 25 0 -176 0 0 is set as the starting point!
:10-16-2020 07:30:15 TTOffMagicWordManager: Point -62 40 20 -176 -40 0 with a duration of 4 was added!
:10-16-2020 07:30:19 TTOffMagicWordManager: Presto!
:10-16-2020 07:30:34 TTOffMagicWordManager: Alakazam!
:10-16-2020 07:30:44 TTOffMagicWordManager: Presto!
:10-16-2020 07:31:05 TTOffMagicWordManager: -60 25 1 -176 0 0 is set as the starting point!
:10-16-2020 07:31:08 TTOffMagicWordManager: Abracadabra!
:10-16-2020 07:31:16 TTOffMagicWordManager: Voila!
frame rate: 181.9 fps|0.001d|14 avs||3309|3309||0x0000|0x0000|781.4MB|889.1MB|32619.6MB|633|nt.2.6.2|3.696,3.696|6,12 cpus|OpenGL
:10-16-2020 07:31:23 TTOffMagicWordManager: Voila!
:10-16-2020 07:31:40 TTOffMagicWordManager: Ta-da!
:10-16-2020 07:31:44 TTOffMagicWordManager: Presto!
:10-16-2020 07:31:53 TTOffMagicWordManager: LPoint3f(-62.021, 59.0526, -0.000298115)
:10-16-2020 07:32:52 TTOffMagicWordManager: -60 25 0 -176 0 0 is set as the starting point!
:10-16-2020 07:33:00 TTOffMagicWordManager: Successfully cleared all camera points!
:10-16-2020 07:33:05 TTOffMagicWordManager: Point -62 59 15 -176 -40 0 with a duration of 3 was added!
:10-16-2020 07:33:08 TTOffMagicWordManager: Ta-da!
:10-16-2020 07:33:14 TTOffMagicWordManager: Alakazam!
:10-16-2020 07:33:16 TTOffMagicWordManager: Abracadabra!
:10-16-2020 07:33:21 TTOffMagicWordManager: Ta-da!
:10-16-2020 07:33:48 TTOffMagicWordManager: -60 24 0 -176 0 0 is set as the starting point!
:10-16-2020 07:33:50 TTOffMagicWordManager: Voila!
:10-16-2020 07:34:06 TTOffMagicWordManager: Successfully cleared all camera points!
:10-16-2020 07:34:18 TTOffMagicWordManager: Voila!
:10-16-2020 07:34:57 TTOffMagicWordManager: -60 24 1 -176 0 0 is set as the starting point!
:10-16-2020 07:35:10 TTOffMagicWordManager: Successfully cleared all camera points!
:10-16-2020 07:35:28 TTOffMagicWordManager: Point -62 59 25 -176 -50 0 with a duration of 1 was added!
:10-16-2020 07:35:30 TTOffMagicWordManager: Voila!
:10-16-2020 07:35:53 TTOffMagicWordManager: Successfully cleared all camera points!
:10-16-2020 07:35:57 TTOffMagicWordManager: Point -62 59 25 -176 -50 0 with a duration of 4 was added!
:10-16-2020 07:36:02 TTOffMagicWordManager: Ta-da!
:10-16-2020 07:36:20 TTOffMagicWordManager: Successfully cleared all camera points!
:10-16-2020 07:36:23 TimeManager: Clock sync: timer
frame rate: 186.1 fps|0.001d|14 avs||3609|3609||0x0000|0x0000|797.1MB|904.8MB|32619.6MB|671|nt.2.6.2|3.696,3.696|6,12 cpus|OpenGL
:10-16-2020 07:36:23 TimeManager: Clock sync roundtrip took 93.059 ms
:10-16-2020 07:36:23 TimeManager: AI time delta is -0:00 from server delta
:10-16-2020 07:36:23 ClockDelta: previous delta at -1.498 s, +/- 0.512 s.
:10-16-2020 07:36:23 ClockDelta: new delta at -1.482 s, +/- 0.047 s.
:10-16-2020 07:36:23 ClockDelta: intersection at -1.482 s, +/- 0.047 s.
:10-16-2020 07:36:23 TimeManager: Local clock uncertainty +/- 0.047 s
:10-16-2020 07:36:25 TTOffMagicWordManager: Point -62 50 25 -176 -50 0 with a duration of 4 was added!
:10-16-2020 07:36:37 TTOffMagicWordManager: Presto!
:10-16-2020 07:36:47 TTOffMagicWordManager: This Magic Word doesn't exist! Did you mean camera?
:10-16-2020 07:36:57 TTOffMagicWordManager: Alakazam!
:10-16-2020 07:37:52 TTOffMagicWordManager: -60 23 3 -176 0 0 is set as the starting point!
:10-16-2020 07:38:44 TTOffMagicWordManager: Abracadabra!
:10-16-2020 07:38:57 TTOffMagicWordManager: Abracadabra!
adding timeout task
adding timeout task
frame rate: 186.9 fps|0.001d|14 avs||3909|3909||0x0000|0x0000|810.5MB|918.2MB|32619.6MB|709|nt.2.6.2|3.696,3.696|6,12 cpus|OpenGL
:10-16-2020 07:44:01 TTOffMagicWordManager: Successfully cleared all camera points!
:10-16-2020 07:44:23 TTOffMagicWordManager: Point -62 40 25 -176 -50 0 with a duration of 4 was added!
:10-16-2020 07:44:31 TTOffMagicWordManager: Voila!
:10-16-2020 07:44:44 TTOffMagicWordManager: Successfully cleared all camera points!
:10-16-2020 07:45:03 TTOffMagicWordManager: Point -62 45 35 -176 -50 0 with a duration of 4 was added!
:10-16-2020 07:45:06 TTOffMagicWordManager: Presto!
:10-16-2020 07:45:15 TTOffMagicWordManager: Successfully cleared all camera points!
:10-16-2020 07:45:18 TTOffMagicWordManager: Point -62 50 25 -176 -50 0 with a duration of 4 was added!
:10-16-2020 07:45:21 TTOffMagicWordManager: Presto!
:10-16-2020 07:45:39 TTOffMagicWordManager: Successfully cleared all camera points!
:10-16-2020 07:45:42 TTOffMagicWordManager: Point -62 50 30 -176 -50 0 with a duration of 4 was added!
:10-16-2020 07:45:46 TTOffMagicWordManager: Voila!
:10-16-2020 07:46:02 TTOffMagicWordManager: Successfully cleared all camera points!
:10-16-2020 07:46:06 TTOffMagicWordManager: Point -62 50 25 -176 -50 0 with a duration of 4 was added!
:10-16-2020 07:46:10 TTOffMagicWordManager: Abracadabra!
:10-16-2020 07:46:18 ToonBase: User closed main window.
:10-16-2020 07:46:18 TimeManager: Client disconnect reason 2.
:10-16-2020 07:46:18 LawbotHQBossBattle: Unloading Place (61000). Fsm in final
:10-16-2020 07:46:18 OTPClientRepository(warning): unclean exit, abandoning shard
ignoring InputState-forward
:10-16-2020 07:46:18 OTPClientRepository: sending clientLogout
:10-16-2020 07:46:19 LocalAvatar(warning): redundant call to stopUpdateSmartCamera
:10-16-2020 07:46:19 OTPClientRepository: Sent disconnect message to server
:10-16-2020 07:46:19 OTPClientRepository: Closing connection to server.
:10-16-2020 07:46:19 OTPClientRepository: Exiting cleanly
:10-16-2020 07:46:19 ToonBase: Exiting Toontown: errorCode = None
:10-16-2020 07:46:19 TTOffLauncher: setting panda error code to 0
:10-16-2020 07:46:19 TTOffLauncher: Normal exit.
