

Starting Toontown Online...
Current time: Thu Oct 22 18:36:47 2020 Eastern Standard Time
sys.path =  ['', 'C:\\Panda3D-1.11.0-x64\\python\\python27.zip', 'C:\\Panda3D-1.11.0-x64', 'C:\\Panda3D-1.11.0-x64\\python\\DLLs', 'C:\\Panda3D-1.11.0-x64\\python\\lib', 'C:\\Panda3D-1.11.0-x64\\python\\lib\\plat-win', 'C:\\Panda3D-1.11.0-x64\\python\\lib\\lib-tk', 'C:\\Panda3D-1.11.0-x64\\python', 'C:\\Panda3D-1.11.0-x64\\bin', 'C:\\Panda3D-1.11.0-x64\\python\\lib\\site-packages']
sys.argv =  ['D:\\hollybae\\Aly\\Toontown-School-House\\toontown\\launcher\\TTOffQuickStartLauncher.py']
generating standard configrc
os.environ =  {'TMP': 'C:\\Users\\holla\\AppData\\Local\\Temp', 'ONEDRIVECONSUMER': 'C:\\Users\\holla\\OneDrive', 'COMPUTERNAME': 'HOLLYBAES-PC', 'USERDOMAIN': 'HOLLYBAES-PC', 'INTEL_DEV_REDIST': 'C:\\Program Files (x86)\\Common Files\\Intel\\Shared Libraries\\', 'PSMODULEPATH': 'C:\\Program Files\\WindowsPowerShell\\Modules;C:\\WINDOWS\\system32\\WindowsPowerShell\\v1.0\\Modules', 'COMMONPROGRAMFILES': 'C:\\Program Files\\Common Files', 'PROCESSOR_IDENTIFIER': 'Intel64 Family 6 Model 158 Stepping 10, GenuineIntel', 'PROGRAMFILES': 'C:\\Program Files', 'PROCESSOR_REVISION': '9e0a', 'PATH': 'C:\\Panda3D-1.11.0-x64\\panda3d\\..\\bin;C:\\Program Files (x86)\\Razer\\ChromaBroadcast\\bin;C:\\Program Files\\Razer\\ChromaBroadcast\\bin;C:\\Program Files (x86)\\Common Files\\Intel\\Shared Libraries\\redist\\intel64\\compiler;C:\\Program Files (x86)\\Common Files\\Oracle\\Java\\javapath;C:\\WINDOWS\\system32;C:\\WINDOWS;C:\\WINDOWS\\System32\\Wbem;C:\\WINDOWS\\System32\\WindowsPowerShell\\v1.0\\;C:\\WINDOWS\\System32\\OpenSSH\\;C:\\Program Files (x86)\\NVIDIA Corporation\\PhysX\\Common;C:\\Program Files\\NVIDIA Corporation\\NVIDIA NvDLISR;C:\\WINDOWS\\system32\\config\\systemprofile\\AppData\\Local\\Microsoft\\WindowsApps;C:\\Users\\holla\\AppData\\Local\\Microsoft\\WindowsApps;C:\\Panda3D-1.11.0-x64\\python;C:\\Panda3D-1.11.0-x64\\python\\Scripts;C:\\Panda3D-1.11.0-x64\\bin', 'SYSTEMROOT': 'C:\\WINDOWS', 'MIC_LD_LIBRARY_PATH': 'C:\\Program Files (x86)\\Common Files\\Intel\\Shared Libraries\\compiler\\lib\\mic', 'COMSPEC': 'C:\\WINDOWS\\system32\\cmd.exe', 'DRIVERDATA': 'C:\\Windows\\System32\\Drivers\\DriverData', 'PPYTHON_PATH': '"C:\\Panda3D-1.11.0-x64\\python\\ppython.exe"', 'TEMP': 'C:\\Users\\holla\\AppData\\Local\\Temp', 'COMMONPROGRAMFILES(X86)': 'C:\\Program Files (x86)\\Common Files', 'PROCESSOR_ARCHITECTURE': 'AMD64', 'PROGRAMFILES(X86)': 'C:\\Program Files (x86)', 'ALLUSERSPROFILE': 'C:\\ProgramData', 'LOCALAPPDATA': 'C:\\Users\\holla\\AppData\\Local', 'FPS_BROWSER_USER_PROFILE_STRING': 'Default', 'HOMEPATH': '\\Users\\holla', 'USERDOMAIN_ROAMINGPROFILE': 'HOLLYBAES-PC', 'PROGRAMW6432': 'C:\\Program Files', 'USERNAME': 'holla', 'LOGONSERVER': '\\\\HOLLYBAES-PC', 'PROMPT': '$P$G', 'SESSIONNAME': 'Console', 'PROGRAMDATA': 'C:\\ProgramData', 'ONEDRIVE': 'C:\\Users\\holla\\OneDrive', 'FPS_BROWSER_APP_PROFILE_STRING': 'Internet Explorer', 'PATHEXT': '.COM;.EXE;.BAT;.CMD;.VBS;.VBE;.JS;.JSE;.WSF;.WSH;.MSC', 'TTOFF_LOGIN_TOKEN': 'dev', 'WINDIR': 'C:\\WINDOWS', 'APPDATA': 'C:\\Users\\holla\\AppData\\Roaming', 'HOMEDRIVE': 'C:', 'SYSTEMDRIVE': 'C:', 'NUMBER_OF_PROCESSORS': '12', 'PROCESSOR_LEVEL': '6', 'RG_GPU_FRAMEWORK_ENGINE_RESOURCEDIR': 'C:\\Program Files\\Red Giant\\RGFX', 'COMMONPROGRAMW6432': 'C:\\Program Files\\Common Files', 'OS': 'Windows_NT', 'PUBLIC': 'C:\\Users\\Public', 'USERPROFILE': 'C:\\Users\\holla'}
:10-22-2020 18:36:47 TTOffLauncher: isTestServer: 0
:10-22-2020 18:36:47 TTOffLauncher: Game Server 127.0.0.1
:10-22-2020 18:36:47 TTOffLauncher: Starting Toontown Online... 
:10-22-2020 18:36:47 TTOffLauncher: foreground: Launcher now operating in foreground
useTTOffSpecificLogin=True
:10-22-2020 18:36:47 TTOffLauncher: maybeStartGame: starting game
:10-22-2020 18:36:47 TTOffLauncher: Starting Toontown Online...
:10-22-2020 18:36:47 TTOffLauncher: background: Launcher now operating in background
ToontownStart: Polling for game2 to finish...
ToontownStart: Game2 is finished.
ToontownStart: Starting the game.
ToontownStart: setting default font
:10-22-2020 18:36:47 TTOffLauncher: setting panda error code to 7
Known pipe types:
  wglGraphicsPipe
(all display modules loaded.)
:10-22-2020 18:36:47 ToonBase: Default graphics pipe is wglGraphicsPipe (OpenGL).
:10-22-2020 18:36:47 ToonBase: Successfully opened window of type wglGraphicsWindow (OpenGL)
:10-22-2020 18:36:47 ShowBase: __dev__ == False
:10-22-2020 18:36:47 TTOffLauncher: setting panda error code to 11
:10-22-2020 18:36:47 TTOffLauncher: setting panda error code to 0
ToontownStart: Loading default gui sounds
ToontownStart: serverVersion:  tto-dev
:10-22-2020 18:36:47 Loader: starting bulk load of block 'init'
:10-22-2020 18:36:48 :nativenet(error): Buffered_DatagramConnection Constructor rbufsize = 4096000 wbufsize = 4096000 write_flush_point = 1400
:10-22-2020 18:36:48 OTPClientRepository: Using connect method 'http'
:10-22-2020 18:36:49 TTOffLauncher: getRegistry ('DEPLOYMENT', None)
:10-22-2020 18:36:49 TTOffLauncher: checking env
:10-22-2020 18:36:49 TTOffLauncher: getRegistry ('GAME_DEPLOYMENT', None)
:10-22-2020 18:36:49 TTOffLauncher: checking env
:10-22-2020 18:36:49 OTPClientRepository: reg_deployment=
:10-22-2020 18:36:49 OTPClientRepository: required-login auto.
:10-22-2020 18:36:49 OTPClientRepository: loginInterface: LoginTTOffAccount
:10-22-2020 18:36:49 TTOffLauncher: getNeedPwForSecretKey using ttoff-specific-login
:10-22-2020 18:36:49 Loader: At end of block 'init', expected 138, loaded 8, duration=1.6784693
:10-22-2020 18:36:49 OTPClientRepository: Connecting to gameserver directly (no proxy).
:10-22-2020 18:36:49 OTPClientRepository: Connecting to //127.0.0.1:7198 via HTTP interface.
:10-22-2020 18:36:49 TTOffLauncher: Stopping mini task manager.
:10-22-2020 18:36:49 OTPClientRepository: Successfully connected to //127.0.0.1:7198.
:10-22-2020 18:36:49 TTOffLauncher: Setting Disconnect Details normal
{401000001: <toontown.distributed.ToontownDistrict.ToontownDistrict instance at 0x000000001A7D3A08>}
:10-22-2020 18:36:50 StateData: AvatarChooser.enter
:10-22-2020 18:36:50 DisplayOptions: settingsFullScreen = False, embedded = False width=800 height=600
:10-22-2020 18:36:50 StateData: calling self.displayOptions.restrictToEmbedded(False)
:10-22-2020 18:37:22 OTPClientRepository: ================
:10-22-2020 18:37:22 OTPClientRepository: Chose avatar id: 100000014
:10-22-2020 18:37:22 OTPClientRepository: Chose avatar name: Holland
:10-22-2020 18:37:22 OTPClientRepository: Chose avatar dna: ('css', 'ms', 'm', 'm', 16, 0, 16, 16, 113, 27, 99, 27, 7, 21)
:10-22-2020 18:37:22 OTPClientRepository: Chose avatar position: 5
:10-22-2020 18:37:22 OTPClientRepository: isPaid: 1
:10-22-2020 18:37:22 OTPClientRepository: freeTimeLeft: 0
:10-22-2020 18:37:22 OTPClientRepository: allowSecretChat: True
:10-22-2020 18:37:22 OTPClientRepository: ================
:10-22-2020 18:37:22 Loader: starting bulk load of block 'localAvatarPlayGame'
:10-22-2020 18:37:23 ToontownTimeManager(warning): error parsing date string=
local
:10-22-2020 18:37:23 NewsPageButtonManager(warning): Should not get here. NewsPageButtonManager.exitOff
:10-22-2020 18:37:23 :pnmimage:png(warning): iCCP: known incorrect sRGB profile
:10-22-2020 18:37:24 OTPClientRepository: Entering shard 401000001
:10-22-2020 18:37:24 StreetSign: Street sign url is https://ttoffline.com/images/
:10-22-2020 18:37:26 StreetSign: Street Sign is up to date
:10-22-2020 18:37:26 TimeManager: Clock sync: TimeManager.announceGenerate
:10-22-2020 18:37:26 InGameNewsMgr: latestIssue=2013-08-22 16:49:46.000003-07:00
cpu info: GenuineIntel|Intel(R) Core(TM) i7-8700K CPU @ 3.70GHz|591594|0|3.696,3.696|6,12 cpus
:10-22-2020 18:37:27 OTPClientRepository: No sync from TimeManager.
:10-22-2020 18:37:27 OTPClientRepository: gotTimeSync
:10-22-2020 18:37:27 Loader: At end of block 'localAvatarPlayGame', expected 400, loaded 9, duration=4.5048169
:10-22-2020 18:37:27 TimeManager: Clock sync roundtrip took 1062.401 ms
:10-22-2020 18:37:27 TimeManager: AI time delta is -0:01 from server delta
:10-22-2020 18:37:27 TimeManager: Local clock uncertainty +/- 0.531 s
:10-22-2020 18:37:27 PlayGame: QA-REGRESSION: NEIGHBORHOODS: Visit Lawbot HQ
:10-22-2020 18:37:27 Loader: starting bulk load of block 'hood'
:10-22-2020 18:37:27 LawbotCogHQLoader: loadPlaceGeom: 13000
:10-22-2020 18:37:28 DistributedObject: DistributedSuitPlanner 401002972: generating
:10-22-2020 18:37:28 DistributedToon: calling LocalAvatar.startchat
:10-22-2020 18:37:28 :loader(error): Couldn't load file phase_4/models/questmap/cog_hq_lawbot_maps.bam: not found on model path (currently: "/;/d/hollybae/Aly/Toontown-School-House/toontown/launcher;/c/Panda3D-1.11.0-x64/etc/..;/c/Panda3D-1.11.0-x64/etc/../models")
:10-22-2020 18:37:28 Loader: At end of block 'hood', expected 2, loaded 3, duration=0.8424464
:10-22-2020 18:37:29 Teleport(debug): teleportInDone: walk
:10-22-2020 18:37:29 :loader(error): Couldn't load file phase_4/models/questmap/cog_hq_lawbot_maps.bam: not found on model path (currently: "/;/d/hollybae/Aly/Toontown-School-House/toontown/launcher;/c/Panda3D-1.11.0-x64/etc/..;/c/Panda3D-1.11.0-x64/etc/../models")
:10-22-2020 18:37:47 TTOffMagicWordManager: God mode enabled for Holland!
:10-22-2020 18:37:54 LawbotCogHQLoader: loadPlaceGeom: 13100
:10-22-2020 18:37:54 LawbotCogHQLoader: QA-REGRESSION: COGHQ: Visit LawbotLobby
:10-22-2020 18:37:54 LawbotHQExterior: Unloading Place (13000). Fsm in final
:10-22-2020 18:37:54 DistributedObject: DistributedSuitPlanner 401002972: disabling
:10-22-2020 18:37:54 DistributedToon: calling LocalAvatar.startchat
:10-22-2020 18:37:54 :loader(error): Couldn't load file phase_4/models/questmap/cog_hq_lawbot_maps.bam: not found on model path (currently: "/;/d/hollybae/Aly/Toontown-School-House/toontown/launcher;/c/Panda3D-1.11.0-x64/etc/..;/c/Panda3D-1.11.0-x64/etc/../models")
:10-22-2020 18:37:55 :loader(error): Couldn't load file phase_4/models/questmap/cog_hq_lawbot_maps.bam: not found on model path (currently: "/;/d/hollybae/Aly/Toontown-School-House/toontown/launcher;/c/Panda3D-1.11.0-x64/etc/..;/c/Panda3D-1.11.0-x64/etc/../models")
:10-22-2020 18:38:02 TTOffMagicWordManager: Run mode has been toggled.
:10-22-2020 18:38:04 TTOffMagicWordManager: Gave Holland an infinite amount of pies
:10-22-2020 18:38:07 LawbotCogHQLoader: loadPlaceGeom: 61000
:10-22-2020 18:38:07 LawbotCogHQLoader(warning): loadPlaceGeom: unclassified zone 61000
:10-22-2020 18:38:07 CogHQLobby: Unloading Place (13100). Fsm in final
:10-22-2020 18:38:08 DistributedLawbotBoss(warning): Not a collision node: LawbotCourtroom3.egg/-PandaNode/CR3/interior/CR3_Floor
:10-22-2020 18:38:08 DistributedToon: calling LocalAvatar.startchat
:10-22-2020 18:38:08 LawbotHQBossBattle(warning): fsm.request('movie') returned 0 (zone id 61000, avatar pos LPoint3f(-0.363562, -126.204, 0.193903)).
:10-22-2020 18:38:14 LawbotHQBossBattle(warning): fsm.request('finalBattle') returned 0 (zone id 61000, avatar pos LPoint3f(-3, 0, 0)).
:10-22-2020 18:38:14 TTOffMagicWordManager: Entering Cannon Round
:10-22-2020 18:38:14 LawbotHQBossBattle(warning): fsm.request('finalBattle') returned 0 (zone id 61000, avatar pos LPoint3f(-2.798, 58, -0.00031662)).
:10-22-2020 18:38:14 TTOffMagicWordManager: Restarting Scale Round
:10-22-2020 18:38:19 LawbotHQBossBattle(warning): fsm.request('finalBattle') returned 0 (zone id 61000, avatar pos LPoint3f(-14.7845, 11.6397, 0)).
:10-22-2020 18:38:19 TTOffMagicWordManager: Restarting Scale Round
:10-22-2020 18:38:30 LawbotHQBossBattle(warning): fsm.request('finalBattle') returned 0 (zone id 61000, avatar pos LPoint3f(-19.0071, -6.49903, 0)).
:10-22-2020 18:38:30 TTOffMagicWordManager: Restarting Scale Round
:10-22-2020 18:38:35 LawbotHQBossBattle(warning): fsm.request('finalBattle') returned 0 (zone id 61000, avatar pos LPoint3f(-6.41513, 1.89597, 0)).
:10-22-2020 18:38:35 TTOffMagicWordManager: Restarting Scale Round
:10-22-2020 18:38:59 TTOffMagicWordManager: LPoint3f(-26.9393, 26.6005, 0)
:10-22-2020 18:39:02 TTOffMagicWordManager: LPoint3f(-29.911, 26.9096, 0)
:10-22-2020 18:39:23 TTOffMagicWordManager: Presto!
:10-22-2020 18:39:33 TTOffMagicWordManager: Abracadabra!
:10-22-2020 18:39:52 TTOffMagicWordManager: Ta-da!
:10-22-2020 18:39:56 :linmath(warning): Tried to invert singular LMatrix3.
:10-22-2020 18:40:02 TTOffMagicWordManager: Ta-da!
:10-22-2020 18:40:14 TTOffMagicWordManager: Ta-da!
:10-22-2020 18:40:37 TTOffMagicWordManager: Abracadabra!
:10-22-2020 18:40:49 TTOffMagicWordManager: Alakazam!
:10-22-2020 18:41:02 TTOffMagicWordManager: Ta-da!
:10-22-2020 18:41:26 TTOffMagicWordManager: Ta-da!
:10-22-2020 18:41:41 TTOffMagicWordManager: Ta-da!
:10-22-2020 18:41:47 GarbageCollect(warning): garbage found, reverting gc threshold
:10-22-2020 18:41:53 TTOffMagicWordManager: Abracadabra!
:10-22-2020 18:42:06 TTOffMagicWordManager: Abracadabra!
:10-22-2020 18:42:16 TTOffMagicWordManager: Presto!
frame rate: 166.0 fps|0.001d|14 avs||337|337||0x0000|0x0000|653.4MB|754.4MB|32619.6MB|456|nt.2.6.2|3.696,3.696|6,12 cpus|OpenGL
:10-22-2020 18:42:27 TTOffMagicWordManager: Voila!
:10-22-2020 18:42:38 TTOffMagicWordManager: Ta-da!
:10-22-2020 18:42:54 TTOffMagicWordManager: Ta-da!
:10-22-2020 18:43:05 TTOffMagicWordManager: Ta-da!
:10-22-2020 18:43:25 TTOffMagicWordManager: Abracadabra!
:10-22-2020 18:43:35 TTOffMagicWordManager: Alakazam!
:10-22-2020 18:43:45 TTOffMagicWordManager: Voila!
:10-22-2020 18:44:02 TTOffMagicWordManager: Alakazam!
:10-22-2020 18:44:14 TTOffMagicWordManager: Abracadabra!
