

Starting Toontown Online...
Current time: Thu Dec 12 19:24:18 2019 Eastern Standard Time
sys.path =  ['', 'C:\\Panda3D-1.11.0-x64\\python\\python27.zip', 'C:\\Panda3D-1.11.0-x64', 'C:\\Panda3D-1.11.0-x64\\python\\DLLs', 'C:\\Panda3D-1.11.0-x64\\python\\lib', 'C:\\Panda3D-1.11.0-x64\\python\\lib\\plat-win', 'C:\\Panda3D-1.11.0-x64\\python\\lib\\lib-tk', 'C:\\Panda3D-1.11.0-x64\\python', 'C:\\Panda3D-1.11.0-x64\\bin', 'C:\\Panda3D-1.11.0-x64\\python\\lib\\site-packages']
sys.argv =  ['D:\\hollybae\\Aly\\Toontown-School-House\\toontown\\launcher\\TTOffQuickStartLauncher.py']
generating standard configrc
os.environ =  {'TMP': 'C:\\Users\\holla\\AppData\\Local\\Temp', 'COMPUTERNAME': 'HOLLYBAES-PC', 'USERDOMAIN': 'HOLLYBAES-PC', 'INTEL_DEV_REDIST': 'C:\\Program Files (x86)\\Common Files\\Intel\\Shared Libraries\\', 'PSMODULEPATH': 'C:\\Program Files\\WindowsPowerShell\\Modules;C:\\WINDOWS\\system32\\WindowsPowerShell\\v1.0\\Modules', 'COMMONPROGRAMFILES': 'C:\\Program Files\\Common Files', 'PROCESSOR_IDENTIFIER': 'Intel64 Family 6 Model 158 Stepping 10, GenuineIntel', 'VBOX_MSI_INSTALL_PATH': 'C:\\Program Files\\Oracle\\VirtualBox\\', 'PROGRAMFILES': 'C:\\Program Files', 'PROCESSOR_REVISION': '9e0a', 'PATH': 'C:\\Panda3D-1.11.0-x64\\panda3d\\..\\bin;C:\\Program Files (x86)\\Razer\\ChromaBroadcast\\bin;C:\\Program Files\\Razer\\ChromaBroadcast\\bin;C:\\Program Files (x86)\\Common Files\\Intel\\Shared Libraries\\redist\\intel64_win\\compiler;C:\\Program Files (x86)\\Common Files\\Oracle\\Java\\javapath;C:\\Program Files (x86)\\Common Files\\Intel\\Shared Libraries\\redist\\intel64\\compiler;C:\\WINDOWS\\system32;C:\\WINDOWS;C:\\WINDOWS\\System32\\Wbem;C:\\WINDOWS\\System32\\WindowsPowerShell\\v1.0\\;C:\\WINDOWS\\System32\\OpenSSH\\;C:\\Program Files\\NVIDIA Corporation\\NVIDIA NGX;C:\\Program Files (x86)\\NVIDIA Corporation\\PhysX\\Common;C:\\Program Files\\NVIDIA Corporation\\NVIDIA NvDLISR;C:\\WINDOWS\\system32;C:\\WINDOWS;C:\\WINDOWS\\System32\\Wbem;C:\\WINDOWS\\System32\\WindowsPowerShell\\v1.0\\;C:\\WINDOWS\\System32\\OpenSSH\\;D:\\hollybae\\ffmpeg-4.1.3-win64-static\\ffmpeg-4.1.3-win64-static\\bin;C:\\Program Files\\dotnet\\;C:\\WINDOWS\\system32\\config\\systemprofile\\AppData\\Local\\Microsoft\\WindowsApps;C:\\Program Files (x86)\\QuickTime\\QTSystem\\;C:\\Users\\holla\\AppData\\Local\\Microsoft\\WindowsApps;C:\\Panda3D-1.10.4.1-x64\\python;C:\\Panda3D-1.10.4.1-x64\\python\\Scripts;C:\\Panda3D-1.10.4.1-x64\\bin;C:\\Panda3D-1.11.0-x64\\python;C:\\Panda3D-1.11.0-x64\\python\\Scripts;C:\\Panda3D-1.11.0-x64\\bin', 'SYSTEMROOT': 'C:\\WINDOWS', 'MIC_LD_LIBRARY_PATH': 'C:\\Program Files (x86)\\Common Files\\Intel\\Shared Libraries\\compiler\\lib\\intel64_win_mic', 'COMSPEC': 'C:\\WINDOWS\\system32\\cmd.exe', 'DRIVERDATA': 'C:\\Windows\\System32\\Drivers\\DriverData', 'PPYTHON_PATH': '"C:\\Panda3D-1.11.0-x64\\python\\ppython.exe"', 'TEMP': 'C:\\Users\\holla\\AppData\\Local\\Temp', 'COMMONPROGRAMFILES(X86)': 'C:\\Program Files (x86)\\Common Files', 'PROCESSOR_ARCHITECTURE': 'AMD64', 'PROGRAMFILES(X86)': 'C:\\Program Files (x86)', 'ALLUSERSPROFILE': 'C:\\ProgramData', 'LOCALAPPDATA': 'C:\\Users\\holla\\AppData\\Local', 'FPS_BROWSER_USER_PROFILE_STRING': 'Default', 'HOMEPATH': '\\Users\\holla', 'USERDOMAIN_ROAMINGPROFILE': 'HOLLYBAES-PC', 'PROGRAMW6432': 'C:\\Program Files', 'USERNAME': 'holla', 'LOGONSERVER': '\\\\HOLLYBAES-PC', 'PROMPT': '$P$G', 'SESSIONNAME': 'Console', 'PROGRAMDATA': 'C:\\ProgramData', 'ONEDRIVE': 'C:\\Users\\holla\\OneDrive', 'FPS_BROWSER_APP_PROFILE_STRING': 'Internet Explorer', 'PATHEXT': '.COM;.EXE;.BAT;.CMD;.VBS;.VBE;.JS;.JSE;.WSF;.WSH;.MSC', 'TTOFF_LOGIN_TOKEN': 'dev', 'WINDIR': 'C:\\WINDOWS', 'APPDATA': 'C:\\Users\\holla\\AppData\\Roaming', 'HOMEDRIVE': 'C:', 'SYSTEMDRIVE': 'C:', 'NUMBER_OF_PROCESSORS': '12', 'PROCESSOR_LEVEL': '6', 'COMMONPROGRAMW6432': 'C:\\Program Files\\Common Files', 'OS': 'Windows_NT', 'PUBLIC': 'C:\\Users\\Public', 'USERPROFILE': 'C:\\Users\\holla'}
:12-12-2019 19:24:18 TTOffLauncher: isTestServer: 0
:12-12-2019 19:24:18 TTOffLauncher: Game Server 127.0.0.1
:12-12-2019 19:24:18 TTOffLauncher: Starting Toontown Online... 
:12-12-2019 19:24:18 TTOffLauncher: foreground: Launcher now operating in foreground
useTTOffSpecificLogin=True
:12-12-2019 19:24:18 TTOffLauncher: maybeStartGame: starting game
:12-12-2019 19:24:18 TTOffLauncher: Starting Toontown Online...
:12-12-2019 19:24:18 TTOffLauncher: background: Launcher now operating in background
ToontownStart: Polling for game2 to finish...
ToontownStart: Game2 is finished.
ToontownStart: Starting the game.
ToontownStart: setting default font
:12-12-2019 19:24:19 TTOffLauncher: setting panda error code to 7
Known pipe types:
  wglGraphicsPipe
(all display modules loaded.)
:12-12-2019 19:24:19 ToonBase: Default graphics pipe is wglGraphicsPipe (OpenGL).
:12-12-2019 19:24:19 :display:windisplay(warning): SetForegroundWindow() failed!
:12-12-2019 19:24:20 ToonBase: Successfully opened window of type wglGraphicsWindow (OpenGL)
:12-12-2019 19:24:20 ShowBase: __dev__ == False
:12-12-2019 19:24:20 TTOffLauncher: setting panda error code to 11
:12-12-2019 19:24:20 TTOffLauncher: setting panda error code to 0
ToontownStart: Loading default gui sounds
ToontownStart: serverVersion:  tto-dev
:12-12-2019 19:24:20 Loader: starting bulk load of block 'init'
:12-12-2019 19:24:31 :nativenet(error): Buffered_DatagramConnection Constructor rbufsize = 4096000 wbufsize = 4096000 write_flush_point = 1400
:12-12-2019 19:24:31 OTPClientRepository: Using connect method 'http'
:12-12-2019 19:24:36 TTOffLauncher: getRegistry ('DEPLOYMENT', None)
:12-12-2019 19:24:36 TTOffLauncher: checking env
:12-12-2019 19:24:36 TTOffLauncher: getRegistry ('GAME_DEPLOYMENT', None)
:12-12-2019 19:24:36 TTOffLauncher: checking env
:12-12-2019 19:24:36 OTPClientRepository: reg_deployment=
:12-12-2019 19:24:36 OTPClientRepository: required-login auto.
:12-12-2019 19:24:36 OTPClientRepository: loginInterface: LoginTTOffAccount
:12-12-2019 19:24:36 TTOffLauncher: getNeedPwForSecretKey using ttoff-specific-login
:12-12-2019 19:24:36 Loader: At end of block 'init', expected 138, loaded 13, duration=16.0789195
:12-12-2019 19:24:37 OTPClientRepository: Connecting to gameserver directly (no proxy).
:12-12-2019 19:24:37 OTPClientRepository: Connecting to //127.0.0.1:7198 via HTTP interface.
:12-12-2019 19:24:37 TTOffLauncher: Stopping mini task manager.
:12-12-2019 19:24:37 OTPClientRepository: Successfully connected to //127.0.0.1:7198.
:12-12-2019 19:24:37 TTOffLauncher: Setting Disconnect Details normal
{401000001: <toontown.distributed.ToontownDistrict.ToontownDistrict instance at 0x000000001B67A748>}
:12-12-2019 19:24:38 StateData: AvatarChooser.enter
:12-12-2019 19:24:38 DisplayOptions: settingsFullScreen = False, embedded = False width=800 height=600
:12-12-2019 19:24:38 StateData: calling self.displayOptions.restrictToEmbedded(False)
:12-12-2019 19:24:53 OTPClientRepository: ================
:12-12-2019 19:24:53 OTPClientRepository: Chose avatar id: 100000014
:12-12-2019 19:24:53 OTPClientRepository: Chose avatar name: Hollybae
:12-12-2019 19:24:53 OTPClientRepository: Chose avatar dna: ('css', 'ms', 'm', 'm', 16, 0, 16, 16, 113, 27, 18, 27, 7, 21)
:12-12-2019 19:24:53 OTPClientRepository: Chose avatar position: 5
:12-12-2019 19:24:53 OTPClientRepository: isPaid: 1
:12-12-2019 19:24:53 OTPClientRepository: freeTimeLeft: 0
:12-12-2019 19:24:53 OTPClientRepository: allowSecretChat: True
:12-12-2019 19:24:53 OTPClientRepository: ================
:12-12-2019 19:24:53 Loader: starting bulk load of block 'localAvatarPlayGame'
:12-12-2019 19:24:54 ToontownTimeManager(warning): error parsing date string=
local
:12-12-2019 19:24:55 NewsPageButtonManager(warning): Should not get here. NewsPageButtonManager.exitOff
:12-12-2019 19:24:55 :pnmimage:png(warning): iCCP: known incorrect sRGB profile
:12-12-2019 19:24:57 OTPClientRepository: Sending heartbeat mid-frame.
:12-12-2019 19:24:58 OTPClientRepository: Entering shard 401000001
:12-12-2019 19:24:58 StreetSign: Street sign url is https://ttoffline.com/images/
:12-12-2019 19:24:59 StreetSign: Street Sign is up to date
:12-12-2019 19:24:59 TimeManager: Clock sync: TimeManager.announceGenerate
:12-12-2019 19:24:59 InGameNewsMgr: latestIssue=2013-08-22 16:49:46.000003-07:00
cpu info: GenuineIntel|Intel(R) Core(TM) i7-8700K CPU @ 3.70GHz|591594|0|3.701,3.701|6,12 cpus
:12-12-2019 19:25:01 OTPClientRepository: No sync from TimeManager.
:12-12-2019 19:25:01 OTPClientRepository: gotTimeSync
:12-12-2019 19:25:01 Loader: At end of block 'localAvatarPlayGame', expected 400, loaded 23, duration=8.0693111
:12-12-2019 19:25:01 TimeManager: Clock sync roundtrip took 2179.797 ms
:12-12-2019 19:25:01 TimeManager: AI time delta is -0:02 from server delta
:12-12-2019 19:25:01 TimeManager: Local clock uncertainty +/- 1.090 s
:12-12-2019 19:25:01 TimeManager: Uncertainty is too high, trying again.
:12-12-2019 19:25:01 PlayGame: QA-REGRESSION: NEIGHBORHOODS: Visit Lawbot HQ
:12-12-2019 19:25:01 Loader: starting bulk load of block 'hood'
:12-12-2019 19:25:03 LawbotCogHQLoader: loadPlaceGeom: 13000
:12-12-2019 19:25:04 TimeManager: Clock sync roundtrip took 2487.730 ms
:12-12-2019 19:25:04 TimeManager: AI time delta is -0:03 from server delta
:12-12-2019 19:25:04 ClockDelta: previous delta at 1.052 s, +/- 1.091 s.
:12-12-2019 19:25:04 ClockDelta: new delta at 1.216 s, +/- 1.244 s.
:12-12-2019 19:25:04 ClockDelta: intersection at 1.058 s, +/- 1.085 s.
:12-12-2019 19:25:04 TimeManager: Local clock uncertainty +/- 1.085 s
:12-12-2019 19:25:04 TimeManager: Uncertainty is too high, trying again.
:12-12-2019 19:25:04 DistributedObject: DistributedSuitPlanner 401002972: generating
:12-12-2019 19:25:04 DistributedToon: calling LocalAvatar.startchat
:12-12-2019 19:25:04 :loader(error): Couldn't load file phase_4/models/questmap/cog_hq_lawbot_maps.bam: not found on model path (currently: "/;/d/hollybae/Aly/Toontown-School-House/toontown/launcher;/c/Panda3D-1.11.0-x64/etc/..;/c/Panda3D-1.11.0-x64/etc/../models")
:12-12-2019 19:25:04 Loader: At end of block 'hood', expected 2, loaded 13, duration=2.7028611
:12-12-2019 19:25:04 TimeManager: Clock sync roundtrip took 213.782 ms
:12-12-2019 19:25:04 TimeManager: AI time delta is -0:00 from server delta
:12-12-2019 19:25:04 ClockDelta: previous delta at 1.058 s, +/- 1.085 s.
:12-12-2019 19:25:04 ClockDelta: new delta at 0.059 s, +/- 0.107 s.
:12-12-2019 19:25:04 ClockDelta: intersection at 0.069 s, +/- 0.097 s.
:12-12-2019 19:25:04 TimeManager: Local clock uncertainty +/- 0.097 s
:12-12-2019 19:25:05 Teleport(debug): teleportInDone: walk
:12-12-2019 19:25:06 :loader(error): Couldn't load file phase_4/models/questmap/cog_hq_lawbot_maps.bam: not found on model path (currently: "/;/d/hollybae/Aly/Toontown-School-House/toontown/launcher;/c/Panda3D-1.11.0-x64/etc/..;/c/Panda3D-1.11.0-x64/etc/../models")
:12-12-2019 19:25:30 TTOffMagicWordManager: Run mode has been toggled.
:12-12-2019 19:25:35 LawbotCogHQLoader: loadPlaceGeom: 13100
:12-12-2019 19:25:35 LawbotCogHQLoader: QA-REGRESSION: COGHQ: Visit LawbotLobby
:12-12-2019 19:25:36 LawbotHQExterior: Unloading Place (13000). Fsm in final
:12-12-2019 19:25:36 DistributedObject: DistributedSuitPlanner 401002972: disabling
:12-12-2019 19:25:36 DistributedToon: calling LocalAvatar.startchat
:12-12-2019 19:25:36 :loader(error): Couldn't load file phase_4/models/questmap/cog_hq_lawbot_maps.bam: not found on model path (currently: "/;/d/hollybae/Aly/Toontown-School-House/toontown/launcher;/c/Panda3D-1.11.0-x64/etc/..;/c/Panda3D-1.11.0-x64/etc/../models")
:12-12-2019 19:25:37 :loader(error): Couldn't load file phase_4/models/questmap/cog_hq_lawbot_maps.bam: not found on model path (currently: "/;/d/hollybae/Aly/Toontown-School-House/toontown/launcher;/c/Panda3D-1.11.0-x64/etc/..;/c/Panda3D-1.11.0-x64/etc/../models")
:12-12-2019 19:25:56 TTOffMagicWordManager: Run mode has been toggled.
:12-12-2019 19:26:15 TTOffMagicWordManager: Run mode has been toggled.
:12-12-2019 19:26:19 TTOffMagicWordManager: Run mode has been toggled.
:12-12-2019 19:26:21 TTOffMagicWordManager: Gave Hollybae an infinite amount of pies
:12-12-2019 19:26:24 TTOffMagicWordManager: Alakazam!
:12-12-2019 19:26:27 LawbotCogHQLoader: loadPlaceGeom: 61000
:12-12-2019 19:26:27 LawbotCogHQLoader(warning): loadPlaceGeom: unclassified zone 61000
:12-12-2019 19:26:27 CogHQLobby: Unloading Place (13100). Fsm in final
:12-12-2019 19:26:28 DistributedLawbotBoss(warning): Not a collision node: LawbotCourtroom3.egg/-PandaNode/CR3/interior/CR3_Floor
:12-12-2019 19:26:28 DistributedToon: calling LocalAvatar.startchat
:12-12-2019 19:26:28 OTPClientRepository: Sending heartbeat mid-frame.
:12-12-2019 19:26:28 LawbotHQBossBattle(warning): fsm.request('movie') returned 0 (zone id 61000, avatar pos LPoint3f(-0.363562, -126.204, 0.193903)).
:12-12-2019 19:26:42 LawbotHQBossBattle(warning): fsm.request('movie') returned 0 (zone id 61000, avatar pos LPoint3f(-0.363562, -126.204, 0.193903)).
:12-12-2019 19:26:50 Actor(warning): called actor.removeNode() on actor without calling cleanup()
:12-12-2019 19:26:50 Actor(warning): called actor.removeNode() on actor without calling cleanup()
:12-12-2019 19:26:50 OTPClientRepository(warning): Server is booting us out (153): The session object with id 100000014 has been unexpectedly deleted.
:12-12-2019 19:26:50 OTPClientRepository(warning): Lost connection to gameserver.
:12-12-2019 19:26:50 LawbotHQBossBattle: Unloading Place (61000). Fsm in final
:12-12-2019 19:26:50 OTPClientRepository(warning): unclean exit, abandoning shard
:12-12-2019 19:26:51 Actor(warning): called actor.removeNode() on actor without calling cleanup()
:12-12-2019 19:26:51 Actor(warning): called actor.removeNode() on actor without calling cleanup()
:12-12-2019 19:26:51 Actor(warning): called actor.removeNode() on actor without calling cleanup()
:12-12-2019 19:26:51 Actor(warning): called actor.removeNode() on actor without calling cleanup()
:12-12-2019 19:26:51 Actor(warning): called actor.removeNode() on actor without calling cleanup()
:12-12-2019 19:26:51 Actor(warning): called actor.removeNode() on actor without calling cleanup()
:12-12-2019 19:26:51 Actor(warning): called actor.removeNode() on actor without calling cleanup()
:12-12-2019 19:26:51 Actor(warning): called actor.removeNode() on actor without calling cleanup()
:12-12-2019 19:26:51 Actor(warning): called actor.removeNode() on actor without calling cleanup()
:12-12-2019 19:26:51 Actor(warning): called actor.removeNode() on actor without calling cleanup()
ignoring InputState-forward
:12-12-2019 19:26:51 OTPClientRepository: sending clientLogout
:12-12-2019 19:26:51 LocalAvatar(warning): redundant call to stopUpdateSmartCamera
:12-12-2019 19:26:51 TTOffLauncher: New Disconnect Details: 153 - The district you were playing on has been reset.  Everyone who was playing on that district has been disconnected.  However, you should be able to connect again and go right back into the game. 
:12-12-2019 19:26:51 OTPClientRepository(warning): Lost connection to server. Notifying user.
:12-12-2019 19:26:51 OTPClientRepository(warning): Disable failed. DistObj 401004270 is not in dictionary, ownerView=False
:12-12-2019 19:26:51 OTPClientRepository(warning): Disable failed. DistObj 401004235 is not in dictionary, ownerView=False
:12-12-2019 19:26:51 OTPClientRepository(warning): Disable failed. DistObj 401004247 is not in dictionary, ownerView=False
:12-12-2019 19:26:51 OTPClientRepository(warning): Disable failed. DistObj 401004232 is not in dictionary, ownerView=False
:12-12-2019 19:26:51 OTPClientRepository(warning): Disable failed. DistObj 401004251 is not in dictionary, ownerView=False
:12-12-2019 19:26:51 OTPClientRepository(warning): Disable failed. DistObj 401004290 is not in dictionary, ownerView=False
:12-12-2019 19:26:51 OTPClientRepository(warning): Disable failed. DistObj 401004222 is not in dictionary, ownerView=False
:12-12-2019 19:26:51 OTPClientRepository(warning): Disable failed. DistObj 401004285 is not in dictionary, ownerView=False
:12-12-2019 19:26:51 OTPClientRepository(warning): Disable failed. DistObj 401004201 is not in dictionary, ownerView=False
:12-12-2019 19:26:51 OTPClientRepository(warning): Disable failed. DistObj 401004282 is not in dictionary, ownerView=False
:12-12-2019 19:26:51 OTPClientRepository(warning): Disable failed. DistObj 401004261 is not in dictionary, ownerView=False
:12-12-2019 19:26:51 OTPClientRepository(warning): Disable failed. DistObj 401004252 is not in dictionary, ownerView=False
:12-12-2019 19:26:51 OTPClientRepository(warning): Disable failed. DistObj 401004234 is not in dictionary, ownerView=False
:12-12-2019 19:26:51 OTPClientRepository(warning): Disable failed. DistObj 401004227 is not in dictionary, ownerView=False
:12-12-2019 19:26:51 OTPClientRepository(warning): Disable failed. DistObj 401004286 is not in dictionary, ownerView=False
:12-12-2019 19:26:51 OTPClientRepository(warning): Disable failed. DistObj 401004244 is not in dictionary, ownerView=False
:12-12-2019 19:26:51 OTPClientRepository(warning): Disable failed. DistObj 401004233 is not in dictionary, ownerView=False
:12-12-2019 19:26:51 OTPClientRepository(warning): Disable failed. DistObj 401004279 is not in dictionary, ownerView=False
:12-12-2019 19:26:51 OTPClientRepository(warning): Disable failed. DistObj 401004283 is not in dictionary, ownerView=False
:12-12-2019 19:26:51 OTPClientRepository(warning): Disable failed. DistObj 401004231 is not in dictionary, ownerView=False
:12-12-2019 19:26:51 OTPClientRepository(warning): Disable failed. DistObj 401004239 is not in dictionary, ownerView=False
:12-12-2019 19:26:51 OTPClientRepository(warning): Disable failed. DistObj 401004274 is not in dictionary, ownerView=False
:12-12-2019 19:26:51 OTPClientRepository(warning): Disable failed. DistObj 401004228 is not in dictionary, ownerView=False
:12-12-2019 19:26:51 OTPClientRepository(warning): Disable failed. DistObj 401004260 is not in dictionary, ownerView=False
:12-12-2019 19:26:51 OTPClientRepository(warning): Disable failed. DistObj 401004250 is not in dictionary, ownerView=False
:12-12-2019 19:26:51 OTPClientRepository(warning): Disable failed. DistObj 401004236 is not in dictionary, ownerView=False
:12-12-2019 19:26:51 OTPClientRepository(warning): Disable failed. DistObj 401004269 is not in dictionary, ownerView=False
:12-12-2019 19:26:51 OTPClientRepository(warning): Disable failed. DistObj 401004267 is not in dictionary, ownerView=False
:12-12-2019 19:26:51 OTPClientRepository(warning): Disable failed. DistObj 401004248 is not in dictionary, ownerView=False
:12-12-2019 19:26:51 OTPClientRepository(warning): Disable failed. DistObj 401004224 is not in dictionary, ownerView=False
:12-12-2019 19:26:51 OTPClientRepository(warning): Disable failed. DistObj 401004225 is not in dictionary, ownerView=False
:12-12-2019 19:26:51 OTPClientRepository(warning): Disable failed. DistObj 401004229 is not in dictionary, ownerView=False
:12-12-2019 19:26:51 OTPClientRepository(warning): Disable failed. DistObj 401004230 is not in dictionary, ownerView=False
:12-12-2019 19:26:51 OTPClientRepository(warning): Disable failed. DistObj 401004237 is not in dictionary, ownerView=False
:12-12-2019 19:26:51 OTPClientRepository(warning): Disable failed. DistObj 401004238 is not in dictionary, ownerView=False
:12-12-2019 19:26:51 OTPClientRepository(warning): Disable failed. DistObj 401004240 is not in dictionary, ownerView=False
:12-12-2019 19:26:51 OTPClientRepository(warning): Disable failed. DistObj 401004245 is not in dictionary, ownerView=False
:12-12-2019 19:26:51 OTPClientRepository(warning): Disable failed. DistObj 401004253 is not in dictionary, ownerView=False
:12-12-2019 19:26:51 OTPClientRepository(warning): Disable failed. DistObj 401004254 is not in dictionary, ownerView=False
:12-12-2019 19:26:51 OTPClientRepository(warning): Disable failed. DistObj 401004255 is not in dictionary, ownerView=False
:12-12-2019 19:26:51 OTPClientRepository(warning): Disable failed. DistObj 401004256 is not in dictionary, ownerView=False
:12-12-2019 19:26:51 OTPClientRepository(warning): Disable failed. DistObj 401004258 is not in dictionary, ownerView=False
:12-12-2019 19:26:51 OTPClientRepository(warning): Disable failed. DistObj 401004259 is not in dictionary, ownerView=False
:12-12-2019 19:26:51 OTPClientRepository(warning): Disable failed. DistObj 401004262 is not in dictionary, ownerView=False
:12-12-2019 19:26:51 OTPClientRepository(warning): Disable failed. DistObj 401004263 is not in dictionary, ownerView=False
:12-12-2019 19:26:51 OTPClientRepository(warning): Disable failed. DistObj 401004264 is not in dictionary, ownerView=False
:12-12-2019 19:26:51 OTPClientRepository(warning): Disable failed. DistObj 401004265 is not in dictionary, ownerView=False
:12-12-2019 19:26:51 OTPClientRepository(warning): Disable failed. DistObj 401004266 is not in dictionary, ownerView=False
:12-12-2019 19:26:51 OTPClientRepository(warning): Disable failed. DistObj 401004268 is not in dictionary, ownerView=False
:12-12-2019 19:26:51 OTPClientRepository(warning): Disable failed. DistObj 401004271 is not in dictionary, ownerView=False
:12-12-2019 19:26:51 OTPClientRepository(warning): Disable failed. DistObj 401004272 is not in dictionary, ownerView=False
:12-12-2019 19:26:51 OTPClientRepository(warning): Disable failed. DistObj 401004273 is not in dictionary, ownerView=False
:12-12-2019 19:26:51 OTPClientRepository(warning): Disable failed. DistObj 401004275 is not in dictionary, ownerView=False
:12-12-2019 19:26:51 OTPClientRepository(warning): Disable failed. DistObj 401004276 is not in dictionary, ownerView=False
:12-12-2019 19:26:51 OTPClientRepository(warning): Disable failed. DistObj 401004278 is not in dictionary, ownerView=False
:12-12-2019 19:26:51 OTPClientRepository(warning): Disable failed. DistObj 401004280 is not in dictionary, ownerView=False
:12-12-2019 19:26:51 OTPClientRepository(warning): Disable failed. DistObj 401004284 is not in dictionary, ownerView=False
:12-12-2019 19:26:51 OTPClientRepository(warning): Disable failed. DistObj 401004287 is not in dictionary, ownerView=False
:12-12-2019 19:26:51 OTPClientRepository(warning): Disable failed. DistObj 401004289 is not in dictionary, ownerView=False
:12-12-2019 19:26:51 OTPClientRepository(warning): Disable failed. DistObj 401004291 is not in dictionary, ownerView=False
:12-12-2019 19:26:51 :downloader(warning): Windows error code: 10053
:12-12-2019 19:26:51 OTPClientRepository(warning): Lost connection to gameserver.
:12-12-2019 19:27:05 OTPClientRepository: Connecting to gameserver directly (no proxy).
:12-12-2019 19:27:05 OTPClientRepository: Connecting to //127.0.0.1:7198 via HTTP interface.
:12-12-2019 19:27:05 OTPClientRepository: Successfully connected to //127.0.0.1:7198.
:12-12-2019 19:27:05 TTOffLauncher: Setting Disconnect Details normal
{401000001: <toontown.distributed.ToontownDistrict.ToontownDistrict instance at 0x0000000034C65AC8>}
:12-12-2019 19:27:06 StateData: AvatarChooser.enter
:12-12-2019 19:27:06 DisplayOptions: settingsFullScreen = False, embedded = False width=800 height=600
:12-12-2019 19:27:06 StateData: calling self.displayOptions.restrictToEmbedded(False)
:12-12-2019 19:27:12 OTPClientRepository: ================
:12-12-2019 19:27:12 OTPClientRepository: Chose avatar id: 100000014
:12-12-2019 19:27:12 OTPClientRepository: Chose avatar name: Hollybae
:12-12-2019 19:27:12 OTPClientRepository: Chose avatar dna: ('css', 'ms', 'm', 'm', 16, 0, 16, 16, 113, 27, 18, 27, 7, 21)
:12-12-2019 19:27:12 OTPClientRepository: Chose avatar position: 5
:12-12-2019 19:27:12 OTPClientRepository: isPaid: 1
:12-12-2019 19:27:12 OTPClientRepository: freeTimeLeft: 0
:12-12-2019 19:27:12 OTPClientRepository: allowSecretChat: True
:12-12-2019 19:27:12 OTPClientRepository: ================
:12-12-2019 19:27:12 Loader: starting bulk load of block 'localAvatarPlayGame'
local
:12-12-2019 19:27:12 NewsPageButtonManager(warning): Should not get here. NewsPageButtonManager.exitOff
:12-12-2019 19:27:12 :pnmimage:png(warning): iCCP: known incorrect sRGB profile
:12-12-2019 19:27:13 OTPClientRepository: Entering shard 401000001
:12-12-2019 19:27:13 TimeManager: Clock sync: TimeManager.announceGenerate
:12-12-2019 19:27:13 InGameNewsMgr: latestIssue=2013-08-22 16:49:46.000003-07:00
cpu info: GenuineIntel|Intel(R) Core(TM) i7-8700K CPU @ 3.70GHz|591594|0|3.701,3.701|6,12 cpus
:12-12-2019 19:27:14 OTPClientRepository: No sync from TimeManager.
:12-12-2019 19:27:14 OTPClientRepository: gotTimeSync
:12-12-2019 19:27:14 Loader: At end of block 'localAvatarPlayGame', expected 400, loaded 8, duration=1.7548201
:12-12-2019 19:27:14 PlayGame: QA-REGRESSION: NEIGHBORHOODS: Visit Lawbot HQ
:12-12-2019 19:27:14 Loader: starting bulk load of block 'hood'
:12-12-2019 19:27:14 LawbotCogHQLoader: loadPlaceGeom: 13000
:12-12-2019 19:27:14 TimeManager: Clock sync roundtrip took 697.501 ms
:12-12-2019 19:27:14 TimeManager: AI time delta is -0:00 from server delta
:12-12-2019 19:27:14 ClockDelta: previous delta at 0.069 s, +/- 0.133 s.
:12-12-2019 19:27:14 ClockDelta: new delta at 153.135 s, +/- 0.349 s.
:12-12-2019 19:27:14 ClockDelta: discarding previous delta.
:12-12-2019 19:27:14 TimeManager: Local clock uncertainty +/- 0.349 s
:12-12-2019 19:27:14 DistributedObject: DistributedSuitPlanner 401002972: generating
:12-12-2019 19:27:14 DistributedToon: calling LocalAvatar.startchat
:12-12-2019 19:27:14 :loader(error): Couldn't load file phase_4/models/questmap/cog_hq_lawbot_maps.bam: not found on model path (currently: "/;/d/hollybae/Aly/Toontown-School-House/toontown/launcher;/c/Panda3D-1.11.0-x64/etc/..;/c/Panda3D-1.11.0-x64/etc/../models")
:12-12-2019 19:27:14 Loader: At end of block 'hood', expected 2, loaded 3, duration=0.6762331
:12-12-2019 19:27:16 Teleport(debug): teleportInDone: walk
:12-12-2019 19:27:16 :loader(error): Couldn't load file phase_4/models/questmap/cog_hq_lawbot_maps.bam: not found on model path (currently: "/;/d/hollybae/Aly/Toontown-School-House/toontown/launcher;/c/Panda3D-1.11.0-x64/etc/..;/c/Panda3D-1.11.0-x64/etc/../models")
:12-12-2019 19:27:22 TTOffMagicWordManager: Run mode has been toggled.
:12-12-2019 19:27:37 LawbotCogHQLoader: loadPlaceGeom: 13100
:12-12-2019 19:27:37 LawbotCogHQLoader: QA-REGRESSION: COGHQ: Visit LawbotLobby
:12-12-2019 19:27:37 LawbotHQExterior: Unloading Place (13000). Fsm in final
:12-12-2019 19:27:37 DistributedObject: DistributedSuitPlanner 401002972: disabling
:12-12-2019 19:27:37 DistributedToon: calling LocalAvatar.startchat
:12-12-2019 19:27:37 :loader(error): Couldn't load file phase_4/models/questmap/cog_hq_lawbot_maps.bam: not found on model path (currently: "/;/d/hollybae/Aly/Toontown-School-House/toontown/launcher;/c/Panda3D-1.11.0-x64/etc/..;/c/Panda3D-1.11.0-x64/etc/../models")
:12-12-2019 19:27:39 :loader(error): Couldn't load file phase_4/models/questmap/cog_hq_lawbot_maps.bam: not found on model path (currently: "/;/d/hollybae/Aly/Toontown-School-House/toontown/launcher;/c/Panda3D-1.11.0-x64/etc/..;/c/Panda3D-1.11.0-x64/etc/../models")
:12-12-2019 19:27:52 LawbotCogHQLoader: loadPlaceGeom: 61000
:12-12-2019 19:27:52 LawbotCogHQLoader(warning): loadPlaceGeom: unclassified zone 61000
:12-12-2019 19:27:52 CogHQLobby: Unloading Place (13100). Fsm in final
:12-12-2019 19:27:52 DistributedLawbotBoss(warning): Not a collision node: LawbotCourtroom3.egg/-PandaNode/CR3/interior/CR3_Floor
:12-12-2019 19:27:52 DistributedToon: calling LocalAvatar.startchat
:12-12-2019 19:27:52 LawbotHQBossBattle(warning): fsm.request('movie') returned 0 (zone id 61000, avatar pos LPoint3f(-0.363562, -126.204, 0.193903)).
:12-12-2019 19:28:01 OTPClientRepository(warning): Server is booting us out (153): The session object with id 100000014 has been unexpectedly deleted.
:12-12-2019 19:28:01 OTPClientRepository(warning): Lost connection to gameserver.
:12-12-2019 19:28:01 LawbotHQBossBattle: Unloading Place (61000). Fsm in final
:12-12-2019 19:28:01 OTPClientRepository(warning): unclean exit, abandoning shard
ignoring InputState-forward
:12-12-2019 19:28:01 OTPClientRepository: sending clientLogout
:12-12-2019 19:28:01 LocalAvatar(warning): redundant call to stopUpdateSmartCamera
:12-12-2019 19:28:01 TTOffLauncher: New Disconnect Details: 153 - The district you were playing on has been reset.  Everyone who was playing on that district has been disconnected.  However, you should be able to connect again and go right back into the game. 
:12-12-2019 19:28:01 OTPClientRepository(warning): Lost connection to server. Notifying user.
:12-12-2019 19:28:01 OTPClientRepository(warning): Disable failed. DistObj 401004096 is not in dictionary, ownerView=False
:12-12-2019 19:28:01 :downloader(warning): Windows error code: 10053
:12-12-2019 19:28:01 OTPClientRepository(warning): Lost connection to gameserver.
:12-12-2019 19:28:03 OTPClientRepository: Connecting to gameserver directly (no proxy).
:12-12-2019 19:28:03 OTPClientRepository: Connecting to //127.0.0.1:7198 via HTTP interface.
:12-12-2019 19:28:03 OTPClientRepository: Successfully connected to //127.0.0.1:7198.
:12-12-2019 19:28:03 TTOffLauncher: Setting Disconnect Details normal
{}
{401000001: <toontown.distributed.ToontownDistrict.ToontownDistrict instance at 0x0000000034B7C9C8>}
:12-12-2019 19:28:12 StateData: AvatarChooser.enter
:12-12-2019 19:28:12 DisplayOptions: settingsFullScreen = False, embedded = False width=800 height=600
:12-12-2019 19:28:12 StateData: calling self.displayOptions.restrictToEmbedded(False)
:12-12-2019 19:28:24 OTPClientRepository: ================
:12-12-2019 19:28:24 OTPClientRepository: Chose avatar id: 100000014
:12-12-2019 19:28:24 OTPClientRepository: Chose avatar name: Hollybae
:12-12-2019 19:28:24 OTPClientRepository: Chose avatar dna: ('css', 'ms', 'm', 'm', 16, 0, 16, 16, 113, 27, 18, 27, 7, 21)
:12-12-2019 19:28:24 OTPClientRepository: Chose avatar position: 5
:12-12-2019 19:28:24 OTPClientRepository: isPaid: 1
:12-12-2019 19:28:24 OTPClientRepository: freeTimeLeft: 0
:12-12-2019 19:28:24 OTPClientRepository: allowSecretChat: True
:12-12-2019 19:28:24 OTPClientRepository: ================
:12-12-2019 19:28:24 Loader: starting bulk load of block 'localAvatarPlayGame'
local
:12-12-2019 19:28:24 NewsPageButtonManager(warning): Should not get here. NewsPageButtonManager.exitOff
:12-12-2019 19:28:24 :pnmimage:png(warning): iCCP: known incorrect sRGB profile
:12-12-2019 19:28:25 OTPClientRepository: Entering shard 401000001
:12-12-2019 19:28:25 TimeManager: Clock sync: TimeManager.announceGenerate
:12-12-2019 19:28:25 InGameNewsMgr: latestIssue=2013-08-22 16:49:46.000003-07:00
cpu info: GenuineIntel|Intel(R) Core(TM) i7-8700K CPU @ 3.70GHz|591594|0|3.701,3.701|6,12 cpus
:12-12-2019 19:28:25 OTPClientRepository: No sync from TimeManager.
:12-12-2019 19:28:25 OTPClientRepository: gotTimeSync
:12-12-2019 19:28:25 Loader: At end of block 'localAvatarPlayGame', expected 400, loaded 7, duration=1.6897465
:12-12-2019 19:28:25 TimeManager: Clock sync roundtrip took 55.113 ms
:12-12-2019 19:28:25 TimeManager: AI time delta is -0:00 from server delta
:12-12-2019 19:28:25 ClockDelta: previous delta at 153.135 s, +/- 0.369 s.
:12-12-2019 19:28:25 ClockDelta: new delta at 223.680 s, +/- 0.028 s.
:12-12-2019 19:28:25 ClockDelta: discarding previous delta.
:12-12-2019 19:28:25 TimeManager: Local clock uncertainty +/- 0.028 s
:12-12-2019 19:28:25 PlayGame: QA-REGRESSION: NEIGHBORHOODS: Visit Lawbot HQ
:12-12-2019 19:28:25 Loader: starting bulk load of block 'hood'
:12-12-2019 19:28:26 LawbotCogHQLoader: loadPlaceGeom: 13000
:12-12-2019 19:28:26 DistributedObject: DistributedSuitPlanner 401002972: generating
:12-12-2019 19:28:26 DistributedToon: calling LocalAvatar.startchat
:12-12-2019 19:28:26 :loader(error): Couldn't load file phase_4/models/questmap/cog_hq_lawbot_maps.bam: not found on model path (currently: "/;/d/hollybae/Aly/Toontown-School-House/toontown/launcher;/c/Panda3D-1.11.0-x64/etc/..;/c/Panda3D-1.11.0-x64/etc/../models")
:12-12-2019 19:28:26 Loader: At end of block 'hood', expected 2, loaded 3, duration=0.6749494
:12-12-2019 19:28:28 Teleport(debug): teleportInDone: walk
:12-12-2019 19:28:28 :loader(error): Couldn't load file phase_4/models/questmap/cog_hq_lawbot_maps.bam: not found on model path (currently: "/;/d/hollybae/Aly/Toontown-School-House/toontown/launcher;/c/Panda3D-1.11.0-x64/etc/..;/c/Panda3D-1.11.0-x64/etc/../models")
:12-12-2019 19:28:41 TTOffMagicWordManager: You aren't in a CJ!
:12-12-2019 19:28:43 TTOffMagicWordManager: You aren't in a CJ!
:12-12-2019 19:28:47 LawbotCogHQLoader: loadPlaceGeom: 13100
:12-12-2019 19:28:47 LawbotCogHQLoader: QA-REGRESSION: COGHQ: Visit LawbotLobby
:12-12-2019 19:28:47 LawbotHQExterior: Unloading Place (13000). Fsm in final
:12-12-2019 19:28:47 DistributedObject: DistributedSuitPlanner 401002972: disabling
:12-12-2019 19:28:47 DistributedToon: calling LocalAvatar.startchat
:12-12-2019 19:28:47 :loader(error): Couldn't load file phase_4/models/questmap/cog_hq_lawbot_maps.bam: not found on model path (currently: "/;/d/hollybae/Aly/Toontown-School-House/toontown/launcher;/c/Panda3D-1.11.0-x64/etc/..;/c/Panda3D-1.11.0-x64/etc/../models")
:12-12-2019 19:28:49 :loader(error): Couldn't load file phase_4/models/questmap/cog_hq_lawbot_maps.bam: not found on model path (currently: "/;/d/hollybae/Aly/Toontown-School-House/toontown/launcher;/c/Panda3D-1.11.0-x64/etc/..;/c/Panda3D-1.11.0-x64/etc/../models")
:12-12-2019 19:28:56 TTOffMagicWordManager: Run mode has been toggled.
:12-12-2019 19:28:58 TTOffMagicWordManager: Run mode has been toggled.
:12-12-2019 19:29:02 TTOffMagicWordManager: Run mode has been toggled.
:12-12-2019 19:29:06 TTOffMagicWordManager: Gave Hollybae an infinite amount of pies
:12-12-2019 19:29:09 TTOffMagicWordManager: You aren't in a CJ!
:12-12-2019 19:29:10 LawbotCogHQLoader: loadPlaceGeom: 61000
:12-12-2019 19:29:10 LawbotCogHQLoader(warning): loadPlaceGeom: unclassified zone 61000
:12-12-2019 19:29:10 CogHQLobby: Unloading Place (13100). Fsm in final
:12-12-2019 19:29:10 DistributedLawbotBoss(warning): Not a collision node: LawbotCourtroom3.egg/-PandaNode/CR3/interior/CR3_Floor
:12-12-2019 19:29:10 DistributedToon: calling LocalAvatar.startchat
:12-12-2019 19:29:10 LawbotHQBossBattle(warning): fsm.request('movie') returned 0 (zone id 61000, avatar pos LPoint3f(-0.363562, -126.204, 0.193903)).
:12-12-2019 19:29:22 GarbageCollect(warning): garbage found, reverting gc threshold
:12-12-2019 19:29:24 LawbotHQBossBattle(warning): fsm.request('movie') returned 0 (zone id 61000, avatar pos LPoint3f(-0.363562, -126.204, 0.193903)).
:12-12-2019 19:29:26 TTOffMagicWordManager: This Magic Word doesn't exist! Did you mean setalwayshitcogs?
:12-12-2019 19:29:29 TTOffMagicWordManager: Uh-oh! This Magic Word doesn't exist!
:12-12-2019 19:29:33 Actor(warning): called actor.removeNode() on actor without calling cleanup()
:12-12-2019 19:29:33 Actor(warning): called actor.removeNode() on actor without calling cleanup()
:12-12-2019 19:29:33 Actor(warning): called actor.removeNode() on actor without calling cleanup()
:12-12-2019 19:29:33 Actor(warning): called actor.removeNode() on actor without calling cleanup()
Traceback (most recent call last):
  File "C:\Panda3D-1.11.0-x64\direct\distributed\ConnectionRepository.py", line 609, in readerPollUntilEmpty
    while self.readerPollOnce():
  File "C:\Panda3D-1.11.0-x64\direct\distributed\ConnectionRepository.py", line 616, in readerPollOnce
    self.handleDatagram(self.private__di)
  File "otp\distributed\OTPClientRepository.py", line 1838, in handleDatagram
    self.handler(msgType, di)
  File "otp\distributed\OTPClientRepository.py", line 1443, in handlePlayGame
    self.handleDelete(di)
  File "toontown\distributed\ToontownClientRepository.py", line 993, in handleDelete
    self.deleteObject(doId)
  File "toontown\distributed\ToontownClientRepository.py", line 999, in deleteObject
    obj.deleteOrDelay()
  File "C:\Panda3D-1.11.0-x64\direct\distributed\DistributedObject.py", line 201, in deleteOrDelay
    self.disableAnnounceAndDelete()
  File "C:\Panda3D-1.11.0-x64\direct\distributed\DistributedObject.py", line 204, in disableAnnounceAndDelete
    self.disableAndAnnounce()
  File "C:\Panda3D-1.11.0-x64\direct\distributed\DistributedObject.py", line 230, in disableAndAnnounce
    self.disable()
  File "toontown\suit\DistributedLawbotBoss.py", line 148, in disable
    self.request('Off')
  File "C:\Panda3D-1.11.0-x64\direct\fsm\FSM.py", line 321, in request
    self.__setState(*result)
  File "C:\Panda3D-1.11.0-x64\direct\fsm\FSM.py", line 455, in __setState
    self.__callExitFunc(self.oldState)
  File "C:\Panda3D-1.11.0-x64\direct\fsm\FSM.py", line 515, in __callExitFunc
    func()
  File "toontown\suit\DistributedLawbotBoss.py", line 720, in exitIntroduction
    DistributedBossCog.DistributedBossCog.exitIntroduction(self)
  File "toontown\suit\DistributedBossCog.py", line 1001, in exitIntroduction
    self.releaseToons()
  File "toontown\suit\DistributedBossCog.py", line 418, in releaseToons
    self.toWalkMode()
  File "toontown\suit\DistributedBossCog.py", line 394, in toWalkMode
    place.setState('walk')
  File "toontown\battle\BattlePlace.py", line 20, in setState
    elif not self.fsm.request(state):
  File "C:\Panda3D-1.11.0-x64\direct\fsm\ClassicFSM.py", line 281, in request
    exitArgList)
  File "C:\Panda3D-1.11.0-x64\direct\fsm\ClassicFSM.py", line 228, in __transition
    self.__enter(aState, enterArgList)
  File "C:\Panda3D-1.11.0-x64\direct\fsm\ClassicFSM.py", line 214, in __enter
    aState.enter(argList)
  File "C:\Panda3D-1.11.0-x64\direct\fsm\State.py", line 202, in enter
    self.__enterFunc(*argList)
  File "toontown\coghq\CogHQBossBattle.py", line 179, in enterWalk
    BattlePlace.BattlePlace.enterWalk(self, teleportIn)
  File "toontown\battle\BattlePlace.py", line 24, in enterWalk
    Place.Place.enterWalk(self, flag)
  File "toontown\hood\Place.py", line 208, in enterWalk
    self.enterFLM()
  File "toontown\friends\FriendsListManager.py", line 56, in enterFLM
    base.localAvatar.setFriendsListButtonActive(1)
  File "toontown\toon\LocalToon.py", line 1150, in setFriendsListButtonActive
    self.refreshOnscreenButtons()
  File "toontown\toon\LocalToon.py", line 1184, in refreshOnscreenButtons
    self.showClarabelleGui(newItemsInMailbox)
  File "toontown\toon\LocalToon.py", line 1049, in showClarabelleGui
    if self.newsButtonMgr.isNewIssueButtonShown():
  File "toontown\toontowngui\NewsPageButtonManager.py", line 116, in isNewIssueButtonShown
    if localAvatar.getLastTimeReadNews() < base.cr.inGameNewsMgr.getLatestIssue():
AttributeError: 'NoneType' object has no attribute 'getLatestIssue'
:12-12-2019 19:29:33 :task(error): Exception occurred in PythonTask readerPollTask-181375840
:12-12-2019 19:29:33 TTOffLauncher: setting panda error code to 12
:12-12-2019 19:29:33 TTOffLauncher(warning): Handling Python exception.
:12-12-2019 19:29:33 OTPClientRepository: Sent disconnect message to server
:12-12-2019 19:29:33 OTPClientRepository: Closing connection to server.
:12-12-2019 19:29:33 TTOffLauncher: Exception exit.

Traceback (most recent call last):
  File "otp\launcher\LauncherBase.py", line 1081, in mainLoop
    self._runTaskManager()
  File "otp\launcher\LauncherBase.py", line 1052, in _runTaskManager
    taskMgr.run()
  File "C:\Panda3D-1.11.0-x64\direct\task\Task.py", line 528, in run
    self.step()
  File "C:\Panda3D-1.11.0-x64\direct\task\Task.py", line 482, in step
    self.mgr.poll()
  File "C:\Panda3D-1.11.0-x64\direct\distributed\ConnectionRepository.py", line 609, in readerPollUntilEmpty
    while self.readerPollOnce():
  File "C:\Panda3D-1.11.0-x64\direct\distributed\ConnectionRepository.py", line 616, in readerPollOnce
    self.handleDatagram(self.private__di)
  File "otp\distributed\OTPClientRepository.py", line 1838, in handleDatagram
    self.handler(msgType, di)
  File "otp\distributed\OTPClientRepository.py", line 1443, in handlePlayGame
    self.handleDelete(di)
  File "toontown\distributed\ToontownClientRepository.py", line 993, in handleDelete
    self.deleteObject(doId)
  File "toontown\distributed\ToontownClientRepository.py", line 999, in deleteObject
    obj.deleteOrDelay()
  File "C:\Panda3D-1.11.0-x64\direct\distributed\DistributedObject.py", line 201, in deleteOrDelay
    self.disableAnnounceAndDelete()
  File "C:\Panda3D-1.11.0-x64\direct\distributed\DistributedObject.py", line 204, in disableAnnounceAndDelete
    self.disableAndAnnounce()
  File "C:\Panda3D-1.11.0-x64\direct\distributed\DistributedObject.py", line 230, in disableAndAnnounce
    self.disable()
  File "toontown\suit\DistributedLawbotBoss.py", line 148, in disable
    self.request('Off')
  File "C:\Panda3D-1.11.0-x64\direct\fsm\FSM.py", line 321, in request
    self.__setState(*result)
  File "C:\Panda3D-1.11.0-x64\direct\fsm\FSM.py", line 455, in __setState
    self.__callExitFunc(self.oldState)
  File "C:\Panda3D-1.11.0-x64\direct\fsm\FSM.py", line 515, in __callExitFunc
    func()
  File "toontown\suit\DistributedLawbotBoss.py", line 720, in exitIntroduction
    DistributedBossCog.DistributedBossCog.exitIntroduction(self)
  File "toontown\suit\DistributedBossCog.py", line 1001, in exitIntroduction
    self.releaseToons()
  File "toontown\suit\DistributedBossCog.py", line 418, in releaseToons
    self.toWalkMode()
  File "toontown\suit\DistributedBossCog.py", line 394, in toWalkMode
    place.setState('walk')
  File "toontown\battle\BattlePlace.py", line 20, in setState
    elif not self.fsm.request(state):
  File "C:\Panda3D-1.11.0-x64\direct\fsm\ClassicFSM.py", line 281, in request
    exitArgList)
  File "C:\Panda3D-1.11.0-x64\direct\fsm\ClassicFSM.py", line 228, in __transition
    self.__enter(aState, enterArgList)
  File "C:\Panda3D-1.11.0-x64\direct\fsm\ClassicFSM.py", line 214, in __enter
    aState.enter(argList)
  File "C:\Panda3D-1.11.0-x64\direct\fsm\State.py", line 202, in enter
    self.__enterFunc(*argList)
  File "toontown\coghq\CogHQBossBattle.py", line 179, in enterWalk
    BattlePlace.BattlePlace.enterWalk(self, teleportIn)
  File "toontown\battle\BattlePlace.py", line 24, in enterWalk
    Place.Place.enterWalk(self, flag)
  File "toontown\hood\Place.py", line 208, in enterWalk
    self.enterFLM()
  File "toontown\friends\FriendsListManager.py", line 56, in enterFLM
    base.localAvatar.setFriendsListButtonActive(1)
  File "toontown\toon\LocalToon.py", line 1150, in setFriendsListButtonActive
    self.refreshOnscreenButtons()
  File "toontown\toon\LocalToon.py", line 1184, in refreshOnscreenButtons
    self.showClarabelleGui(newItemsInMailbox)
  File "toontown\toon\LocalToon.py", line 1049, in showClarabelleGui
    if self.newsButtonMgr.isNewIssueButtonShown():
  File "toontown\toontowngui\NewsPageButtonManager.py", line 116, in isNewIssueButtonShown
    if localAvatar.getLastTimeReadNews() < base.cr.inGameNewsMgr.getLatestIssue():
AttributeError: 'NoneType' object has no attribute 'getLatestIssue'
