

Starting Toontown Online...
Current time: Wed Sep 30 16:11:58 2020 Eastern Standard Time
sys.path =  ['', 'C:\\Panda3D-1.11.0-x64\\python\\python27.zip', 'C:\\Panda3D-1.11.0-x64', 'C:\\Panda3D-1.11.0-x64\\python\\DLLs', 'C:\\Panda3D-1.11.0-x64\\python\\lib', 'C:\\Panda3D-1.11.0-x64\\python\\lib\\plat-win', 'C:\\Panda3D-1.11.0-x64\\python\\lib\\lib-tk', 'C:\\Panda3D-1.11.0-x64\\python', 'C:\\Panda3D-1.11.0-x64\\bin', 'C:\\Panda3D-1.11.0-x64\\python\\lib\\site-packages']
sys.argv =  ['D:\\hollybae\\Aly\\Toontown-School-House\\toontown\\launcher\\TTOffQuickStartLauncher.py']
generating standard configrc
os.environ =  {'TMP': 'C:\\Users\\holla\\AppData\\Local\\Temp', 'ONEDRIVECONSUMER': 'C:\\Users\\holla\\OneDrive', 'COMPUTERNAME': 'HOLLYBAES-PC', 'USERDOMAIN': 'HOLLYBAES-PC', 'INTEL_DEV_REDIST': 'C:\\Program Files (x86)\\Common Files\\Intel\\Shared Libraries\\', 'PSMODULEPATH': 'C:\\Program Files\\WindowsPowerShell\\Modules;C:\\WINDOWS\\system32\\WindowsPowerShell\\v1.0\\Modules', 'COMMONPROGRAMFILES': 'C:\\Program Files\\Common Files', 'PROCESSOR_IDENTIFIER': 'Intel64 Family 6 Model 158 Stepping 10, GenuineIntel', 'PROGRAMFILES': 'C:\\Program Files', 'PROCESSOR_REVISION': '9e0a', 'PATH': 'C:\\Panda3D-1.11.0-x64\\panda3d\\..\\bin;C:\\Program Files (x86)\\Razer\\ChromaBroadcast\\bin;C:\\Program Files\\Razer\\ChromaBroadcast\\bin;C:\\Program Files (x86)\\Common Files\\Intel\\Shared Libraries\\redist\\intel64\\compiler;C:\\Program Files (x86)\\Common Files\\Oracle\\Java\\javapath;C:\\WINDOWS\\system32;C:\\WINDOWS;C:\\WINDOWS\\System32\\Wbem;C:\\WINDOWS\\System32\\WindowsPowerShell\\v1.0\\;C:\\WINDOWS\\System32\\OpenSSH\\;C:\\Program Files (x86)\\NVIDIA Corporation\\PhysX\\Common;C:\\Program Files\\NVIDIA Corporation\\NVIDIA NvDLISR;C:\\WINDOWS\\system32\\config\\systemprofile\\AppData\\Local\\Microsoft\\WindowsApps;C:\\Users\\holla\\AppData\\Local\\Microsoft\\WindowsApps;C:\\Panda3D-1.11.0-x64\\python;C:\\Panda3D-1.11.0-x64\\python\\Scripts;C:\\Panda3D-1.11.0-x64\\bin', 'SYSTEMROOT': 'C:\\WINDOWS', 'MIC_LD_LIBRARY_PATH': 'C:\\Program Files (x86)\\Common Files\\Intel\\Shared Libraries\\compiler\\lib\\mic', 'COMSPEC': 'C:\\WINDOWS\\system32\\cmd.exe', 'DRIVERDATA': 'C:\\Windows\\System32\\Drivers\\DriverData', 'PPYTHON_PATH': '"C:\\Panda3D-1.11.0-x64\\python\\ppython.exe"', 'TEMP': 'C:\\Users\\holla\\AppData\\Local\\Temp', 'COMMONPROGRAMFILES(X86)': 'C:\\Program Files (x86)\\Common Files', 'PROCESSOR_ARCHITECTURE': 'AMD64', 'PROGRAMFILES(X86)': 'C:\\Program Files (x86)', 'ALLUSERSPROFILE': 'C:\\ProgramData', 'LOCALAPPDATA': 'C:\\Users\\holla\\AppData\\Local', 'FPS_BROWSER_USER_PROFILE_STRING': 'Default', 'HOMEPATH': '\\Users\\holla', 'USERDOMAIN_ROAMINGPROFILE': 'HOLLYBAES-PC', 'PROGRAMW6432': 'C:\\Program Files', 'USERNAME': 'holla', 'LOGONSERVER': '\\\\HOLLYBAES-PC', 'PROMPT': '$P$G', 'SESSIONNAME': 'Console', 'PROGRAMDATA': 'C:\\ProgramData', 'ONEDRIVE': 'C:\\Users\\holla\\OneDrive', 'FPS_BROWSER_APP_PROFILE_STRING': 'Internet Explorer', 'PATHEXT': '.COM;.EXE;.BAT;.CMD;.VBS;.VBE;.JS;.JSE;.WSF;.WSH;.MSC', 'TTOFF_LOGIN_TOKEN': 'dev', 'WINDIR': 'C:\\WINDOWS', 'APPDATA': 'C:\\Users\\holla\\AppData\\Roaming', 'HOMEDRIVE': 'C:', 'SYSTEMDRIVE': 'C:', 'NUMBER_OF_PROCESSORS': '12', 'PROCESSOR_LEVEL': '6', 'COMMONPROGRAMW6432': 'C:\\Program Files\\Common Files', 'OS': 'Windows_NT', 'PUBLIC': 'C:\\Users\\Public', 'USERPROFILE': 'C:\\Users\\holla'}
:09-30-2020 16:11:58 TTOffLauncher: isTestServer: 0
:09-30-2020 16:11:58 TTOffLauncher: Game Server 127.0.0.1
:09-30-2020 16:11:58 TTOffLauncher: Starting Toontown Online... 
:09-30-2020 16:11:58 TTOffLauncher: foreground: Launcher now operating in foreground
useTTOffSpecificLogin=True
:09-30-2020 16:11:58 TTOffLauncher: maybeStartGame: starting game
:09-30-2020 16:11:58 TTOffLauncher: Starting Toontown Online...
:09-30-2020 16:11:58 TTOffLauncher: background: Launcher now operating in background
ToontownStart: Polling for game2 to finish...
ToontownStart: Game2 is finished.
ToontownStart: Starting the game.
ToontownStart: setting default font
:09-30-2020 16:11:58 TTOffLauncher: setting panda error code to 7
Known pipe types:
  wglGraphicsPipe
(all display modules loaded.)
:09-30-2020 16:11:58 ToonBase: Default graphics pipe is wglGraphicsPipe (OpenGL).
:09-30-2020 16:11:58 ToonBase: Successfully opened window of type wglGraphicsWindow (OpenGL)
:09-30-2020 16:11:58 ShowBase: __dev__ == False
:09-30-2020 16:11:58 TTOffLauncher: setting panda error code to 11
:09-30-2020 16:11:58 TTOffLauncher: setting panda error code to 0
ToontownStart: Loading default gui sounds
ToontownStart: serverVersion:  tto-dev
:09-30-2020 16:11:58 Loader: starting bulk load of block 'init'
:09-30-2020 16:11:59 :nativenet(error): Buffered_DatagramConnection Constructor rbufsize = 4096000 wbufsize = 4096000 write_flush_point = 1400
:09-30-2020 16:11:59 OTPClientRepository: Using connect method 'http'
:09-30-2020 16:12:00 TTOffLauncher: getRegistry ('DEPLOYMENT', None)
:09-30-2020 16:12:00 TTOffLauncher: checking env
:09-30-2020 16:12:00 TTOffLauncher: getRegistry ('GAME_DEPLOYMENT', None)
:09-30-2020 16:12:00 TTOffLauncher: checking env
:09-30-2020 16:12:00 OTPClientRepository: reg_deployment=
:09-30-2020 16:12:00 OTPClientRepository: required-login auto.
:09-30-2020 16:12:00 OTPClientRepository: loginInterface: LoginTTOffAccount
:09-30-2020 16:12:00 TTOffLauncher: getNeedPwForSecretKey using ttoff-specific-login
:09-30-2020 16:12:00 Loader: At end of block 'init', expected 138, loaded 7, duration=1.5939919
:09-30-2020 16:12:00 OTPClientRepository: Connecting to gameserver directly (no proxy).
:09-30-2020 16:12:00 OTPClientRepository: Connecting to //127.0.0.1:7198 via HTTP interface.
:09-30-2020 16:12:00 TTOffLauncher: Stopping mini task manager.
:09-30-2020 16:12:00 OTPClientRepository: Successfully connected to //127.0.0.1:7198.
:09-30-2020 16:12:00 TTOffLauncher: Setting Disconnect Details normal
{401000001: <toontown.distributed.ToontownDistrict.ToontownDistrict instance at 0x000000001A252748>}
{401000001: <toontown.distributed.ToontownDistrict.ToontownDistrict instance at 0x000000001A252748>}
:09-30-2020 16:12:11 StateData: AvatarChooser.enter
:09-30-2020 16:12:11 DisplayOptions: settingsFullScreen = False, embedded = False width=800 height=600
:09-30-2020 16:12:11 StateData: calling self.displayOptions.restrictToEmbedded(False)
:09-30-2020 16:12:28 OTPClientRepository: ================
:09-30-2020 16:12:28 OTPClientRepository: Chose avatar id: 100000014
:09-30-2020 16:12:28 OTPClientRepository: Chose avatar name: Holland
:09-30-2020 16:12:28 OTPClientRepository: Chose avatar dna: ('css', 'ms', 'm', 'm', 16, 0, 16, 16, 113, 27, 99, 27, 7, 21)
:09-30-2020 16:12:28 OTPClientRepository: Chose avatar position: 5
:09-30-2020 16:12:28 OTPClientRepository: isPaid: 1
:09-30-2020 16:12:28 OTPClientRepository: freeTimeLeft: 0
:09-30-2020 16:12:28 OTPClientRepository: allowSecretChat: True
:09-30-2020 16:12:28 OTPClientRepository: ================
:09-30-2020 16:12:28 Loader: starting bulk load of block 'localAvatarPlayGame'
:09-30-2020 16:12:28 ToontownTimeManager(warning): error parsing date string=
local
:09-30-2020 16:12:29 NewsPageButtonManager(warning): Should not get here. NewsPageButtonManager.exitOff
:09-30-2020 16:12:29 :pnmimage:png(warning): iCCP: known incorrect sRGB profile
:09-30-2020 16:12:30 OTPClientRepository: Sending heartbeat mid-frame.
:09-30-2020 16:12:30 OTPClientRepository: Entering shard 401000001
:09-30-2020 16:12:30 StreetSign: Street sign url is https://ttoffline.com/images/
:09-30-2020 16:12:31 StreetSign: Street Sign is up to date
:09-30-2020 16:12:31 TimeManager: Clock sync: TimeManager.announceGenerate
:09-30-2020 16:12:31 NewsManager: setHolidayId: Starting Holiday 7
:09-30-2020 16:12:31 InGameNewsMgr: latestIssue=2013-08-22 16:49:46.000003-07:00
cpu info: GenuineIntel|Intel(R) Core(TM) i7-8700K CPU @ 3.70GHz|591594|0|3.696,3.696|6,12 cpus
:09-30-2020 16:12:32 OTPClientRepository: No sync from TimeManager.
:09-30-2020 16:12:32 OTPClientRepository: gotTimeSync
:09-30-2020 16:12:32 Loader: At end of block 'localAvatarPlayGame', expected 400, loaded 9, duration=4.1468425
:09-30-2020 16:12:32 TimeManager: Clock sync roundtrip took 1067.275 ms
:09-30-2020 16:12:32 TimeManager: AI time delta is -0:01 from server delta
:09-30-2020 16:12:32 TimeManager: Local clock uncertainty +/- 0.534 s
:09-30-2020 16:12:32 PlayGame: QA-REGRESSION: NEIGHBORHOODS: Visit Lawbot HQ
:09-30-2020 16:12:32 Loader: starting bulk load of block 'hood'
:09-30-2020 16:12:33 LawbotCogHQLoader: loadPlaceGeom: 13000
:09-30-2020 16:12:33 DistributedObject: DistributedSuitPlanner 401002972: generating
:09-30-2020 16:12:33 DistributedToon: calling LocalAvatar.startchat
:09-30-2020 16:12:33 :loader(error): Couldn't load file phase_4/models/questmap/cog_hq_lawbot_maps.bam: not found on model path (currently: "/;/d/hollybae/Aly/Toontown-School-House/toontown/launcher;/c/Panda3D-1.11.0-x64/etc/..;/c/Panda3D-1.11.0-x64/etc/../models")
:09-30-2020 16:12:33 Loader: At end of block 'hood', expected 2, loaded 4, duration=0.9218216
:09-30-2020 16:12:35 Teleport(debug): teleportInDone: walk
:09-30-2020 16:12:35 :loader(error): Couldn't load file phase_4/models/questmap/cog_hq_lawbot_maps.bam: not found on model path (currently: "/;/d/hollybae/Aly/Toontown-School-House/toontown/launcher;/c/Panda3D-1.11.0-x64/etc/..;/c/Panda3D-1.11.0-x64/etc/../models")
:09-30-2020 16:13:50 OTPClientRepository: Sending heartbeat mid-frame.
:09-30-2020 16:14:08 TTOffMagicWordManager: God mode enabled for Holland!
:09-30-2020 16:14:13 TTOffMagicWordManager: Run mode has been toggled.
adding timeout task
adding timeout task
:09-30-2020 16:16:59 GarbageCollect(warning): garbage found, reverting gc threshold
frame rate: 130.5 fps|0.004d|13 avs||331|332||0x0000|0x0000|636.9MB|721.5MB|32619.6MB|441|nt.2.6.2|3.696,3.696|6,12 cpus|OpenGL
:09-30-2020 16:18:20 ToonBase: User closed main window.
:09-30-2020 16:18:20 TimeManager: Client disconnect reason 2.
:09-30-2020 16:18:20 DistributedObject: DistributedSuitPlanner 401002972: disabling
:09-30-2020 16:18:20 LawbotHQExterior: Unloading Place (13000). Fsm in final
:09-30-2020 16:18:20 OTPClientRepository(warning): unclean exit, abandoning shard
ignoring InputState-forward
:09-30-2020 16:18:20 OTPClientRepository: sending clientLogout
:09-30-2020 16:18:20 LocalAvatar(warning): redundant call to stopUpdateSmartCamera
:09-30-2020 16:18:20 OTPClientRepository: Sent disconnect message to server
:09-30-2020 16:18:20 OTPClientRepository: Closing connection to server.
:09-30-2020 16:18:20 OTPClientRepository: Exiting cleanly
:09-30-2020 16:18:20 ToonBase: Exiting Toontown: errorCode = None
:09-30-2020 16:18:20 TTOffLauncher: setting panda error code to 0
:09-30-2020 16:18:20 TTOffLauncher: Normal exit.
