

Starting Toontown Online...
Current time: Tue Dec 31 01:31:42 2019 Eastern Standard Time
sys.path =  ['', 'C:\\Panda3D-1.11.0-x64\\python\\python27.zip', 'C:\\Panda3D-1.11.0-x64', 'C:\\Panda3D-1.11.0-x64\\python\\DLLs', 'C:\\Panda3D-1.11.0-x64\\python\\lib', 'C:\\Panda3D-1.11.0-x64\\python\\lib\\plat-win', 'C:\\Panda3D-1.11.0-x64\\python\\lib\\lib-tk', 'C:\\Panda3D-1.11.0-x64\\python', 'C:\\Panda3D-1.11.0-x64\\bin', 'C:\\Panda3D-1.11.0-x64\\python\\lib\\site-packages']
sys.argv =  ['D:\\hollybae\\Aly\\Toontown-School-House\\toontown\\launcher\\TTOffQuickStartLauncher.py']
generating standard configrc
os.environ =  {'TMP': 'C:\\Users\\holla\\AppData\\Local\\Temp', 'COMPUTERNAME': 'HOLLYBAES-PC', 'USERDOMAIN': 'HOLLYBAES-PC', 'INTEL_DEV_REDIST': 'C:\\Program Files (x86)\\Common Files\\Intel\\Shared Libraries\\', 'PSMODULEPATH': 'C:\\Program Files\\WindowsPowerShell\\Modules;C:\\WINDOWS\\system32\\WindowsPowerShell\\v1.0\\Modules', 'COMMONPROGRAMFILES': 'C:\\Program Files\\Common Files', 'PROCESSOR_IDENTIFIER': 'Intel64 Family 6 Model 158 Stepping 10, GenuineIntel', 'VBOX_MSI_INSTALL_PATH': 'C:\\Program Files\\Oracle\\VirtualBox\\', 'PROGRAMFILES': 'C:\\Program Files', 'PROCESSOR_REVISION': '9e0a', 'PATH': 'C:\\Panda3D-1.11.0-x64\\panda3d\\..\\bin;C:\\Program Files (x86)\\Razer\\ChromaBroadcast\\bin;C:\\Program Files\\Razer\\ChromaBroadcast\\bin;C:\\Program Files (x86)\\Common Files\\Intel\\Shared Libraries\\redist\\intel64_win\\compiler;C:\\Program Files (x86)\\Common Files\\Oracle\\Java\\javapath;C:\\Program Files (x86)\\Common Files\\Intel\\Shared Libraries\\redist\\intel64\\compiler;C:\\WINDOWS\\system32;C:\\WINDOWS;C:\\WINDOWS\\System32\\Wbem;C:\\WINDOWS\\System32\\WindowsPowerShell\\v1.0\\;C:\\WINDOWS\\System32\\OpenSSH\\;C:\\Program Files\\NVIDIA Corporation\\NVIDIA NGX;C:\\Program Files (x86)\\NVIDIA Corporation\\PhysX\\Common;C:\\Program Files\\NVIDIA Corporation\\NVIDIA NvDLISR;C:\\WINDOWS\\system32;C:\\WINDOWS;C:\\WINDOWS\\System32\\Wbem;C:\\WINDOWS\\System32\\WindowsPowerShell\\v1.0\\;C:\\WINDOWS\\System32\\OpenSSH\\;D:\\hollybae\\ffmpeg-4.1.3-win64-static\\ffmpeg-4.1.3-win64-static\\bin;C:\\Program Files\\dotnet\\;C:\\WINDOWS\\system32\\config\\systemprofile\\AppData\\Local\\Microsoft\\WindowsApps;C:\\Program Files (x86)\\QuickTime\\QTSystem\\;C:\\Users\\holla\\AppData\\Local\\Microsoft\\WindowsApps;C:\\Panda3D-1.10.4.1-x64\\python;C:\\Panda3D-1.10.4.1-x64\\python\\Scripts;C:\\Panda3D-1.10.4.1-x64\\bin;C:\\Panda3D-1.11.0-x64\\python;C:\\Panda3D-1.11.0-x64\\python\\Scripts;C:\\Panda3D-1.11.0-x64\\bin', 'SYSTEMROOT': 'C:\\WINDOWS', 'MIC_LD_LIBRARY_PATH': 'C:\\Program Files (x86)\\Common Files\\Intel\\Shared Libraries\\compiler\\lib\\intel64_win_mic', 'COMSPEC': 'C:\\WINDOWS\\system32\\cmd.exe', 'DRIVERDATA': 'C:\\Windows\\System32\\Drivers\\DriverData', 'PPYTHON_PATH': '"C:\\Panda3D-1.11.0-x64\\python\\ppython.exe"', 'TEMP': 'C:\\Users\\holla\\AppData\\Local\\Temp', 'COMMONPROGRAMFILES(X86)': 'C:\\Program Files (x86)\\Common Files', 'PROCESSOR_ARCHITECTURE': 'AMD64', 'PROGRAMFILES(X86)': 'C:\\Program Files (x86)', 'ALLUSERSPROFILE': 'C:\\ProgramData', 'LOCALAPPDATA': 'C:\\Users\\holla\\AppData\\Local', 'FPS_BROWSER_USER_PROFILE_STRING': 'Default', 'HOMEPATH': '\\Users\\holla', 'USERDOMAIN_ROAMINGPROFILE': 'HOLLYBAES-PC', 'PROGRAMW6432': 'C:\\Program Files', 'USERNAME': 'holla', 'LOGONSERVER': '\\\\HOLLYBAES-PC', 'PROMPT': '$P$G', 'SESSIONNAME': 'Console', 'PROGRAMDATA': 'C:\\ProgramData', 'ONEDRIVE': 'C:\\Users\\holla\\OneDrive', 'FPS_BROWSER_APP_PROFILE_STRING': 'Internet Explorer', 'PATHEXT': '.COM;.EXE;.BAT;.CMD;.VBS;.VBE;.JS;.JSE;.WSF;.WSH;.MSC', 'TTOFF_LOGIN_TOKEN': 'dev', 'WINDIR': 'C:\\WINDOWS', 'APPDATA': 'C:\\Users\\holla\\AppData\\Roaming', 'HOMEDRIVE': 'C:', 'SYSTEMDRIVE': 'C:', 'NUMBER_OF_PROCESSORS': '12', 'PROCESSOR_LEVEL': '6', 'COMMONPROGRAMW6432': 'C:\\Program Files\\Common Files', 'OS': 'Windows_NT', 'PUBLIC': 'C:\\Users\\Public', 'USERPROFILE': 'C:\\Users\\holla'}
:12-31-2019 01:31:42 TTOffLauncher: isTestServer: 0
:12-31-2019 01:31:42 TTOffLauncher: Game Server 127.0.0.1
:12-31-2019 01:31:42 TTOffLauncher: Starting Toontown Online... 
:12-31-2019 01:31:42 TTOffLauncher: foreground: Launcher now operating in foreground
useTTOffSpecificLogin=True
:12-31-2019 01:31:42 TTOffLauncher: maybeStartGame: starting game
:12-31-2019 01:31:42 TTOffLauncher: Starting Toontown Online...
:12-31-2019 01:31:42 TTOffLauncher: background: Launcher now operating in background
ToontownStart: Polling for game2 to finish...
ToontownStart: Game2 is finished.
ToontownStart: Starting the game.
ToontownStart: setting default font
:12-31-2019 01:31:42 TTOffLauncher: setting panda error code to 7
Known pipe types:
  wglGraphicsPipe
(all display modules loaded.)
:12-31-2019 01:31:42 ToonBase: Default graphics pipe is wglGraphicsPipe (OpenGL).
:12-31-2019 01:31:43 ToonBase: Successfully opened window of type wglGraphicsWindow (OpenGL)
:12-31-2019 01:31:43 ShowBase: __dev__ == False
:12-31-2019 01:31:43 TTOffLauncher: setting panda error code to 11
:12-31-2019 01:31:43 TTOffLauncher: setting panda error code to 0
ToontownStart: Loading default gui sounds
ToontownStart: serverVersion:  tto-dev
:12-31-2019 01:31:43 Loader: starting bulk load of block 'init'
:12-31-2019 01:31:48 :nativenet(error): Buffered_DatagramConnection Constructor rbufsize = 4096000 wbufsize = 4096000 write_flush_point = 1400
:12-31-2019 01:31:48 OTPClientRepository: Using connect method 'http'
:12-31-2019 01:31:52 TTOffLauncher: getRegistry ('DEPLOYMENT', None)
:12-31-2019 01:31:52 TTOffLauncher: checking env
:12-31-2019 01:31:52 TTOffLauncher: getRegistry ('GAME_DEPLOYMENT', None)
:12-31-2019 01:31:52 TTOffLauncher: checking env
:12-31-2019 01:31:52 OTPClientRepository: reg_deployment=
:12-31-2019 01:31:52 OTPClientRepository: required-login auto.
:12-31-2019 01:31:52 OTPClientRepository: loginInterface: LoginTTOffAccount
:12-31-2019 01:31:52 TTOffLauncher: getNeedPwForSecretKey using ttoff-specific-login
:12-31-2019 01:31:52 Loader: At end of block 'init', expected 138, loaded 12, duration=9.5385323
:12-31-2019 01:31:52 OTPClientRepository: Connecting to gameserver directly (no proxy).
:12-31-2019 01:31:52 OTPClientRepository: Connecting to //127.0.0.1:7198 via HTTP interface.
:12-31-2019 01:31:52 TTOffLauncher: Stopping mini task manager.
:12-31-2019 01:31:52 OTPClientRepository: Successfully connected to //127.0.0.1:7198.
:12-31-2019 01:31:52 TTOffLauncher: Setting Disconnect Details normal
{401000001: <toontown.distributed.ToontownDistrict.ToontownDistrict instance at 0x000000001C76F748>}
:12-31-2019 01:31:53 StateData: AvatarChooser.enter
:12-31-2019 01:31:53 DisplayOptions: settingsFullScreen = False, embedded = False width=800 height=600
:12-31-2019 01:31:53 StateData: calling self.displayOptions.restrictToEmbedded(False)
:12-31-2019 01:31:56 OTPClientRepository: ================
:12-31-2019 01:31:56 OTPClientRepository: Chose avatar id: 100000014
:12-31-2019 01:31:56 OTPClientRepository: Chose avatar name: Hollybae
:12-31-2019 01:31:56 OTPClientRepository: Chose avatar dna: ('css', 'ms', 'm', 'm', 16, 0, 16, 16, 113, 27, 18, 27, 7, 21)
:12-31-2019 01:31:56 OTPClientRepository: Chose avatar position: 5
:12-31-2019 01:31:56 OTPClientRepository: isPaid: 1
:12-31-2019 01:31:56 OTPClientRepository: freeTimeLeft: 0
:12-31-2019 01:31:56 OTPClientRepository: allowSecretChat: True
:12-31-2019 01:31:56 OTPClientRepository: ================
:12-31-2019 01:31:57 Loader: starting bulk load of block 'localAvatarPlayGame'
:12-31-2019 01:31:57 ToontownTimeManager(warning): error parsing date string=
local
:12-31-2019 01:31:58 NewsPageButtonManager(warning): Should not get here. NewsPageButtonManager.exitOff
:12-31-2019 01:31:58 :pnmimage:png(warning): iCCP: known incorrect sRGB profile
:12-31-2019 01:32:00 OTPClientRepository: Entering shard 401000001
:12-31-2019 01:32:00 StreetSign: Street sign url is https://ttoffline.com/images/
:12-31-2019 01:32:01 StreetSign: Street Sign is up to date
:12-31-2019 01:32:01 TimeManager: Clock sync: TimeManager.announceGenerate
:12-31-2019 01:32:01 NewsManager: setHolidayId: Starting Holiday 14
:12-31-2019 01:32:01 InGameNewsMgr: latestIssue=2013-08-22 16:49:46.000003-07:00
cpu info: GenuineIntel|Intel(R) Core(TM) i7-8700K CPU @ 3.70GHz|591594|0|3.701,3.701|6,12 cpus
:12-31-2019 01:32:03 OTPClientRepository: No sync from TimeManager.
:12-31-2019 01:32:03 OTPClientRepository: gotTimeSync
:12-31-2019 01:32:03 Loader: At end of block 'localAvatarPlayGame', expected 400, loaded 15, duration=6.5780967
:12-31-2019 01:32:03 OTPClientRepository: Sending heartbeat mid-frame.
:12-31-2019 01:32:03 TimeManager: Clock sync roundtrip took 1784.531 ms
:12-31-2019 01:32:03 TimeManager: AI time delta is -0:02 from server delta
:12-31-2019 01:32:03 TimeManager: Local clock uncertainty +/- 0.893 s
:12-31-2019 01:32:03 PlayGame: QA-REGRESSION: NEIGHBORHOODS: Visit Lawbot HQ
:12-31-2019 01:32:03 Loader: starting bulk load of block 'hood'
:12-31-2019 01:32:04 LawbotCogHQLoader: loadPlaceGeom: 13000
:12-31-2019 01:32:05 DistributedObject: DistributedSuitPlanner 401002972: generating
:12-31-2019 01:32:05 DistributedToon: calling LocalAvatar.startchat
:12-31-2019 01:32:05 :loader(error): Couldn't load file phase_4/models/questmap/cog_hq_lawbot_maps.bam: not found on model path (currently: "/;/d/hollybae/Aly/Toontown-School-House/toontown/launcher;/c/Panda3D-1.11.0-x64/etc/..;/c/Panda3D-1.11.0-x64/etc/../models")
:12-31-2019 01:32:05 Loader: At end of block 'hood', expected 2, loaded 9, duration=2.0210063
:12-31-2019 01:32:07 Teleport(debug): teleportInDone: walk
:12-31-2019 01:32:07 :loader(error): Couldn't load file phase_4/models/questmap/cog_hq_lawbot_maps.bam: not found on model path (currently: "/;/d/hollybae/Aly/Toontown-School-House/toontown/launcher;/c/Panda3D-1.11.0-x64/etc/..;/c/Panda3D-1.11.0-x64/etc/../models")
:12-31-2019 01:32:08 TTOffMagicWordManager: Run mode has been toggled.
:12-31-2019 01:32:13 TTOffMagicWordManager: Run mode has been toggled.
local
:12-31-2019 01:32:14 LawbotCogHQLoader: loadPlaceGeom: 13100
:12-31-2019 01:32:14 LawbotCogHQLoader: QA-REGRESSION: COGHQ: Visit LawbotLobby
:12-31-2019 01:32:14 LawbotHQExterior: Unloading Place (13000). Fsm in final
:12-31-2019 01:32:14 DistributedObject: DistributedSuitPlanner 401002972: disabling
:12-31-2019 01:32:14 DistributedToon: calling LocalAvatar.startchat
:12-31-2019 01:32:14 :loader(error): Couldn't load file phase_4/models/questmap/cog_hq_lawbot_maps.bam: not found on model path (currently: "/;/d/hollybae/Aly/Toontown-School-House/toontown/launcher;/c/Panda3D-1.11.0-x64/etc/..;/c/Panda3D-1.11.0-x64/etc/../models")
:12-31-2019 01:32:15 :loader(error): Couldn't load file phase_4/models/questmap/cog_hq_lawbot_maps.bam: not found on model path (currently: "/;/d/hollybae/Aly/Toontown-School-House/toontown/launcher;/c/Panda3D-1.11.0-x64/etc/..;/c/Panda3D-1.11.0-x64/etc/../models")
:12-31-2019 01:32:55 TTOffMagicWordManager: Run mode has been toggled.
:12-31-2019 01:33:00 TTOffMagicWordManager: Run mode has been toggled.
:12-31-2019 01:33:02 TTOffMagicWordManager: Abracadabra!
:12-31-2019 01:33:05 TTOffMagicWordManager: Gave Hollybae an infinite amount of pies
:12-31-2019 01:33:07 LawbotCogHQLoader: loadPlaceGeom: 61000
:12-31-2019 01:33:07 LawbotCogHQLoader(warning): loadPlaceGeom: unclassified zone 61000
:12-31-2019 01:33:07 CogHQLobby: Unloading Place (13100). Fsm in final
:12-31-2019 01:33:08 DistributedLawbotBoss(warning): Not a collision node: LawbotCourtroom3.egg/-PandaNode/CR3/interior/CR3_Floor
:12-31-2019 01:33:08 DistributedToon: calling LocalAvatar.startchat
:12-31-2019 01:33:08 LawbotHQBossBattle(warning): fsm.request('movie') returned 0 (zone id 61000, avatar pos LPoint3f(-0.363562, -126.204, 0.193903)).
:12-31-2019 01:33:22 LawbotHQBossBattle(warning): fsm.request('movie') returned 0 (zone id 61000, avatar pos LPoint3f(-0.363562, -126.204, 0.193903)).
:12-31-2019 01:33:23 Actor(warning): called actor.removeNode() on actor without calling cleanup()
:12-31-2019 01:33:23 Actor(warning): called actor.removeNode() on actor without calling cleanup()
:12-31-2019 01:33:23 Actor(warning): called actor.removeNode() on actor without calling cleanup()
:12-31-2019 01:33:23 Actor(warning): called actor.removeNode() on actor without calling cleanup()
:12-31-2019 01:33:23 Actor(warning): called actor.removeNode() on actor without calling cleanup()
:12-31-2019 01:33:23 Actor(warning): called actor.removeNode() on actor without calling cleanup()
:12-31-2019 01:33:23 Actor(warning): called actor.removeNode() on actor without calling cleanup()
:12-31-2019 01:33:23 Actor(warning): called actor.removeNode() on actor without calling cleanup()
:12-31-2019 01:33:23 Actor(warning): called actor.removeNode() on actor without calling cleanup()
:12-31-2019 01:33:23 Actor(warning): called actor.removeNode() on actor without calling cleanup()
:12-31-2019 01:33:23 Actor(warning): called actor.removeNode() on actor without calling cleanup()
:12-31-2019 01:33:23 Actor(warning): called actor.removeNode() on actor without calling cleanup()
:12-31-2019 01:33:23 TTOffMagicWordManager: Restarting Scale Round
:12-31-2019 01:33:30 LawbotHQBossBattle(warning): fsm.request('finalBattle') returned 0 (zone id 61000, avatar pos LPoint3f(-64.9462, 55.9852, 0)).
:12-31-2019 01:33:30 TTOffMagicWordManager: Restarting Scale Round
:12-31-2019 01:33:49 :linmath(warning): Tried to invert singular LMatrix3.
:12-31-2019 01:36:44 GarbageCollect(warning): garbage found, reverting gc threshold
frame rate: 272.1 fps|0.001d|13 avs||316|317||0x0000|0x0000|987.7MB|1184.4MB|16235.6MB|610|nt.2.6.2|3.701,3.701|6,12 cpus|OpenGL
:12-31-2019 01:38:41 :linmath(warning): Tried to invert singular LMatrix3.
frame rate: 240.0 fps|0.001d|13 avs||616|617||0x0000|0x0000|1330.4MB|1527.9MB|16235.6MB|720|nt.2.6.2|3.701,3.701|6,12 cpus|OpenGL
adding timeout task
adding timeout task
frame rate: 273.2 fps|0.000d|13 avs||916|917||0x0000|0x0000|1668.0MB|1866.1MB|16235.6MB|828|nt.2.6.2|3.701,3.701|6,12 cpus|OpenGL
:12-31-2019 01:47:43 LawbotHQBossBattle(warning): fsm.request('finalBattle') returned 0 (zone id 61000, avatar pos LPoint3f(-60.3216, 0.725758, -0.000312722)).
:12-31-2019 01:47:43 TTOffMagicWordManager: Restarting Scale Round
frame rate: 267.2 fps|0.001d|13 avs||1216|1217||0x0000|0x0000|1970.6MB|2169.2MB|16235.6MB|927|nt.2.6.2|3.701,3.701|6,12 cpus|OpenGL
:12-31-2019 01:52:19 TTOffMagicWordManager: LPoint3f(-53.3881, 24.5604, -0.000314047)
:12-31-2019 01:52:46 TTOffMagicWordManager: Voila!
:12-31-2019 01:52:57 TTOffMagicWordManager: Voila!
:12-31-2019 01:53:10 TTOffMagicWordManager: Voila!
:12-31-2019 01:53:31 TTOffMagicWordManager: Ta-da!
:12-31-2019 01:53:40 TTOffMagicWordManager: Alakazam!
:12-31-2019 01:53:50 TTOffMagicWordManager: Alakazam!
:12-31-2019 01:54:03 TTOffMagicWordManager: Abracadabra!
:12-31-2019 01:54:16 TTOffMagicWordManager: Voila!
:12-31-2019 01:54:26 TTOffMagicWordManager: Abracadabra!
:12-31-2019 01:54:40 TTOffMagicWordManager: Presto!
:12-31-2019 01:54:53 TTOffMagicWordManager: Voila!
:12-31-2019 01:55:02 TTOffMagicWordManager: Ta-da!
:12-31-2019 01:55:12 TTOffMagicWordManager: Abracadabra!
:12-31-2019 01:55:33 TTOffMagicWordManager: Presto!
:12-31-2019 01:55:46 TTOffMagicWordManager: Alakazam!
:12-31-2019 01:55:58 TTOffMagicWordManager: Alakazam!
:12-31-2019 01:56:10 TTOffMagicWordManager: Abracadabra!
:12-31-2019 01:56:23 TTOffMagicWordManager: Abracadabra!
:12-31-2019 01:56:33 TTOffMagicWordManager: Alakazam!
:12-31-2019 01:56:42 TTOffMagicWordManager: Alakazam!
frame rate: 254.0 fps|0.001d|13 avs||1516|1517||0x0000|0x0000|2309.7MB|2509.1MB|16235.6MB|1014|nt.2.6.2|3.701,3.701|6,12 cpus|OpenGL
:12-31-2019 01:57:12 TTOffMagicWordManager: Voila!
:12-31-2019 01:57:24 TTOffMagicWordManager: Abracadabra!
:12-31-2019 01:57:48 TTOffMagicWordManager: Voila!
:12-31-2019 01:58:06 TTOffMagicWordManager: Alakazam!
:12-31-2019 01:58:18 TTOffMagicWordManager: Presto!
:12-31-2019 01:58:28 TTOffMagicWordManager: Alakazam!
:12-31-2019 01:58:41 TTOffMagicWordManager: Alakazam!
:12-31-2019 01:59:28 TTOffMagicWordManager: Presto!
:12-31-2019 01:59:39 TTOffMagicWordManager: Alakazam!
:12-31-2019 01:59:50 TTOffMagicWordManager: Presto!
:12-31-2019 01:59:58 TTOffMagicWordManager: Presto!
:12-31-2019 02:00:12 TTOffMagicWordManager: Alakazam!
:12-31-2019 02:00:19 TTOffMagicWordManager: Alakazam!
:12-31-2019 02:01:05 TTOffMagicWordManager: Presto!
:12-31-2019 02:01:33 TTOffMagicWordManager: Ta-da!
:12-31-2019 02:01:47 TTOffMagicWordManager: Voila!
:12-31-2019 02:01:59 TTOffMagicWordManager: Abracadabra!
:12-31-2019 02:02:00 TimeManager: Clock sync: timer
frame rate: 216.1 fps|0.001d|13 avs||1816|1817||0x0000|0x0000|2661.8MB|2862.6MB|16235.6MB|1127|nt.2.6.2|3.701,3.701|6,12 cpus|OpenGL
:12-31-2019 02:02:00 TimeManager: Clock sync roundtrip took 16.834 ms
:12-31-2019 02:02:00 TimeManager: AI time delta is -0:00 from server delta
:12-31-2019 02:02:00 ClockDelta: previous delta at -0.006 s, +/- 1.392 s.
:12-31-2019 02:02:00 ClockDelta: new delta at -0.876 s, +/- 0.008 s.
:12-31-2019 02:02:00 ClockDelta: intersection at -0.876 s, +/- 0.008 s.
:12-31-2019 02:02:00 TimeManager: Local clock uncertainty +/- 0.008 s
:12-31-2019 02:02:10 TTOffMagicWordManager: Alakazam!
:12-31-2019 02:02:43 TTOffMagicWordManager: Voila!
:12-31-2019 02:02:56 TTOffMagicWordManager: Presto!
:12-31-2019 02:03:07 TTOffMagicWordManager: Ta-da!
:12-31-2019 02:03:17 TTOffMagicWordManager: Ta-da!
:12-31-2019 02:03:27 TTOffMagicWordManager: Voila!
:12-31-2019 02:04:07 TTOffMagicWordManager: Alakazam!
:12-31-2019 02:04:17 TTOffMagicWordManager: Abracadabra!
:12-31-2019 02:04:31 TTOffMagicWordManager: Presto!
:12-31-2019 02:04:37 TTOffMagicWordManager: Abracadabra!
:12-31-2019 02:04:50 TTOffMagicWordManager: Presto!
:12-31-2019 02:05:10 TTOffMagicWordManager: Abracadabra!
:12-31-2019 02:05:25 TTOffMagicWordManager: Presto!
:12-31-2019 02:05:44 TTOffMagicWordManager: Abracadabra!
:12-31-2019 02:05:59 TTOffMagicWordManager: Voila!
:12-31-2019 02:06:10 TTOffMagicWordManager: Voila!
frame rate: 280.8 fps|0.000d|13 avs||2116|2117||0x0000|0x0000|3015.4MB|3216.8MB|16235.6MB|1240|nt.2.6.2|3.701,3.701|6,12 cpus|OpenGL
:12-31-2019 02:07:34 TTOffMagicWordManager: Presto!
:12-31-2019 02:07:48 TTOffMagicWordManager: Voila!
:12-31-2019 02:07:58 TTOffMagicWordManager: Alakazam!
:12-31-2019 02:08:20 TTOffMagicWordManager: Abracadabra!
:12-31-2019 02:08:33 TTOffMagicWordManager: Voila!
:12-31-2019 02:08:43 TTOffMagicWordManager: Presto!
:12-31-2019 02:08:52 TTOffMagicWordManager: Presto!
:12-31-2019 02:09:23 TTOffMagicWordManager: Alakazam!
:12-31-2019 02:09:33 TTOffMagicWordManager: Ta-da!
:12-31-2019 02:10:03 TTOffMagicWordManager: Abracadabra!
:12-31-2019 02:10:26 TTOffMagicWordManager: Alakazam!
:12-31-2019 02:10:37 TTOffMagicWordManager: Presto!
:12-31-2019 02:10:48 TTOffMagicWordManager: Voila!
:12-31-2019 02:11:05 TTOffMagicWordManager: Abracadabra!
:12-31-2019 02:11:16 TTOffMagicWordManager: Presto!
:12-31-2019 02:11:27 TTOffMagicWordManager: Alakazam!
frame rate: 277.6 fps|0.000d|13 avs||2416|2417||0x0000|0x0000|2816.9MB|3557.8MB|16235.6MB|1349|nt.2.6.2|3.701,3.701|6,12 cpus|OpenGL
:12-31-2019 02:12:14 TTOffMagicWordManager: Presto!
:12-31-2019 02:12:29 TTOffMagicWordManager: Abracadabra!
:12-31-2019 02:14:16 TTOffMagicWordManager: Abracadabra!
:12-31-2019 02:15:09 TTOffMagicWordManager: Alakazam!
:12-31-2019 02:15:26 TTOffMagicWordManager: Presto!
:12-31-2019 02:15:39 TTOffMagicWordManager: Presto!
:12-31-2019 02:15:48 TTOffMagicWordManager: Alakazam!
:12-31-2019 02:16:00 TTOffMagicWordManager: Abracadabra!
:12-31-2019 02:16:17 TTOffMagicWordManager: Presto!
:12-31-2019 02:16:31 TTOffMagicWordManager: Ta-da!
frame rate: 247.9 fps|0.001d|13 avs||2716|2717||0x0000|0x0000|2554.7MB|3894.6MB|16235.6MB|1458|nt.2.6.2|3.701,3.701|6,12 cpus|OpenGL
:12-31-2019 02:17:06 TTOffMagicWordManager: Ta-da!
:12-31-2019 02:17:20 TTOffMagicWordManager: Abracadabra!
:12-31-2019 02:17:50 TTOffMagicWordManager: Presto!
:12-31-2019 02:18:14 TTOffMagicWordManager: Presto!
:12-31-2019 02:18:28 TTOffMagicWordManager: Voila!
:12-31-2019 02:18:49 TTOffMagicWordManager: Alakazam!
:12-31-2019 02:19:02 TTOffMagicWordManager: Abracadabra!
:12-31-2019 02:19:18 TTOffMagicWordManager: Presto!
:12-31-2019 02:19:28 TTOffMagicWordManager: Ta-da!
:12-31-2019 02:19:37 TTOffMagicWordManager: Abracadabra!
:12-31-2019 02:19:47 TTOffMagicWordManager: Alakazam!
:12-31-2019 02:19:56 TTOffMagicWordManager: Abracadabra!
:12-31-2019 02:21:24 TTOffMagicWordManager: Presto!
:12-31-2019 02:21:38 TTOffMagicWordManager: Abracadabra!
:12-31-2019 02:21:49 TTOffMagicWordManager: Alakazam!
frame rate: 218.7 fps|0.001d|13 avs||3016|3017||0x0000|0x0000|2852.6MB|4236.8MB|16235.6MB|1568|nt.2.6.2|3.701,3.701|6,12 cpus|OpenGL
:12-31-2019 02:22:01 TTOffMagicWordManager: Ta-da!
adding timeout task
adding timeout task
frame rate: 278.4 fps|0.000d|13 avs||3316|3317||0x0000|0x0000|2848.0MB|4566.4MB|16235.6MB|1674|nt.2.6.2|3.701,3.701|6,12 cpus|OpenGL
:12-31-2019 02:32:00 TimeManager: Clock sync: timer
frame rate: 228.0 fps|0.000d|13 avs||3617|3617||0x0000|0x0000|2768.8MB|4905.2MB|16235.6MB|2309|nt.2.6.2|3.701,3.701|6,12 cpus|OpenGL
:12-31-2019 02:32:00 TimeManager: Clock sync roundtrip took 25.644 ms
:12-31-2019 02:32:00 TimeManager: AI time delta is -0:00 from server delta
:12-31-2019 02:32:00 ClockDelta: previous delta at -0.876 s, +/- 0.508 s.
:12-31-2019 02:32:00 ClockDelta: new delta at -0.869 s, +/- 0.013 s.
:12-31-2019 02:32:00 ClockDelta: intersection at -0.869 s, +/- 0.013 s.
:12-31-2019 02:32:00 TimeManager: Local clock uncertainty +/- 0.013 s
frame rate: 227.6 fps|0.000d|13 avs||3917|3917||0x0000|0x0000|3116.0MB|5251.6MB|16235.6MB|2421|nt.2.6.2|3.701,3.701|6,12 cpus|OpenGL
:12-31-2019 02:40:35 TTOffMagicWordManager: Alakazam!
:12-31-2019 02:40:48 TTOffMagicWordManager: Abracadabra!
:12-31-2019 02:41:31 TTOffMagicWordManager: Presto!
:12-31-2019 02:41:41 TTOffMagicWordManager: Voila!
frame rate: 235.6 fps|0.001d|13 avs||4217|4217||0x0000|0x0000|3457.0MB|5591.9MB|16235.6MB|2556|nt.2.6.2|3.701,3.701|6,12 cpus|OpenGL
:12-31-2019 02:43:28 TTOffMagicWordManager: Abracadabra!
:12-31-2019 02:43:56 TTOffMagicWordManager: Presto!
:12-31-2019 02:43:59 TTOffMagicWordManager: Hollybae's laff has been set to 917.
:12-31-2019 02:44:10 TTOffMagicWordManager: Alakazam!
:12-31-2019 02:44:21 TTOffMagicWordManager: Alakazam!
:12-31-2019 02:45:18 TTOffMagicWordManager: Abracadabra!
:12-31-2019 02:45:30 TTOffMagicWordManager: Abracadabra!
:12-31-2019 02:45:40 TTOffMagicWordManager: Ta-da!
:12-31-2019 02:45:52 TTOffMagicWordManager: Abracadabra!
:12-31-2019 02:46:04 TTOffMagicWordManager: Abracadabra!
:12-31-2019 02:46:13 TTOffMagicWordManager: Alakazam!
:12-31-2019 02:46:25 TTOffMagicWordManager: Alakazam!
:12-31-2019 02:46:34 TTOffMagicWordManager: Presto!
frame rate: 240.9 fps|0.001d|13 avs||4517|4517||0x0000|0x0000|3783.9MB|5917.4MB|16235.6MB|2663|nt.2.6.2|3.701,3.701|6,12 cpus|OpenGL
:12-31-2019 02:47:50 TTOffMagicWordManager: Alakazam!
:12-31-2019 02:48:00 TTOffMagicWordManager: Ta-da!
:12-31-2019 02:48:26 TTOffMagicWordManager: Voila!
:12-31-2019 02:48:39 TTOffMagicWordManager: Abracadabra!
:12-31-2019 02:48:48 TTOffMagicWordManager: Alakazam!
:12-31-2019 02:49:08 TTOffMagicWordManager: Presto!
:12-31-2019 02:49:19 TTOffMagicWordManager: Ta-da!
:12-31-2019 02:49:34 TTOffMagicWordManager: Voila!
:12-31-2019 02:49:46 TTOffMagicWordManager: Alakazam!
:12-31-2019 02:50:22 TTOffMagicWordManager: Ta-da!
:12-31-2019 02:50:43 TTOffMagicWordManager: Alakazam!
:12-31-2019 02:50:58 TTOffMagicWordManager: Alakazam!
:12-31-2019 02:51:11 TTOffMagicWordManager: Presto!
:12-31-2019 02:51:23 TTOffMagicWordManager: Voila!
:12-31-2019 02:51:37 TTOffMagicWordManager: Voila!
frame rate: 241.4 fps|0.001d|13 avs||4817|4817||0x0000|0x0000|4104.0MB|6265.2MB|16235.6MB|2775|nt.2.6.2|3.701,3.701|6,12 cpus|OpenGL
:12-31-2019 02:52:03 TTOffMagicWordManager: Voila!
:12-31-2019 02:52:17 TTOffMagicWordManager: Ta-da!
:12-31-2019 02:53:29 TTOffMagicWordManager: Ta-da!
:12-31-2019 02:53:39 TTOffMagicWordManager: Ta-da!
:12-31-2019 02:53:52 TTOffMagicWordManager: Abracadabra!
:12-31-2019 02:54:04 TTOffMagicWordManager: Abracadabra!
adding timeout task
adding timeout task
frame rate: 266.9 fps|0.000d|13 avs||5117|5117||0x0000|0x0000|4441.7MB|6607.9MB|16235.6MB|2886|nt.2.6.2|3.701,3.701|6,12 cpus|OpenGL
:12-31-2019 02:57:28 TTOffMagicWordManager: Voila!
:12-31-2019 02:57:39 TTOffMagicWordManager: Alakazam!
:12-31-2019 02:57:50 TTOffMagicWordManager: Presto!
:12-31-2019 02:59:38 TTOffMagicWordManager: Voila!
:12-31-2019 02:59:47 TTOffMagicWordManager: Voila!
:12-31-2019 03:00:00 NewsManager: setHolidayId: Ending Holiday 14
:12-31-2019 03:00:29 TTOffMagicWordManager: Abracadabra!
:12-31-2019 03:00:38 TTOffMagicWordManager: Abracadabra!
:12-31-2019 03:00:53 TTOffMagicWordManager: Abracadabra!
:12-31-2019 03:01:01 TTOffMagicWordManager: Voila!
:12-31-2019 03:02:00 TimeManager: Clock sync: timer
:12-31-2019 03:02:00 TimeManager: Clock sync roundtrip took 12.986 ms
:12-31-2019 03:02:00 TimeManager: AI time delta is -0:00 from server delta
:12-31-2019 03:02:00 ClockDelta: previous delta at -0.869 s, +/- 0.513 s.
:12-31-2019 03:02:00 ClockDelta: new delta at -0.863 s, +/- 0.006 s.
:12-31-2019 03:02:00 ClockDelta: intersection at -0.863 s, +/- 0.006 s.
:12-31-2019 03:02:00 TimeManager: Local clock uncertainty +/- 0.006 s
frame rate: 267.8 fps|0.000d|13 avs||5417|5417||0x0000|0x0000|4777.6MB|6943.6MB|16235.6MB|2995|nt.2.6.2|3.701,3.701|6,12 cpus|OpenGL
:12-31-2019 03:02:06 TTOffMagicWordManager: Ta-da!
:12-31-2019 03:02:16 TTOffMagicWordManager: Presto!
:12-31-2019 03:03:59 TTOffMagicWordManager: Alakazam!
:12-31-2019 03:04:09 TTOffMagicWordManager: Presto!
adding timeout task
adding timeout task
:12-31-2019 03:06:59 TTOffMagicWordManager: Voila!
frame rate: 254.2 fps|0.000d|13 avs||5717|5717||0x0000|0x0000|5028.2MB|7274.2MB|16235.6MB|3103|nt.2.6.2|3.701,3.701|6,12 cpus|OpenGL
:12-31-2019 03:07:07 OTPClientRepository: Sending heartbeat mid-frame.
:12-31-2019 03:07:09 TTOffMagicWordManager: Presto!
:12-31-2019 03:07:19 TTOffMagicWordManager: Ta-da!
:12-31-2019 03:07:28 TTOffMagicWordManager: Alakazam!
:12-31-2019 03:07:38 TTOffMagicWordManager: Alakazam!
:12-31-2019 03:07:51 TTOffMagicWordManager: Abracadabra!
:12-31-2019 03:08:38 TTOffMagicWordManager: Ta-da!
:12-31-2019 03:08:48 TTOffMagicWordManager: Alakazam!
:12-31-2019 03:09:15 TTOffMagicWordManager: Abracadabra!
:12-31-2019 03:09:42 TTOffMagicWordManager: Ta-da!
:12-31-2019 03:09:55 TTOffMagicWordManager: Ta-da!
:12-31-2019 03:11:18 TTOffMagicWordManager: Alakazam!
:12-31-2019 03:11:27 TTOffMagicWordManager: Voila!
:12-31-2019 03:11:37 TTOffMagicWordManager: Voila!
:12-31-2019 03:11:48 TTOffMagicWordManager: Abracadabra!
frame rate: 226.3 fps|0.001d|13 avs||6017|6017||0x0000|0x0000|4974.2MB|7629.4MB|16235.6MB|3217|nt.2.6.2|3.701,3.701|6,12 cpus|OpenGL
:12-31-2019 03:12:51 TTOffMagicWordManager: Ta-da!
:12-31-2019 03:13:09 TTOffMagicWordManager: Alakazam!
:12-31-2019 03:14:10 TTOffMagicWordManager: Abracadabra!
:12-31-2019 03:14:21 TTOffMagicWordManager: Abracadabra!
adding timeout task
adding timeout task
frame rate: 276.9 fps|0.000d|13 avs||6317|6317||0x0000|0x0000|4728.2MB|7974.8MB|16235.6MB|3351|nt.2.6.2|3.701,3.701|6,12 cpus|OpenGL
frame rate: 276.9 fps|0.000d|13 avs||6617|6617||0x0000|0x0000|4925.3MB|8325.7MB|16235.6MB|3464|nt.2.6.2|3.701,3.701|6,12 cpus|OpenGL
frame rate: 286.5 fps|0.000d|13 avs||6917|6917||0x0000|0x0000|4857.2MB|8662.4MB|16235.6MB|4122|nt.2.6.2|3.701,3.701|6,12 cpus|OpenGL
adding timeout task
adding timeout task
adding timeout task
adding timeout task
:12-31-2019 03:32:00 TimeManager: Clock sync: timer
frame rate: 246.2 fps|0.000d|13 avs||7217|7217||0x0000|0x0000|5189.1MB|8993.7MB|16235.6MB|4231|nt.2.6.2|3.701,3.701|6,12 cpus|OpenGL
:12-31-2019 03:32:00 TimeManager: Clock sync roundtrip took 39.515 ms
:12-31-2019 03:32:00 TimeManager: AI time delta is -0:00 from server delta
:12-31-2019 03:32:00 ClockDelta: previous delta at -0.863 s, +/- 0.507 s.
:12-31-2019 03:32:00 ClockDelta: new delta at -0.879 s, +/- 0.020 s.
:12-31-2019 03:32:00 ClockDelta: intersection at -0.879 s, +/- 0.020 s.
:12-31-2019 03:32:00 TimeManager: Local clock uncertainty +/- 0.020 s
frame rate: 246.5 fps|0.000d|13 avs||7517|7517||0x0000|0x0000|5541.8MB|9345.9MB|16235.6MB|4345|nt.2.6.2|3.701,3.701|6,12 cpus|OpenGL
frame rate: 246.5 fps|0.000d|13 avs||7817|7817||0x0000|0x0000|5895.1MB|9697.9MB|16235.6MB|4744|nt.2.6.2|3.701,3.701|6,12 cpus|OpenGL
frame rate: 246.0 fps|0.001d|13 avs||8117|8117||0x0000|0x0000|6248.0MB|10050.4MB|16235.6MB|4881|nt.2.6.2|3.701,3.701|6,12 cpus|OpenGL
frame rate: 246.5 fps|0.000d|13 avs||8417|8417||0x0000|0x0000|6600.6MB|10403.2MB|16235.6MB|5029|nt.2.6.2|3.701,3.701|6,12 cpus|OpenGL
frame rate: 245.9 fps|0.000d|13 avs||8717|8717||0x0000|0x0000|6952.7MB|10755.9MB|16235.6MB|5165|nt.2.6.2|3.701,3.701|6,12 cpus|OpenGL
:12-31-2019 04:02:00 TimeManager: Clock sync: timer
frame rate: 246.1 fps|0.000d|13 avs||9017|9017||0x0000|0x0000|7286.8MB|11108.2MB|16235.6MB|5677|nt.2.6.2|3.701,3.701|6,12 cpus|OpenGL
:12-31-2019 04:02:00 TimeManager: Clock sync roundtrip took 65.275 ms
:12-31-2019 04:02:00 TimeManager: AI time delta is -0:00 from server delta
:12-31-2019 04:02:00 ClockDelta: previous delta at -0.879 s, +/- 0.520 s.
:12-31-2019 04:02:00 ClockDelta: new delta at -0.854 s, +/- 0.033 s.
:12-31-2019 04:02:00 ClockDelta: intersection at -0.854 s, +/- 0.033 s.
:12-31-2019 04:02:00 TimeManager: Local clock uncertainty +/- 0.033 s
frame rate: 246.4 fps|0.000d|13 avs||9317|9317||0x0000|0x0000|7639.7MB|11460.6MB|16235.6MB|5790|nt.2.6.2|3.701,3.701|6,12 cpus|OpenGL
frame rate: 246.0 fps|0.000d|13 avs||9617|9617||0x0000|0x0000|7992.9MB|11812.8MB|16235.6MB|5905|nt.2.6.2|3.701,3.701|6,12 cpus|OpenGL
frame rate: 246.3 fps|0.000d|13 avs||9917|9917||0x0000|0x0000|8344.7MB|12164.7MB|16235.6MB|6288|nt.2.6.2|3.701,3.701|6,12 cpus|OpenGL
frame rate: 245.7 fps|0.000d|13 avs||10217|10217||0x0000|0x0000|8696.5MB|12516.8MB|16235.6MB|6425|nt.2.6.2|3.701,3.701|6,12 cpus|OpenGL
frame rate: 245.9 fps|0.000d|13 avs||10517|10517||0x0000|0x0000|9047.6MB|12868.4MB|16235.6MB|6537|nt.2.6.2|3.701,3.701|6,12 cpus|OpenGL
:12-31-2019 04:32:00 TimeManager: Clock sync: timer
:12-31-2019 04:32:00 TimeManager: Clock sync roundtrip took 4.877 ms
:12-31-2019 04:32:00 TimeManager: AI time delta is -0:00 from server delta
:12-31-2019 04:32:00 ClockDelta: previous delta at -0.854 s, +/- 0.533 s.
:12-31-2019 04:32:00 ClockDelta: new delta at -0.863 s, +/- 0.002 s.
:12-31-2019 04:32:00 ClockDelta: intersection at -0.863 s, +/- 0.002 s.
:12-31-2019 04:32:00 TimeManager: Local clock uncertainty +/- 0.002 s
frame rate: 246.1 fps|0.000d|13 avs||10817|10817||0x0000|0x0000|9399.0MB|13220.1MB|16235.6MB|6921|nt.2.6.2|3.701,3.701|6,12 cpus|OpenGL
frame rate: 245.9 fps|0.000d|13 avs||11117|11117||0x0000|0x0000|9749.9MB|13571.4MB|16235.6MB|7034|nt.2.6.2|3.701,3.701|6,12 cpus|OpenGL
frame rate: 246.6 fps|0.000d|13 avs||11417|11417||0x0000|0x0000|10100.7MB|13922.8MB|16235.6MB|7147|nt.2.6.2|3.701,3.701|6,12 cpus|OpenGL
frame rate: 246.1 fps|0.000d|13 avs||11717|11717||0x0000|0x0000|10452.2MB|14274.9MB|16235.6MB|7530|nt.2.6.2|3.701,3.701|6,12 cpus|OpenGL
frame rate: 245.9 fps|0.000d|13 avs||12017|12017||0x0000|0x0000|10803.5MB|14626.8MB|16235.6MB|7643|nt.2.6.2|3.701,3.701|6,12 cpus|OpenGL
frame rate: 246.7 fps|0.000d|13 avs||12317|12317||0x0000|0x0000|11154.5MB|14978.5MB|16235.6MB|7756|nt.2.6.2|3.701,3.701|6,12 cpus|OpenGL
:12-31-2019 05:02:00 TimeManager: Clock sync: timer
:12-31-2019 05:02:00 TimeManager: Clock sync roundtrip took 11.809 ms
:12-31-2019 05:02:00 TimeManager: AI time delta is -0:00 from server delta
:12-31-2019 05:02:00 ClockDelta: previous delta at -0.863 s, +/- 0.502 s.
:12-31-2019 05:02:00 ClockDelta: new delta at -0.868 s, +/- 0.006 s.
:12-31-2019 05:02:00 ClockDelta: intersection at -0.868 s, +/- 0.006 s.
:12-31-2019 05:02:00 TimeManager: Local clock uncertainty +/- 0.006 s
frame rate: 245.5 fps|0.001d|13 avs||12617|12617||0x0000|0x0000|11506.0MB|15330.8MB|16235.6MB|8162|nt.2.6.2|3.701,3.701|6,12 cpus|OpenGL
frame rate: 245.8 fps|0.000d|13 avs||12917|12917||0x0000|0x0000|11857.5MB|15683.0MB|16235.6MB|8275|nt.2.6.2|3.701,3.701|6,12 cpus|OpenGL
frame rate: 246.3 fps|0.000d|13 avs||13217|13217||0x0000|0x0000|12208.5MB|16034.7MB|16235.6MB|8388|nt.2.6.2|3.701,3.701|6,12 cpus|OpenGL
frame rate: 245.5 fps|0.000d|13 avs||13517|13517||0x0000|0x0000|12559.6MB|16386.5MB|16235.6MB|8771|nt.2.6.2|3.701,3.701|6,12 cpus|OpenGL
frame rate: 245.5 fps|0.000d|13 avs||13817|13817||0x0000|0x0000|12910.5MB|16737.9MB|16235.6MB|8884|nt.2.6.2|3.701,3.701|6,12 cpus|OpenGL
frame rate: 246.4 fps|0.000d|13 avs||14117|14117||0x0000|0x0000|13261.3MB|17089.5MB|16235.6MB|8997|nt.2.6.2|3.701,3.701|6,12 cpus|OpenGL
:12-31-2019 05:32:00 TimeManager: Clock sync: timer
:12-31-2019 05:32:00 TimeManager: Clock sync roundtrip took 9.422 ms
:12-31-2019 05:32:00 TimeManager: AI time delta is -0:00 from server delta
:12-31-2019 05:32:00 ClockDelta: previous delta at -0.868 s, +/- 0.506 s.
:12-31-2019 05:32:00 ClockDelta: new delta at -0.867 s, +/- 0.005 s.
:12-31-2019 05:32:00 ClockDelta: intersection at -0.867 s, +/- 0.005 s.
:12-31-2019 05:32:00 TimeManager: Local clock uncertainty +/- 0.005 s
frame rate: 245.1 fps|0.001d|13 avs||14417|14417||0x0000|0x0000|13612.1MB|17441.1MB|16235.6MB|9409|nt.2.6.2|3.701,3.701|6,12 cpus|OpenGL
frame rate: 246.2 fps|0.000d|13 avs||14717|14717||0x0000|0x0000|13963.2MB|17792.8MB|16235.6MB|9527|nt.2.6.2|3.701,3.701|6,12 cpus|OpenGL
frame rate: 246.4 fps|0.000d|13 avs||15017|15017||0x0000|0x0000|14314.6MB|18144.8MB|16235.6MB|9640|nt.2.6.2|3.701,3.701|6,12 cpus|OpenGL
frame rate: 245.8 fps|0.000d|13 avs||15317|15317||0x0000|0x0000|14665.1MB|18496.0MB|16235.6MB|10024|nt.2.6.2|3.701,3.701|6,12 cpus|OpenGL
frame rate: 246.2 fps|0.000d|13 avs||15617|15617||0x0000|0x0000|15016.1MB|18847.7MB|16235.6MB|10137|nt.2.6.2|3.701,3.701|6,12 cpus|OpenGL
frame rate: 245.8 fps|0.000d|13 avs||15917|15917||0x0000|0x0000|15367.3MB|19199.6MB|16235.6MB|10251|nt.2.6.2|3.701,3.701|6,12 cpus|OpenGL
:12-31-2019 06:02:00 TimeManager: Clock sync: timer
:12-31-2019 06:02:00 TimeManager: Clock sync roundtrip took 68.506 ms
:12-31-2019 06:02:00 TimeManager: AI time delta is -0:00 from server delta
:12-31-2019 06:02:00 ClockDelta: previous delta at -0.867 s, +/- 0.505 s.
:12-31-2019 06:02:00 ClockDelta: new delta at -0.857 s, +/- 0.034 s.
:12-31-2019 06:02:00 ClockDelta: intersection at -0.857 s, +/- 0.034 s.
:12-31-2019 06:02:00 TimeManager: Local clock uncertainty +/- 0.034 s
frame rate: 245.4 fps|0.001d|13 avs||16217|16217||0x0000|0x0000|15718.9MB|19551.8MB|16235.6MB|10657|nt.2.6.2|3.701,3.701|6,12 cpus|OpenGL
frame rate: 245.8 fps|0.000d|13 avs||16517|16517||0x0000|0x0000|16070.3MB|19903.9MB|16235.6MB|10770|nt.2.6.2|3.701,3.701|6,12 cpus|OpenGL
frame rate: 245.9 fps|0.000d|13 avs||16817|16817||0x0000|0x0000|16421.9MB|20256.3MB|16235.6MB|10883|nt.2.6.2|3.701,3.701|6,12 cpus|OpenGL
frame rate: 246.1 fps|0.000d|13 avs||17117|17117||0x0000|0x0000|16773.9MB|20608.9MB|16235.6MB|11266|nt.2.6.2|3.701,3.701|6,12 cpus|OpenGL
frame rate: 245.9 fps|0.000d|13 avs||17417|17417||0x0000|0x0000|17125.5MB|20961.2MB|16235.6MB|11380|nt.2.6.2|3.701,3.701|6,12 cpus|OpenGL
frame rate: 246.5 fps|0.000d|13 avs||17717|17717||0x0000|0x0000|17477.3MB|21313.6MB|16235.6MB|11493|nt.2.6.2|3.701,3.701|6,12 cpus|OpenGL
:12-31-2019 06:32:00 TimeManager: Clock sync: timer
:12-31-2019 06:32:00 TimeManager: Clock sync roundtrip took 68.302 ms
:12-31-2019 06:32:00 TimeManager: AI time delta is -0:00 from server delta
:12-31-2019 06:32:00 ClockDelta: previous delta at -0.857 s, +/- 0.534 s.
:12-31-2019 06:32:00 ClockDelta: new delta at -0.853 s, +/- 0.034 s.
:12-31-2019 06:32:00 ClockDelta: intersection at -0.853 s, +/- 0.034 s.
:12-31-2019 06:32:00 TimeManager: Local clock uncertainty +/- 0.034 s
frame rate: 246.7 fps|0.000d|13 avs||18017|18017||0x0000|0x0000|17829.7MB|21666.4MB|16235.6MB|11877|nt.2.6.2|3.701,3.701|6,12 cpus|OpenGL
frame rate: 246.6 fps|0.000d|13 avs||18317|18317||0x0000|0x0000|18181.3MB|22018.7MB|16235.6MB|11990|nt.2.6.2|3.701,3.701|6,12 cpus|OpenGL
frame rate: 245.9 fps|0.000d|13 avs||18617|18617||0x0000|0x0000|18532.8MB|22370.7MB|16235.6MB|12103|nt.2.6.2|3.701,3.701|6,12 cpus|OpenGL
frame rate: 245.2 fps|0.001d|13 avs||18917|18917||0x0000|0x0000|18884.3MB|22723.1MB|16235.6MB|12509|nt.2.6.2|3.701,3.701|6,12 cpus|OpenGL
frame rate: 246.6 fps|0.000d|13 avs||19217|19217||0x0000|0x0000|19235.9MB|23075.2MB|16235.6MB|12623|nt.2.6.2|3.701,3.701|6,12 cpus|OpenGL
frame rate: 246.7 fps|0.000d|13 avs||19517|19517||0x0000|0x0000|19587.9MB|23427.9MB|16235.6MB|12737|nt.2.6.2|3.701,3.701|6,12 cpus|OpenGL
:12-31-2019 07:02:00 TimeManager: Clock sync: timer
:12-31-2019 07:02:00 TimeManager: Clock sync roundtrip took 45.061 ms
:12-31-2019 07:02:00 TimeManager: AI time delta is -0:00 from server delta
:12-31-2019 07:02:00 ClockDelta: previous delta at -0.853 s, +/- 0.534 s.
:12-31-2019 07:02:00 ClockDelta: new delta at -0.842 s, +/- 0.023 s.
:12-31-2019 07:02:00 ClockDelta: intersection at -0.842 s, +/- 0.023 s.
:12-31-2019 07:02:00 TimeManager: Local clock uncertainty +/- 0.023 s
frame rate: 246.5 fps|0.000d|13 avs||19817|19817||0x0000|0x0000|19939.7MB|23780.4MB|16235.6MB|13120|nt.2.6.2|3.701,3.701|6,12 cpus|OpenGL
frame rate: 246.2 fps|0.000d|13 avs||20117|20117||0x0000|0x0000|20290.9MB|24132.3MB|16235.6MB|13234|nt.2.6.2|3.701,3.701|6,12 cpus|OpenGL
frame rate: 246.2 fps|0.000d|13 avs||20417|20417||0x0000|0x0000|20641.9MB|24484.0MB|16235.6MB|13346|nt.2.6.2|3.701,3.701|6,12 cpus|OpenGL
frame rate: 245.5 fps|0.001d|13 avs||20717|20717||0x0000|0x0000|20992.9MB|24835.7MB|16235.6MB|13752|nt.2.6.2|3.701,3.701|6,12 cpus|OpenGL
frame rate: 246.0 fps|0.000d|13 avs||21017|21017||0x0000|0x0000|21343.6MB|25187.0MB|16235.6MB|13865|nt.2.6.2|3.701,3.701|6,12 cpus|OpenGL
frame rate: 246.3 fps|0.000d|13 avs||21317|21317||0x0000|0x0000|21694.9MB|25539.0MB|16235.6MB|13978|nt.2.6.2|3.701,3.701|6,12 cpus|OpenGL
:12-31-2019 07:32:00 TimeManager: Clock sync: timer
:12-31-2019 07:32:00 TimeManager: Clock sync roundtrip took 8.950 ms
:12-31-2019 07:32:00 TimeManager: AI time delta is -0:00 from server delta
:12-31-2019 07:32:00 ClockDelta: previous delta at -0.842 s, +/- 0.523 s.
:12-31-2019 07:32:00 ClockDelta: new delta at -0.867 s, +/- 0.004 s.
:12-31-2019 07:32:00 ClockDelta: intersection at -0.867 s, +/- 0.004 s.
:12-31-2019 07:32:00 TimeManager: Local clock uncertainty +/- 0.004 s
frame rate: 246.4 fps|0.000d|13 avs||21617|21617||0x0000|0x0000|22047.3MB|25892.2MB|16235.6MB|14362|nt.2.6.2|3.701,3.701|6,12 cpus|OpenGL
frame rate: 246.5 fps|0.000d|13 avs||21917|21917||0x0000|0x0000|22399.5MB|26245.0MB|16235.6MB|14475|nt.2.6.2|3.701,3.701|6,12 cpus|OpenGL
frame rate: 246.4 fps|0.000d|13 avs||22217|22217||0x0000|0x0000|22751.2MB|26597.3MB|16235.6MB|14589|nt.2.6.2|3.701,3.701|6,12 cpus|OpenGL
frame rate: 245.7 fps|0.001d|13 avs||22517|22517||0x0000|0x0000|23102.8MB|26949.8MB|16235.6MB|14996|nt.2.6.2|3.701,3.701|6,12 cpus|OpenGL
frame rate: 246.2 fps|0.000d|13 avs||22817|22817||0x0000|0x0000|23455.2MB|27302.6MB|16235.6MB|15109|nt.2.6.2|3.701,3.701|6,12 cpus|OpenGL
frame rate: 246.5 fps|0.000d|13 avs||23117|23117||0x0000|0x0000|23807.2MB|27655.3MB|16235.6MB|15222|nt.2.6.2|3.701,3.701|6,12 cpus|OpenGL
:12-31-2019 08:02:00 TimeManager: Clock sync: timer
:12-31-2019 08:02:00 TimeManager: Clock sync roundtrip took 17.423 ms
:12-31-2019 08:02:00 TimeManager: AI time delta is -0:00 from server delta
:12-31-2019 08:02:00 ClockDelta: previous delta at -0.867 s, +/- 0.504 s.
:12-31-2019 08:02:00 ClockDelta: new delta at -0.871 s, +/- 0.009 s.
:12-31-2019 08:02:00 ClockDelta: intersection at -0.871 s, +/- 0.009 s.
:12-31-2019 08:02:00 TimeManager: Local clock uncertainty +/- 0.009 s
frame rate: 246.7 fps|0.000d|13 avs||23417|23417||0x0000|0x0000|24159.3MB|28008.0MB|16235.6MB|15607|nt.2.6.2|3.701,3.701|6,12 cpus|OpenGL
frame rate: 246.4 fps|0.000d|13 avs||23717|23717||0x0000|0x0000|24511.2MB|28360.6MB|16235.6MB|15720|nt.2.6.2|3.701,3.701|6,12 cpus|OpenGL
frame rate: 246.6 fps|0.000d|13 avs||24017|24017||0x0000|0x0000|24862.7MB|28712.8MB|16235.6MB|15833|nt.2.6.2|3.701,3.701|6,12 cpus|OpenGL
frame rate: 247.8 fps|0.000d|13 avs||24317|24317||0x0000|0x0000|25215.5MB|29066.3MB|16235.6MB|15946|nt.2.6.2|3.701,3.701|6,12 cpus|OpenGL
frame rate: 245.7 fps|0.000d|13 avs||24617|24617||0x0000|0x0000|25568.7MB|29420.2MB|16235.6MB|16458|nt.2.6.2|3.701,3.701|6,12 cpus|OpenGL
frame rate: 247.5 fps|0.000d|13 avs||24917|24917||0x0000|0x0000|25921.2MB|29773.4MB|16235.6MB|16571|nt.2.6.2|3.701,3.701|6,12 cpus|OpenGL
:12-31-2019 08:32:00 TimeManager: Clock sync: timer
:12-31-2019 08:32:00 TimeManager: Clock sync roundtrip took 38.355 ms
:12-31-2019 08:32:00 TimeManager: AI time delta is -0:00 from server delta
:12-31-2019 08:32:00 ClockDelta: previous delta at -0.871 s, +/- 0.509 s.
:12-31-2019 08:32:00 ClockDelta: new delta at -0.877 s, +/- 0.019 s.
:12-31-2019 08:32:00 ClockDelta: intersection at -0.877 s, +/- 0.019 s.
:12-31-2019 08:32:00 TimeManager: Local clock uncertainty +/- 0.019 s
frame rate: 247.4 fps|0.000d|13 avs||25217|25217||0x0000|0x0000|26274.6MB|30127.4MB|16235.6MB|16708|nt.2.6.2|3.701,3.701|6,12 cpus|OpenGL
frame rate: 246.1 fps|0.000d|13 avs||25517|25517||0x0000|0x0000|26627.0MB|30480.7MB|16235.6MB|17093|nt.2.6.2|3.701,3.701|6,12 cpus|OpenGL
frame rate: 247.9 fps|0.000d|13 avs||25817|25817||0x0000|0x0000|26980.0MB|30834.2MB|16235.6MB|17206|nt.2.6.2|3.701,3.701|6,12 cpus|OpenGL
:12-31-2019 08:45:09 TTOffMagicWordManager: Ta-da!
:12-31-2019 08:45:22 TTOffMagicWordManager: Ta-da!
:12-31-2019 08:45:32 TTOffMagicWordManager: Alakazam!
:12-31-2019 08:45:41 TTOffMagicWordManager: Presto!
:12-31-2019 08:46:07 ToonBase: User closed main window.
:12-31-2019 08:46:07 TimeManager: Client disconnect reason 2.
:12-31-2019 08:46:07 LawbotHQBossBattle: Unloading Place (61000). Fsm in final
:12-31-2019 08:46:07 OTPClientRepository(warning): unclean exit, abandoning shard
ignoring InputState-forward
:12-31-2019 08:46:07 OTPClientRepository: sending clientLogout
:12-31-2019 08:46:07 LocalAvatar(warning): redundant call to stopUpdateSmartCamera
:12-31-2019 08:46:07 OTPClientRepository: Sent disconnect message to server
:12-31-2019 08:46:07 OTPClientRepository: Closing connection to server.
:12-31-2019 08:46:07 OTPClientRepository: Exiting cleanly
:12-31-2019 08:46:07 ToonBase: Exiting Toontown: errorCode = None
:12-31-2019 08:46:07 TTOffLauncher: setting panda error code to 0
:12-31-2019 08:46:08 TTOffLauncher: Normal exit.
