

Starting Toontown Online...
Current time: Wed Dec  4 16:51:26 2019 Eastern Standard Time
sys.path =  ['', 'C:\\Panda3D-1.11.0-x64\\python\\python27.zip', 'C:\\Panda3D-1.11.0-x64', 'C:\\Panda3D-1.11.0-x64\\python\\DLLs', 'C:\\Panda3D-1.11.0-x64\\python\\lib', 'C:\\Panda3D-1.11.0-x64\\python\\lib\\plat-win', 'C:\\Panda3D-1.11.0-x64\\python\\lib\\lib-tk', 'C:\\Panda3D-1.11.0-x64\\python', 'C:\\Panda3D-1.11.0-x64\\bin', 'C:\\Panda3D-1.11.0-x64\\python\\lib\\site-packages']
sys.argv =  ['D:\\hollybae\\Aly\\Toontown-School-House\\toontown\\launcher\\TTOffQuickStartLauncher.py']
generating standard configrc
os.environ =  {'TMP': 'C:\\Users\\holla\\AppData\\Local\\Temp', 'COMPUTERNAME': 'HOLLYBAES-PC', 'USERDOMAIN': 'HOLLYBAES-PC', 'INTEL_DEV_REDIST': 'C:\\Program Files (x86)\\Common Files\\Intel\\Shared Libraries\\', 'PSMODULEPATH': 'C:\\Program Files\\WindowsPowerShell\\Modules;C:\\WINDOWS\\system32\\WindowsPowerShell\\v1.0\\Modules', 'COMMONPROGRAMFILES': 'C:\\Program Files\\Common Files', 'PROCESSOR_IDENTIFIER': 'Intel64 Family 6 Model 158 Stepping 10, GenuineIntel', 'VBOX_MSI_INSTALL_PATH': 'C:\\Program Files\\Oracle\\VirtualBox\\', 'PROGRAMFILES': 'C:\\Program Files', 'PROCESSOR_REVISION': '9e0a', 'PATH': 'C:\\Panda3D-1.11.0-x64\\panda3d\\..\\bin;C:\\Program Files (x86)\\Razer\\ChromaBroadcast\\bin;C:\\Program Files\\Razer\\ChromaBroadcast\\bin;C:\\Program Files (x86)\\Common Files\\Intel\\Shared Libraries\\redist\\intel64_win\\compiler;C:\\Program Files (x86)\\Common Files\\Oracle\\Java\\javapath;C:\\Program Files (x86)\\Common Files\\Intel\\Shared Libraries\\redist\\intel64\\compiler;C:\\WINDOWS\\system32;C:\\WINDOWS;C:\\WINDOWS\\System32\\Wbem;C:\\WINDOWS\\System32\\WindowsPowerShell\\v1.0\\;C:\\WINDOWS\\System32\\OpenSSH\\;C:\\Program Files\\NVIDIA Corporation\\NVIDIA NGX;C:\\Program Files (x86)\\NVIDIA Corporation\\PhysX\\Common;C:\\Program Files\\NVIDIA Corporation\\NVIDIA NvDLISR;C:\\WINDOWS\\system32;C:\\WINDOWS;C:\\WINDOWS\\System32\\Wbem;C:\\WINDOWS\\System32\\WindowsPowerShell\\v1.0\\;C:\\WINDOWS\\System32\\OpenSSH\\;D:\\hollybae\\ffmpeg-4.1.3-win64-static\\ffmpeg-4.1.3-win64-static\\bin;C:\\Program Files\\dotnet\\;C:\\WINDOWS\\system32\\config\\systemprofile\\AppData\\Local\\Microsoft\\WindowsApps;C:\\Users\\holla\\AppData\\Local\\Microsoft\\WindowsApps;C:\\Panda3D-1.10.4.1-x64\\python;C:\\Panda3D-1.10.4.1-x64\\python\\Scripts;C:\\Panda3D-1.10.4.1-x64\\bin;C:\\Panda3D-1.11.0-x64\\python;C:\\Panda3D-1.11.0-x64\\python\\Scripts;C:\\Panda3D-1.11.0-x64\\bin', 'SYSTEMROOT': 'C:\\WINDOWS', 'MIC_LD_LIBRARY_PATH': 'C:\\Program Files (x86)\\Common Files\\Intel\\Shared Libraries\\compiler\\lib\\intel64_win_mic', 'COMSPEC': 'C:\\WINDOWS\\system32\\cmd.exe', 'DRIVERDATA': 'C:\\Windows\\System32\\Drivers\\DriverData', 'PPYTHON_PATH': '"C:\\Panda3D-1.11.0-x64\\python\\ppython.exe"', 'TEMP': 'C:\\Users\\holla\\AppData\\Local\\Temp', 'COMMONPROGRAMFILES(X86)': 'C:\\Program Files (x86)\\Common Files', 'PROCESSOR_ARCHITECTURE': 'AMD64', 'PROGRAMFILES(X86)': 'C:\\Program Files (x86)', 'ALLUSERSPROFILE': 'C:\\ProgramData', 'LOCALAPPDATA': 'C:\\Users\\holla\\AppData\\Local', 'HOMEPATH': '\\Users\\holla', 'USERDOMAIN_ROAMINGPROFILE': 'HOLLYBAES-PC', 'PROGRAMW6432': 'C:\\Program Files', 'USERNAME': 'holla', 'LOGONSERVER': '\\\\HOLLYBAES-PC', 'PROMPT': '$P$G', 'SESSIONNAME': 'Console', 'PROGRAMDATA': 'C:\\ProgramData', 'ONEDRIVE': 'C:\\Users\\holla\\OneDrive', 'PATHEXT': '.COM;.EXE;.BAT;.CMD;.VBS;.VBE;.JS;.JSE;.WSF;.WSH;.MSC', 'TTOFF_LOGIN_TOKEN': 'dev', 'WINDIR': 'C:\\WINDOWS', 'APPDATA': 'C:\\Users\\holla\\AppData\\Roaming', 'HOMEDRIVE': 'C:', 'SYSTEMDRIVE': 'C:', 'NUMBER_OF_PROCESSORS': '12', 'PROCESSOR_LEVEL': '6', 'COMMONPROGRAMW6432': 'C:\\Program Files\\Common Files', 'OS': 'Windows_NT', 'PUBLIC': 'C:\\Users\\Public', 'USERPROFILE': 'C:\\Users\\holla'}
:12-04-2019 16:51:26 TTOffLauncher: isTestServer: 0
:12-04-2019 16:51:26 TTOffLauncher: Game Server 127.0.0.1
:12-04-2019 16:51:26 TTOffLauncher: Starting Toontown Online... 
:12-04-2019 16:51:26 TTOffLauncher: foreground: Launcher now operating in foreground
useTTOffSpecificLogin=True
:12-04-2019 16:51:26 TTOffLauncher: maybeStartGame: starting game
:12-04-2019 16:51:26 TTOffLauncher: Starting Toontown Online...
:12-04-2019 16:51:26 TTOffLauncher: background: Launcher now operating in background
ToontownStart: Polling for game2 to finish...
ToontownStart: Game2 is finished.
ToontownStart: Starting the game.
ToontownStart: setting default font
:12-04-2019 16:51:27 TTOffLauncher: setting panda error code to 7
Known pipe types:
  wglGraphicsPipe
(all display modules loaded.)
:12-04-2019 16:51:27 ToonBase: Default graphics pipe is wglGraphicsPipe (OpenGL).
:12-04-2019 16:51:28 ToonBase: Successfully opened window of type wglGraphicsWindow (OpenGL)
:12-04-2019 16:51:28 ShowBase: __dev__ == False
:12-04-2019 16:51:28 TTOffLauncher: setting panda error code to 11
:12-04-2019 16:51:28 TTOffLauncher: setting panda error code to 0
ToontownStart: Loading default gui sounds
ToontownStart: serverVersion:  tto-dev
:12-04-2019 16:51:28 Loader: starting bulk load of block 'init'
:12-04-2019 16:51:34 :nativenet(error): Buffered_DatagramConnection Constructor rbufsize = 4096000 wbufsize = 4096000 write_flush_point = 1400
:12-04-2019 16:51:34 OTPClientRepository: Using connect method 'http'
:12-04-2019 16:51:39 TTOffLauncher: getRegistry ('DEPLOYMENT', None)
:12-04-2019 16:51:39 TTOffLauncher: checking env
:12-04-2019 16:51:39 TTOffLauncher: getRegistry ('GAME_DEPLOYMENT', None)
:12-04-2019 16:51:39 TTOffLauncher: checking env
:12-04-2019 16:51:39 OTPClientRepository: reg_deployment=
:12-04-2019 16:51:39 OTPClientRepository: required-login auto.
:12-04-2019 16:51:39 OTPClientRepository: loginInterface: LoginTTOffAccount
:12-04-2019 16:51:39 TTOffLauncher: getNeedPwForSecretKey using ttoff-specific-login
:12-04-2019 16:51:39 Loader: At end of block 'init', expected 138, loaded 12, duration=11.1290334
:12-04-2019 16:51:39 OTPClientRepository: Connecting to gameserver directly (no proxy).
:12-04-2019 16:51:39 OTPClientRepository: Connecting to //127.0.0.1:7198 via HTTP interface.
:12-04-2019 16:51:39 TTOffLauncher: Stopping mini task manager.
:12-04-2019 16:51:39 OTPClientRepository: Successfully connected to //127.0.0.1:7198.
:12-04-2019 16:51:39 TTOffLauncher: Setting Disconnect Details normal
{401000001: <toontown.distributed.ToontownDistrict.ToontownDistrict instance at 0x000000001D9E3608>}
:12-04-2019 16:51:40 StateData: AvatarChooser.enter
:12-04-2019 16:51:40 DisplayOptions: settingsFullScreen = False, embedded = False width=800 height=600
:12-04-2019 16:51:40 StateData: calling self.displayOptions.restrictToEmbedded(False)
:12-04-2019 16:51:43 OTPClientRepository: ================
:12-04-2019 16:51:43 OTPClientRepository: Chose avatar id: 100000014
:12-04-2019 16:51:43 OTPClientRepository: Chose avatar name: Hollybae
:12-04-2019 16:51:43 OTPClientRepository: Chose avatar dna: ('css', 'ms', 'm', 'm', 16, 0, 16, 16, 113, 27, 18, 27, 7, 21)
:12-04-2019 16:51:43 OTPClientRepository: Chose avatar position: 5
:12-04-2019 16:51:43 OTPClientRepository: isPaid: 1
:12-04-2019 16:51:43 OTPClientRepository: freeTimeLeft: 0
:12-04-2019 16:51:43 OTPClientRepository: allowSecretChat: True
:12-04-2019 16:51:43 OTPClientRepository: ================
:12-04-2019 16:51:44 Loader: starting bulk load of block 'localAvatarPlayGame'
:12-04-2019 16:51:44 ToontownTimeManager(warning): error parsing date string=
local
:12-04-2019 16:51:45 NewsPageButtonManager(warning): Should not get here. NewsPageButtonManager.exitOff
:12-04-2019 16:51:45 :pnmimage:png(warning): iCCP: known incorrect sRGB profile
:12-04-2019 16:51:48 OTPClientRepository: Entering shard 401000001
:12-04-2019 16:51:48 StreetSign: Street sign url is https://ttoffline.com/images/
:12-04-2019 16:51:48 :downloader(error): Failed to resolve ttoffline.com: No such host is known. 
:12-04-2019 16:51:48 TimeManager: Clock sync: TimeManager.announceGenerate
:12-04-2019 16:51:48 NewsManager: setHolidayId: Starting Holiday 7
:12-04-2019 16:51:48 InGameNewsMgr: latestIssue=2013-08-22 16:49:46.000003-07:00
cpu info: GenuineIntel|Intel(R) Core(TM) i7-8700K CPU @ 3.70GHz|591594|0|3.701,3.701|6,12 cpus
:12-04-2019 16:51:50 OTPClientRepository: No sync from TimeManager.
:12-04-2019 16:51:50 OTPClientRepository: gotTimeSync
:12-04-2019 16:51:50 Loader: At end of block 'localAvatarPlayGame', expected 400, loaded 19, duration=6.0089793
:12-04-2019 16:51:50 OTPClientRepository: Sending heartbeat mid-frame.
:12-04-2019 16:51:50 TimeManager: Clock sync roundtrip took 2074.070 ms
:12-04-2019 16:51:50 TimeManager: AI time delta is -0:02 from server delta
:12-04-2019 16:51:50 TimeManager: Local clock uncertainty +/- 1.037 s
:12-04-2019 16:51:50 TimeManager: Uncertainty is too high, trying again.
:12-04-2019 16:51:50 PlayGame: QA-REGRESSION: NEIGHBORHOODS: Visit Lawbot HQ
:12-04-2019 16:51:50 Loader: starting bulk load of block 'hood'
:12-04-2019 16:51:51 LawbotCogHQLoader: loadPlaceGeom: 13000
:12-04-2019 16:51:52 TimeManager: Clock sync roundtrip took 2356.326 ms
:12-04-2019 16:51:52 TimeManager: AI time delta is -0:02 from server delta
:12-04-2019 16:51:52 ClockDelta: previous delta at 1.006 s, +/- 1.038 s.
:12-04-2019 16:51:52 ClockDelta: new delta at 1.034 s, +/- 1.178 s.
:12-04-2019 16:51:52 ClockDelta: intersection at 1.006 s, +/- 1.038 s.
:12-04-2019 16:51:52 TimeManager: Local clock uncertainty +/- 1.038 s
:12-04-2019 16:51:52 TimeManager: Uncertainty is too high, trying again.
:12-04-2019 16:51:52 DistributedObject: DistributedSuitPlanner 401002972: generating
:12-04-2019 16:51:52 DistributedToon: calling LocalAvatar.startchat
:12-04-2019 16:51:52 :loader(error): Couldn't load file phase_4/models/questmap/cog_hq_lawbot_maps.bam: not found on model path (currently: "/;/d/hollybae/Aly/Toontown-School-House/toontown/launcher;/c/Panda3D-1.11.0-x64/etc/..;/c/Panda3D-1.11.0-x64/etc/../models")
:12-04-2019 16:51:52 Loader: At end of block 'hood', expected 2, loaded 12, duration=2.5414212
:12-04-2019 16:51:52 TimeManager: Clock sync roundtrip took 183.858 ms
:12-04-2019 16:51:52 TimeManager: AI time delta is -0:00 from server delta
:12-04-2019 16:51:52 ClockDelta: previous delta at 1.006 s, +/- 1.038 s.
:12-04-2019 16:51:52 ClockDelta: new delta at 0.056 s, +/- 0.092 s.
:12-04-2019 16:51:52 ClockDelta: intersection at 0.058 s, +/- 0.090 s.
:12-04-2019 16:51:52 TimeManager: Local clock uncertainty +/- 0.090 s
:12-04-2019 16:51:54 Teleport(debug): teleportInDone: walk
:12-04-2019 16:51:54 :loader(error): Couldn't load file phase_4/models/questmap/cog_hq_lawbot_maps.bam: not found on model path (currently: "/;/d/hollybae/Aly/Toontown-School-House/toontown/launcher;/c/Panda3D-1.11.0-x64/etc/..;/c/Panda3D-1.11.0-x64/etc/../models")
:12-04-2019 16:51:58 ToontownChatManager: QA-REGRESSION: CHAT: Speedchat
:12-04-2019 16:52:05 ToontownChatManager: QA-REGRESSION: CHAT: Speedchat
:12-04-2019 16:52:09 ToontownChatManager: QA-REGRESSION: CHAT: Speedchat
:12-04-2019 16:52:12 ToontownChatManager: QA-REGRESSION: CHAT: Speedchat
:12-04-2019 16:52:21 TTOffMagicWordManager: Run mode has been toggled.
:12-04-2019 16:52:21 LawbotCogHQLoader: loadPlaceGeom: 13100
:12-04-2019 16:52:21 LawbotCogHQLoader: QA-REGRESSION: COGHQ: Visit LawbotLobby
:12-04-2019 16:52:22 LawbotHQExterior: Unloading Place (13000). Fsm in final
:12-04-2019 16:52:22 DistributedObject: DistributedSuitPlanner 401002972: disabling
:12-04-2019 16:52:22 DistributedToon: calling LocalAvatar.startchat
:12-04-2019 16:52:22 :loader(error): Couldn't load file phase_4/models/questmap/cog_hq_lawbot_maps.bam: not found on model path (currently: "/;/d/hollybae/Aly/Toontown-School-House/toontown/launcher;/c/Panda3D-1.11.0-x64/etc/..;/c/Panda3D-1.11.0-x64/etc/../models")
:12-04-2019 16:52:23 :loader(error): Couldn't load file phase_4/models/questmap/cog_hq_lawbot_maps.bam: not found on model path (currently: "/;/d/hollybae/Aly/Toontown-School-House/toontown/launcher;/c/Panda3D-1.11.0-x64/etc/..;/c/Panda3D-1.11.0-x64/etc/../models")
:12-04-2019 16:52:34 TTOffMagicWordManager: Gave Hollybae an infinite amount of pies
:12-04-2019 16:52:36 LawbotCogHQLoader: loadPlaceGeom: 61000
:12-04-2019 16:52:36 LawbotCogHQLoader(warning): loadPlaceGeom: unclassified zone 61000
:12-04-2019 16:52:36 CogHQLobby: Unloading Place (13100). Fsm in final
:12-04-2019 16:52:36 DistributedLawbotBoss(warning): Not a collision node: LawbotCourtroom3.egg/-PandaNode/CR3/interior/CR3_Floor
:12-04-2019 16:52:37 DistributedToon: calling LocalAvatar.startchat
:12-04-2019 16:52:37 LawbotHQBossBattle(warning): fsm.request('movie') returned 0 (zone id 61000, avatar pos LPoint3f(-0.363562, -126.204, 0.193903)).
:12-04-2019 16:52:40 TTOffMagicWordManager: Restarting Scale Round
:12-04-2019 16:52:42 TTOffMagicWordManager: Ta-da!
:12-04-2019 16:52:43 LawbotHQBossBattle(warning): fsm.request('finalBattle') returned 0 (zone id 61000, avatar pos LPoint3f(-3, 0, 0)).
:12-04-2019 16:52:43 TTOffMagicWordManager: Restarting Scale Round
:12-04-2019 16:52:58 TTOffMagicWordManager: Run mode has been toggled.
:12-04-2019 16:53:02 TTOffMagicWordManager: Presto!
:12-04-2019 16:55:52 :linmath(warning): Tried to invert singular LMatrix3.
:12-04-2019 16:55:56 LawbotHQBossBattle(warning): fsm.request('finalBattle') returned 0 (zone id 61000, avatar pos LPoint3f(-58.744, 14.9187, 5.37864e-06)).
:12-04-2019 16:55:56 TTOffMagicWordManager: Restarting Scale Round
:12-04-2019 16:56:29 GarbageCollect(warning): garbage found, reverting gc threshold
frame rate: 233.6 fps|0.001d|13 avs||319|321||0x0000|0x0000|988.4MB|1160.7MB|16235.6MB|390|nt.2.6.2|3.701,3.701|6,12 cpus|OpenGL
:12-04-2019 17:00:51 TTOffMagicWordManager: Ta-da!
frame rate: 252.5 fps|0.001d|13 avs||619|621||0x0000|0x0000|1299.9MB|1476.1MB|16235.6MB|486|nt.2.6.2|3.701,3.701|6,12 cpus|OpenGL
frame rate: 211.8 fps|0.001d|13 avs||919|921||0x0000|0x0000|1630.5MB|1807.6MB|16235.6MB|571|nt.2.6.2|3.701,3.701|6,12 cpus|OpenGL
frame rate: 208.1 fps|0.001d|13 avs||1219|1221||0x0000|0x0000|1969.5MB|2147.3MB|16235.6MB|689|nt.2.6.2|3.701,3.701|6,12 cpus|OpenGL
frame rate: 220.2 fps|0.001d|13 avs||1519|1521||0x0000|0x0000|2323.0MB|2501.6MB|16235.6MB|803|nt.2.6.2|3.701,3.701|6,12 cpus|OpenGL
:12-04-2019 17:21:48 TimeManager: Clock sync: timer
frame rate: 281.9 fps|0.000d|13 avs||1819|1821||0x0000|0x0000|2657.0MB|2836.0MB|16235.6MB|905|nt.2.6.2|3.701,3.701|6,12 cpus|OpenGL
:12-04-2019 17:21:48 TimeManager: Clock sync roundtrip took 23.504 ms
:12-04-2019 17:21:48 TimeManager: AI time delta is -0:00 from server delta
:12-04-2019 17:21:48 ClockDelta: previous delta at 0.058 s, +/- 0.589 s.
:12-04-2019 17:21:48 ClockDelta: new delta at -0.015 s, +/- 0.012 s.
:12-04-2019 17:21:48 ClockDelta: intersection at -0.015 s, +/- 0.012 s.
:12-04-2019 17:21:48 TimeManager: Local clock uncertainty +/- 0.012 s
frame rate: 209.8 fps|0.001d|13 avs||2119|2121||0x0000|0x0000|3024.8MB|3204.6MB|16235.6MB|1016|nt.2.6.2|3.701,3.701|6,12 cpus|OpenGL
frame rate: 209.5 fps|0.001d|13 avs||2419|2421||0x0000|0x0000|2735.2MB|3576.1MB|16235.6MB|1128|nt.2.6.2|3.701,3.701|6,12 cpus|OpenGL
frame rate: 213.6 fps|0.001d|13 avs||2719|2721||0x0000|0x0000|3111.2MB|3951.6MB|16235.6MB|1241|nt.2.6.2|3.701,3.701|6,12 cpus|OpenGL
adding timeout task
adding timeout task
frame rate: 204.7 fps|0.010d|13 avs||3019|3022||0x0000|0x0000|3411.2MB|4250.7MB|16235.6MB|1336|nt.2.6.2|3.701,3.701|6,12 cpus|OpenGL
frame rate: 9.7 fps|0.000d|13 avs||3319|3322||0x0000|0x0000|80.6MB|4263.4MB|16235.6MB|1339|nt.2.6.2|3.701,3.701|6,12 cpus|OpenGL
:12-04-2019 17:51:48 TimeManager: Clock sync: timer
:12-04-2019 17:51:48 TimeManager: Clock sync roundtrip took 7.708 ms
:12-04-2019 17:51:48 TimeManager: AI time delta is -0:00 from server delta
:12-04-2019 17:51:48 ClockDelta: previous delta at -0.015 s, +/- 0.512 s.
:12-04-2019 17:51:48 ClockDelta: new delta at -0.000 s, +/- 0.004 s.
:12-04-2019 17:51:48 ClockDelta: intersection at -0.000 s, +/- 0.004 s.
:12-04-2019 17:51:48 TimeManager: Local clock uncertainty +/- 0.004 s
frame rate: 220.2 fps|0.001d|13 avs||3619|3621||0x0000|0x0000|338.2MB|4477.2MB|16235.6MB|1433|nt.2.6.2|3.701,3.701|6,12 cpus|OpenGL
frame rate: 277.3 fps|0.000d|13 avs||3919|3921||0x0000|0x0000|690.1MB|4828.5MB|16235.6MB|1639|nt.2.6.2|3.701,3.701|6,12 cpus|OpenGL
adding timeout task
adding timeout task
frame rate: 285.8 fps|0.000d|13 avs||4219|4221||0x0000|0x0000|1001.4MB|5137.5MB|16235.6MB|1741|nt.2.6.2|3.701,3.701|6,12 cpus|OpenGL
frame rate: 250.8 fps|0.000d|13 avs||4519|4522||0x0000|0x0000|1328.5MB|5464.2MB|16235.6MB|1846|nt.2.6.2|3.701,3.701|6,12 cpus|OpenGL
frame rate: 208.0 fps|0.001d|13 avs||4819|4822||0x0000|0x0000|1704.1MB|5837.1MB|16235.6MB|1984|nt.2.6.2|3.701,3.701|6,12 cpus|OpenGL
frame rate: 245.8 fps|0.001d|13 avs||5119|5122||0x0000|0x0000|2081.3MB|6211.3MB|16235.6MB|2101|nt.2.6.2|3.701,3.701|6,12 cpus|OpenGL
:12-04-2019 18:21:48 TimeManager: Clock sync: timer
:12-04-2019 18:21:48 TimeManager: Clock sync roundtrip took 20.054 ms
:12-04-2019 18:21:48 TimeManager: AI time delta is -0:00 from server delta
:12-04-2019 18:21:48 ClockDelta: previous delta at -0.000 s, +/- 0.504 s.
:12-04-2019 18:21:48 ClockDelta: new delta at -0.013 s, +/- 0.010 s.
:12-04-2019 18:21:48 ClockDelta: intersection at -0.013 s, +/- 0.010 s.
:12-04-2019 18:21:48 TimeManager: Local clock uncertainty +/- 0.010 s
frame rate: 197.3 fps|0.001d|13 avs||5419|5422||0x0000|0x0000|2282.5MB|6605.2MB|16235.6MB|2222|nt.2.6.2|3.701,3.701|6,12 cpus|OpenGL
frame rate: 9.8 fps|0.001d|13 avs||5720|5722||0x0000|0x0000|2168.4MB|6632.9MB|16235.6MB|2240|nt.2.6.2|3.701,3.701|6,12 cpus|OpenGL
frame rate: 270.8 fps|0.000d|13 avs||6019|6022||0x0000|0x0000|2664.7MB|6980.0MB|16235.6MB|2426|nt.2.6.2|3.701,3.701|6,12 cpus|OpenGL
frame rate: 250.1 fps|0.001d|13 avs||6319|6322||0x0000|0x0000|2594.2MB|7340.8MB|16235.6MB|2539|nt.2.6.2|3.701,3.701|6,12 cpus|OpenGL
:12-04-2019 18:38:45 ToonBase: User closed main window.
:12-04-2019 18:38:45 TimeManager: Client disconnect reason 2.
:12-04-2019 18:38:45 LawbotHQBossBattle: Unloading Place (61000). Fsm in final
:12-04-2019 18:38:46 OTPClientRepository(warning): unclean exit, abandoning shard
ignoring InputState-forward
:12-04-2019 18:38:46 OTPClientRepository: sending clientLogout
:12-04-2019 18:38:47 LocalAvatar(warning): redundant call to stopUpdateSmartCamera
:12-04-2019 18:38:47 OTPClientRepository: Sent disconnect message to server
:12-04-2019 18:38:47 OTPClientRepository: Closing connection to server.
:12-04-2019 18:38:47 OTPClientRepository: Exiting cleanly
:12-04-2019 18:38:47 ToonBase: Exiting Toontown: errorCode = None
:12-04-2019 18:38:47 TTOffLauncher: setting panda error code to 0
:12-04-2019 18:38:47 TTOffLauncher: Normal exit.
