

Starting Toontown Online...
Current time: Thu Dec 17 08:59:30 2020 Eastern Standard Time
sys.path =  ['', 'C:\\Panda3D-1.11.0-x64\\python\\python27.zip', 'C:\\Panda3D-1.11.0-x64', 'C:\\Panda3D-1.11.0-x64\\python\\DLLs', 'C:\\Panda3D-1.11.0-x64\\python\\lib', 'C:\\Panda3D-1.11.0-x64\\python\\lib\\plat-win', 'C:\\Panda3D-1.11.0-x64\\python\\lib\\lib-tk', 'C:\\Panda3D-1.11.0-x64\\python', 'C:\\Panda3D-1.11.0-x64\\bin', 'C:\\Panda3D-1.11.0-x64\\python\\lib\\site-packages']
sys.argv =  ['C:\\ToontownAnimationMaker\\Bumpys-ToontownOnline\\toontown\\launcher\\TTOffQuickStartLauncher.py']
generating standard configrc
os.environ =  {'TMP': 'C:\\Users\\Philip\\AppData\\Local\\Temp', 'COMPUTERNAME': 'PHILIP-JR', 'USERDOMAIN': 'PHILIP-JR', 'PSMODULEPATH': 'C:\\WINDOWS\\system32\\WindowsPowerShell\\v1.0\\Modules\\', 'COMMONPROGRAMFILES': 'C:\\Program Files\\Common Files', 'ADSK_3DSMAX_X64_2021': 'C:\\Program Files\\Autodesk\\3ds Max 2021\\', 'PROCESSOR_IDENTIFIER': 'Intel64 Family 6 Model 45 Stepping 7, GenuineIntel', 'PROGRAMFILES': 'C:\\Program Files', 'PROCESSOR_REVISION': '2d07', 'SYSTEMROOT': 'C:\\WINDOWS', 'PATH': 'C:\\Panda3D-1.11.0-x64\\panda3d\\..\\bin;C:\\Windows\\system32;C:\\Windows;C:\\Windows\\System32\\Wbem;C:\\Windows\\System32\\WindowsPowerShell\\v1.0\\;C:\\Program Files (x86)\\NVIDIA Corporation\\PhysX\\Common;C:\\Program Files\\Git\\cmd;C:\\WINDOWS\\system32;C:\\WINDOWS;C:\\WINDOWS\\System32\\Wbem;C:\\WINDOWS\\System32\\WindowsPowerShell\\v1.0\\;C:\\Program Files (x86)\\Windows Kits\\10\\Windows Performance Toolkit\\;C:\\Program Files\\dotnet\\;C:\\Program Files\\Common Files\\Autodesk Shared\\;C:\\Program Files\\Microsoft SQL Server\\120\\Tools\\Binn\\;C:\\Panda3D-1.10.02\\python;C:\\Panda3D-1.10.02\\python\\Scripts;C:\\Panda3D-1.10.02\\bin;C:\\Panda3D-1.11.0-x64-py2\\python;C:\\Panda3D-1.11.0-x64-py2\\python\\Scripts;C:\\Panda3D-1.11.0-x64-py2\\bin;C:\\Users\\Philip\\AppData\\Local\\GitHubDesktop\\bin;C:\\Panda3D-1.9.0\\python;C:\\Panda3D-1.9.0\\python\\Scripts;C:\\Panda3D-1.9.0\\bin;C:\\Panda3D-1.10.0-x64\\python;C:\\Panda3D-1.10.0-x64\\python\\Scripts;C:\\Panda3D-1.10.0-x64\\bin;C:\\Users\\Philip\\AppData\\Local\\atom\\bin;C:\\Panda3D-1.10.0\\python;C:\\Panda3D-1.10.0\\python\\Scripts;C:\\Panda3D-1.10.0\\bin;C:\\Panda3D-1.11.0-x64\\python;C:\\Panda3D-1.11.0-x64\\python\\Scripts;C:\\Panda3D-1.11.0-x64\\bin', 'PROGRAMFILES(X86)': 'C:\\Program Files (x86)', 'COMSPEC': 'C:\\WINDOWS\\system32\\cmd.exe', 'KMP_BLOCKTIME': '0', 'PPYTHON_PATH': '"C:\\Panda3D-1.11.0-x64\\python\\ppython.exe"', 'TEMP': 'C:\\Users\\Philip\\AppData\\Local\\Temp', 'COMMONPROGRAMFILES(X86)': 'C:\\Program Files (x86)\\Common Files', 'PROCESSOR_ARCHITECTURE': 'AMD64', 'ALLUSERSPROFILE': 'C:\\ProgramData', 'LOCALAPPDATA': 'C:\\Users\\Philip\\AppData\\Local', 'HOMEPATH': '\\Users\\Philip', 'USERDOMAIN_ROAMINGPROFILE': 'PHILIP-JR', 'PROGRAMW6432': 'C:\\Program Files', 'USERNAME': 'Philip', 'LOGONSERVER': '\\\\MicrosoftAccount', 'PROMPT': '$P$G', 'SESSIONNAME': 'Console', 'PROGRAMDATA': 'C:\\ProgramData', 'PATHEXT': '.COM;.EXE;.BAT;.CMD;.VBS;.VBE;.JS;.JSE;.WSF;.WSH;.MSC', 'TTOFF_LOGIN_TOKEN': 'dev', 'FP_NO_HOST_CHECK': 'NO', 'WINDIR': 'C:\\WINDOWS', 'OMP_WAIT_POLICY': 'PASSIVE', 'APPDATA': 'C:\\Users\\Philip\\AppData\\Roaming', 'HOMEDRIVE': 'C:', 'SYSTEMDRIVE': 'C:', 'NUMBER_OF_PROCESSORS': '8', 'PROCESSOR_LEVEL': '6', 'CIOENGINE': 'C:\\cio-panda3d', 'COMMONPROGRAMW6432': 'C:\\Program Files\\Common Files', 'OS': 'Windows_NT', 'PUBLIC': 'C:\\Users\\Public', 'USERPROFILE': 'C:\\Users\\Philip'}
:12-17-2020 08:59:30 TTOffLauncher: isTestServer: 0
:12-17-2020 08:59:30 TTOffLauncher: Game Server 127.0.0.1
:12-17-2020 08:59:30 TTOffLauncher: Starting Toontown Online... 
:12-17-2020 08:59:30 TTOffLauncher: foreground: Launcher now operating in foreground
useTTOffSpecificLogin=True
:12-17-2020 08:59:30 TTOffLauncher: maybeStartGame: starting game
:12-17-2020 08:59:30 TTOffLauncher: Starting Toontown Online...
:12-17-2020 08:59:30 TTOffLauncher: background: Launcher now operating in background
ToontownStart: Polling for game2 to finish...
ToontownStart: Game2 is finished.
ToontownStart: Starting the game.
ToontownStart: setting default font
:12-17-2020 08:59:30 TTOffLauncher: setting panda error code to 7
Known pipe types:
  wglGraphicsPipe
(all display modules loaded.)
:12-17-2020 08:59:30 ToonBase: Default graphics pipe is wglGraphicsPipe (OpenGL).
:12-17-2020 08:59:31 ToonBase: Successfully opened window of type wglGraphicsWindow (OpenGL)
:12-17-2020 08:59:31 ShowBase: __dev__ == False
:12-17-2020 08:59:31 TTOffLauncher: setting panda error code to 11
:12-17-2020 08:59:31 TTOffLauncher: setting panda error code to 0
ToontownStart: Loading default gui sounds
ToontownStart: serverVersion:  tto-dev
:12-17-2020 08:59:31 Loader: starting bulk load of block 'init'
:12-17-2020 08:59:32 :nativenet(error): Buffered_DatagramConnection Constructor rbufsize = 4096000 wbufsize = 4096000 write_flush_point = 1400
:12-17-2020 08:59:32 OTPClientRepository: Using connect method 'http'
:12-17-2020 08:59:32 TTOffLauncher: getRegistry ('DEPLOYMENT', None)
:12-17-2020 08:59:32 TTOffLauncher: checking env
:12-17-2020 08:59:32 TTOffLauncher: getRegistry ('GAME_DEPLOYMENT', None)
:12-17-2020 08:59:32 TTOffLauncher: checking env
:12-17-2020 08:59:32 OTPClientRepository: reg_deployment=
:12-17-2020 08:59:32 OTPClientRepository: required-login auto.
:12-17-2020 08:59:32 OTPClientRepository: loginInterface: LoginTTOffAccount
:12-17-2020 08:59:32 TTOffLauncher: getNeedPwForSecretKey using ttoff-specific-login
:12-17-2020 08:59:32 Loader: At end of block 'init', expected 138, loaded 7, duration=1.64701799737
:12-17-2020 08:59:32 OTPClientRepository: Connecting to gameserver directly (no proxy).
:12-17-2020 08:59:32 OTPClientRepository: Connecting to //127.0.0.1:7198 via HTTP interface.
:12-17-2020 08:59:32 TTOffLauncher: Stopping mini task manager.
:12-17-2020 08:59:32 OTPClientRepository: Successfully connected to //127.0.0.1:7198.
:12-17-2020 08:59:32 TTOffLauncher: Setting Disconnect Details normal
{401000001: <toontown.distributed.ToontownDistrict.ToontownDistrict instance at 0x0000000003C23908>}
:12-17-2020 08:59:34 StateData: AvatarChooser.enter
:12-17-2020 08:59:34 DisplayOptions: settingsFullScreen = False, embedded = False width=800 height=600
:12-17-2020 08:59:34 StateData: calling self.displayOptions.restrictToEmbedded(False)
:12-17-2020 08:59:38 OTPClientRepository: ================
:12-17-2020 08:59:38 OTPClientRepository: Chose avatar id: 100000006
:12-17-2020 08:59:38 OTPClientRepository: Chose avatar name: Relentless
:12-17-2020 08:59:38 OTPClientRepository: Chose avatar dna: ('css', 'ms', 'm', 'm', 26, 0, 26, 26, 86, 27, 75, 27, 50, 27)
:12-17-2020 08:59:38 OTPClientRepository: Chose avatar position: 4
:12-17-2020 08:59:38 OTPClientRepository: isPaid: 1
:12-17-2020 08:59:38 OTPClientRepository: freeTimeLeft: 0
:12-17-2020 08:59:38 OTPClientRepository: allowSecretChat: True
:12-17-2020 08:59:38 OTPClientRepository: ================
:12-17-2020 08:59:38 Loader: starting bulk load of block 'localAvatarPlayGame'
:12-17-2020 08:59:38 ToontownTimeManager(warning): error parsing date string=
local
:12-17-2020 08:59:39 NewsPageButtonManager(warning): Should not get here. NewsPageButtonManager.exitOff
:12-17-2020 08:59:39 :pnmimage:png(warning): iCCP: known incorrect sRGB profile
:12-17-2020 08:59:41 OTPClientRepository: Entering shard 401000001
:12-17-2020 08:59:41 StreetSign: Street sign url is https://ttoffline.com/images/
:12-17-2020 08:59:42 StreetSign: Street Sign is up to date
:12-17-2020 08:59:42 TimeManager: Clock sync: TimeManager.announceGenerate
:12-17-2020 08:59:42 InGameNewsMgr: latestIssue=2013-08-22 16:49:46.000003-07:00
cpu info: GenuineIntel|        Intel(R) Core(TM) i7-3820 CPU @ 3.60GHz|132823|0|3.601,3.601|4,8 cpus
:12-17-2020 08:59:44 OTPClientRepository: No sync from TimeManager.
:12-17-2020 08:59:44 OTPClientRepository: gotTimeSync
:12-17-2020 08:59:44 Loader: At end of block 'localAvatarPlayGame', expected 400, loaded 15, duration=5.83902914532
:12-17-2020 08:59:44 OTPClientRepository: Sending heartbeat mid-frame.
:12-17-2020 08:59:44 TimeManager: Clock sync roundtrip took 1207.021 ms
:12-17-2020 08:59:44 TimeManager: AI time delta is -0:02 from server delta
:12-17-2020 08:59:44 TimeManager: Local clock uncertainty +/- 0.604 s
:12-17-2020 08:59:44 PlayGame: QA-REGRESSION: NEIGHBORHOODS: Visit Toontown Central
:12-17-2020 08:59:44 Loader: starting bulk load of block 'hood'
:12-17-2020 08:59:45 DistributedObject(warning): no loader.getInteractiveProp self.interactiveProp is None
:12-17-2020 08:59:45 DistributedObject(warning): no loader.getInteractiveProp self.interactiveProp is None
:12-17-2020 08:59:45 DistributedObject(warning): no loader.getInteractiveProp self.interactiveProp is None
:12-17-2020 08:59:45 DistributedObject(warning): no loader.getInteractiveProp self.interactiveProp is None
:12-17-2020 08:59:45 DistributedObject(warning): no loader.getInteractiveProp self.interactiveProp is None
:12-17-2020 08:59:45 DistributedToon: calling LocalAvatar.startchat
:12-17-2020 08:59:45 Loader: At end of block 'hood', expected 8, loaded 8, duration=1.63928195962
:12-17-2020 08:59:47 Teleport(debug): teleportInDone: walk
adding timeout task
adding timeout task
:12-17-2020 09:04:31 GarbageCollect(warning): garbage found, reverting gc threshold
frame rate: 128.3 fps|0.002d|4 avs||310|310||0x0000|0x0000|663.5MB|650.0MB|16302.1MB|464|nt.2.6.2|3.601,3.601|4,8 cpus|OpenGL
:12-17-2020 09:06:48 ShtikerBook: QA-REGRESSION: SHTICKERBOOK: Open
OnscreenText.configure: mayChange == 0
OnscreenText.configure: mayChange == 0
OnscreenText.configure: mayChange == 0
OnscreenText.configure: mayChange == 0
:12-17-2020 09:06:53 ShtikerBook: QA-REGRESSION: SHTICKERBOOK: Close
:12-17-2020 09:06:59 Playground: Unloading Place (2000). Fsm in final
:12-17-2020 09:06:59 PlayGame: QA-REGRESSION: NEIGHBORHOODS: Visit Sellbot HQ
:12-17-2020 09:06:59 Loader: starting bulk load of block 'hood'
:12-17-2020 09:06:59 SellbotCogHQLoader: loadPlaceGeom: 11000
:12-17-2020 09:06:59 DistributedObject: DistributedSuitPlanner 401002950: generating
:12-17-2020 09:06:59 Actor(warning): phase_5/models/cogdominium/tt_namedropper_cabnit_zero.bam is not a character!
:12-17-2020 09:06:59 DistributedToon: calling LocalAvatar.startchat
:12-17-2020 09:06:59 :loader(error): Couldn't load file phase_4/models/questmap/cog_hq_sellbot_maps.bam: not found on model path (currently: "/;/c/ToontownAnimationMaker/Bumpys-ToontownOnline/toontown/launcher;/c/Panda3D-1.11.0-x64/etc/..;/c/Panda3D-1.11.0-x64/etc/../models")
:12-17-2020 09:06:59 Loader: At end of block 'hood', expected 43, loaded 2, duration=0.605574145586
:12-17-2020 09:07:01 Teleport(debug): teleportInDone: walk
:12-17-2020 09:07:01 :loader(error): Couldn't load file phase_4/models/questmap/cog_hq_sellbot_maps.bam: not found on model path (currently: "/;/c/ToontownAnimationMaker/Bumpys-ToontownOnline/toontown/launcher;/c/Panda3D-1.11.0-x64/etc/..;/c/Panda3D-1.11.0-x64/etc/../models")
Current position= (65.990,  -104.796,  0.287), H: 149.201, Zone: 11000,, Ver: tto-dev, , District: Toon Valley
:12-17-2020 09:07:18 ClassicFSM(warning): [DistributedSuit]: no transition exists from Walk to FromCogHQ
:12-17-2020 09:07:32 ClassicFSM(warning): [DistributedSuit]: no transition exists from Walk to FromCogHQ
Hi! here you go!
:12-17-2020 09:07:42 SellbotHQExterior: QA-REGRESSION: COGBATTLE: Enter Battle
Battle Event localtoon-battle-event-3
:12-17-2020 09:08:04 :loader(error): Couldn't load file phase_4/models/questmap/cog_hq_sellbot_maps.bam: not found on model path (currently: "/;/c/ToontownAnimationMaker/Bumpys-ToontownOnline/toontown/launcher;/c/Panda3D-1.11.0-x64/etc/..;/c/Panda3D-1.11.0-x64/etc/../models")
:12-17-2020 09:08:10 ClassicFSM(warning): [DistributedSuit]: no transition exists from Walk to FromCogHQ
:12-17-2020 09:08:21 ClassicFSM(warning): [DistributedSuit]: no transition exists from Walk to FromCogHQ
:12-17-2020 09:08:24 ClassicFSM(warning): [DistributedSuit]: no transition exists from Walk to FromCogHQ
:12-17-2020 09:08:36 ClassicFSM(warning): [DistributedSuit]: no transition exists from Walk to FromCogHQ
Hi! here you go!
Hi! here you go!
Hi! here you go!
Hi! here you go!
Hi! here you go!
:12-17-2020 09:08:46 ClassicFSM(warning): [DistributedSuit]: no transition exists from Walk to FromCogHQ
Hi! here you go!
Hi! here you go!
Hi! here you go!
:12-17-2020 09:09:02 ClassicFSM(warning): [DistributedSuit]: no transition exists from Walk to FromCogHQ
:12-17-2020 09:09:14 ClassicFSM(warning): [DistributedSuit]: no transition exists from Walk to FromCogHQ
:12-17-2020 09:09:21 ClassicFSM(warning): [DistributedSuit]: no transition exists from Walk to FromCogHQ
:12-17-2020 09:09:37 ClassicFSM(warning): [DistributedSuit]: no transition exists from Walk to FromCogHQ
frame rate: 125.5 fps|0.001d|9 avs||610|610||0x0000|0x0000|739.8MB|726.1MB|16302.1MB|505|nt.2.6.2|3.601,3.601|4,8 cpus|OpenGL
:12-17-2020 09:09:51 ClassicFSM(warning): [DistributedSuit]: no transition exists from Walk to FromCogHQ
:12-17-2020 09:10:02 ClassicFSM(warning): [DistributedSuit]: no transition exists from Walk to FromCogHQ
:12-17-2020 09:10:25 ClassicFSM(warning): [DistributedSuit]: no transition exists from Walk to FromCogHQ
:12-17-2020 09:10:58 ClassicFSM(warning): [DistributedSuit]: no transition exists from Walk to FromCogHQ
:12-17-2020 09:11:01 ClassicFSM(warning): [DistributedSuit]: no transition exists from Walk to FromCogHQ
:12-17-2020 09:11:10 ClassicFSM(warning): [DistributedSuit]: no transition exists from Walk to FromCogHQ
:12-17-2020 09:11:25 ClassicFSM(warning): [DistributedSuit]: no transition exists from Walk to FromCogHQ
:12-17-2020 09:11:55 ClassicFSM(warning): [DistributedSuit]: no transition exists from Walk to FromCogHQ
:12-17-2020 09:12:23 ClassicFSM(warning): [DistributedSuit]: no transition exists from Walk to FromCogHQ
:12-17-2020 09:12:24 OTPClientRepository: Sending heartbeat mid-frame.
:12-17-2020 09:12:52 ClassicFSM(warning): [DistributedSuit]: no transition exists from Walk to FromCogHQ
:12-17-2020 09:13:08 ClassicFSM(warning): [DistributedSuit]: no transition exists from Walk to FromCogHQ
:12-17-2020 09:13:22 ClassicFSM(warning): [DistributedSuit]: no transition exists from Walk to FromCogHQ
:12-17-2020 09:13:38 ClassicFSM(warning): [DistributedSuit]: no transition exists from Walk to FromCogHQ
:12-17-2020 09:13:44 ClassicFSM(warning): [DistributedSuit]: no transition exists from Walk to FromCogHQ
:12-17-2020 09:13:45 OTPClientRepository: Sending heartbeat mid-frame.
:12-17-2020 09:13:50 ClassicFSM(warning): [DistributedSuit]: no transition exists from Walk to FromCogHQ
:12-17-2020 09:14:35 ClassicFSM(warning): [DistributedSuit]: no transition exists from Walk to FromCogHQ
frame rate: 125.0 fps|0.001d|8 avs||910|910||0x0000|0x0000|782.8MB|769.5MB|16302.1MB|516|nt.2.6.2|3.601,3.601|4,8 cpus|OpenGL
:12-17-2020 09:15:27 ClassicFSM(warning): [DistributedSuit]: no transition exists from Walk to FromCogHQ
:12-17-2020 09:15:38 ClassicFSM(warning): [DistributedSuit]: no transition exists from Walk to FromCogHQ
:12-17-2020 09:16:06 ClassicFSM(warning): [DistributedSuit]: no transition exists from Walk to FromCogHQ
:12-17-2020 09:16:12 ClassicFSM(warning): [DistributedSuit]: no transition exists from Walk to FromCogHQ
:12-17-2020 09:16:48 ClassicFSM(warning): [DistributedSuit]: no transition exists from Walk to FromCogHQ
:12-17-2020 09:16:54 ClassicFSM(warning): [DistributedSuit]: no transition exists from Walk to FromCogHQ
:12-17-2020 09:17:26 ClassicFSM(warning): [DistributedSuit]: no transition exists from Walk to FromCogHQ
:12-17-2020 09:17:50 ClassicFSM(warning): [DistributedSuit]: no transition exists from Walk to FromCogHQ
:12-17-2020 09:18:15 ClassicFSM(warning): [DistributedSuit]: no transition exists from Walk to FromCogHQ
:12-17-2020 09:18:42 ClassicFSM(warning): [DistributedSuit]: no transition exists from Walk to FromCogHQ
:12-17-2020 09:19:32 ClassicFSM(warning): [DistributedSuit]: no transition exists from Walk to FromCogHQ
:12-17-2020 09:19:36 ClassicFSM(warning): [DistributedSuit]: no transition exists from Walk to FromCogHQ
frame rate: 114.4 fps|0.002d|8 avs||1210|1210||0x0000|0x0000|822.8MB|809.7MB|16302.1MB|527|nt.2.6.2|3.601,3.601|4,8 cpus|OpenGL
:12-17-2020 09:20:05 ClassicFSM(warning): [DistributedSuit]: no transition exists from Walk to FromCogHQ
:12-17-2020 09:20:09 ClassicFSM(warning): [DistributedSuit]: no transition exists from Walk to FromCogHQ
:12-17-2020 09:21:03 ClassicFSM(warning): [DistributedSuit]: no transition exists from Walk to FromCogHQ
:12-17-2020 09:21:59 ClassicFSM(warning): [DistributedSuit]: no transition exists from Walk to FromCogHQ
:12-17-2020 09:22:22 ClassicFSM(warning): [DistributedSuit]: no transition exists from Walk to FromCogHQ
:12-17-2020 09:22:35 ClassicFSM(warning): [DistributedSuit]: no transition exists from Walk to FromCogHQ
:12-17-2020 09:22:55 ClassicFSM(warning): [DistributedSuit]: no transition exists from Walk to FromCogHQ
:12-17-2020 09:23:17 ClassicFSM(warning): [DistributedSuit]: no transition exists from Walk to FromCogHQ
:12-17-2020 09:23:23 ToonBase: User closed main window.
:12-17-2020 09:23:23 TimeManager: Client disconnect reason 2.
:12-17-2020 09:23:23 DistributedObject: DistributedSuitPlanner 401002950: disabling
:12-17-2020 09:23:23 SellbotHQExterior: Unloading Place (11009). Fsm in final
:12-17-2020 09:23:23 OTPClientRepository(warning): unclean exit, abandoning shard
ignoring InputState-forward
:12-17-2020 09:23:23 OTPClientRepository: sending clientLogout
:12-17-2020 09:23:24 LocalAvatar(warning): redundant call to stopUpdateSmartCamera
:12-17-2020 09:23:24 OTPClientRepository: Sent disconnect message to server
:12-17-2020 09:23:24 OTPClientRepository: Closing connection to server.
:12-17-2020 09:23:24 OTPClientRepository: Exiting cleanly
:12-17-2020 09:23:24 ToonBase: Exiting Toontown: errorCode = None
:12-17-2020 09:23:24 TTOffLauncher: setting panda error code to 0
:12-17-2020 09:23:24 TTOffLauncher: Normal exit.
