

Starting Toontown Online...
Current time: Wed Sep 30 18:25:51 2020 Eastern Standard Time
sys.path =  ['', 'C:\\Panda3D-1.11.0-x64\\python\\python27.zip', 'C:\\Panda3D-1.11.0-x64', 'C:\\Panda3D-1.11.0-x64\\python\\DLLs', 'C:\\Panda3D-1.11.0-x64\\python\\lib', 'C:\\Panda3D-1.11.0-x64\\python\\lib\\plat-win', 'C:\\Panda3D-1.11.0-x64\\python\\lib\\lib-tk', 'C:\\Panda3D-1.11.0-x64\\python', 'C:\\Panda3D-1.11.0-x64\\bin', 'C:\\Panda3D-1.11.0-x64\\python\\lib\\site-packages']
sys.argv =  ['D:\\hollybae\\Aly\\Toontown-School-House\\toontown\\launcher\\TTOffQuickStartLauncher.py']
generating standard configrc
os.environ =  {'TMP': 'C:\\Users\\holla\\AppData\\Local\\Temp', 'ONEDRIVECONSUMER': 'C:\\Users\\holla\\OneDrive', 'COMPUTERNAME': 'HOLLYBAES-PC', 'USERDOMAIN': 'HOLLYBAES-PC', 'INTEL_DEV_REDIST': 'C:\\Program Files (x86)\\Common Files\\Intel\\Shared Libraries\\', 'PSMODULEPATH': 'C:\\Program Files\\WindowsPowerShell\\Modules;C:\\WINDOWS\\system32\\WindowsPowerShell\\v1.0\\Modules', 'COMMONPROGRAMFILES': 'C:\\Program Files\\Common Files', 'PROCESSOR_IDENTIFIER': 'Intel64 Family 6 Model 158 Stepping 10, GenuineIntel', 'PROGRAMFILES': 'C:\\Program Files', 'PROCESSOR_REVISION': '9e0a', 'PATH': 'C:\\Panda3D-1.11.0-x64\\panda3d\\..\\bin;C:\\Program Files (x86)\\Razer\\ChromaBroadcast\\bin;C:\\Program Files\\Razer\\ChromaBroadcast\\bin;C:\\Program Files (x86)\\Common Files\\Intel\\Shared Libraries\\redist\\intel64\\compiler;C:\\Program Files (x86)\\Common Files\\Oracle\\Java\\javapath;C:\\WINDOWS\\system32;C:\\WINDOWS;C:\\WINDOWS\\System32\\Wbem;C:\\WINDOWS\\System32\\WindowsPowerShell\\v1.0\\;C:\\WINDOWS\\System32\\OpenSSH\\;C:\\Program Files (x86)\\NVIDIA Corporation\\PhysX\\Common;C:\\Program Files\\NVIDIA Corporation\\NVIDIA NvDLISR;C:\\WINDOWS\\system32\\config\\systemprofile\\AppData\\Local\\Microsoft\\WindowsApps;C:\\Users\\holla\\AppData\\Local\\Microsoft\\WindowsApps;C:\\Panda3D-1.11.0-x64\\python;C:\\Panda3D-1.11.0-x64\\python\\Scripts;C:\\Panda3D-1.11.0-x64\\bin', 'SYSTEMROOT': 'C:\\WINDOWS', 'MIC_LD_LIBRARY_PATH': 'C:\\Program Files (x86)\\Common Files\\Intel\\Shared Libraries\\compiler\\lib\\mic', 'COMSPEC': 'C:\\WINDOWS\\system32\\cmd.exe', 'DRIVERDATA': 'C:\\Windows\\System32\\Drivers\\DriverData', 'PPYTHON_PATH': '"C:\\Panda3D-1.11.0-x64\\python\\ppython.exe"', 'TEMP': 'C:\\Users\\holla\\AppData\\Local\\Temp', 'COMMONPROGRAMFILES(X86)': 'C:\\Program Files (x86)\\Common Files', 'PROCESSOR_ARCHITECTURE': 'AMD64', 'PROGRAMFILES(X86)': 'C:\\Program Files (x86)', 'ALLUSERSPROFILE': 'C:\\ProgramData', 'LOCALAPPDATA': 'C:\\Users\\holla\\AppData\\Local', 'FPS_BROWSER_USER_PROFILE_STRING': 'Default', 'HOMEPATH': '\\Users\\holla', 'USERDOMAIN_ROAMINGPROFILE': 'HOLLYBAES-PC', 'PROGRAMW6432': 'C:\\Program Files', 'USERNAME': 'holla', 'LOGONSERVER': '\\\\HOLLYBAES-PC', 'PROMPT': '$P$G', 'SESSIONNAME': 'Console', 'PROGRAMDATA': 'C:\\ProgramData', 'ONEDRIVE': 'C:\\Users\\holla\\OneDrive', 'FPS_BROWSER_APP_PROFILE_STRING': 'Internet Explorer', 'PATHEXT': '.COM;.EXE;.BAT;.CMD;.VBS;.VBE;.JS;.JSE;.WSF;.WSH;.MSC', 'TTOFF_LOGIN_TOKEN': 'dev', 'WINDIR': 'C:\\WINDOWS', 'APPDATA': 'C:\\Users\\holla\\AppData\\Roaming', 'HOMEDRIVE': 'C:', 'SYSTEMDRIVE': 'C:', 'NUMBER_OF_PROCESSORS': '12', 'PROCESSOR_LEVEL': '6', 'COMMONPROGRAMW6432': 'C:\\Program Files\\Common Files', 'OS': 'Windows_NT', 'PUBLIC': 'C:\\Users\\Public', 'USERPROFILE': 'C:\\Users\\holla'}
:09-30-2020 18:25:51 TTOffLauncher: isTestServer: 0
:09-30-2020 18:25:51 TTOffLauncher: Game Server 127.0.0.1
:09-30-2020 18:25:51 TTOffLauncher: Starting Toontown Online... 
:09-30-2020 18:25:51 TTOffLauncher: foreground: Launcher now operating in foreground
useTTOffSpecificLogin=True
:09-30-2020 18:25:51 TTOffLauncher: maybeStartGame: starting game
:09-30-2020 18:25:51 TTOffLauncher: Starting Toontown Online...
:09-30-2020 18:25:51 TTOffLauncher: background: Launcher now operating in background
ToontownStart: Polling for game2 to finish...
ToontownStart: Game2 is finished.
ToontownStart: Starting the game.
ToontownStart: setting default font
:09-30-2020 18:25:51 TTOffLauncher: setting panda error code to 7
Known pipe types:
  wglGraphicsPipe
(all display modules loaded.)
:09-30-2020 18:25:52 ToonBase: Default graphics pipe is wglGraphicsPipe (OpenGL).
:09-30-2020 18:25:52 ToonBase: Successfully opened window of type wglGraphicsWindow (OpenGL)
:09-30-2020 18:25:52 ShowBase: __dev__ == False
:09-30-2020 18:25:52 TTOffLauncher: setting panda error code to 11
:09-30-2020 18:25:52 TTOffLauncher: setting panda error code to 0
ToontownStart: Loading default gui sounds
ToontownStart: serverVersion:  tto-dev
:09-30-2020 18:25:52 Loader: starting bulk load of block 'init'
:09-30-2020 18:25:55 :nativenet(error): Buffered_DatagramConnection Constructor rbufsize = 4096000 wbufsize = 4096000 write_flush_point = 1400
:09-30-2020 18:25:55 OTPClientRepository: Using connect method 'http'
:09-30-2020 18:25:57 TTOffLauncher: getRegistry ('DEPLOYMENT', None)
:09-30-2020 18:25:57 TTOffLauncher: checking env
:09-30-2020 18:25:57 TTOffLauncher: getRegistry ('GAME_DEPLOYMENT', None)
:09-30-2020 18:25:57 TTOffLauncher: checking env
:09-30-2020 18:25:57 OTPClientRepository: reg_deployment=
:09-30-2020 18:25:57 OTPClientRepository: required-login auto.
:09-30-2020 18:25:57 OTPClientRepository: loginInterface: LoginTTOffAccount
:09-30-2020 18:25:57 TTOffLauncher: getNeedPwForSecretKey using ttoff-specific-login
:09-30-2020 18:25:57 Loader: At end of block 'init', expected 138, loaded 11, duration=5.181791
:09-30-2020 18:25:57 OTPClientRepository: Connecting to gameserver directly (no proxy).
:09-30-2020 18:25:57 OTPClientRepository: Connecting to //127.0.0.1:7198 via HTTP interface.
:09-30-2020 18:25:57 TTOffLauncher: Stopping mini task manager.
:09-30-2020 18:25:57 OTPClientRepository: Successfully connected to //127.0.0.1:7198.
:09-30-2020 18:25:57 TTOffLauncher: Setting Disconnect Details normal
{401000001: <toontown.distributed.ToontownDistrict.ToontownDistrict instance at 0x0000000019DD2748>}
{401000001: <toontown.distributed.ToontownDistrict.ToontownDistrict instance at 0x0000000019DD2748>}
:09-30-2020 18:26:06 StateData: AvatarChooser.enter
:09-30-2020 18:26:06 DisplayOptions: settingsFullScreen = False, embedded = False width=800 height=600
:09-30-2020 18:26:06 StateData: calling self.displayOptions.restrictToEmbedded(False)
:09-30-2020 18:26:08 OTPClientRepository: ================
:09-30-2020 18:26:08 OTPClientRepository: Chose avatar id: 100000014
:09-30-2020 18:26:08 OTPClientRepository: Chose avatar name: Holland
:09-30-2020 18:26:08 OTPClientRepository: Chose avatar dna: ('css', 'ms', 'm', 'm', 16, 0, 16, 16, 113, 27, 99, 27, 7, 21)
:09-30-2020 18:26:08 OTPClientRepository: Chose avatar position: 5
:09-30-2020 18:26:08 OTPClientRepository: isPaid: 1
:09-30-2020 18:26:08 OTPClientRepository: freeTimeLeft: 0
:09-30-2020 18:26:08 OTPClientRepository: allowSecretChat: True
:09-30-2020 18:26:08 OTPClientRepository: ================
:09-30-2020 18:26:09 Loader: starting bulk load of block 'localAvatarPlayGame'
:09-30-2020 18:26:09 ToontownTimeManager(warning): error parsing date string=
local
:09-30-2020 18:26:10 NewsPageButtonManager(warning): Should not get here. NewsPageButtonManager.exitOff
:09-30-2020 18:26:10 :pnmimage:png(warning): iCCP: known incorrect sRGB profile
:09-30-2020 18:26:13 OTPClientRepository: Entering shard 401000001
:09-30-2020 18:26:13 StreetSign: Street sign url is https://ttoffline.com/images/
:09-30-2020 18:26:14 StreetSign: Street Sign is up to date
:09-30-2020 18:26:14 TimeManager: Clock sync: TimeManager.announceGenerate
:09-30-2020 18:26:14 NewsManager: setHolidayId: Starting Holiday 7
:09-30-2020 18:26:14 InGameNewsMgr: latestIssue=2013-08-22 16:49:46.000003-07:00
cpu info: GenuineIntel|Intel(R) Core(TM) i7-8700K CPU @ 3.70GHz|591594|0|3.696,3.696|6,12 cpus
:09-30-2020 18:26:16 OTPClientRepository: No sync from TimeManager.
:09-30-2020 18:26:16 OTPClientRepository: gotTimeSync
:09-30-2020 18:26:16 Loader: At end of block 'localAvatarPlayGame', expected 400, loaded 21, duration=7.460543
:09-30-2020 18:26:16 TimeManager: Clock sync roundtrip took 2000.635 ms
:09-30-2020 18:26:16 TimeManager: AI time delta is -0:02 from server delta
:09-30-2020 18:26:16 TimeManager: Local clock uncertainty +/- 1.001 s
:09-30-2020 18:26:16 TimeManager: Uncertainty is too high, trying again.
:09-30-2020 18:26:16 PlayGame: QA-REGRESSION: NEIGHBORHOODS: Visit Lawbot HQ
:09-30-2020 18:26:16 Loader: starting bulk load of block 'hood'
:09-30-2020 18:26:18 OTPClientRepository: Sending heartbeat mid-frame.
:09-30-2020 18:26:18 LawbotCogHQLoader: loadPlaceGeom: 13000
:09-30-2020 18:26:19 TimeManager: Clock sync roundtrip took 3068.289 ms
:09-30-2020 18:26:19 TimeManager: AI time delta is -0:03 from server delta
:09-30-2020 18:26:19 ClockDelta: previous delta at 0.513 s, +/- 1.001 s.
:09-30-2020 18:26:19 ClockDelta: new delta at 0.989 s, +/- 1.534 s.
:09-30-2020 18:26:19 ClockDelta: intersection at 0.513 s, +/- 1.001 s.
:09-30-2020 18:26:19 TimeManager: Local clock uncertainty +/- 1.002 s
:09-30-2020 18:26:19 TimeManager: Uncertainty is too high, trying again.
:09-30-2020 18:26:19 DistributedObject: DistributedSuitPlanner 401002972: generating
:09-30-2020 18:26:19 DistributedToon: calling LocalAvatar.startchat
:09-30-2020 18:26:19 :loader(error): Couldn't load file phase_4/models/questmap/cog_hq_lawbot_maps.bam: not found on model path (currently: "/;/d/hollybae/Aly/Toontown-School-House/toontown/launcher;/c/Panda3D-1.11.0-x64/etc/..;/c/Panda3D-1.11.0-x64/etc/../models")
:09-30-2020 18:26:19 Loader: At end of block 'hood', expected 2, loaded 16, duration=3.3192301
:09-30-2020 18:26:19 TimeManager: Clock sync roundtrip took 248.461 ms
:09-30-2020 18:26:19 TimeManager: AI time delta is -0:00 from server delta
:09-30-2020 18:26:19 ClockDelta: previous delta at 0.513 s, +/- 1.002 s.
:09-30-2020 18:26:19 ClockDelta: new delta at -0.319 s, +/- 0.124 s.
:09-30-2020 18:26:19 ClockDelta: intersection at -0.319 s, +/- 0.124 s.
:09-30-2020 18:26:19 TimeManager: Local clock uncertainty +/- 0.124 s
:09-30-2020 18:26:20 TTOffMagicWordManager: God mode enabled for Holland!
:09-30-2020 18:26:21 Teleport(debug): teleportInDone: walk
:09-30-2020 18:26:21 :loader(error): Couldn't load file phase_4/models/questmap/cog_hq_lawbot_maps.bam: not found on model path (currently: "/;/d/hollybae/Aly/Toontown-School-House/toontown/launcher;/c/Panda3D-1.11.0-x64/etc/..;/c/Panda3D-1.11.0-x64/etc/../models")
:09-30-2020 18:26:28 LawbotCogHQLoader: loadPlaceGeom: 13100
:09-30-2020 18:26:28 LawbotCogHQLoader: QA-REGRESSION: COGHQ: Visit LawbotLobby
:09-30-2020 18:26:28 LawbotHQExterior: Unloading Place (13000). Fsm in final
:09-30-2020 18:26:28 DistributedObject: DistributedSuitPlanner 401002972: disabling
:09-30-2020 18:26:28 DistributedToon: calling LocalAvatar.startchat
:09-30-2020 18:26:28 :loader(error): Couldn't load file phase_4/models/questmap/cog_hq_lawbot_maps.bam: not found on model path (currently: "/;/d/hollybae/Aly/Toontown-School-House/toontown/launcher;/c/Panda3D-1.11.0-x64/etc/..;/c/Panda3D-1.11.0-x64/etc/../models")
:09-30-2020 18:26:30 :loader(error): Couldn't load file phase_4/models/questmap/cog_hq_lawbot_maps.bam: not found on model path (currently: "/;/d/hollybae/Aly/Toontown-School-House/toontown/launcher;/c/Panda3D-1.11.0-x64/etc/..;/c/Panda3D-1.11.0-x64/etc/../models")
:09-30-2020 18:26:36 TTOffMagicWordManager: Holland's laff has been set to 5.
:09-30-2020 18:26:38 TTOffMagicWordManager: Gave Holland an infinite amount of pies
:09-30-2020 18:26:41 TTOffMagicWordManager: Run mode has been toggled.
:09-30-2020 18:26:43 LawbotCogHQLoader: loadPlaceGeom: 61000
:09-30-2020 18:26:43 LawbotCogHQLoader(warning): loadPlaceGeom: unclassified zone 61000
:09-30-2020 18:26:43 CogHQLobby: Unloading Place (13100). Fsm in final
:09-30-2020 18:26:44 DistributedLawbotBoss(warning): Not a collision node: LawbotCourtroom3.egg/-PandaNode/CR3/interior/CR3_Floor
:09-30-2020 18:26:44 DistributedToon: calling LocalAvatar.startchat
:09-30-2020 18:26:44 LawbotHQBossBattle(warning): fsm.request('movie') returned 0 (zone id 61000, avatar pos LPoint3f(-0.363562, -126.204, 0.193903)).
:09-30-2020 18:26:46 TTOffMagicWordManager: Restarting Scale Round
:09-30-2020 18:26:51 :linmath(warning): Tried to invert singular LMatrix3.
:09-30-2020 18:27:00 TTOffMagicWordManager: This Magic Word doesn't exist! Did you mean skipmovie?
:09-30-2020 18:27:02 TTOffMagicWordManager: Skipping final round...
:09-30-2020 18:27:12 ClassicFSM(warning): [CogHQBossBattle]: no transition exists from movie to DFA
:09-30-2020 18:27:16 LawbotHQBossBattle(warning): fsm.request('movie') returned 0 (zone id 61000, avatar pos LPoint3f(-29.9683, 18.6252, -0.000306037)).
:09-30-2020 18:27:24 TTOffMagicWordManager: Restarting Scale Round
:09-30-2020 18:27:38 TTOffMagicWordManager: This Magic Word doesn't exist! Did you mean skipmovie?
:09-30-2020 18:27:47 LawbotCogHQLoader: loadPlaceGeom: 13000
:09-30-2020 18:27:47 LawbotHQBossBattle: Unloading Place (61000). Fsm in final
:09-30-2020 18:27:48 DistributedObject: DistributedSuitPlanner 401002972: generating
:09-30-2020 18:27:48 DistributedToon: calling LocalAvatar.startchat
:09-30-2020 18:27:48 :loader(error): Couldn't load file phase_4/models/questmap/cog_hq_lawbot_maps.bam: not found on model path (currently: "/;/d/hollybae/Aly/Toontown-School-House/toontown/launcher;/c/Panda3D-1.11.0-x64/etc/..;/c/Panda3D-1.11.0-x64/etc/../models")
:09-30-2020 18:27:49 Teleport(debug): Hooked TeleportInDone
:09-30-2020 18:27:49 Teleport(debug): teleportInDone: walk
:09-30-2020 18:27:49 :loader(error): Couldn't load file phase_4/models/questmap/cog_hq_lawbot_maps.bam: not found on model path (currently: "/;/d/hollybae/Aly/Toontown-School-House/toontown/launcher;/c/Panda3D-1.11.0-x64/etc/..;/c/Panda3D-1.11.0-x64/etc/../models")
:09-30-2020 18:27:51 TTOffMagicWordManager: Run mode has been toggled.
:09-30-2020 18:27:57 LawbotCogHQLoader: loadPlaceGeom: 13100
:09-30-2020 18:27:57 LawbotCogHQLoader: QA-REGRESSION: COGHQ: Visit LawbotLobby
:09-30-2020 18:27:57 LawbotHQExterior: Unloading Place (13000). Fsm in final
:09-30-2020 18:27:57 DistributedObject: DistributedSuitPlanner 401002972: disabling
:09-30-2020 18:27:57 DistributedToon: calling LocalAvatar.startchat
:09-30-2020 18:27:57 :loader(error): Couldn't load file phase_4/models/questmap/cog_hq_lawbot_maps.bam: not found on model path (currently: "/;/d/hollybae/Aly/Toontown-School-House/toontown/launcher;/c/Panda3D-1.11.0-x64/etc/..;/c/Panda3D-1.11.0-x64/etc/../models")
:09-30-2020 18:27:58 :loader(error): Couldn't load file phase_4/models/questmap/cog_hq_lawbot_maps.bam: not found on model path (currently: "/;/d/hollybae/Aly/Toontown-School-House/toontown/launcher;/c/Panda3D-1.11.0-x64/etc/..;/c/Panda3D-1.11.0-x64/etc/../models")
:09-30-2020 18:28:12 LawbotCogHQLoader: loadPlaceGeom: 61001
:09-30-2020 18:28:12 LawbotCogHQLoader(warning): loadPlaceGeom: unclassified zone 61000
:09-30-2020 18:28:12 CogHQLobby: Unloading Place (13100). Fsm in final
:09-30-2020 18:28:12 DistributedLawbotBoss(warning): Not a collision node: LawbotCourtroom3.egg/-PandaNode/CR3/interior/CR3_Floor
:09-30-2020 18:28:12 DistributedToon: calling LocalAvatar.startchat
:09-30-2020 18:28:12 LawbotHQBossBattle(warning): fsm.request('movie') returned 0 (zone id 61001, avatar pos LPoint3f(-0.363562, -126.204, 0.193903)).
:09-30-2020 18:28:26 LawbotHQBossBattle(warning): fsm.request('movie') returned 0 (zone id 61001, avatar pos LPoint3f(-0.363562, -126.204, 0.193903)).
Battle Event localtoon-battle-event-3
:09-30-2020 18:29:03 TTOffMagicWordManager: This Magic Word doesn't exist! Did you mean skipmovie?
:09-30-2020 18:29:06 TTOffMagicWordManager: Skipping current round...
:09-30-2020 18:29:09 TTOffMagicWordManager: Run mode has been toggled.
:09-30-2020 18:29:40 Actor(warning): called actor.removeNode() on actor without calling cleanup()
:09-30-2020 18:29:40 Actor(warning): called actor.removeNode() on actor without calling cleanup()
:09-30-2020 18:29:40 Actor(warning): called actor.removeNode() on actor without calling cleanup()
:09-30-2020 18:29:40 Actor(warning): called actor.removeNode() on actor without calling cleanup()
:09-30-2020 18:29:40 Actor(warning): called actor.removeNode() on actor without calling cleanup()
:09-30-2020 18:29:40 Actor(warning): called actor.removeNode() on actor without calling cleanup()
:09-30-2020 18:29:40 Actor(warning): called actor.removeNode() on actor without calling cleanup()
:09-30-2020 18:29:40 Actor(warning): called actor.removeNode() on actor without calling cleanup()
:09-30-2020 18:29:40 Actor(warning): called actor.removeNode() on actor without calling cleanup()
:09-30-2020 18:29:40 Actor(warning): called actor.removeNode() on actor without calling cleanup()
:09-30-2020 18:29:40 Actor(warning): called actor.removeNode() on actor without calling cleanup()
:09-30-2020 18:29:40 Actor(warning): called actor.removeNode() on actor without calling cleanup()
:09-30-2020 18:29:40 TTOffMagicWordManager: Restarting Scale Round
:09-30-2020 18:29:48 TTOffMagicWordManager: Going ghost!
:09-30-2020 18:29:51 TTOffMagicWordManager: Ta-da!
:09-30-2020 18:29:52 TTOffMagicWordManager: Alakazam!
:09-30-2020 18:29:59 TTOffMagicWordManager: Gave Holland an infinite amount of pies
:09-30-2020 18:30:04 TTOffMagicWordManager: Presto!
:09-30-2020 18:30:18 TTOffMagicWordManager: Alakazam!
:09-30-2020 18:30:53 GarbageCollect(warning): garbage found, reverting gc threshold
:09-30-2020 18:30:54 TTOffMagicWordManager: Abracadabra!
:09-30-2020 18:31:07 TTOffMagicWordManager: Voila!
frame rate: 171.1 fps|0.002d|14 avs||321|322||0x0000|0x0000|669.6MB|800.4MB|32619.6MB|484|nt.2.6.2|3.696,3.696|6,12 cpus|OpenGL
:09-30-2020 18:31:18 TTOffMagicWordManager: Alakazam!
:09-30-2020 18:31:22 TTOffMagicWordManager: Voila!
:09-30-2020 18:31:41 TTOffMagicWordManager: Abracadabra!
:09-30-2020 18:31:53 TTOffMagicWordManager: Ta-da!
:09-30-2020 18:32:05 TTOffMagicWordManager: Abracadabra!
:09-30-2020 18:32:19 TTOffMagicWordManager: Abracadabra!
:09-30-2020 18:32:31 TTOffMagicWordManager: Alakazam!
:09-30-2020 18:32:41 TTOffMagicWordManager: Abracadabra!
:09-30-2020 18:32:48 TTOffMagicWordManager: Voila!
:09-30-2020 18:33:04 TTOffMagicWordManager: Ta-da!
:09-30-2020 18:33:25 TTOffMagicWordManager: Abracadabra!
:09-30-2020 18:33:35 TTOffMagicWordManager: Presto!
:09-30-2020 18:33:50 TTOffMagicWordManager: Presto!
:09-30-2020 18:33:58 TTOffMagicWordManager: Alakazam!
:09-30-2020 18:34:14 TTOffMagicWordManager: Ta-da!
:09-30-2020 18:34:25 TTOffMagicWordManager: Voila!
:09-30-2020 18:34:43 TTOffMagicWordManager: Ta-da!
:09-30-2020 18:34:50 TTOffMagicWordManager: Ta-da!
:09-30-2020 18:35:00 TTOffMagicWordManager: Alakazam!
:09-30-2020 18:35:21 TTOffMagicWordManager: Voila!
:09-30-2020 18:35:37 TTOffMagicWordManager: Voila!
:09-30-2020 18:36:09 TTOffMagicWordManager: Ta-da!
frame rate: 168.3 fps|0.001d|14 avs||621|622||0x0000|0x0000|702.9MB|833.9MB|32619.6MB|542|nt.2.6.2|3.696,3.696|6,12 cpus|OpenGL
:09-30-2020 18:36:21 TTOffMagicWordManager: Abracadabra!
:09-30-2020 18:36:28 TTOffMagicWordManager: Presto!
:09-30-2020 18:36:44 TTOffMagicWordManager: Abracadabra!
:09-30-2020 18:36:59 TTOffMagicWordManager: Voila!
:09-30-2020 18:37:13 TTOffMagicWordManager: Alakazam!
:09-30-2020 18:37:25 TTOffMagicWordManager: Abracadabra!
:09-30-2020 18:37:36 TTOffMagicWordManager: Presto!
:09-30-2020 18:37:48 TTOffMagicWordManager: Ta-da!
:09-30-2020 18:38:01 TTOffMagicWordManager: Voila!
:09-30-2020 18:38:17 TTOffMagicWordManager: Presto!
:09-30-2020 18:38:33 TTOffMagicWordManager: Voila!
:09-30-2020 18:38:48 TTOffMagicWordManager: Voila!
:09-30-2020 18:39:01 TTOffMagicWordManager: Voila!
:09-30-2020 18:39:15 TTOffMagicWordManager: Ta-da!
:09-30-2020 18:39:22 TTOffMagicWordManager: Abracadabra!
:09-30-2020 18:39:58 TTOffMagicWordManager: Presto!
:09-30-2020 18:40:05 TTOffMagicWordManager: Ta-da!
:09-30-2020 18:40:20 TTOffMagicWordManager: Alakazam!
:09-30-2020 18:40:36 TTOffMagicWordManager: Presto!
:09-30-2020 18:40:51 TTOffMagicWordManager: Alakazam!
