

Starting Toontown Online...
Current time: Mon Dec  2 23:06:06 2019 Eastern Standard Time
sys.path =  ['', 'C:\\Panda3D-1.11.0-x64\\python\\python27.zip', 'C:\\Panda3D-1.11.0-x64', 'C:\\Panda3D-1.11.0-x64\\python\\DLLs', 'C:\\Panda3D-1.11.0-x64\\python\\lib', 'C:\\Panda3D-1.11.0-x64\\python\\lib\\plat-win', 'C:\\Panda3D-1.11.0-x64\\python\\lib\\lib-tk', 'C:\\Panda3D-1.11.0-x64\\python', 'C:\\Panda3D-1.11.0-x64\\bin', 'C:\\Panda3D-1.11.0-x64\\python\\lib\\site-packages']
sys.argv =  ['D:\\hollybae\\Aly\\Toontown-School-House\\toontown\\launcher\\TTOffQuickStartLauncher.py']
generating standard configrc
os.environ =  {'TMP': 'C:\\Users\\holla\\AppData\\Local\\Temp', 'COMPUTERNAME': 'HOLLYBAES-PC', 'USERDOMAIN': 'HOLLYBAES-PC', 'INTEL_DEV_REDIST': 'C:\\Program Files (x86)\\Common Files\\Intel\\Shared Libraries\\', 'PSMODULEPATH': 'C:\\Program Files\\WindowsPowerShell\\Modules;C:\\WINDOWS\\system32\\WindowsPowerShell\\v1.0\\Modules', 'COMMONPROGRAMFILES': 'C:\\Program Files\\Common Files', 'PROCESSOR_IDENTIFIER': 'Intel64 Family 6 Model 158 Stepping 10, GenuineIntel', 'VBOX_MSI_INSTALL_PATH': 'C:\\Program Files\\Oracle\\VirtualBox\\', 'PROGRAMFILES': 'C:\\Program Files', 'PROCESSOR_REVISION': '9e0a', 'PATH': 'C:\\Panda3D-1.11.0-x64\\panda3d\\..\\bin;C:\\Program Files (x86)\\Razer\\ChromaBroadcast\\bin;C:\\Program Files\\Razer\\ChromaBroadcast\\bin;C:\\Program Files (x86)\\Common Files\\Intel\\Shared Libraries\\redist\\intel64_win\\compiler;C:\\Program Files (x86)\\Common Files\\Oracle\\Java\\javapath;C:\\Program Files (x86)\\Common Files\\Intel\\Shared Libraries\\redist\\intel64\\compiler;C:\\WINDOWS\\system32;C:\\WINDOWS;C:\\WINDOWS\\System32\\Wbem;C:\\WINDOWS\\System32\\WindowsPowerShell\\v1.0\\;C:\\WINDOWS\\System32\\OpenSSH\\;C:\\Program Files\\NVIDIA Corporation\\NVIDIA NGX;C:\\Program Files (x86)\\NVIDIA Corporation\\PhysX\\Common;C:\\Program Files\\NVIDIA Corporation\\NVIDIA NvDLISR;C:\\WINDOWS\\system32;C:\\WINDOWS;C:\\WINDOWS\\System32\\Wbem;C:\\WINDOWS\\System32\\WindowsPowerShell\\v1.0\\;C:\\WINDOWS\\System32\\OpenSSH\\;D:\\hollybae\\ffmpeg-4.1.3-win64-static\\ffmpeg-4.1.3-win64-static\\bin;C:\\Program Files\\dotnet\\;C:\\WINDOWS\\system32\\config\\systemprofile\\AppData\\Local\\Microsoft\\WindowsApps;C:\\Users\\holla\\AppData\\Local\\Microsoft\\WindowsApps;C:\\Panda3D-1.10.4.1-x64\\python;C:\\Panda3D-1.10.4.1-x64\\python\\Scripts;C:\\Panda3D-1.10.4.1-x64\\bin;C:\\Panda3D-1.11.0-x64\\python;C:\\Panda3D-1.11.0-x64\\python\\Scripts;C:\\Panda3D-1.11.0-x64\\bin', 'SYSTEMROOT': 'C:\\WINDOWS', 'MIC_LD_LIBRARY_PATH': 'C:\\Program Files (x86)\\Common Files\\Intel\\Shared Libraries\\compiler\\lib\\intel64_win_mic', 'COMSPEC': 'C:\\WINDOWS\\system32\\cmd.exe', 'DRIVERDATA': 'C:\\Windows\\System32\\Drivers\\DriverData', 'PPYTHON_PATH': '"C:\\Panda3D-1.11.0-x64\\python\\ppython.exe"', 'TEMP': 'C:\\Users\\holla\\AppData\\Local\\Temp', 'COMMONPROGRAMFILES(X86)': 'C:\\Program Files (x86)\\Common Files', 'PROCESSOR_ARCHITECTURE': 'AMD64', 'PROGRAMFILES(X86)': 'C:\\Program Files (x86)', 'ALLUSERSPROFILE': 'C:\\ProgramData', 'LOCALAPPDATA': 'C:\\Users\\holla\\AppData\\Local', 'FPS_BROWSER_USER_PROFILE_STRING': 'Default', 'HOMEPATH': '\\Users\\holla', 'USERDOMAIN_ROAMINGPROFILE': 'HOLLYBAES-PC', 'PROGRAMW6432': 'C:\\Program Files', 'USERNAME': 'holla', 'LOGONSERVER': '\\\\HOLLYBAES-PC', 'PROMPT': '$P$G', 'SESSIONNAME': 'Console', 'PROGRAMDATA': 'C:\\ProgramData', 'ONEDRIVE': 'C:\\Users\\holla\\OneDrive', 'FPS_BROWSER_APP_PROFILE_STRING': 'Internet Explorer', 'PATHEXT': '.COM;.EXE;.BAT;.CMD;.VBS;.VBE;.JS;.JSE;.WSF;.WSH;.MSC', 'TTOFF_LOGIN_TOKEN': 'dev', 'WINDIR': 'C:\\WINDOWS', 'APPDATA': 'C:\\Users\\holla\\AppData\\Roaming', 'HOMEDRIVE': 'C:', 'SYSTEMDRIVE': 'C:', 'NUMBER_OF_PROCESSORS': '12', 'PROCESSOR_LEVEL': '6', 'COMMONPROGRAMW6432': 'C:\\Program Files\\Common Files', 'OS': 'Windows_NT', 'PUBLIC': 'C:\\Users\\Public', 'USERPROFILE': 'C:\\Users\\holla'}
:12-02-2019 23:06:06 TTOffLauncher: isTestServer: 0
:12-02-2019 23:06:06 TTOffLauncher: Game Server 127.0.0.1
:12-02-2019 23:06:06 TTOffLauncher: Starting Toontown Online... 
:12-02-2019 23:06:06 TTOffLauncher: foreground: Launcher now operating in foreground
useTTOffSpecificLogin=True
:12-02-2019 23:06:06 TTOffLauncher: maybeStartGame: starting game
:12-02-2019 23:06:06 TTOffLauncher: Starting Toontown Online...
:12-02-2019 23:06:06 TTOffLauncher: background: Launcher now operating in background
ToontownStart: Polling for game2 to finish...
ToontownStart: Game2 is finished.
ToontownStart: Starting the game.
ToontownStart: setting default font
:12-02-2019 23:06:06 TTOffLauncher: setting panda error code to 7
Known pipe types:
  wglGraphicsPipe
(all display modules loaded.)
:12-02-2019 23:06:06 ToonBase: Default graphics pipe is wglGraphicsPipe (OpenGL).
:12-02-2019 23:06:06 ToonBase: Successfully opened window of type wglGraphicsWindow (OpenGL)
:12-02-2019 23:06:06 ShowBase: __dev__ == False
:12-02-2019 23:06:06 TTOffLauncher: setting panda error code to 11
:12-02-2019 23:06:06 TTOffLauncher: setting panda error code to 0
ToontownStart: Loading default gui sounds
ToontownStart: serverVersion:  tto-dev
:12-02-2019 23:06:06 Loader: starting bulk load of block 'init'
:12-02-2019 23:06:07 :nativenet(error): Buffered_DatagramConnection Constructor rbufsize = 4096000 wbufsize = 4096000 write_flush_point = 1400
:12-02-2019 23:06:07 OTPClientRepository: Using connect method 'http'
:12-02-2019 23:06:08 TTOffLauncher: getRegistry ('DEPLOYMENT', None)
:12-02-2019 23:06:08 TTOffLauncher: checking env
:12-02-2019 23:06:08 TTOffLauncher: getRegistry ('GAME_DEPLOYMENT', None)
:12-02-2019 23:06:08 TTOffLauncher: checking env
:12-02-2019 23:06:08 OTPClientRepository: reg_deployment=
:12-02-2019 23:06:08 OTPClientRepository: required-login auto.
:12-02-2019 23:06:08 OTPClientRepository: loginInterface: LoginTTOffAccount
:12-02-2019 23:06:08 TTOffLauncher: getNeedPwForSecretKey using ttoff-specific-login
:12-02-2019 23:06:08 Loader: At end of block 'init', expected 138, loaded 6, duration=1.3248266
:12-02-2019 23:06:08 OTPClientRepository: Connecting to gameserver directly (no proxy).
:12-02-2019 23:06:08 OTPClientRepository: Connecting to //127.0.0.1:7198 via HTTP interface.
:12-02-2019 23:06:08 TTOffLauncher: Stopping mini task manager.
:12-02-2019 23:06:08 OTPClientRepository: Successfully connected to //127.0.0.1:7198.
:12-02-2019 23:06:08 TTOffLauncher: Setting Disconnect Details normal
{401000001: <toontown.distributed.ToontownDistrict.ToontownDistrict instance at 0x000000001C05E3C8>}
:12-02-2019 23:06:10 StateData: AvatarChooser.enter
:12-02-2019 23:06:10 DisplayOptions: settingsFullScreen = False, embedded = False width=800 height=600
:12-02-2019 23:06:10 StateData: calling self.displayOptions.restrictToEmbedded(False)
:12-02-2019 23:06:11 OTPClientRepository: ================
:12-02-2019 23:06:11 OTPClientRepository: Chose avatar id: 100000014
:12-02-2019 23:06:11 OTPClientRepository: Chose avatar name: michelle will u marry me
:12-02-2019 23:06:11 OTPClientRepository: Chose avatar dna: ('css', 'ms', 'm', 'm', 16, 0, 16, 16, 113, 27, 18, 27, 7, 21)
:12-02-2019 23:06:11 OTPClientRepository: Chose avatar position: 5
:12-02-2019 23:06:11 OTPClientRepository: isPaid: 1
:12-02-2019 23:06:11 OTPClientRepository: freeTimeLeft: 0
:12-02-2019 23:06:11 OTPClientRepository: allowSecretChat: True
:12-02-2019 23:06:11 OTPClientRepository: ================
:12-02-2019 23:06:11 Loader: starting bulk load of block 'localAvatarPlayGame'
:12-02-2019 23:06:11 ToontownTimeManager(warning): error parsing date string=
local
:12-02-2019 23:06:11 NewsPageButtonManager(warning): Should not get here. NewsPageButtonManager.exitOff
:12-02-2019 23:06:11 :pnmimage:png(warning): iCCP: known incorrect sRGB profile
:12-02-2019 23:06:12 OTPClientRepository: Entering shard 401000001
:12-02-2019 23:06:12 StreetSign: Street sign url is https://ttoffline.com/images/
:12-02-2019 23:06:14 StreetSign: Street Sign is up to date
:12-02-2019 23:06:14 TimeManager: Clock sync: TimeManager.announceGenerate
:12-02-2019 23:06:14 NewsManager: setHolidayId: Starting Holiday 14
:12-02-2019 23:06:14 InGameNewsMgr: latestIssue=2013-08-22 16:49:46.000003-07:00
cpu info: GenuineIntel|Intel(R) Core(TM) i7-8700K CPU @ 3.70GHz|591594|0|3.701,3.701|6,12 cpus
:12-02-2019 23:06:15 OTPClientRepository: No sync from TimeManager.
:12-02-2019 23:06:15 OTPClientRepository: gotTimeSync
:12-02-2019 23:06:15 Loader: At end of block 'localAvatarPlayGame', expected 400, loaded 7, duration=3.7827078
:12-02-2019 23:06:15 TimeManager: Clock sync roundtrip took 1062.007 ms
:12-02-2019 23:06:15 TimeManager: AI time delta is -0:01 from server delta
:12-02-2019 23:06:15 TimeManager: Local clock uncertainty +/- 0.531 s
:12-02-2019 23:06:15 TimeManager: Clock sync roundtrip took 1062.932 ms
:12-02-2019 23:06:15 TimeManager: AI time delta is -0:01 from server delta
:12-02-2019 23:06:15 ClockDelta: previous delta at -2.059 s, +/- 0.531 s.
:12-02-2019 23:06:15 ClockDelta: new delta at -0.988 s, +/- 0.531 s.
:12-02-2019 23:06:15 ClockDelta: discarding previous delta.
:12-02-2019 23:06:15 TimeManager: Local clock uncertainty +/- 0.532 s
:12-02-2019 23:06:15 QuietZoneState: Requesting AI redirect from zone 22000.
:12-02-2019 23:06:15 QuietZoneState: Redirecting to zone 22000.
:12-02-2019 23:06:15 PlayGame: QA-REGRESSION: NEIGHBORHOODS: Visit Toontown Central
:12-02-2019 23:06:15 Loader: starting bulk load of block 'hood'
:12-02-2019 23:06:15 WelcomeValleyManager(warning): Got unexpected context from AI: 0
:12-02-2019 23:06:15 DistributedObject(warning): no loader.getInteractiveProp self.interactiveProp is None
:12-02-2019 23:06:15 DistributedObject(warning): no loader.getInteractiveProp self.interactiveProp is None
:12-02-2019 23:06:15 DistributedObject(warning): no loader.getInteractiveProp self.interactiveProp is None
:12-02-2019 23:06:15 DistributedObject(warning): no loader.getInteractiveProp self.interactiveProp is None
:12-02-2019 23:06:15 DistributedObject(warning): no loader.getInteractiveProp self.interactiveProp is None
:12-02-2019 23:06:15 DistributedToon: calling LocalAvatar.startchat
:12-02-2019 23:06:16 Loader: At end of block 'hood', expected 8, loaded 4, duration=0.8487938
:12-02-2019 23:06:16 OTPClientRepository(warning): Server is booting us out (153): The session object with id 100000014 has been unexpectedly deleted.
:12-02-2019 23:06:16 OTPClientRepository(warning): Lost connection to gameserver.
:12-02-2019 23:06:16 Playground: Unloading Place (22000). Fsm in final
:12-02-2019 23:06:16 OTPClientRepository(warning): unclean exit, abandoning shard
ignoring InputState-forward
:12-02-2019 23:06:16 OTPClientRepository: sending clientLogout
:12-02-2019 23:06:16 LocalAvatar(warning): redundant call to stopUpdateSmartCamera
:12-02-2019 23:06:16 TTOffLauncher: New Disconnect Details: 153 - The district you were playing on has been reset.  Everyone who was playing on that district has been disconnected.  However, you should be able to connect again and go right back into the game. 
:12-02-2019 23:06:16 OTPClientRepository(warning): Lost connection to server. Notifying user.
:12-02-2019 23:06:16 :downloader(warning): Windows error code: 0
:12-02-2019 23:06:16 OTPClientRepository(warning): Lost connection to gameserver.
:12-02-2019 23:06:19 OTPClientRepository: Connecting to gameserver directly (no proxy).
:12-02-2019 23:06:19 OTPClientRepository: Connecting to //127.0.0.1:7198 via HTTP interface.
:12-02-2019 23:06:19 OTPClientRepository: Successfully connected to //127.0.0.1:7198.
:12-02-2019 23:06:19 TTOffLauncher: Setting Disconnect Details normal
{401000001: <toontown.distributed.ToontownDistrict.ToontownDistrict instance at 0x000000001C384208>}
{401000001: <toontown.distributed.ToontownDistrict.ToontownDistrict instance at 0x000000001C384208>}
