

Starting Toontown Online...
Current time: Thu Mar 26 02:58:56 2020 Eastern Standard Time
sys.path =  ['', 'C:\\Panda3D-1.11.0-x64\\python\\python27.zip', 'C:\\Panda3D-1.11.0-x64', 'C:\\Panda3D-1.11.0-x64\\python\\DLLs', 'C:\\Panda3D-1.11.0-x64\\python\\lib', 'C:\\Panda3D-1.11.0-x64\\python\\lib\\plat-win', 'C:\\Panda3D-1.11.0-x64\\python\\lib\\lib-tk', 'C:\\Panda3D-1.11.0-x64\\python', 'C:\\Panda3D-1.11.0-x64\\bin', 'C:\\Panda3D-1.11.0-x64\\python\\lib\\site-packages']
sys.argv =  ['D:\\hollybae\\Aly\\Toontown-School-House\\toontown\\launcher\\TTOffQuickStartLauncher.py']
generating standard configrc
os.environ =  {'TMP': 'C:\\Users\\holla\\AppData\\Local\\Temp', 'COMPUTERNAME': 'HOLLYBAES-PC', 'USERDOMAIN': 'HOLLYBAES-PC', 'INTEL_DEV_REDIST': 'C:\\Program Files (x86)\\Common Files\\Intel\\Shared Libraries\\', 'PSMODULEPATH': 'C:\\Program Files\\WindowsPowerShell\\Modules;C:\\WINDOWS\\system32\\WindowsPowerShell\\v1.0\\Modules', 'COMMONPROGRAMFILES': 'C:\\Program Files\\Common Files', 'PROCESSOR_IDENTIFIER': 'Intel64 Family 6 Model 158 Stepping 10, GenuineIntel', 'VBOX_MSI_INSTALL_PATH': 'C:\\Program Files\\Oracle\\VirtualBox\\', 'PROGRAMFILES': 'C:\\Program Files', 'PROCESSOR_REVISION': '9e0a', 'PATH': 'C:\\Panda3D-1.11.0-x64\\panda3d\\..\\bin;C:\\Program Files (x86)\\Razer\\ChromaBroadcast\\bin;C:\\Program Files\\Razer\\ChromaBroadcast\\bin;C:\\Program Files (x86)\\Common Files\\Intel\\Shared Libraries\\redist\\intel64_win\\compiler;C:\\Program Files (x86)\\Common Files\\Oracle\\Java\\javapath;C:\\Program Files (x86)\\Common Files\\Intel\\Shared Libraries\\redist\\intel64\\compiler;C:\\WINDOWS\\system32;C:\\WINDOWS;C:\\WINDOWS\\System32\\Wbem;C:\\WINDOWS\\System32\\WindowsPowerShell\\v1.0\\;C:\\WINDOWS\\System32\\OpenSSH\\;C:\\Program Files\\NVIDIA Corporation\\NVIDIA NGX;C:\\Program Files (x86)\\NVIDIA Corporation\\PhysX\\Common;C:\\Program Files\\NVIDIA Corporation\\NVIDIA NvDLISR;C:\\WINDOWS\\system32;C:\\WINDOWS;C:\\WINDOWS\\System32\\Wbem;C:\\WINDOWS\\System32\\WindowsPowerShell\\v1.0\\;C:\\WINDOWS\\System32\\OpenSSH\\;D:\\hollybae\\ffmpeg-4.1.3-win64-static\\ffmpeg-4.1.3-win64-static\\bin;C:\\Program Files\\dotnet\\;C:\\WINDOWS\\system32\\config\\systemprofile\\AppData\\Local\\Microsoft\\WindowsApps;C:\\Program Files (x86)\\QuickTime\\QTSystem\\;C:\\Users\\holla\\AppData\\Local\\Microsoft\\WindowsApps;C:\\Panda3D-1.10.4.1-x64\\python;C:\\Panda3D-1.10.4.1-x64\\python\\Scripts;C:\\Panda3D-1.10.4.1-x64\\bin;C:\\Panda3D-1.11.0-x64\\python;C:\\Panda3D-1.11.0-x64\\python\\Scripts;C:\\Panda3D-1.11.0-x64\\bin', 'SYSTEMROOT': 'C:\\WINDOWS', 'MIC_LD_LIBRARY_PATH': 'C:\\Program Files (x86)\\Common Files\\Intel\\Shared Libraries\\compiler\\lib\\intel64_win_mic', 'COMSPEC': 'C:\\WINDOWS\\system32\\cmd.exe', 'DRIVERDATA': 'C:\\Windows\\System32\\Drivers\\DriverData', 'PPYTHON_PATH': '"C:\\Panda3D-1.11.0-x64\\python\\ppython.exe"', 'TEMP': 'C:\\Users\\holla\\AppData\\Local\\Temp', 'COMMONPROGRAMFILES(X86)': 'C:\\Program Files (x86)\\Common Files', 'PROCESSOR_ARCHITECTURE': 'AMD64', 'PROGRAMFILES(X86)': 'C:\\Program Files (x86)', 'ALLUSERSPROFILE': 'C:\\ProgramData', 'LOCALAPPDATA': 'C:\\Users\\holla\\AppData\\Local', 'FPS_BROWSER_USER_PROFILE_STRING': 'Default', 'HOMEPATH': '\\Users\\holla', 'USERDOMAIN_ROAMINGPROFILE': 'HOLLYBAES-PC', 'PROGRAMW6432': 'C:\\Program Files', 'USERNAME': 'holla', 'LOGONSERVER': '\\\\HOLLYBAES-PC', 'PROMPT': '$P$G', 'SESSIONNAME': 'Console', 'PROGRAMDATA': 'C:\\ProgramData', 'ONEDRIVE': 'C:\\Users\\holla\\OneDrive - University of Guelph', 'FPS_BROWSER_APP_PROFILE_STRING': 'Internet Explorer', 'PATHEXT': '.COM;.EXE;.BAT;.CMD;.VBS;.VBE;.JS;.JSE;.WSF;.WSH;.MSC', 'TTOFF_LOGIN_TOKEN': 'dev', 'ONEDRIVECOMMERCIAL': 'C:\\Users\\holla\\OneDrive - University of Guelph', 'WINDIR': 'C:\\WINDOWS', 'APPDATA': 'C:\\Users\\holla\\AppData\\Roaming', 'HOMEDRIVE': 'C:', 'SYSTEMDRIVE': 'C:', 'NUMBER_OF_PROCESSORS': '12', 'PROCESSOR_LEVEL': '6', 'RG_GPU_FRAMEWORK_ENGINE_RESOURCEDIR': 'C:\\Program Files\\Red Giant\\RGFX', 'COMMONPROGRAMW6432': 'C:\\Program Files\\Common Files', 'OS': 'Windows_NT', 'PUBLIC': 'C:\\Users\\Public', 'USERPROFILE': 'C:\\Users\\holla'}
:03-26-2020 02:58:56 TTOffLauncher: isTestServer: 0
:03-26-2020 02:58:56 TTOffLauncher: Game Server 127.0.0.1
:03-26-2020 02:58:56 TTOffLauncher: Starting Toontown Online... 
:03-26-2020 02:58:56 TTOffLauncher: foreground: Launcher now operating in foreground
useTTOffSpecificLogin=True
:03-26-2020 02:58:56 TTOffLauncher: maybeStartGame: starting game
:03-26-2020 02:58:56 TTOffLauncher: Starting Toontown Online...
:03-26-2020 02:58:56 TTOffLauncher: background: Launcher now operating in background
ToontownStart: Polling for game2 to finish...
ToontownStart: Game2 is finished.
ToontownStart: Starting the game.
ToontownStart: setting default font
:03-26-2020 02:58:56 TTOffLauncher: setting panda error code to 7
Known pipe types:
  wglGraphicsPipe
(all display modules loaded.)
:03-26-2020 02:58:57 ToonBase: Default graphics pipe is wglGraphicsPipe (OpenGL).
:03-26-2020 02:58:57 ToonBase: Successfully opened window of type wglGraphicsWindow (OpenGL)
:03-26-2020 02:58:57 ShowBase: __dev__ == False
:03-26-2020 02:58:57 TTOffLauncher: setting panda error code to 11
:03-26-2020 02:58:57 TTOffLauncher: setting panda error code to 0
ToontownStart: Loading default gui sounds
ToontownStart: serverVersion:  tto-dev
:03-26-2020 02:58:57 Loader: starting bulk load of block 'init'
:03-26-2020 02:58:57 :nativenet(error): Buffered_DatagramConnection Constructor rbufsize = 4096000 wbufsize = 4096000 write_flush_point = 1400
:03-26-2020 02:58:57 OTPClientRepository: Using connect method 'http'
:03-26-2020 02:58:58 TTOffLauncher: getRegistry ('DEPLOYMENT', None)
:03-26-2020 02:58:58 TTOffLauncher: checking env
:03-26-2020 02:58:58 TTOffLauncher: getRegistry ('GAME_DEPLOYMENT', None)
:03-26-2020 02:58:58 TTOffLauncher: checking env
:03-26-2020 02:58:58 OTPClientRepository: reg_deployment=
:03-26-2020 02:58:58 OTPClientRepository: required-login auto.
:03-26-2020 02:58:58 OTPClientRepository: loginInterface: LoginTTOffAccount
:03-26-2020 02:58:58 TTOffLauncher: getNeedPwForSecretKey using ttoff-specific-login
:03-26-2020 02:58:58 Loader: At end of block 'init', expected 138, loaded 4, duration=0.9770211
:03-26-2020 02:58:58 OTPClientRepository: Connecting to gameserver directly (no proxy).
:03-26-2020 02:58:58 OTPClientRepository: Connecting to //127.0.0.1:7198 via HTTP interface.
:03-26-2020 02:58:58 TTOffLauncher: Stopping mini task manager.
:03-26-2020 02:58:58 OTPClientRepository: Successfully connected to //127.0.0.1:7198.
:03-26-2020 02:58:58 TTOffLauncher: Setting Disconnect Details normal
{401000001: <toontown.distributed.ToontownDistrict.ToontownDistrict instance at 0x000000001C7BC748>}
:03-26-2020 02:58:59 StateData: AvatarChooser.enter
:03-26-2020 02:58:59 DisplayOptions: settingsFullScreen = False, embedded = False width=800 height=600
:03-26-2020 02:58:59 StateData: calling self.displayOptions.restrictToEmbedded(False)
:03-26-2020 02:59:05 OTPClientRepository: ================
:03-26-2020 02:59:05 OTPClientRepository: Chose avatar id: 100000014
:03-26-2020 02:59:05 OTPClientRepository: Chose avatar name: Hollybae
:03-26-2020 02:59:05 OTPClientRepository: Chose avatar dna: ('css', 'ms', 'm', 'm', 16, 0, 16, 16, 113, 27, 18, 27, 7, 21)
:03-26-2020 02:59:05 OTPClientRepository: Chose avatar position: 5
:03-26-2020 02:59:05 OTPClientRepository: isPaid: 1
:03-26-2020 02:59:05 OTPClientRepository: freeTimeLeft: 0
:03-26-2020 02:59:05 OTPClientRepository: allowSecretChat: True
:03-26-2020 02:59:05 OTPClientRepository: ================
:03-26-2020 02:59:05 Loader: starting bulk load of block 'localAvatarPlayGame'
:03-26-2020 02:59:05 ToontownTimeManager(warning): error parsing date string=
local
:03-26-2020 02:59:05 NewsPageButtonManager(warning): Should not get here. NewsPageButtonManager.exitOff
:03-26-2020 02:59:05 :pnmimage:png(warning): iCCP: known incorrect sRGB profile
:03-26-2020 02:59:06 OTPClientRepository: Entering shard 401000001
:03-26-2020 02:59:06 StreetSign: Street sign url is https://ttoffline.com/images/
:03-26-2020 02:59:08 StreetSign: Street Sign is up to date
:03-26-2020 02:59:08 TimeManager: Clock sync: TimeManager.announceGenerate
:03-26-2020 02:59:08 NewsManager: setHolidayId: Starting Holiday 7
:03-26-2020 02:59:08 InGameNewsMgr: latestIssue=2013-08-22 16:49:46.000003-07:00
cpu info: GenuineIntel|Intel(R) Core(TM) i7-8700K CPU @ 3.70GHz|591594|0|3.701,3.701|6,12 cpus
:03-26-2020 02:59:09 OTPClientRepository: No sync from TimeManager.
:03-26-2020 02:59:09 OTPClientRepository: gotTimeSync
:03-26-2020 02:59:09 Loader: At end of block 'localAvatarPlayGame', expected 400, loaded 8, duration=4.1091302
:03-26-2020 02:59:09 OTPClientRepository: Sending heartbeat mid-frame.
:03-26-2020 02:59:09 TimeManager: Clock sync roundtrip took 1097.931 ms
:03-26-2020 02:59:09 TimeManager: AI time delta is -0:01 from server delta
:03-26-2020 02:59:09 TimeManager: Local clock uncertainty +/- 0.549 s
:03-26-2020 02:59:09 PlayGame: QA-REGRESSION: NEIGHBORHOODS: Visit Lawbot HQ
:03-26-2020 02:59:09 Loader: starting bulk load of block 'hood'
:03-26-2020 02:59:09 LawbotCogHQLoader: loadPlaceGeom: 13000
:03-26-2020 02:59:10 DistributedObject: DistributedSuitPlanner 401002972: generating
:03-26-2020 02:59:10 DistributedToon: calling LocalAvatar.startchat
:03-26-2020 02:59:10 :loader(error): Couldn't load file phase_4/models/questmap/cog_hq_lawbot_maps.bam: not found on model path (currently: "/;/d/hollybae/Aly/Toontown-School-House/toontown/launcher;/c/Panda3D-1.11.0-x64/etc/..;/c/Panda3D-1.11.0-x64/etc/../models")
:03-26-2020 02:59:10 Loader: At end of block 'hood', expected 2, loaded 3, duration=0.7945539
:03-26-2020 02:59:11 Teleport(debug): teleportInDone: walk
:03-26-2020 02:59:11 :loader(error): Couldn't load file phase_4/models/questmap/cog_hq_lawbot_maps.bam: not found on model path (currently: "/;/d/hollybae/Aly/Toontown-School-House/toontown/launcher;/c/Panda3D-1.11.0-x64/etc/..;/c/Panda3D-1.11.0-x64/etc/../models")
:03-26-2020 02:59:12 TTOffMagicWordManager: Run mode has been toggled.
:03-26-2020 02:59:17 LawbotCogHQLoader: loadPlaceGeom: 13100
:03-26-2020 02:59:17 LawbotCogHQLoader: QA-REGRESSION: COGHQ: Visit LawbotLobby
:03-26-2020 02:59:17 LawbotHQExterior: Unloading Place (13000). Fsm in final
:03-26-2020 02:59:17 DistributedObject: DistributedSuitPlanner 401002972: disabling
:03-26-2020 02:59:17 DistributedToon: calling LocalAvatar.startchat
:03-26-2020 02:59:17 :loader(error): Couldn't load file phase_4/models/questmap/cog_hq_lawbot_maps.bam: not found on model path (currently: "/;/d/hollybae/Aly/Toontown-School-House/toontown/launcher;/c/Panda3D-1.11.0-x64/etc/..;/c/Panda3D-1.11.0-x64/etc/../models")
:03-26-2020 02:59:18 :loader(error): Couldn't load file phase_4/models/questmap/cog_hq_lawbot_maps.bam: not found on model path (currently: "/;/d/hollybae/Aly/Toontown-School-House/toontown/launcher;/c/Panda3D-1.11.0-x64/etc/..;/c/Panda3D-1.11.0-x64/etc/../models")
:03-26-2020 02:59:26 TTOffMagicWordManager: Run mode has been toggled.
:03-26-2020 02:59:28 TTOffMagicWordManager: Gave Hollybae an infinite amount of pies
:03-26-2020 02:59:29 TTOffMagicWordManager: Abracadabra!
:03-26-2020 02:59:31 LawbotCogHQLoader: loadPlaceGeom: 61000
:03-26-2020 02:59:31 LawbotCogHQLoader(warning): loadPlaceGeom: unclassified zone 61000
:03-26-2020 02:59:31 CogHQLobby: Unloading Place (13100). Fsm in final
:03-26-2020 02:59:31 DistributedLawbotBoss(warning): Not a collision node: LawbotCourtroom3.egg/-PandaNode/CR3/interior/CR3_Floor
:03-26-2020 02:59:31 DistributedToon: calling LocalAvatar.startchat
:03-26-2020 02:59:31 LawbotHQBossBattle(warning): fsm.request('movie') returned 0 (zone id 61000, avatar pos LPoint3f(-0.363562, -126.204, 0.193903)).
:03-26-2020 02:59:33 TTOffMagicWordManager: Restarting Scale Round
:03-26-2020 02:59:34 :linmath(warning): Tried to invert singular LMatrix3.
:03-26-2020 02:59:36 LawbotHQBossBattle(warning): fsm.request('finalBattle') returned 0 (zone id 61000, avatar pos LPoint3f(-12.4426, 13.2446, 0)).
:03-26-2020 02:59:36 TTOffMagicWordManager: Restarting Scale Round
:03-26-2020 02:59:43 LawbotHQBossBattle(warning): fsm.request('finalBattle') returned 0 (zone id 61000, avatar pos LPoint3f(-48.6328, 15.2723, 0)).
:03-26-2020 02:59:43 TTOffMagicWordManager: Restarting Scale Round
:03-26-2020 02:59:47 LawbotHQBossBattle(warning): fsm.request('finalBattle') returned 0 (zone id 61000, avatar pos LPoint3f(-34.5394, 9.77499, 0)).
:03-26-2020 02:59:47 TTOffMagicWordManager: Restarting Scale Round
:03-26-2020 03:00:00 NewsManager: setHolidayId: Ending Holiday 7
adding timeout task
adding timeout task
:03-26-2020 03:03:57 GarbageCollect(warning): garbage found, reverting gc threshold
frame rate: 233.9 fps|0.001d|13 avs||309|310||0x0000|0x0000|975.6MB|1080.7MB|16235.6MB|545|nt.2.6.2|3.701,3.701|6,12 cpus|OpenGL
